<TextCorrectedBlock pageOID="AL19010705.1.2" blockID="P2_CB00011" userID="[redacted]">
  <TextCorrectedLine lineID="P2_TL00875">
    <OldTextValue>difference in the Ati&amp;ATI</OldTextValue>
    <NewTextValue>difference in the</NewTextValue>
  </TextCorrectedLine>
</TextCorrectedBlock>
<TextCorrectedBlock pageOID="AL19010705.1.1" blockID="P1_CB00001" userID="[redacted]">
  <TextCorrectedLine lineID="P1_TL01082">
    <OldTextValue>"i MISCELLANEOUS.' ~" r</OldTextValue>
    <NewTextValue>MISCELLANEOUS.</NewTextValue>
  </TextCorrectedLine>
  <TextCorrectedLine lineID="P1_TL01083">
    <OldTextValue>HKIIF AMADOR COUNTY</OldTextValue>
    <NewTextValue>BANK OF AMADOR COUNTY</NewTextValue>
  </TextCorrectedLine>
  <TextCorrectedLine lineID="P1_TL01084">
    <OldTextValue>Incorporated November, 1895. -"'"' ;: .</OldTextValue>
    <NewTextValue>Incorporated November, 1895.</NewTextValue>
  </TextCorrectedLine>
  <TextCorrectedLine lineID="P1_TL01085">
    <OldTextValue>Capital Stock -- $50,000 ;-</OldTextValue>
    <NewTextValue>Capital Stock -- $50,000</NewTextValue>
  </TextCorrectedLine>
  <TextCorrectedLine lineID="P1_TL01086">
    <OldTextValue>President - - -... - ■ Henry Eudey</OldTextValue>
    <NewTextValue>President  -   -   -  -   Henry Eudey</NewTextValue>
  </TextCorrectedLine>
  <TextCorrectedLine lineID="P1_TL01087">
    <OldTextValue>Vice-President - .-'.-• - S, O. Spagnoli</OldTextValue>
    <NewTextValue>Vice-President - - - - S, G. Spagnoli</NewTextValue>
  </TextCorrectedLine>
  <TextCorrectedLine lineID="P1_TL01088">
    <OldTextValue>Secretary and Cashier • - Frederick Eudey</OldTextValue>
    <NewTextValue>Secretary and Cashier  -  -  Frederick Eudey</NewTextValue>
  </TextCorrectedLine>
  <TextCorrectedLine lineID="P1_TL01089">
    <OldTextValue>V . ■; . board or directors': .'., • '.-</OldTextValue>
    <NewTextValue>board or directors:</NewTextValue>
  </TextCorrectedLine>
</TextCorrectedBlock>
<TextCorrectedBlock pageOID="AL19010705.1.1" blockID="P1_TB00115" userID="[redacted]">
  <TextCorrectedLine lineID="P1_TL01036">
    <OldTextValue>be very apt to s;\itiS into the station of</OldTextValue>
    <NewTextValue>be very apt to glide into the station of</NewTextValue>
  </TextCorrectedLine>
  <TextCorrectedLine lineID="P1_TL01037">
    <OldTextValue>success. You may be sidetracked ou</OldTextValue>
    <NewTextValue>success. You may be sidetracked on</NewTextValue>
  </TextCorrectedLine>
  <TextCorrectedLine lineID="P1_TL01038">
    <OldTextValue>the road sometimes/buf you" will event-</OldTextValue>
    <NewTextValue>the road sometimes but you will event-</NewTextValue>
  </TextCorrectedLine>
</TextCorrectedBlock>
<TextCorrectedBlock pageOID="AL19010705.1.1" blockID="P1_TB00107" userID="[redacted]">
  <TextCorrectedLine lineID="P1_TL00833">
    <OldTextValue>. " ' ; FRESNO. • .Si</OldTextValue>
    <NewTextValue>FRESNO.</NewTextValue>
  </TextCorrectedLine>
  <TextCorrectedLine lineID="P1_TL00834">
    <OldTextValue>Theodore Kearney, president- of the</OldTextValue>
    <NewTextValue>Theodore Kearney, president of the</NewTextValue>
  </TextCorrectedLine>
  <TextCorrectedLine lineID="P1_TL00836">
    <OldTextValue>speakingof the proposition made to the</OldTextValue>
    <NewTextValue>speaking of the proposition made to the</NewTextValue>
  </TextCorrectedLine>
  <TextCorrectedLine lineID="P1_TL00837">
    <OldTextValue>'packers to take the surplus of 700 car-</OldTextValue>
    <NewTextValue>packers to take the surplus of 700 car-</NewTextValue>
  </TextCorrectedLine>
  <TextCorrectedLine lineID="P1_TL00838">
    <OldTextValue>loads of raisins off the bands of the</OldTextValue>
    <NewTextValue>loads of raisins off the hands of the</NewTextValue>
  </TextCorrectedLine>
  <TextCorrectedLine lineID="P1_TL00845">
    <OldTextValue>disposal of the surplus raisins. . The</OldTextValue>
    <NewTextValue>disposal of the surplus raisins.   The</NewTextValue>
  </TextCorrectedLine>
  <TextCorrectedLine lineID="P1_TL00849">
    <OldTextValue>.' inyo. . i, '</OldTextValue>
    <NewTextValue>Inyo.</NewTextValue>
  </TextCorrectedLine>
  <TextCorrectedLine lineID="P1_TL00855">
    <OldTextValue>again at present. : .</OldTextValue>
    <NewTextValue>again at present.</NewTextValue>
  </TextCorrectedLine>
</TextCorrectedBlock>
<TextCorrectedBlock pageOID="AL19010705.1.1" blockID="P1_TB00033" userID="[redacted]">
  <TextCorrectedLine lineID="P1_TL00254">
    <OldTextValue>shown to ■ Mrs. Lambert, and after</OldTextValue>
    <NewTextValue>shown to Mrs. Lambert, and after</NewTextValue>
  </TextCorrectedLine>
  <TextCorrectedLine lineID="P1_TL00259">
    <OldTextValue>forgery.", : V :&gt;:</OldTextValue>
    <NewTextValue>forgery."</NewTextValue>
  </TextCorrectedLine>
</TextCorrectedBlock>
<TextCorrectedBlock pageOID="AL19010705.1.1" blockID="P1_TB00081" userID="[redacted]">
  <TextCorrectedLine lineID="P1_TL00649">
    <OldTextValue>lies, who fled to the mountains- with a</OldTextValue>
    <NewTextValue>lies, who fled to the mountains with a</NewTextValue>
  </TextCorrectedLine>
  <TextCorrectedLine lineID="P1_TL00654">
    <OldTextValue>ings of surrender were orderly.'</OldTextValue>
    <NewTextValue>ings of surrender were orderly.</NewTextValue>
  </TextCorrectedLine>
</TextCorrectedBlock>
<TextCorrectedBlock pageOID="AL19010705.1.1" blockID="P1_TB00080" userID="[redacted]">
  <TextCorrectedLine lineID="P1_TL00630">
    <OldTextValue>. The War Department has made pub-</OldTextValue>
    <NewTextValue>The War Department has made pub-</NewTextValue>
  </TextCorrectedLine>
  <TextCorrectedLine lineID="P1_TL00631">
    <OldTextValue>lic an order, issued by General .Mac A-</OldTextValue>
    <NewTextValue>lic an order, issued by General  MacAr-</NewTextValue>
  </TextCorrectedLine>
</TextCorrectedBlock>
<TextCorrectedBlock pageOID="AL19010705.1.1" blockID="P1_TB00047" userID="[redacted]">
  <TextCorrectedLine lineID="P1_TL00377">
    <OldTextValue>! Three persons were killed and several</OldTextValue>
    <NewTextValue>Three persons were killed and several</NewTextValue>
  </TextCorrectedLine>
  <TextCorrectedLine lineID="P1_TL00379">
    <OldTextValue>electric storm . which recently passed</OldTextValue>
    <NewTextValue>electric storm   which recently passed</NewTextValue>
  </TextCorrectedLine>
  <TextCorrectedLine lineID="P1_TL00381">
    <OldTextValue>probably $40,000. .At Monticello, the</OldTextValue>
    <NewTextValue>probably $40,000.   At Monticello, the</NewTextValue>
  </TextCorrectedLine>
  <TextCorrectedLine lineID="P1_TL00383">
    <OldTextValue>a bolt of lighning and Hathaway, -who</OldTextValue>
    <NewTextValue>a bolt of lighning and Hathaway, who</NewTextValue>
  </TextCorrectedLine>
</TextCorrectedBlock>
<TextCorrectedBlock pageOID="AL19010705.1.2" blockID="P2_TB00049" userID="[redacted]">
  <TextCorrectedLine lineID="P2_TL00297">
    <OldTextValue>tive July Ist.</OldTextValue>
    <NewTextValue>tive July 1st.</NewTextValue>
  </TextCorrectedLine>
</TextCorrectedBlock>
