<TextCorrectedBlock pageOID="AL19111006.1.1" blockID="P1_CB00001" userID="[redacted]">
  <TextCorrectedLine lineID="P1_TL00567">
    <OldTextValue>\VTM. (J. SJCTfDKB,</OldTextValue>
    <NewTextValue>WM. G. SNYDER,</NewTextValue>
  </TextCorrectedLine>
  <TextCorrectedLine lineID="P1_TL00568">
    <OldTextValue>AUoriioy-i&gt;t-I.F»w,</OldTextValue>
    <NewTextValue>Attorney-at-Law</NewTextValue>
  </TextCorrectedLine>
  <TextCorrectedLine lineID="P1_TL00569">
    <OldTextValue>JACKSON, OAL.</OldTextValue>
    <NewTextValue>JACKSON, CAL.</NewTextValue>
  </TextCorrectedLine>
  <TextCorrectedLine lineID="P1_TL00572">
    <OldTextValue>T AW T. FHBITAM</OldTextValue>
    <NewTextValue>LAW T. FREITAS</NewTextValue>
  </TextCorrectedLine>
  <TextCorrectedLine lineID="P1_TL00573">
    <OldTextValue>Att«rney-»t"l.a»r</OldTextValue>
    <NewTextValue>Attorney-at-Law</NewTextValue>
  </TextCorrectedLine>
  <TextCorrectedLine lineID="P1_TL00581">
    <OldTextValue>-pi E. KNDICOTT, M, D.</OldTextValue>
    <NewTextValue>E. E. KNDICOTT, M, D.</NewTextValue>
  </TextCorrectedLine>
  <TextCorrectedLine lineID="P1_TL00582">
    <OldTextValue>v Physician and Surgeon</OldTextValue>
    <NewTextValue>Physician and Surgeon</NewTextValue>
  </TextCorrectedLine>
</TextCorrectedBlock>
