<TextCorrectedBlock pageOID="AL19040401.1.4" blockID="P4_CB00001" userID="[redacted]">
  <TextCorrectedLine lineID="P4_TL00530">
    <OldTextValue>Dragging Paiiisi</OldTextValue>
    <NewTextValue>Dragging Pains</NewTextValue>
  </TextCorrectedLine>
  <TextCorrectedLine lineID="P4_TL00531">
    <OldTextValue>Chicago, iLi./Oct,, 2, 1902. h</OldTextValue>
    <NewTextValue>Chicago, Ill., Oct,, 2, 1902.</NewTextValue>
  </TextCorrectedLine>
  <TextCorrectedLine lineID="P4_TL00532">
    <OldTextValue>I suffered with falling and con- B</OldTextValue>
    <NewTextValue>I suffered with falling and con-</NewTextValue>
  </TextCorrectedLine>
  <TextCorrectedLine lineID="P4_TL00533">
    <OldTextValue>gestion of the womb, with severe S</OldTextValue>
    <NewTextValue>gestion of the womb, with severe</NewTextValue>
  </TextCorrectedLine>
  <TextCorrectedLine lineID="P4_TL00534">
    <OldTextValue>painS through the groins. I su£- B</OldTextValue>
    <NewTextValue>pains through the groins. I suf-</NewTextValue>
  </TextCorrectedLine>
  <TextCorrectedLine lineID="P4_TL00535">
    <OldTextValue>fered terribly at the time of men- B</OldTextValue>
    <NewTextValue>fered terribly at the time of men-</NewTextValue>
  </TextCorrectedLine>
  <TextCorrectedLine lineID="P4_TL00536">
    <OldTextValue>struation, had blinding headaches B</OldTextValue>
    <NewTextValue>struation, had blinding headaches</NewTextValue>
  </TextCorrectedLine>
  <TextCorrectedLine lineID="P4_TL00537">
    <OldTextValue>and rushing of blood to the brain, fl</OldTextValue>
    <NewTextValue>and rushing of blood to the brain.</NewTextValue>
  </TextCorrectedLine>
  <TextCorrectedLine lineID="P4_TL00538">
    <OldTextValue>What to try 1 knew not, for it H</OldTextValue>
    <NewTextValue>What to try I knew not, for it</NewTextValue>
  </TextCorrectedLine>
  <TextCorrectedLine lineID="P4_TL00539">
    <OldTextValue>seemed that I had tried all and |f|</OldTextValue>
    <NewTextValue>seemed that I had tried all and</NewTextValue>
  </TextCorrectedLine>
  <TextCorrectedLine lineID="P4_TL00540">
    <OldTextValue>failed, bat I had never tried Wine gj</OldTextValue>
    <NewTextValue>failed, but I had never tried Wine</NewTextValue>
  </TextCorrectedLine>
  <TextCorrectedLine lineID="P4_TL00541">
    <OldTextValue>of Cardui, that bleiied remedy for ti</OldTextValue>
    <NewTextValue>of Cardui, that blessed remedy for</NewTextValue>
  </TextCorrectedLine>
  <TextCorrectedLine lineID="P4_TL00542">
    <OldTextValue>sick women. I found it pleasant §3</OldTextValue>
    <NewTextValue>sick women. I found it pleasant</NewTextValue>
  </TextCorrectedLine>
  <TextCorrectedLine lineID="P4_TL00543">
    <OldTextValue>to take and soon knew that 1 had R</OldTextValue>
    <NewTextValue>to take and soon knew that I had</NewTextValue>
  </TextCorrectedLine>
  <TextCorrectedLine lineID="P4_TL00544">
    <OldTextValue>the right medicine. New blood H</OldTextValue>
    <NewTextValue>the right medicine. New blood</NewTextValue>
  </TextCorrectedLine>
  <TextCorrectedLine lineID="P4_TL00545">
    <OldTextValue>seemed to course through my veins |»</OldTextValue>
    <NewTextValue>seemed to course through my veins</NewTextValue>
  </TextCorrectedLine>
  <TextCorrectedLine lineID="P4_TL00546">
    <OldTextValue>and after using eleven bottles I H</OldTextValue>
    <NewTextValue>and after using eleven bottles</NewTextValue>
  </TextCorrectedLine>
  <TextCorrectedLine lineID="P4_TL00547">
    <OldTextValue>was a well woman. • ' «</OldTextValue>
    <NewTextValue>was a well woman.</NewTextValue>
  </TextCorrectedLine>
  <TextCorrectedLine lineID="P4_TL00548">
    <OldTextValue>Mrs. Bush is now in perfect fl</OldTextValue>
    <NewTextValue>Mrs. Bush is now in perfect</NewTextValue>
  </TextCorrectedLine>
  <TextCorrectedLine lineID="P4_TL00549">
    <OldTextValue>health because Bhe took Wine of £j</OldTextValue>
    <NewTextValue>health because Bhe took Wine of</NewTextValue>
  </TextCorrectedLine>
  <TextCorrectedLine lineID="P4_TL00551">
    <OldTextValue>■ bearing down pains and blinding</OldTextValue>
    <NewTextValue>bearing down pains and blinding</NewTextValue>
  </TextCorrectedLine>
  <TextCorrectedLine lineID="P4_TL00559">
    <OldTextValue>special directions, address, giving j</OldTextValue>
    <NewTextValue>special directions, address, giving</NewTextValue>
  </TextCorrectedLine>
  <TextCorrectedLine lineID="P4_TL00563">
    <OldTextValue>WINE'CARDUI</OldTextValue>
    <NewTextValue>WINE of CARDUI</NewTextValue>
  </TextCorrectedLine>
</TextCorrectedBlock>
<TextCorrectedBlock pageOID="AL19040401.1.4" blockID="P4_TB00006" userID="[redacted]">
  <TextCorrectedLine lineID="P4_TL00059">
    <OldTextValue>known I" Ha shuddered not with fear,</OldTextValue>
    <NewTextValue>known !" He shuddered not with fear,</NewTextValue>
  </TextCorrectedLine>
  <TextCorrectedLine lineID="P4_TL00060">
    <OldTextValue>but with dread. He heard footsteps hi</OldTextValue>
    <NewTextValue>but with dread. He heard footsteps in</NewTextValue>
  </TextCorrectedLine>
  <TextCorrectedLine lineID="P4_TL00061">
    <OldTextValue>the house. . .'."."&lt;</OldTextValue>
    <NewTextValue>the house.</NewTextValue>
  </TextCorrectedLine>
  <TextCorrectedLine lineID="P4_TL00062">
    <OldTextValue>"Anna— Anna Saratovsky 1" he cried</OldTextValue>
    <NewTextValue>"Anna— Anna Saratovsky ! " he cried</NewTextValue>
  </TextCorrectedLine>
  <TextCorrectedLine lineID="P4_TL00065">
    <OldTextValue>the dead. ' He sought tbe living. He</OldTextValue>
    <NewTextValue>the dead. ' He sought the living. He</NewTextValue>
  </TextCorrectedLine>
  <TextCorrectedLine lineID="P4_TL00068">
    <OldTextValue>—was belDg fought. It was a young</OldTextValue>
    <NewTextValue>—was being fought. It was a young</NewTextValue>
  </TextCorrectedLine>
  <TextCorrectedLine lineID="P4_TL00073">
    <OldTextValue>for Alexandrovitch was ' there. He</OldTextValue>
    <NewTextValue>for Alexandrovitch was there. He</NewTextValue>
  </TextCorrectedLine>
</TextCorrectedBlock>
<TextCorrectedBlock pageOID="AL19040401.1.4" blockID="P4_CB00015" userID="[redacted]">
  <TextCorrectedLine lineID="P4_TL00962">
    <OldTextValue>3r^^^^^M^-rr § For Infants and Children.</OldTextValue>
    <NewTextValue>CASTORIA  For Infants and Children.</NewTextValue>
  </TextCorrectedLine>
  <TextCorrectedLine lineID="P4_TL00963">
    <OldTextValue>Sf^ysi^ll 1 Always -Bought '■-</OldTextValue>
    <NewTextValue>The Kind You have Always Bought</NewTextValue>
  </TextCorrectedLine>
</TextCorrectedBlock>
<TextCorrectedBlock pageOID="AL19040401.1.4" blockID="P4_TB00001" userID="[redacted]">
  <TextCorrectedLine lineID="P4_TL00006">
    <OldTextValue>box behjnd one huge hind foot, "lightly</OldTextValue>
    <NewTextValue>box behjnd one huge hind foot, lightly</NewTextValue>
  </TextCorrectedLine>
</TextCorrectedBlock>
<TextCorrectedBlock pageOID="AL19040401.1.4" blockID="P4_CB00003" userID="[redacted]">
  <TextCorrectedLine lineID="P4_TL00665">
    <OldTextValue>:: colonist rates I '</OldTextValue>
    <NewTextValue>colonist rates</NewTextValue>
  </TextCorrectedLine>
  <TextCorrectedLine lineID="P4_TL00666">
    <OldTextValue>j i ZP» CALIFORNIA ;</OldTextValue>
    <NewTextValue>TO CALIFORNIA ;</NewTextValue>
  </TextCorrectedLine>
  <TextCorrectedLine lineID="P4_TL00667">
    <OldTextValue>] J VIA SOUTHERN PACIFIC &lt; '</OldTextValue>
    <NewTextValue>VIA SOUTHERN PACIFIC &lt;</NewTextValue>
  </TextCorrectedLine>
  <TextCorrectedLine lineID="P4_TL00668">
    <OldTextValue>, , Dally, March Ist to April 30, 1904 j ',</OldTextValue>
    <NewTextValue>Daily, March 1st to April 30, 1904</NewTextValue>
  </TextCorrectedLine>
  <TextCorrectedLine lineID="P4_TL00669">
    <OldTextValue>i &gt; Chicago $33 , |</OldTextValue>
    <NewTextValue>Chicago ...... $33</NewTextValue>
  </TextCorrectedLine>
  <TextCorrectedLine lineID="P4_TL00670">
    <OldTextValue>] | Bloomin «ton 32 &lt; &gt;</OldTextValue>
    <NewTextValue>Bloomington .... 32</NewTextValue>
  </TextCorrectedLine>
  <TextCorrectedLine lineID="P4_TL00671">
    <OldTextValue> Peoria "....*. 31 "</OldTextValue>
    <NewTextValue>Peoria ...... 31</NewTextValue>
  </TextCorrectedLine>
  <TextCorrectedLine lineID="P4_TL00672">
    <OldTextValue>i St. Louis .• 30 ', \</OldTextValue>
    <NewTextValue>St. Louis ......30</NewTextValue>
  </TextCorrectedLine>
  <TextCorrectedLine lineID="P4_TL00673">
    <OldTextValue>♦ Now Orleans.. :...... 30 ''</OldTextValue>
    <NewTextValue>New Orleans.. ...... 30</NewTextValue>
  </TextCorrectedLine>
  <TextCorrectedLine lineID="P4_TL00674">
    <OldTextValue>, , Council Bluffs 25 ' '</OldTextValue>
    <NewTextValue>Council Bluffs  .... 25</NewTextValue>
  </TextCorrectedLine>
  <TextCorrectedLine lineID="P4_TL00675">
    <OldTextValue>11 Omaha :... ...;;.., r.fV* ~ 25"! !</OldTextValue>
    <NewTextValue>Omaha ...   25</NewTextValue>
  </TextCorrectedLine>
  <TextCorrectedLine lineID="P4_TL00676">
    <OldTextValue>« » Sioux City 25 &lt; ■</OldTextValue>
    <NewTextValue>Sioux City  ... 25</NewTextValue>
  </TextCorrectedLine>
  <TextCorrectedLine lineID="P4_TL00677">
    <OldTextValue>;| Kansas City 1 ]„ 25 (l</OldTextValue>
    <NewTextValue>Kansas City  ....  25</NewTextValue>
  </TextCorrectedLine>
  <TextCorrectedLine lineID="P4_TL00678">
    <OldTextValue>&lt; &gt; Houston " " 25 , ! .</OldTextValue>
    <NewTextValue>Houston .....  25</NewTextValue>
  </TextCorrectedLine>
  <TextCorrectedLine lineID="P4_TL00679">
    <OldTextValue>' ' St. Joseph- [[[' 25 '&lt; ■</OldTextValue>
    <NewTextValue>St. Joseph  ... 25</NewTextValue>
  </TextCorrectedLine>
  <TextCorrectedLine lineID="P4_TL00680">
    <OldTextValue>, , Leavenworth ■ 25 ' '</OldTextValue>
    <NewTextValue>Leavenworth ....... 25</NewTextValue>
  </TextCorrectedLine>
  <TextCorrectedLine lineID="P4_TL00681">
    <OldTextValue>♦ The cost of a ticket cau be deposited 1 '</OldTextValue>
    <NewTextValue>The cost of a ticket can be deposited</NewTextValue>
  </TextCorrectedLine>
  <TextCorrectedLine lineID="P4_TL00682">
    <OldTextValue>11 •" o, n&lt; ;? with any Southern Pacific Agent 1 1</OldTextValue>
    <NewTextValue>with any Southern Pacific Agent</NewTextValue>
  </TextCorrectedLine>
  <TextCorrectedLine lineID="P4_TL00683">
    <OldTextValue>&lt; 1 in California, and the ticket will bo fur- 1 &gt;</OldTextValue>
    <NewTextValue>in California, and the ticket will be fur-</NewTextValue>
  </TextCorrectedLine>
  <TextCorrectedLine lineID="P4_TL00684">
    <OldTextValue>&lt; 1. rushed to the passenger in the East, 1 1</OldTextValue>
    <NewTextValue>nished to the passenger in the East,</NewTextValue>
  </TextCorrectedLine>
  <TextCorrectedLine lineID="P4_TL00685">
    <OldTextValue>♦ while these low rates are in effect. ■ 1 1</OldTextValue>
    <NewTextValue>while these low rates are in effect.</NewTextValue>
  </TextCorrectedLine>
  <TextCorrectedLine lineID="P4_TL00686">
    <OldTextValue>' \ Stopovers allowed at certain inter- ' ''</OldTextValue>
    <NewTextValue>Stopovers allowed at certain inter-</NewTextValue>
  </TextCorrectedLine>
  <TextCorrectedLine lineID="P4_TL00687">
    <OldTextValue>mediate stations in California, except ' '</OldTextValue>
    <NewTextValue>mediate stations in California, except</NewTextValue>
  </TextCorrectedLine>
  <TextCorrectedLine lineID="P4_TL00688">
    <OldTextValue>J , s .-*°geles and San Francisco, np to ' '</OldTextValue>
    <NewTextValue>Los Angeles and San Francisco, up to</NewTextValue>
  </TextCorrectedLine>
  <TextCorrectedLine lineID="P4_TL00689">
    <OldTextValue>! , — Dlnstrated California Literatnre— ! |</OldTextValue>
    <NewTextValue>Illustrated California Literature—</NewTextValue>
  </TextCorrectedLine>
  <TextCorrectedLine lineID="P4_TL00690">
    <OldTextValue>11 Mailed Free to any Address. ' . 1 1</OldTextValue>
    <NewTextValue>Mailed Free to any Address.</NewTextValue>
  </TextCorrectedLine>
  <TextCorrectedLine lineID="P4_TL00691">
    <OldTextValue>1 , ; ; Pass, traffic Mgr. Gen. pass ogt. j ,</OldTextValue>
    <NewTextValue>Pass, traffic Mgr. Gen. pass agt.</NewTextValue>
  </TextCorrectedLine>
  <TextCorrectedLine lineID="P4_TL00692">
    <OldTextValue>J I . San Francisco, Cal. ~ &lt; 1</OldTextValue>
    <NewTextValue>San Francisco, Cal.</NewTextValue>
  </TextCorrectedLine>
  <TextCorrectedLine lineID="P4_TL00693">
    <OldTextValue>♦♦»•&gt;♦»♦#&gt;»»»♦♦♦♦♦*)♦»»»*&gt;»{</OldTextValue>
    <NewTextValue></NewTextValue>
  </TextCorrectedLine>
  <TextCorrectedLine lineID="P4_TL00694">
    <OldTextValue>■ ■ . - -</OldTextValue>
    <NewTextValue></NewTextValue>
  </TextCorrectedLine>
  <TextCorrectedLine lineID="P4_TL00695">
    <OldTextValue>iTiili</OldTextValue>
    <NewTextValue>CITY MEAT MARKET</NewTextValue>
  </TextCorrectedLine>
  <TextCorrectedLine lineID="P4_TL00701">
    <OldTextValue>/ LAMB, HAMS,.</OldTextValue>
    <NewTextValue>LAMB, HAMS,.</NewTextValue>
  </TextCorrectedLine>
  <TextCorrectedLine lineID="P4_TL00705">
    <OldTextValue>promptly delivered. jaB</OldTextValue>
    <NewTextValue>promptly delivered.</NewTextValue>
  </TextCorrectedLine>
  <TextCorrectedLine lineID="P4_TL00706">
    <OldTextValue>— * — -</OldTextValue>
    <NewTextValue></NewTextValue>
  </TextCorrectedLine>
  <TextCorrectedLine lineID="P4_TL00707">
    <OldTextValue>••••••••••••••••••••••e»«»</OldTextValue>
    <NewTextValue></NewTextValue>
  </TextCorrectedLine>
  <TextCorrectedLine lineID="P4_TL00708">
    <OldTextValue>I UNITED il ill]</OldTextValue>
    <NewTextValue>UNITED STATES MAIL</NewTextValue>
  </TextCorrectedLine>
  <TextCorrectedLine lineID="P4_TL00709">
    <OldTextValue>• Daily Stage Line •</OldTextValue>
    <NewTextValue>Daily Stage Line</NewTextValue>
  </TextCorrectedLine>
  <TextCorrectedLine lineID="P4_TL00710">
    <OldTextValue>\ Between Jackson, Piue Grove 2</OldTextValue>
    <NewTextValue>Between Jackson, Pine Grove 2</NewTextValue>
  </TextCorrectedLine>
  <TextCorrectedLine lineID="P4_TL00711">
    <OldTextValue>• and Volcano. •</OldTextValue>
    <NewTextValue>and Volcano.</NewTextValue>
  </TextCorrectedLine>
  <TextCorrectedLine lineID="P4_TL00712">
    <OldTextValue>• T. A. MARSINO - Proprietor •</OldTextValue>
    <NewTextValue>T. A. MARSINO - Proprietor</NewTextValue>
  </TextCorrectedLine>
  <TextCorrectedLine lineID="P4_TL00713">
    <OldTextValue>•'' ■ •</OldTextValue>
    <NewTextValue></NewTextValue>
  </TextCorrectedLine>
  <TextCorrectedLine lineID="P4_TL00714">
    <OldTextValue>• Leaves Jackson daily at 6:30 a. m. •</OldTextValue>
    <NewTextValue>Leaves Jackson daily at 6:30 a. m.</NewTextValue>
  </TextCorrectedLine>
  <TextCorrectedLine lineID="P4_TL00715">
    <OldTextValue>• Arrives at Pine Grove about 9a. m , and •</OldTextValue>
    <NewTextValue>Arrives at Pine Grove about 9 a. m , and</NewTextValue>
  </TextCorrectedLine>
  <TextCorrectedLine lineID="P4_TL00716">
    <OldTextValue>• at Volcano about 9 :30 am. \ %</OldTextValue>
    <NewTextValue>at Volcano about 9 :30 am.</NewTextValue>
  </TextCorrectedLine>
  <TextCorrectedLine lineID="P4_TL00717">
    <OldTextValue>• Makes connection with the stage leav- •</OldTextValue>
    <NewTextValue>Makes connection with the stage leav-</NewTextValue>
  </TextCorrectedLine>
  <TextCorrectedLine lineID="P4_TL00718">
    <OldTextValue>J ing Volcano for Defender every Monday, •</OldTextValue>
    <NewTextValue>ing Volcano for Defender every Monday,</NewTextValue>
  </TextCorrectedLine>
  <TextCorrectedLine lineID="P4_TL00719">
    <OldTextValue>• Wednesday and Friday. •</OldTextValue>
    <NewTextValue>Wednesday and Friday.</NewTextValue>
  </TextCorrectedLine>
  <TextCorrectedLine lineID="P4_TL00720">
    <OldTextValue>. Leaves Volcano daily at Sp. m.. ar- 5</OldTextValue>
    <NewTextValue>Leaves Volcano daily at 2 p. m. ar-</NewTextValue>
  </TextCorrectedLine>
  <TextCorrectedLine lineID="P4_TL00721">
    <OldTextValue>Z riving at Fine Grove, at 3p. m , and S</OldTextValue>
    <NewTextValue>riving at Pine Grove, at 3 p. m , and</NewTextValue>
  </TextCorrectedLine>
  <TextCorrectedLine lineID="P4_TL00722">
    <OldTextValue>0 Jackson at sp. m, 5</OldTextValue>
    <NewTextValue>Jackson at 5 p. m.</NewTextValue>
  </TextCorrectedLine>
  <TextCorrectedLine lineID="P4_TL00723">
    <OldTextValue>• ' : •'. L 7&gt;s ;</OldTextValue>
    <NewTextValue></NewTextValue>
  </TextCorrectedLine>
  <TextCorrectedLine lineID="P4_TL00724">
    <OldTextValue>• liest service Id Amador County. 0</OldTextValue>
    <NewTextValue>Best service in Amador County.</NewTextValue>
  </TextCorrectedLine>
  <TextCorrectedLine lineID="P4_TL00725">
    <OldTextValue>• Prompt delivery of packages a •</OldTextValue>
    <NewTextValue>Prompt delivery of packages a</NewTextValue>
  </TextCorrectedLine>
  <TextCorrectedLine lineID="P4_TL00726">
    <OldTextValue>• specialty. ; • ■</OldTextValue>
    <NewTextValue>specialty.</NewTextValue>
  </TextCorrectedLine>
  <TextCorrectedLine lineID="P4_TL00727">
    <OldTextValue>• Fare— Jackson to Volcano 11.50; Jack- •</OldTextValue>
    <NewTextValue>Fare— Jackson to Volcano 1.50; Jack-</NewTextValue>
  </TextCorrectedLine>
  <TextCorrectedLine lineID="P4_TL00728">
    <OldTextValue>• son to Pine Grove $1.00. Round trip ■ •</OldTextValue>
    <NewTextValue>son to Pine Grove $1.00. Round trip</NewTextValue>
  </TextCorrectedLine>
  <TextCorrectedLine lineID="P4_TL00729">
    <OldTextValue>• to Volcano $3.50. . •</OldTextValue>
    <NewTextValue>to Volcano $3.50.</NewTextValue>
  </TextCorrectedLine>
  <TextCorrectedLine lineID="P4_TL00730">
    <OldTextValue>a Offices— National Hotel, Jackson, and I</OldTextValue>
    <NewTextValue>Offices— National Hotel, Jackson, and</NewTextValue>
  </TextCorrectedLine>
  <TextCorrectedLine lineID="P4_TL00731">
    <OldTextValue>9 Postofflces Pine Grove and Volcano. Z</OldTextValue>
    <NewTextValue>Postofflces Pine Grove and Volcano.</NewTextValue>
  </TextCorrectedLine>
  <TextCorrectedLine lineID="P4_TL00732">
    <OldTextValue>• . mart Z</OldTextValue>
    <NewTextValue></NewTextValue>
  </TextCorrectedLine>
  <TextCorrectedLine lineID="P4_TL00733">
    <OldTextValue>••••••••••••••••••••••••a*</OldTextValue>
    <NewTextValue></NewTextValue>
  </TextCorrectedLine>
  <TextCorrectedLine lineID="P4_TL00734">
    <OldTextValue>'■* '•-' ' ■ ' - ' '"•■'</OldTextValue>
    <NewTextValue></NewTextValue>
  </TextCorrectedLine>
  <TextCorrectedLine lineID="P4_TL00739">
    <OldTextValue>..._■■'</OldTextValue>
    <NewTextValue></NewTextValue>
  </TextCorrectedLine>
</TextCorrectedBlock>
