<TextCorrectedBlock pageOID="AL19051110.1.1" blockID="P1_CB00002" userID="[redacted]">
  <TextCorrectedLine lineID="P1_TL00879">
    <OldTextValue>I j RETIRING FROM BUSINESS 1</OldTextValue>
    <NewTextValue>RETIRING FROM BUSINESS</NewTextValue>
  </TextCorrectedLine>
  <TextCorrectedLine lineID="P1_TL00880">
    <OldTextValue>I Sale Now Going On S</OldTextValue>
    <NewTextValue>Sale Now Going On</NewTextValue>
  </TextCorrectedLine>
  <TextCorrectedLine lineID="P1_TL00881">
    <OldTextValue>j THE REASONS FOR OUR SUCCESS</OldTextValue>
    <NewTextValue>THE REASONS FOR OUR SUCCESS</NewTextValue>
  </TextCorrectedLine>
  <TextCorrectedLine lineID="P1_TL00882">
    <OldTextValue>I Did you visit our store last week and this week? Did itnot surprise and astonish</OldTextValue>
    <NewTextValue>Did you visit our store last week and this week? Did itnot surprise and astonish</NewTextValue>
  </TextCorrectedLine>
  <TextCorrectedLine lineID="P1_TL00883">
    <OldTextValue>I you to see the big crowds eager to buygoods? Our successes in these reasons:—</OldTextValue>
    <NewTextValue>you to see the big crowds eager to buy goods? Our successes in these reasons:—</NewTextValue>
  </TextCorrectedLine>
  <TextCorrectedLine lineID="P1_TL00884">
    <OldTextValue>I. Our prices are surprisingly low. m. We give everything we advertise.</OldTextValue>
    <NewTextValue>I.  Our prices are surprisingly low.  We give everything we advertise.</NewTextValue>
  </TextCorrectedLine>
  <TextCorrectedLine lineID="P1_TL00885">
    <OldTextValue>11. People know we never misrepresent our |. Our reputation for square dealing and</OldTextValue>
    <NewTextValue>II.  People know we never misrepresent our        Our reputation for square dealing and</NewTextValue>
  </TextCorrectedLine>
  <TextCorrectedLine lineID="P1_TL00886">
    <OldTextValue>goodSl ~ - giving honest values.</OldTextValue>
    <NewTextValue>good.                                                         giving honest values.</NewTextValue>
  </TextCorrectedLine>
</TextCorrectedBlock>
