<TextCorrectedBlock pageOID="AL19080417.1.1" blockID="P1_TB00008" userID="[redacted]">
  <TextCorrectedLine lineID="P1_TL00047">
    <OldTextValue>prospect of the extension of tbe I.</OldTextValue>
    <NewTextValue>prospect of the extension of the  I.</NewTextValue>
  </TextCorrectedLine>
  <TextCorrectedLine lineID="P1_TL00048">
    <OldTextValue>arid E. railroad to the timber</OldTextValue>
    <NewTextValue>and E. railroad to the timber belt.</NewTextValue>
  </TextCorrectedLine>
  <TextCorrectedLine lineID="P1_TL00049">
    <OldTextValue>The talk tbat whs indulged iv at ono</OldTextValue>
    <NewTextValue>The talk that was indulged in at one</NewTextValue>
  </TextCorrectedLine>
  <TextCorrectedLine lineID="P1_TL00050">
    <OldTextValue>time on this proposition baa sub</OldTextValue>
    <NewTextValue>time on this proposition has sub</NewTextValue>
  </TextCorrectedLine>
  <TextCorrectedLine lineID="P1_TL00053">
    <OldTextValue>liuaucial stringency. Il is very bard</OldTextValue>
    <NewTextValue>financial stringency. It is very hard</NewTextValue>
  </TextCorrectedLine>
  <TextCorrectedLine lineID="P1_TL00055">
    <OldTextValue>now. Those behind tbe movement are</OldTextValue>
    <NewTextValue>now. Those behind the movement are</NewTextValue>
  </TextCorrectedLine>
  <TextCorrectedLine lineID="P1_TL00056">
    <OldTextValue>just aa confident as ever tbat the ex-</OldTextValue>
    <NewTextValue>just as confident as ever that the ex-</NewTextValue>
  </TextCorrectedLine>
  <TextCorrectedLine lineID="P1_TL00057">
    <OldTextValue>tension 'would prove a profitable</OldTextValue>
    <NewTextValue>tension would prove a profitable</NewTextValue>
  </TextCorrectedLine>
  <TextCorrectedLine lineID="P1_TL00058">
    <OldTextValue>undertaking, but condition:* aro at</OldTextValue>
    <NewTextValue>undertaking, but conditions are at</NewTextValue>
  </TextCorrectedLine>
  <TextCorrectedLine lineID="P1_TL00060">
    <OldTextValue>scboiue.</OldTextValue>
    <NewTextValue>scheme.</NewTextValue>
  </TextCorrectedLine>
</TextCorrectedBlock>
<TextCorrectedBlock pageOID="AL19080417.1.1" blockID="P1_TB00009" userID="[redacted]">
  <TextCorrectedLine lineID="P1_TL00063">
    <OldTextValue>iv Jaeksou'Saturdar, on their annual</OldTextValue>
    <NewTextValue>in Jackson Saturday, on their annual</NewTextValue>
  </TextCorrectedLine>
  <TextCorrectedLine lineID="P1_TL00064">
    <OldTextValue>geological trip. Thoy consisted of</OldTextValue>
    <NewTextValue>geological trip. They consisted of</NewTextValue>
  </TextCorrectedLine>
  <TextCorrectedLine lineID="P1_TL00066">
    <OldTextValue>Professor Lawsou. They visited the</OldTextValue>
    <NewTextValue>Professor Lawson. They visited the</NewTextValue>
  </TextCorrectedLine>
  <TextCorrectedLine lineID="P1_TL00067">
    <OldTextValue>mother lodo region from Jamestown</OldTextValue>
    <NewTextValue>mother lode region from Jamestown</NewTextValue>
  </TextCorrectedLine>
  <TextCorrectedLine lineID="P1_TL00068">
    <OldTextValue>to Jackson, aud took in Uoppcropolis.</OldTextValue>
    <NewTextValue>to Jackson, and took in Copperopolis.</NewTextValue>
  </TextCorrectedLine>
  <TextCorrectedLine lineID="P1_TL00069">
    <OldTextValue>it is titt id tbey trampnd 75 miles dur-</OldTextValue>
    <NewTextValue>It is said they tramped 75 miles dur-</NewTextValue>
  </TextCorrectedLine>
  <TextCorrectedLine lineID="P1_TL00070">
    <OldTextValue>ing tbo tour. Jackson was tho end of</OldTextValue>
    <NewTextValue>ing the tour. Jackson was the end of</NewTextValue>
  </TextCorrectedLine>
  <TextCorrectedLine lineID="P1_TL00073">
    <OldTextValue>voisity. Another party of tho same</OldTextValue>
    <NewTextValue>versity. Another party of the same</NewTextValue>
  </TextCorrectedLine>
  <TextCorrectedLine lineID="P1_TL00074">
    <OldTextValue>number visited the tninoa of Nevada</OldTextValue>
    <NewTextValue>number visited the mines of Nevada</NewTextValue>
  </TextCorrectedLine>
  <TextCorrectedLine lineID="P1_TL00075">
    <OldTextValue>City nnd (Jraas V»lley. These trips</OldTextValue>
    <NewTextValue>City and Grass Valley. These trips</NewTextValue>
  </TextCorrectedLine>
  <TextCorrectedLine lineID="P1_TL00076">
    <OldTextValue>iiro taken to give tho students a</OldTextValue>
    <NewTextValue>are taken to give the students a</NewTextValue>
  </TextCorrectedLine>
</TextCorrectedBlock>
<TextCorrectedBlock pageOID="AL19080417.1.1" blockID="P1_TB00016" userID="[redacted]">
  <TextCorrectedLine lineID="P1_TL00124">
    <OldTextValue>Superintendent Ureenhalgh has sent</OldTextValue>
    <NewTextValue>Superintendent Greenhalgh has sent</NewTextValue>
  </TextCorrectedLine>
  <TextCorrectedLine lineID="P1_TL00126">
    <OldTextValue>cor'"iH maishQls throughout the</OldTextValue>
    <NewTextValue>census marshals throughout the</NewTextValue>
  </TextCorrectedLine>
  <TextCorrectedLine lineID="P1_TL00129">
    <OldTextValue>located beyond tbe county should be</OldTextValue>
    <NewTextValue>located beyond the county should be</NewTextValue>
  </TextCorrectedLine>
  <TextCorrectedLine lineID="P1_TL00131">
    <OldTextValue>Ofliuu of Superintendent of Scboola,</OldTextValue>
    <NewTextValue>Office of Superintendent of Schools,</NewTextValue>
  </TextCorrectedLine>
  <TextCorrectedLine lineID="P1_TL00132">
    <OldTextValue>Amudor Couuty,</OldTextValue>
    <NewTextValue>Amador County,</NewTextValue>
  </TextCorrectedLine>
  <TextCorrectedLine lineID="P1_TL00133">
    <OldTextValue>Jackson, Ual., April 10, 1908.</OldTextValue>
    <NewTextValue>Jackson, Cal., April 10, 1908.</NewTextValue>
  </TextCorrectedLine>
  <TextCorrectedLine lineID="P1_TL00138">
    <OldTextValue>one haa boon aubmitted to the State</OldTextValue>
    <NewTextValue>one has been submitted to the State</NewTextValue>
  </TextCorrectedLine>
  <TextCorrectedLine lineID="P1_TL00141">
    <OldTextValue>The quostion raised is whether the</OldTextValue>
    <NewTextValue>The question raised is whether the</NewTextValue>
  </TextCorrectedLine>
  <TextCorrectedLine lineID="P1_TL00142">
    <OldTextValue>fact of a patent's residonco within a</OldTextValue>
    <NewTextValue>fact of a parent's residence within a</NewTextValue>
  </TextCorrectedLine>
  <TextCorrectedLine lineID="P1_TL00143">
    <OldTextValue>school district, gives to tbe Census</OldTextValue>
    <NewTextValue>school district, gives to the Census</NewTextValue>
  </TextCorrectedLine>
  <TextCorrectedLine lineID="P1_TL00144">
    <OldTextValue>Marshal tho right to include in tbo</OldTextValue>
    <NewTextValue>Marshal the right to include in the</NewTextValue>
  </TextCorrectedLine>
  <TextCorrectedLine lineID="P1_TL00145">
    <OldTextValue>school consus tbe children of such</OldTextValue>
    <NewTextValue>school consus the children of such</NewTextValue>
  </TextCorrectedLine>
  <TextCorrectedLine lineID="P1_TL00148">
    <OldTextValue>tho district.</OldTextValue>
    <NewTextValue>the district.</NewTextValue>
  </TextCorrectedLine>
  <TextCorrectedLine lineID="P1_TL00149">
    <OldTextValue>Tho Superintendent's answer is as</OldTextValue>
    <NewTextValue>The Superintendent's answer is as</NewTextValue>
  </TextCorrectedLine>
  <TextCorrectedLine lineID="P1_TL00151">
    <OldTextValue>"The residence of tho parent is the</OldTextValue>
    <NewTextValue>"The residence of the parent is the</NewTextValue>
  </TextCorrectedLine>
  <TextCorrectedLine lineID="P1_TL00152">
    <OldTextValue>resideuoe of the minor children, if</OldTextValue>
    <NewTextValue>residence of the minor children, if</NewTextValue>
  </TextCorrectedLine>
  <TextCorrectedLine lineID="P1_TL00153">
    <OldTextValue>tho parents of a child have thoir</OldTextValue>
    <NewTextValue>the parents of a child have their</NewTextValue>
  </TextCorrectedLine>
  <TextCorrectedLine lineID="P1_TL00154">
    <OldTextValue>homo in one of your districts, and</OldTextValue>
    <NewTextValue>home in one of your districts, and</NewTextValue>
  </TextCorrectedLine>
  <TextCorrectedLine lineID="P1_TL00155">
    <OldTextValue>reside there, 1 think thoir children</OldTextValue>
    <NewTextValue>reside there, I think their children</NewTextValue>
  </TextCorrectedLine>
  <TextCorrectedLine lineID="P1_TL00156">
    <OldTextValue>should bo listed in the census of that</OldTextValue>
    <NewTextValue>should be listed in the census of that</NewTextValue>
  </TextCorrectedLine>
  <TextCorrectedLine lineID="P1_TL00157">
    <OldTextValue>district! even though such cbildrou</OldTextValue>
    <NewTextValue>district even though such children</NewTextValue>
  </TextCorrectedLine>
  <TextCorrectedLine lineID="P1_TL00158">
    <OldTextValue>iiuiy be in Europe, or any other</OldTextValue>
    <NewTextValue>may be in Europe, or any other</NewTextValue>
  </TextCorrectedLine>
  <TextCorrectedLine lineID="P1_TL00160">
    <OldTextValue>KeapecUully submitted,</OldTextValue>
    <NewTextValue>Respectfully submitted,</NewTextValue>
  </TextCorrectedLine>
  <TextCorrectedLine lineID="P1_TL00161">
    <OldTextValue>W. 11. GKKWNHALUH.</OldTextValue>
    <NewTextValue>W. H. GREENHALGH</NewTextValue>
  </TextCorrectedLine>
</TextCorrectedBlock>
