<TextCorrectedBlock pageOID="AL19010809.1.1" blockID="P1_CB00004" userID="[redacted]">
  <TextCorrectedLine lineID="P1_TL01084">
    <OldTextValue>JftCKSON RBPUBLIGfIN^nTB</OldTextValue>
    <NewTextValue>JACKSON REPUBLICAN CLUB</NewTextValue>
  </TextCorrectedLine>
  <TextCorrectedLine lineID="P1_TL01085">
    <OldTextValue>UR. C. A. HERRICK President</OldTextValue>
    <NewTextValue>DR. C. A. HERRICK  ...... President</NewTextValue>
  </TextCorrectedLine>
  <TextCorrectedLine lineID="P1_TL01086">
    <OldTextValue>J. B. FRANCIS First Vice-President</OldTextValue>
    <NewTextValue>J. B. FRANCIS  ........ First Vice-President</NewTextValue>
  </TextCorrectedLine>
  <TextCorrectedLine lineID="P1_TL01087">
    <OldTextValue>a. F. TAYLOR Second Vice President</OldTextValue>
    <NewTextValue>B. F. TAYLOR  ........ Second Vice President</NewTextValue>
  </TextCorrectedLine>
  <TextCorrectedLine lineID="P1_TL01088">
    <OldTextValue>WEBSTER SMITH Third Vice-President</OldTextValue>
    <NewTextValue>WEBSTER SMITH  ...... Third Vice-President</NewTextValue>
  </TextCorrectedLine>
  <TextCorrectedLine lineID="P1_TL01089">
    <OldTextValue>.lAMFS K. DYE Secretary</OldTextValue>
    <NewTextValue>JAMES E. DYE ..........  Secretary</NewTextValue>
  </TextCorrectedLine>
  <TextCorrectedLine lineID="P1_TL01090">
    <OldTextValue>J. H. LANGHORST Treasurer</OldTextValue>
    <NewTextValue>J. H. LANGHORST  .......Treasurer</NewTextValue>
  </TextCorrectedLine>
  <TextCorrectedLine lineID="P1_TL01092">
    <OldTextValue>of path month at S o'clock p, m. All Republi-</OldTextValue>
    <NewTextValue>of eachh month at 8 o'clock p, m.  All Republi-</NewTextValue>
  </TextCorrectedLine>
  <TextCorrectedLine lineID="P1_TL01096">
    <OldTextValue>tary contributions. ' - ■••"-' '</OldTextValue>
    <NewTextValue>tary contributions.</NewTextValue>
  </TextCorrectedLine>
  <TextCorrectedLine lineID="P1_TL01106">
    <OldTextValue>ety of plats and maps which enable us to give ■</OldTextValue>
    <NewTextValue>ety of plats and maps which enable us to give</NewTextValue>
  </TextCorrectedLine>
</TextCorrectedBlock>
