<TextCorrectedBlock pageOID="AL19060427.1.8" blockID="P8_TB00003" userID="[redacted]">
  <TextCorrectedLine lineID="P8_TL00032">
    <OldTextValue>Sine Million Plows at Work.</OldTextValue>
    <NewTextValue>Nine Million Plows at Work.</NewTextValue>
  </TextCorrectedLine>
</TextCorrectedBlock>
<TextCorrectedBlock pageOID="AL19060427.1.8" blockID="P8_TB00002" userID="[redacted]">
  <TextCorrectedLine lineID="P8_TL00005">
    <OldTextValue>\ It's plowing time. Two hundred</OldTextValue>
    <NewTextValue>It's plowing time. Two hundred</NewTextValue>
  </TextCorrectedLine>
  <TextCorrectedLine lineID="P8_TL00011">
    <OldTextValue>Such a , multitude of types of ! plows</OldTextValue>
    <NewTextValue>Such a multitude of types of plows</NewTextValue>
  </TextCorrectedLine>
  <TextCorrectedLine lineID="P8_TL00029">
    <OldTextValue>teams are ready. In the south , the</OldTextValue>
    <NewTextValue>teams are ready. In the south the</NewTextValue>
  </TextCorrectedLine>
  <TextCorrectedLine lineID="P8_TL00030">
    <OldTextValue>negro sits on his plow hilt to watch;</OldTextValue>
    <NewTextValue>negro sits on his plow hilt to watch</NewTextValue>
  </TextCorrectedLine>
  <TextCorrectedLine lineID="P8_TL00031">
    <OldTextValue>the train go by. i</OldTextValue>
    <NewTextValue>the train go by.</NewTextValue>
  </TextCorrectedLine>
</TextCorrectedBlock>
<TextCorrectedBlock pageOID="AL19060427.1.8" blockID="P8_TB00001" userID="[redacted]">
  <TextCorrectedLine lineID="P8_TL00002">
    <OldTextValue>traction engines i at ' work, plowing</OldTextValue>
    <NewTextValue>traction engines at work, plowing</NewTextValue>
  </TextCorrectedLine>
  <TextCorrectedLine lineID="P8_TL00004">
    <OldTextValue>ing but two or three men to do it</OldTextValue>
    <NewTextValue>ing but two or three men to do it.</NewTextValue>
  </TextCorrectedLine>
</TextCorrectedBlock>
<TextCorrectedBlock pageOID="AL19060427.1.8" blockID="P8_TB00002" userID="[redacted]">
  <TextCorrectedLine lineID="P8_TL00024">
    <OldTextValue>Doukhabor women drawing the plow</OldTextValue>
    <NewTextValue>Doukhabor [Doukhobor] women drawing the plow</NewTextValue>
  </TextCorrectedLine>
</TextCorrectedBlock>
