<TextCorrectedBlock pageOID="AL19061207.1.2" blockID="P2_CB00010" userID="[redacted]">
  <TextCorrectedLine lineID="P2_TL00923">
    <OldTextValue>UP-TO-DATE : BUSINESS MEN. -</OldTextValue>
    <NewTextValue>UP-TO-DATE : BUSINESS MEN.</NewTextValue>
  </TextCorrectedLine>
  <TextCorrectedLine lineID="P2_TL00924">
    <OldTextValue>jGINOCCHIO BRO'S.|</OldTextValue>
    <NewTextValue>GINOCCHIO BRO'S.</NewTextValue>
  </TextCorrectedLine>
  <TextCorrectedLine lineID="P2_TL00925">
    <OldTextValue>K| " **- DEALERS IN ' .^'; "</OldTextValue>
    <NewTextValue>DEALERS IN</NewTextValue>
  </TextCorrectedLine>
  <TextCorrectedLine lineID="P2_TL00926">
    <OldTextValue>I jL General Merchandise 1</OldTextValue>
    <NewTextValue>General Merchandise</NewTextValue>
  </TextCorrectedLine>
  <TextCorrectedLine lineID="P2_TL00927">
    <OldTextValue>iIT Groceries, Furnishing • Goods, Shoos, jg</OldTextValue>
    <NewTextValue>Groceries, Furnishing  Goods, Shoes,</NewTextValue>
  </TextCorrectedLine>
  <TextCorrectedLine lineID="P2_TL00928">
    <OldTextValue>M SB9S Boots ' Paints, Oils, Varnishes, Mining R</OldTextValue>
    <NewTextValue>Boots, Paints, Oils, Varnishes, Mining</NewTextValue>
  </TextCorrectedLine>
  <TextCorrectedLine lineID="P2_TL00929">
    <OldTextValue>Vl^. Supplies, Lumber, Hardware, Hay, §§ '</OldTextValue>
    <NewTextValue>Supplies, Lumber, Hardware, Hay,</NewTextValue>
  </TextCorrectedLine>
  <TextCorrectedLine lineID="P2_TL00930">
    <OldTextValue>Hj Grain, etc., etc.</OldTextValue>
    <NewTextValue>Grain, etc., etc.</NewTextValue>
  </TextCorrectedLine>
  <TextCorrectedLine lineID="P2_TL00931">
    <OldTextValue>M Corner Main and Water St -.'g</OldTextValue>
    <NewTextValue>Corner Main and Water St</NewTextValue>
  </TextCorrectedLine>
  <TextCorrectedLine lineID="P2_TL00932">
    <OldTextValue>| jackson - - - California!</OldTextValue>
    <NewTextValue>Jackson - - - California</NewTextValue>
  </TextCorrectedLine>
  <TextCorrectedLine lineID="P2_TL00933">
    <OldTextValue>••••••••••••••••••••••••••••••••••••••••••»«# # . .</OldTextValue>
    <NewTextValue></NewTextValue>
  </TextCorrectedLine>
  <TextCorrectedLine lineID="P2_TL00934">
    <OldTextValue>• f.* McCALL '■■■*" T ¥ • • , 5</OldTextValue>
    <NewTextValue>McCALL  Bazaar Patterns</NewTextValue>
  </TextCorrectedLine>
  <TextCorrectedLine lineID="P2_TL00935">
    <OldTextValue>j^H L. J. Glavinovich i</OldTextValue>
    <NewTextValue>L. J. Glavinovich</NewTextValue>
  </TextCorrectedLine>
  <TextCorrectedLine lineID="P2_TL00936">
    <OldTextValue>5 LEADING GROCERY STORE S|</OldTextValue>
    <NewTextValue>LEADING GROCERY STORE</NewTextValue>
  </TextCorrectedLine>
  <TextCorrectedLine lineID="P2_TL00937">
    <OldTextValue>S ?3JPf Groceries, Dry Goods, . •</OldTextValue>
    <NewTextValue>Groceries, Dry Goods,</NewTextValue>
  </TextCorrectedLine>
  <TextCorrectedLine lineID="P2_TL00938">
    <OldTextValue>• D Furnishing Goods, Boots, # •</OldTextValue>
    <NewTextValue>Furnishing Goods, Boots,</NewTextValue>
  </TextCorrectedLine>
  <TextCorrectedLine lineID="P2_TL00939">
    <OldTextValue>• c 5</OldTextValue>
    <NewTextValue></NewTextValue>
  </TextCorrectedLine>
  <TextCorrectedLine lineID="P2_TL00940">
    <OldTextValue>• a Shoes, Toilet Articles, •</OldTextValue>
    <NewTextValue>Shoes, Toilet Articles,</NewTextValue>
  </TextCorrectedLine>
  <TextCorrectedLine lineID="P2_TL00941">
    <OldTextValue>• r #■ :i: i .' Hardware, Miners' Sup- •</OldTextValue>
    <NewTextValue>Hardware, Miners' Sup-</NewTextValue>
  </TextCorrectedLine>
  <TextCorrectedLine lineID="P2_TL00942">
    <OldTextValue>: Sji| . plies, Hay, Grain, Etc. •</OldTextValue>
    <NewTextValue>plies, Hay, Grain, Etc.</NewTextValue>
  </TextCorrectedLine>
  <TextCorrectedLine lineID="P2_TL00943">
    <OldTextValue>9 N</OldTextValue>
    <NewTextValue></NewTextValue>
  </TextCorrectedLine>
  <TextCorrectedLine lineID="P2_TL00944">
    <OldTextValue>•■■ ~ r ~. ■■ •■■.-■.-. ~~~ \ ; ' — ■ '- .- .. — '■ ;•; •</OldTextValue>
    <NewTextValue></NewTextValue>
  </TextCorrectedLine>
  <TextCorrectedLine lineID="P2_TL00945">
    <OldTextValue>3 Cor. Main &amp; Court Streets . v : : -- •</OldTextValue>
    <NewTextValue>Cor. Main &amp; Court Streets .</NewTextValue>
  </TextCorrectedLine>
  <TextCorrectedLine lineID="P2_TL00946">
    <OldTextValue>: JACKSON, - ■ CAL.L McC i L 5</OldTextValue>
    <NewTextValue>JACKSON, -  CAL.</NewTextValue>
  </TextCorrectedLine>
  <TextCorrectedLine lineID="P2_TL00947">
    <OldTextValue>• v IJJ| XBazaar Patterns*</OldTextValue>
    <NewTextValue>McCALL Bazaar Patterns</NewTextValue>
  </TextCorrectedLine>
  <TextCorrectedLine lineID="P2_TL00948">
    <OldTextValue>•••••••••••••••••••••••••••••••••ft «io»&gt; &gt; »ao« t&gt; n«o&gt;cti &gt; »«S</OldTextValue>
    <NewTextValue></NewTextValue>
  </TextCorrectedLine>
  <TextCorrectedLine lineID="P2_TL00949">
    <OldTextValue>|*f &gt;&gt;&gt;&gt; * &gt; * &lt;&gt; * t&gt;&lt;&gt;M&lt;l J lll&lt;&lt;&gt;&gt;&gt; * M *** &lt;&gt;</OldTextValue>
    <NewTextValue></NewTextValue>
  </TextCorrectedLine>
  <TextCorrectedLine lineID="P2_TL00950">
    <OldTextValue>j; FINE ASSORTMENT OF- \~'. \] , ' TEA AND COFFEE j'</OldTextValue>
    <NewTextValue>FINE ASSORTMENT OF-  TEA AND COFFEE</NewTextValue>
  </TextCorrectedLine>
  <TextCorrectedLine lineID="P2_TL00951">
    <OldTextValue>! ! CENTRAL GROCERY HOUSE I!</OldTextValue>
    <NewTextValue>CENTRAL GROCERY HOUSE</NewTextValue>
  </TextCorrectedLine>
</TextCorrectedBlock>
