<TextCorrectedBlock pageOID="AL19041230.1.2" blockID="P2_CB00004" userID="[redacted]">
  <TextCorrectedLine lineID="P2_TL01148">
    <OldTextValue>Cherry I</OldTextValue>
    <NewTextValue>Cherry</NewTextValue>
  </TextCorrectedLine>
  <TextCorrectedLine lineID="P2_TL01154">
    <OldTextValue>" The beat cough medicine money can buy</OldTextValue>
    <NewTextValue>" The best cough medicine money can buy</NewTextValue>
  </TextCorrectedLine>
  <TextCorrectedLine lineID="P2_TL01155">
    <OldTextValue>1« Ayer'i Cherry Pectoral. For the coughs of</OldTextValue>
    <NewTextValue>is Ayer's Cherry Pectoral. For the coughs of</NewTextValue>
  </TextCorrectedLine>
  <TextCorrectedLine lineID="P2_TL01157">
    <OldTextValue>Jacob Siiull, Saratoga, Ind.</OldTextValue>
    <NewTextValue>Jacob Shull, Saratoga, Ind.</NewTextValue>
  </TextCorrectedLine>
</TextCorrectedBlock>
<TextCorrectedBlock pageOID="AL19041230.1.2" blockID="P2_CB00002" userID="[redacted]">
  <TextCorrectedLine lineID="P2_TL01109">
    <OldTextValue>■CALIFORNIA CLOVER</OldTextValue>
    <NewTextValue>CALIFORNIA CLOVER</NewTextValue>
  </TextCorrectedLine>
  <TextCorrectedLine lineID="P2_TL01113">
    <OldTextValue>Bring your Handkerchief and we'll give it a whiff-If yon like it and</OldTextValue>
    <NewTextValue>Bring your Handkerchief and we'll give it a whiff-If you like it and</NewTextValue>
  </TextCorrectedLine>
  <TextCorrectedLine lineID="P2_TL01114">
    <OldTextValue>want to bay, £3c and 75c per ounce.</OldTextValue>
    <NewTextValue>want to bay, 50c and 75c per ounce.</NewTextValue>
  </TextCorrectedLine>
  <TextCorrectedLine lineID="P2_TL01116">
    <OldTextValue>Come and have a look even if yon have no intention of buying. "*</OldTextValue>
    <NewTextValue>Come and have a look even if you have no intention of buying.</NewTextValue>
  </TextCorrectedLine>
</TextCorrectedBlock>
<TextCorrectedBlock pageOID="AL19041230.1.3" blockID="P3_TB00027" userID="[redacted]">
  <TextCorrectedLine lineID="P3_TL00272">
    <OldTextValue>Pioneer Flour always has" been</OldTextValue>
    <NewTextValue>Pioneer Flour always has been</NewTextValue>
  </TextCorrectedLine>
  <TextCorrectedLine lineID="P3_TL00273">
    <OldTextValue>- nnd still is t.ne boat.</OldTextValue>
    <NewTextValue>and still is the best.</NewTextValue>
  </TextCorrectedLine>
  <TextCorrectedLine lineID="P3_TL00274">
    <OldTextValue>Lemons, oranjres. J'.t't! '"inarms con-</OldTextValue>
    <NewTextValue>Lemons, oranges, and bananas con-</NewTextValue>
  </TextCorrectedLine>
  <TextCorrectedLine lineID="P3_TL00276">
    <OldTextValue>Sheriff Normau loft for San KYaucisco</OldTextValue>
    <NewTextValue>Sheriff Norman left for San Francisco</NewTextValue>
  </TextCorrectedLine>
  <TextCorrectedLine lineID="P3_TL00277">
    <OldTextValue>Tuesday morning, on important l&gt;usi-</OldTextValue>
    <NewTextValue>Tuesday morning, on important business.</NewTextValue>
  </TextCorrectedLine>
  <TextCorrectedLine lineID="P3_TL00278">
    <OldTextValue>•: Pioneer Flour is the "Lily of tho</OldTextValue>
    <NewTextValue>Pioneer Flour is the "Lily of the</NewTextValue>
  </TextCorrectedLine>
  <TextCorrectedLine lineID="P3_TL00283">
    <OldTextValue>J. P. Wilson, Dentist. Hours 9a. ro.</OldTextValue>
    <NewTextValue>J. P. Wilson, Dentist. Hours 9 a. m.</NewTextValue>
  </TextCorrectedLine>
  <TextCorrectedLine lineID="P3_TL00284">
    <OldTextValue>to sp. m. Phooe Main 404. Jackson.</OldTextValue>
    <NewTextValue>to 5 p. m. Phone Main 404. Jackson.</NewTextValue>
  </TextCorrectedLine>
  <TextCorrectedLine lineID="P3_TL00287">
    <OldTextValue>Mick's.</OldTextValue>
    <NewTextValue>lick's.</NewTextValue>
  </TextCorrectedLine>
</TextCorrectedBlock>
<TextCorrectedBlock pageOID="AL19041230.1.3" blockID="P3_CB00005" userID="[redacted]">
  <TextCorrectedLine lineID="P3_TL00666">
    <OldTextValue>HAl'f'i' M Ml</OldTextValue>
    <NewTextValue>HAPPY NEW YEAR</NewTextValue>
  </TextCorrectedLine>
  <TextCorrectedLine lineID="P3_TL00669">
    <OldTextValue>68hrs.-45min..Tsec.</OldTextValue>
    <NewTextValue>68hrs.-45min..7 sec.</NewTextValue>
  </TextCorrectedLine>
  <TextCorrectedLine lineID="P3_TL00670">
    <OldTextValue>Mrs. Julia Thomas - - Ist</OldTextValue>
    <NewTextValue>Mrs. Julia Thomas - - 1st</NewTextValue>
  </TextCorrectedLine>
  <TextCorrectedLine lineID="P3_TL00675">
    <OldTextValue>Guessed 68-49-29 7'.'-]P-:</OldTextValue>
    <NewTextValue>Guessed 68-49-29</NewTextValue>
  </TextCorrectedLine>
</TextCorrectedBlock>
<TextCorrectedBlock pageOID="AL19041230.1.3" blockID="P3_TB00021" userID="[redacted]">
  <TextCorrectedLine lineID="P3_TL00178">
    <OldTextValue>Paleti, one of luo throe n:-.-n wasi'lei! for</OldTextValue>
    <NewTextValue>Paleti, one of the three men wanted  for</NewTextValue>
  </TextCorrectedLine>
  <TextCorrectedLine lineID="P3_TL00180">
    <OldTextValue>the east shaft of tlio Kennedy mine on</OldTextValue>
    <NewTextValue>the east shaft of the Kennedy mine on</NewTextValue>
  </TextCorrectedLine>
  <TextCorrectedLine lineID="P3_TL00184">
    <OldTextValue>him an Italian named Maleo Valasso,</OldTextValue>
    <NewTextValue>him an Italian named Mateo Valasso,</NewTextValue>
  </TextCorrectedLine>
  <TextCorrectedLine lineID="P3_TL00186">
    <OldTextValue>the other two concerned in tho robbery.</OldTextValue>
    <NewTextValue>the other two concerned in the robbery.</NewTextValue>
  </TextCorrectedLine>
</TextCorrectedBlock>
<TextCorrectedBlock pageOID="AL19041230.1.3" blockID="P3_CB00007" userID="[redacted]">
  <TextCorrectedLine lineID="P3_TL00741">
    <OldTextValue>\ccfpper zlivefecil</OldTextValue>
    <NewTextValue>for men who toil    LEVIS STRAUSS &amp; CO'S   copper riveted overalls</NewTextValue>
  </TextCorrectedLine>
</TextCorrectedBlock>
<TextCorrectedBlock pageOID="AL19041230.1.3" blockID="P3_TB00029" userID="[redacted]">
  <TextCorrectedLine lineID="P3_TL00450">
    <OldTextValue>son post office addressod to Cuan</OldTextValue>
    <NewTextValue>son post office addressed to Cuan</NewTextValue>
  </TextCorrectedLine>
  <TextCorrectedLine lineID="P3_TL00451">
    <OldTextValue>Casazza and H. Schultz. - • . ..;</OldTextValue>
    <NewTextValue>Casazza and H. Schultz.</NewTextValue>
  </TextCorrectedLine>
  <TextCorrectedLine lineID="P3_TL00453">
    <OldTextValue>Pearl Freeman, came up last 'Monday</OldTextValue>
    <NewTextValue>Pearl Freeman, came up last Monday</NewTextValue>
  </TextCorrectedLine>
</TextCorrectedBlock>
<TextCorrectedBlock pageOID="AL19041230.1.3" blockID="P3_TB00011" userID="[redacted]">
  <TextCorrectedLine lineID="P3_TL00042">
    <OldTextValue>Argonaut— The Argonaut 40-starap</OldTextValue>
    <NewTextValue>Argonaut— The Argonaut 40-stamp</NewTextValue>
  </TextCorrectedLine>
  <TextCorrectedLine lineID="P3_TL00051">
    <OldTextValue>Walter Taylor also • hold responsible</OldTextValue>
    <NewTextValue>Walter Taylor also  hold responsible</NewTextValue>
  </TextCorrectedLine>
</TextCorrectedBlock>
<TextCorrectedBlock pageOID="AL19041230.1.3" blockID="P3_CB00004" userID="[redacted]">
  <TextCorrectedLine lineID="P3_TL00644">
    <OldTextValue>jI M »y Iff I 111! Ifi j</OldTextValue>
    <NewTextValue>Redlick's Standard Goods   WE WISH ALL A HAPPY AND PROSPEROUS NEW YEAR</NewTextValue>
  </TextCorrectedLine>
  <TextCorrectedLine lineID="P3_TL00645">
    <OldTextValue>J &gt;| Attention Men and Boys |&lt; §</OldTextValue>
    <NewTextValue>Attention Men and Boys</NewTextValue>
  </TextCorrectedLine>
  <TextCorrectedLine lineID="P3_TL00646">
    <OldTextValue>5 An unprecedented Clothing Sale will begin Fri- 5</OldTextValue>
    <NewTextValue>An unprecedented Clothing Sale will begin Fri-</NewTextValue>
  </TextCorrectedLine>
  <TextCorrectedLine lineID="P3_TL00647">
    <OldTextValue>• day, Dec 30, and end Thursday, Jan. 5. •</OldTextValue>
    <NewTextValue>day, Dec 30, and end Thursday, Jan. 5.</NewTextValue>
  </TextCorrectedLine>
  <TextCorrectedLine lineID="P3_TL00648">
    <OldTextValue>§ Hunt the country over and you won't find any better than §</OldTextValue>
    <NewTextValue>Hunt the country over and you won't find any better than</NewTextValue>
  </TextCorrectedLine>
  <TextCorrectedLine lineID="P3_TL00649">
    <OldTextValue>J the Kuppenheimer or Kirshbaum clothing, and that is the goods J</OldTextValue>
    <NewTextValue>the Kuppenheimer or Kirshbaum clothing, and that is the goods</NewTextValue>
  </TextCorrectedLine>
  <TextCorrectedLine lineID="P3_TL00650">
    <OldTextValue>• you will find on ourcounters during this sale. Some sizes are S</OldTextValue>
    <NewTextValue>you will find on ourcounters during this sale. Some sizes are</NewTextValue>
  </TextCorrectedLine>
  <TextCorrectedLine lineID="P3_TL00651">
    <OldTextValue>• missing, that's the reason of the big reductions quoted below. • •</OldTextValue>
    <NewTextValue>missing, that's the reason of the big reductions quoted below.</NewTextValue>
  </TextCorrectedLine>
  <TextCorrectedLine lineID="P3_TL00652">
    <OldTextValue>2 ~ ( '. ' ; ■ ■ ■ — ~ •.</OldTextValue>
    <NewTextValue></NewTextValue>
  </TextCorrectedLine>
  <TextCorrectedLine lineID="P3_TL00653">
    <OldTextValue>J All our $25.00 Men's suits All our $12.50 Youth's All our $7.50 Children's i</OldTextValue>
    <NewTextValue>All our $25.00 Men's suits All our $12.50 Youth's All our $7.50 Children's i</NewTextValue>
  </TextCorrectedLine>
  <TextCorrectedLine lineID="P3_TL00654">
    <OldTextValue>g reduced to - - $17.50 suits reduced to - $9.00 suits reduced to - $600 §</OldTextValue>
    <NewTextValue>reduced to - - $17.50 suits reduced to - $9.00 suits reduced to - $600 §</NewTextValue>
  </TextCorrectedLine>
  <TextCorrectedLine lineID="P3_TL00655">
    <OldTextValue>• All our $20.00 Men's suits All our $10.00 Youth's- All our $6.00 Children's •</OldTextValue>
    <NewTextValue>All our $20.00 Men's suits All our $10.00 Youth's- All our $6.00 Children's •</NewTextValue>
  </TextCorrectedLine>
  <TextCorrectedLine lineID="P3_TL00656">
    <OldTextValue>« reduced to - -'$13.50 suits reduced to - $7.00 v suits reduced to - $4.50 5</OldTextValue>
    <NewTextValue>reduced to - - $13.50 suits reduced to - $7.00 v suits reduced to - $4.50 5</NewTextValue>
  </TextCorrectedLine>
  <TextCorrectedLine lineID="P3_TL00657">
    <OldTextValue>| All our $15.00 Men's suits All our $9.00 Youth's All our $5.00 Children's g</OldTextValue>
    <NewTextValue>All our $15.00 Men's suits All our $9.00 Youth's All our $5.00 Children's g</NewTextValue>
  </TextCorrectedLine>
  <TextCorrectedLine lineID="P3_TL00658">
    <OldTextValue>• reduced to - -$12.50 suits reduced to - $6.00 suits reduced to - $3.75- •</OldTextValue>
    <NewTextValue>reduced to - -$12.50 suits reduced to - $6.00 suits reduced to - $3.75- •</NewTextValue>
  </TextCorrectedLine>
  <TextCorrectedLine lineID="P3_TL00660">
    <OldTextValue>g reduced to - - $9.00 suits reduced to ■ $5.50 suits reduced to - $3.00 g</OldTextValue>
    <NewTextValue>reduced to - - $9.00 suits reduced to  $5.50 suits reduced to - $3.00 g</NewTextValue>
  </TextCorrectedLine>
  <TextCorrectedLine lineID="P3_TL00661">
    <OldTextValue>• All our $10.00 Men's suits All our $5.00 Youth's All our $3.00 Children's •</OldTextValue>
    <NewTextValue>All our $10.00 Men's suits All our $5.00 Youth's All our $3.00 Children's •</NewTextValue>
  </TextCorrectedLine>
  <TextCorrectedLine lineID="P3_TL00662">
    <OldTextValue>J reduced to - - $6-50 suits reduced to - $3.75 suits reduced to - $2.25 1</OldTextValue>
    <NewTextValue>reduced to - - $6-50 suits reduced to - $3.75 suits reduced to - $2.25 1</NewTextValue>
  </TextCorrectedLine>
  <TextCorrectedLine lineID="P3_TL00663">
    <OldTextValue>Q All our $8.00 Men's" suits All our $4.00 Youth's All our $2.50 Children's Q</OldTextValue>
    <NewTextValue>All our $8.00 Men's suits All our $4.00 Youth's All our $2.50 Children's Q</NewTextValue>
  </TextCorrectedLine>
  <TextCorrectedLine lineID="P3_TL00664">
    <OldTextValue>H reduced to - - $5.00 suits reduced to -$2.50 suits reduced to - $1.75 •</OldTextValue>
    <NewTextValue>reduced to - - $5.00 suits reduced to -$2.50 suits reduced to - $1.75 •</NewTextValue>
  </TextCorrectedLine>
</TextCorrectedBlock>
<TextCorrectedBlock pageOID="AL19041230.1.4" blockID="P4_CB00005" userID="[redacted]">
  <TextCorrectedLine lineID="P4_TL00610">
    <OldTextValue>1 gj **w^~</OldTextValue>
    <NewTextValue></NewTextValue>
  </TextCorrectedLine>
</TextCorrectedBlock>
<TextCorrectedBlock pageOID="AL19041230.1.4" blockID="P4_CB00002" userID="[redacted]">
  <TextCorrectedLine lineID="P4_TL00487">
    <OldTextValue>W MEAT MARKET</OldTextValue>
    <NewTextValue>MEAT MARKET</NewTextValue>
  </TextCorrectedLine>
  <TextCorrectedLine lineID="P4_TL00488">
    <OldTextValue>.v North Main st., Jackson, Cal.</OldTextValue>
    <NewTextValue>North Main st., Jackson, Cal.</NewTextValue>
  </TextCorrectedLine>
  <TextCorrectedLine lineID="P4_TL00497">
    <OldTextValue>promptly delivered. jaB</OldTextValue>
    <NewTextValue>promptly delivered.     ja8</NewTextValue>
  </TextCorrectedLine>
</TextCorrectedBlock>
<TextCorrectedBlock pageOID="AL19041230.1.4" blockID="P4_TB00027" userID="[redacted]">
  <TextCorrectedLine lineID="P4_TL00202">
    <OldTextValue>Why are all cowpaths crooked? *.;</OldTextValue>
    <NewTextValue>Why are all cowpaths crooked?</NewTextValue>
  </TextCorrectedLine>
  <TextCorrectedLine lineID="P4_TL00204">
    <OldTextValue>It begins to bear?</OldTextValue>
    <NewTextValue>it begins to bear?</NewTextValue>
  </TextCorrectedLine>
  <TextCorrectedLine lineID="P4_TL00206">
    <OldTextValue>weight before breaking? - . '. •-</OldTextValue>
    <NewTextValue>weight before breaking?</NewTextValue>
  </TextCorrectedLine>
  <TextCorrectedLine lineID="P4_TL00220">
    <OldTextValue>• Can you tell why a horse when teth-</OldTextValue>
    <NewTextValue>Can you tell why a horse when teth-</NewTextValue>
  </TextCorrectedLine>
</TextCorrectedBlock>
<TextCorrectedBlock pageOID="AL19041230.1.4" blockID="P4_TB00027" userID="[redacted]">
  <TextCorrectedLine lineID="P4_TL00215">
    <OldTextValue>Wher-e should a chimney be the lar-</OldTextValue>
    <NewTextValue>Where should a chimney be the lar-</NewTextValue>
  </TextCorrectedLine>
</TextCorrectedBlock>
<TextCorrectedBlock pageOID="AL19041230.1.4" blockID="P4_CB00001" userID="[redacted]">
  <TextCorrectedLine lineID="P4_TL00446">
    <OldTextValue>I A vr/\^wll!11 X he 2 reat rule of health— l '</OldTextValue>
    <NewTextValue>Ayer's Pills  The great rule of health—</NewTextValue>
  </TextCorrectedLine>
  <TextCorrectedLine lineID="P4_TL00447">
    <OldTextValue>AVPfQPI EIC £ ce P the bowels regular.</OldTextValue>
    <NewTextValue>Keep the bowels regular.</NewTextValue>
  </TextCorrectedLine>
  <TextCorrectedLine lineID="P4_TL00448">
    <OldTextValue>U Vj VI Ul 1110 And the great medicine—</OldTextValue>
    <NewTextValue>And the great medicine—</NewTextValue>
  </TextCorrectedLine>
  <TextCorrectedLine lineID="P4_TL00449">
    <OldTextValue>' y ■ AVer's Pills. ■'■■■■%£&amp;?*&amp;.</OldTextValue>
    <NewTextValue>AVer's Pills.   J. C. Ayer Co.,  Lowell, Mass.</NewTextValue>
  </TextCorrectedLine>
  <TextCorrectedLine lineID="P4_TL00450">
    <OldTextValue>Want your moustache or beard RIIPIMMnUAM'QnVC</OldTextValue>
    <NewTextValue>Want your moustache or beard</NewTextValue>
  </TextCorrectedLine>
  <TextCorrectedLine lineID="P4_TL00451">
    <OldTextValue>abeaatifalbrowßorrichblacfcPDse PA,^i^M!aA JXI</OldTextValue>
    <NewTextValue>a beautiful brown or rich black ?  Use BUCKINGHAM'S DYE</NewTextValue>
  </TextCorrectedLine>
  <TextCorrectedLine lineID="P4_TL00452">
    <OldTextValue>PIONEER FLOUR IS PERFECTION-^ -</OldTextValue>
    <NewTextValue>PIONEER FLOUR IS PERFECTION</NewTextValue>
  </TextCorrectedLine>
  <TextCorrectedLine lineID="P4_TL00453">
    <OldTextValue>;:; .rmade From SELECTED WHEAT</OldTextValue>
    <NewTextValue>rmade From SELECTED WHEAT</NewTextValue>
  </TextCorrectedLine>
  <TextCorrectedLine lineID="P4_TL00454">
    <OldTextValue>| Blended According to Our Own Formula</OldTextValue>
    <NewTextValue>Blended According to Our Own Formula</NewTextValue>
  </TextCorrectedLine>
  <TextCorrectedLine lineID="P4_TL00455">
    <OldTextValue>M Produclna Perfect Results and</OldTextValue>
    <NewTextValue>Producing Perfect Results and</NewTextValue>
  </TextCorrectedLine>
  <TextCorrectedLine lineID="P4_TL00456">
    <OldTextValue>a 1 P rea&lt; l Divinely Fair and Feathery Light</OldTextValue>
    <NewTextValue>Bread Divinely Fair and Feathery Light</NewTextValue>
  </TextCorrectedLine>
  <TextCorrectedLine lineID="P4_TL00457">
    <OldTextValue>§? Sweet to the Palate's Touch and</OldTextValue>
    <NewTextValue>Sweet to the Palate's Touch and</NewTextValue>
  </TextCorrectedLine>
  <TextCorrectedLine lineID="P4_TL00458">
    <OldTextValue>. %—— —PIONEER FLOUR IIILB. SHGRJIIEHTO-— •</OldTextValue>
    <NewTextValue>—PIONEER FLOUR MILLS, SACRAMENTO</NewTextValue>
  </TextCorrectedLine>
  <TextCorrectedLine lineID="P4_TL00459">
    <OldTextValue>j livery -stable I</OldTextValue>
    <NewTextValue>ENTERPRISE     livery stable</NewTextValue>
  </TextCorrectedLine>
  <TextCorrectedLine lineID="P4_TL00460">
    <OldTextValue>I £^^^^^^0^ O'NEILL &amp; PODESTA, PROP'S. . |</OldTextValue>
    <NewTextValue>O'NEILL &amp; PODESTA, PROP'S.</NewTextValue>
  </TextCorrectedLine>
  <TextCorrectedLine lineID="P4_TL00461">
    <OldTextValue>« Transient Customers given the. very best of attention, m</OldTextValue>
    <NewTextValue>Transient Customers given the. very best of attention.</NewTextValue>
  </TextCorrectedLine>
  <TextCorrectedLine lineID="P4_TL00462">
    <OldTextValue>S Telegraph and Telephone Orders Promptly *</OldTextValue>
    <NewTextValue>Telegraph and Telephone Orders Promptly</NewTextValue>
  </TextCorrectedLine>
  <TextCorrectedLine lineID="P4_TL00463">
    <OldTextValue>M Attended to. Phone Main 383. •  " , |</OldTextValue>
    <NewTextValue>Attended to. Phone Main 383.</NewTextValue>
  </TextCorrectedLine>
  <TextCorrectedLine lineID="P4_TL00464">
    <OldTextValue>| Four-in-Hands, Surreys, Pole and Single Buggies, Saddle Horses. I</OldTextValue>
    <NewTextValue>Four-in-Hands, Surreys, Pole and Single Buggies, Saddle Horses. I</NewTextValue>
  </TextCorrectedLine>
  <TextCorrectedLine lineID="P4_TL00465">
    <OldTextValue>g MAIN STREET, JACKSON -V^.-^'- CAL. |</OldTextValue>
    <NewTextValue>MAIN STREET, JACKSON   - - - CAL.</NewTextValue>
  </TextCorrectedLine>
  <TextCorrectedLine lineID="P4_TL00466">
    <OldTextValue>•■ ! '» *.".</OldTextValue>
    <NewTextValue></NewTextValue>
  </TextCorrectedLine>
  <TextCorrectedLine lineID="P4_TL00478">
    <OldTextValue>♦♦♦♦♦♦♦♦♦♦♦♦♦♦♦♦♦♦♦♦♦♦♦♦♦♦♦♦♦♦♦♦♦♦♦♦'♦»♦♦»♦»♦♦♦♦♦♦»♦♦♦</OldTextValue>
    <NewTextValue></NewTextValue>
  </TextCorrectedLine>
  <TextCorrectedLine lineID="P4_TL00479">
    <OldTextValue>j W. If. HETT'L! ii</OldTextValue>
    <NewTextValue>W. J. NETTLE</NewTextValue>
  </TextCorrectedLine>
  <TextCorrectedLine lineID="P4_TL00480">
    <OldTextValue>it -</OldTextValue>
    <NewTextValue></NewTextValue>
  </TextCorrectedLine>
  <TextCorrectedLine lineID="P4_TL00481">
    <OldTextValue>jj | CENTRAL * MARKET 1 i|</OldTextValue>
    <NewTextValue>CENTRAL   MARKET</NewTextValue>
  </TextCorrectedLine>
  <TextCorrectedLine lineID="P4_TL00482">
    <OldTextValue>X ' o</OldTextValue>
    <NewTextValue></NewTextValue>
  </TextCorrectedLine>
  <TextCorrectedLine lineID="P4_TL00483">
    <OldTextValue>♦ Fancy Groceries, Fresh Fruits, Vegetables !&gt;</OldTextValue>
    <NewTextValue>Fancy Groceries, Fresh Fruits, Vegetables</NewTextValue>
  </TextCorrectedLine>
  <TextCorrectedLine lineID="P4_TL00484">
    <OldTextValue>• FINE ASSORTMENT OF TEAS AND COFFEES. \ \</OldTextValue>
    <NewTextValue>FINE ASSORTMENT OF TEAS AND COFFEES.</NewTextValue>
  </TextCorrectedLine>
  <TextCorrectedLine lineID="P4_TL00485">
    <OldTextValue>jl 1 FRESH FISH EVERY THURSDAY AND FRIDAY. | jl.</OldTextValue>
    <NewTextValue>FRESH FISH EVERY THURSDAY AND FRIDAY.</NewTextValue>
  </TextCorrectedLine>
  <TextCorrectedLine lineID="P4_TL00486">
    <OldTextValue>o Dntp in. and Compare Price* and be Convinced that You can o</OldTextValue>
    <NewTextValue>Drop in. and Compare Prices and be Convinced that You can o</NewTextValue>
  </TextCorrectedLine>
</TextCorrectedBlock>
