<TextCorrectedBlock pageOID="AL19031106.1.3" blockID="P3_TB00081" userID="[redacted]">
  <TextCorrectedLine lineID="P3_TL00654">
    <OldTextValue>|TUe following instruments have been Died</OldTextValue>
    <NewTextValue>The following instruments have been filed</NewTextValue>
  </TextCorrectedLine>
  <TextCorrectedLine lineID="P3_TL00655">
    <OldTextValue>for record in the recorder's olUce Hi nee our last</OldTextValue>
    <NewTextValue>for record in the recorder's office since our last</NewTextValue>
  </TextCorrectedLine>
  <TextCorrectedLine lineID="P3_TL00657">
    <OldTextValue>ments recorded, and must ducline to accede to</OldTextValue>
    <NewTextValue>ments recorded, and must decline to accede to</NewTextValue>
  </TextCorrectedLine>
  <TextCorrectedLine lineID="P3_TL00658">
    <OldTextValue>any request to suppress auy document from</OldTextValue>
    <NewTextValue>any request to suppress any document from</NewTextValue>
  </TextCorrectedLine>
  <TextCorrectedLine lineID="P3_TL00659">
    <OldTextValue>these columns. Don't ask us to do so.)</OldTextValue>
    <NewTextValue>these columns. Don't ask us to do so.</NewTextValue>
  </TextCorrectedLine>
  <TextCorrectedLine lineID="P3_TL00660">
    <OldTextValue>deeds. x^</OldTextValue>
    <NewTextValue>DEEDS.</NewTextValue>
  </TextCorrectedLine>
</TextCorrectedBlock>
<TextCorrectedBlock pageOID="AL19031106.1.3" blockID="P3_TB00072" userID="[redacted]">
  <TextCorrectedLine lineID="P3_TL00570">
    <OldTextValue>4, Pine Grove, sold for taxos 1894, '95,</OldTextValue>
    <NewTextValue>4, Pine Grove, sold for taxes 1894, '95,</NewTextValue>
  </TextCorrectedLine>
  <TextCorrectedLine lineID="P3_TL00571">
    <OldTextValue>and 'ije, $7.83-</OldTextValue>
    <NewTextValue>and '96, $7.83</NewTextValue>
  </TextCorrectedLine>
  <TextCorrectedLine lineID="P3_TL00572">
    <OldTextValue>Portoous Bros., Contraras quartz</OldTextValue>
    <NewTextValue>Porteous Bros., Contraras quartz</NewTextValue>
  </TextCorrectedLine>
  <TextCorrectedLine lineID="P3_TL00574">
    <OldTextValue>F. A. Serine, lot 1 block 3,' Pine</OldTextValue>
    <NewTextValue>F. A. Serine, lot 1 block 3,  Pine</NewTextValue>
  </TextCorrectedLine>
  <TextCorrectedLine lineID="P3_TL00576">
    <OldTextValue>George Schrooder, lot 5 block 9, lot</OldTextValue>
    <NewTextValue>George Schroeder, lot 5 block 9, lot</NewTextValue>
  </TextCorrectedLine>
</TextCorrectedBlock>
