<TextCorrectedBlock pageOID="AL19040826.1.2" blockID="P2_TB00044" userID="[redacted]">
  <TextCorrectedLine lineID="P2_TL00569">
    <OldTextValue>Democrats from all part* of the</OldTextValue>
    <NewTextValue>Democrats from all parts of the</NewTextValue>
  </TextCorrectedLine>
  <TextCorrectedLine lineID="P2_TL00570">
    <OldTextValue>county gathered in Jackson Satin-day,</OldTextValue>
    <NewTextValue>county gathered in Jackson Saturday,</NewTextValue>
  </TextCorrectedLine>
  <TextCorrectedLine lineID="P2_TL00571">
    <OldTextValue>and about 11 o'clock a. in. woro l«*d by</OldTextValue>
    <NewTextValue>and about 11 o'clock a.m. were led by</NewTextValue>
  </TextCorrectedLine>
  <TextCorrectedLine lineID="P2_TL00573">
    <OldTextValue>where they held the.. regular biennial</OldTextValue>
    <NewTextValue>where they held the regular biennial</NewTextValue>
  </TextCorrectedLine>
  <TextCorrectedLine lineID="P2_TL00574">
    <OldTextValue>convention, tho object of which was to</OldTextValue>
    <NewTextValue>convention, the object of which was to</NewTextValue>
  </TextCorrectedLine>
  <TextCorrectedLine lineID="P2_TL00575">
    <OldTextValue>select delegates to the state and clis-i</OldTextValue>
    <NewTextValue>select delegates to the state and dis-</NewTextValue>
  </TextCorrectedLine>
</TextCorrectedBlock>
<TextCorrectedBlock pageOID="AL19040826.1.2" blockID="P2_TB00043" userID="[redacted]">
  <TextCorrectedLine lineID="P2_TL00549">
    <OldTextValue>man. U S Gregory ivas unanimously</OldTextValue>
    <NewTextValue>man. U S Gregory was unanimously</NewTextValue>
  </TextCorrectedLine>
  <TextCorrectedLine lineID="P2_TL00550">
    <OldTextValue>elected as such, and Judge Rust "and</OldTextValue>
    <NewTextValue>elected as such, and Judge Rust and</NewTextValue>
  </TextCorrectedLine>
  <TextCorrectedLine lineID="P2_TL00557">
    <OldTextValue>spoke for twenty &gt;. minutes, urging all</OldTextValue>
    <NewTextValue>spoke for twenty minutes, urging all</NewTextValue>
  </TextCorrectedLine>
  <TextCorrectedLine lineID="P2_TL00559">
    <OldTextValue>support the nominees- of- the .party.</OldTextValue>
    <NewTextValue>support the nominees of the party.</NewTextValue>
  </TextCorrectedLine>
  <TextCorrectedLine lineID="P2_TL00560">
    <OldTextValue>The chairman felt prtmd of hi 9 county,</OldTextValue>
    <NewTextValue>The chairman felt proud of his county,</NewTextValue>
  </TextCorrectedLine>
</TextCorrectedBlock>
<TextCorrectedBlock pageOID="AL19040826.1.2" blockID="P2_TB00007" userID="[redacted]">
  <TextCorrectedLine lineID="P2_TL00017">
    <OldTextValue>On looking over the hospital' 'record</OldTextValue>
    <NewTextValue>On looking over the hospital record</NewTextValue>
  </TextCorrectedLine>
  <TextCorrectedLine lineID="P2_TL00025">
    <OldTextValue>follows: 45 inmates over 60 year 9of</OldTextValue>
    <NewTextValue>follows: 45 inmates over 60 years of</NewTextValue>
  </TextCorrectedLine>
  <TextCorrectedLine lineID="P2_TL00027">
    <OldTextValue>Tbe youngros' :i' present is 41 years old.</OldTextValue>
    <NewTextValue>Tbe youngest at present is 41 years old.</NewTextValue>
  </TextCorrectedLine>
</TextCorrectedBlock>
<TextCorrectedBlock pageOID="AL19040826.1.2" blockID="P2_CB00003" userID="[redacted]">
  <TextCorrectedLine lineID="P2_TL00731">
    <OldTextValue>I ulnUv/v/niU dKU S. 1</OldTextValue>
    <NewTextValue>GINOCCHIO BRO'S.</NewTextValue>
  </TextCorrectedLine>
  <TextCorrectedLine lineID="P2_TL00732">
    <OldTextValue>I ,^l General Merchandise |</OldTextValue>
    <NewTextValue>Dealers in General Merchandise</NewTextValue>
  </TextCorrectedLine>
  <TextCorrectedLine lineID="P2_TL00733">
    <OldTextValue>H ®&lt;§ Groceries, Furnishing Goods, Shoes, |I</OldTextValue>
    <NewTextValue>Groceries, Furnishing Goods, Shoes,</NewTextValue>
  </TextCorrectedLine>
  <TextCorrectedLine lineID="P2_TL00734">
    <OldTextValue>H Si I? Boots, Paints, Oils, Varnishes, Mining if</OldTextValue>
    <NewTextValue>Boots, Paints, Oils, Varnishes, Mining</NewTextValue>
  </TextCorrectedLine>
  <TextCorrectedLine lineID="P2_TL00735">
    <OldTextValue>;j|§ sf\ Supplies, Lumber, Hardware, Hay, g§</OldTextValue>
    <NewTextValue>Supplies, Lumber, Hardware, Hay,</NewTextValue>
  </TextCorrectedLine>
  <TextCorrectedLine lineID="P2_TL00736">
    <OldTextValue>if Grain, etc., etc. • II</OldTextValue>
    <NewTextValue>Grain, etc., etc.</NewTextValue>
  </TextCorrectedLine>
  <TextCorrectedLine lineID="P2_TL00737">
    <OldTextValue>M Corner Main and Water St. §|</OldTextValue>
    <NewTextValue>Corner Main and Water St.</NewTextValue>
  </TextCorrectedLine>
  <TextCorrectedLine lineID="P2_TL00738">
    <OldTextValue>M JACKSON -;- -- &gt;■ CALIFORNIA Jf</OldTextValue>
    <NewTextValue>JACKSON -- -- CALIFORNIA</NewTextValue>
  </TextCorrectedLine>
</TextCorrectedBlock>
<TextCorrectedBlock pageOID="AL19040826.1.2" blockID="P2_CB00004" userID="[redacted]">
  <TextCorrectedLine lineID="P2_TL00739">
    <OldTextValue>••••••••••••••••••••••••••••••••••••••••••••••••••••a</OldTextValue>
    <NewTextValue></NewTextValue>
  </TextCorrectedLine>
  <TextCorrectedLine lineID="P2_TL00740">
    <OldTextValue>•&lt;* McCALL j* T w f* t • v i 8</OldTextValue>
    <NewTextValue>McCall Bazaar Patterns</NewTextValue>
  </TextCorrectedLine>
  <TextCorrectedLine lineID="P2_TL00741">
    <OldTextValue>;-*"■* :L J. Glavmovich i</OldTextValue>
    <NewTextValue>L J. Glavinovich</NewTextValue>
  </TextCorrectedLine>
  <TextCorrectedLine lineID="P2_TL00742">
    <OldTextValue>! LEADING GROCERY STORE j</OldTextValue>
    <NewTextValue>LEADING GROCERY STORE</NewTextValue>
  </TextCorrectedLine>
  <TextCorrectedLine lineID="P2_TL00743">
    <OldTextValue>5 ; . Furnishing Goods, Boots, 4fc •</OldTextValue>
    <NewTextValue>Groceries, Dry Goods,</NewTextValue>
  </TextCorrectedLine>
  <TextCorrectedLine lineID="P2_TL00744">
    <OldTextValue>5 a Shoes, Toilet Articles, •</OldTextValue>
    <NewTextValue>Furnishing Goods, Boots,</NewTextValue>
  </TextCorrectedLine>
  <TextCorrectedLine lineID="P2_TL00745">
    <OldTextValue>• c 4fe Hardware, Miners' Sup- •</OldTextValue>
    <NewTextValue>Shoes, Toilet Articles,</NewTextValue>
  </TextCorrectedLine>
  <TextCorrectedLine lineID="P2_TL00746">
    <OldTextValue>8 r ,- 8</OldTextValue>
    <NewTextValue>Hardware, Miners' Sup-</NewTextValue>
  </TextCorrectedLine>
  <TextCorrectedLine lineID="P2_TL00747">
    <OldTextValue>• :\ plies, Hay, Grain, Etc. •</OldTextValue>
    <NewTextValue>plies, Hay, Grain, Etc.</NewTextValue>
  </TextCorrectedLine>
  <TextCorrectedLine lineID="P2_TL00748">
    <OldTextValue>• n : : ;.-.::,.; : c 8</OldTextValue>
    <NewTextValue></NewTextValue>
  </TextCorrectedLine>
  <TextCorrectedLine lineID="P2_TL00749">
    <OldTextValue>8 Cor. Main &amp; Court Streets , }</OldTextValue>
    <NewTextValue>Cor. Main &amp; Court Streets</NewTextValue>
  </TextCorrectedLine>
  <TextCorrectedLine lineID="P2_TL00750">
    <OldTextValue>8 McCALL 8</OldTextValue>
    <NewTextValue>McCALL</NewTextValue>
  </TextCorrectedLine>
  <TextCorrectedLine lineID="P2_TL00751">
    <OldTextValue>8 JACKSON, .I^-- CAL. \Ba2aarPatterns\\ Ba2aarPattern5 \</OldTextValue>
    <NewTextValue>JACKSON, -- CAL.     McCall Bazaar Patterns</NewTextValue>
  </TextCorrectedLine>
</TextCorrectedBlock>
<TextCorrectedBlock pageOID="AL19040826.1.2" blockID="P2_CB00007" userID="[redacted]">
  <TextCorrectedLine lineID="P2_TL00795">
    <OldTextValue>Fortunes in GINSENG, 60LDEN SEAL and</OldTextValue>
    <NewTextValue>Fortunes in GINSENG, G0LDEN SEAL and</NewTextValue>
  </TextCorrectedLine>
  <TextCorrectedLine lineID="P2_TL00796">
    <OldTextValue>SENE6 A. all valuable medical plants. Easily</OldTextValue>
    <NewTextValue>SENEGA. all valuable medical plants. Easily</NewTextValue>
  </TextCorrectedLine>
  <TextCorrectedLine lineID="P2_TL00799">
    <OldTextValue>in your garden to grow thousands ol dollars 1</OldTextValue>
    <NewTextValue>in your garden to grow thousands ol dollars</NewTextValue>
  </TextCorrectedLine>
  <TextCorrectedLine lineID="P2_TL00804">
    <OldTextValue>I BORN.</OldTextValue>
    <NewTextValue>BORN.</NewTextValue>
  </TextCorrectedLine>
  <TextCorrectedLine lineID="P2_TL00805">
    <OldTextValue>BIRO— At Electra, August 23, 19W, to tho wife</OldTextValue>
    <NewTextValue>BIRD— At Electra, August 23, 1904, to the wife</NewTextValue>
  </TextCorrectedLine>
  <TextCorrectedLine lineID="P2_TL00806">
    <OldTextValue>of J. Bird, a daughter. - ~</OldTextValue>
    <NewTextValue>of J. Bird, a daughter.</NewTextValue>
  </TextCorrectedLine>
  <TextCorrectedLine lineID="P2_TL00807">
    <OldTextValue>DARLING— In Oleta, August 17, 1004. to. Mr.</OldTextValue>
    <NewTextValue>DARLING— In Oleta, August 17, 1904. to. Mr.</NewTextValue>
  </TextCorrectedLine>
  <TextCorrectedLine lineID="P2_TL00809">
    <OldTextValue>THOMAS— HOSKINO— In Jackson, August 80,</OldTextValue>
    <NewTextValue>THOMAS — HOSKING— In Jackson, August 20,</NewTextValue>
  </TextCorrectedLine>
  <TextCorrectedLine lineID="P2_TL00812">
    <OldTextValue>DIED. r</OldTextValue>
    <NewTextValue>DIED.</NewTextValue>
  </TextCorrectedLine>
  <TextCorrectedLine lineID="P2_TL00813">
    <OldTextValue>CAMINETTI— Near Jackson, August m, 1004,</OldTextValue>
    <NewTextValue>CAMINETTI— Near Jackson, August 24, 1904,</NewTextValue>
  </TextCorrectedLine>
  <TextCorrectedLine lineID="P2_TL00824">
    <OldTextValue>POLITICAL CARDS.* ;</OldTextValue>
    <NewTextValue>POLITICAL CARDS.</NewTextValue>
  </TextCorrectedLine>
</TextCorrectedBlock>
<TextCorrectedBlock pageOID="AL19040826.1.3" blockID="P3_TB00023" userID="[redacted]">
  <TextCorrectedLine lineID="P3_TL00200">
    <OldTextValue>the Southern Pacific Company is' in</OldTextValue>
    <NewTextValue>the Southern Pacific Company is in</NewTextValue>
  </TextCorrectedLine>
  <TextCorrectedLine lineID="P3_TL00201">
    <OldTextValue>control of the movement tp extend the</OldTextValue>
    <NewTextValue>control of the movement to extend the</NewTextValue>
  </TextCorrectedLine>
  <TextCorrectedLine lineID="P3_TL00206">
    <OldTextValue>tho line is intended for a broad gauge</OldTextValue>
    <NewTextValue>the line is intended for a broad gauge</NewTextValue>
  </TextCorrectedLine>
</TextCorrectedBlock>
<TextCorrectedBlock pageOID="AL19040826.1.3" blockID="P3_TB00128" userID="[redacted]">
  <TextCorrectedLine lineID="P3_TL01144">
    <OldTextValue>and charge them; (he last duty being</OldTextValue>
    <NewTextValue>and charge them; the last duty being</NewTextValue>
  </TextCorrectedLine>
  <TextCorrectedLine lineID="P3_TL01145">
    <OldTextValue>to light the 'fuse, each mau lighting</OldTextValue>
    <NewTextValue>to light the fuse, each man lighting</NewTextValue>
  </TextCorrectedLine>
  <TextCorrectedLine lineID="P3_TL01150">
    <OldTextValue>of tho way. The fuses are 8 feet In</OldTextValue>
    <NewTextValue>of the way. The fuses are 8 feet In</NewTextValue>
  </TextCorrectedLine>
  <TextCorrectedLine lineID="P3_TL01152">
    <OldTextValue>about 41 minutes before the blast goes</OldTextValue>
    <NewTextValue>about 4-1/2 minutes before the blast goes</NewTextValue>
  </TextCorrectedLine>
  <TextCorrectedLine lineID="P3_TL01157">
    <OldTextValue>It had been repeatedly timed, ° and</OldTextValue>
    <NewTextValue>It had been repeatedly timed, and</NewTextValue>
  </TextCorrectedLine>
  <TextCorrectedLine lineID="P3_TL01164">
    <OldTextValue>the men bad completed the lighting of</OldTextValue>
    <NewTextValue>the men had completed the lighting of</NewTextValue>
  </TextCorrectedLine>
  <TextCorrectedLine lineID="P3_TL01167">
    <OldTextValue>Scatena and Quinn, -were so badly</OldTextValue>
    <NewTextValue>Scatena and Quinn, were so badly</NewTextValue>
  </TextCorrectedLine>
  <TextCorrectedLine lineID="P3_TL01175">
    <OldTextValue>the sizo of a walnut, - which plowed a</OldTextValue>
    <NewTextValue>the size of a walnut, - which plowed a</NewTextValue>
  </TextCorrectedLine>
  <TextCorrectedLine lineID="P3_TL01177">
    <OldTextValue>to make good his escape tp shelter</OldTextValue>
    <NewTextValue>to make good his escape to shelter</NewTextValue>
  </TextCorrectedLine>
  <TextCorrectedLine lineID="P3_TL01178">
    <OldTextValue>after the Bret premature explosion oc-</OldTextValue>
    <NewTextValue>after the first premature explosion oc-</NewTextValue>
  </TextCorrectedLine>
</TextCorrectedBlock>
<TextCorrectedBlock pageOID="AL19040826.1.3" blockID="P3_TB00008" userID="[redacted]">
  <TextCorrectedLine lineID="P3_TL00088">
    <OldTextValue>They were all 8 feet locg. Never, made</OldTextValue>
    <NewTextValue>They were all 8 feet long. Never, made</NewTextValue>
  </TextCorrectedLine>
  <TextCorrectedLine lineID="P3_TL00094">
    <OldTextValue>get the blpw-pipe to clear it. Would</OldTextValue>
    <NewTextValue>get the blow-pipe to clear it. Would</NewTextValue>
  </TextCorrectedLine>
  <TextCorrectedLine lineID="P3_TL00096">
    <OldTextValue>put powder in the hole before blpwing,</OldTextValue>
    <NewTextValue>put powder in the hole before blowing,</NewTextValue>
  </TextCorrectedLine>
  <TextCorrectedLine lineID="P3_TL00098">
    <OldTextValue>compressed air all the dubris in the</OldTextValue>
    <NewTextValue>compressed air all the debris in the</NewTextValue>
  </TextCorrectedLine>
  <TextCorrectedLine lineID="P3_TL00109">
    <OldTextValue>the new fuse recommenced it as th,e</OldTextValue>
    <NewTextValue>the new fuse recommenced it as the</NewTextValue>
  </TextCorrectedLine>
  <TextCorrectedLine lineID="P3_TL00110">
    <OldTextValue>best fuse. Cpuld not say hqw the</OldTextValue>
    <NewTextValue>best fuse. Could not say how the</NewTextValue>
  </TextCorrectedLine>
  <TextCorrectedLine lineID="P3_TL00111">
    <OldTextValue>premature discharge occurred. Thinl?</OldTextValue>
    <NewTextValue>premature discharge occurred. Think</NewTextValue>
  </TextCorrectedLine>
  <TextCorrectedLine lineID="P3_TL00112">
    <OldTextValue>it must have happened by blowing put</OldTextValue>
    <NewTextValue>it must have happened by blowing out</NewTextValue>
  </TextCorrectedLine>
  <TextCorrectedLine lineID="P3_TL00117">
    <OldTextValue>fore all the boles bad been* lighted.</OldTextValue>
    <NewTextValue>fore all the boles bad been lighted.</NewTextValue>
  </TextCorrectedLine>
  <TextCorrectedLine lineID="P3_TL00118">
    <OldTextValue>Did not believe the fuse had time tp</OldTextValue>
    <NewTextValue>Did not believe the fuse had time to</NewTextValue>
  </TextCorrectedLine>
</TextCorrectedBlock>
<TextCorrectedBlock pageOID="AL19040826.1.3" blockID="P3_TB00092" userID="[redacted]">
  <TextCorrectedLine lineID="P3_TL00811">
    <OldTextValue>Wilson, S. J. Pearpe, J,. Datsfln, Geo.</OldTextValue>
    <NewTextValue>Wilson, S. J. Pearce, J,. Datson, Geo.</NewTextValue>
  </TextCorrectedLine>
  <TextCorrectedLine lineID="P3_TL00812">
    <OldTextValue>4ennjngs..</OldTextValue>
    <NewTextValue>Jennings..</NewTextValue>
  </TextCorrectedLine>
</TextCorrectedBlock>
<TextCorrectedBlock pageOID="AL19040826.1.3" blockID="P3_TB00091" userID="[redacted]">
  <TextCorrectedLine lineID="P3_TL00802">
    <OldTextValue>Permanent organization and order pf</OldTextValue>
    <NewTextValue>Permanent organization and order of</NewTextValue>
  </TextCorrectedLine>
  <TextCorrectedLine lineID="P3_TL00803">
    <OldTextValue>business^. Q. AmicV, chairman; F.</OldTextValue>
    <NewTextValue>business E. G. Amick, chairman; F.</NewTextValue>
  </TextCorrectedLine>
  <TextCorrectedLine lineID="P3_TL00804">
    <OldTextValue>D,uden, W. E.. J£ent, F. Werner, P. J.</OldTextValue>
    <NewTextValue>Duden, W. E.. Kent, F. Werner, P. J.</NewTextValue>
  </TextCorrectedLine>
  <TextCorrectedLine lineID="P3_TL00806">
    <OldTextValue>ster, O. W.VVrigglesworth, S. Davis,</OldTextValue>
    <NewTextValue>ster, O. W. Wrigglesworth, S. Davis,</NewTextValue>
  </TextCorrectedLine>
  <TextCorrectedLine lineID="P3_TL00807">
    <OldTextValue>Chas. De Yore.</OldTextValue>
    <NewTextValue>Chas. De Vore.</NewTextValue>
  </TextCorrectedLine>
</TextCorrectedBlock>
<TextCorrectedBlock pageOID="AL19040826.1.2" blockID="P2_CB00013" userID="[redacted]">
  <TextCorrectedLine lineID="P2_TL00999">
    <OldTextValue>you can make it rich? -;[V</OldTextValue>
    <NewTextValue>you can make it rich?</NewTextValue>
  </TextCorrectedLine>
</TextCorrectedBlock>
<TextCorrectedBlock pageOID="AL19040826.1.2" blockID="P2_CB00002" userID="[redacted]">
  <TextCorrectedLine lineID="P2_TL00709">
    <OldTextValue>A. clCcir nead. is sought by</OldTextValue>
    <NewTextValue>A. clear head is sought by</NewTextValue>
  </TextCorrectedLine>
  <TextCorrectedLine lineID="P2_TL00716">
    <OldTextValue>. ,vV will despise ; yet only a clean</OldTextValue>
    <NewTextValue>will despise ; yet only a clean</NewTextValue>
  </TextCorrectedLine>
  <TextCorrectedLine lineID="P2_TL00719">
    <OldTextValue>for every day; and &gt;</OldTextValue>
    <NewTextValue>for every day; and a</NewTextValue>
  </TextCorrectedLine>
  <TextCorrectedLine lineID="P2_TL00720">
    <OldTextValue>dean stomach is secured by using</OldTextValue>
    <NewTextValue>clean stomach is secured by using</NewTextValue>
  </TextCorrectedLine>
  <TextCorrectedLine lineID="P2_TL00722">
    <OldTextValue>laxative tablets— pleasant to take, ' -</OldTextValue>
    <NewTextValue>laxative tablets— pleasant to take,</NewTextValue>
  </TextCorrectedLine>
  <TextCorrectedLine lineID="P2_TL00725">
    <OldTextValue>' . one style and one package. 24</OldTextValue>
    <NewTextValue>one style and one package. 24</NewTextValue>
  </TextCorrectedLine>
  <TextCorrectedLine lineID="P2_TL00727">
    <OldTextValue>BWBBT SAGRADOS COMPANY</OldTextValue>
    <NewTextValue>SWEET SAGRADOS COMPANY</NewTextValue>
  </TextCorrectedLine>
  <TextCorrectedLine lineID="P2_TL00728">
    <OldTextValue>K«W YORK— SAH FRANCISCO</OldTextValue>
    <NewTextValue>NEW YORK— SAN FRANCISCO</NewTextValue>
  </TextCorrectedLine>
</TextCorrectedBlock>
<TextCorrectedBlock pageOID="AL19040826.1.2" blockID="P2_TB00010" userID="[redacted]">
  <TextCorrectedLine lineID="P2_TL00091">
    <OldTextValue>any request to snpprn-is any document from</OldTextValue>
    <NewTextValue>any request to suppress any document from</NewTextValue>
  </TextCorrectedLine>
  <TextCorrectedLine lineID="P2_TL00092">
    <OldTextValue>these columns. Do-j - r. ash us to do so.]</OldTextValue>
    <NewTextValue>these columns. Don't ask us to do so.]</NewTextValue>
  </TextCorrectedLine>
  <TextCorrectedLine lineID="P2_TL00095">
    <OldTextValue>M. Wishard to Thomas Maher— l6o</OldTextValue>
    <NewTextValue>M. Wishard to Thomas Maher—160</NewTextValue>
  </TextCorrectedLine>
  <TextCorrectedLine lineID="P2_TL00099">
    <OldTextValue>$10. ■•. :.-, j...-;</OldTextValue>
    <NewTextValue>$10.</NewTextValue>
  </TextCorrectedLine>
</TextCorrectedBlock>
<TextCorrectedBlock pageOID="AL19040826.1.3" blockID="P3_TB00114" userID="[redacted]">
  <TextCorrectedLine lineID="P3_TL00961">
    <OldTextValue>Costa shoes just right. The old</OldTextValue>
    <NewTextValue>Costa shoes just right. The old stand.</NewTextValue>
  </TextCorrectedLine>
  <TextCorrectedLine lineID="P3_TL00962">
    <OldTextValue>Potter's is now the bargain 6tore of</OldTextValue>
    <NewTextValue>Potter's is now the bargain store of Plymouth</NewTextValue>
  </TextCorrectedLine>
  <TextCorrectedLine lineID="P3_TL00964">
    <OldTextValue>md still is toe beat.</OldTextValue>
    <NewTextValue>and still is the best.</NewTextValue>
  </TextCorrectedLine>
  <TextCorrectedLine lineID="P3_TL00969">
    <OldTextValue>Ernest Spagnoll left Sunday morning</OldTextValue>
    <NewTextValue>Ernest Spagnoli left Sunday morning</NewTextValue>
  </TextCorrectedLine>
  <TextCorrectedLine lineID="P3_TL00976">
    <OldTextValue>J. F.-Wtiison, Dentist. Hours 9a. m.</OldTextValue>
    <NewTextValue>J. F.-Wilson, Dentist. Hours 9a. m.</NewTextValue>
  </TextCorrectedLine>
  <TextCorrectedLine lineID="P3_TL00977">
    <OldTextValue>to sp. m. Phone Main 404. Jackson,</OldTextValue>
    <NewTextValue>to 4 p. m. Phone Main 404. Jackson,</NewTextValue>
  </TextCorrectedLine>
  <TextCorrectedLine lineID="P3_TL00978">
    <OldTextValue>Cal. . •</OldTextValue>
    <NewTextValue>Cal.</NewTextValue>
  </TextCorrectedLine>
</TextCorrectedBlock>
<TextCorrectedBlock pageOID="AL19040826.1.3" blockID="P3_TB00139" userID="[redacted]">
  <TextCorrectedLine lineID="P3_TL01196">
    <OldTextValue>andenlHvged M. E. church wer« held</OldTextValue>
    <NewTextValue>and enlarged M. E. church were held</NewTextValue>
  </TextCorrectedLine>
</TextCorrectedBlock>
