<TextCorrectedBlock pageOID="AL19020221.1.1" blockID="P1_CB00001" userID="[redacted]">
  <TextCorrectedLine lineID="P1_TL01032">
    <OldTextValue>f~\&gt; I*. SPAGNOLI ; ■'■'•J:'.</OldTextValue>
    <NewTextValue>D. B. SPAGNOLI</NewTextValue>
  </TextCorrectedLine>
  <TextCorrectedLine lineID="P1_TL01033">
    <OldTextValue>„ Attorney 11ml founsrlor at Law</OldTextValue>
    <NewTextValue>Attorney and counselor at Law</NewTextValue>
  </TextCorrectedLine>
  <TextCorrectedLine lineID="P1_TL01034">
    <OldTextValue>Jackson, Cai*</OldTextValue>
    <NewTextValue>Jackson, Cal</NewTextValue>
  </TextCorrectedLine>
  <TextCorrectedLine lineID="P1_TL01035">
    <OldTextValue>Practice in all tho States aod Federal courts</OldTextValue>
    <NewTextValue>Practice in all the States aod Federal courts</NewTextValue>
  </TextCorrectedLine>
  <TextCorrectedLine lineID="P1_TL01036">
    <OldTextValue>Offlce: Spagnoli building, opposite Hull tl</OldTextValue>
    <NewTextValue>Offlce: Spagnoli building, opposite Hall of</NewTextValue>
  </TextCorrectedLine>
  <TextCorrectedLine lineID="P1_TL01038">
    <OldTextValue>T^EII, A. MAI'UI'AKUIK</OldTextValue>
    <NewTextValue>Neil A. MacQuarrie</NewTextValue>
  </TextCorrectedLine>
  <TextCorrectedLine lineID="P1_TL01039">
    <OldTextValue>Attorney and Counselor at l.nvv</OldTextValue>
    <NewTextValue>Attorney and Counselor at Law</NewTextValue>
  </TextCorrectedLine>
  <TextCorrectedLine lineID="P1_TL01042">
    <OldTextValue>T W. CALUWELL : .</OldTextValue>
    <NewTextValue>J. W. CALDWELL : .</NewTextValue>
  </TextCorrectedLine>
  <TextCorrectedLine lineID="P1_TL01043">
    <OldTextValue>Attorney-at-La™,</OldTextValue>
    <NewTextValue>Attorney-at-Law</NewTextValue>
  </TextCorrectedLine>
  <TextCorrectedLine lineID="P1_TL01046">
    <OldTextValue>TOHN F. DAVIS</OldTextValue>
    <NewTextValue>JOHN F. DAVIS</NewTextValue>
  </TextCorrectedLine>
  <TextCorrectedLine lineID="P1_TL01048">
    <OldTextValue>" Jackson, Cai.</OldTextValue>
    <NewTextValue>Jackson, Cai.</NewTextValue>
  </TextCorrectedLine>
  <TextCorrectedLine lineID="P1_TL01049">
    <OldTextValue>Offlce on Summit Street, opposite CourthoubO</OldTextValue>
    <NewTextValue>Offlce on Summit Street, opposite Courthouse</NewTextValue>
  </TextCorrectedLine>
  <TextCorrectedLine lineID="P1_TL01050">
    <OldTextValue>' '___</OldTextValue>
    <NewTextValue></NewTextValue>
  </TextCorrectedLine>
  <TextCorrectedLine lineID="P1_TL01051">
    <OldTextValue>JACOB L. SAUUKST</OldTextValue>
    <NewTextValue>JACOB L. SARGENT</NewTextValue>
  </TextCorrectedLine>
  <TextCorrectedLine lineID="P1_TL01053">
    <OldTextValue>Jackson, Cau</OldTextValue>
    <NewTextValue>Jackson, Cal</NewTextValue>
  </TextCorrectedLine>
  <TextCorrectedLine lineID="P1_TL01062">
    <OldTextValue>■</OldTextValue>
    <NewTextValue></NewTextValue>
  </TextCorrectedLine>
  <TextCorrectedLine lineID="P1_TL01063">
    <OldTextValue>Tjl E. ENDICOTT, M. I&gt;.</OldTextValue>
    <NewTextValue>E. E. ENDICOTT, M. D.</NewTextValue>
  </TextCorrectedLine>
  <TextCorrectedLine lineID="P1_TL01065">
    <OldTextValue>Jackson, Cau</OldTextValue>
    <NewTextValue>Jackson, Cal</NewTextValue>
  </TextCorrectedLine>
  <TextCorrectedLine lineID="P1_TL01068">
    <OldTextValue>TTVK. L. E. PHILLIPS</OldTextValue>
    <NewTextValue>Dr. L. E. PHILLIPS</NewTextValue>
  </TextCorrectedLine>
  <TextCorrectedLine lineID="P1_TL01069">
    <OldTextValue>D</OldTextValue>
    <NewTextValue></NewTextValue>
  </TextCorrectedLine>
  <TextCorrectedLine lineID="P1_TL01076">
    <OldTextValue>T^K. COKKY</OldTextValue>
    <NewTextValue>Dr. COREY</NewTextValue>
  </TextCorrectedLine>
  <TextCorrectedLine lineID="P1_TL01077">
    <OldTextValue>Pl'liysii-kin and Surgeon</OldTextValue>
    <NewTextValue>Physician and Surgeon</NewTextValue>
  </TextCorrectedLine>
  <TextCorrectedLine lineID="P1_TL01078">
    <OldTextValue>SACRAMENTO, UAL.,</OldTextValue>
    <NewTextValue>SACRAMENTO, CAL.,</NewTextValue>
  </TextCorrectedLine>
</TextCorrectedBlock>
