<TextCorrectedBlock pageOID="AL19110224.1.2" blockID="P2_CB00001" userID="[redacted]">
  <TextCorrectedLine lineID="P2_TL00381">
    <OldTextValue>Jf|*Kfr*mK»KBK*B«!^!^^</OldTextValue>
    <NewTextValue></NewTextValue>
  </TextCorrectedLine>
  <TextCorrectedLine lineID="P2_TL00382">
    <OldTextValue>&amp; New Management '*</OldTextValue>
    <NewTextValue>New Management</NewTextValue>
  </TextCorrectedLine>
  <TextCorrectedLine lineID="P2_TL00383">
    <OldTextValue>1 Globe Hotel I</OldTextValue>
    <NewTextValue>Globe Hotel</NewTextValue>
  </TextCorrectedLine>
  <TextCorrectedLine lineID="P2_TL00384">
    <OldTextValue>| ; . W. 0. Green &amp; Son, Prop's j|</OldTextValue>
    <NewTextValue>W. O. Green &amp; Son, Prop's</NewTextValue>
  </TextCorrectedLine>
  <TextCorrectedLine lineID="P2_TL00385">
    <OldTextValue>i Board and Lodging at $</OldTextValue>
    <NewTextValue>Board and Lodging at</NewTextValue>
  </TextCorrectedLine>
  <TextCorrectedLine lineID="P2_TL00386">
    <OldTextValue>4 Reasonable Rates. Sample ?■</OldTextValue>
    <NewTextValue>Reasonable Rates. Sample</NewTextValue>
  </TextCorrectedLine>
  <TextCorrectedLine lineID="P2_TL00387">
    <OldTextValue>!■ Rooms for Commercial &gt;|</OldTextValue>
    <NewTextValue>Rooms for Commercial</NewTextValue>
  </TextCorrectedLine>
  <TextCorrectedLine lineID="P2_TL00388">
    <OldTextValue>| Travelers. All Stages Stop |</OldTextValue>
    <NewTextValue>Travelers. All Stages Stop</NewTextValue>
  </TextCorrectedLine>
  <TextCorrectedLine lineID="P2_TL00389">
    <OldTextValue>| at This Hotel . |</OldTextValue>
    <NewTextValue>at This Hotel</NewTextValue>
  </TextCorrectedLine>
  <TextCorrectedLine lineID="P2_TL00390">
    <OldTextValue>Is $</OldTextValue>
    <NewTextValue></NewTextValue>
  </TextCorrectedLine>
  <TextCorrectedLine lineID="P2_TL00391">
    <OldTextValue>| JACKSON |</OldTextValue>
    <NewTextValue>JACKSON</NewTextValue>
  </TextCorrectedLine>
  <TextCorrectedLine lineID="P2_TL00392">
    <OldTextValue>| Amador Co., Calif. |</OldTextValue>
    <NewTextValue>Amador Co., Calif.</NewTextValue>
  </TextCorrectedLine>
</TextCorrectedBlock>
<TextCorrectedBlock pageOID="AL19110224.1.3" blockID="P3_CB00002" userID="[redacted]">
  <TextCorrectedLine lineID="P3_TL00018">
    <OldTextValue>jgfck oaic nere.</OldTextValue>
    <NewTextValue>Sale here.</NewTextValue>
  </TextCorrectedLine>
  <TextCorrectedLine lineID="P3_TL00019">
    <OldTextValue>ffiKA These Shoes are</OldTextValue>
    <NewTextValue>These Shoes are</NewTextValue>
  </TextCorrectedLine>
  <TextCorrectedLine lineID="P3_TL00022">
    <OldTextValue>\ 1" GLOVES Are</OldTextValue>
    <NewTextValue>GLOVES Are</NewTextValue>
  </TextCorrectedLine>
  <TextCorrectedLine lineID="P3_TL00023">
    <OldTextValue>jT ■ WARRANTED</OldTextValue>
    <NewTextValue>WARRANTED</NewTextValue>
  </TextCorrectedLine>
  <TextCorrectedLine lineID="P3_TL00024">
    <OldTextValue>ffiSlS^ IVIEMO Corset 1</OldTextValue>
    <NewTextValue>NEMO Corset  Leads ALL</NewTextValue>
  </TextCorrectedLine>
  <TextCorrectedLine lineID="P3_TL00025">
    <OldTextValue>*JKH\ //f/ t &lt;J Others for</OldTextValue>
    <NewTextValue>Others for</NewTextValue>
  </TextCorrectedLine>
  <TextCorrectedLine lineID="P3_TL00026">
    <OldTextValue>V vxw/(( st v |c and Com -</OldTextValue>
    <NewTextValue>Style and Com -</NewTextValue>
  </TextCorrectedLine>
  <TextCorrectedLine lineID="P3_TL00027">
    <OldTextValue>\ 1 1! Ya\\ f ° rt - No ° ther</OldTextValue>
    <NewTextValue>fort.  No other</NewTextValue>
  </TextCorrectedLine>
  <TextCorrectedLine lineID="P3_TL00028">
    <OldTextValue>\Mu/\\\ Corset Reduces</OldTextValue>
    <NewTextValue>Corset Reduces</NewTextValue>
  </TextCorrectedLine>
  <TextCorrectedLine lineID="P3_TL00029">
    <OldTextValue>Vat //A \ Tall or Medium</OldTextValue>
    <NewTextValue>Tall or Medium</NewTextValue>
  </TextCorrectedLine>
  <TextCorrectedLine lineID="P3_TL00030">
    <OldTextValue>/■■-*-"•» \\ Stout Figures</OldTextValue>
    <NewTextValue>Stout Figures</NewTextValue>
  </TextCorrectedLine>
  <TextCorrectedLine lineID="P3_TL00031">
    <OldTextValue>I /t\ \ \ More Effectlve-</OldTextValue>
    <NewTextValue>More Effective-</NewTextValue>
  </TextCorrectedLine>
  <TextCorrectedLine lineID="P3_TL00032">
    <OldTextValue>m^, \Ji ly and so Com-</OldTextValue>
    <NewTextValue>ly and so Com-</NewTextValue>
  </TextCorrectedLine>
  <TextCorrectedLine lineID="P3_TL00033">
    <OldTextValue>r nitfi I y\ lam Exclusive</OldTextValue>
    <NewTextValue>l am Exclusive</NewTextValue>
  </TextCorrectedLine>
  <TextCorrectedLine lineID="P3_TL00034">
    <OldTextValue>(.yKW?"«_ Aoent for These</OldTextValue>
    <NewTextValue>Agent for These</NewTextValue>
  </TextCorrectedLine>
</TextCorrectedBlock>
<TextCorrectedBlock pageOID="AL19110224.1.5" blockID="P5_TB00059" userID="[redacted]">
  <TextCorrectedLine lineID="P5_TL00296">
    <OldTextValue>J. 1«. Wilson. Dentist. Hours !) a</OldTextValue>
    <NewTextValue>J. F.  Wilson. Dentist. Hours 9 a.</NewTextValue>
  </TextCorrectedLine>
  <TextCorrectedLine lineID="P5_TL00297">
    <OldTextValue>• to. to 5 p. m. Phone — Otiice, Main</OldTextValue>
    <NewTextValue>m. to. to 5 p. m. Phone — Otiice, Main</NewTextValue>
  </TextCorrectedLine>
  <TextCorrectedLine lineID="P5_TL00301">
    <OldTextValue>•^vacation with friends in that city.</OldTextValue>
    <NewTextValue>vacation with friends in that city.</NewTextValue>
  </TextCorrectedLine>
  <TextCorrectedLine lineID="P5_TL00303">
    <OldTextValue>/vacation in Stockton and San Fran</OldTextValue>
    <NewTextValue>vacation in Stockton and San Fran</NewTextValue>
  </TextCorrectedLine>
  <TextCorrectedLine lineID="P5_TL00306">
    <OldTextValue>. home in Jackson in the early part of</OldTextValue>
    <NewTextValue>home in Jackson in the early part of</NewTextValue>
  </TextCorrectedLine>
  <TextCorrectedLine lineID="P5_TL00309">
    <OldTextValue>(Jrickelair of San Francisco.</OldTextValue>
    <NewTextValue>Crickelair of San Francisco.</NewTextValue>
  </TextCorrectedLine>
  <TextCorrectedLine lineID="P5_TL00310">
    <OldTextValue>. Mr Porter, one of the capitalists in-</OldTextValue>
    <NewTextValue>Mr Porter, one of the capitalists in-</NewTextValue>
  </TextCorrectedLine>
  <TextCorrectedLine lineID="P5_TL00316">
    <OldTextValue>,is looked for with the advent of spring</OldTextValue>
    <NewTextValue>is looked for with the advent of spring</NewTextValue>
  </TextCorrectedLine>
  <TextCorrectedLine lineID="P5_TL00318">
    <OldTextValue>.Jackson. It is trie least prospected</OldTextValue>
    <NewTextValue>Jackson. It is trie least prospected</NewTextValue>
  </TextCorrectedLine>
  <TextCorrectedLine lineID="P5_TL00319">
    <OldTextValue>-section of the mother lode, notwith-</OldTextValue>
    <NewTextValue>section of the mother lode, notwith-</NewTextValue>
  </TextCorrectedLine>
  <TextCorrectedLine lineID="P5_TL00328">
    <OldTextValue>.along the coast, with hopes of regain-</OldTextValue>
    <NewTextValue>along the coast, with hopes of regain-</NewTextValue>
  </TextCorrectedLine>
  <TextCorrectedLine lineID="P5_TL00337">
    <OldTextValue>lone .on Tuesday last, and delivered an</OldTextValue>
    <NewTextValue>lone on Tuesday last, and delivered an</NewTextValue>
  </TextCorrectedLine>
  <TextCorrectedLine lineID="P5_TL00348">
    <OldTextValue>Wm. H. (ireenhalgh, county school</OldTextValue>
    <NewTextValue>Wm. H. Greenhalgh, county school</NewTextValue>
  </TextCorrectedLine>
</TextCorrectedBlock>
<TextCorrectedBlock pageOID="AL19110224.1.5" blockID="P5_TB00059" userID="[redacted]">
  <TextCorrectedLine lineID="P5_TL00353">
    <OldTextValue>school on Tuesday lust, and delivered</OldTextValue>
    <NewTextValue>school on Tuesday last, and delivered</NewTextValue>
  </TextCorrectedLine>
</TextCorrectedBlock>
<TextCorrectedBlock pageOID="AL19110224.1.5" blockID="P5_CB00007" userID="[redacted]">
  <TextCorrectedLine lineID="P5_TL00717">
    <OldTextValue>partnership heretofore existing bu</OldTextValue>
    <NewTextValue>partnership heretofore existing be</NewTextValue>
  </TextCorrectedLine>
  <TextCorrectedLine lineID="P5_TL00718">
    <OldTextValue>tween VV. J. Nettle jr., and Chas. E.</OldTextValue>
    <NewTextValue>tween W. J. Nettle jr., and Chas. E.</NewTextValue>
  </TextCorrectedLine>
  <TextCorrectedLine lineID="P5_TL00722">
    <OldTextValue>Main otrcet, Jackson, Cat., has this</OldTextValue>
    <NewTextValue>Main street, Jackson, Cal., has this</NewTextValue>
  </TextCorrectedLine>
  <TextCorrectedLine lineID="P5_TL00726">
    <OldTextValue>Individually, who will |iay all bills</OldTextValue>
    <NewTextValue>individually, who will pay all bills</NewTextValue>
  </TextCorrectedLine>
  <TextCorrectedLine lineID="P5_TL00728">
    <OldTextValue>accounts due said linn are payable,</OldTextValue>
    <NewTextValue>accounts due said firm are payable,</NewTextValue>
  </TextCorrectedLine>
  <TextCorrectedLine lineID="P5_TL00729">
    <OldTextValue>W. J. NUTTI-H. JK.</OldTextValue>
    <NewTextValue>W. J. NETTLE, JR.</NewTextValue>
  </TextCorrectedLine>
  <TextCorrectedLine lineID="P5_TL00731">
    <OldTextValue>Jackson, February 23, 11)11.</OldTextValue>
    <NewTextValue>Jackson, February 23, 1911.</NewTextValue>
  </TextCorrectedLine>
</TextCorrectedBlock>
<TextCorrectedBlock pageOID="AL19110224.1.5" blockID="P5_TB00057" userID="[redacted]">
  <TextCorrectedLine lineID="P5_TL00288">
    <OldTextValue>cbaUKe think of the money we mer-</OldTextValue>
    <NewTextValue>change think of the money we mer-</NewTextValue>
  </TextCorrectedLine>
  <TextCorrectedLine lineID="P5_TL00289">
    <OldTextValue>ch:&gt;ntH would nmUe."</OldTextValue>
    <NewTextValue>chants would make."</NewTextValue>
  </TextCorrectedLine>
  <TextCorrectedLine lineID="P5_TL00290">
    <OldTextValue>"We nil have our troubles," Hald the</OldTextValue>
    <NewTextValue>"We all have our troubles," said the</NewTextValue>
  </TextCorrectedLine>
  <TextCorrectedLine lineID="P5_TL00291">
    <OldTextValue>inngiizliio | tiMlslnr. "Sometimes It</OldTextValue>
    <NewTextValue>magazine publisher. "Sometimes It</NewTextValue>
  </TextCorrectedLine>
  <TextCorrectedLine lineID="P5_TL00292">
    <OldTextValue>frets me to have to print any readiim</OldTextValue>
    <NewTextValue>frets me to have to print any reading</NewTextValue>
  </TextCorrectedLine>
  <TextCorrectedLine lineID="P5_TL00293">
    <OldTextValue>mutter, lint I mippoie It must bo done."</OldTextValue>
    <NewTextValue>matter, but I suppose it must be done."</NewTextValue>
  </TextCorrectedLine>
  <TextCorrectedLine lineID="P5_TL00294">
    <OldTextValue>— Kansas City Jtmrcal.</OldTextValue>
    <NewTextValue>— Kansas City Journal.</NewTextValue>
  </TextCorrectedLine>
</TextCorrectedBlock>
<TextCorrectedBlock pageOID="AL19110224.1.5" blockID="P5_TB00057" userID="[redacted]">
  <TextCorrectedLine lineID="P5_TL00291">
    <OldTextValue>magazine publisher. "Sometimes It</OldTextValue>
    <NewTextValue>magazine publisher. "Sometimes it</NewTextValue>
  </TextCorrectedLine>
</TextCorrectedBlock>
<TextCorrectedBlock pageOID="AL19110224.1.5" blockID="P5_CB00011" userID="[redacted]">
  <TextCorrectedLine lineID="P5_TL00747">
    <OldTextValue>{Optician Here I</OldTextValue>
    <NewTextValue>Chinn-Beretta's Optician Here</NewTextValue>
  </TextCorrectedLine>
  <TextCorrectedLine lineID="P5_TL00748">
    <OldTextValue>W Tuesday, Feb. 28H1, ipn I</OldTextValue>
    <NewTextValue>Tuesday, Feb. 28th, 1911</NewTextValue>
  </TextCorrectedLine>
  <TextCorrectedLine lineID="P5_TL00749">
    <OldTextValue>U Because we have more starts, more fjctoriiti, more opticians, more fpj</OldTextValue>
    <NewTextValue>Because we have more stores, more factories, more opticians, more</NewTextValue>
  </TextCorrectedLine>
  <TextCorrectedLine lineID="P5_TL00750">
    <OldTextValue>Eg mechanici and more help than any three or four opliril houses in |«</OldTextValue>
    <NewTextValue>mechanici and more help than any three or four optical houses in</NewTextValue>
  </TextCorrectedLine>
  <TextCorrectedLine lineID="P5_TL00751">
    <OldTextValue>i| lh|s Stale put together, our glasses are excellent and our prices rt,ht tX</OldTextValue>
    <NewTextValue>this Stale put together, our glasses are excellent and our prices right</NewTextValue>
  </TextCorrectedLine>
  <TextCorrectedLine lineID="P5_TL00752">
    <OldTextValue>I Our representative may be consulted at I</OldTextValue>
    <NewTextValue>Our representative may be consulted at</NewTextValue>
  </TextCorrectedLine>
  <TextCorrectedLine lineID="P5_TL00753">
    <OldTextValue>I F. W. Ruhser's Pharmacy</OldTextValue>
    <NewTextValue>F. W. Ruhser's Pharmacy</NewTextValue>
  </TextCorrectedLine>
  <TextCorrectedLine lineID="P5_TL00754">
    <OldTextValue>I 625 X St. Sacramento I</OldTextValue>
    <NewTextValue>625 K St. Sacramento</NewTextValue>
  </TextCorrectedLine>
  <TextCorrectedLine lineID="P5_TL00755">
    <OldTextValue>Bfl And at San Fnnciico, Otk'tnl. Sacrsnento, Stodkn, f re sno, Val!e|o Jra</OldTextValue>
    <NewTextValue>And at San Fnnciico, Oakland, Sacramento, Stockton, Fresno, Vallejo</NewTextValue>
  </TextCorrectedLine>
</TextCorrectedBlock>
<TextCorrectedBlock pageOID="AL19110224.1.5" blockID="P5_CB00005" userID="[redacted]">
  <TextCorrectedLine lineID="P5_TL00482">
    <OldTextValue>Of Prop,rty 9 «f 7 th ? &amp;Jfflfi£fil£ S«Uoa</OldTextValue>
    <NewTextValue>Of Property of the State pursuant to Section 3987 of the Political Code.</NewTextValue>
  </TextCorrectedLine>
  <TextCorrectedLine lineID="P5_TL00483">
    <OldTextValue>OlTlrPiif tlieTnx rollm-tor of tlio Count? (</OldTextValue>
    <NewTextValue>Office of the Tax Collector of the County</NewTextValue>
  </TextCorrectedLine>
  <TextCorrectedLine lineID="P5_TL00484">
    <OldTextValue>of Anifi'lnr, Klnfe» of 1 nlir.n nln. t</OldTextValue>
    <NewTextValue>of Amador, State of California.</NewTextValue>
  </TextCorrectedLine>
</TextCorrectedBlock>
