<TextCorrectedBlock pageOID="AL19060302.1.3" blockID="P3_TB00122" userID="[redacted]">
  <TextCorrectedLine lineID="P3_TL00881">
    <OldTextValue>:I&lt;VA. Serine, an old resident of</OldTextValue>
    <NewTextValue>F. A. Serine, an old resident of</NewTextValue>
  </TextCorrectedLine>
  <TextCorrectedLine lineID="P3_TL00883">
    <OldTextValue>morning of February 28. lie bad</OldTextValue>
    <NewTextValue>morning of February 28. He had</NewTextValue>
  </TextCorrectedLine>
  <TextCorrectedLine lineID="P3_TL00884">
    <OldTextValue>been a sulf erer for many months, and</OldTextValue>
    <NewTextValue>been a sufferer for many months, and</NewTextValue>
  </TextCorrectedLine>
  <TextCorrectedLine lineID="P3_TL00885">
    <OldTextValue>had been unable from rbeumatic</OldTextValue>
    <NewTextValue>had been unable from rheumatic</NewTextValue>
  </TextCorrectedLine>
  <TextCorrectedLine lineID="P3_TL00887">
    <OldTextValue>artificial methods. From infancy be</OldTextValue>
    <NewTextValue>artificial methods. From infancy he</NewTextValue>
  </TextCorrectedLine>
  <TextCorrectedLine lineID="P3_TL00898">
    <OldTextValue>.The funeral took place yesterday in</OldTextValue>
    <NewTextValue>The funeral took place yesterday in</NewTextValue>
  </TextCorrectedLine>
  <TextCorrectedLine lineID="P3_TL00899">
    <OldTextValue>the cemetery at Pine Urove. Deceased</OldTextValue>
    <NewTextValue>the cemetery at Pine Grove. Deceased</NewTextValue>
  </TextCorrectedLine>
  <TextCorrectedLine lineID="P3_TL00903">
    <OldTextValue>Werly and Mrs Tarr. v ;-</OldTextValue>
    <NewTextValue>Werly and Mrs Tarr.</NewTextValue>
  </TextCorrectedLine>
</TextCorrectedBlock>
<TextCorrectedBlock pageOID="AL19060302.1.3" blockID="P3_TB00122" userID="[redacted]">
  <TextCorrectedLine lineID="P3_TL00882">
    <OldTextValue>Pino Grove, died in Unit town on tbe</OldTextValue>
    <NewTextValue>Pine Grove, died in that town on tbe</NewTextValue>
  </TextCorrectedLine>
</TextCorrectedBlock>
