<TextCorrectedBlock pageOID="AL19110428.1.6" blockID="P6_TB00058" userID="[redacted]">
  <TextCorrectedLine lineID="P6_TL00236">
    <OldTextValue>Shooting Niagara Fall*.</OldTextValue>
    <NewTextValue>Shooting Niagara Falls.</NewTextValue>
  </TextCorrectedLine>
</TextCorrectedBlock>
<TextCorrectedBlock pageOID="AL19110428.1.6" blockID="P6_TB00001" userID="[redacted]">
  <TextCorrectedLine lineID="P6_TL00001">
    <OldTextValue>English Ignorance of America did not</OldTextValue>
    <NewTextValue>English ignorance of America did not</NewTextValue>
  </TextCorrectedLine>
  <TextCorrectedLine lineID="P6_TL00003">
    <OldTextValue>fmiltli's description of Nlngnrn falls In-</OldTextValue>
    <NewTextValue>smith's description of Niagara falls in-</NewTextValue>
  </TextCorrectedLine>
  <TextCorrectedLine lineID="P6_TL00004">
    <OldTextValue>cludes the Btatement that "some In-</OldTextValue>
    <NewTextValue>cludes the statement that "some In-</NewTextValue>
  </TextCorrectedLine>
  <TextCorrectedLine lineID="P6_TL00005">
    <OldTextValue>dians in tholr canoes, as It is said, have</OldTextValue>
    <NewTextValue>dians in their canoes, as it is said, have</NewTextValue>
  </TextCorrectedLine>
  <TextCorrectedLine lineID="P6_TL00006">
    <OldTextValue>ventured down It In safety."</OldTextValue>
    <NewTextValue>ventured down it in safety."</NewTextValue>
  </TextCorrectedLine>
</TextCorrectedBlock>
<TextCorrectedBlock pageOID="AL19110428.1.6" blockID="P6_TB00005" userID="[redacted]">
  <TextCorrectedLine lineID="P6_TL00016">
    <OldTextValue>Nn lives of the Solomon Islands think</OldTextValue>
    <NewTextValue>Natives of the Solomon Islands think</NewTextValue>
  </TextCorrectedLine>
  <TextCorrectedLine lineID="P6_TL00017">
    <OldTextValue>thnt luirrlc.i ne&gt;&lt; nre caused by the flap-</OldTextValue>
    <NewTextValue>that hurricanes are caused by the flap-</NewTextValue>
  </TextCorrectedLine>
  <TextCorrectedLine lineID="P6_TL00018">
    <OldTextValue>ping of the wings of gome monster ln-</OldTextValue>
    <NewTextValue>ping of the wings of some monster in-</NewTextValue>
  </TextCorrectedLine>
  <TextCorrectedLine lineID="P6_TL00019">
    <OldTextValue>vlslltlo bird.</OldTextValue>
    <NewTextValue>visible bird.</NewTextValue>
  </TextCorrectedLine>
</TextCorrectedBlock>
<TextCorrectedBlock pageOID="AL19110428.1.5" blockID="P5_CB00003" userID="[redacted]">
  <TextCorrectedLine lineID="P5_TL00505">
    <OldTextValue>iiiHii</OldTextValue>
    <NewTextValue>CONTRACTOR &amp; BUILDER</NewTextValue>
  </TextCorrectedLine>
  <TextCorrectedLine lineID="P5_TL00510">
    <OldTextValue>124 Main St. Jackson.</OldTextValue>
    <NewTextValue>124 Main St.    Jackson.</NewTextValue>
  </TextCorrectedLine>
  <TextCorrectedLine lineID="P5_TL00518">
    <OldTextValue>Inqu'rc of •</OldTextValue>
    <NewTextValue>Inquire of</NewTextValue>
  </TextCorrectedLine>
  <TextCorrectedLine lineID="P5_TL00520">
    <OldTextValue>(6LOBE HOTEL)</OldTextValue>
    <NewTextValue>(GLOBE HOTEL)</NewTextValue>
  </TextCorrectedLine>
  <TextCorrectedLine lineID="P5_TL00529">
    <OldTextValue>' Lock Box 36, San Franciso, Cal. N0.5</OldTextValue>
    <NewTextValue>Lock Box 36, San Franciso, Cal. N0.5</NewTextValue>
  </TextCorrectedLine>
  <TextCorrectedLine lineID="P5_TL00533">
    <OldTextValue>secured by first mort&lt;*a#es on de-</OldTextValue>
    <NewTextValue>secured by first mortgages on de-</NewTextValue>
  </TextCorrectedLine>
  <TextCorrectedLine lineID="P5_TL00535">
    <OldTextValue>particnlars. Adress</OldTextValue>
    <NewTextValue>particulars. Adress</NewTextValue>
  </TextCorrectedLine>
  <TextCorrectedLine lineID="P5_TL00541">
    <OldTextValue>Well," its mine too? *-l have "married</OldTextValue>
    <NewTextValue>Well, its mine too.  I have married</NewTextValue>
  </TextCorrectedLine>
  <TextCorrectedLine lineID="P5_TL00543">
    <OldTextValue>marrijjge center of California.';. WHY</OldTextValue>
    <NewTextValue>marriage center of California.';. WHY</NewTextValue>
  </TextCorrectedLine>
</TextCorrectedBlock>
<TextCorrectedBlock pageOID="AL19110428.1.5" blockID="P5_CB00005" userID="[redacted]">
  <TextCorrectedLine lineID="P5_TL00606">
    <OldTextValue>toiiaiifl</OldTextValue>
    <NewTextValue>ROYAL BAKING</NewTextValue>
  </TextCorrectedLine>
  <TextCorrectedLine lineID="P5_TL00609">
    <OldTextValue>Tho only baking powdor</OldTextValue>
    <NewTextValue>The only baking powder</NewTextValue>
  </TextCorrectedLine>
  <TextCorrectedLine lineID="P5_TL00610">
    <OldTextValue>mado from Royal Grapo</OldTextValue>
    <NewTextValue>made from Royal Grape</NewTextValue>
  </TextCorrectedLine>
  <TextCorrectedLine lineID="P5_TL00611">
    <OldTextValue>Croam of Tartar</OldTextValue>
    <NewTextValue>Cream of Tartar</NewTextValue>
  </TextCorrectedLine>
  <TextCorrectedLine lineID="P5_TL00612">
    <OldTextValue>NO ALUM.NO LIME PHOSPHATE</OldTextValue>
    <NewTextValue>NO ALUM, NO LIME PHOSPHATE</NewTextValue>
  </TextCorrectedLine>
  <TextCorrectedLine lineID="P5_TL00615">
    <OldTextValue>Aggeler G Musssr's 14-1 page 1911 Seed</OldTextValue>
    <NewTextValue>Aggeler G Musser's 144 page 1911 Seed</NewTextValue>
  </TextCorrectedLine>
</TextCorrectedBlock>
<TextCorrectedBlock pageOID="AL19110428.1.5" blockID="P5_TB00058" userID="[redacted]">
  <TextCorrectedLine lineID="P5_TL00350">
    <OldTextValue>Our esteemed townsman F. .B Dain-</OldTextValue>
    <NewTextValue>Our esteemed townsman F. B Dain-</NewTextValue>
  </TextCorrectedLine>
  <TextCorrectedLine lineID="P5_TL00351">
    <OldTextValue>gerHeld celebrated his 83d birthday on</OldTextValue>
    <NewTextValue>gerfield celebrated his 83d birthday on</NewTextValue>
  </TextCorrectedLine>
</TextCorrectedBlock>
<TextCorrectedBlock pageOID="AL19110428.1.5" blockID="P5_TB00057" userID="[redacted]">
  <TextCorrectedLine lineID="P5_TL00331">
    <OldTextValue>Mr Dangerfield i 3 in excellent health</OldTextValue>
    <NewTextValue>Mr Dangerfield is in excellent health</NewTextValue>
  </TextCorrectedLine>
  <TextCorrectedLine lineID="P5_TL00336">
    <OldTextValue>removed to Grteneastle, Indiana, in</OldTextValue>
    <NewTextValue>removed to Greencastle, Indiana, in</NewTextValue>
  </TextCorrectedLine>
  <TextCorrectedLine lineID="P5_TL00340">
    <OldTextValue>into the Union. He first flotUed in</OldTextValue>
    <NewTextValue>into the Union. He first settled in</NewTextValue>
  </TextCorrectedLine>
  <TextCorrectedLine lineID="P5_TL00342">
    <OldTextValue>ing there for nineteen year*', exc.'pt</OldTextValue>
    <NewTextValue>ing there for nineteen years, except</NewTextValue>
  </TextCorrectedLine>
</TextCorrectedBlock>
