<TextCorrectedBlock pageOID="AL19081016.1.3" blockID="P3_TB00046" userID="[redacted]">
  <TextCorrectedLine lineID="P3_TL00981">
    <OldTextValue>(loot's milk Riioulil make strong</OldTextValue>
    <NewTextValue>Goat's milk should make strong</NewTextValue>
  </TextCorrectedLine>
</TextCorrectedBlock>
<TextCorrectedBlock pageOID="AL19081016.1.3" blockID="P3_TB00045" userID="[redacted]">
  <TextCorrectedLine lineID="P3_TL00979">
    <OldTextValue>Kren nmiable people majr be at</OldTextValue>
    <NewTextValue>Even amiable people may be at</NewTextValue>
  </TextCorrectedLine>
  <TextCorrectedLine lineID="P3_TL00980">
    <OldTextValue>oroaa purposes.</OldTextValue>
    <NewTextValue>cross purposes.</NewTextValue>
  </TextCorrectedLine>
</TextCorrectedBlock>
<TextCorrectedBlock pageOID="AL19081016.1.3" blockID="P3_TB00035" userID="[redacted]">
  <TextCorrectedLine lineID="P3_TL00901">
    <OldTextValue>Panned tne henato February 32, A D. 1907,</OldTextValue>
    <NewTextValue>Passed the Senate February 22, A D. 1907,</NewTextValue>
  </TextCorrectedLine>
  <TextCorrectedLine lineID="P3_TL00902">
    <OldTextValue>T.cwls Hllborn. Secretary nf the Senate.</OldTextValue>
    <NewTextValue>Lewis Hilborn. Secretary of the Senate.</NewTextValue>
  </TextCorrectedLine>
  <TextCorrectedLine lineID="P3_TL00903">
    <OldTextValue>Passed Ittin Assembly. March 11, A D. 1907.</OldTextValue>
    <NewTextValue>Passed the Assembly. March 6, A D. 1907.</NewTextValue>
  </TextCorrectedLine>
  <TextCorrectedLine lineID="P3_TL00904">
    <OldTextValue>Clio Lloyd, Chief Cleric of the Assembly.</OldTextValue>
    <NewTextValue>Clio Lloyd, Chief Clerk of the Assembly.</NewTextValue>
  </TextCorrectedLine>
  <TextCorrectedLine lineID="P3_TL00905">
    <OldTextValue>This Bill was received by tho Governor, this</OldTextValue>
    <NewTextValue>This Bill was received by the Governor, this</NewTextValue>
  </TextCorrectedLine>
  <TextCorrectedLine lineID="P3_TL00906">
    <OldTextValue>nth day of March, A. D. 1007. at 'l2 o'clock m</OldTextValue>
    <NewTextValue>9th day of March, A. D. 1907. at '12 o'clock m</NewTextValue>
  </TextCorrectedLine>
  <TextCorrectedLine lineID="P3_TL00907">
    <OldTextValue>K. O. Cooper, Private Secretary of the Gover-</OldTextValue>
    <NewTextValue>E. C. Cooper, Private Secretary of the Gover-</NewTextValue>
  </TextCorrectedLine>
  <TextCorrectedLine lineID="P3_TL00909">
    <OldTextValue>Chapter 414. An Act to provide for the Issu-</OldTextValue>
    <NewTextValue>Chapter 421. An Act to provide for the issu-</NewTextValue>
  </TextCorrectedLine>
  <TextCorrectedLine lineID="P3_TL00911">
    <OldTextValue>for the construction by tho board of state</OldTextValue>
    <NewTextValue>for the construction by the board of state</NewTextValue>
  </TextCorrectedLine>
  <TextCorrectedLine lineID="P3_TL00912">
    <OldTextValue>linrbor commissioners of wharves, piers, sea-</OldTextValue>
    <NewTextValue>harbor commissioners of wharves, piers, sea-</NewTextValue>
  </TextCorrectedLine>
  <TextCorrectedLine lineID="P3_TL00913">
    <OldTextValue>wall, state railroad, spurn and appurtenances</OldTextValue>
    <NewTextValue>wall, state railroad, spurs and appurtenances</NewTextValue>
  </TextCorrectedLine>
  <TextCorrectedLine lineID="P3_TL00914">
    <OldTextValue>In the city nnd county of San Francisco; to</OldTextValue>
    <NewTextValue>In the city and county of San Francisco; to</NewTextValue>
  </TextCorrectedLine>
  <TextCorrectedLine lineID="P3_TL00916">
    <OldTextValue>bonds; nnd providing for tho submission of</OldTextValue>
    <NewTextValue>bonds; and providing for the submission of</NewTextValue>
  </TextCorrectedLine>
  <TextCorrectedLine lineID="P3_TL00917">
    <OldTextValue>this act to a vote of the people. |</OldTextValue>
    <NewTextValue>this act to a vote of the people.</NewTextValue>
  </TextCorrectedLine>
  <TextCorrectedLine lineID="P3_TL00918">
    <OldTextValue>Tho people of tho State of California, ropre-</OldTextValue>
    <NewTextValue>Tho people of the State of California, repre-</NewTextValue>
  </TextCorrectedLine>
  <TextCorrectedLine lineID="P3_TL00919">
    <OldTextValue>santed In senate and assembly, do enact as</OldTextValue>
    <NewTextValue>santed in senate and assembly, do enact as</NewTextValue>
  </TextCorrectedLine>
</TextCorrectedBlock>
<TextCorrectedBlock pageOID="AL19081016.1.3" blockID="P3_TB00005" userID="[redacted]">
  <TextCorrectedLine lineID="P3_TL00076">
    <OldTextValue>L •!. here hc&gt; * h *" forthwith ho paid into the</OldTextValue>
    <NewTextValue>if any there be, shall forthwith be paid into the</NewTextValue>
  </TextCorrectedLine>
  <TextCorrectedLine lineID="P3_TL00077">
    <OldTextValue>Ti? .i n&lt;la&lt; ' 0 h»'*&gt;or Improvement fund. At</OldTextValue>
    <NewTextValue>San Francisco harbor improvement fund. At</NewTextValue>
  </TextCorrectedLine>
</TextCorrectedBlock>
<TextCorrectedBlock pageOID="AL19081016.1.3" blockID="P3_TB00022" userID="[redacted]">
  <TextCorrectedLine lineID="P3_TL00567">
    <OldTextValue>Sec. 9. Interest coupons shall he attached to</OldTextValue>
    <NewTextValue>Sec. 2. Interest coupons shall be attached to</NewTextValue>
  </TextCorrectedLine>
  <TextCorrectedLine lineID="P3_TL00569">
    <OldTextValue>be removed without Inlury to or mutilation of</OldTextValue>
    <NewTextValue>be removed without injury to or mutilation of</NewTextValue>
  </TextCorrectedLine>
  <TextCorrectedLine lineID="P3_TL00570">
    <OldTextValue>the bond. Snld coupons shall be consecutively</OldTextValue>
    <NewTextValue>the bond. Said coupons shall be consecutively</NewTextValue>
  </TextCorrectedLine>
  <TextCorrectedLine lineID="P3_TL00571">
    <OldTextValue>numbered, and shall be signed by thn state</OldTextValue>
    <NewTextValue>numbered, and shall be signed by the state</NewTextValue>
  </TextCorrectedLine>
  <TextCorrectedLine lineID="P3_TL00572">
    <OldTextValue>treasurer. Hut no Interest on any of said (Hinds</OldTextValue>
    <NewTextValue>treasurer. But no interest on any of said bonds</NewTextValue>
  </TextCorrectedLine>
  <TextCorrectedLine lineID="P3_TL00573">
    <OldTextValue>shall be paid for any time which may Intervene</OldTextValue>
    <NewTextValue>shall be paid for any time which may intervene</NewTextValue>
  </TextCorrectedLine>
</TextCorrectedBlock>
<TextCorrectedBlock pageOID="AL19081016.1.3" blockID="P3_TB00042" userID="[redacted]">
  <TextCorrectedLine lineID="P3_TL00933">
    <OldTextValue>SKO. 12, All nrt* ami |.srH At act In conflict</OldTextValue>
    <NewTextValue>SEC. 12, All acts and parts of act in conflict</NewTextValue>
  </TextCorrectedLine>
  <TextCorrectedLine lineID="P3_TL00934">
    <OldTextValue>with the provlnlons of thla net are hereby re-</OldTextValue>
    <NewTextValue>with the provisions of this act are hereby re-</NewTextValue>
  </TextCorrectedLine>
  <TextCorrectedLine lineID="P3_TL00936">
    <OldTextValue>W. R. foßTtt,</OldTextValue>
    <NewTextValue>W. R. Porter</NewTextValue>
  </TextCorrectedLine>
  <TextCorrectedLine lineID="P3_TL00937">
    <OldTextValue>ITflßliicntof thflHflnnw.</OldTextValue>
    <NewTextValue>President of the Senate</NewTextValue>
  </TextCorrectedLine>
  <TextCorrectedLine lineID="P3_TL00938">
    <OldTextValue>v. r,. BRARnst.uc.</OldTextValue>
    <NewTextValue>R.L. BEARDSLEE</NewTextValue>
  </TextCorrectedLine>
  <TextCorrectedLine lineID="P3_TL00939">
    <OldTextValue>Blanker of the Afwmlil.v .</OldTextValue>
    <NewTextValue>Speaker of the Assembly</NewTextValue>
  </TextCorrectedLine>
  <TextCorrectedLine lineID="P3_TL00940">
    <OldTextValue>Approved March 21«», A. I). 1907.</OldTextValue>
    <NewTextValue>Approved March 21st, A.D. 1907.</NewTextValue>
  </TextCorrectedLine>
  <TextCorrectedLine lineID="P3_TL00941">
    <OldTextValue>1. N. nn.LtTT. Governor.</OldTextValue>
    <NewTextValue>J. N. GILLETT,  Governor.</NewTextValue>
  </TextCorrectedLine>
</TextCorrectedBlock>
<TextCorrectedBlock pageOID="AL19081016.1.4" blockID="P4_TB00067" userID="[redacted]">
  <TextCorrectedLine lineID="P4_TL00438">
    <OldTextValue>Volcano. We will send a daliy papor</OldTextValue>
    <NewTextValue>Volcano. We will send a daliy paper</NewTextValue>
  </TextCorrectedLine>
  <TextCorrectedLine lineID="P4_TL00439">
    <OldTextValue>free, alau stationery supplies and</OldTextValue>
    <NewTextValue>free, also stationery supplies and</NewTextValue>
  </TextCorrectedLine>
  <TextCorrectedLine lineID="P4_TL00440">
    <OldTextValue>stamps to imy one who will act hh</OldTextValue>
    <NewTextValue>stamps to any one who will act as</NewTextValue>
  </TextCorrectedLine>
  <TextCorrectedLine lineID="P4_TL00441">
    <OldTextValue>correspondent In eacb of the above</OldTextValue>
    <NewTextValue>correspondent in each of the above</NewTextValue>
  </TextCorrectedLine>
  <TextCorrectedLine lineID="P4_TL00442">
    <OldTextValue>plaoes. Let us hear from you. We</OldTextValue>
    <NewTextValue>places. Let us hear from you. We</NewTextValue>
  </TextCorrectedLine>
  <TextCorrectedLine lineID="P4_TL00443">
    <OldTextValue>want the tinwd.</OldTextValue>
    <NewTextValue>want the news.</NewTextValue>
  </TextCorrectedLine>
</TextCorrectedBlock>
<TextCorrectedBlock pageOID="AL19081016.1.4" blockID="P4_TB00068" userID="[redacted]">
  <TextCorrectedLine lineID="P4_TL00444">
    <OldTextValue>OLiETA.</OldTextValue>
    <NewTextValue>OLETA.</NewTextValue>
  </TextCorrectedLine>
</TextCorrectedBlock>
<TextCorrectedBlock pageOID="AL19081016.1.4" blockID="P4_TB00020" userID="[redacted]">
  <TextCorrectedLine lineID="P4_TL00122">
    <OldTextValue>Oct. I*2— Laurence liurke formerly</OldTextValue>
    <NewTextValue>Oct. 12— Laurence Burke formerly</NewTextValue>
  </TextCorrectedLine>
</TextCorrectedBlock>
<TextCorrectedBlock pageOID="AL19081016.1.4" blockID="P4_TB00019" userID="[redacted]">
  <TextCorrectedLine lineID="P4_TL00120">
    <OldTextValue>MissArmstead and Mazey Ktiapp</OldTextValue>
    <NewTextValue>Miss Armstead and Mazey Knapp</NewTextValue>
  </TextCorrectedLine>
</TextCorrectedBlock>
<TextCorrectedBlock pageOID="AL19081016.1.4" blockID="P4_TB00018" userID="[redacted]">
  <TextCorrectedLine lineID="P4_TL00116">
    <OldTextValue>Humor has it that Mrs Schilling,</OldTextValue>
    <NewTextValue>Rumor has it that Mrs Schilling,</NewTextValue>
  </TextCorrectedLine>
  <TextCorrectedLine lineID="P4_TL00117">
    <OldTextValue>who fotmery resided here, but now of</OldTextValue>
    <NewTextValue>who formerly resided here, but now of</NewTextValue>
  </TextCorrectedLine>
</TextCorrectedBlock>
<TextCorrectedBlock pageOID="AL19081016.1.4" blockID="P4_TB00017" userID="[redacted]">
  <TextCorrectedLine lineID="P4_TL00110">
    <OldTextValue>llenrv Scbroeder is not able to</OldTextValue>
    <NewTextValue>Henry Schroeder is not able to</NewTextValue>
  </TextCorrectedLine>
  <TextCorrectedLine lineID="P4_TL00111">
    <OldTextValue>attend to his duties in tbe store,</OldTextValue>
    <NewTextValue>attend to his duties in the store,</NewTextValue>
  </TextCorrectedLine>
  <TextCorrectedLine lineID="P4_TL00112">
    <OldTextValue>owing to ill health, lie is condned</OldTextValue>
    <NewTextValue>owing to ill health, He is confined</NewTextValue>
  </TextCorrectedLine>
  <TextCorrectedLine lineID="P4_TL00113">
    <OldTextValue>to the house, ilia daughter, Mrs</OldTextValue>
    <NewTextValue>to the house, His daughter, Mrs</NewTextValue>
  </TextCorrectedLine>
  <TextCorrectedLine lineID="P4_TL00114">
    <OldTextValue>lieasb, is in attendance at tbe store</OldTextValue>
    <NewTextValue>Heash, is in attendance at the store</NewTextValue>
  </TextCorrectedLine>
</TextCorrectedBlock>
<TextCorrectedBlock pageOID="AL19081016.1.4" blockID="P4_TB00016" userID="[redacted]">
  <TextCorrectedLine lineID="P4_TL00101">
    <OldTextValue>(Jilenn Ullbert paid Jackson a flying</OldTextValue>
    <NewTextValue>Glenn Gilbert paid Jackson a flying</NewTextValue>
  </TextCorrectedLine>
  <TextCorrectedLine lineID="P4_TL00102">
    <OldTextValue>visit the first part of tbe week. He</OldTextValue>
    <NewTextValue>visit the first part of the week. He</NewTextValue>
  </TextCorrectedLine>
  <TextCorrectedLine lineID="P4_TL00103">
    <OldTextValue>claims be was over to see ' Mr Strobm</OldTextValue>
    <NewTextValue>claims be was over to see  Mr Strohm</NewTextValue>
  </TextCorrectedLine>
  <TextCorrectedLine lineID="P4_TL00104">
    <OldTextValue>about road work, but the loads as a</OldTextValue>
    <NewTextValue>about road work, but the roads as a</NewTextValue>
  </TextCorrectedLine>
  <TextCorrectedLine lineID="P4_TL00105">
    <OldTextValue>general rule don't interest tbo young</OldTextValue>
    <NewTextValue>general rule don't interest the young</NewTextValue>
  </TextCorrectedLine>
</TextCorrectedBlock>
<TextCorrectedBlock pageOID="AL19081016.1.4" blockID="P4_TB00014" userID="[redacted]">
  <TextCorrectedLine lineID="P4_TL00097">
    <OldTextValue>'done except, the loss of some tences.</OldTextValue>
    <NewTextValue>done except, the loss of some fences.</NewTextValue>
  </TextCorrectedLine>
</TextCorrectedBlock>
<TextCorrectedBlock pageOID="AL19081016.1.4" blockID="P4_TB00015" userID="[redacted]">
  <TextCorrectedLine lineID="P4_TL00098">
    <OldTextValue>Miss Katie Sohroeder is reported</OldTextValue>
    <NewTextValue>Miss Katie Schroeder is reported</NewTextValue>
  </TextCorrectedLine>
  <TextCorrectedLine lineID="P4_TL00099">
    <OldTextValue>notto.be so well for several days</OldTextValue>
    <NewTextValue>no to be so well for several days</NewTextValue>
  </TextCorrectedLine>
</TextCorrectedBlock>
<TextCorrectedBlock pageOID="AL19081016.1.4" blockID="P4_TB00013" userID="[redacted]">
  <TextCorrectedLine lineID="P4_TL00092">
    <OldTextValue>Henry Nelf 'a family are talking of</OldTextValue>
    <NewTextValue>Henry Neff 's family are talking of</NewTextValue>
  </TextCorrectedLine>
  <TextCorrectedLine lineID="P4_TL00094">
    <OldTextValue>Henry. is employed as ditch tender.</OldTextValue>
    <NewTextValue>Henry is employed as ditch tender.</NewTextValue>
  </TextCorrectedLine>
</TextCorrectedBlock>
