<TextCorrectedBlock pageOID="AL19010111.1.1" blockID="P1_TB00006" userID="[redacted]">
  <TextCorrectedLine lineID="P1_TL00056">
    <OldTextValue>afforded by his will of Insulting his</OldTextValue>
    <NewTextValue>afforded by his will of insulting his</NewTextValue>
  </TextCorrectedLine>
  <TextCorrectedLine lineID="P1_TL00057">
    <OldTextValue>lon-In-law in terms which doubtless</OldTextValue>
    <NewTextValue>son-in-law in terms which doubtless</NewTextValue>
  </TextCorrectedLine>
  <TextCorrectedLine lineID="P1_TL00059">
    <OldTextValue>bardly comprehensible to the modern</OldTextValue>
    <NewTextValue>hardly comprehensible to the modern</NewTextValue>
  </TextCorrectedLine>
  <TextCorrectedLine lineID="P1_TL00062">
    <OldTextValue>other bauble she may like better; I «lye</OldTextValue>
    <NewTextValue>other bauble she may like better; I give</NewTextValue>
  </TextCorrectedLine>
  <TextCorrectedLine lineID="P1_TL00066">
    <OldTextValue>tion of his prowess and nice honor In</OldTextValue>
    <NewTextValue>tion of his prowess and nice honor in</NewTextValue>
  </TextCorrectedLine>
  <TextCorrectedLine lineID="P1_TL00067">
    <OldTextValue>drawing bis sword on me (at my own</OldTextValue>
    <NewTextValue>drawing his sword on me (at my own</NewTextValue>
  </TextCorrectedLine>
</TextCorrectedBlock>
<TextCorrectedBlock pageOID="AL19010111.1.1" blockID="P1_TB00025" userID="[redacted]">
  <TextCorrectedLine lineID="P1_TL00211">
    <OldTextValue>And Be Will Never Forget His First</OldTextValue>
    <NewTextValue>And He Will Never Forget His First</NewTextValue>
  </TextCorrectedLine>
</TextCorrectedBlock>
<TextCorrectedBlock pageOID="AL19010111.1.1" blockID="P1_CB00001" userID="[redacted]">
  <TextCorrectedLine lineID="P1_TL00836">
    <OldTextValue>Hli|jpjjj§</OldTextValue>
    <NewTextValue></NewTextValue>
  </TextCorrectedLine>
  <TextCorrectedLine lineID="P1_TL00837">
    <OldTextValue>RESTAURANT 1 SALOON</OldTextValue>
    <NewTextValue>RESTAURANT AND SALOON</NewTextValue>
  </TextCorrectedLine>
  <TextCorrectedLine lineID="P1_TL00844">
    <OldTextValue>. . ALWAYS</OldTextValue>
    <NewTextValue>ALWAYS</NewTextValue>
  </TextCorrectedLine>
  <TextCorrectedLine lineID="P1_TL00848">
    <OldTextValue>for private families. •</OldTextValue>
    <NewTextValue>for private families.</NewTextValue>
  </TextCorrectedLine>
  <TextCorrectedLine lineID="P1_TL00850">
    <OldTextValue>NED TABASH,</OldTextValue>
    <NewTextValue>NED TARASH,</NewTextValue>
  </TextCorrectedLine>
  <TextCorrectedLine lineID="P1_TL00852">
    <OldTextValue>FIBE ACCIDENT tIFE</OldTextValue>
    <NewTextValue>FIRE ACCIDENT LIFE</NewTextValue>
  </TextCorrectedLine>
</TextCorrectedBlock>
<TextCorrectedBlock pageOID="AL19010111.1.2" blockID="P2_CB00004" userID="[redacted]">
  <TextCorrectedLine lineID="P2_TL00634">
    <OldTextValue>. PLYMOUTH-JACKSON</OldTextValue>
    <NewTextValue>PLYMOUTH-JACKSON</NewTextValue>
  </TextCorrectedLine>
  <TextCorrectedLine lineID="P2_TL00636">
    <OldTextValue>&gt; Leaves Plymouth 8:30 a.m.</OldTextValue>
    <NewTextValue>Leaves Plymouth 8:30 a.m.</NewTextValue>
  </TextCorrectedLine>
  <TextCorrectedLine lineID="P2_TL00639">
    <OldTextValue>M.A. No. 2193</OldTextValue>
    <NewTextValue>M.A. No. 2192</NewTextValue>
  </TextCorrectedLine>
  <TextCorrectedLine lineID="P2_TL00640">
    <OldTextValue>APPLICATION Hill -lit PfITEKT</OldTextValue>
    <NewTextValue>APPLICATION FOR MINERAL PATENT</NewTextValue>
  </TextCorrectedLine>
  <TextCorrectedLine lineID="P2_TL00643">
    <OldTextValue>r VT OTICE IS HEREBY GIVEN THAT</OldTextValue>
    <NewTextValue>NOTICE IS HEREBY GIVEN THAT</NewTextValue>
  </TextCorrectedLine>
  <TextCorrectedLine lineID="P2_TL00644">
    <OldTextValue>_L&gt; G. B. Ratto, of San Francisco, Cal., has</OldTextValue>
    <NewTextValue>G. B. Ratto, of San Francisco, Cal., has</NewTextValue>
  </TextCorrectedLine>
</TextCorrectedBlock>
<TextCorrectedBlock pageOID="AL19010111.1.2" blockID="P2_CB00006" userID="[redacted]">
  <TextCorrectedLine lineID="P2_TL00791">
    <OldTextValue>nia, in and for the" County ot Amador.</OldTextValue>
    <NewTextValue>nia, in and for the County ot Amador.</NewTextValue>
  </TextCorrectedLine>
  <TextCorrectedLine lineID="P2_TL00792">
    <OldTextValue>VV. J. Nettle et al.. plaintiffs, vs. Clinton Con-</OldTextValue>
    <NewTextValue>W. J. Nettle et al.. plaintiffs, vs. Clinton Con-</NewTextValue>
  </TextCorrectedLine>
  <TextCorrectedLine lineID="P2_TL00795">
    <OldTextValue>TTNDER AND BY VIRTUE OF AN ORDER</OldTextValue>
    <NewTextValue>UNDER AND BY VIRTUE OF AN ORDER</NewTextValue>
  </TextCorrectedLine>
  <TextCorrectedLine lineID="P2_TL00796">
    <OldTextValue>(J of sale with a judgment and decree of</OldTextValue>
    <NewTextValue>of sale with a judgment and decree of</NewTextValue>
  </TextCorrectedLine>
</TextCorrectedBlock>
<TextCorrectedBlock pageOID="AL19010111.1.3" blockID="P3_TB00150" userID="[redacted]">
  <TextCorrectedLine lineID="P3_TL00937">
    <OldTextValue>Stony Creek, Jan. ,8, to hold an in-</OldTextValue>
    <NewTextValue>Stony Creek, Jan. 8, to hold an in-</NewTextValue>
  </TextCorrectedLine>
  <TextCorrectedLine lineID="P3_TL00946">
    <OldTextValue>Cv Morrow, Wm. Mattley, Oscar My-</OldTextValue>
    <NewTextValue>C. Morrow, Wm. Mattley, Oscar My-</NewTextValue>
  </TextCorrectedLine>
</TextCorrectedBlock>
<TextCorrectedBlock pageOID="AL19010111.1.3" blockID="P3_TB00169" userID="[redacted]">
  <TextCorrectedLine lineID="P3_TL01007">
    <OldTextValue>:■ Wm. Penry Jr.. has returned to St.</OldTextValue>
    <NewTextValue>Wm. Penry Jr.. has returned to St.</NewTextValue>
  </TextCorrectedLine>
  <TextCorrectedLine lineID="P3_TL01009">
    <OldTextValue>of studies. ""'*■;</OldTextValue>
    <NewTextValue>of studies.</NewTextValue>
  </TextCorrectedLine>
  <TextCorrectedLine lineID="P3_TL01011">
    <OldTextValue>Valley," the "Pearl of Perfection." •</OldTextValue>
    <NewTextValue>Valley," the "Pearl of Perfection."</NewTextValue>
  </TextCorrectedLine>
  <TextCorrectedLine lineID="P3_TL01014">
    <OldTextValue>Amador county. '.-1,--</OldTextValue>
    <NewTextValue>Amador county.</NewTextValue>
  </TextCorrectedLine>
  <TextCorrectedLine lineID="P3_TL01017">
    <OldTextValue>Jackson Shoe Store. - *</OldTextValue>
    <NewTextValue>Jackson Shoe Store.</NewTextValue>
  </TextCorrectedLine>
  <TextCorrectedLine lineID="P3_TL01020">
    <OldTextValue>inetti's Central Market. ■ 6-8-tf</OldTextValue>
    <NewTextValue>inetti's Central Market.</NewTextValue>
  </TextCorrectedLine>
  <TextCorrectedLine lineID="P3_TL01023">
    <OldTextValue>Goldner to 30 days iv jail. %'■£ "■ "</OldTextValue>
    <NewTextValue>Goldner to 30 days in jail.</NewTextValue>
  </TextCorrectedLine>
  <TextCorrectedLine lineID="P3_TL01028">
    <OldTextValue>Love, in the Peek addition. ■</OldTextValue>
    <NewTextValue>Love, in the Peek addition.</NewTextValue>
  </TextCorrectedLine>
  <TextCorrectedLine lineID="P3_TL01058">
    <OldTextValue>clerk In the Assembly. . ■ •'. -i</OldTextValue>
    <NewTextValue>clerk In the Assembly.</NewTextValue>
  </TextCorrectedLine>
  <TextCorrectedLine lineID="P3_TL01059">
    <OldTextValue>. For . family use ■ Jesse - Moore "AA"</OldTextValue>
    <NewTextValue>For family use Jesse - Moore "AA"</NewTextValue>
  </TextCorrectedLine>
  <TextCorrectedLine lineID="P3_TL01062">
    <OldTextValue>buffet. * ■•'</OldTextValue>
    <NewTextValue>buffet.</NewTextValue>
  </TextCorrectedLine>
  <TextCorrectedLine lineID="P3_TL01067">
    <OldTextValue>lowing Tuesday. ' ' ,</OldTextValue>
    <NewTextValue>lowing Tuesday.</NewTextValue>
  </TextCorrectedLine>
  <TextCorrectedLine lineID="P3_TL01089">
    <OldTextValue>young/ Only 10 cents a package.</OldTextValue>
    <NewTextValue>young.  Only 10 cents a package.</NewTextValue>
  </TextCorrectedLine>
  <TextCorrectedLine lineID="P3_TL01091">
    <OldTextValue>. . , • ;. . aec - 14 "! mo i</OldTextValue>
    <NewTextValue></NewTextValue>
  </TextCorrectedLine>
  <TextCorrectedLine lineID="P3_TL01096">
    <OldTextValue>duced prices. Jackson Shoe Store. ' * ■</OldTextValue>
    <NewTextValue>duced prices. Jackson Shoe Store.</NewTextValue>
  </TextCorrectedLine>
  <TextCorrectedLine lineID="P3_TL01108">
    <OldTextValue>we believe.: ;.;•</OldTextValue>
    <NewTextValue>we believe.</NewTextValue>
  </TextCorrectedLine>
</TextCorrectedBlock>
<TextCorrectedBlock pageOID="AL19010111.1.3" blockID="P3_TB00169" userID="[redacted]">
  <TextCorrectedLine lineID="P3_TL01010">
    <OldTextValue>Pioneer Flour is the V Lily of the</OldTextValue>
    <NewTextValue>Pioneer Flour is the " Lily of the</NewTextValue>
  </TextCorrectedLine>
  <TextCorrectedLine lineID="P3_TL01012">
    <OldTextValue>Cbas. Smith of Clements, brother of</OldTextValue>
    <NewTextValue>Chas. Smith of Clements, brother of</NewTextValue>
  </TextCorrectedLine>
</TextCorrectedBlock>
<TextCorrectedBlock pageOID="AL19010111.1.3" blockID="P3_TB00009" userID="[redacted]">
  <TextCorrectedLine lineID="P3_TL00031">
    <OldTextValue>grand ball on St. Valentine's ' Day,</OldTextValue>
    <NewTextValue>grand ball on St. Valentine's Day,</NewTextValue>
  </TextCorrectedLine>
  <TextCorrectedLine lineID="P3_TL00038">
    <OldTextValue>Tarn, chairman; B. F. Taylor, treas-</OldTextValue>
    <NewTextValue>Tam, chairman; B. F. Taylor, treas-</NewTextValue>
  </TextCorrectedLine>
  <TextCorrectedLine lineID="P3_TL00039">
    <OldTextValue>urer; Will A." Newcum, secretary; H.</OldTextValue>
    <NewTextValue>urer; Will A. Newcum, secretary; H.</NewTextValue>
  </TextCorrectedLine>
</TextCorrectedBlock>
<TextCorrectedBlock pageOID="AL19010111.1.3" blockID="P3_TB00035" userID="[redacted]">
  <TextCorrectedLine lineID="P3_TL00217">
    <OldTextValue>«</OldTextValue>
    <NewTextValue></NewTextValue>
  </TextCorrectedLine>
</TextCorrectedBlock>
<TextCorrectedBlock pageOID="AL19010111.1.3" blockID="P3_TB00020" userID="[redacted]">
  <TextCorrectedLine lineID="P3_TL00088">
    <OldTextValue>30, 1900. ■ In the morning of its career</OldTextValue>
    <NewTextValue>30, 1900.   In the morning of its career</NewTextValue>
  </TextCorrectedLine>
</TextCorrectedBlock>
<TextCorrectedBlock pageOID="AL19010111.1.3" blockID="P3_TB00028" userID="[redacted]">
  <TextCorrectedLine lineID="P3_TL00144">
    <OldTextValue>. J. H. Thomas' large barn at New</OldTextValue>
    <NewTextValue>J. H. Thomas' large barn at New</NewTextValue>
  </TextCorrectedLine>
  <TextCorrectedLine lineID="P3_TL00147">
    <OldTextValue>tons7)f hay being scattered about the</OldTextValue>
    <NewTextValue>tons of hay being scattered about the</NewTextValue>
  </TextCorrectedLine>
  <TextCorrectedLine lineID="P3_TL00152">
    <OldTextValue>ises. J;TOv^: : 7 ...</OldTextValue>
    <NewTextValue>ises.</NewTextValue>
  </TextCorrectedLine>
</TextCorrectedBlock>
<TextCorrectedBlock pageOID="AL19010111.1.3" blockID="P3_TB00051" userID="[redacted]">
  <TextCorrectedLine lineID="P3_TL00331">
    <OldTextValue>. I would like to ask through</OldTextValue>
    <NewTextValue>I would like to ask through</NewTextValue>
  </TextCorrectedLine>
  <TextCorrectedLine lineID="P3_TL00333">
    <OldTextValue>to pull up or in any way deface a paling . . '</OldTextValue>
    <NewTextValue>to pull up or in any way deface a paling</NewTextValue>
  </TextCorrectedLine>
  <TextCorrectedLine lineID="P3_TL00336">
    <OldTextValue>During the past summer I, had placed '</OldTextValue>
    <NewTextValue>During the past summer I, had placed</NewTextValue>
  </TextCorrectedLine>
  <TextCorrectedLine lineID="P3_TL00338">
    <OldTextValue>family, a smaU railing, which was put</OldTextValue>
    <NewTextValue>family, a small railing, which was put</NewTextValue>
  </TextCorrectedLine>
  <TextCorrectedLine lineID="P3_TL00341">
    <OldTextValue>wishing to carry soU from a pile that</OldTextValue>
    <NewTextValue>wishing to carry soil from a pile that</NewTextValue>
  </TextCorrectedLine>
  <TextCorrectedLine lineID="P3_TL00342">
    <OldTextValue>had been thrown over the fence. ';, You</OldTextValue>
    <NewTextValue>had been thrown over the fence.  You</NewTextValue>
  </TextCorrectedLine>
  <TextCorrectedLine lineID="P3_TL00345">
    <OldTextValue>to find the railing all torn up and ■</OldTextValue>
    <NewTextValue>to find the railing all torn up and</NewTextValue>
  </TextCorrectedLine>
  <TextCorrectedLine lineID="P3_TL00346">
    <OldTextValue>thrown up against the adjoining fence,</OldTextValue>
    <NewTextValue>thrown up against the adjoining f ence,</NewTextValue>
  </TextCorrectedLine>
  <TextCorrectedLine lineID="P3_TL00348">
    <OldTextValue>placed there," nearly ruined. I had</OldTextValue>
    <NewTextValue>placed there, nearly ruined. I had</NewTextValue>
  </TextCorrectedLine>
  <TextCorrectedLine lineID="P3_TL00350">
    <OldTextValue>the graves of my dear ones in the beet ■ *</OldTextValue>
    <NewTextValue>the graves of my dear ones in the best</NewTextValue>
  </TextCorrectedLine>
  <TextCorrectedLine lineID="P3_TL00352">
    <OldTextValue>is rather hard work when ' I find my</OldTextValue>
    <NewTextValue>is rather hard work when  I find my</NewTextValue>
  </TextCorrectedLine>
</TextCorrectedBlock>
