<TextCorrectedBlock pageOID="AL19000629.1.1" blockID="P1_TB00008" userID="[redacted]">
  <TextCorrectedLine lineID="P1_TL00009">
    <OldTextValue>- .. :■..;... . : ..• c- ..-j \{ :.T !■;'»• ii '*»</OldTextValue>
    <NewTextValue></NewTextValue>
  </TextCorrectedLine>
  <TextCorrectedLine lineID="P1_TL00011">
    <OldTextValue>. dent Benefits; S</OldTextValue>
    <NewTextValue>dent Benefits.</NewTextValue>
  </TextCorrectedLine>
</TextCorrectedBlock>
<TextCorrectedBlock pageOID="AL19000629.1.1" blockID="P1_TB00009" userID="[redacted]">
  <TextCorrectedLine lineID="P1_TL00012">
    <OldTextValue>A TWO Y»R OLD BOY ATTftGKED BY A GOW</OldTextValue>
    <NewTextValue>A TWO YEAR OLD BOY ATTACKED BY A COW</NewTextValue>
  </TextCorrectedLine>
</TextCorrectedBlock>
<TextCorrectedBlock pageOID="AL19000629.1.1" blockID="P1_TB00016" userID="[redacted]">
  <TextCorrectedLine lineID="P1_TL00033">
    <OldTextValue>Father and Son Fight, the: Former</OldTextValue>
    <NewTextValue>Father and Son Fight, the Former</NewTextValue>
  </TextCorrectedLine>
  <TextCorrectedLine lineID="P1_TL00034">
    <OldTextValue>Using a .Knife, the Latter</OldTextValue>
    <NewTextValue>Using a Knife, the Latter</NewTextValue>
  </TextCorrectedLine>
</TextCorrectedBlock>
<TextCorrectedBlock pageOID="AL19000629.1.1" blockID="P1_TB00031" userID="[redacted]">
  <TextCorrectedLine lineID="P1_TL00128">
    <OldTextValue>Prospect. San Andreas, June 23, 1000.</OldTextValue>
    <NewTextValue>Prospect. San Andreas, June 23, 1900.</NewTextValue>
  </TextCorrectedLine>
</TextCorrectedBlock>
<TextCorrectedBlock pageOID="AL19000629.1.1" blockID="P1_TB00041" userID="[redacted]">
  <TextCorrectedLine lineID="P1_TL00244">
    <OldTextValue>Citizen, San Andreas, June 23, 1900.'</OldTextValue>
    <NewTextValue>Citizen, San Andreas, June 23, 1900.</NewTextValue>
  </TextCorrectedLine>
  <TextCorrectedLine lineID="P1_TL00245">
    <OldTextValue>"** Mrs. Joseph Goyette of Stockton is</OldTextValue>
    <NewTextValue>Mrs. Joseph Goyette of Stockton is</NewTextValue>
  </TextCorrectedLine>
  <TextCorrectedLine lineID="P1_TL00251">
    <OldTextValue>for many years. . •. .</OldTextValue>
    <NewTextValue>for many years.</NewTextValue>
  </TextCorrectedLine>
  <TextCorrectedLine lineID="P1_TL00254">
    <OldTextValue>Superior Court against &gt; the,. California</OldTextValue>
    <NewTextValue>Superior Court against the California</NewTextValue>
  </TextCorrectedLine>
</TextCorrectedBlock>
<TextCorrectedBlock pageOID="AL19000629.1.1" blockID="P1_TB00085" userID="[redacted]">
  <TextCorrectedLine lineID="P1_TL00676">
    <OldTextValue>The Strength of the Newspaper Seeog-</OldTextValue>
    <NewTextValue>The Strength of the Newspaper Recog-</NewTextValue>
  </TextCorrectedLine>
  <TextCorrectedLine lineID="P1_TL00677">
    <OldTextValue>:;; nixed at an Importance.</OldTextValue>
    <NewTextValue>nized as an Importance.</NewTextValue>
  </TextCorrectedLine>
</TextCorrectedBlock>
<TextCorrectedBlock pageOID="AL19000629.1.1" blockID="P1_TB00082" userID="[redacted]">
  <TextCorrectedLine lineID="P1_TL00617">
    <OldTextValue>And if Western newspapera^-the city</OldTextValue>
    <NewTextValue>And if Western newspapers-the city</NewTextValue>
  </TextCorrectedLine>
</TextCorrectedBlock>
<TextCorrectedBlock pageOID="AL19000629.1.1" blockID="P1_TB00090" userID="[redacted]">
  <TextCorrectedLine lineID="P1_TL00709">
    <OldTextValue>at Arastravillo by taking poison and</OldTextValue>
    <NewTextValue>at Arastraville by taking poison and</NewTextValue>
  </TextCorrectedLine>
  <TextCorrectedLine lineID="P1_TL00713">
    <OldTextValue>danger. : ■ ■■ j : \</OldTextValue>
    <NewTextValue>danger.</NewTextValue>
  </TextCorrectedLine>
</TextCorrectedBlock>
<TextCorrectedBlock pageOID="AL19000629.1.1" blockID="P1_TB00097" userID="[redacted]">
  <TextCorrectedLine lineID="P1_TL00733">
    <OldTextValue>J. F. Stevenson, 'a miner ut the</OldTextValue>
    <NewTextValue>J. F. Stevenson, a miner at the</NewTextValue>
  </TextCorrectedLine>
  <TextCorrectedLine lineID="P1_TL00735">
    <OldTextValue>in the stope between the 800 and 000</OldTextValue>
    <NewTextValue>in the stope between the 800 and 900</NewTextValue>
  </TextCorrectedLine>
  <TextCorrectedLine lineID="P1_TL00737">
    <OldTextValue>of rock fell and struck him on the -back</OldTextValue>
    <NewTextValue>of rock fell and struck him on the back</NewTextValue>
  </TextCorrectedLine>
  <TextCorrectedLine lineID="P1_TL00738">
    <OldTextValue>fjpthe right hand, inflicting a severe</OldTextValue>
    <NewTextValue>of the right hand, inflicting a severe</NewTextValue>
  </TextCorrectedLine>
</TextCorrectedBlock>
<TextCorrectedBlock pageOID="AL19000629.1.1" blockID="P1_TB00013" userID="[redacted]">
  <TextCorrectedLine lineID="P1_TL00023">
    <OldTextValue>the two-year-old boy' of Mr.</OldTextValue>
    <NewTextValue>the two-year-old boy of Mr.</NewTextValue>
  </TextCorrectedLine>
  <TextCorrectedLine lineID="P1_TL00025">
    <OldTextValue>Beverly bruised last Thursday after-</OldTextValue>
    <NewTextValue>severly bruised last Thursday after-</NewTextValue>
  </TextCorrectedLine>
  <TextCorrectedLine lineID="P1_TL00026">
    <OldTextValue>noon by a wild cow. The ■ vicious an-</OldTextValue>
    <NewTextValue>noon by a wild cow. The vicious an-</NewTextValue>
  </TextCorrectedLine>
</TextCorrectedBlock>
<TextCorrectedBlock pageOID="AL19000629.1.1" blockID="P1_TB00012" userID="[redacted]">
  <TextCorrectedLine lineID="P1_TL00015">
    <OldTextValue>, At the instance of J. , J. Elliott and</OldTextValue>
    <NewTextValue>At the instance of J.  J. Elliott and</NewTextValue>
  </TextCorrectedLine>
  <TextCorrectedLine lineID="P1_TL00016">
    <OldTextValue>Gus Ratto, miners, employed jat.' the</OldTextValue>
    <NewTextValue>Gus Ratto, miners, employed at the</NewTextValue>
  </TextCorrectedLine>
  <TextCorrectedLine lineID="P1_TL00017">
    <OldTextValue>Seminple, nineteen ounces of 'amalgam</OldTextValue>
    <NewTextValue>Seminole, nineteen ounces of amalgam</NewTextValue>
  </TextCorrectedLine>
  <TextCorrectedLine lineID="P1_TL00018">
    <OldTextValue>inC. H. : Carter's safe were attached</OldTextValue>
    <NewTextValue>in C. H. Carter's safe were attached</NewTextValue>
  </TextCorrectedLine>
  <TextCorrectedLine lineID="P1_TL00020">
    <OldTextValue>men in wages. D. C. Mitchell, , who is</OldTextValue>
    <NewTextValue>men in wages. D. C. Mitchell,  who is</NewTextValue>
  </TextCorrectedLine>
</TextCorrectedBlock>
<TextCorrectedBlock pageOID="AL19000629.1.1" blockID="P1_TB00032" userID="[redacted]">
  <TextCorrectedLine lineID="P1_TL00166">
    <OldTextValue>Republican, Placcryille, June 21, 1900. ■ .</OldTextValue>
    <NewTextValue>Republican, Placcryille, June 21, 1900.</NewTextValue>
  </TextCorrectedLine>
  <TextCorrectedLine lineID="P1_TL00167">
    <OldTextValue>/"A Cutting affray' occurred at !Green-</OldTextValue>
    <NewTextValue>A Cutting affray occurred at Green-</NewTextValue>
  </TextCorrectedLine>
  <TextCorrectedLine lineID="P1_TL00169">
    <OldTextValue>ing.' John Young of Pilot Hill quarrel-</OldTextValue>
    <NewTextValue>ing. John Young of Pilot Hill quarrel-</NewTextValue>
  </TextCorrectedLine>
  <TextCorrectedLine lineID="P1_TL00171">
    <OldTextValue>slashed the latter' across the ribt&gt; with</OldTextValue>
    <NewTextValue>slashed the latter' across the ribs with</NewTextValue>
  </TextCorrectedLine>
  <TextCorrectedLine lineID="P1_TL00172">
    <OldTextValue>a pocket knife, making a long* shallow</OldTextValue>
    <NewTextValue>a pocket knife, making a long shallow</NewTextValue>
  </TextCorrectedLine>
  <TextCorrectedLine lineID="P1_TL00176">
    <OldTextValue>him severely. No complaints ' or ar-</OldTextValue>
    <NewTextValue>him severely. No complaints or ar-</NewTextValue>
  </TextCorrectedLine>
</TextCorrectedBlock>
