<TextCorrectedBlock pageOID="AL19000302.1.1" blockID="P1_TB00007" userID="[redacted]">
  <TextCorrectedLine lineID="P1_TL00012">
    <OldTextValue>GREAT 6RAVR BEDS PASS THROUGH THE SfERPA</OldTextValue>
    <NewTextValue>GREAT 6RAVR BEDS PASS THROUGH THE SIERRA</NewTextValue>
  </TextCorrectedLine>
</TextCorrectedBlock>
<TextCorrectedBlock pageOID="AL19000302.1.1" blockID="P1_TB00007" userID="[redacted]">
  <TextCorrectedLine lineID="P1_TL00012">
    <OldTextValue>GREAT 6RAVR BEDS PASS THROUGH THE SIERRA</OldTextValue>
    <NewTextValue>GREAT GRAVEL BEDS PASS THROUGH THE SIERRA</NewTextValue>
  </TextCorrectedLine>
</TextCorrectedBlock>
<TextCorrectedBlock pageOID="AL19000302.1.1" blockID="P1_TB00009" userID="[redacted]">
  <TextCorrectedLine lineID="P1_TL00017">
    <OldTextValue>Carry Gold In Faying Quantities</OldTextValue>
    <NewTextValue>Carry Gold In Paying Quantities</NewTextValue>
  </TextCorrectedLine>
</TextCorrectedBlock>
<TextCorrectedBlock pageOID="AL19000302.1.1" blockID="P1_TB00069" userID="[redacted]">
  <TextCorrectedLine lineID="P1_TL00731">
    <OldTextValue>in conjunction willi lln&lt; Calaveras river</OldTextValue>
    <NewTextValue>in conjunction with the Calaveras river</NewTextValue>
  </TextCorrectedLine>
</TextCorrectedBlock>
<TextCorrectedBlock pageOID="AL19000302.1.1" blockID="P1_TB00005" userID="[redacted]">
  <TextCorrectedLine lineID="P1_TL00009">
    <OldTextValue>Its Eelation to the Precious</OldTextValue>
    <NewTextValue>Its Relation to the Precious</NewTextValue>
  </TextCorrectedLine>
  <TextCorrectedLine lineID="P1_TL00010">
    <OldTextValue>■; Metal. U</OldTextValue>
    <NewTextValue>Metal.</NewTextValue>
  </TextCorrectedLine>
</TextCorrectedBlock>
