<TextCorrectedBlock pageOID="AL19080410.1.2" blockID="P2_CB00001" userID="[redacted]">
  <TextCorrectedLine lineID="P2_TL00248">
    <OldTextValue>W. B. (lIILLIPS</OldTextValue>
    <NewTextValue>W. B. PHILLIPS</NewTextValue>
  </TextCorrectedLine>
  <TextCorrectedLine lineID="P2_TL00251">
    <OldTextValue>PIA'MOUTir,! CAT,.</OldTextValue>
    <NewTextValue>PLYMOUTH, CAL.</NewTextValue>
  </TextCorrectedLine>
  <TextCorrectedLine lineID="P2_TL00258">
    <OldTextValue>VOLCANO, AMADOR CO., CALT</OldTextValue>
    <NewTextValue>VOLCANO, AMADOR CO., CAL.</NewTextValue>
  </TextCorrectedLine>
</TextCorrectedBlock>
<TextCorrectedBlock pageOID="AL19080410.1.2" blockID="P2_CB00001" userID="[redacted]">
  <TextCorrectedLine lineID="P2_TL00253">
    <OldTextValue>Free u«e of pnrlor for funeral*.</OldTextValue>
    <NewTextValue>Free use of pnrlor for funerals.</NewTextValue>
  </TextCorrectedLine>
  <TextCorrectedLine lineID="P2_TL00254">
    <OldTextValue>A line uml complete mock of Cofflnn, cloth</OldTextValue>
    <NewTextValue>A fine and complete stock of Coffins, cloth</NewTextValue>
  </TextCorrectedLine>
  <TextCorrectedLine lineID="P2_TL00255">
    <OldTextValue>ami plnsh covered Catkcts, constantly on hum</OldTextValue>
    <NewTextValue>and plush covered Caskets, constantly on hand</NewTextValue>
  </TextCorrectedLine>
  <TextCorrectedLine lineID="P2_TL00263">
    <OldTextValue>Table supplied with best In market.</OldTextValue>
    <NewTextValue>Table supplied with best in market.</NewTextValue>
  </TextCorrectedLine>
  <TextCorrectedLine lineID="P2_TL00264">
    <OldTextValue>Terms reasonable. jnel</OldTextValue>
    <NewTextValue>Terms reasonable.     jnel</NewTextValue>
  </TextCorrectedLine>
</TextCorrectedBlock>
<TextCorrectedBlock pageOID="AL19080410.1.3" blockID="P3_TB00041" userID="[redacted]">
  <TextCorrectedLine lineID="P3_TL00343">
    <OldTextValue>Climate.— The climate of tho popu-</OldTextValue>
    <NewTextValue>Climate.— The climate of the popu-</NewTextValue>
  </TextCorrectedLine>
  <TextCorrectedLine lineID="P3_TL00344">
    <OldTextValue>lous portions of the county la aa genial</OldTextValue>
    <NewTextValue>lous portions of the county is as genial</NewTextValue>
  </TextCorrectedLine>
  <TextCorrectedLine lineID="P3_TL00346">
    <OldTextValue>In California. Aa climate la one of tho</OldTextValue>
    <NewTextValue>in California. As climate is one of the</NewTextValue>
  </TextCorrectedLine>
  <TextCorrectedLine lineID="P3_TL00347">
    <OldTextValue>moat valuablo assets of this favored</OldTextValue>
    <NewTextValue>most valuable assets of this favored</NewTextValue>
  </TextCorrectedLine>
  <TextCorrectedLine lineID="P3_TL00348">
    <OldTextValue>state In attracting population, Amador</OldTextValue>
    <NewTextValue>state in attracting population, Amador</NewTextValue>
  </TextCorrectedLine>
  <TextCorrectedLine lineID="P3_TL00349">
    <OldTextValue>■ stands second to no county In this re-</OldTextValue>
    <NewTextValue>stands second to no county in this re-</NewTextValue>
  </TextCorrectedLine>
  <TextCorrectedLine lineID="P3_TL00351">
    <OldTextValue>time, when Its cllmatio advantages are</OldTextValue>
    <NewTextValue>time, when Its cllmatic advantages are</NewTextValue>
  </TextCorrectedLine>
  <TextCorrectedLine lineID="P3_TL00354">
    <OldTextValue>only for those In less favored atates,</OldTextValue>
    <NewTextValue>only for those in less favored states,</NewTextValue>
  </TextCorrectedLine>
  <TextCorrectedLine lineID="P3_TL00355">
    <OldTextValue>but for tho residents of other parts of</OldTextValue>
    <NewTextValue>but for the residents of other parts of</NewTextValue>
  </TextCorrectedLine>
  <TextCorrectedLine lineID="P3_TL00356">
    <OldTextValue>California. Tho temperature alone tho</OldTextValue>
    <NewTextValue>California. The temperature alone the</NewTextValue>
  </TextCorrectedLine>
  <TextCorrectedLine lineID="P3_TL00358">
    <OldTextValue>degreea above zero In winter, and as</OldTextValue>
    <NewTextValue>degrees above zero in winter, and as</NewTextValue>
  </TextCorrectedLine>
  <TextCorrectedLine lineID="P3_TL00359">
    <OldTextValue>rarely rises to 100 dogreos in the sum-</OldTextValue>
    <NewTextValue>rarely rises to 100 degrees in the sum-</NewTextValue>
  </TextCorrectedLine>
  <TextCorrectedLine lineID="P3_TL00360">
    <OldTextValue>mer. Snow seldom falls tn the settled</OldTextValue>
    <NewTextValue>mer. Snow seldom falls in the settled</NewTextValue>
  </TextCorrectedLine>
  <TextCorrectedLine lineID="P3_TL00363">
    <OldTextValue>courso, In the high mountain rogions</OldTextValue>
    <NewTextValue>course, in the high mountain regions</NewTextValue>
  </TextCorrectedLine>
  <TextCorrectedLine lineID="P3_TL00364">
    <OldTextValue>of eastern Amador the snowfall Is very</OldTextValue>
    <NewTextValue>of eastern Amador the snowfall is very</NewTextValue>
  </TextCorrectedLine>
  <TextCorrectedLine lineID="P3_TL00365">
    <OldTextValue>heavy — which Is characteristic of the</OldTextValue>
    <NewTextValue>heavy — which is characteristic of the</NewTextValue>
  </TextCorrectedLine>
  <TextCorrectedLine lineID="P3_TL00366">
    <OldTextValue>entire Sierra Nevada range. Tho sum-</OldTextValue>
    <NewTextValue>entire Sierra Nevada range. The sum-</NewTextValue>
  </TextCorrectedLine>
  <TextCorrectedLine lineID="P3_TL00374">
    <OldTextValue>cipally for hor quartz mines. The</OldTextValue>
    <NewTextValue>cipally for her quartz mines. The</NewTextValue>
  </TextCorrectedLine>
  <TextCorrectedLine lineID="P3_TL00375">
    <OldTextValue>deepest gold mines in America lire lo-</OldTextValue>
    <NewTextValue>deepest gold mines in America are lo-</NewTextValue>
  </TextCorrectedLine>
  <TextCorrectedLine lineID="P3_TL00380">
    <OldTextValue>Indication that tho pay-ore extends to</OldTextValue>
    <NewTextValue>indication that the pay-ore extends to</NewTextValue>
  </TextCorrectedLine>
  <TextCorrectedLine lineID="P3_TL00383">
    <OldTextValue>uted fully 8100,000000 to the world's</OldTextValue>
    <NewTextValue>uted fully $100,000000 to the world's</NewTextValue>
  </TextCorrectedLine>
  <TextCorrectedLine lineID="P3_TL00389">
    <OldTextValue>Is called the "mother lode," stretching</OldTextValue>
    <NewTextValue>is called the "mother lode," stretching</NewTextValue>
  </TextCorrectedLine>
  <TextCorrectedLine lineID="P3_TL00393">
    <OldTextValue>400 anil 500 stamps, and furnish em-</OldTextValue>
    <NewTextValue>400 and 500 stamps, and furnish em-</NewTextValue>
  </TextCorrectedLine>
  <TextCorrectedLine lineID="P3_TL00397">
    <OldTextValue>main gold belt, is far in excess of tho</OldTextValue>
    <NewTextValue>main gold belt, is far in excess of the</NewTextValue>
  </TextCorrectedLine>
  <TextCorrectedLine lineID="P3_TL00403">
    <OldTextValue>business of pold mining, not alone along</OldTextValue>
    <NewTextValue>business of gold mining, not alone along</NewTextValue>
  </TextCorrectedLine>
  <TextCorrectedLine lineID="P3_TL00404">
    <OldTextValue>the mother lode, but also In the almost</OldTextValue>
    <NewTextValue>the mother lode, but also in the almost</NewTextValue>
  </TextCorrectedLine>
  <TextCorrectedLine lineID="P3_TL00406">
    <OldTextValue>east belt, some ton or twelve miles from</OldTextValue>
    <NewTextValue>east belt, some ten or twelve miles from</NewTextValue>
  </TextCorrectedLine>
</TextCorrectedBlock>
<TextCorrectedBlock pageOID="AL19080410.1.3" blockID="P3_TB00048" userID="[redacted]">
  <TextCorrectedLine lineID="P3_TL00477">
    <OldTextValue>Los Angeles oounty was the next to</OldTextValue>
    <NewTextValue>Los Angeles county was the next to</NewTextValue>
  </TextCorrectedLine>
  <TextCorrectedLine lineID="P3_TL00479">
    <OldTextValue>and the lederal engineer who made</OldTextValue>
    <NewTextValue>and the federal engineer who made</NewTextValue>
  </TextCorrectedLine>
  <TextCorrectedLine lineID="P3_TL00481">
    <OldTextValue>county took up , tbe work at .Los</OldTextValue>
    <NewTextValue>county took up  the work at Los</NewTextValue>
  </TextCorrectedLine>
  <TextCorrectedLine lineID="P3_TL00482">
    <OldTextValue>Angeles iv July. 1907. So thorough</OldTextValue>
    <NewTextValue>Angeles in July, 1907. So thorough</NewTextValue>
  </TextCorrectedLine>
  <TextCorrectedLine lineID="P3_TL00485">
    <OldTextValue>in its endeavor to provide boa</OldTextValue>
    <NewTextValue>in its endeavor to provide Los</NewTextValue>
  </TextCorrectedLine>
  <TextCorrectedLine lineID="P3_TL00487">
    <OldTextValue>highways that tbey retained tbe</OldTextValue>
    <NewTextValue>highways that they retained the</NewTextValue>
  </TextCorrectedLine>
  <TextCorrectedLine lineID="P3_TL00488">
    <OldTextValue>federal engineer as chief , engineer of</OldTextValue>
    <NewTextValue>federal engineer as chief  engineer of</NewTextValue>
  </TextCorrectedLine>
</TextCorrectedBlock>
<TextCorrectedBlock pageOID="AL19080410.1.3" blockID="P3_TB00026" userID="[redacted]">
  <TextCorrectedLine lineID="P3_TL00147">
    <OldTextValue>Kespectfully submitted</OldTextValue>
    <NewTextValue>Respectfully submitted</NewTextValue>
  </TextCorrectedLine>
  <TextCorrectedLine lineID="P3_TL00148">
    <OldTextValue>. W. 11. (Jreenhalgh,</OldTextValue>
    <NewTextValue>W. H. Greenhalgh,</NewTextValue>
  </TextCorrectedLine>
  <TextCorrectedLine lineID="P3_TL00150">
    <OldTextValue>J. M. Paraon,</OldTextValue>
    <NewTextValue>J. M. Parson,</NewTextValue>
  </TextCorrectedLine>
  <TextCorrectedLine lineID="P3_TL00151">
    <OldTextValue>C. 11. Uibbons,</OldTextValue>
    <NewTextValue>C. H. Gibbons,</NewTextValue>
  </TextCorrectedLine>
  <TextCorrectedLine lineID="P3_TL00152">
    <OldTextValue>W. Uaugherty,</OldTextValue>
    <NewTextValue>W. Daugherty,</NewTextValue>
  </TextCorrectedLine>
  <TextCorrectedLine lineID="P3_TL00153">
    <OldTextValue>Kxecutive committee.</OldTextValue>
    <NewTextValue>Executive committee.</NewTextValue>
  </TextCorrectedLine>
  <TextCorrectedLine lineID="P3_TL00154">
    <OldTextValue>Dated, Jaoksou, Cal., April 2, 1908.</OldTextValue>
    <NewTextValue>Dated, Jaokson, Cal., April 2, 1908.</NewTextValue>
  </TextCorrectedLine>
  <TextCorrectedLine lineID="P3_TL00156">
    <OldTextValue>this association fcotnposed of com-</OldTextValue>
    <NewTextValue>this association composed of com-</NewTextValue>
  </TextCorrectedLine>
  <TextCorrectedLine lineID="P3_TL00165">
    <OldTextValue>of Foresters, tbat we respectfully</OldTextValue>
    <NewTextValue>of Foresters, that we respectfully</NewTextValue>
  </TextCorrectedLine>
  <TextCorrectedLine lineID="P3_TL00167">
    <OldTextValue>count of the publio and urgent</OldTextValue>
    <NewTextValue>count of the public and urgent</NewTextValue>
  </TextCorrectedLine>
  <TextCorrectedLine lineID="P3_TL00168">
    <OldTextValue>neoessity therefor, to assume obarge</OldTextValue>
    <NewTextValue>necessity therefor, to assume charge</NewTextValue>
  </TextCorrectedLine>
  <TextCorrectedLine lineID="P3_TL00170">
    <OldTextValue>witbin the city limits known as the</OldTextValue>
    <NewTextValue>within the city limits known as the</NewTextValue>
  </TextCorrectedLine>
  <TextCorrectedLine lineID="P3_TL00172">
    <OldTextValue>gulatious for its protection and for</OldTextValue>
    <NewTextValue>gulations for its protection and for</NewTextValue>
  </TextCorrectedLine>
  <TextCorrectedLine lineID="P3_TL00173">
    <OldTextValue>tbe burial of tbe dead therein, and to</OldTextValue>
    <NewTextValue>the burial of tbe dead therein, and to</NewTextValue>
  </TextCorrectedLine>
</TextCorrectedBlock>
<TextCorrectedBlock pageOID="AL19080410.1.3" blockID="P3_TB00022" userID="[redacted]">
  <TextCorrectedLine lineID="P3_TL00112">
    <OldTextValue>Keservation— Alaska — Mere occu-</OldTextValue>
    <NewTextValue>Reservation— Alaska — Mere occu-</NewTextValue>
  </TextCorrectedLine>
  <TextCorrectedLine lineID="P3_TL00116">
    <OldTextValue>pant, as against the government, tbat</OldTextValue>
    <NewTextValue>pant, as against the government, that</NewTextValue>
  </TextCorrectedLine>
</TextCorrectedBlock>
<TextCorrectedBlock pageOID="AL19080410.1.3" blockID="P3_TB00021" userID="[redacted]">
  <TextCorrectedLine lineID="P3_TL00110">
    <OldTextValue>of the settler unite to effect .such</OldTextValue>
    <NewTextValue>of the settler unite to effect such</NewTextValue>
  </TextCorrectedLine>
</TextCorrectedBlock>
<TextCorrectedBlock pageOID="AL19080410.1.4" blockID="P4_TB00049" userID="[redacted]">
  <TextCorrectedLine lineID="P4_TL00268">
    <OldTextValue>April 7.— Tho north wind is blow-</OldTextValue>
    <NewTextValue>April 7.— The north wind is blow-</NewTextValue>
  </TextCorrectedLine>
  <TextCorrectedLine lineID="P4_TL00269">
    <OldTextValue>ing a terrible gale today. Tbe farm-</OldTextValue>
    <NewTextValue>ing a terrible gale today. The farm-</NewTextValue>
  </TextCorrectedLine>
  <TextCorrectedLine lineID="P4_TL00270">
    <OldTextValue>ers are in bopes it will blow up a</OldTextValue>
    <NewTextValue>ers are in hopes it will blow up a</NewTextValue>
  </TextCorrectedLine>
  <TextCorrectedLine lineID="P4_TL00271">
    <OldTextValue>rain, as tbo crops need it badly.</OldTextValue>
    <NewTextValue>rain, as the crops need it badly.</NewTextValue>
  </TextCorrectedLine>
  <TextCorrectedLine lineID="P4_TL00273">
    <OldTextValue>Hying trip last week.</OldTextValue>
    <NewTextValue>flying trip last week.</NewTextValue>
  </TextCorrectedLine>
  <TextCorrectedLine lineID="P4_TL00285">
    <OldTextValue>Mrs J. Liondon is home, after her</OldTextValue>
    <NewTextValue>Mrs J. London is home, after her</NewTextValue>
  </TextCorrectedLine>
  <TextCorrectedLine lineID="P4_TL00288">
    <OldTextValue>Ulen Gilbert of Jackson, paid bis</OldTextValue>
    <NewTextValue>Glen Gilbert of Jackson, paid his</NewTextValue>
  </TextCorrectedLine>
  <TextCorrectedLine lineID="P4_TL00289">
    <OldTextValue>grandmother a visit last week.'</OldTextValue>
    <NewTextValue>grandmother a visit last week.</NewTextValue>
  </TextCorrectedLine>
</TextCorrectedBlock>
<TextCorrectedBlock pageOID="AL19080410.1.4" blockID="P4_TB00080" userID="[redacted]">
  <TextCorrectedLine lineID="P4_TL00426">
    <OldTextValue>Mrs C. A. Wright has moved fcto</OldTextValue>
    <NewTextValue>Mrs C. A. Wright has moved to</NewTextValue>
  </TextCorrectedLine>
  <TextCorrectedLine lineID="P4_TL00428">
    <OldTextValue>cream parlor for tbe summer months.</OldTextValue>
    <NewTextValue>cream parlor for the summer months.</NewTextValue>
  </TextCorrectedLine>
</TextCorrectedBlock>
<TextCorrectedBlock pageOID="AL19080410.1.4" blockID="P4_TB00074" userID="[redacted]">
  <TextCorrectedLine lineID="P4_TL00403">
    <OldTextValue>Tbo directors of tbe Julian hall</OldTextValue>
    <NewTextValue>The directors of the Julian hall</NewTextValue>
  </TextCorrectedLine>
  <TextCorrectedLine lineID="P4_TL00404">
    <OldTextValue>have decided tv make tbe rental of</OldTextValue>
    <NewTextValue>have decided to make the rental of</NewTextValue>
  </TextCorrectedLine>
</TextCorrectedBlock>
<TextCorrectedBlock pageOID="AL19080410.1.4" blockID="P4_CB00002" userID="[redacted]">
  <TextCorrectedLine lineID="P4_TL00670">
    <OldTextValue>CASTOR I A</OldTextValue>
    <NewTextValue>CASTORIA</NewTextValue>
  </TextCorrectedLine>
  <TextCorrectedLine lineID="P4_TL00673">
    <OldTextValue>Bears the Slfi y/KT^i ./?"</OldTextValue>
    <NewTextValue>Bears the</NewTextValue>
  </TextCorrectedLine>
  <TextCorrectedLine lineID="P4_TL00674">
    <OldTextValue>Signature of C/ut^//. /&amp; &amp;&amp; &amp;</OldTextValue>
    <NewTextValue>Signature of</NewTextValue>
  </TextCorrectedLine>
  <TextCorrectedLine lineID="P4_TL00680">
    <OldTextValue>|"™WANTED"~|</OldTextValue>
    <NewTextValue>WANTED</NewTextValue>
  </TextCorrectedLine>
  <TextCorrectedLine lineID="P4_TL00681">
    <OldTextValue>rI want to hear from owner having!</OldTextValue>
    <NewTextValue>I want to hear from owner having</NewTextValue>
  </TextCorrectedLine>
  <TextCorrectedLine lineID="P4_TL00682">
    <OldTextValue>[GOOD FARM ori</OldTextValue>
    <NewTextValue>GOOD FARM or</NewTextValue>
  </TextCorrectedLine>
  <TextCorrectedLine lineID="P4_TL00683">
    <OldTextValue>BUSINESS I</OldTextValue>
    <NewTextValue>BUSINESS</NewTextValue>
  </TextCorrectedLine>
  <TextCorrectedLine lineID="P4_TL00684">
    <OldTextValue>Hfor sale, liny size and any locality. Notß</OldTextValue>
    <NewTextValue>for sale, any size and any locality. Not</NewTextValue>
  </TextCorrectedLine>
  <TextCorrectedLine lineID="P4_TL00685">
    <OldTextValue>■particular about location, if you wantS</OldTextValue>
    <NewTextValue>particular about location, if you want</NewTextValue>
  </TextCorrectedLine>
  <TextCorrectedLine lineID="P4_TL00686">
    <OldTextValue>■cash for your farm or business it will pil.vH</OldTextValue>
    <NewTextValue>cash for your farm or business it will pay</NewTextValue>
  </TextCorrectedLine>
  <TextCorrectedLine lineID="P4_TL00687">
    <OldTextValue>ffymi to write me today. I only want toH</OldTextValue>
    <NewTextValue>you to write me today. I only want to</NewTextValue>
  </TextCorrectedLine>
  <TextCorrectedLine lineID="P4_TL00688">
    <OldTextValue>Shear from owners who are nilllng to sollfl</OldTextValue>
    <NewTextValue>hear from owners who are willlng to sell</NewTextValue>
  </TextCorrectedLine>
  <TextCorrectedLine lineID="P4_TL00689">
    <OldTextValue>■direct to the buyer and without paying as</OldTextValue>
    <NewTextValue>direct to the buyer and without paying a</NewTextValue>
  </TextCorrectedLine>
  <TextCorrectedLine lineID="P4_TL00690">
    <OldTextValue>Scent of commission to anyone. lam notjj</OldTextValue>
    <NewTextValue>cent of commission to anyone. l am not</NewTextValue>
  </TextCorrectedLine>
  <TextCorrectedLine lineID="P4_TL00691">
    <OldTextValue>■ a real estate agent and I don't accept pro M</OldTextValue>
    <NewTextValue>a real estate agent and I don't accept pro</NewTextValue>
  </TextCorrectedLine>
  <TextCorrectedLine lineID="P4_TL00692">
    <OldTextValue>Hpertics for sulu on a commission basis M</OldTextValue>
    <NewTextValue>perties for sale on a commission basis</NewTextValue>
  </TextCorrectedLine>
  <TextCorrectedLine lineID="P4_TL00693">
    <OldTextValue>|f Agents need not answer. If your farm orja</OldTextValue>
    <NewTextValue>Agents need not answer. If your farm or</NewTextValue>
  </TextCorrectedLine>
  <TextCorrectedLine lineID="P4_TL00694">
    <OldTextValue>Bbuslncss is fdr sale write me at'ouce unriji</OldTextValue>
    <NewTextValue>business is for sale write me at once and</NewTextValue>
  </TextCorrectedLine>
</TextCorrectedBlock>
<TextCorrectedBlock pageOID="AL19080410.1.4" blockID="P4_CB00001" userID="[redacted]">
  <TextCorrectedLine lineID="P4_TL00509">
    <OldTextValue>Notice to Increase Capital Stock. .1</OldTextValue>
    <NewTextValue>Notice to Increase Capital Stock. .</NewTextValue>
  </TextCorrectedLine>
  <TextCorrectedLine lineID="P4_TL00510">
    <OldTextValue>Notice la hereby Klven thnt pursuant I</OldTextValue>
    <NewTextValue>Notice is hereby given that pursuant</NewTextValue>
  </TextCorrectedLine>
  <TextCorrectedLine lineID="P4_TL00511">
    <OldTextValue>to n ippiilutinn of the Doard of I</OldTextValue>
    <NewTextValue>to a resolution of the Board of</NewTextValue>
  </TextCorrectedLine>
</TextCorrectedBlock>
<TextCorrectedBlock pageOID="AL19080410.1.5" blockID="P5_CB00008" userID="[redacted]">
  <TextCorrectedLine lineID="P5_TL00589">
    <OldTextValue>Compound Extract of Sarsaparilla</OldTextValue>
    <NewTextValue>RUHSER'S   Compound Extract of Sarsaparilla</NewTextValue>
  </TextCorrectedLine>
</TextCorrectedBlock>
<TextCorrectedBlock pageOID="AL19080410.1.5" blockID="P5_TB00044" userID="[redacted]">
  <TextCorrectedLine lineID="P5_TL00426">
    <OldTextValue>rtiiy nt. the meeting of tbe honrd of</OldTextValue>
    <NewTextValue>day at the meeting of the board of</NewTextValue>
  </TextCorrectedLine>
  <TextCorrectedLine lineID="P5_TL00427">
    <OldTextValue>supervisors. After rending the in In -</OldTextValue>
    <NewTextValue>supervisors. After reading the min -</NewTextValue>
  </TextCorrectedLine>
  <TextCorrectedLine lineID="P5_TL00428">
    <OldTextValue>utns of the lust iiioetiuß they adjourn-</OldTextValue>
    <NewTextValue>utes of the last meeting they adjourn-</NewTextValue>
  </TextCorrectedLine>
  <TextCorrectedLine lineID="P5_TL00429">
    <OldTextValue>erl until J'urtuliiy morning.</OldTextValue>
    <NewTextValue>ed until Tuesday morning.</NewTextValue>
  </TextCorrectedLine>
  <TextCorrectedLine lineID="P5_TL00430">
    <OldTextValue>Tho following clnlniß were present-</OldTextValue>
    <NewTextValue>The following claims were present-</NewTextValue>
  </TextCorrectedLine>
  <TextCorrectedLine lineID="P5_TL00433">
    <OldTextValue>J H Kelly, trareliuK exp. • 810 00</OldTextValue>
    <NewTextValue>J E Kelly, traveling exp.  - - $10 00</NewTextValue>
  </TextCorrectedLine>
  <TextCorrectedLine lineID="P5_TL00434">
    <OldTextValue>I) H Mnson, printing - • 1 O.*i</OldTextValue>
    <NewTextValue>D S Mason, printing   -  - 1 65</NewTextValue>
  </TextCorrectedLine>
  <TextCorrectedLine lineID="P5_TL00435">
    <OldTextValue>Jobu Ulower, inquests • 15 00</OldTextValue>
    <NewTextValue>John Blower, inquests    -   15 00</NewTextValue>
  </TextCorrectedLine>
</TextCorrectedBlock>
