<TextCorrectedBlock pageOID="AL19080710.1.8" blockID="P8_CB00004" userID="[redacted]">
  <TextCorrectedLine lineID="P8_TL00629">
    <OldTextValue>Copies ot tbe license ordiuauce «f</OldTextValue>
    <NewTextValue>Copies of the license ordinance of</NewTextValue>
  </TextCorrectedLine>
  <TextCorrectedLine lineID="P8_TL00630">
    <OldTextValue>tbe City of Jaoksou in pamphlet form</OldTextValue>
    <NewTextValue>tbe City of Jackson in pamphlet form</NewTextValue>
  </TextCorrectedLine>
  <TextCorrectedLine lineID="P8_TL00631">
    <OldTextValue>may be had at tbe Ledger office; price</OldTextValue>
    <NewTextValue>may be had at the Ledger office; price</NewTextValue>
  </TextCorrectedLine>
  <TextCorrectedLine lineID="P8_TL00632">
    <OldTextValue>150, each.</OldTextValue>
    <NewTextValue>15c, each.</NewTextValue>
  </TextCorrectedLine>
</TextCorrectedBlock>
<TextCorrectedBlock pageOID="AL19080710.1.8" blockID="P8_TB00021" userID="[redacted]">
  <TextCorrectedLine lineID="P8_TL00264">
    <OldTextValue>atteuded by the highest priced baby</OldTextValue>
    <NewTextValue>attended by the highest priced baby</NewTextValue>
  </TextCorrectedLine>
  <TextCorrectedLine lineID="P8_TL00265">
    <OldTextValue>Hpooiitlisl could not be cured uf</OldTextValue>
    <NewTextValue>specialist could not be cured of</NewTextValue>
  </TextCorrectedLine>
  <TextCorrectedLine lineID="P8_TL00266">
    <OldTextValue>Mtoiiiiicti or bowel trouble any quicker</OldTextValue>
    <NewTextValue>stomach or bowel trouble any quicker</NewTextValue>
  </TextCorrectedLine>
  <TextCorrectedLine lineID="P8_TL00267">
    <OldTextValue>or surer thtin your baby If you give</OldTextValue>
    <NewTextValue>or surer than your baby if you give</NewTextValue>
  </TextCorrectedLine>
  <TextCorrectedLine lineID="P8_TL00268">
    <OldTextValue>it Mo(iee'n Many Elixir. Cures</OldTextValue>
    <NewTextValue>it McGee's Baby Elixir. Cures</NewTextValue>
  </TextCorrectedLine>
  <TextCorrectedLine lineID="P8_TL00269">
    <OldTextValue>diarrhoea, dysentuiy and all deraugu-</OldTextValue>
    <NewTextValue>diarrhoea, dysentary and all derange-</NewTextValue>
  </TextCorrectedLine>
  <TextCorrectedLine lineID="P8_TL00270">
    <OldTextValue>nifiilH of the stooiac.li or bowel*.</OldTextValue>
    <NewTextValue>ments of the stomach or bowels.</NewTextValue>
  </TextCorrectedLine>
  <TextCorrectedLine lineID="P8_TL00271">
    <OldTextValue>Piioe '2' cents and 50 cents. Hold by</OldTextValue>
    <NewTextValue>Price 2' cents and 50 cents. Sold by</NewTextValue>
  </TextCorrectedLine>
  <TextCorrectedLine lineID="P8_TL00272">
    <OldTextValue>Kiihsiir'n City Pharmacy.</OldTextValue>
    <NewTextValue>Ruhser's City Pharmacy.</NewTextValue>
  </TextCorrectedLine>
</TextCorrectedBlock>
<TextCorrectedBlock pageOID="AL19080710.1.8" blockID="P8_CB00003" userID="[redacted]">
  <TextCorrectedLine lineID="P8_TL00621">
    <OldTextValue>CASTOR I A</OldTextValue>
    <NewTextValue>CASTORIA</NewTextValue>
  </TextCorrectedLine>
  <TextCorrectedLine lineID="P8_TL00628">
    <OldTextValue>and still is tmi best.</OldTextValue>
    <NewTextValue>and still is the best.</NewTextValue>
  </TextCorrectedLine>
</TextCorrectedBlock>
<TextCorrectedBlock pageOID="AL19080710.1.8" blockID="P8_CB00005" userID="[redacted]">
  <TextCorrectedLine lineID="P8_TL00633">
    <OldTextValue>L. Vogeli, Jeweler g</OldTextValue>
    <NewTextValue>L. Vogeli, Jeweler</NewTextValue>
  </TextCorrectedLine>
  <TextCorrectedLine lineID="P8_TL00634">
    <OldTextValue>Wchavotlio mostassort- |</OldTextValue>
    <NewTextValue>We have the most assort-</NewTextValue>
  </TextCorrectedLine>
  <TextCorrectedLine lineID="P8_TL00635">
    <OldTextValue>cd and complete stock of 1</OldTextValue>
    <NewTextValue>ed and complete stock of</NewTextValue>
  </TextCorrectedLine>
  <TextCorrectedLine lineID="P8_TL00636">
    <OldTextValue>goods outside of San |</OldTextValue>
    <NewTextValue>goods outside of San</NewTextValue>
  </TextCorrectedLine>
  <TextCorrectedLine lineID="P8_TL00637">
    <OldTextValue>Francisco in' various |</OldTextValue>
    <NewTextValue>Francisco in  various</NewTextValue>
  </TextCorrectedLine>
  <TextCorrectedLine lineID="P8_TL00638">
    <OldTextValue>styles of Watches, |</OldTextValue>
    <NewTextValue>styles of Watches,</NewTextValue>
  </TextCorrectedLine>
  <TextCorrectedLine lineID="P8_TL00639">
    <OldTextValue>Diamonds. Jewelry, |</OldTextValue>
    <NewTextValue>Diamonds. Jewelry,</NewTextValue>
  </TextCorrectedLine>
  <TextCorrectedLine lineID="P8_TL00640">
    <OldTextValue>plateSterling, Silver- |</OldTextValue>
    <NewTextValue>plate Sterling, Silver-</NewTextValue>
  </TextCorrectedLine>
  <TextCorrectedLine lineID="P8_TL00641">
    <OldTextValue>ware, rich American 1</OldTextValue>
    <NewTextValue>ware, rich American</NewTextValue>
  </TextCorrectedLine>
  <TextCorrectedLine lineID="P8_TL00642">
    <OldTextValue>Cut Glass, Brica- |</OldTextValue>
    <NewTextValue>Cut Glass, Brica-</NewTextValue>
  </TextCorrectedLine>
  <TextCorrectedLine lineID="P8_TL00643">
    <OldTextValue>Brae, and Novelties. |</OldTextValue>
    <NewTextValue>Brac, and Novelties.</NewTextValue>
  </TextCorrectedLine>
  <TextCorrectedLine lineID="P8_TL00644">
    <OldTextValue>Tf you are in need of any n</OldTextValue>
    <NewTextValue>If you are in need of any</NewTextValue>
  </TextCorrectedLine>
  <TextCorrectedLine lineID="P8_TL00645">
    <OldTextValue>such woods, please look mine n</OldTextValue>
    <NewTextValue>such woods, please look mine</NewTextValue>
  </TextCorrectedLine>
  <TextCorrectedLine lineID="P8_TL00646">
    <OldTextValue>over first. Prices are nil as low ]</OldTextValue>
    <NewTextValue>over first. Prices are all as low</NewTextValue>
  </TextCorrectedLine>
  <TextCorrectedLine lineID="P8_TL00647">
    <OldTextValue>as can consistently bo made, |</OldTextValue>
    <NewTextValue>as can consistently be made,</NewTextValue>
  </TextCorrectedLine>
  <TextCorrectedLine lineID="P8_TL00648">
    <OldTextValue>A ONE PRICE STOKE. I</OldTextValue>
    <NewTextValue>A ONE PRICE STORE.</NewTextValue>
  </TextCorrectedLine>
  <TextCorrectedLine lineID="P8_TL00649">
    <OldTextValue>Foot of Main st., Jackson jj</OldTextValue>
    <NewTextValue>Foot of Main st., Jackson</NewTextValue>
  </TextCorrectedLine>
  <TextCorrectedLine lineID="P8_TL00650">
    <OldTextValue>PftCIFIG CARPET CLEfINING Co</OldTextValue>
    <NewTextValue>PACIFIC CARPET CLEANING Co</NewTextValue>
  </TextCorrectedLine>
  <TextCorrectedLine lineID="P8_TL00651">
    <OldTextValue>Kemp &amp; ileffernan, Prop'r.</OldTextValue>
    <NewTextValue>Kemp &amp; Heffernan, Prop'r.</NewTextValue>
  </TextCorrectedLine>
  <TextCorrectedLine lineID="P8_TL00652">
    <OldTextValue>Awninps tmade to order.</OldTextValue>
    <NewTextValue>Awnings made to order.</NewTextValue>
  </TextCorrectedLine>
  <TextCorrectedLine lineID="P8_TL00654">
    <OldTextValue>Upholstering 1 and Mattress Making</OldTextValue>
    <NewTextValue>Upholstering and Mattress Making</NewTextValue>
  </TextCorrectedLine>
  <TextCorrectedLine lineID="P8_TL00656">
    <OldTextValue>jylltf STOCKTON, CAL.</OldTextValue>
    <NewTextValue>STOCKTON, CAL.</NewTextValue>
  </TextCorrectedLine>
</TextCorrectedBlock>
