<TextCorrectedBlock pageOID="AL19080207.1.2" blockID="P2_CB00001" userID="[redacted]">
  <TextCorrectedLine lineID="P2_TL00245">
    <OldTextValue>W. B. HULLIPS,</OldTextValue>
    <NewTextValue>W. B. PHILLIPS,</NewTextValue>
  </TextCorrectedLine>
  <TextCorrectedLine lineID="P2_TL00246">
    <OldTextValue>(Snocesnof toWllllam Beoq.e)</OldTextValue>
    <NewTextValue>(Successor to Wllllam Scoque)</NewTextValue>
  </TextCorrectedLine>
  <TextCorrectedLine lineID="P2_TL00247">
    <OldTextValue>UNDERTAKER &amp; 'EMBALMER</OldTextValue>
    <NewTextValue>UNDERTAKER &amp; EMBALMER</NewTextValue>
  </TextCorrectedLine>
  <TextCorrectedLine lineID="P2_TL00248">
    <OldTextValue>PLYMOUTH,] CAL,</OldTextValue>
    <NewTextValue>PLYMOUTH,  CAL,</NewTextValue>
  </TextCorrectedLine>
  <TextCorrectedLine lineID="P2_TL00249">
    <OldTextValue>CiillH promptly nltendfld today or night.</OldTextValue>
    <NewTextValue>Calls promptly attended to today or night.</NewTextValue>
  </TextCorrectedLine>
  <TextCorrectedLine lineID="P2_TL00250">
    <OldTextValue>Free uso of parlor for funcralu,</OldTextValue>
    <NewTextValue>Free use of parlor for funerals,</NewTextValue>
  </TextCorrectedLine>
  <TextCorrectedLine lineID="P2_TL00251">
    <OldTextValue>A (Inn and complete mock of Collins, cloth</OldTextValue>
    <NewTextValue>A fine and complete stock of Coffins, cloth</NewTextValue>
  </TextCorrectedLine>
  <TextCorrectedLine lineID="P2_TL00252">
    <OldTextValue>aiiil pln»h covered Caftketß, ccmsl imily on hund</OldTextValue>
    <NewTextValue>and plush covered Castkets, constantly on hand</NewTextValue>
  </TextCorrectedLine>
  <TextCorrectedLine lineID="P2_TL00253">
    <OldTextValue>at reunoanble prices. feStf</OldTextValue>
    <NewTextValue>at reasonable prices.                          fe22</NewTextValue>
  </TextCorrectedLine>
  <TextCorrectedLine lineID="P2_TL00255">
    <OldTextValue>VOLCANO, AMADOU CO., CAL.</OldTextValue>
    <NewTextValue>VOLCANO, AMADOR CO., CAL.</NewTextValue>
  </TextCorrectedLine>
  <TextCorrectedLine lineID="P2_TL00257">
    <OldTextValue>*■.■■.;&lt; ''•■ — — —</OldTextValue>
    <NewTextValue></NewTextValue>
  </TextCorrectedLine>
  <TextCorrectedLine lineID="P2_TL00261">
    <OldTextValue>Tableau ppllod with best In market.</OldTextValue>
    <NewTextValue>Tablea supplied with best In market.</NewTextValue>
  </TextCorrectedLine>
  <TextCorrectedLine lineID="P2_TL00262">
    <OldTextValue>Terms reasonable, jnet</OldTextValue>
    <NewTextValue>Terms reasonable.                     jnet</NewTextValue>
  </TextCorrectedLine>
  <TextCorrectedLine lineID="P2_TL00263">
    <OldTextValue>' ♦»♦« ♦♦,</OldTextValue>
    <NewTextValue></NewTextValue>
  </TextCorrectedLine>
  <TextCorrectedLine lineID="P2_TL00264">
    <OldTextValue>i iiIODC nOICI i</OldTextValue>
    <NewTextValue>Globe Hotel</NewTextValue>
  </TextCorrectedLine>
  <TextCorrectedLine lineID="P2_TL00265">
    <OldTextValue>i **» ;</OldTextValue>
    <NewTextValue></NewTextValue>
  </TextCorrectedLine>
  <TextCorrectedLine lineID="P2_TL00266">
    <OldTextValue>j ' NEW MANAGEMENT. '</OldTextValue>
    <NewTextValue>NEW MANAGEMENT.</NewTextValue>
  </TextCorrectedLine>
  <TextCorrectedLine lineID="P2_TL00267">
    <OldTextValue>MRS» ANNIE HUHST....Prop'r J</OldTextValue>
    <NewTextValue>MRS. ANNIE HUHST....Prop'r</NewTextValue>
  </TextCorrectedLine>
  <TextCorrectedLine lineID="P2_TL00268">
    <OldTextValue>Board and Lodging ;</OldTextValue>
    <NewTextValue>Board and Lodging</NewTextValue>
  </TextCorrectedLine>
  <TextCorrectedLine lineID="P2_TL00269">
    <OldTextValue>] AT REASONABLE RATES. ; |</OldTextValue>
    <NewTextValue>AT REASONABLE RATES.</NewTextValue>
  </TextCorrectedLine>
  <TextCorrectedLine lineID="P2_TL00270">
    <OldTextValue>i Sample Rooms for Commer- ' !</OldTextValue>
    <NewTextValue>Sample Rooms for Commer-</NewTextValue>
  </TextCorrectedLine>
  <TextCorrectedLine lineID="P2_TL00271">
    <OldTextValue>i clal Travelers. j !</OldTextValue>
    <NewTextValue>cial Travelers.</NewTextValue>
  </TextCorrectedLine>
  <TextCorrectedLine lineID="P2_TL00272">
    <OldTextValue>• Alt Stages stop at this hotel '</OldTextValue>
    <NewTextValue>Alt Stages stop at this hotel.</NewTextValue>
  </TextCorrectedLine>
  <TextCorrectedLine lineID="P2_TL00273">
    <OldTextValue>• : ;</OldTextValue>
    <NewTextValue></NewTextValue>
  </TextCorrectedLine>
  <TextCorrectedLine lineID="P2_TL00274">
    <OldTextValue>: jackson cal. :</OldTextValue>
    <NewTextValue>jackson ........ cal.</NewTextValue>
  </TextCorrectedLine>
  <TextCorrectedLine lineID="P2_TL00275">
    <OldTextValue>( myfl [</OldTextValue>
    <NewTextValue>my6</NewTextValue>
  </TextCorrectedLine>
  <TextCorrectedLine lineID="P2_TL00276">
    <OldTextValue>» »•••♦•» »«»?</OldTextValue>
    <NewTextValue></NewTextValue>
  </TextCorrectedLine>
  <TextCorrectedLine lineID="P2_TL00277">
    <OldTextValue>I NEW 1</OldTextValue>
    <NewTextValue>NEW</NewTextValue>
  </TextCorrectedLine>
  <TextCorrectedLine lineID="P2_TL00278">
    <OldTextValue>National * Hotel</OldTextValue>
    <NewTextValue>National  Hotel</NewTextValue>
  </TextCorrectedLine>
  <TextCorrectedLine lineID="P2_TL00281">
    <OldTextValue>Stage Office fo* all Points j</OldTextValue>
    <NewTextValue>Stage Office for all Points</NewTextValue>
  </TextCorrectedLine>
  <TextCorrectedLine lineID="P2_TL00282">
    <OldTextValue>JLlghted byelectricitythroughout I</OldTextValue>
    <NewTextValue>Lighted by electricity throughout</NewTextValue>
  </TextCorrectedLine>
  <TextCorrectedLine lineID="P2_TL00283">
    <OldTextValue>• 'Jommodious Sample Rooms for |</OldTextValue>
    <NewTextValue>Commodious Sample Rooms for</NewTextValue>
  </TextCorrectedLine>
  <TextCorrectedLine lineID="P2_TL00284">
    <OldTextValue>Commercial Travelers. aulBl</OldTextValue>
    <NewTextValue>Commercial Travelers.     au18</NewTextValue>
  </TextCorrectedLine>
  <TextCorrectedLine lineID="P2_TL00289">
    <OldTextValue>• and Hardess Fixtures, Saddles,</OldTextValue>
    <NewTextValue>and Hardess Fixtures, Saddles,</NewTextValue>
  </TextCorrectedLine>
  <TextCorrectedLine lineID="P2_TL00291">
    <OldTextValue>an;. Carriage lops made</OldTextValue>
    <NewTextValue>and Carriage tops made</NewTextValue>
  </TextCorrectedLine>
  <TextCorrectedLine lineID="P2_TL00297">
    <OldTextValue>I ! I £UI iIH</OldTextValue>
    <NewTextValue>HEALD'S</NewTextValue>
  </TextCorrectedLine>
  <TextCorrectedLine lineID="P2_TL00304">
    <OldTextValue>llustrated College journul ''Heald's"</OldTextValue>
    <NewTextValue>llustrated College journal ''Heald's"</NewTextValue>
  </TextCorrectedLine>
  <TextCorrectedLine lineID="P2_TL00305">
    <OldTextValue>'or one year free.</OldTextValue>
    <NewTextValue>or one year free.</NewTextValue>
  </TextCorrectedLine>
  <TextCorrectedLine lineID="P2_TL00308">
    <OldTextValue>San Francisco, Cal. i</OldTextValue>
    <NewTextValue>San Francisco, Cal.</NewTextValue>
  </TextCorrectedLine>
  <TextCorrectedLine lineID="P2_TL00309">
    <OldTextValue>INEUHAUS&amp;CO.. Tailors</OldTextValue>
    <NewTextValue>NEUHAUSv&amp;vCO., Tailors</NewTextValue>
  </TextCorrectedLine>
  <TextCorrectedLine lineID="P2_TL00310">
    <OldTextValue>IVORLD-BEATKRB in *■£&gt; Suits and Over</OldTextValue>
    <NewTextValue>WORLD-BEATERS in  $20 Suits and Over</NewTextValue>
  </TextCorrectedLine>
  <TextCorrectedLine lineID="P2_TL00311">
    <OldTextValue>' ' coats mude to order: style, tit, trimming</OldTextValue>
    <NewTextValue>coats made to order: style, fit, trimming</NewTextValue>
  </TextCorrectedLine>
</TextCorrectedBlock>
<TextCorrectedBlock pageOID="AL19080207.1.2" blockID="P2_CB00001" userID="[redacted]">
  <TextCorrectedLine lineID="P2_TL00302">
    <OldTextValue>ae on the Coast.</OldTextValue>
    <NewTextValue>ing on the Coast.</NewTextValue>
  </TextCorrectedLine>
</TextCorrectedBlock>
