<TextCorrectedBlock pageOID="AL19080807.1.1" blockID="P1_CB00001" userID="[redacted]">
  <TextCorrectedLine lineID="P1_TL00643">
    <OldTextValue>WM.»O. SNYHKIt,</OldTextValue>
    <NewTextValue>WM. G. SNYDER</NewTextValue>
  </TextCorrectedLine>
  <TextCorrectedLine lineID="P1_TL00644">
    <OldTextValue>Attnrn«y.at-I.aw,</OldTextValue>
    <NewTextValue>Attnrney-at-I.aw,</NewTextValue>
  </TextCorrectedLine>
  <TextCorrectedLine lineID="P1_TL00646">
    <OldTextValue>Office In Mnrntta Building, Court utroot.</OldTextValue>
    <NewTextValue>Office In Marelia Building, Court street.</NewTextValue>
  </TextCorrectedLine>
  <TextCorrectedLine lineID="P1_TL00647">
    <OldTextValue>Will practice in nil tho courts of tho state, fe</OldTextValue>
    <NewTextValue>Will practice in all the courts of the state.</NewTextValue>
  </TextCorrectedLine>
  <TextCorrectedLine lineID="P1_TL00649">
    <OldTextValue>"Cl K. KNMCOTT, M. 1).</OldTextValue>
    <NewTextValue>E. E. ENDICOTT, M. D.</NewTextValue>
  </TextCorrectedLine>
  <TextCorrectedLine lineID="P1_TL00650">
    <OldTextValue>riiynlclAit Anil Surgeon</OldTextValue>
    <NewTextValue>Physician and Surgeon</NewTextValue>
  </TextCorrectedLine>
  <TextCorrectedLine lineID="P1_TL00651">
    <OldTextValue>Jackson, Uai»</OldTextValue>
    <NewTextValue>Jackson, Cal.</NewTextValue>
  </TextCorrectedLine>
  <TextCorrectedLine lineID="P1_TL00652">
    <OldTextValue>office: Wobb building. All calls promptly</OldTextValue>
    <NewTextValue>office: Webb building. All calls promptly</NewTextValue>
  </TextCorrectedLine>
  <TextCorrectedLine lineID="P1_TL00653">
    <OldTextValue>attended to at all tlinos,</OldTextValue>
    <NewTextValue>attended to at all times,</NewTextValue>
  </TextCorrectedLine>
  <TextCorrectedLine lineID="P1_TL00654">
    <OldTextValue>|-|lt. FIIKI) F. SPItAOUE</OldTextValue>
    <NewTextValue>Dr. FRED F. SPRAGUE</NewTextValue>
  </TextCorrectedLine>
</TextCorrectedBlock>
<TextCorrectedBlock pageOID="AL19080807.1.1" blockID="P1_CB00001" userID="[redacted]">
  <TextCorrectedLine lineID="P1_TL00655">
    <OldTextValue>Physician »inl Surgeon . •</OldTextValue>
    <NewTextValue>Physician and Surgeon</NewTextValue>
  </TextCorrectedLine>
  <TextCorrectedLine lineID="P1_TL00657">
    <OldTextValue>OFFIOR-Next door to residence, north Main</OldTextValue>
    <NewTextValue>OFFICE -Next door to residence, north Main</NewTextValue>
  </TextCorrectedLine>
  <TextCorrectedLine lineID="P1_TL00660">
    <OldTextValue>-pvll. A. M. OAIX</OldTextValue>
    <NewTextValue>DR. A. M. GALL</NewTextValue>
  </TextCorrectedLine>
  <TextCorrectedLine lineID="P1_TL00664">
    <OldTextValue>CII. UIHBONB M. I&gt;.</OldTextValue>
    <NewTextValue>C. H. GIBBONS M. D.</NewTextValue>
  </TextCorrectedLine>
  <TextCorrectedLine lineID="P1_TL00665">
    <OldTextValue>riiyaliUmi iwul Surgeon</OldTextValue>
    <NewTextValue>Physician and Surgeon</NewTextValue>
  </TextCorrectedLine>
  <TextCorrectedLine lineID="P1_TL00667">
    <OldTextValue>•Offlco and residence: Wotl building.</OldTextValue>
    <NewTextValue>Office and residence: Weil building</NewTextValue>
  </TextCorrectedLine>
  <TextCorrectedLine lineID="P1_TL00668">
    <OldTextValue>Officr HoDBs:-3t04 p. m. and whenevor</OldTextValue>
    <NewTextValue>Officr Hours: 2 to 4 p.m. and whenever</NewTextValue>
  </TextCorrectedLine>
  <TextCorrectedLine lineID="P1_TL00669">
    <OldTextValue>■not otherwise onßagod. Telephone Main iO.</OldTextValue>
    <NewTextValue>not otherwise engaged. Telephone Main 20.</NewTextValue>
  </TextCorrectedLine>
</TextCorrectedBlock>
<TextCorrectedBlock pageOID="AL19080807.1.1" blockID="P1_CB00001" userID="[redacted]">
  <TextCorrectedLine lineID="P1_TL00670">
    <OldTextValue>T&gt; S. OOODMAN M I&gt;.</OldTextValue>
    <NewTextValue>p. S. GOODMAN M D.</NewTextValue>
  </TextCorrectedLine>
  <TextCorrectedLine lineID="P1_TL00673">
    <OldTextValue>t-vu. l. «. lynch</OldTextValue>
    <NewTextValue>Dr. L. G. LYNCH</NewTextValue>
  </TextCorrectedLine>
  <TextCorrectedLine lineID="P1_TL00674">
    <OldTextValue>Physician and SurJteon</OldTextValue>
    <NewTextValue>Physician and Surgeon</NewTextValue>
  </TextCorrectedLine>
  <TextCorrectedLine lineID="P1_TL00675">
    <OldTextValue>•m, i Office, Main 25</OldTextValue>
    <NewTextValue>Tel Office, Main 26</NewTextValue>
  </TextCorrectedLine>
  <TextCorrectedLine lineID="P1_TL00676">
    <OldTextValue>, Rosldence, Main 27</OldTextValue>
    <NewTextValue>Residence, Main 27</NewTextValue>
  </TextCorrectedLine>
  <TextCorrectedLine lineID="P1_TL00679">
    <OldTextValue>Practice limited to U Isoases ot</OldTextValue>
    <NewTextValue>Practice limited to diseases of</NewTextValue>
  </TextCorrectedLine>
  <TextCorrectedLine lineID="P1_TL00682">
    <OldTextValue>STOCKTON, CAL. l?31</OldTextValue>
    <NewTextValue>STOCKTON, CAL.</NewTextValue>
  </TextCorrectedLine>
  <TextCorrectedLine lineID="P1_TL00684">
    <OldTextValue>; ~ "</OldTextValue>
    <NewTextValue></NewTextValue>
  </TextCorrectedLine>
  <TextCorrectedLine lineID="P1_TL00685">
    <OldTextValue>-Tvlt. J. I). FOGARTY.</OldTextValue>
    <NewTextValue>DR. J. D. FOGARTY</NewTextValue>
  </TextCorrectedLine>
</TextCorrectedBlock>
<TextCorrectedBlock pageOID="AL19080807.1.1" blockID="P1_TB00060" userID="[redacted]">
  <TextCorrectedLine lineID="P1_TL00585">
    <OldTextValue>A email frame building on the wost</OldTextValue>
    <NewTextValue>A small frame building on the west</NewTextValue>
  </TextCorrectedLine>
  <TextCorrectedLine lineID="P1_TL00586">
    <OldTextValue>eldo at the Keuuedy grado, on the</OldTextValue>
    <NewTextValue>side of the Kennedy grade, on the</NewTextValue>
  </TextCorrectedLine>
  <TextCorrectedLine lineID="P1_TL00587">
    <OldTextValue>Muldoon groimd nnd a abort distance</OldTextValue>
    <NewTextValue>Muldoon ground and a short distance</NewTextValue>
  </TextCorrectedLine>
  <TextCorrectedLine lineID="P1_TL00588">
    <OldTextValue>from tho Argonaut mini), was the</OldTextValue>
    <NewTextValue>from the Argonaut mine, was the</NewTextValue>
  </TextCorrectedLine>
  <TextCorrectedLine lineID="P1_TL00591">
    <OldTextValue>the rniidnidn dwelt three brothers and</OldTextValue>
    <NewTextValue>the roadside dwelt three brothers and</NewTextValue>
  </TextCorrectedLine>
  <TextCorrectedLine lineID="P1_TL00592">
    <OldTextValue>a sister, an Austrian family. I'he</OldTextValue>
    <NewTextValue>a sister, an Austrian family. T'he</NewTextValue>
  </TextCorrectedLine>
  <TextCorrectedLine lineID="P1_TL00593">
    <OldTextValue>brothers were Ella, Marco and Goorge</OldTextValue>
    <NewTextValue>brothers were Elia, Marco and George</NewTextValue>
  </TextCorrectedLine>
  <TextCorrectedLine lineID="P1_TL00594">
    <OldTextValue>Krevo, and the sistor Kal.n Krevo.</OldTextValue>
    <NewTextValue>Krevo, and the sistor Kate Krevo.</NewTextValue>
  </TextCorrectedLine>
  <TextCorrectedLine lineID="P1_TL00595">
    <OldTextValue>The latter is about sereuteen years</OldTextValue>
    <NewTextValue>The latter is about serventeen years</NewTextValue>
  </TextCorrectedLine>
  <TextCorrectedLine lineID="P1_TL00596">
    <OldTextValue>old, nnd was the housekeeper for the</OldTextValue>
    <NewTextValue>old, and was the housekeeper for the</NewTextValue>
  </TextCorrectedLine>
  <TextCorrectedLine lineID="P1_TL00597">
    <OldTextValue>establishment. They bud occupiod</OldTextValue>
    <NewTextValue>establishment. They had occupied</NewTextValue>
  </TextCorrectedLine>
  <TextCorrectedLine lineID="P1_TL00598">
    <OldTextValue>thla building tor nearly two yoars.</OldTextValue>
    <NewTextValue>this building tor nearly two yoars.</NewTextValue>
  </TextCorrectedLine>
  <TextCorrectedLine lineID="P1_TL00600">
    <OldTextValue>worked at the Argonaut miiio. (Jnorgo</OldTextValue>
    <NewTextValue>worked at the Argonaut mine. George</NewTextValue>
  </TextCorrectedLine>
  <TextCorrectedLine lineID="P1_TL00601">
    <OldTextValue>and Muruo are wtiU employes at that</OldTextValue>
    <NewTextValue>and Marco are still employes at that</NewTextValue>
  </TextCorrectedLine>
  <TextCorrectedLine lineID="P1_TL00602">
    <OldTextValue>mine. .Klin, the deceased had work-</OldTextValue>
    <NewTextValue>mine. Elia, the deceased had work-</NewTextValue>
  </TextCorrectedLine>
  <TextCorrectedLine lineID="P1_TL00603">
    <OldTextValue>ed tbere up to a few months back,</OldTextValue>
    <NewTextValue>ed there up to a few months back,</NewTextValue>
  </TextCorrectedLine>
  <TextCorrectedLine lineID="P1_TL00604">
    <OldTextValue>when be met with two mishaps, which</OldTextValue>
    <NewTextValue>when he met with two mishaps, which</NewTextValue>
  </TextCorrectedLine>
  <TextCorrectedLine lineID="P1_TL00609">
    <OldTextValue>an impairment of his sight. lie re-</OldTextValue>
    <NewTextValue>an impairment of his sight. He re-</NewTextValue>
  </TextCorrectedLine>
  <TextCorrectedLine lineID="P1_TL00611">
    <OldTextValue>months back another mistcrtnnn over-</OldTextValue>
    <NewTextValue>months back another misfortune over-</NewTextValue>
  </TextCorrectedLine>
  <TextCorrectedLine lineID="P1_TL00616">
    <OldTextValue>sigbt of that eye. Since this mis-</OldTextValue>
    <NewTextValue>sight of that eye. Since this mis-</NewTextValue>
  </TextCorrectedLine>
  <TextCorrectedLine lineID="P1_TL00622">
    <OldTextValue>was the eldest of tho brothers, being</OldTextValue>
    <NewTextValue>was the eldest of the brothers, being</NewTextValue>
  </TextCorrectedLine>
  <TextCorrectedLine lineID="P1_TL00623">
    <OldTextValue>!J5 years of age, and had been a resi-</OldTextValue>
    <NewTextValue>35 years of age, and had been a resi-</NewTextValue>
  </TextCorrectedLine>
  <TextCorrectedLine lineID="P1_TL00626">
    <OldTextValue>lie was able to speak English fairly</OldTextValue>
    <NewTextValue>He was able to speak English fairly</NewTextValue>
  </TextCorrectedLine>
  <TextCorrectedLine lineID="P1_TL00627">
    <OldTextValue>well, ami also to sign his name.</OldTextValue>
    <NewTextValue>well, and also to sign his name.</NewTextValue>
  </TextCorrectedLine>
</TextCorrectedBlock>
<TextCorrectedBlock pageOID="AL19080807.1.1" blockID="P1_TB00059" userID="[redacted]">
  <TextCorrectedLine lineID="P1_TL00571">
    <OldTextValue>tinued to live with bis brothers as</OldTextValue>
    <NewTextValue>tinued to live with his brothers as</NewTextValue>
  </TextCorrectedLine>
  <TextCorrectedLine lineID="P1_TL00575">
    <OldTextValue>which be was a member. The broth-</OldTextValue>
    <NewTextValue>which he was a member. The broth-</NewTextValue>
  </TextCorrectedLine>
  <TextCorrectedLine lineID="P1_TL00579">
    <OldTextValue>despondent at time?, brooding over</OldTextValue>
    <NewTextValue>despondent at times, brooding over</NewTextValue>
  </TextCorrectedLine>
  <TextCorrectedLine lineID="P1_TL00581">
    <OldTextValue>impending, remarking that lie might</OldTextValue>
    <NewTextValue>impending, remarking that he might</NewTextValue>
  </TextCorrectedLine>
  <TextCorrectedLine lineID="P1_TL00582">
    <OldTextValue>aa well be dead as blind. beyond</OldTextValue>
    <NewTextValue>as well be dead as blind. Beyond</NewTextValue>
  </TextCorrectedLine>
  <TextCorrectedLine lineID="P1_TL00583">
    <OldTextValue>this despondent mood, be never gave</OldTextValue>
    <NewTextValue>this despondent mood, he never gave</NewTextValue>
  </TextCorrectedLine>
</TextCorrectedBlock>
<TextCorrectedBlock pageOID="AL19080807.1.1" blockID="P1_TB00058" userID="[redacted]">
  <TextCorrectedLine lineID="P1_TL00554">
    <OldTextValue>O&gt; late according to report, the</OldTextValue>
    <NewTextValue>Of late according to report, the</NewTextValue>
  </TextCorrectedLine>
  <TextCorrectedLine lineID="P1_TL00556">
    <OldTextValue>have (taused a break in the harmony</OldTextValue>
    <NewTextValue>have caused a break in the harmony</NewTextValue>
  </TextCorrectedLine>
  <TextCorrectedLine lineID="P1_TL00558">
    <OldTextValue>2nd, she left for Oakland, it is said</OldTextValue>
    <NewTextValue>23d, she left for Oakland, it is said</NewTextValue>
  </TextCorrectedLine>
  <TextCorrectedLine lineID="P1_TL00559">
    <OldTextValue>to meet a young man who bad pro-</OldTextValue>
    <NewTextValue>to meet a young man who had pro-</NewTextValue>
  </TextCorrectedLine>
  <TextCorrectedLine lineID="P1_TL00561">
    <OldTextValue>the following Sunday failing to sco</OldTextValue>
    <NewTextValue>the following Sunday failing to see</NewTextValue>
  </TextCorrectedLine>
  <TextCorrectedLine lineID="P1_TL00565">
    <OldTextValue>arrest tor a man named Paul Klicliau,</OldTextValue>
    <NewTextValue>arrest tor a man named Paul Klichan,</NewTextValue>
  </TextCorrectedLine>
  <TextCorrectedLine lineID="P1_TL00566">
    <OldTextValue>on a charge of foloniuus ussault. A</OldTextValue>
    <NewTextValue>on a charge of feloniuos assault. A</NewTextValue>
  </TextCorrectedLine>
  <TextCorrectedLine lineID="P1_TL00567">
    <OldTextValue>warrant on a battery cliargo was</OldTextValue>
    <NewTextValue>warrant on a battery charge was</NewTextValue>
  </TextCorrectedLine>
</TextCorrectedBlock>
<TextCorrectedBlock pageOID="AL19080807.1.1" blockID="P1_TB00057" userID="[redacted]">
  <TextCorrectedLine lineID="P1_TL00547">
    <OldTextValue>Ibis pending case divided the</OldTextValue>
    <NewTextValue>This pending case divided the</NewTextValue>
  </TextCorrectedLine>
  <TextCorrectedLine lineID="P1_TL00548">
    <OldTextValue>brnthorn and sister into two factions^</OldTextValue>
    <NewTextValue>brothers and sister into two factions.</NewTextValue>
  </TextCorrectedLine>
  <TextCorrectedLine lineID="P1_TL00549">
    <OldTextValue>Elia wanted the mutter settled with-</OldTextValue>
    <NewTextValue>Elia wanted the matter settled with-</NewTextValue>
  </TextCorrectedLine>
</TextCorrectedBlock>
<TextCorrectedBlock pageOID="AL19080807.1.1" blockID="P1_TB00056" userID="[redacted]">
  <TextCorrectedLine lineID="P1_TL00546">
    <OldTextValue>Klin Murdered.</OldTextValue>
    <NewTextValue>Elia Murdered.</NewTextValue>
  </TextCorrectedLine>
</TextCorrectedBlock>
<TextCorrectedBlock pageOID="AL19080807.1.1" blockID="P1_TB00055" userID="[redacted]">
  <TextCorrectedLine lineID="P1_TL00511">
    <OldTextValue>between nine and ton o'clock Fri-</OldTextValue>
    <NewTextValue>Between nine and ten o'clock Fri-</NewTextValue>
  </TextCorrectedLine>
  <TextCorrectedLine lineID="P1_TL00513">
    <OldTextValue>causbd on Main street, on account of</OldTextValue>
    <NewTextValue>caused on Main street, on account of</NewTextValue>
  </TextCorrectedLine>
  <TextCorrectedLine lineID="P1_TL00514">
    <OldTextValue>Miss Katu Krevo running crying iuto</OldTextValue>
    <NewTextValue>Miss Kate Krevo running crying into</NewTextValue>
  </TextCorrectedLine>
  <TextCorrectedLine lineID="P1_TL00515">
    <OldTextValue>town, reporting that bei brother Klia</OldTextValue>
    <NewTextValue>town, reporting that her brother Elia</NewTextValue>
  </TextCorrectedLine>
  <TextCorrectedLine lineID="P1_TL00516">
    <OldTextValue>had been killed, or rutber Unit she</OldTextValue>
    <NewTextValue>had been killed, or rather that she</NewTextValue>
  </TextCorrectedLine>
  <TextCorrectedLine lineID="P1_TL00517">
    <OldTextValue>had heard shots. Jt sueuis she brought</OldTextValue>
    <NewTextValue>had heard shots. It seems she brought</NewTextValue>
  </TextCorrectedLine>
  <TextCorrectedLine lineID="P1_TL00521">
    <OldTextValue>away. She ran into Nettle &amp; Giver's</OldTextValue>
    <NewTextValue>away. She ran into Nettle &amp; Olver's</NewTextValue>
  </TextCorrectedLine>
  <TextCorrectedLine lineID="P1_TL00522">
    <OldTextValue>store, and tell exhausted after telling</OldTextValue>
    <NewTextValue>store, and fell exhausted after telling</NewTextValue>
  </TextCorrectedLine>
  <TextCorrectedLine lineID="P1_TL00523">
    <OldTextValue>her story. \V. J. Nettle, superin-</OldTextValue>
    <NewTextValue>her story. W. J. Nettle, superin-</NewTextValue>
  </TextCorrectedLine>
  <TextCorrectedLine lineID="P1_TL00524">
    <OldTextValue>tendent of the Argonaut, was in tho</OldTextValue>
    <NewTextValue>tendent of the Argonaut, was in the</NewTextValue>
  </TextCorrectedLine>
  <TextCorrectedLine lineID="P1_TL00525">
    <OldTextValue>store at the time. Jie took tiio girl</OldTextValue>
    <NewTextValue>store at the time. H took the girl</NewTextValue>
  </TextCorrectedLine>
  <TextCorrectedLine lineID="P1_TL00526">
    <OldTextValue>to his borne on litoadv/ay, and theu</OldTextValue>
    <NewTextValue>to his home on Broadway, and then</NewTextValue>
  </TextCorrectedLine>
  <TextCorrectedLine lineID="P1_TL00527">
    <OldTextValue>got a team from tho stable, .nnd in</OldTextValue>
    <NewTextValue>got a team from the stable, and in</NewTextValue>
  </TextCorrectedLine>
  <TextCorrectedLine lineID="P1_TL00528">
    <OldTextValue>com puny with J. (iarbariui, stated</OldTextValue>
    <NewTextValue>company with J. Garbariui, stated</NewTextValue>
  </TextCorrectedLine>
  <TextCorrectedLine lineID="P1_TL00529">
    <OldTextValue>for the scene of the inuider. I'hey</OldTextValue>
    <NewTextValue>for the scene of the murder. They</NewTextValue>
  </TextCorrectedLine>
  <TextCorrectedLine lineID="P1_TL00530">
    <OldTextValue>were tho llrst to see the victim after</OldTextValue>
    <NewTextValue>were the first to see the victim after</NewTextValue>
  </TextCorrectedLine>
  <TextCorrectedLine lineID="P1_TL00532">
    <OldTextValue>embuukmout a few toot from the rear</OldTextValue>
    <NewTextValue>embankment a few feet from the rear</NewTextValue>
  </TextCorrectedLine>
  <TextCorrectedLine lineID="P1_TL00533">
    <OldTextValue>part of the bonne, it wua utretoued</OldTextValue>
    <NewTextValue>part of the bonne, it was stretched</NewTextValue>
  </TextCorrectedLine>
  <TextCorrectedLine lineID="P1_TL00534">
    <OldTextValue>under a tree, in the spot whiah de-</OldTextValue>
    <NewTextValue>under a tree, in the spot which de-</NewTextValue>
  </TextCorrectedLine>
  <TextCorrectedLine lineID="P1_TL00536">
    <OldTextValue>place during the hoated spell of the</OldTextValue>
    <NewTextValue>place during the heated spell of the</NewTextValue>
  </TextCorrectedLine>
  <TextCorrectedLine lineID="P1_TL00538">
    <OldTextValue>dressed except ttiat the feet were</OldTextValue>
    <NewTextValue>dressed except that the feet were</NewTextValue>
  </TextCorrectedLine>
  <TextCorrectedLine lineID="P1_TL00539">
    <OldTextValue>bare. The body was stretched ut</OldTextValue>
    <NewTextValue>bare. The body was stretched at</NewTextValue>
  </TextCorrectedLine>
  <TextCorrectedLine lineID="P1_TL00540">
    <OldTextValue>lull length ou ita back, the bead to-</OldTextValue>
    <NewTextValue>full length on its back, the head to-</NewTextValue>
  </TextCorrectedLine>
  <TextCorrectedLine lineID="P1_TL00541">
    <OldTextValue>ward the east, and the loot toward the</OldTextValue>
    <NewTextValue>ward the east, and the feet toward the</NewTextValue>
  </TextCorrectedLine>
  <TextCorrectedLine lineID="P1_TL00542">
    <OldTextValue>house. both huudu rusted upou the</OldTextValue>
    <NewTextValue>house. Both hands rested upon the</NewTextValue>
  </TextCorrectedLine>
  <TextCorrectedLine lineID="P1_TL00543">
    <OldTextValue>übdonieu, outside the blanket cover-</OldTextValue>
    <NewTextValue>abdomen,  outside the blanket cover-</NewTextValue>
  </TextCorrectedLine>
  <TextCorrectedLine lineID="P1_TL00544">
    <OldTextValue>ing, one bund a little above the other,</OldTextValue>
    <NewTextValue>ing, one hund a little above the other,</NewTextValue>
  </TextCorrectedLine>
  <TextCorrectedLine lineID="P1_TL00545">
    <OldTextValue>but not clumped nor mooting at any</OldTextValue>
    <NewTextValue>but not clasped nor meeting at any</NewTextValue>
  </TextCorrectedLine>
</TextCorrectedBlock>
<TextCorrectedBlock pageOID="AL19080807.1.1" blockID="P1_TB00048" userID="[redacted]">
  <TextCorrectedLine lineID="P1_TL00394">
    <OldTextValue>Marco Krovo testified that he left</OldTextValue>
    <NewTextValue>Marco Krevo testified that he left</NewTextValue>
  </TextCorrectedLine>
  <TextCorrectedLine lineID="P1_TL00402">
    <OldTextValue>could not *sco people iv daylight.</OldTextValue>
    <NewTextValue>could not see people in daylight.</NewTextValue>
  </TextCorrectedLine>
  <TextCorrectedLine lineID="P1_TL00403">
    <OldTextValue>Deoeaaoci talked about the trouble.said</OldTextValue>
    <NewTextValue>Deceased talked about the trouble, said</NewTextValue>
  </TextCorrectedLine>
  <TextCorrectedLine lineID="P1_TL00404">
    <OldTextValue>he hoard Kate talking with man iv</OldTextValue>
    <NewTextValue>he heard Kate talking with man in</NewTextValue>
  </TextCorrectedLine>
  <TextCorrectedLine lineID="P1_TL00406">
    <OldTextValue>also uaid it was an unlucky bouse aud</OldTextValue>
    <NewTextValue>also said it was an unlucky house and</NewTextValue>
  </TextCorrectedLine>
  <TextCorrectedLine lineID="P1_TL00408">
    <OldTextValue>hud lout hls'sight, and did nut like</OldTextValue>
    <NewTextValue>had lost hls'sight, and did not like</NewTextValue>
  </TextCorrectedLine>
  <TextCorrectedLine lineID="P1_TL00409">
    <OldTextValue>to live there; said it would bo better</OldTextValue>
    <NewTextValue>to live there; said it would be better</NewTextValue>
  </TextCorrectedLine>
  <TextCorrectedLine lineID="P1_TL00410">
    <OldTextValue>for Kate to settle tho trouble; witness</OldTextValue>
    <NewTextValue>for Kate to settle the trouble; witness</NewTextValue>
  </TextCorrectedLine>
  <TextCorrectedLine lineID="P1_TL00412">
    <OldTextValue>butter go ahead) saw a pistol in tho</OldTextValue>
    <NewTextValue>butter go ahead; saw a pistol in the</NewTextValue>
  </TextCorrectedLine>
</TextCorrectedBlock>
<TextCorrectedBlock pageOID="AL19080807.1.1" blockID="P1_TB00036" userID="[redacted]">
  <TextCorrectedLine lineID="P1_TL00238">
    <OldTextValue>Accordiug to tho Juw the assessor</OldTextValue>
    <NewTextValue>Accordiug to the law the assessor</NewTextValue>
  </TextCorrectedLine>
  <TextCorrectedLine lineID="P1_TL00241">
    <OldTextValue>names ot all able meu iv the county.</OldTextValue>
    <NewTextValue>names ot all able men in the county.</NewTextValue>
  </TextCorrectedLine>
  <TextCorrectedLine lineID="P1_TL00243">
    <OldTextValue>tux leceipts. Ah payment for this</OldTextValue>
    <NewTextValue>tax receipts. As payment for this</NewTextValue>
  </TextCorrectedLine>
  <TextCorrectedLine lineID="P1_TL00245">
    <OldTextValue>nume. His bill ugaiuut tbe county</OldTextValue>
    <NewTextValue>name. His bill ugaiuut tbe county</NewTextValue>
  </TextCorrectedLine>
  <TextCorrectedLine lineID="P1_TL00250">
    <OldTextValue>sent to brigadier Ueneral Koster a</OldTextValue>
    <NewTextValue>sent to Brigadier General Koster a</NewTextValue>
  </TextCorrectedLine>
  <TextCorrectedLine lineID="P1_TL00251">
    <OldTextValue>tho Presidio in Hun Fruucieuo.</OldTextValue>
    <NewTextValue>the Presidio in San Francisco.</NewTextValue>
  </TextCorrectedLine>
</TextCorrectedBlock>
