<TextCorrectedBlock pageOID="AL19000511.1.1" blockID="P1_TB00011" userID="[redacted]">
  <TextCorrectedLine lineID="P1_TL00025">
    <OldTextValue>STATE GONVENTIONTO BE HRD IN SACRAMENTO</OldTextValue>
    <NewTextValue>STATE CONVENTION TO BE HELD IN SACRAMENTO</NewTextValue>
  </TextCorrectedLine>
</TextCorrectedBlock>
<TextCorrectedBlock pageOID="AL19000511.1.1" blockID="P1_TB00015" userID="[redacted]">
  <TextCorrectedLine lineID="P1_TL00031">
    <OldTextValue>The Bock Island Railway Hakes Ex-</OldTextValue>
    <NewTextValue>The Rock Island Railway Makes Ex-</NewTextValue>
  </TextCorrectedLine>
  <TextCorrectedLine lineID="P1_TL00032">
    <OldTextValue>cursion Bates from Chicago</OldTextValue>
    <NewTextValue>cursion Rates from Chicago</NewTextValue>
  </TextCorrectedLine>
</TextCorrectedBlock>
<TextCorrectedBlock pageOID="AL19000511.1.1" blockID="P1_TB00023" userID="[redacted]">
  <TextCorrectedLine lineID="P1_TL00065">
    <OldTextValue>Bock Island Announces Special Excnsrion</OldTextValue>
    <NewTextValue>Rock Island Announces Special Excusrion</NewTextValue>
  </TextCorrectedLine>
  <TextCorrectedLine lineID="P1_TL00066">
    <OldTextValue>• Bates.</OldTextValue>
    <NewTextValue>Rates</NewTextValue>
  </TextCorrectedLine>
</TextCorrectedBlock>
<TextCorrectedBlock pageOID="AL19000511.1.1" blockID="P1_CB00001" userID="[redacted]">
  <TextCorrectedLine lineID="P1_TL00778">
    <OldTextValue>I FORTOEBtaOPtUVgJUUMGS.</OldTextValue>
    <NewTextValue>Dr. Pierces's Golden Medical Discovery for the blood, liver, lungs.</NewTextValue>
  </TextCorrectedLine>
</TextCorrectedBlock>
<TextCorrectedBlock pageOID="AL19000511.1.1" blockID="P1_CB00001" userID="[redacted]">
  <TextCorrectedLine lineID="P1_TL00785">
    <OldTextValue>the laboratory in which k is prepared to</OldTextValue>
    <NewTextValue>the laboratory in which it is prepared to</NewTextValue>
  </TextCorrectedLine>
</TextCorrectedBlock>
<TextCorrectedBlock pageOID="AL19000511.1.2" blockID="P2_TB00001" userID="[redacted]">
  <TextCorrectedLine lineID="P2_TL00001">
    <OldTextValue>the AMAi&gt;d)R v {Ledger</OldTextValue>
    <NewTextValue>THE AMADOR LEDGER</NewTextValue>
  </TextCorrectedLine>
  <TextCorrectedLine lineID="P2_TL00002">
    <OldTextValue>Published Fridays by^l</OldTextValue>
    <NewTextValue>Published Fridays by</NewTextValue>
  </TextCorrectedLine>
  <TextCorrectedLine lineID="P2_TL00003">
    <OldTextValue>AMADOR COUNTRY/ PUBLISHING "COMPANYK</OldTextValue>
    <NewTextValue>AMADOR COUNTY  PUBLISHING COMPANY.</NewTextValue>
  </TextCorrectedLine>
  <TextCorrectedLine lineID="P2_TL00004">
    <OldTextValue>— •/■ SUBSCRIPTION RATES:</OldTextValue>
    <NewTextValue>SUBSCRIPTION RATES:</NewTextValue>
  </TextCorrectedLine>
  <TextCorrectedLine lineID="P2_TL00008">
    <OldTextValue>' Tiikee M0nth5.. .7..'.. .7.. 75</OldTextValue>
    <NewTextValue>THREE MONTHS . 75</NewTextValue>
  </TextCorrectedLine>
  <TextCorrectedLine lineID="P2_TL00011">
    <OldTextValue>■ Subsequent iNSERTiONS-^-Per 5quare^each'.... '.......:.•;..:.. V. : ... 50</OldTextValue>
    <NewTextValue>Subsequent iNSERTiONS-^-Per 5quare^each'.... '.......:.•;..:.. V. : ... 50</NewTextValue>
  </TextCorrectedLine>
</TextCorrectedBlock>
<TextCorrectedBlock pageOID="AL19000511.1.2" blockID="P2_TB00010" userID="[redacted]">
  <TextCorrectedLine lineID="P2_TL00101">
    <OldTextValue>&lt;j£s£;± The sanitary conditions of Jackson will not; and in the</OldTextValue>
    <NewTextValue>The sanitary conditions of Jackson will not; and in the</NewTextValue>
  </TextCorrectedLine>
  <TextCorrectedLine lineID="P2_TL00102">
    <OldTextValue>.^very^' nature of things cannot; be brought to anything like</OldTextValue>
    <NewTextValue>very nature of things cannot; be brought to anything like</NewTextValue>
  </TextCorrectedLine>
  <TextCorrectedLine lineID="P2_TL00103">
    <OldTextValue>perfection without the aid 1 of, municipal government. The</OldTextValue>
    <NewTextValue>perfection without the aid of, municipal government. The</NewTextValue>
  </TextCorrectedLine>
  <TextCorrectedLine lineID="P2_TL00104">
    <OldTextValue>Ledger is well aware -'of the unfortunate fact that many of</OldTextValue>
    <NewTextValue>Ledger is well aware of the unfortunate fact that many of</NewTextValue>
  </TextCorrectedLine>
  <TextCorrectedLine lineID="P2_TL00111">
    <OldTextValue>all and : more than they will cost? ['This village must be</OldTextValue>
    <NewTextValue>all and : more than they will cost?  'This village must be</NewTextValue>
  </TextCorrectedLine>
</TextCorrectedBlock>
<TextCorrectedBlock pageOID="AL19000511.1.2" blockID="P2_TB00008" userID="[redacted]">
  <TextCorrectedLine lineID="P2_TL00057">
    <OldTextValue>Dr.' C. A. Herrick presiding: -:'</OldTextValue>
    <NewTextValue>Dr.' C. A. Herrick presiding:'</NewTextValue>
  </TextCorrectedLine>
  <TextCorrectedLine lineID="P2_TL00058">
    <OldTextValue>Minutes of previous' mooting read and</OldTextValue>
    <NewTextValue>Minutes of previous meeting read and</NewTextValue>
  </TextCorrectedLine>
  <TextCorrectedLine lineID="P2_TL00064">
    <OldTextValue>large for State Convention. i ; ,</OldTextValue>
    <NewTextValue>large for State Convention.</NewTextValue>
  </TextCorrectedLine>
  <TextCorrectedLine lineID="P2_TL00065">
    <OldTextValue>Secretary .1. E. Dye reported the</OldTextValue>
    <NewTextValue>Secretary J. E. Dye reported the</NewTextValue>
  </TextCorrectedLine>
  <TextCorrectedLine lineID="P2_TL00069">
    <OldTextValue>Fred L. Stevrart, F. M. Whitmoi-e, S.</OldTextValue>
    <NewTextValue>Fred L. Stevrart, F. M. Whitmore, S.</NewTextValue>
  </TextCorrectedLine>
  <TextCorrectedLine lineID="P2_TL00070">
    <OldTextValue>K. Thornton. . '.'</OldTextValue>
    <NewTextValue>K. Thornton. .</NewTextValue>
  </TextCorrectedLine>
</TextCorrectedBlock>
<TextCorrectedBlock pageOID="AL19000511.1.2" blockID="P2_TB00072" userID="[redacted]">
  <TextCorrectedLine lineID="P2_TL00541">
    <OldTextValue>, r*! for. Plymouth.</OldTextValue>
    <NewTextValue>for Plymouth.</NewTextValue>
  </TextCorrectedLine>
</TextCorrectedBlock>
<TextCorrectedBlock pageOID="AL19000511.1.2" blockID="P2_TB00002" userID="[redacted]">
  <TextCorrectedLine lineID="P2_TL00014">
    <OldTextValue>AN EXTRfIORDIHARY STOCK OF BURR GLOVER</OldTextValue>
    <NewTextValue>AN EXTRAORDINARY STOCK OF BURR GLOVER</NewTextValue>
  </TextCorrectedLine>
</TextCorrectedBlock>
<TextCorrectedBlock pageOID="AL19000511.1.2" blockID="P2_TB00003" userID="[redacted]">
  <TextCorrectedLine lineID="P2_TL00015">
    <OldTextValue>Drytown Was a Bather Wet, Town</OldTextValue>
    <NewTextValue>Drytown Was a Rather Wet, Town</NewTextValue>
  </TextCorrectedLine>
  <TextCorrectedLine lineID="P2_TL00016">
    <OldTextValue>1 1!i the Past Winter.— From ;i /'r'</OldTextValue>
    <NewTextValue>the Past Winter.— From '</NewTextValue>
  </TextCorrectedLine>
  <TextCorrectedLine lineID="P2_TL00017">
    <OldTextValue>: -Amador.</OldTextValue>
    <NewTextValue>Amador.</NewTextValue>
  </TextCorrectedLine>
</TextCorrectedBlock>
<TextCorrectedBlock pageOID="AL19000511.1.2" blockID="P2_TB00049" userID="[redacted]">
  <TextCorrectedLine lineID="P2_TL00343">
    <OldTextValue>•Owing to the disagreeable weather of</OldTextValue>
    <NewTextValue>Owing to the disagreeable weather of</NewTextValue>
  </TextCorrectedLine>
  <TextCorrectedLine lineID="P2_TL00345">
    <OldTextValue>postpone the picnic" which was adver-</OldTextValue>
    <NewTextValue>postpone the picnic which was adver-</NewTextValue>
  </TextCorrectedLine>
  <TextCorrectedLine lineID="P2_TL00346">
    <OldTextValue>tised to take place on the sth inst; to</OldTextValue>
    <NewTextValue>tised to take place on the 5th inst; to</NewTextValue>
  </TextCorrectedLine>
</TextCorrectedBlock>
<TextCorrectedBlock pageOID="AL19000511.1.1" blockID="P1_TB00022" userID="[redacted]">
  <TextCorrectedLine lineID="P1_TL00064">
    <OldTextValue>Many a . Lover</OldTextValue>
    <NewTextValue>Many a Lover</NewTextValue>
  </TextCorrectedLine>
</TextCorrectedBlock>
<TextCorrectedBlock pageOID="AL19000511.1.2" blockID="P2_TB00013" userID="[redacted]">
  <TextCorrectedLine lineID="P2_TL00143">
    <OldTextValue>- President McKinley will not be turned aside from his</OldTextValue>
    <NewTextValue>President McKinley will not be turned aside from his</NewTextValue>
  </TextCorrectedLine>
</TextCorrectedBlock>
<TextCorrectedBlock pageOID="AL19000511.1.2" blockID="P2_TB00013" userID="[redacted]">
  <TextCorrectedLine lineID="P2_TL00148">
    <OldTextValue>that Russia has intimated in any . manner that it had any-</OldTextValue>
    <NewTextValue>that Russia has intimated in any  manner that it had any-</NewTextValue>
  </TextCorrectedLine>
</TextCorrectedBlock>
<TextCorrectedBlock pageOID="AL19000511.1.2" blockID="P2_TB00026" userID="[redacted]">
  <TextCorrectedLine lineID="P2_TL00212">
    <OldTextValue>The Sultan of Turkey's bullheadedncss may necessitate</OldTextValue>
    <NewTextValue>The Sultan of Turkey's bullheadedness may necessitate</NewTextValue>
  </TextCorrectedLine>
</TextCorrectedBlock>
<TextCorrectedBlock pageOID="AL19000511.1.2" blockID="P2_TB00034" userID="[redacted]">
  <TextCorrectedLine lineID="P2_TL00237">
    <OldTextValue>of this month. He' is 5 a hard worker and a pointed and</OldTextValue>
    <NewTextValue>of this month. He is a hard worker and a pointed and</NewTextValue>
  </TextCorrectedLine>
  <TextCorrectedLine lineID="P2_TL00240">
    <OldTextValue>old-^Zieg^~__ I.: ...</OldTextValue>
    <NewTextValue>old "Zieg."</NewTextValue>
  </TextCorrectedLine>
</TextCorrectedBlock>
<TextCorrectedBlock pageOID="AL19000511.1.2" blockID="P2_TB00048" userID="[redacted]">
  <TextCorrectedLine lineID="P2_TL00335">
    <OldTextValue>' - :'t ■ ■ ■' '. i - . ■ . ■ ■ . ' — -! — &gt; - . .* ' .'■ - cJ ? --■</OldTextValue>
    <NewTextValue></NewTextValue>
  </TextCorrectedLine>
  <TextCorrectedLine lineID="P2_TL00338">
    <OldTextValue>-city- was' tied up. and 3325 of the 3600 employes of the St.</OldTextValue>
    <NewTextValue>city was tied up. and 3325 of the 3600 employes of the St.</NewTextValue>
  </TextCorrectedLine>
  <TextCorrectedLine lineID="P2_TL00339">
    <OldTextValue>Louis Transit : Company quit work. It is reported that a</OldTextValue>
    <NewTextValue>Louis Transit Company quit work. It is reported that a</NewTextValue>
  </TextCorrectedLine>
  <TextCorrectedLine lineID="P2_TL00340">
    <OldTextValue>• number' of persons have been seriously injured and that two</OldTextValue>
    <NewTextValue>number of persons have been seriously injured and that two</NewTextValue>
  </TextCorrectedLine>
  <TextCorrectedLine lineID="P2_TL00341">
    <OldTextValue>* ! or three r ribters have been killed.* • V •</OldTextValue>
    <NewTextValue>or three rioters have been killed.</NewTextValue>
  </TextCorrectedLine>
</TextCorrectedBlock>
<TextCorrectedBlock pageOID="AL19000511.1.2" blockID="P2_TB00055" userID="[redacted]">
  <TextCorrectedLine lineID="P2_TL00470">
    <OldTextValue>-^ Frauds in the Cuban postofißce' which it is surmised</OldTextValue>
    <NewTextValue>Frauds in the Cuban postoffice which it is surmised</NewTextValue>
  </TextCorrectedLine>
</TextCorrectedBlock>
<TextCorrectedBlock pageOID="AL19000511.1.2" blockID="P2_TB00056" userID="[redacted]">
  <TextCorrectedLine lineID="P2_TL00475">
    <OldTextValue>. : H ~ ■ : '&gt; 't</OldTextValue>
    <NewTextValue></NewTextValue>
  </TextCorrectedLine>
  <TextCorrectedLine lineID="P2_TL00476">
    <OldTextValue>■ ' IT is doubtful if the Nicaragua canal bill passed by the</OldTextValue>
    <NewTextValue>IT is doubtful if the Nicaragua canal bill passed by the</NewTextValue>
  </TextCorrectedLine>
  <TextCorrectedLine lineID="P2_TL00479">
    <OldTextValue>/early^injun^ - '^1 &gt;-U ; ; ; . (j</OldTextValue>
    <NewTextValue>early in June.</NewTextValue>
  </TextCorrectedLine>
</TextCorrectedBlock>
<TextCorrectedBlock pageOID="AL19000511.1.2" blockID="P2_TB00057" userID="[redacted]">
  <TextCorrectedLine lineID="P2_TL00480">
    <OldTextValue>.^;kThe bill? providing- for the form of government for the</OldTextValue>
    <NewTextValue>The bill providing for the form of government for the</NewTextValue>
  </TextCorrectedLine>
</TextCorrectedBlock>
<TextCorrectedBlock pageOID="AL19000511.1.2" blockID="P2_TB00058" userID="[redacted]">
  <TextCorrectedLine lineID="P2_TL00484">
    <OldTextValue>governor of Illinois, has been nominated for goyernor by the</OldTextValue>
    <NewTextValue>governor of Illinois, has been nominated for governor by the</NewTextValue>
  </TextCorrectedLine>
  <TextCorrectedLine lineID="P2_TL00485">
    <OldTextValue>B Republicans of that State, .</OldTextValue>
    <NewTextValue>Republicans of that State, .</NewTextValue>
  </TextCorrectedLine>
</TextCorrectedBlock>
<TextCorrectedBlock pageOID="AL19000511.1.2" blockID="P2_TB00069" userID="[redacted]">
  <TextCorrectedLine lineID="P2_TL00535">
    <OldTextValue>THE AMADOR LEDGEE: JACKSON, UAJJFOITNTA, FRIDAY, MAY 11, 1900.</OldTextValue>
    <NewTextValue>THE AMADOR LEDGER: JACKSON, CALIFORNIA,  FRIDAY, MAY 11, 1900.</NewTextValue>
  </TextCorrectedLine>
</TextCorrectedBlock>
<TextCorrectedBlock pageOID="AL19000511.1.2" blockID="P2_TB00008" userID="[redacted]">
  <TextCorrectedLine lineID="P2_TL00057">
    <OldTextValue>Dr.' C. A. Herrick presiding:'</OldTextValue>
    <NewTextValue>Dr.' C. A. Herrick presiding:</NewTextValue>
  </TextCorrectedLine>
  <TextCorrectedLine lineID="P2_TL00066">
    <OldTextValue>delegates to State ' Convention ' as</OldTextValue>
    <NewTextValue>delegates to State  Convention as</NewTextValue>
  </TextCorrectedLine>
</TextCorrectedBlock>
<TextCorrectedBlock pageOID="AL19000511.1.1" blockID="P1_TB00014" userID="[redacted]">
  <TextCorrectedLine lineID="P1_TL00028">
    <OldTextValue>• A Big Claim of the Utica Company.—</OldTextValue>
    <NewTextValue>A Big Claim of the Utica Company.—</NewTextValue>
  </TextCorrectedLine>
  <TextCorrectedLine lineID="P1_TL00029">
    <OldTextValue>A Fair Is Contemplated at .</OldTextValue>
    <NewTextValue>A Fair Is Contemplated at</NewTextValue>
  </TextCorrectedLine>
  <TextCorrectedLine lineID="P1_TL00030">
    <OldTextValue>PlacerviUe._ :i , , v .</OldTextValue>
    <NewTextValue>Placerville.</NewTextValue>
  </TextCorrectedLine>
</TextCorrectedBlock>
<TextCorrectedBlock pageOID="AL19000511.1.1" blockID="P1_TB00035" userID="[redacted]">
  <TextCorrectedLine lineID="P1_TL00167">
    <OldTextValue>Prospect, San Andreas, Hay 5. WOO.</OldTextValue>
    <NewTextValue>Prospect, San Andreas, May 5. 1900</NewTextValue>
  </TextCorrectedLine>
</TextCorrectedBlock>
<TextCorrectedBlock pageOID="AL19000511.1.1" blockID="P1_TB00036" userID="[redacted]">
  <TextCorrectedLine lineID="P1_TL00168">
    <OldTextValue>Barbara Castalic, an Austrian, was</OldTextValue>
    <NewTextValue>Barbara Castalie, an Austrian, was</NewTextValue>
  </TextCorrectedLine>
  <TextCorrectedLine lineID="P1_TL00179">
    <OldTextValue>him, saying that ho burnt up one of her</OldTextValue>
    <NewTextValue>him, saying that he burnt up one of her</NewTextValue>
  </TextCorrectedLine>
  <TextCorrectedLine lineID="P1_TL00180">
    <OldTextValue>children, burned another and sheoould</OldTextValue>
    <NewTextValue>children, burned another and she could</NewTextValue>
  </TextCorrectedLine>
</TextCorrectedBlock>
<TextCorrectedBlock pageOID="AL19000511.1.1" blockID="P1_TB00020" userID="[redacted]">
  <TextCorrectedLine lineID="P1_TL00046">
    <OldTextValue>pany, is nearly completed and read.y for</OldTextValue>
    <NewTextValue>pany, is nearly completed and ready for</NewTextValue>
  </TextCorrectedLine>
  <TextCorrectedLine lineID="P1_TL00047">
    <OldTextValue>business. . It was intended to saw the</OldTextValue>
    <NewTextValue>business.  It was intended to saw the</NewTextValue>
  </TextCorrectedLine>
  <TextCorrectedLine lineID="P1_TL00050">
    <OldTextValue>one of the elbow couplings' On a large</OldTextValue>
    <NewTextValue>one of the elbow couplings on a large</NewTextValue>
  </TextCorrectedLine>
  <TextCorrectedLine lineID="P1_TL00051">
    <OldTextValue>steam ' pipe : broke. ? : The * fires were</OldTextValue>
    <NewTextValue>steam  pipe  broke.  The fires were</NewTextValue>
  </TextCorrectedLine>
  <TextCorrectedLine lineID="P1_TL00058">
    <OldTextValue>ter of Master Mechanic K. P. Sweney.</OldTextValue>
    <NewTextValue>ter of Master Mechanic E. P. Sweney.</NewTextValue>
  </TextCorrectedLine>
  <TextCorrectedLine lineID="P1_TL00059">
    <OldTextValue>For the last few days,* the ponderous</OldTextValue>
    <NewTextValue>For the last few days, the ponderous</NewTextValue>
  </TextCorrectedLine>
</TextCorrectedBlock>
<TextCorrectedBlock pageOID="AL19000511.1.1" blockID="P1_TB00060" userID="[redacted]">
  <TextCorrectedLine lineID="P1_TL00353">
    <OldTextValue>|- In accordance with the directions of</OldTextValue>
    <NewTextValue>In accordance with the directions of</NewTextValue>
  </TextCorrectedLine>
  <TextCorrectedLine lineID="P1_TL00355">
    <OldTextValue>that . delegated representatives of the</OldTextValue>
    <NewTextValue>that delegated representatives of the</NewTextValue>
  </TextCorrectedLine>
  <TextCorrectedLine lineID="P1_TL00357">
    <OldTextValue>&amp;c tea -assemble in National Convention</OldTextValue>
    <NewTextValue>states assemble in National Convention</NewTextValue>
  </TextCorrectedLine>
</TextCorrectedBlock>
<TextCorrectedBlock pageOID="AL19000511.1.1" blockID="P1_TB00023" userID="[redacted]">
  <TextCorrectedLine lineID="P1_TL00073">
    <OldTextValue>Leod by General Passenger Agent-, Se-</OldTextValue>
    <NewTextValue>Leod by General Passenger Agent Se-</NewTextValue>
  </TextCorrectedLine>
  <TextCorrectedLine lineID="P1_TL00081">
    <OldTextValue>this rate will be sold on Juno 20, July 9</OldTextValue>
    <NewTextValue>this rate will be sold on June 20, July 9</NewTextValue>
  </TextCorrectedLine>
  <TextCorrectedLine lineID="P1_TL00083">
    <OldTextValue>River points tho same rate will be made</OldTextValue>
    <NewTextValue>River points the same rate will be made</NewTextValue>
  </TextCorrectedLine>
  <TextCorrectedLine lineID="P1_TL00087">
    <OldTextValue>City to Omaha, inclusive, on July i 7, 8</OldTextValue>
    <NewTextValue>City to Omaha, inclusive, on July 7, 8</NewTextValue>
  </TextCorrectedLine>
  <TextCorrectedLine lineID="P1_TL00090">
    <OldTextValue>Colorado common points to -Chicago</OldTextValue>
    <NewTextValue>Colorado common points to Chicago</NewTextValue>
  </TextCorrectedLine>
</TextCorrectedBlock>
<TextCorrectedBlock pageOID="AL19000511.1.1" blockID="P1_CB00001" userID="[redacted]">
  <TextCorrectedLine lineID="P1_TL00781">
    <OldTextValue>origin in the derangement- or disease of</OldTextValue>
    <NewTextValue>origin in the derangement or disease of</NewTextValue>
  </TextCorrectedLine>
</TextCorrectedBlock>
<TextCorrectedBlock pageOID="AL19000511.1.1" blockID="P1_CB00002" userID="[redacted]">
  <TextCorrectedLine lineID="P1_TL00909">
    <OldTextValue>Xp A. FREEMAN</OldTextValue>
    <NewTextValue>E. A. FREEMAN</NewTextValue>
  </TextCorrectedLine>
  <TextCorrectedLine lineID="P1_TL00912">
    <OldTextValue>Office In Harelia building, corner Main and</OldTextValue>
    <NewTextValue>Office in Marelia building, corner Main and</NewTextValue>
  </TextCorrectedLine>
  <TextCorrectedLine lineID="P1_TL00914">
    <OldTextValue>DB. BPAGNUI.I</OldTextValue>
    <NewTextValue>D. B. Spagnoli</NewTextValue>
  </TextCorrectedLine>
  <TextCorrectedLine lineID="P1_TL00915">
    <OldTextValue>Attorney and Counselor «t Law</OldTextValue>
    <NewTextValue>Attorney and Counselor at Law</NewTextValue>
  </TextCorrectedLine>
  <TextCorrectedLine lineID="P1_TL00916">
    <OldTextValue>Practice Is all the States and Federal courts</OldTextValue>
    <NewTextValue>Practice in all the States and Federal courts</NewTextValue>
  </TextCorrectedLine>
  <TextCorrectedLine lineID="P1_TL00917">
    <OldTextValue>Office: Spagnoli building, opposite HaU of</OldTextValue>
    <NewTextValue>Office: Spagnoli building, opposite Hall of</NewTextValue>
  </TextCorrectedLine>
  <TextCorrectedLine lineID="P1_TL00918">
    <OldTextValue>Records. /• , .</OldTextValue>
    <NewTextValue>Records.</NewTextValue>
  </TextCorrectedLine>
  <TextCorrectedLine lineID="P1_TL00919">
    <OldTextValue>; : — :</OldTextValue>
    <NewTextValue></NewTextValue>
  </TextCorrectedLine>
  <TextCorrectedLine lineID="P1_TL00920">
    <OldTextValue>A CAMINKTTI</OldTextValue>
    <NewTextValue>A CAMINETTI</NewTextValue>
  </TextCorrectedLine>
</TextCorrectedBlock>
<TextCorrectedBlock pageOID="AL19000511.1.2" blockID="P2_TB00010" userID="[redacted]">
  <TextCorrectedLine lineID="P2_TL00101">
    <OldTextValue>The sanitary conditions of Jackson will not; and in the</OldTextValue>
    <NewTextValue>The sanitary conditions of Jackson will not, and in the</NewTextValue>
  </TextCorrectedLine>
  <TextCorrectedLine lineID="P2_TL00106">
    <OldTextValue>.of Jackson, but soouer or later; they must give way to popular</OldTextValue>
    <NewTextValue>of Jackson, but soouer or later; they must give way to popular</NewTextValue>
  </TextCorrectedLine>
  <TextCorrectedLine lineID="P2_TL00108">
    <OldTextValue>public benefit. .,, For argument's sake ;it -may be admitted</OldTextValue>
    <NewTextValue>public benefit. For argument's sake ;it -may be admitted</NewTextValue>
  </TextCorrectedLine>
</TextCorrectedBlock>
<TextCorrectedBlock pageOID="AL19000511.1.2" blockID="P2_TB00010" userID="[redacted]">
  <TextCorrectedLine lineID="P2_TL00102">
    <OldTextValue>very nature of things cannot; be brought to anything like</OldTextValue>
    <NewTextValue>very nature of things cannot, be brought to anything like</NewTextValue>
  </TextCorrectedLine>
</TextCorrectedBlock>
<TextCorrectedBlock pageOID="AL19000511.1.2" blockID="P2_TB00008" userID="[redacted]">
  <TextCorrectedLine lineID="P2_TL00057">
    <OldTextValue>Dr.' C. A. Herrick presiding:</OldTextValue>
    <NewTextValue>Dr. C. A. Herrick presiding:</NewTextValue>
  </TextCorrectedLine>
  <TextCorrectedLine lineID="P2_TL00066">
    <OldTextValue>delegates to State  Convention as</OldTextValue>
    <NewTextValue>delegates to State Convention as</NewTextValue>
  </TextCorrectedLine>
</TextCorrectedBlock>
<TextCorrectedBlock pageOID="AL19000511.1.2" blockID="P2_TB00005" userID="[redacted]">
  <TextCorrectedLine lineID="P2_TL00019">
    <OldTextValue>A Few Personals Are Sent In Trom</OldTextValue>
    <NewTextValue>A Few Personals Are Sent In From</NewTextValue>
  </TextCorrectedLine>
  <TextCorrectedLine lineID="P2_TL00020">
    <OldTextValue>' ' • Amador City. •' ./. ■'.'"'• -*j</OldTextValue>
    <NewTextValue>Amador City.</NewTextValue>
  </TextCorrectedLine>
  <TextCorrectedLine lineID="P2_TL00022">
    <OldTextValue>Mrs. Susie luman has returned from</OldTextValue>
    <NewTextValue>Mrs. Susie lnman has returned from</NewTextValue>
  </TextCorrectedLine>
  <TextCorrectedLine lineID="P2_TL00023">
    <OldTextValue>an extended visit with friends injMol</OldTextValue>
    <NewTextValue>an extended visit with friends in Mo-</NewTextValue>
  </TextCorrectedLine>
  <TextCorrectedLine lineID="P2_TL00024">
    <OldTextValue>desto. .' ;.";';:.' . ' •{ Ijm</OldTextValue>
    <NewTextValue>desto.</NewTextValue>
  </TextCorrectedLine>
  <TextCorrectedLine lineID="P2_TL00025">
    <OldTextValue>Mi-s. Robert Ousby has been visiting</OldTextValue>
    <NewTextValue>Mrs. Robert Ousby has been visiting</NewTextValue>
  </TextCorrectedLine>
  <TextCorrectedLine lineID="P2_TL00031">
    <OldTextValue>Wrigglesworth Is at Warm Springs.</OldTextValue>
    <NewTextValue>Wrigglesworth is at Warm Springs.</NewTextValue>
  </TextCorrectedLine>
</TextCorrectedBlock>
<TextCorrectedBlock pageOID="AL19000511.1.2" blockID="P2_CB00001" userID="[redacted]">
  <TextCorrectedLine lineID="P2_TL00543">
    <OldTextValue>S".- LEGAL NOTICES.</OldTextValue>
    <NewTextValue>LEGAL NOTICES.</NewTextValue>
  </TextCorrectedLine>
  <TextCorrectedLine lineID="P2_TL00544">
    <OldTextValue>Sheriff?s" Notice of Sale of</OldTextValue>
    <NewTextValue>Sheriff's Notice of Sale of</NewTextValue>
  </TextCorrectedLine>
  <TextCorrectedLine lineID="P2_TL00545">
    <OldTextValue>r^^Real^Estate:</OldTextValue>
    <NewTextValue>Real Estate:</NewTextValue>
  </TextCorrectedLine>
  <TextCorrectedLine lineID="P2_TL00549">
    <OldTextValue>May 9th, ISJOU, in a certain action wherein</OldTextValue>
    <NewTextValue>May 9th, 1900 in a certain action wherein</NewTextValue>
  </TextCorrectedLine>
</TextCorrectedBlock>
<TextCorrectedBlock pageOID="AL19000511.1.2" blockID="P2_CB00006" userID="[redacted]">
  <TextCorrectedLine lineID="P2_TL00807">
    <OldTextValue>\M -i</OldTextValue>
    <NewTextValue>MISCELLANEOUS</NewTextValue>
  </TextCorrectedLine>
  <TextCorrectedLine lineID="P2_TL00808">
    <OldTextValue>ill. ;;■ •■■':.:•. ; imp^rm f vimmmn.m</OldTextValue>
    <NewTextValue>Shoes Going Fast</NewTextValue>
  </TextCorrectedLine>
  <TextCorrectedLine lineID="P2_TL00809">
    <OldTextValue>p&amp;;iji -;r; r If you want staple .! footwear jar cost, ;f§</OldTextValue>
    <NewTextValue>If you want staple footwear at cost,</NewTextValue>
  </TextCorrectedLine>
  <TextCorrectedLine lineID="P2_TL00810">
    <OldTextValue>Up ! 4* ' l* ne U P with those who are buying of ;"M</OldTextValue>
    <NewTextValue>line up with those who are buying of</NewTextValue>
  </TextCorrectedLine>
  <TextCorrectedLine lineID="P2_TL00811">
    <OldTextValue>§;f,j j Peterson. This is positively a closing ! Iff</OldTextValue>
    <NewTextValue>Peterson. This is positively a closing ! I</NewTextValue>
  </TextCorrectedLine>
  <TextCorrectedLine lineID="P2_TL00812">
    <OldTextValue>§S&lt;&gt;ifo j! ou t sale and no fake. ; J||</OldTextValue>
    <NewTextValue>out sale and no fake.</NewTextValue>
  </TextCorrectedLine>
  <TextCorrectedLine lineID="P2_TL00813">
    <OldTextValue>f' c# 4* 1 1 Shelving, Fixtures, etc., will be for sale \</OldTextValue>
    <NewTextValue>Shelving, Fixtures, etc., will be for sale</NewTextValue>
  </TextCorrectedLine>
  <TextCorrectedLine lineID="P2_TL00814">
    <OldTextValue>*£ |j after stock is sold. k ■:?&lt;■,■/} ;■: r &gt; ,^r'. !i|</OldTextValue>
    <NewTextValue>after stock is sold.</NewTextValue>
  </TextCorrectedLine>
  <TextCorrectedLine lineID="P2_TL00815">
    <OldTextValue>|| ■% II mWM ?•• PETERSON, Jackson; ii</OldTextValue>
    <NewTextValue>A. F. PETERSON, Jackson.</NewTextValue>
  </TextCorrectedLine>
  <TextCorrectedLine lineID="P2_TL00816">
    <OldTextValue>rf" Union StaWesIgLOBE^XHOT^L</OldTextValue>
    <NewTextValue>Union Stables   GLOBE HOTEL</NewTextValue>
  </TextCorrectedLine>
  <TextCorrectedLine lineID="P2_TL00817">
    <OldTextValue>«4«mU under Webb Hall ••?*:.' T . ,</OldTextValue>
    <NewTextValue>Under Webb Hall * ,</NewTextValue>
  </TextCorrectedLine>
</TextCorrectedBlock>
<TextCorrectedBlock pageOID="AL19000511.1.2" blockID="P2_CB00006" userID="[redacted]">
  <TextCorrectedLine lineID="P2_TL00811">
    <OldTextValue>Peterson. This is positively a closing ! I</OldTextValue>
    <NewTextValue>Peterson. This is positively a closing</NewTextValue>
  </TextCorrectedLine>
</TextCorrectedBlock>
<TextCorrectedBlock pageOID="AL19000511.1.3" blockID="P3_TB00052" userID="[redacted]">
  <TextCorrectedLine lineID="P3_TL00534">
    <OldTextValue>Health Officers Eeport.</OldTextValue>
    <NewTextValue>Health Officers Report.</NewTextValue>
  </TextCorrectedLine>
</TextCorrectedBlock>
<TextCorrectedBlock pageOID="AL19000511.1.3" blockID="P3_TB00053" userID="[redacted]">
  <TextCorrectedLine lineID="P3_TL00542">
    <OldTextValue>one accidental death ■ came under</OldTextValue>
    <NewTextValue>one accidental death came under</NewTextValue>
  </TextCorrectedLine>
</TextCorrectedBlock>
<TextCorrectedBlock pageOID="AL19000511.1.3" blockID="P3_TB00059" userID="[redacted]">
  <TextCorrectedLine lineID="P3_TL00575">
    <OldTextValue>The Wrong Glasses Will Kuin Tour Ere*.</OldTextValue>
    <NewTextValue>The Wrong Glasses Will Ruin Your Eyes</NewTextValue>
  </TextCorrectedLine>
</TextCorrectedBlock>
<TextCorrectedBlock pageOID="AL19000511.1.3" blockID="P3_TB00081" userID="[redacted]">
  <TextCorrectedLine lineID="P3_TL00805">
    <OldTextValue>Died in Saa Francisco.</OldTextValue>
    <NewTextValue>Died in San Francisco.</NewTextValue>
  </TextCorrectedLine>
</TextCorrectedBlock>
<TextCorrectedBlock pageOID="AL19000511.1.3" blockID="P3_TB00089" userID="[redacted]">
  <TextCorrectedLine lineID="P3_TL01073">
    <OldTextValue>C. A. Herriok 4 Jackson^ Cfd, 4-13-tt</OldTextValue>
    <NewTextValue>C. A. Herrick  Jackson Cal.</NewTextValue>
  </TextCorrectedLine>
</TextCorrectedBlock>
<TextCorrectedBlock pageOID="AL19000511.1.3" blockID="P3_TB00083" userID="[redacted]">
  <TextCorrectedLine lineID="P3_TL00808">
    <OldTextValue>during the sickness and burial pf pur</OldTextValue>
    <NewTextValue>during the sickness and burial of our</NewTextValue>
  </TextCorrectedLine>
  <TextCorrectedLine lineID="P3_TL00809">
    <OldTextValue>spn Herbert, we take this means pf</OldTextValue>
    <NewTextValue>son Herbert, we take this means of</NewTextValue>
  </TextCorrectedLine>
  <TextCorrectedLine lineID="P3_TL00810">
    <OldTextValue>expressing pur heartfelt thanks.</OldTextValue>
    <NewTextValue>expressing our heartfelt thanks.</NewTextValue>
  </TextCorrectedLine>
</TextCorrectedBlock>
<TextCorrectedBlock pageOID="AL19000511.1.3" blockID="P3_TB00027" userID="[redacted]">
  <TextCorrectedLine lineID="P3_TL00205">
    <OldTextValue>Start I For!' Alaska.</OldTextValue>
    <NewTextValue>Start For Alaska.</NewTextValue>
  </TextCorrectedLine>
</TextCorrectedBlock>
<TextCorrectedBlock pageOID="AL19000511.1.3" blockID="P3_TB00026" userID="[redacted]">
  <TextCorrectedLine lineID="P3_TL00186">
    <OldTextValue>. Next '.JSaturdayTbr, Sunday a , number</OldTextValue>
    <NewTextValue>Next Saturday or Sunday a number</NewTextValue>
  </TextCorrectedLine>
  <TextCorrectedLine lineID="P3_TL00187">
    <OldTextValue>of Amador county. gentlemen will start</OldTextValue>
    <NewTextValue>of Amador county gentlemen will start</NewTextValue>
  </TextCorrectedLine>
  <TextCorrectedLine lineID="P3_TL00188">
    <OldTextValue>far ' Soloman : River, Alaska, . bent on</OldTextValue>
    <NewTextValue>far Soloman River, Alaska, bent on</NewTextValue>
  </TextCorrectedLine>
  <TextCorrectedLine lineID="P3_TL00190">
    <OldTextValue>of which the good book says is the ' 'root</OldTextValue>
    <NewTextValue>of which the good book says is the "root</NewTextValue>
  </TextCorrectedLine>
  <TextCorrectedLine lineID="P3_TL00192">
    <OldTextValue>them for striving, after a little of. the</OldTextValue>
    <NewTextValue>them for striving after a little of the</NewTextValue>
  </TextCorrectedLine>
  <TextCorrectedLine lineID="P3_TL00193">
    <OldTextValue>"root, '" for it appears to have a vast deal</OldTextValue>
    <NewTextValue>"root,"  for it appears to have a vast deal</NewTextValue>
  </TextCorrectedLine>
  <TextCorrectedLine lineID="P3_TL00194">
    <OldTextValue>of influence on . this mundane sphere.</OldTextValue>
    <NewTextValue>of influence on this mundane sphere.</NewTextValue>
  </TextCorrectedLine>
  <TextCorrectedLine lineID="P3_TL00195">
    <OldTextValue>Gentlemen, ' ~;tho&gt;' : .;Ledger','s. sincerely</OldTextValue>
    <NewTextValue>Gentlemen, the LEDGER sincerely</NewTextValue>
  </TextCorrectedLine>
  <TextCorrectedLine lineID="P3_TL00197">
    <OldTextValue>The " gentlemen preferred, to 'are from</OldTextValue>
    <NewTextValue>The gentlemen referred, to are from</NewTextValue>
  </TextCorrectedLine>
  <TextCorrectedLine lineID="P3_TL00198">
    <OldTextValue>Pine :■ Grove,*? namely ; ;,' Alec &lt; Adams,</OldTextValue>
    <NewTextValue>Pine Grove, namely; Alec Adams,</NewTextValue>
  </TextCorrectedLine>
  <TextCorrectedLine lineID="P3_TL00199">
    <OldTextValue>James Hamilton," John-Werly,' John</OldTextValue>
    <NewTextValue>James Hamilton, John Werly,  John</NewTextValue>
  </TextCorrectedLine>
  <TextCorrectedLine lineID="P3_TL00200">
    <OldTextValue>Lowrj, all hardy men capable of hold-</OldTextValue>
    <NewTextValue>Lowry, all hardy men capable of hold-</NewTextValue>
  </TextCorrectedLine>
  <TextCorrectedLine lineID="P3_TL00202">
    <OldTextValue>north. At Stockton they, will be join-</OldTextValue>
    <NewTextValue>north. At Stockton they will be join-</NewTextValue>
  </TextCorrectedLine>
  <TextCorrectedLine lineID="P3_TL00203">
    <OldTextValue>ed by the Boggs brothers, ." which will</OldTextValue>
    <NewTextValue>ed by the Boggs brothers, which will</NewTextValue>
  </TextCorrectedLine>
  <TextCorrectedLine lineID="P3_TL00204">
    <OldTextValue>complete the party. , : : .~:</OldTextValue>
    <NewTextValue>complete the party.</NewTextValue>
  </TextCorrectedLine>
</TextCorrectedBlock>
