<TextCorrectedBlock pageOID="AL19040923.1.2" blockID="P2_CB00005" userID="[redacted]">
  <TextCorrectedLine lineID="P2_TL00754">
    <OldTextValue>IM»f MMM»M»M»M»«&gt;MM*MMtM</OldTextValue>
    <NewTextValue></NewTextValue>
  </TextCorrectedLine>
  <TextCorrectedLine lineID="P2_TL00755">
    <OldTextValue>I A clear head « sought by • !</OldTextValue>
    <NewTextValue>A clear head is sought by</NewTextValue>
  </TextCorrectedLine>
  <TextCorrectedLine lineID="P2_TL00756">
    <OldTextValue>every leader of business or social &lt;</OldTextValue>
    <NewTextValue>every leader of business or social</NewTextValue>
  </TextCorrectedLine>
  <TextCorrectedLine lineID="P2_TL00757">
    <OldTextValue>affairs, and a •</OldTextValue>
    <NewTextValue>affairs, and a</NewTextValue>
  </TextCorrectedLine>
  <TextCorrectedLine lineID="P2_TL00758">
    <OldTextValue>sweet breath adds to the i</OldTextValue>
    <NewTextValue>sweet breath adds to the</NewTextValue>
  </TextCorrectedLine>
  <TextCorrectedLine lineID="P2_TL00759">
    <OldTextValue>satisfaction of intimate acquaint- ! ,</OldTextValue>
    <NewTextValue>satisfaction of intimate acquaint-</NewTextValue>
  </TextCorrectedLine>
  <TextCorrectedLine lineID="P2_TL00760">
    <OldTextValue>ance ; to own a &lt;</OldTextValue>
    <NewTextValue>ance ; to own a</NewTextValue>
  </TextCorrectedLine>
  <TextCorrectedLine lineID="P2_TL00761">
    <OldTextValue>fine complexion noiK i</OldTextValue>
    <NewTextValue>fine complexion none</NewTextValue>
  </TextCorrectedLine>
  <TextCorrectedLine lineID="P2_TL00762">
    <OldTextValue>will despise; yet only &amp; clean '</OldTextValue>
    <NewTextValue>will despise; yet only &amp; clean</NewTextValue>
  </TextCorrectedLine>
  <TextCorrectedLine lineID="P2_TL00763">
    <OldTextValue>stomach secures clear head, sweet \</OldTextValue>
    <NewTextValue>stomach secures clear head, sweet</NewTextValue>
  </TextCorrectedLine>
  <TextCorrectedLine lineID="P2_TL00764">
    <OldTextValue>breath and fine complexion &lt;</OldTextValue>
    <NewTextValue>breath and fine complexion</NewTextValue>
  </TextCorrectedLine>
  <TextCorrectedLine lineID="P2_TL00765">
    <OldTextValue>for every day; and a i ;</OldTextValue>
    <NewTextValue>for every day; and a</NewTextValue>
  </TextCorrectedLine>
  <TextCorrectedLine lineID="P2_TL00766">
    <OldTextValue>clean stomach is secured by using '</OldTextValue>
    <NewTextValue>clean stomach is secured by using</NewTextValue>
  </TextCorrectedLine>
  <TextCorrectedLine lineID="P2_TL00767">
    <OldTextValue>" SWEET SAGRADOS " — nature's !</OldTextValue>
    <NewTextValue>SWEET SAGRADOS " — nature's</NewTextValue>
  </TextCorrectedLine>
  <TextCorrectedLine lineID="P2_TL00768">
    <OldTextValue>laxative tablets— pleasant to take, ■; &lt; •</OldTextValue>
    <NewTextValue>laxative tablets— pleasant to take,</NewTextValue>
  </TextCorrectedLine>
  <TextCorrectedLine lineID="P2_TL00769">
    <OldTextValue>perfect in action; every dose '</OldTextValue>
    <NewTextValue>perfect in action; every dose</NewTextValue>
  </TextCorrectedLine>
  <TextCorrectedLine lineID="P2_TL00770">
    <OldTextValue>♦ leads to a cure. Put up only in , !</OldTextValue>
    <NewTextValue>leads to a cure. Put up only in</NewTextValue>
  </TextCorrectedLine>
  <TextCorrectedLine lineID="P2_TL00771">
    <OldTextValue>\\'' one 6tyle and one package, 24 l &lt;</OldTextValue>
    <NewTextValue>one style and one package, 24</NewTextValue>
  </TextCorrectedLine>
  <TextCorrectedLine lineID="P2_TL00772">
    <OldTextValue>i 1 Ms^* fawect Sagrados— Sold by ' '</OldTextValue>
    <NewTextValue>Sweet Sagrados— Sold by</NewTextValue>
  </TextCorrectedLine>
  <TextCorrectedLine lineID="P2_TL00773">
    <OldTextValue>I: City" Pharmacy - Willis H. Boydston, Prop, i I</OldTextValue>
    <NewTextValue>City Pharmacy - Willis H. Boydston, Prop,</NewTextValue>
  </TextCorrectedLine>
  <TextCorrectedLine lineID="P2_TL00774">
    <OldTextValue>i t *^ im^i ill 1 1 Mil i -r-irw 1 !■■ m 1 n^^mi ■■!!■ '' ►</OldTextValue>
    <NewTextValue>GINOCCHIO BRO'S.</NewTextValue>
  </TextCorrectedLine>
  <TextCorrectedLine lineID="P2_TL00775">
    <OldTextValue>1 '&amp;: General Merchandise I</OldTextValue>
    <NewTextValue>Dealers in   General Merchandise</NewTextValue>
  </TextCorrectedLine>
  <TextCorrectedLine lineID="P2_TL00776">
    <OldTextValue>m "T&amp;s. Groceries, Furnishing Goods, Shoes, M</OldTextValue>
    <NewTextValue>Groceries, Furnishing Goods, Shoes,</NewTextValue>
  </TextCorrectedLine>
  <TextCorrectedLine lineID="P2_TL00777">
    <OldTextValue>|| jjjllg Boots, Paints, Oils, Varnishes, Mining ||</OldTextValue>
    <NewTextValue>Boots, Paints, Oils, Varnishes, Mining</NewTextValue>
  </TextCorrectedLine>
  <TextCorrectedLine lineID="P2_TL00778">
    <OldTextValue>m. n^ Supplies, Lumber, Hardware, Hay, ||</OldTextValue>
    <NewTextValue>Supplies, Lumber, Hardware, Hay,</NewTextValue>
  </TextCorrectedLine>
  <TextCorrectedLine lineID="P2_TL00779">
    <OldTextValue>is Grain, etc., etc. |1|</OldTextValue>
    <NewTextValue>is Grain, etc., etc.</NewTextValue>
  </TextCorrectedLine>
  <TextCorrectedLine lineID="P2_TL00780">
    <OldTextValue>'M Corner Main and Water St. §|</OldTextValue>
    <NewTextValue>Corner Main and Water St.</NewTextValue>
  </TextCorrectedLine>
  <TextCorrectedLine lineID="P2_TL00781">
    <OldTextValue>I JACKSON - - -■ CALIFORNIA 1'</OldTextValue>
    <NewTextValue>JACKSON  -  -  -   CALIFORNIA</NewTextValue>
  </TextCorrectedLine>
  <TextCorrectedLine lineID="P2_TL00782">
    <OldTextValue>•••••••••••••••••••••••••••••••••••••••••••••••••••••</OldTextValue>
    <NewTextValue></NewTextValue>
  </TextCorrectedLine>
  <TextCorrectedLine lineID="P2_TL00783">
    <OldTextValue>i »™&lt; p^ns L J. Glavinovich |</OldTextValue>
    <NewTextValue>McCall Bazaar Patterns      L J. Glavinovich</NewTextValue>
  </TextCorrectedLine>
  <TextCorrectedLine lineID="P2_TL00784">
    <OldTextValue>5 LEADING GROCERY STORE j</OldTextValue>
    <NewTextValue>LEADING GROCERY STORE</NewTextValue>
  </TextCorrectedLine>
  <TextCorrectedLine lineID="P2_TL00785">
    <OldTextValue>• l3Pi5 *"* ROCERI]ES&gt; Dry ggod° ods ' •</OldTextValue>
    <NewTextValue>GROCERIES, Dry Goods</NewTextValue>
  </TextCorrectedLine>
  <TextCorrectedLine lineID="P2_TL00786">
    <OldTextValue>5 d~~ Furnishing Goods, Boots, 4£ •</OldTextValue>
    <NewTextValue>Furnishing Goods, Boots,</NewTextValue>
  </TextCorrectedLine>
  <TextCorrectedLine lineID="P2_TL00787">
    <OldTextValue>S a Shoes, Toilet Articles, • •</OldTextValue>
    <NewTextValue>Shoes, Toilet Articles,</NewTextValue>
  </TextCorrectedLine>
  <TextCorrectedLine lineID="P2_TL00788">
    <OldTextValue>5 c Hardware, Miners' Sup- •</OldTextValue>
    <NewTextValue>Hardware, Miners' Sup-</NewTextValue>
  </TextCorrectedLine>
  <TextCorrectedLine lineID="P2_TL00789">
    <OldTextValue>S • i . plies, Hay, Grain, Etc. :• J</OldTextValue>
    <NewTextValue>plies, Hay, Grain, Etc.</NewTextValue>
  </TextCorrectedLine>
  <TextCorrectedLine lineID="P2_TL00790">
    <OldTextValue>S Cor. Maiu &amp; Court Streets . g</OldTextValue>
    <NewTextValue>Cor. Main &amp; Court Streets .</NewTextValue>
  </TextCorrectedLine>
  <TextCorrectedLine lineID="P2_TL00791">
    <OldTextValue>J JACKSON, - . - : CAL. \ Bazaar Patterns \</OldTextValue>
    <NewTextValue>JACKSON, - . - : CAL.        Bazaar Patterns</NewTextValue>
  </TextCorrectedLine>
  <TextCorrectedLine lineID="P2_TL00792">
    <OldTextValue>SiiUßlii</OldTextValue>
    <NewTextValue>Send Your Gold to    S. B. GRACIER</NewTextValue>
  </TextCorrectedLine>
  <TextCorrectedLine lineID="P2_TL00793">
    <OldTextValue>**" ( Successor to A. H. Regaling ) "^</OldTextValue>
    <NewTextValue>( Successor to A. H. Reichling )</NewTextValue>
  </TextCorrectedLine>
</TextCorrectedBlock>
