<TextCorrectedBlock pageOID="AL19020207.1.2" blockID="P2_CB00004" userID="[redacted]">
  <TextCorrectedLine lineID="P2_TL00864">
    <OldTextValue>! Ruhscr's ]</OldTextValue>
    <NewTextValue>Ruhser's</NewTextValue>
  </TextCorrectedLine>
  <TextCorrectedLine lineID="P2_TL00865">
    <OldTextValue>I Cold j</OldTextValue>
    <NewTextValue>Cold</NewTextValue>
  </TextCorrectedLine>
  <TextCorrectedLine lineID="P2_TL00866">
    <OldTextValue>I tl tdlll \</OldTextValue>
    <NewTextValue>Cream</NewTextValue>
  </TextCorrectedLine>
  <TextCorrectedLine lineID="P2_TL00867">
    <OldTextValue>| Excellent j</OldTextValue>
    <NewTextValue>An Excellent</NewTextValue>
  </TextCorrectedLine>
  <TextCorrectedLine lineID="P2_TL00868">
    <OldTextValue>| Skin Food j</OldTextValue>
    <NewTextValue>Skin Food</NewTextValue>
  </TextCorrectedLine>
  <TextCorrectedLine lineID="P2_TL00869">
    <OldTextValue>*' m i</OldTextValue>
    <NewTextValue></NewTextValue>
  </TextCorrectedLine>
  <TextCorrectedLine lineID="P2_TL00870">
    <OldTextValue>Sold only |</OldTextValue>
    <NewTextValue>Sold only</NewTextValue>
  </TextCorrectedLine>
  <TextCorrectedLine lineID="P2_TL00871">
    <OldTextValue>! IT Off PHARMACY j</OldTextValue>
    <NewTextValue>AT CITY PHARMACY</NewTextValue>
  </TextCorrectedLine>
  <TextCorrectedLine lineID="P2_TL00872">
    <OldTextValue>1? BOBEET I. KEEE *</OldTextValue>
    <NewTextValue>ROBERT I. KERR</NewTextValue>
  </TextCorrectedLine>
  <TextCorrectedLine lineID="P2_TL00873">
    <OldTextValue>T? *</OldTextValue>
    <NewTextValue></NewTextValue>
  </TextCorrectedLine>
  <TextCorrectedLine lineID="P2_TL00874">
    <OldTextValue>4jf Main Street JACKSON</OldTextValue>
    <NewTextValue>Main Street JACKSON</NewTextValue>
  </TextCorrectedLine>
  <TextCorrectedLine lineID="P2_TL00875">
    <OldTextValue>SUNSET"</OldTextValue>
    <NewTextValue>SUNSET</NewTextValue>
  </TextCorrectedLine>
  <TextCorrectedLine lineID="P2_TL00877">
    <OldTextValue>fOne of the most magnificen</OldTextValue>
    <NewTextValue>One of the most magnificent</NewTextValue>
  </TextCorrectedLine>
  <TextCorrectedLine lineID="P2_TL00878">
    <OldTextValue>trains ever built. For 1901-190</OldTextValue>
    <NewTextValue>trains ever built. For 1901-1902</NewTextValue>
  </TextCorrectedLine>
  <TextCorrectedLine lineID="P2_TL00879">
    <OldTextValue>tri- weekly via Coast Line am</OldTextValue>
    <NewTextValue>tri- weekly via Coast Line and</NewTextValue>
  </TextCorrectedLine>
</TextCorrectedBlock>
<TextCorrectedBlock pageOID="AL19020207.1.2" blockID="P2_TB00036" userID="[redacted]">
  <TextCorrectedLine lineID="P2_TL00594">
    <OldTextValue>tain at the rate 2j miles an hour, and</OldTextValue>
    <NewTextValue>tain at the rate 2-1/2 miles an hour, and</NewTextValue>
  </TextCorrectedLine>
  <TextCorrectedLine lineID="P2_TL00595">
    <OldTextValue>down the same" way at the rate of four</OldTextValue>
    <NewTextValue>down the same way at the rate of four</NewTextValue>
  </TextCorrectedLine>
  <TextCorrectedLine lineID="P2_TL00599">
    <OldTextValue>fur $750. He sold the cows at a profit of</OldTextValue>
    <NewTextValue>for $750. He sold the cows at a profit of</NewTextValue>
  </TextCorrectedLine>
</TextCorrectedBlock>
<TextCorrectedBlock pageOID="AL19020207.1.2" blockID="P2_TB00036" userID="[redacted]">
  <TextCorrectedLine lineID="P2_TL00602">
    <OldTextValue>sheep. . _ . ' -</OldTextValue>
    <NewTextValue>sheep.</NewTextValue>
  </TextCorrectedLine>
</TextCorrectedBlock>
<TextCorrectedBlock pageOID="AL19020207.1.2" blockID="P2_TB00034" userID="[redacted]">
  <TextCorrectedLine lineID="P2_TL00577">
    <OldTextValue>• (COUNTY OFFICIAL PAPER.)</OldTextValue>
    <NewTextValue>(COUNTY OFFICIAL PAPER.)</NewTextValue>
  </TextCorrectedLine>
  <TextCorrectedLine lineID="P2_TL00581">
    <OldTextValue>One year (In advance 12 SO</OldTextValue>
    <NewTextValue>One year (In advance ........ $2 50</NewTextValue>
  </TextCorrectedLine>
  <TextCorrectedLine lineID="P2_TL00582">
    <OldTextValue>One year (if not in advance) 3 00</OldTextValue>
    <NewTextValue>One year (if not in advance) ....  3 00</NewTextValue>
  </TextCorrectedLine>
  <TextCorrectedLine lineID="P2_TL00583">
    <OldTextValue>Six months 1 S5</OldTextValue>
    <NewTextValue>Six months ...... 1 25</NewTextValue>
  </TextCorrectedLine>
  <TextCorrectedLine lineID="P2_TL00584">
    <OldTextValue>Threemonths 75</OldTextValue>
    <NewTextValue>Three months ...... 75</NewTextValue>
  </TextCorrectedLine>
  <TextCorrectedLine lineID="P2_TL00585">
    <OldTextValue>One or more copies, each 10</OldTextValue>
    <NewTextValue>One or more copies, each  ..... 10</NewTextValue>
  </TextCorrectedLine>
  <TextCorrectedLine lineID="P2_TL00586">
    <OldTextValue>Legal advertising— per sqr.-lst insertion, tl 00</OldTextValue>
    <NewTextValue>Legal advertising— per sqr.-1st insertion, $1 00</NewTextValue>
  </TextCorrectedLine>
</TextCorrectedBlock>
<TextCorrectedBlock pageOID="AL19020207.1.1" blockID="P1_CB00001" userID="[redacted]">
  <TextCorrectedLine lineID="P1_TL00803">
    <OldTextValue>i t . £*. 'tv. %&gt; ~ ■.„'._- *.'*"*"■* J</OldTextValue>
    <NewTextValue></NewTextValue>
  </TextCorrectedLine>
  <TextCorrectedLine lineID="P1_TL00804">
    <OldTextValue>' ' — " '" ■ - 4■ ' 1</OldTextValue>
    <NewTextValue></NewTextValue>
  </TextCorrectedLine>
  <TextCorrectedLine lineID="P1_TL00805">
    <OldTextValue>m \ I * '" 1 m t \ ' • -1 * - ■■■ t</OldTextValue>
    <NewTextValue></NewTextValue>
  </TextCorrectedLine>
  <TextCorrectedLine lineID="P1_TL00806">
    <OldTextValue>■ ■1"g #4 Lai *\ W\ &lt;g«4 girt «4 Mr B 1/\ r* *•» -m •* ■***. &lt;k. _ B _ ' &lt;</OldTextValue>
    <NewTextValue></NewTextValue>
  </TextCorrectedLine>
  <TextCorrectedLine lineID="P1_TL00807">
    <OldTextValue>i uur reoruary vican-up oale \</OldTextValue>
    <NewTextValue>Our February Clean-up Sale</NewTextValue>
  </TextCorrectedLine>
  <TextCorrectedLine lineID="P1_TL00808">
    <OldTextValue>;: The Sale that means much to quick buyers *</OldTextValue>
    <NewTextValue>The Sale that means much to quick buyers</NewTextValue>
  </TextCorrectedLine>
  <TextCorrectedLine lineID="P1_TL00809">
    <OldTextValue>1 1 Odd lots— Winter goods and broken lines are marked at prices that mean a saving J</OldTextValue>
    <NewTextValue>Odd lots— Winter goods and broken lines are marked at prices that mean a saving J</NewTextValue>
  </TextCorrectedLine>
  <TextCorrectedLine lineID="P1_TL00810">
    <OldTextValue>; of from a third to a half of the early season price. ;£. ,;-' j</OldTextValue>
    <NewTextValue>of from a third to a half of the early season price.</NewTextValue>
  </TextCorrectedLine>
  <TextCorrectedLine lineID="P1_TL00811">
    <OldTextValue>; ; : . It's pure carelessness on your part if you don't take advantage of this sale. : . It will i</OldTextValue>
    <NewTextValue>It's pure carelessness on your part if you don't take advantage of this sale. : . It will i</NewTextValue>
  </TextCorrectedLine>
  <TextCorrectedLine lineID="P1_TL00812">
    <OldTextValue>I ; be many long days before such exceptional chances await you. !</OldTextValue>
    <NewTextValue>be many long days before such exceptional chances await you.</NewTextValue>
  </TextCorrectedLine>
  <TextCorrectedLine lineID="P1_TL00813">
    <OldTextValue>; ; •••••••••••••••••••••••• •••••••••••••••••••••••• •••••••••••••••••••••••• !</OldTextValue>
    <NewTextValue></NewTextValue>
  </TextCorrectedLine>
</TextCorrectedBlock>
<TextCorrectedBlock pageOID="AL19020207.1.1" blockID="P1_CB00001" userID="[redacted]">
  <TextCorrectedLine lineID="P1_TL00802">
    <OldTextValue>ill sell for Uss \ ' others .. ldways \</OldTextValue>
    <NewTextValue>Whatever others advertise we sell for less</NewTextValue>
  </TextCorrectedLine>
  <TextCorrectedLine lineID="P1_TL00803">
    <OldTextValue></OldTextValue>
    <NewTextValue>Redlick's Standard Goods</NewTextValue>
  </TextCorrectedLine>
  <TextCorrectedLine lineID="P1_TL00805">
    <OldTextValue></OldTextValue>
    <NewTextValue>The Redlick Doctrine :   undersell all others- always</NewTextValue>
  </TextCorrectedLine>
</TextCorrectedBlock>
<TextCorrectedBlock pageOID="AL19020207.1.1" blockID="P1_TB00008" userID="[redacted]">
  <TextCorrectedLine lineID="P1_TL00109">
    <OldTextValue>The latter waistcoat Is olive green In</OldTextValue>
    <NewTextValue>The latter waistcoat is olive green in</NewTextValue>
  </TextCorrectedLine>
  <TextCorrectedLine lineID="P1_TL00110">
    <OldTextValue>tolor, conforming to the college regula-</OldTextValue>
    <NewTextValue>color, conforming to the college regula-</NewTextValue>
  </TextCorrectedLine>
</TextCorrectedBlock>
<TextCorrectedBlock pageOID="AL19020207.1.1" blockID="P1_TB00002" userID="[redacted]">
  <TextCorrectedLine lineID="P1_TL00006">
    <OldTextValue>of moisture stood out upon his ■ fore-^</OldTextValue>
    <NewTextValue>of moisture stood out upon his fore-</NewTextValue>
  </TextCorrectedLine>
  <TextCorrectedLine lineID="P1_TL00007">
    <OldTextValue>head. His feet were working like the*</OldTextValue>
    <NewTextValue>head. His feet were working like the</NewTextValue>
  </TextCorrectedLine>
  <TextCorrectedLine lineID="P1_TL00009">
    <OldTextValue>the ground iv the more nltitudinous</OldTextValue>
    <NewTextValue>the ground in the more altitudinous</NewTextValue>
  </TextCorrectedLine>
  <TextCorrectedLine lineID="P1_TL00010">
    <OldTextValue>places. &gt;'i*s**</OldTextValue>
    <NewTextValue>places.</NewTextValue>
  </TextCorrectedLine>
  <TextCorrectedLine lineID="P1_TL00013">
    <OldTextValue>Faster' went the street car. Faster</OldTextValue>
    <NewTextValue>Faster went the street car. Faster</NewTextValue>
  </TextCorrectedLine>
  <TextCorrectedLine lineID="P1_TL00027">
    <OldTextValue>He reaches out bis hand.</OldTextValue>
    <NewTextValue>He reaches out his hand.</NewTextValue>
  </TextCorrectedLine>
  <TextCorrectedLine lineID="P1_TL00029">
    <OldTextValue>form. ■ .</OldTextValue>
    <NewTextValue>form.</NewTextValue>
  </TextCorrectedLine>
</TextCorrectedBlock>
<TextCorrectedBlock pageOID="AL19020207.1.1" blockID="P1_TB00002" userID="[redacted]">
  <TextCorrectedLine lineID="P1_TL00020">
    <OldTextValue>baby was knocked into the street. Tho</OldTextValue>
    <NewTextValue>baby was knocked into the street. The</NewTextValue>
  </TextCorrectedLine>
</TextCorrectedBlock>
<TextCorrectedBlock pageOID="AL19020207.1.1" blockID="P1_TB00085" userID="[redacted]">
  <TextCorrectedLine lineID="P1_TL00626">
    <OldTextValue>•how ability In New_York or In other</OldTextValue>
    <NewTextValue>show ability in New York or in other</NewTextValue>
  </TextCorrectedLine>
</TextCorrectedBlock>
