<TextCorrectedBlock pageOID="AL19020214.1.1" blockID="P1_TB00028" userID="[redacted]">
  <TextCorrectedLine lineID="P1_TL00212">
    <OldTextValue>All BsmOa Smokin*.</OldTextValue>
    <NewTextValue>All Hands Smoking</NewTextValue>
  </TextCorrectedLine>
</TextCorrectedBlock>
<TextCorrectedBlock pageOID="AL19020214.1.1" blockID="P1_TB00027" userID="[redacted]">
  <TextCorrectedLine lineID="P1_TL00207">
    <OldTextValue>Tobacco is Id Tehuantepec a great</OldTextValue>
    <NewTextValue>Tobacco is in Tehuantepec a great</NewTextValue>
  </TextCorrectedLine>
  <TextCorrectedLine lineID="P1_TL00210">
    <OldTextValue>night's shelter, Mexican fashion; at a</OldTextValue>
    <NewTextValue>night's shelter, Mexican fashion, at a</NewTextValue>
  </TextCorrectedLine>
  <TextCorrectedLine lineID="P1_TL00211">
    <OldTextValue>hacienda or farmhouse. Hotel*, ex-</OldTextValue>
    <NewTextValue>hacienda or farmhouse. Hotels, ex-</NewTextValue>
  </TextCorrectedLine>
</TextCorrectedBlock>
<TextCorrectedBlock pageOID="AL19020214.1.1" blockID="P1_TB00026" userID="[redacted]">
  <TextCorrectedLine lineID="P1_TL00187">
    <OldTextValue>cept In the large towns, an unknown.</OldTextValue>
    <NewTextValue>cept In the large towns, are unknown.</NewTextValue>
  </TextCorrectedLine>
  <TextCorrectedLine lineID="P1_TL00188">
    <OldTextValue>It was about Op. m. when we arrived.</OldTextValue>
    <NewTextValue>It was about 9 p. m. when we arrived.</NewTextValue>
  </TextCorrectedLine>
  <TextCorrectedLine lineID="P1_TL00190">
    <OldTextValue>us we beheld the entire family. On tbe</OldTextValue>
    <NewTextValue>us we beheld the entire family. On the</NewTextValue>
  </TextCorrectedLine>
  <TextCorrectedLine lineID="P1_TL00191">
    <OldTextValue>right of the door was the lady of tbe</OldTextValue>
    <NewTextValue>right of the door was the lady of the</NewTextValue>
  </TextCorrectedLine>
  <TextCorrectedLine lineID="P1_TL00194">
    <OldTextValue>and handmaidens, alsd Smoking. On</OldTextValue>
    <NewTextValue>and handmaidens, also smoking. On</NewTextValue>
  </TextCorrectedLine>
  <TextCorrectedLine lineID="P1_TL00195">
    <OldTextValue>the other side 'of tbe door was tne</OldTextValue>
    <NewTextValue>the other side of the door was the</NewTextValue>
  </TextCorrectedLine>
  <TextCorrectedLine lineID="P1_TL00196">
    <OldTextValue>ranchero or master himself, wftb his</OldTextValue>
    <NewTextValue>ranchero or master himself, with his</NewTextValue>
  </TextCorrectedLine>
  <TextCorrectedLine lineID="P1_TL00197">
    <OldTextValue>sons and manserva to, Brefy on* was</OldTextValue>
    <NewTextValue>sons and manservants, Every one was</NewTextValue>
  </TextCorrectedLine>
  <TextCorrectedLine lineID="P1_TL00198">
    <OldTextValue>employed In rolling the tobacco ieai</OldTextValue>
    <NewTextValue>employed in rolling the tobacco leaf</NewTextValue>
  </TextCorrectedLine>
  <TextCorrectedLine lineID="P1_TL00199">
    <OldTextValue>Into cigars, and every one Waa smok-</OldTextValue>
    <NewTextValue>iInto cigars, and every one was smok-</NewTextValue>
  </TextCorrectedLine>
</TextCorrectedBlock>
<TextCorrectedBlock pageOID="AL19020214.1.1" blockID="P1_TB00021" userID="[redacted]">
  <TextCorrectedLine lineID="P1_TL00166">
    <OldTextValue>Pullman conductor. ?'. ■:■</OldTextValue>
    <NewTextValue>Pullman conductor.</NewTextValue>
  </TextCorrectedLine>
</TextCorrectedBlock>
<TextCorrectedBlock pageOID="AL19020214.1.2" blockID="P2_TB00025" userID="[redacted]">
  <TextCorrectedLine lineID="P2_TL00256">
    <OldTextValue>1900, for $250, was for legal* servicos</OldTextValue>
    <NewTextValue>1900, for $250, was for legal services</NewTextValue>
  </TextCorrectedLine>
  <TextCorrectedLine lineID="P2_TL00257">
    <OldTextValue>rendered, expenses Incurred, and</OldTextValue>
    <NewTextValue>rendered, expenses incurred, and</NewTextValue>
  </TextCorrectedLine>
  <TextCorrectedLine lineID="P2_TL00259">
    <OldTextValue>date. These sorvices included the trial</OldTextValue>
    <NewTextValue>date. These services included the trial</NewTextValue>
  </TextCorrectedLine>
  <TextCorrectedLine lineID="P2_TL00272">
    <OldTextValue>part of 1901. , ■. ;i</OldTextValue>
    <NewTextValue>part of 1901.</NewTextValue>
  </TextCorrectedLine>
  <TextCorrectedLine lineID="P2_TL00276">
    <OldTextValue>for tho school districts, testified before</OldTextValue>
    <NewTextValue>for the school districts, testified before</NewTextValue>
  </TextCorrectedLine>
  <TextCorrectedLine lineID="P2_TL00277">
    <OldTextValue>the board that under the contract thoy</OldTextValue>
    <NewTextValue>the board that under the contract they</NewTextValue>
  </TextCorrectedLine>
  <TextCorrectedLine lineID="P2_TL00280">
    <OldTextValue>the sum of $1500 had they won tho case.</OldTextValue>
    <NewTextValue>the sum of $1500 had they won the case.</NewTextValue>
  </TextCorrectedLine>
  <TextCorrectedLine lineID="P2_TL00282">
    <OldTextValue>of supervisors called^n Hon. John F.</OldTextValue>
    <NewTextValue>of supervisors called in Hon. John F.</NewTextValue>
  </TextCorrectedLine>
  <TextCorrectedLine lineID="P2_TL00293">
    <OldTextValue>and although the attorneys for tho</OldTextValue>
    <NewTextValue>and although the attorneys for the</NewTextValue>
  </TextCorrectedLine>
  <TextCorrectedLine lineID="P2_TL00294">
    <OldTextValue>school districts said that thb matter</OldTextValue>
    <NewTextValue>school districts said that the matter</NewTextValue>
  </TextCorrectedLine>
</TextCorrectedBlock>
