<TextCorrectedBlock pageOID="AL19010125.1.2" blockID="P2_TB00012" userID="[redacted]">
  <TextCorrectedLine lineID="P2_TL00104">
    <OldTextValue>1 The most influential sovereign of the world is dead, and</OldTextValue>
    <NewTextValue>The most influential sovereign of the world is dead, and</NewTextValue>
  </TextCorrectedLine>
  <TextCorrectedLine lineID="P2_TL00109">
    <OldTextValue>and wise ruler. ,, Her reign was longer, brighter and better</OldTextValue>
    <NewTextValue>and wise ruler.  Her reign was longer, brighter and better</NewTextValue>
  </TextCorrectedLine>
  <TextCorrectedLine lineID="P2_TL00111">
    <OldTextValue>lish throne. George 111, her grandfather, reigned a long</OldTextValue>
    <NewTextValue>lish throne. George III, her grandfather, reigned a long</NewTextValue>
  </TextCorrectedLine>
  <TextCorrectedLine lineID="P2_TL00114">
    <OldTextValue>have a distinctive niche jn history for reforms produced.</OldTextValue>
    <NewTextValue>have a distinctive niche in history for reforms produced.</NewTextValue>
  </TextCorrectedLine>
  <TextCorrectedLine lineID="P2_TL00129">
    <OldTextValue>. question,. but the attempt to push through the home rule bill</OldTextValue>
    <NewTextValue>question, but the attempt to push through the home rule bill</NewTextValue>
  </TextCorrectedLine>
  <TextCorrectedLine lineID="P2_TL00131">
    <OldTextValue>portfolio,, which he held until 1892, when on an appeal to the</OldTextValue>
    <NewTextValue>portfolio, which he held until 1892, when on an appeal to the</NewTextValue>
  </TextCorrectedLine>
  <TextCorrectedLine lineID="P2_TL00135">
    <OldTextValue>' whose administration was very brief, for in 1895 Salisbury</OldTextValue>
    <NewTextValue>whose administration was very brief, for in 1895 Salisbury</NewTextValue>
  </TextCorrectedLine>
  <TextCorrectedLine lineID="P2_TL00138">
    <OldTextValue>the English nation during his^chiefship of the Ministry are</OldTextValue>
    <NewTextValue>the English nation during his chiefship of the Ministry are</NewTextValue>
  </TextCorrectedLine>
</TextCorrectedBlock>
<TextCorrectedBlock pageOID="AL19010125.1.2" blockID="P2_TB00010" userID="[redacted]">
  <TextCorrectedLine lineID="P2_TL00063">
    <OldTextValue>- - - • • ■-■■;•■ ■" f &gt;*. * ■■■" •* "\</OldTextValue>
    <NewTextValue></NewTextValue>
  </TextCorrectedLine>
  <TextCorrectedLine lineID="P2_TL00066">
    <OldTextValue>of the leading saloons in Wichita, (Kan.,) doing 'damage</OldTextValue>
    <NewTextValue>of the leading saloons in Wichita, (Kan.,) doing damage</NewTextValue>
  </TextCorrectedLine>
  <TextCorrectedLine lineID="P2_TL00067">
    <OldTextValue>which runs into the thousands. The ladies were ] .arrested</OldTextValue>
    <NewTextValue>which runs into the thousands. The ladies were  arrested</NewTextValue>
  </TextCorrectedLine>
  <TextCorrectedLine lineID="P2_TL00070">
    <OldTextValue>bered upward of 5000 persons. After the' lecture the speaker</OldTextValue>
    <NewTextValue>bered upward of 5000 persons. After the lecture the speaker</NewTextValue>
  </TextCorrectedLine>
  <TextCorrectedLine lineID="P2_TL00071">
    <OldTextValue>repaired to the railway station. While in the act of "buying</OldTextValue>
    <NewTextValue>repaired to the railway station. While in the act of buying</NewTextValue>
  </TextCorrectedLine>
  <TextCorrectedLine lineID="P2_TL00072">
    <OldTextValue>a ticket the Sheriff of the county laid his ha'tid; lightly' upon</OldTextValue>
    <NewTextValue>a ticket the Sheriff of the county laid his hand lightly upon</NewTextValue>
  </TextCorrectedLine>
  <TextCorrectedLine lineID="P2_TL00073">
    <OldTextValue>her shoulder and said: "You are my prisoner;" "The in T</OldTextValue>
    <NewTextValue>her shoulder and said: "You are my prisoner;" "The in-</NewTextValue>
  </TextCorrectedLine>
  <TextCorrectedLine lineID="P2_TL00075">
    <OldTextValue>face, pulled his ears and shook him until his teeth .rattled</OldTextValue>
    <NewTextValue>face, pulled his ears and shook him until his teeth rattled</NewTextValue>
  </TextCorrectedLine>
  <TextCorrectedLine lineID="P2_TL00077">
    <OldTextValue>of the steel tanks* of "the jail. Those who aided in the de-</OldTextValue>
    <NewTextValue>of the steel tanks of the jail. Those who aided in the de-</NewTextValue>
  </TextCorrectedLine>
  <TextCorrectedLine lineID="P2_TL00079">
    <OldTextValue>were bailed out, and Mrs. Natiou went to an adjoining town</OldTextValue>
    <NewTextValue>were bailed out, and Mrs. Nation went to an adjoining town</NewTextValue>
  </TextCorrectedLine>
</TextCorrectedBlock>
<TextCorrectedBlock pageOID="AL19010125.1.2" blockID="P2_TB00011" userID="[redacted]">
  <TextCorrectedLine lineID="P2_TL00091">
    <OldTextValue>son, Albert Victor, born 1864, is now 'heir apparent to the</OldTextValue>
    <NewTextValue>son, Albert Victor, born 1864, is now heir apparent to the</NewTextValue>
  </TextCorrectedLine>
  <TextCorrectedLine lineID="P2_TL00092">
    <OldTextValue>' crown of England."</OldTextValue>
    <NewTextValue>crown of England."</NewTextValue>
  </TextCorrectedLine>
  <TextCorrectedLine lineID="P2_TL00095">
    <OldTextValue>0/ Edinburgh, married in 1874 Grand Duchess Maria, sister</OldTextValue>
    <NewTextValue>of Edinburgh, married in 1874 Grand Duchess Maria, sister</NewTextValue>
  </TextCorrectedLine>
  <TextCorrectedLine lineID="P2_TL00096">
    <OldTextValue>of the then Emperor of Russia. -Princess Helena was mar-</OldTextValue>
    <NewTextValue>of the then Emperor of Russia.  Princess Helena was mar-</NewTextValue>
  </TextCorrectedLine>
  <TextCorrectedLine lineID="P2_TL00097">
    <OldTextValue>ried in-i866 to Prince Christian of Schleswig-Holstein.</OldTextValue>
    <NewTextValue>ried in 1866 to Prince Christian of Schleswig-Holstein.</NewTextValue>
  </TextCorrectedLine>
  <TextCorrectedLine lineID="P2_TL00100">
    <OldTextValue>Louise' of Prussia. ! Prince Leopold, created Duke of Albany,</OldTextValue>
    <NewTextValue>Louise of Prussia.   Prince Leopold, created Duke of Albany,</NewTextValue>
  </TextCorrectedLine>
  <TextCorrectedLine lineID="P2_TL00101">
    <OldTextValue>in 1882" married Princess Helen ,of Waldeck-Pyrmont.</OldTextValue>
    <NewTextValue>in 1882 married Princess Helen of Waldeck-Pyrmont.</NewTextValue>
  </TextCorrectedLine>
  <TextCorrectedLine lineID="P2_TL00103">
    <OldTextValue>? berg." --ie -\* r-*' v-&gt;v -&gt;-</OldTextValue>
    <NewTextValue>berg."</NewTextValue>
  </TextCorrectedLine>
</TextCorrectedBlock>
<TextCorrectedBlock pageOID="AL19010125.1.2" blockID="P2_TB00011" userID="[redacted]">
  <TextCorrectedLine lineID="P2_TL00093">
    <OldTextValue>ff c 'Princess Alice, who died in 1878, was married in 1862</OldTextValue>
    <NewTextValue>"Princess Alice, who died in 1878, was married in 1862</NewTextValue>
  </TextCorrectedLine>
</TextCorrectedBlock>
<TextCorrectedBlock pageOID="AL19010125.1.2" blockID="P2_TB00012" userID="[redacted]">
  <TextCorrectedLine lineID="P2_TL00137">
    <OldTextValue>retains bis high office. The chief events in the history of</OldTextValue>
    <NewTextValue>retains his high office. The chief events in the history of</NewTextValue>
  </TextCorrectedLine>
</TextCorrectedBlock>
<TextCorrectedBlock pageOID="AL19010125.1.2" blockID="P2_CB00006" userID="[redacted]">
  <TextCorrectedLine lineID="P2_TL00446">
    <OldTextValue>•' "BORN. .</OldTextValue>
    <NewTextValue>BORN. .</NewTextValue>
  </TextCorrectedLine>
  <TextCorrectedLine lineID="P2_TL00447">
    <OldTextValue>FELLMETH— In Jackson, January 18 1001, to</OldTextValue>
    <NewTextValue>FELLMETH— In Jackson, January 18 1901, to</NewTextValue>
  </TextCorrectedLine>
  <TextCorrectedLine lineID="P2_TL00448">
    <OldTextValue>' Mr. and Mrs, Geo 1 . Fellmetn, a son.</OldTextValue>
    <NewTextValue>Mr. and Mrs, Geo. Fellmeth, a son.</NewTextValue>
  </TextCorrectedLine>
  <TextCorrectedLine lineID="P2_TL00450">
    <OldTextValue>: ; Mr. and Mrs.- M. Newman, a son. .: •</OldTextValue>
    <NewTextValue>Mr. and Mrs.  M. Newman, a son.</NewTextValue>
  </TextCorrectedLine>
  <TextCorrectedLine lineID="P2_TL00451">
    <OldTextValue>"■: '.. ...• DIED. . ■ "</OldTextValue>
    <NewTextValue>DIED.</NewTextValue>
  </TextCorrectedLine>
  <TextCorrectedLine lineID="P2_TL00453">
    <OldTextValue>23, 1901, Mrs. Rose Mello/aged about 78 years.</OldTextValue>
    <NewTextValue>23, 1901, Mrs. Rose Mello, aged about 78 years.</NewTextValue>
  </TextCorrectedLine>
  <TextCorrectedLine lineID="P2_TL00454">
    <OldTextValue>1 Found dead in her cabin. BK£ ...</OldTextValue>
    <NewTextValue>Found dead in her cabin.</NewTextValue>
  </TextCorrectedLine>
</TextCorrectedBlock>
<TextCorrectedBlock pageOID="AL19010125.1.2" blockID="P2_CB00006" userID="[redacted]">
  <TextCorrectedLine lineID="P2_TL00467">
    <OldTextValue>- ■ C. DONDERO, Secretary.</OldTextValue>
    <NewTextValue>C. DONDERO, Secretary.</NewTextValue>
  </TextCorrectedLine>
  <TextCorrectedLine lineID="P2_TL00469">
    <OldTextValue>California. . . '. . : jan2std</OldTextValue>
    <NewTextValue>California.              jan25td</NewTextValue>
  </TextCorrectedLine>
</TextCorrectedBlock>
<TextCorrectedBlock pageOID="AL19010125.1.2" blockID="P2_CB00006" userID="[redacted]">
  <TextCorrectedLine lineID="P2_TL00470">
    <OldTextValue>: Notice to Creditors.</OldTextValue>
    <NewTextValue>Notice to Creditors.</NewTextValue>
  </TextCorrectedLine>
  <TextCorrectedLine lineID="P2_TL00471">
    <OldTextValue>ESTATE OP ORSINI TAM, DECEASED. *"/'^ ;</OldTextValue>
    <NewTextValue>ESTATE OF ORSINI TAM, DECEASED.</NewTextValue>
  </TextCorrectedLine>
  <TextCorrectedLine lineID="P2_TL00472">
    <OldTextValue>"VTOTICE IS HEREBY GIVEN BY THE</OldTextValue>
    <NewTextValue>NOTICE IS HEREBY GIVEN BY THE</NewTextValue>
  </TextCorrectedLine>
  <TextCorrectedLine lineID="P2_TL00473">
    <OldTextValue>JL3I undersigned, Win. Tarn and Maria Tarn,</OldTextValue>
    <NewTextValue>undersigned, Win. Tarn and Maria Tarn,</NewTextValue>
  </TextCorrectedLine>
  <TextCorrectedLine lineID="P2_TL00476">
    <OldTextValue>claims against the said deceased/*to exhibit</OldTextValue>
    <NewTextValue>claims against the said deceased, to exhibit</NewTextValue>
  </TextCorrectedLine>
  <TextCorrectedLine lineID="P2_TL00482">
    <OldTextValue>for the transaction of the' business of said es-</OldTextValue>
    <NewTextValue>for the transaction of the business of said es-</NewTextValue>
  </TextCorrectedLine>
  <TextCorrectedLine lineID="P2_TL00484">
    <OldTextValue>Dated, January 11, 1901. -</OldTextValue>
    <NewTextValue>Dated, January 11, 1901.</NewTextValue>
  </TextCorrectedLine>
  <TextCorrectedLine lineID="P2_TL00485">
    <OldTextValue>. - •. &gt;WM, TAM.</OldTextValue>
    <NewTextValue>WM, TAM.</NewTextValue>
  </TextCorrectedLine>
  <TextCorrectedLine lineID="P2_TL00487">
    <OldTextValue>- . Executors of the estate of</OldTextValue>
    <NewTextValue>Executors of the estate of</NewTextValue>
  </TextCorrectedLine>
  <TextCorrectedLine lineID="P2_TL00489">
    <OldTextValue>John. F. Davis, Atty. for Executors. janll-5t</OldTextValue>
    <NewTextValue>John. F. Davis, Atty. for Executors.     jan11-5t</NewTextValue>
  </TextCorrectedLine>
</TextCorrectedBlock>
<TextCorrectedBlock pageOID="AL19010125.1.2" blockID="P2_CB00002" userID="[redacted]">
  <TextCorrectedLine lineID="P2_TL00237">
    <OldTextValue>IlllK lE ?i M •! illDIIII; |</OldTextValue>
    <NewTextValue>THE CLEARANCE SALE GROWS IN STRENGTH</NewTextValue>
  </TextCorrectedLine>
  <TextCorrectedLine lineID="P2_TL00238">
    <OldTextValue>m -31 « - v/E xy m~M%M, 1 CAM 1 \)j %W 1&amp; .mMI Iv l\\y Jl L \|p 4</OldTextValue>
    <NewTextValue>Where Bargains are Thickest</NewTextValue>
  </TextCorrectedLine>
  <TextCorrectedLine lineID="P2_TL00239">
    <OldTextValue>A Crowds Flock Quickest / i</OldTextValue>
    <NewTextValue>Crowds Flock Quickest</NewTextValue>
  </TextCorrectedLine>
  <TextCorrectedLine lineID="P2_TL00240">
    <OldTextValue>nr,K.xv ur cuuksh — ror nownere else are bargains so honestly sold or so truly &lt;</OldTextValue>
    <NewTextValue>HERE OF COURSE — For nownere else are bargains so honestly sold or so truly &lt;</NewTextValue>
  </TextCorrectedLine>
  <TextCorrectedLine lineID="P2_TL00245">
    <OldTextValue>Women's Underwear Crochet Goods Tailor Made Suits * i</OldTextValue>
    <NewTextValue>Women's Underwear     Crochet Goods     Tailor Made Suits</NewTextValue>
  </TextCorrectedLine>
  <TextCorrectedLine lineID="P2_TL00257">
    <OldTextValue>■■——. ; sale price:: — ::....... .;....15c -shoes, steady -and strong, . at the &lt;</OldTextValue>
    <NewTextValue>. ; sale price:: — ::....... .;....15c -shoes, steady -and strong, . at the &lt;</NewTextValue>
  </TextCorrectedLine>
  <TextCorrectedLine lineID="P2_TL00289">
    <OldTextValue>" — — — : — — : ■■ — —I — — "' ' ' • •'"''•''' .'-''.■■ --.J: '. '■ ■ -  \ --j I</OldTextValue>
    <NewTextValue>Redlick's    Standard Goods</NewTextValue>
  </TextCorrectedLine>
  <TextCorrectedLine lineID="P2_TL00290">
    <OldTextValue>profit for. us. • ■ SCTA\tt\ inn r'nfMS - - ' : '</OldTextValue>
    <NewTextValue>A Sale without profit for  us.</NewTextValue>
  </TextCorrectedLine>
  <TextCorrectedLine lineID="P2_TL00291">
    <OldTextValue>JACKSON'S BARGAIN STORE; :?</OldTextValue>
    <NewTextValue>JACKSON'S BARGAIN .</NewTextValue>
  </TextCorrectedLine>
  <TextCorrectedLine lineID="P2_TL00292">
    <OldTextValue>&gt; * •*»' * fftttmniiiHi momVmmm</OldTextValue>
    <NewTextValue></NewTextValue>
  </TextCorrectedLine>
</TextCorrectedBlock>
<TextCorrectedBlock pageOID="AL19010125.1.3" blockID="P3_TB00081" userID="[redacted]">
  <TextCorrectedLine lineID="P3_TL01077">
    <OldTextValue>f CONTINUED FROM LAST WEEK.</OldTextValue>
    <NewTextValue>CONTINUED FROM LAST WEEK.</NewTextValue>
  </TextCorrectedLine>
  <TextCorrectedLine lineID="P3_TL01078">
    <OldTextValue>E.,H. Williams was elected town</OldTextValue>
    <NewTextValue>E. H. Williams was elected town</NewTextValue>
  </TextCorrectedLine>
  <TextCorrectedLine lineID="P3_TL01079">
    <OldTextValue>assessor. He had a carpetitcrshop op</OldTextValue>
    <NewTextValue>assessor. He had a carpentershop on</NewTextValue>
  </TextCorrectedLine>
  <TextCorrectedLine lineID="P3_TL01082">
    <OldTextValue>builder of the American bou%e wliich</OldTextValue>
    <NewTextValue>builder of the American house wliich</NewTextValue>
  </TextCorrectedLine>
  <TextCorrectedLine lineID="P3_TL01083">
    <OldTextValue>stood on the lots now occupied by O. C.</OldTextValue>
    <NewTextValue>stood on the lots now occupied by C. C.</NewTextValue>
  </TextCorrectedLine>
  <TextCorrectedLine lineID="P3_TL01085">
    <OldTextValue>Oneto cottages, ot.l Water, street. All.</OldTextValue>
    <NewTextValue>Oneto cottages, on  Water street. All.</NewTextValue>
  </TextCorrectedLine>
  <TextCorrectedLine lineID="P3_TL01086">
    <OldTextValue>trace of his movemeni in later days is</OldTextValue>
    <NewTextValue>trace of his movement in later days is</NewTextValue>
  </TextCorrectedLine>
  <TextCorrectedLine lineID="P3_TL01089">
    <OldTextValue>shal.'' He left Jackson, with Charles</OldTextValue>
    <NewTextValue>shal.  He left Jackson, with Charles</NewTextValue>
  </TextCorrectedLine>
  <TextCorrectedLine lineID="P3_TL01093">
    <OldTextValue>tbe older settlers further than that.</OldTextValue>
    <NewTextValue>the older settlers further than that.</NewTextValue>
  </TextCorrectedLine>
  <TextCorrectedLine lineID="P3_TL01094">
    <OldTextValue>■Joseph Wlnn, a defeated candidate</OldTextValue>
    <NewTextValue>Joseph Winn, a defeated candidate</NewTextValue>
  </TextCorrectedLine>
  <TextCorrectedLine lineID="P3_TL01096">
    <OldTextValue>.township and while hern followed that</OldTextValue>
    <NewTextValue>township and while here followed that</NewTextValue>
  </TextCorrectedLine>
  <TextCorrectedLine lineID="P3_TL01097">
    <OldTextValue>class of business. Later he was fleeted</OldTextValue>
    <NewTextValue>class of business. Later he was elected</NewTextValue>
  </TextCorrectedLine>
  <TextCorrectedLine lineID="P3_TL01100">
    <OldTextValue>the States.; ' % * • •</OldTextValue>
    <NewTextValue>the States.</NewTextValue>
  </TextCorrectedLine>
  <TextCorrectedLine lineID="P3_TL01101">
    <OldTextValue>| B. 8. -Redhead was also undefeated</OldTextValue>
    <NewTextValue>B. B.Redhead was also undefeated</NewTextValue>
  </TextCorrectedLine>
  <TextCorrectedLine lineID="P3_TL01104">
    <OldTextValue>1863 but died in ntlice from th- effects</OldTextValue>
    <NewTextValue>1863 but died in office the effects</NewTextValue>
  </TextCorrectedLine>
  <TextCorrectedLine lineID="P3_TL01106">
    <OldTextValue>' riot at Fiddletown.' Hi* widow married</OldTextValue>
    <NewTextValue>riot at Fiddletown.   His widow married</NewTextValue>
  </TextCorrectedLine>
  <TextCorrectedLine lineID="P3_TL01108">
    <OldTextValue>Home. —</OldTextValue>
    <NewTextValue>Home.</NewTextValue>
  </TextCorrectedLine>
  <TextCorrectedLine lineID="P3_TL01109">
    <OldTextValue>■■•.I Charles Boynton, tbe clerk of the</OldTextValue>
    <NewTextValue>Charles Boynton, the clerk of the</NewTextValue>
  </TextCorrectedLine>
  <TextCorrectedLine lineID="P3_TL01110">
    <OldTextValue>board of trustee?, I'lyuM'd at ( t.heir tirst</OldTextValue>
    <NewTextValue>board of trustees, I'lyuM'd at ( t.heir tirst</NewTextValue>
  </TextCorrectedLine>
  <TextCorrectedLine lineID="P3_TL01115">
    <OldTextValue>chief mover in the matter of &lt;rettin&lt;j</OldTextValue>
    <NewTextValue>chief mover in the matter of getting</NewTextValue>
  </TextCorrectedLine>
  <TextCorrectedLine lineID="P3_TL01117">
    <OldTextValue>getting the county of Ainador set off</OldTextValue>
    <NewTextValue>getting the county of Amador set off</NewTextValue>
  </TextCorrectedLine>
  <TextCorrectedLine lineID="P3_TL01118">
    <OldTextValue>from Calaveras Territory. WhenCala-</OldTextValue>
    <NewTextValue>from Calaveras Territory. When Cala-</NewTextValue>
  </TextCorrectedLine>
  <TextCorrectedLine lineID="P3_TL01119">
    <OldTextValue>vcras county had its county seat at</OldTextValue>
    <NewTextValue>veras county had its county seat at</NewTextValue>
  </TextCorrectedLine>
  <TextCorrectedLine lineID="P3_TL01122">
    <OldTextValue>what aro now Sao Andreas and Valley</OldTextValue>
    <NewTextValue>what are now San Andreas and Valley</NewTextValue>
  </TextCorrectedLine>
  <TextCorrectedLine lineID="P3_TL01123">
    <OldTextValue>j Springs, Boynton was one of two men</OldTextValue>
    <NewTextValue>Springs, Boynton was one of two men</NewTextValue>
  </TextCorrectedLine>
  <TextCorrectedLine lineID="P3_TL01124">
    <OldTextValue>who went there and purloined . the</OldTextValue>
    <NewTextValue>who went there and purloined  the</NewTextValue>
  </TextCorrectedLine>
  <TextCorrectedLine lineID="P3_TL01129">
    <OldTextValue>a man of much enertry anil ability. In</OldTextValue>
    <NewTextValue>a man of much energy and ability. In</NewTextValue>
  </TextCorrectedLine>
  <TextCorrectedLine lineID="P3_TL01131">
    <OldTextValue>a small paper called the "Owl" tilled</OldTextValue>
    <NewTextValue>a small paper called the "Owl" filled</NewTextValue>
  </TextCorrectedLine>
  <TextCorrectedLine lineID="P3_TL01132">
    <OldTextValue>: with wit and wisdom for the pioneers.</OldTextValue>
    <NewTextValue>with wit and wisdom for the pioneers.</NewTextValue>
  </TextCorrectedLine>
  <TextCorrectedLine lineID="P3_TL01134">
    <OldTextValue>Hill to have it printed and can ied the</OldTextValue>
    <NewTextValue>Hill to have it printed and carried the</NewTextValue>
  </TextCorrectedLine>
  <TextCorrectedLine lineID="P3_TL01136">
    <OldTextValue>tablished tbe "Sentinel' soon after the</OldTextValue>
    <NewTextValue>tablished the "Sentinel' soon after the</NewTextValue>
  </TextCorrectedLine>
  <TextCorrectedLine lineID="P3_TL01137">
    <OldTextValue>organization of the county. lAs the</OldTextValue>
    <NewTextValue>organization of the county. As the</NewTextValue>
  </TextCorrectedLine>
  <TextCorrectedLine lineID="P3_TL01143">
    <OldTextValue>making a business trip in his section of'</OldTextValue>
    <NewTextValue>making a business trip in his section of</NewTextValue>
  </TextCorrectedLine>
</TextCorrectedBlock>
<TextCorrectedBlock pageOID="AL19010125.1.3" blockID="P3_TB00081" userID="[redacted]">
  <TextCorrectedLine lineID="P3_TL01139">
    <OldTextValue>nois with E. C. Webster to pubtish a</OldTextValue>
    <NewTextValue>nois with E. C. Webster to publish a</NewTextValue>
  </TextCorrectedLine>
</TextCorrectedBlock>
<TextCorrectedBlock pageOID="AL19010125.1.3" blockID="P3_TB00081" userID="[redacted]">
  <TextCorrectedLine lineID="P3_TL01151">
    <OldTextValue>-proprietor;" but 16ft' hero very early and</OldTextValue>
    <NewTextValue>proprietor; but  left here very early and</NewTextValue>
  </TextCorrectedLine>
  <TextCorrectedLine lineID="P3_TL01153">
    <OldTextValue>W. .D. Skid inopie:: was agent for</OldTextValue>
    <NewTextValue>W. .D. Skidmore was agent for</NewTextValue>
  </TextCorrectedLine>
  <TextCorrectedLine lineID="P3_TL01157">
    <OldTextValue>cisco. He it was who • married Miss</OldTextValue>
    <NewTextValue>cisco. He it was who  married Miss</NewTextValue>
  </TextCorrectedLine>
  <TextCorrectedLine lineID="P3_TL01158">
    <OldTextValue>Mann, a step-daughter of Win. L.-Me-</OldTextValue>
    <NewTextValue>Mann, a step-daughter of Wm. L.Mc-</NewTextValue>
  </TextCorrectedLine>
  <TextCorrectedLine lineID="P3_TL01159">
    <OldTextValue>Kirn. - - .</OldTextValue>
    <NewTextValue>Kim.</NewTextValue>
  </TextCorrectedLine>
  <TextCorrectedLine lineID="P3_TL01160">
    <OldTextValue>Eric Rossander mined . on Stony</OldTextValue>
    <NewTextValue>Eric Rossander mined on Stony</NewTextValue>
  </TextCorrectedLine>
  <TextCorrectedLine lineID="P3_TL01163">
    <OldTextValue>State. / '</OldTextValue>
    <NewTextValue>State.</NewTextValue>
  </TextCorrectedLine>
</TextCorrectedBlock>
<TextCorrectedBlock pageOID="AL19010125.1.2" blockID="P2_CB00003" userID="[redacted]">
  <TextCorrectedLine lineID="P2_TL00293">
    <OldTextValue>. ORGANIZED AUGUST 31, 1895": ./.!</OldTextValue>
    <NewTextValue>. ORGANIZED AUGUST 31, 1895:</NewTextValue>
  </TextCorrectedLine>
  <TextCorrectedLine lineID="P2_TL00294">
    <OldTextValue>" .{;*•&gt;•■ Will give Its First Annual 5</OldTextValue>
    <NewTextValue>THE JACKSON FIRE COMPANY   Will give Its First Annual</NewTextValue>
  </TextCorrectedLine>
  <TextCorrectedLine lineID="P2_TL00295">
    <OldTextValue>Firemen V Ball</OldTextValue>
    <NewTextValue>Firemen's Ball</NewTextValue>
  </TextCorrectedLine>
  <TextCorrectedLine lineID="P2_TL00296">
    <OldTextValue>, S .* LOVE "HALL"'* at V|| ryTiuriQ niu " !</OldTextValue>
    <NewTextValue>LOVE HALL</NewTextValue>
  </TextCorrectedLine>
  <TextCorrectedLine lineID="P2_TL00297">
    <OldTextValue>. ;V' JACKSON . ul. InLcnllnCo Lfflf • ..* ■:;</OldTextValue>
    <NewTextValue>JACKSON</NewTextValue>
  </TextCorrectedLine>
  <TextCorrectedLine lineID="P2_TL00298">
    <OldTextValue>Ihursday, feuruary 14th. Ill:</OldTextValue>
    <NewTextValue>Thursday, February 14th.</NewTextValue>
  </TextCorrectedLine>
  <TextCorrectedLine lineID="P2_TL00299">
    <OldTextValue>;H ! GENTLEMEN'S TICKET $1.50. *&amp;',</OldTextValue>
    <NewTextValue>GENTLEMEN'S TICKET $1.50.</NewTextValue>
  </TextCorrectedLine>
  <TextCorrectedLine lineID="P2_TL00300">
    <OldTextValue>; Grand March at 9:30 p. m. 4* . i i</OldTextValue>
    <NewTextValue>Grand March at 9:30 p. m.</NewTextValue>
  </TextCorrectedLine>
  <TextCorrectedLine lineID="P2_TL00301">
    <OldTextValue>■''-'■ • •-■■;■-.•■■ . , • ,■■:....;-,,.;.■ .-■■</OldTextValue>
    <NewTextValue>PEEK'S ADDITION</NewTextValue>
  </TextCorrectedLine>
  <TextCorrectedLine lineID="P2_TL00302">
    <OldTextValue>. ... Choice lots in this sightly Addition</OldTextValue>
    <NewTextValue>Choice lots in this sightly Addition</NewTextValue>
  </TextCorrectedLine>
  <TextCorrectedLine lineID="P2_TL00303">
    <OldTextValue>for sale on terms to suit your own ;</OldTextValue>
    <NewTextValue>for sale on terms to suit your own</NewTextValue>
  </TextCorrectedLine>
  <TextCorrectedLine lineID="P2_TL00304">
    <OldTextValue>sack. Buy at once and secure : the •</OldTextValue>
    <NewTextValue>sack. Buy at once and secure   the</NewTextValue>
  </TextCorrectedLine>
  <TextCorrectedLine lineID="P2_TL00305">
    <OldTextValue>best? This is the coming Nob Hill;</OldTextValue>
    <NewTextValue>best. This is the coming Nob Hill;</NewTextValue>
  </TextCorrectedLine>
  <TextCorrectedLine lineID="P2_TL00307">
    <OldTextValue>j W. P. Peek, Owner, Jackson. #?T</OldTextValue>
    <NewTextValue>W. P. Peek, Owner, Jackson.</NewTextValue>
  </TextCorrectedLine>
  <TextCorrectedLine lineID="P2_TL00308">
    <OldTextValue>i - • ■■--.</OldTextValue>
    <NewTextValue></NewTextValue>
  </TextCorrectedLine>
</TextCorrectedBlock>
