<TextCorrectedBlock pageOID="AL19101021.1.3" blockID="P3_CB00004" userID="[redacted]">
  <TextCorrectedLine lineID="P3_TL00028">
    <OldTextValue>Fine urge Sliced Pine Apple* f CSs*</OldTextValue>
    <NewTextValue>Fine arge Sliced Pine Apples 15c</NewTextValue>
  </TextCorrectedLine>
  <TextCorrectedLine lineID="P3_TL00029">
    <OldTextValue>per can * ol -</OldTextValue>
    <NewTextValue>per can</NewTextValue>
  </TextCorrectedLine>
  <TextCorrectedLine lineID="P3_TL00030">
    <OldTextValue>Fancy Ripe Olives. Delicious &lt;&amp; "|</OldTextValue>
    <NewTextValue>Fancy Ripe Olives. Delicious  $1</NewTextValue>
  </TextCorrectedLine>
  <TextCorrectedLine lineID="P3_TL00031">
    <OldTextValue>per gallon H&gt; x</OldTextValue>
    <NewTextValue>per gallon</NewTextValue>
  </TextCorrectedLine>
</TextCorrectedBlock>
<TextCorrectedBlock pageOID="AL19101021.1.3" blockID="P3_CB00005" userID="[redacted]">
  <TextCorrectedLine lineID="P3_TL00038">
    <OldTextValue>VELA &amp; PICCARDO j</OldTextValue>
    <NewTextValue>VELA &amp; PICCARDO</NewTextValue>
  </TextCorrectedLine>
  <TextCorrectedLine lineID="P3_TL00041">
    <OldTextValue>SILVBXC</OldTextValue>
    <NewTextValue>SILVER</NewTextValue>
  </TextCorrectedLine>
  <TextCorrectedLine lineID="P3_TL00045">
    <OldTextValue>. Durability.</OldTextValue>
    <NewTextValue>Durability.</NewTextValue>
  </TextCorrectedLine>
  <TextCorrectedLine lineID="P3_TL00047">
    <OldTextValue>I ,VVe Are Agents</OldTextValue>
    <NewTextValue>We Are Agents</NewTextValue>
  </TextCorrectedLine>
  <TextCorrectedLine lineID="P3_TL00049">
    <OldTextValue>I 1 '</OldTextValue>
    <NewTextValue></NewTextValue>
  </TextCorrectedLine>
  <TextCorrectedLine lineID="P3_TL00050">
    <OldTextValue>. ,„ Watch Our Window v i</OldTextValue>
    <NewTextValue>Watch Our Window</NewTextValue>
  </TextCorrectedLine>
</TextCorrectedBlock>
<TextCorrectedBlock pageOID="AL19101021.1.3" blockID="P3_CB00006" userID="[redacted]">
  <TextCorrectedLine lineID="P3_TL00051">
    <OldTextValue>\ McGARY'S \</OldTextValue>
    <NewTextValue>McGARY'S</NewTextValue>
  </TextCorrectedLine>
  <TextCorrectedLine lineID="P3_TL00052">
    <OldTextValue>PRY GOODS STORE</OldTextValue>
    <NewTextValue>DRY GOODS STORE</NewTextValue>
  </TextCorrectedLine>
  <TextCorrectedLine lineID="P3_TL00053">
    <OldTextValue>§ We Will Fit Every Customer With Beautiful §</OldTextValue>
    <NewTextValue>We Will Fit Every Customer With Beautiful</NewTextValue>
  </TextCorrectedLine>
  <TextCorrectedLine lineID="P3_TL00054">
    <OldTextValue>| Suits, Long Coats i Hats J</OldTextValue>
    <NewTextValue>Suits, Long Coats and Hats</NewTextValue>
  </TextCorrectedLine>
  <TextCorrectedLine lineID="P3_TL00055">
    <OldTextValue>_^- TO MATCH 3</OldTextValue>
    <NewTextValue>TO MATCH</NewTextValue>
  </TextCorrectedLine>
  <TextCorrectedLine lineID="P3_TL00056">
    <OldTextValue>2 We aro filling all the desires of Our patrons no\v,&lt;| 3</OldTextValue>
    <NewTextValue>We are filling all the desires of Our patrons now,</NewTextValue>
  </TextCorrectedLine>
  <TextCorrectedLine lineID="P3_TL00057">
    <OldTextValue>so just get in line ladies and we will treat you 3</OldTextValue>
    <NewTextValue>so just get in line ladies and we will treat you</NewTextValue>
  </TextCorrectedLine>
  <TextCorrectedLine lineID="P3_TL00058">
    <OldTextValue>2 right. We don't want all your money, just part of it 5</OldTextValue>
    <NewTextValue>right. We don't want all your money, just part of it</NewTextValue>
  </TextCorrectedLine>
  <TextCorrectedLine lineID="P3_TL00059">
    <OldTextValue>g Big Time Saturday §</OldTextValue>
    <NewTextValue>Big Time Saturday</NewTextValue>
  </TextCorrectedLine>
  <TextCorrectedLine lineID="P3_TL00060">
    <OldTextValue>§ McGARY'S S</OldTextValue>
    <NewTextValue>McGARY'S</NewTextValue>
  </TextCorrectedLine>
  <TextCorrectedLine lineID="P3_TL00061">
    <OldTextValue>mmmmmmmmmmmmmhmmmmmmmmmmmmik</OldTextValue>
    <NewTextValue></NewTextValue>
  </TextCorrectedLine>
</TextCorrectedBlock>
<TextCorrectedBlock pageOID="AL19101021.1.3" blockID="P3_CB00021" userID="[redacted]">
  <TextCorrectedLine lineID="P3_TL00278">
    <OldTextValue>ischroeder'sl</OldTextValue>
    <NewTextValue>Schroeder's</NewTextValue>
  </TextCorrectedLine>
  <TextCorrectedLine lineID="P3_TL00279">
    <OldTextValue>1 STORE 8</OldTextValue>
    <NewTextValue>STORE</NewTextValue>
  </TextCorrectedLine>
  <TextCorrectedLine lineID="P3_TL00280">
    <OldTextValue>| Supplies Jackson's j|</OldTextValue>
    <NewTextValue>Supplies Jackson's    Bill of Fare</NewTextValue>
  </TextCorrectedLine>
  <TextCorrectedLine lineID="P3_TL00281">
    <OldTextValue>1 We Carry a complete ■</OldTextValue>
    <NewTextValue>We Carry a complete</NewTextValue>
  </TextCorrectedLine>
  <TextCorrectedLine lineID="P3_TL00282">
    <OldTextValue>I line of fancy groceries p</OldTextValue>
    <NewTextValue>line of fancy groceries</NewTextValue>
  </TextCorrectedLine>
  <TextCorrectedLine lineID="P3_TL00283">
    <OldTextValue>| and our prices will be p</OldTextValue>
    <NewTextValue>and our prices will be</NewTextValue>
  </TextCorrectedLine>
  <TextCorrectedLine lineID="P3_TL00284">
    <OldTextValue>I sure to please you. i</OldTextValue>
    <NewTextValue>sure to please you.</NewTextValue>
  </TextCorrectedLine>
  <TextCorrectedLine lineID="P3_TL00285">
    <OldTextValue>W Give us a Trial Order M</OldTextValue>
    <NewTextValue>W Give us a Trial Order</NewTextValue>
  </TextCorrectedLine>
  <TextCorrectedLine lineID="P3_TL00286">
    <OldTextValue>1 TELEPHONE-BLACK 414 M</OldTextValue>
    <NewTextValue>TELEPHONE-BLACK 414</NewTextValue>
  </TextCorrectedLine>
  <TextCorrectedLine lineID="P3_TL00287">
    <OldTextValue>m Orders Promptly Delivered Jp</OldTextValue>
    <NewTextValue>Orders Promptly Delivered</NewTextValue>
  </TextCorrectedLine>
</TextCorrectedBlock>
<TextCorrectedBlock pageOID="AL19101021.1.3" blockID="P3_CB00021" userID="[redacted]">
  <TextCorrectedLine lineID="P3_TL00285">
    <OldTextValue>W Give us a Trial Order</OldTextValue>
    <NewTextValue>Give us a Trial Order</NewTextValue>
  </TextCorrectedLine>
</TextCorrectedBlock>
<TextCorrectedBlock pageOID="AL19101021.1.4" blockID="P4_TB00001" userID="[redacted]">
  <TextCorrectedLine lineID="P4_TL00001">
    <OldTextValue>•yr. I ■'■ .■■•■■■■■■■' • '</OldTextValue>
    <NewTextValue></NewTextValue>
  </TextCorrectedLine>
  <TextCorrectedLine lineID="P4_TL00002">
    <OldTextValue>U £ The Amador City school ;i9 closed</OldTextValue>
    <NewTextValue>The Amador City school is closed</NewTextValue>
  </TextCorrectedLine>
  <TextCorrectedLine lineID="P4_TL00003">
    <OldTextValue>B for 4 jveek or two, on account of the</OldTextValue>
    <NewTextValue>for wveek or two, on account of the</NewTextValue>
  </TextCorrectedLine>
  <TextCorrectedLine lineID="P4_TL00004">
    <OldTextValue>V prevalence of that contagious disease,</OldTextValue>
    <NewTextValue>prevalence of that contagious disease,</NewTextValue>
  </TextCorrectedLine>
  <TextCorrectedLine lineID="P4_TL00005">
    <OldTextValue>Bcariet fever. They are getting along</OldTextValue>
    <NewTextValue>scarlet fever. They are getting along</NewTextValue>
  </TextCorrectedLine>
  <TextCorrectedLine lineID="P4_TL00006">
    <OldTextValue>as well as possible. ,</OldTextValue>
    <NewTextValue>as well as possible.</NewTextValue>
  </TextCorrectedLine>
  <TextCorrectedLine lineID="P4_TL00007">
    <OldTextValue>and Mrs W. H. Williams arrived</OldTextValue>
    <NewTextValue>Mr. and Mrs W. H. Williams arrived</NewTextValue>
  </TextCorrectedLine>
  <TextCorrectedLine lineID="P4_TL00010">
    <OldTextValue>friends. Mr Williams will J return</OldTextValue>
    <NewTextValue>friends. Mr Williams will return</NewTextValue>
  </TextCorrectedLine>
  <TextCorrectedLine lineID="P4_TL00012">
    <OldTextValue>main home until after the holidays.,^</OldTextValue>
    <NewTextValue>main home until after the holidays.</NewTextValue>
  </TextCorrectedLine>
</TextCorrectedBlock>
<TextCorrectedBlock pageOID="AL19101021.1.4" blockID="P4_TB00031" userID="[redacted]">
  <TextCorrectedLine lineID="P4_TL00247">
    <OldTextValue>the guest of Mr« Bayliss C. Clark, for</OldTextValue>
    <NewTextValue>the guest of Mrs Bayliss C. Clark, for</NewTextValue>
  </TextCorrectedLine>
</TextCorrectedBlock>
<TextCorrectedBlock pageOID="AL19101021.1.4" blockID="P4_TB00026" userID="[redacted]">
  <TextCorrectedLine lineID="P4_TL00232">
    <OldTextValue>Stockton. |</OldTextValue>
    <NewTextValue>Stockton.</NewTextValue>
  </TextCorrectedLine>
</TextCorrectedBlock>
<TextCorrectedBlock pageOID="AL19101021.1.4" blockID="P4_TB00025" userID="[redacted]">
  <TextCorrectedLine lineID="P4_TL00229">
    <OldTextValue>streets. , .....,.-.</OldTextValue>
    <NewTextValue>streets.</NewTextValue>
  </TextCorrectedLine>
</TextCorrectedBlock>
<TextCorrectedBlock pageOID="AL19101021.1.4" blockID="P4_TB00011" userID="[redacted]">
  <TextCorrectedLine lineID="P4_TL00084">
    <OldTextValue>John Randolph went to Saoramentp</OldTextValue>
    <NewTextValue>John Randolph went to Sacramento</NewTextValue>
  </TextCorrectedLine>
  <TextCorrectedLine lineID="P4_TL00089">
    <OldTextValue>• Mr and Mrs Leonie Seeley and</OldTextValue>
    <NewTextValue>Mr and Mrs Leonie Seeley and</NewTextValue>
  </TextCorrectedLine>
  <TextCorrectedLine lineID="P4_TL00092">
    <OldTextValue>near Plymouth. / ''•. ,„.,..'.!,.</OldTextValue>
    <NewTextValue>near Plymouth.</NewTextValue>
  </TextCorrectedLine>
  <TextCorrectedLine lineID="P4_TL00093">
    <OldTextValue>■ Dr. Lynch was' .summoned, from</OldTextValue>
    <NewTextValue>Dr. Lynch was summoned from</NewTextValue>
  </TextCorrectedLine>
  <TextCorrectedLine lineID="P4_TL00094">
    <OldTextValue>Amador ! City to, attend to Miss L.</OldTextValue>
    <NewTextValue>Amador  City to, attend to Miss L.</NewTextValue>
  </TextCorrectedLine>
  <TextCorrectedLine lineID="P4_TL00095">
    <OldTextValue>Uhhnger, who is sick. Lizzie and</OldTextValue>
    <NewTextValue>Uhlinger, who is sick. Lizzie and</NewTextValue>
  </TextCorrectedLine>
</TextCorrectedBlock>
<TextCorrectedBlock pageOID="AL19101021.1.4" blockID="P4_CB00005" userID="[redacted]">
  <TextCorrectedLine lineID="P4_TL00593">
    <OldTextValue>Jackson's One-Price Store</OldTextValue>
    <NewTextValue>THE RED FRONT   Jackson's One-Price Store</NewTextValue>
  </TextCorrectedLine>
  <TextCorrectedLine lineID="P4_TL00594">
    <OldTextValue>On ■ October ' sth the Red Front opened one of</OldTextValue>
    <NewTextValue>On October 5th the Red Front opened one of</NewTextValue>
  </TextCorrectedLine>
  <TextCorrectedLine lineID="P4_TL00595">
    <OldTextValue>the- most sensational sales ever heard ol in the his-</OldTextValue>
    <NewTextValue>the most sensational sales ever heard of in the his-</NewTextValue>
  </TextCorrectedLine>
  <TextCorrectedLine lineID="P4_TL00596">
    <OldTextValue>tory of Ahiador county. Our entire stock of new</OldTextValue>
    <NewTextValue>tory of Amador county. Our entire stock of new</NewTextValue>
  </TextCorrectedLine>
</TextCorrectedBlock>
