<TextCorrectedBlock pageOID="AL19041111.1.2" blockID="P2_CB00017" userID="[redacted]">
  <TextCorrectedLine lineID="P2_TL02614">
    <OldTextValue>'tftItitUIMMMtMIMMMM HMI MMM»</OldTextValue>
    <NewTextValue></NewTextValue>
  </TextCorrectedLine>
  <TextCorrectedLine lineID="P2_TL02615">
    <OldTextValue>i: RpilchoC"</OldTextValue>
    <NewTextValue>Brushes</NewTextValue>
  </TextCorrectedLine>
  <TextCorrectedLine lineID="P2_TL02616">
    <OldTextValue>: Ui UOllCOiiiiiiiiiii ::</OldTextValue>
    <NewTextValue></NewTextValue>
  </TextCorrectedLine>
  <TextCorrectedLine lineID="P2_TL02617">
    <OldTextValue>j: FOR THE TEETH - I</OldTextValue>
    <NewTextValue>FOR THE TEETH</NewTextValue>
  </TextCorrectedLine>
  <TextCorrectedLine lineID="P2_TL02618">
    <OldTextValue>I: FOR THE HAIR '\</OldTextValue>
    <NewTextValue>FOR THE HAIR</NewTextValue>
  </TextCorrectedLine>
  <TextCorrectedLine lineID="P2_TL02619">
    <OldTextValue>i: FOR THE HANDS -</OldTextValue>
    <NewTextValue>FOR THE HANDS</NewTextValue>
  </TextCorrectedLine>
  <TextCorrectedLine lineID="P2_TL02620">
    <OldTextValue>]: FOR THE NAILS ;;</OldTextValue>
    <NewTextValue>FOR THE NAILS</NewTextValue>
  </TextCorrectedLine>
  <TextCorrectedLine lineID="P2_TL02621">
    <OldTextValue>j : |ljt FOR TnE CLOTHES ; ;</OldTextValue>
    <NewTextValue>FOR ThE CLOTHES</NewTextValue>
  </TextCorrectedLine>
  <TextCorrectedLine lineID="P2_TL02622">
    <OldTextValue>1 A Large Variety of Styles and Prices. |;</OldTextValue>
    <NewTextValue>A Large Variety of Styles and Prices.</NewTextValue>
  </TextCorrectedLine>
  <TextCorrectedLine lineID="P2_TL02623">
    <OldTextValue>i! EXCELLENT' VALUES v\'\</OldTextValue>
    <NewTextValue>EXCELLENT VALUES</NewTextValue>
  </TextCorrectedLine>
  <TextCorrectedLine lineID="P2_TL02624">
    <OldTextValue>!; ALL OF THEM. GLAD -</OldTextValue>
    <NewTextValue>ALL OF THEM. GLAD -</NewTextValue>
  </TextCorrectedLine>
  <TextCorrectedLine lineID="P2_TL02625">
    <OldTextValue>: : to show them whether .-;• - :</OldTextValue>
    <NewTextValue>to show them whether</NewTextValue>
  </TextCorrectedLine>
  <TextCorrectedLine lineID="P2_TL02626">
    <OldTextValue>; i .-•■; purchase is made or not j ;</OldTextValue>
    <NewTextValue>purchase is made or not</NewTextValue>
  </TextCorrectedLine>
  <TextCorrectedLine lineID="P2_TL02627">
    <OldTextValue>i ; City Pharmacy - Willis H. Boydston, Prop: j !</OldTextValue>
    <NewTextValue>City Pharmacy - Willis H. Boydston, Prop:</NewTextValue>
  </TextCorrectedLine>
  <TextCorrectedLine lineID="P2_TL02628">
    <OldTextValue>•♦M'MMM i</OldTextValue>
    <NewTextValue>GINOCCHIO BRO'S.</NewTextValue>
  </TextCorrectedLine>
  <TextCorrectedLine lineID="P2_TL02629">
    <OldTextValue>W&amp; "%- DEALERS IN !.*•» ||S</OldTextValue>
    <NewTextValue>DEALERS IN</NewTextValue>
  </TextCorrectedLine>
  <TextCorrectedLine lineID="P2_TL02630">
    <OldTextValue>I General Merchandise!</OldTextValue>
    <NewTextValue>General Merchandise!</NewTextValue>
  </TextCorrectedLine>
  <TextCorrectedLine lineID="P2_TL02631">
    <OldTextValue>H Groceries, Furnishing Goods, Shoes, W&gt;</OldTextValue>
    <NewTextValue>Groceries, Furnishing Goods, Shoes,</NewTextValue>
  </TextCorrectedLine>
  <TextCorrectedLine lineID="P2_TL02632">
    <OldTextValue>II jsgfg Boots, Paints, Oils, Varnishes, Mining if</OldTextValue>
    <NewTextValue>Boots, Paints, Oils, Varnishes, Mining</NewTextValue>
  </TextCorrectedLine>
  <TextCorrectedLine lineID="P2_TL02633">
    <OldTextValue>M 'T^ Supplies, Lumber, Hardware, Hay,§|</OldTextValue>
    <NewTextValue>Supplies, Lumber, Hardware, Hay,</NewTextValue>
  </TextCorrectedLine>
  <TextCorrectedLine lineID="P2_TL02634">
    <OldTextValue>M Corner Main and Water St. §§</OldTextValue>
    <NewTextValue>Corner Main and Water St.</NewTextValue>
  </TextCorrectedLine>
  <TextCorrectedLine lineID="P2_TL02635">
    <OldTextValue>m JACKSON - -. •- CALIFORNIA |</OldTextValue>
    <NewTextValue>JACKSON - - - CALIFORNIA</NewTextValue>
  </TextCorrectedLine>
  <TextCorrectedLine lineID="P2_TL02636">
    <OldTextValue>jj» McCALL j». f &gt;m • . , 5</OldTextValue>
    <NewTextValue>McCALL  Bazaar patterns</NewTextValue>
  </TextCorrectedLine>
  <TextCorrectedLine lineID="P2_TL02637">
    <OldTextValue>p— q- LJ. Glavinoyich j</OldTextValue>
    <NewTextValue>L. J. Glavinoyich</NewTextValue>
  </TextCorrectedLine>
  <TextCorrectedLine lineID="P2_TL02638">
    <OldTextValue>• LE ADIJSIG GROCERY STORE J</OldTextValue>
    <NewTextValue>LEADING GROCERY STORE</NewTextValue>
  </TextCorrectedLine>
  <TextCorrectedLine lineID="P2_TL02639">
    <OldTextValue>2 i~ — : ; ■• -.' • - '■ •</OldTextValue>
    <NewTextValue></NewTextValue>
  </TextCorrectedLine>
  <TextCorrectedLine lineID="P2_TL02640">
    <OldTextValue>• L3p!s G roceri es, Dry Goods, : •</OldTextValue>
    <NewTextValue>Groceries, Dry Goods,</NewTextValue>
  </TextCorrectedLine>
  <TextCorrectedLine lineID="P2_TL02641">
    <OldTextValue>Z d Furnishing Goods, Boots, : •</OldTextValue>
    <NewTextValue>Furnishing Goods, Boots,</NewTextValue>
  </TextCorrectedLine>
  <TextCorrectedLine lineID="P2_TL02642">
    <OldTextValue>S a • Shoes, Toilet Articles, •</OldTextValue>
    <NewTextValue>Shoes, Toilet Articles,</NewTextValue>
  </TextCorrectedLine>
  <TextCorrectedLine lineID="P2_TL02643">
    <OldTextValue>S c #•' Hardware, Miners' Sup- •</OldTextValue>
    <NewTextValue>Hardware, Miners' Sup-</NewTextValue>
  </TextCorrectedLine>
  <TextCorrectedLine lineID="P2_TL02644">
    <OldTextValue>S if plies, Hay, Grain, Etc' •</OldTextValue>
    <NewTextValue>plies, Hay, Grain, Etc.</NewTextValue>
  </TextCorrectedLine>
  <TextCorrectedLine lineID="P2_TL02645">
    <OldTextValue>•n ; :</OldTextValue>
    <NewTextValue></NewTextValue>
  </TextCorrectedLine>
  <TextCorrectedLine lineID="P2_TL02646">
    <OldTextValue>2 Cor. Main &amp; Court Streets fj§, _•</OldTextValue>
    <NewTextValue>Cor. Main &amp; Court Streets</NewTextValue>
  </TextCorrectedLine>
  <TextCorrectedLine lineID="P2_TL02647">
    <OldTextValue>S JACKSON - - CAT Mc ° ALL \</OldTextValue>
    <NewTextValue>JACKSON - - CAL.</NewTextValue>
  </TextCorrectedLine>
  <TextCorrectedLine lineID="P2_TL02648">
    <OldTextValue>. UiIA^&amp;UJN, .- - LAL, \BazaarPatternsl</OldTextValue>
    <NewTextValue>McCALL Bazaar Patterns</NewTextValue>
  </TextCorrectedLine>
  <TextCorrectedLine lineID="P2_TL02649">
    <OldTextValue>' -</OldTextValue>
    <NewTextValue></NewTextValue>
  </TextCorrectedLine>
</TextCorrectedBlock>
