<TextCorrectedBlock pageOID="AL19060727.1.3" blockID="P3_TB00038" userID="[redacted]">
  <TextCorrectedLine lineID="P3_TL00255">
    <OldTextValue>York Kancb, started Monday morn-</OldTextValue>
    <NewTextValue>York Ranch, started Monday morn-</NewTextValue>
  </TextCorrectedLine>
  <TextCorrectedLine lineID="P3_TL00256">
    <OldTextValue>ing fur the mouutains. They intend-</OldTextValue>
    <NewTextValue>ing for the mouutains. They intend-</NewTextValue>
  </TextCorrectedLine>
  <TextCorrectedLine lineID="P3_TL00258">
    <OldTextValue>huut, and have a general good time.</OldTextValue>
    <NewTextValue>hunt, and have a general good time.</NewTextValue>
  </TextCorrectedLine>
  <TextCorrectedLine lineID="P3_TL00260">
    <OldTextValue>doing raucu work, aud they will now</OldTextValue>
    <NewTextValue>doing rauch work, aud they will now</NewTextValue>
  </TextCorrectedLine>
  <TextCorrectedLine lineID="P3_TL00262">
    <OldTextValue>party are John Ciiueo, Edmoud</OldTextValue>
    <NewTextValue>party are John Cuneo, Edmoud</NewTextValue>
  </TextCorrectedLine>
</TextCorrectedBlock>
