<TextCorrectedBlock pageOID="AL19071004.1.2" blockID="P2_TB00014" userID="[redacted]">
  <TextCorrectedLine lineID="P2_TL00067">
    <OldTextValue>PIONEEB LADY DIES.</OldTextValue>
    <NewTextValue>PIONEER LADY DIES.</NewTextValue>
  </TextCorrectedLine>
</TextCorrectedBlock>
<TextCorrectedBlock pageOID="AL19071004.1.2" blockID="P2_TB00018" userID="[redacted]">
  <TextCorrectedLine lineID="P2_TL00113">
    <OldTextValue>md leaves two daughters, Mrs Jo*</OldTextValue>
    <NewTextValue>md leaves two daughters, Mrs Joe</NewTextValue>
  </TextCorrectedLine>
  <TextCorrectedLine lineID="P2_TL00117">
    <OldTextValue>tfternoou at threo o'clock from Joe</OldTextValue>
    <NewTextValue>tfternoou at three o'clock from Joe</NewTextValue>
  </TextCorrectedLine>
  <TextCorrectedLine lineID="P2_TL00118">
    <OldTextValue>Oarbaiini's, interment nt the Catholic</OldTextValue>
    <NewTextValue>Garbarini's, interment at the Catholic</NewTextValue>
  </TextCorrectedLine>
</TextCorrectedBlock>
<TextCorrectedBlock pageOID="AL19071004.1.2" blockID="P2_TB00018" userID="[redacted]">
  <TextCorrectedLine lineID="P2_TL00110">
    <OldTextValue>Garbarini, after a prolonged ciege of</OldTextValue>
    <NewTextValue>Garbarini, after a prolonged siege of</NewTextValue>
  </TextCorrectedLine>
  <TextCorrectedLine lineID="P2_TL00113">
    <OldTextValue>md leaves two daughters, Mrs Joe</OldTextValue>
    <NewTextValue>and leaves two daughters, Mrs Joe</NewTextValue>
  </TextCorrectedLine>
  <TextCorrectedLine lineID="P2_TL00115">
    <OldTextValue>ono son Tom, to mourn her loss.</OldTextValue>
    <NewTextValue>one son Tom, to mourn her loss.</NewTextValue>
  </TextCorrectedLine>
  <TextCorrectedLine lineID="P2_TL00117">
    <OldTextValue>tfternoou at three o'clock from Joe</OldTextValue>
    <NewTextValue>afternoon at three o'clock from Joe</NewTextValue>
  </TextCorrectedLine>
</TextCorrectedBlock>
