<TextCorrectedBlock pageOID="AL19110908.1.1" blockID="P1_CB00001" userID="[redacted]">
  <TextCorrectedLine lineID="P1_TL00587">
    <OldTextValue>UTM, O. SNVDKIt,</OldTextValue>
    <NewTextValue>Wm. G. SNYDER</NewTextValue>
  </TextCorrectedLine>
  <TextCorrectedLine lineID="P1_TL00588">
    <OldTextValue>Attnrney-At-Lnw,</OldTextValue>
    <NewTextValue>Attorney-At-Law,</NewTextValue>
  </TextCorrectedLine>
  <TextCorrectedLine lineID="P1_TL00591">
    <OldTextValue>Will practice In all tho courts of tho state, f e</OldTextValue>
    <NewTextValue>Will practice in all the courts of the state</NewTextValue>
  </TextCorrectedLine>
  <TextCorrectedLine lineID="P1_TL00592">
    <OldTextValue>I" AW T. FREITAS</OldTextValue>
    <NewTextValue>LAW T. FREITAS</NewTextValue>
  </TextCorrectedLine>
  <TextCorrectedLine lineID="P1_TL00593">
    <OldTextValue>Attiiriioy-Hl-I.uw</OldTextValue>
    <NewTextValue>Attorney-at-Law</NewTextValue>
  </TextCorrectedLine>
  <TextCorrectedLine lineID="P1_TL00594">
    <OldTextValue>Speclaltv-r-Cominercial law and colcc-</OldTextValue>
    <NewTextValue>Speclalty- Cominercial law and colec-</NewTextValue>
  </TextCorrectedLine>
  <TextCorrectedLine lineID="P1_TL00595">
    <OldTextValue>lions.</OldTextValue>
    <NewTextValue>tions.</NewTextValue>
  </TextCorrectedLine>
  <TextCorrectedLine lineID="P1_TL00597">
    <OldTextValue>■ chant's Association.</OldTextValue>
    <NewTextValue>chant's Association.</NewTextValue>
  </TextCorrectedLine>
  <TextCorrectedLine lineID="P1_TL00598">
    <OldTextValue>Suit No 210, Savings &amp; Loan Bank Bid j?</OldTextValue>
    <NewTextValue>Suit No 210, Savings &amp; Loan Bank Bldg</NewTextValue>
  </TextCorrectedLine>
  <TextCorrectedLine lineID="P1_TL00599">
    <OldTextValue>ocl STOCKTON. CAL. %-</OldTextValue>
    <NewTextValue>STOCKTON. CAL.</NewTextValue>
  </TextCorrectedLine>
  <TextCorrectedLine lineID="P1_TL00601">
    <OldTextValue>T7I E. KNDICOTT, M. D.</OldTextValue>
    <NewTextValue>E. E.  KNDICOTT, M. D.</NewTextValue>
  </TextCorrectedLine>
  <TextCorrectedLine lineID="P1_TL00602">
    <OldTextValue>Physician iiml Surgeon</OldTextValue>
    <NewTextValue>Physician and Surgeon</NewTextValue>
  </TextCorrectedLine>
  <TextCorrectedLine lineID="P1_TL00604">
    <OldTextValue>■ onioe: Webb building. All oalis promptly</OldTextValue>
    <NewTextValue>office: Webb building. All calls promptly</NewTextValue>
  </TextCorrectedLine>
  <TextCorrectedLine lineID="P1_TL00605">
    <OldTextValue>attendod to at all times</OldTextValue>
    <NewTextValue>attended to at all times</NewTextValue>
  </TextCorrectedLine>
  <TextCorrectedLine lineID="P1_TL00606">
    <OldTextValue>pkK. A. SI. UALL</OldTextValue>
    <NewTextValue>Dr. A. M. Gall</NewTextValue>
  </TextCorrectedLine>
  <TextCorrectedLine lineID="P1_TL00607">
    <OldTextValue>Physlclxn and Surgeon</OldTextValue>
    <NewTextValue>Physician and Surgeon</NewTextValue>
  </TextCorrectedLine>
  <TextCorrectedLine lineID="P1_TL00609">
    <OldTextValue>Office In Marelia building. Main Street.</OldTextValue>
    <NewTextValue>Office in Marelia building. Main Street.</NewTextValue>
  </TextCorrectedLine>
  <TextCorrectedLine lineID="P1_TL00610">
    <OldTextValue>J Alt. BLAKE FRANKLIN</OldTextValue>
    <NewTextValue>Dr.. BLAKE FRANKLIN</NewTextValue>
  </TextCorrectedLine>
  <TextCorrectedLine lineID="P1_TL00611">
    <OldTextValue>• iv^,; PHYSICIAN and SHIMiKOX</OldTextValue>
    <NewTextValue>PHYSICIAN and SURGEON</NewTextValue>
  </TextCorrectedLine>
  <TextCorrectedLine lineID="P1_TL00612">
    <OldTextValue>Office Kay Building ( 2 to 4 p. m.</OldTextValue>
    <NewTextValue>Office Kay Building  2 to 4 p. m.</NewTextValue>
  </TextCorrectedLine>
  <TextCorrectedLine lineID="P1_TL00613">
    <OldTextValue>Hours: j 7to 8 p. ra..</OldTextValue>
    <NewTextValue>Hours:  7 to 8 p. m.</NewTextValue>
  </TextCorrectedLine>
  <TextCorrectedLine lineID="P1_TL00614">
    <OldTextValue>■ Residence: 64 Water street.</OldTextValue>
    <NewTextValue>Residence: 54 Water street.</NewTextValue>
  </TextCorrectedLine>
  <TextCorrectedLine lineID="P1_TL00617">
    <OldTextValue>DIS. L. G. LYNCH</OldTextValue>
    <NewTextValue>DR. L. G. LYNCH</NewTextValue>
  </TextCorrectedLine>
  <TextCorrectedLine lineID="P1_TL00618">
    <OldTextValue>'•.■',•■'•■.'</OldTextValue>
    <NewTextValue></NewTextValue>
  </TextCorrectedLine>
  <TextCorrectedLine lineID="P1_TL00619">
    <OldTextValue>j Physician and Surgeon</OldTextValue>
    <NewTextValue>Physician and Surgeon</NewTextValue>
  </TextCorrectedLine>
  <TextCorrectedLine lineID="P1_TL00623">
    <OldTextValue>r&gt; F, WALKER, Itt. D. - .</OldTextValue>
    <NewTextValue>B. F, WALKER, M. D.</NewTextValue>
  </TextCorrectedLine>
  <TextCorrectedLine lineID="P1_TL00626">
    <OldTextValue>'Offlße— ELK'S BUILDING,</OldTextValue>
    <NewTextValue>Office — ELK'S BUILDING,</NewTextValue>
  </TextCorrectedLine>
  <TextCorrectedLine lineID="P1_TL00627">
    <OldTextValue>STOCKTON, OAl; iy3i</OldTextValue>
    <NewTextValue>STOCKTON, CAL.</NewTextValue>
  </TextCorrectedLine>
  <TextCorrectedLine lineID="P1_TL00631">
    <OldTextValue>BARTON J. POWELL, M. D.'</OldTextValue>
    <NewTextValue>BARTON J. POWELL, M. D.</NewTextValue>
  </TextCorrectedLine>
  <TextCorrectedLine lineID="P1_TL00633">
    <OldTextValue>Physicians Building '£ .«V&gt; Stockton Calif.,</OldTextValue>
    <NewTextValue>Physicians Building     Stockton Calif.,</NewTextValue>
  </TextCorrectedLine>
  <TextCorrectedLine lineID="P1_TL00634">
    <OldTextValue>P\ x\ DENTISTS.</OldTextValue>
    <NewTextValue>DENTISTS.</NewTextValue>
  </TextCorrectedLine>
  <TextCorrectedLine lineID="P1_TL00635">
    <OldTextValue>TT\U. JOHN A. DELUCCHI</OldTextValue>
    <NewTextValue>DR. JOHN A. DELUCCHI</NewTextValue>
  </TextCorrectedLine>
  <TextCorrectedLine lineID="P1_TL00638">
    <OldTextValue>'Op'KICK Hours:— From 9 a ra. to 5 p. m</OldTextValue>
    <NewTextValue>OFFICE Hours:— From 9 a m. to 5 p. m</NewTextValue>
  </TextCorrectedLine>
</TextCorrectedBlock>
