<TextCorrectedBlock pageOID="AL19090319.1.1" blockID="P1_TB00031" userID="[redacted]">
  <TextCorrectedLine lineID="P1_TL00467">
    <OldTextValue>(Jets Eiahteen Months In San Quen.</OldTextValue>
    <NewTextValue>Gets Eighteen Months In San Quen-</NewTextValue>
  </TextCorrectedLine>
</TextCorrectedBlock>
<TextCorrectedBlock pageOID="AL19090319.1.1" blockID="P1_TB00021" userID="[redacted]">
  <TextCorrectedLine lineID="P1_TL00199">
    <OldTextValue>On Saturday tbe district attornoy</OldTextValue>
    <NewTextValue>On Saturday the district attorney</NewTextValue>
  </TextCorrectedLine>
  <TextCorrectedLine lineID="P1_TL00200">
    <OldTextValue>with the cashinr, P. Dabovicb, on</OldTextValue>
    <NewTextValue>with the cashier, P. Dabovich, on</NewTextValue>
  </TextCorrectedLine>
  <TextCorrectedLine lineID="P1_TL00201">
    <OldTextValue>tbe stand, endeavored to Introduce a</OldTextValue>
    <NewTextValue>the stand, endeavored to introduce a</NewTextValue>
  </TextCorrectedLine>
  <TextCorrectedLine lineID="P1_TL00202">
    <OldTextValue>note signed by defendant, tor 8150 C,</OldTextValue>
    <NewTextValue>note signed by defendant, tor $1500,</NewTextValue>
  </TextCorrectedLine>
  <TextCorrectedLine lineID="P1_TL00203">
    <OldTextValue>whU;h whh found among the assets of</OldTextValue>
    <NewTextValue>which was found among the assets of</NewTextValue>
  </TextCorrectedLine>
  <TextCorrectedLine lineID="P1_TL00204">
    <OldTextValue>tbe bank, for the purposo of showing</OldTextValue>
    <NewTextValue>the bank, for the purpose of showing</NewTextValue>
  </TextCorrectedLine>
  <TextCorrectedLine lineID="P1_TL00205">
    <OldTextValue>tbat defendant was indebted to the</OldTextValue>
    <NewTextValue>that defendant was indebted to the</NewTextValue>
  </TextCorrectedLine>
  <TextCorrectedLine lineID="P1_TL00208">
    <OldTextValue>tbe witness was unable to lind any</OldTextValue>
    <NewTextValue>the witness was unable to find any</NewTextValue>
  </TextCorrectedLine>
  <TextCorrectedLine lineID="P1_TL00209">
    <OldTextValue>entry in tbe books of tbe bank In re-</OldTextValue>
    <NewTextValue>entry in the books of the bank in re-</NewTextValue>
  </TextCorrectedLine>
  <TextCorrectedLine lineID="P1_TL00210">
    <OldTextValue>lation this note, tbe oourt adjourned</OldTextValue>
    <NewTextValue>lation this note, the oourt adjourned</NewTextValue>
  </TextCorrectedLine>
  <TextCorrectedLine lineID="P1_TL00211">
    <OldTextValue>until Monday, so that tbo prosecu-</OldTextValue>
    <NewTextValue>until Monday, so that the prosecu-</NewTextValue>
  </TextCorrectedLine>
  <TextCorrectedLine lineID="P1_TL00215">
    <OldTextValue>entry was mode of a note on' August</OldTextValue>
    <NewTextValue>entry was mode of a note on  August</NewTextValue>
  </TextCorrectedLine>
  <TextCorrectedLine lineID="P1_TL00216">
    <OldTextValue>1; 1907, for 87500 given by A. Klls-</OldTextValue>
    <NewTextValue>1; 1907, for $7500 given by A. Ells-</NewTextValue>
  </TextCorrectedLine>
  <TextCorrectedLine lineID="P1_TL00218">
    <OldTextValue>note way placed .in the bank, and</OldTextValue>
    <NewTextValue>note way placed in the bank, and</NewTextValue>
  </TextCorrectedLine>
  <TextCorrectedLine lineID="P1_TL00219">
    <OldTextValue>other Bu'juriUes taken out, tho de-</OldTextValue>
    <NewTextValue>other securities taken out, the de-</NewTextValue>
  </TextCorrectedLine>
  <TextCorrectedLine lineID="P1_TL00221">
    <OldTextValue>Defendant handed it to him hh cash-</OldTextValue>
    <NewTextValue>Defendant handed it to him as cash-</NewTextValue>
  </TextCorrectedLine>
  <TextCorrectedLine lineID="P1_TL00223">
    <OldTextValue>an when leoeivcd. Note admitted. -</OldTextValue>
    <NewTextValue>as when received. Note admitted.</NewTextValue>
  </TextCorrectedLine>
  <TextCorrectedLine lineID="P1_TL00226">
    <OldTextValue>whs not charged with tins ..note.</OldTextValue>
    <NewTextValue>was not charged with this note.</NewTextValue>
  </TextCorrectedLine>
  <TextCorrectedLine lineID="P1_TL00228">
    <OldTextValue>salaries paid to employe, but entered</OldTextValue>
    <NewTextValue>salaries paid to employes, but entered</NewTextValue>
  </TextCorrectedLine>
  <TextCorrectedLine lineID="P1_TL00229">
    <OldTextValue>every payment on this account' in</OldTextValue>
    <NewTextValue>every payment on this account in</NewTextValue>
  </TextCorrectedLine>
  <TextCorrectedLine lineID="P1_TL00230">
    <OldTextValue>mini! book. The transfer may* have</OldTextValue>
    <NewTextValue>cash book. The transfer may have</NewTextValue>
  </TextCorrectedLine>
  <TextCorrectedLine lineID="P1_TL00231">
    <OldTextValue>boon made at the instance and sug-</OldTextValue>
    <NewTextValue>been made at the instance and sug-</NewTextValue>
  </TextCorrectedLine>
  <TextCorrectedLine lineID="P1_TL00233">
    <OldTextValue>It was due one yoar atter date; : did</OldTextValue>
    <NewTextValue>It was due one year atter date;   did</NewTextValue>
  </TextCorrectedLine>
  <TextCorrectedLine lineID="P1_TL00234">
    <OldTextValue>□ot know whether tbe maker, A.</OldTextValue>
    <NewTextValue>not know whether the maker, A.</NewTextValue>
  </TextCorrectedLine>
  <TextCorrectedLine lineID="P1_TL00237">
    <OldTextValue>dorsement ''was made. Defendant</OldTextValue>
    <NewTextValue>dorsement was made. Defendant</NewTextValue>
  </TextCorrectedLine>
  <TextCorrectedLine lineID="P1_TL00238">
    <OldTextValue>never promised to pay tbe note before</OldTextValue>
    <NewTextValue>never promised to pay the note before</NewTextValue>
  </TextCorrectedLine>
</TextCorrectedBlock>
