<TextCorrectedBlock pageOID="AL19020829.1.1" blockID="P1_CB00001" userID="[redacted]">
  <TextCorrectedLine lineID="P1_TL00702">
    <OldTextValue>j| plif! mc klu rKuli l #</OldTextValue>
    <NewTextValue>THE RED FRONT</NewTextValue>
  </TextCorrectedLine>
  <TextCorrectedLine lineID="P1_TL00703">
    <OldTextValue>g Cheapest Drygoods Store \. \W</OldTextValue>
    <NewTextValue>Jackson's Cheapest Drygoods Store</NewTextValue>
  </TextCorrectedLine>
  <TextCorrectedLine lineID="P1_TL00704">
    <OldTextValue>| GET READY FOR THE NINTH. |</OldTextValue>
    <NewTextValue>GET READY FOR THE NINTH.</NewTextValue>
  </TextCorrectedLine>
  <TextCorrectedLine lineID="P1_TL00705">
    <OldTextValue>jttjj We aro prepared to meet any demand for anything that pertains to the numerous lines we handle; !'JfeT' ;</OldTextValue>
    <NewTextValue>We are prepared to meet any demand for anything that pertains to the numerous lines we handle;</NewTextValue>
  </TextCorrectedLine>
  <TextCorrectedLine lineID="P1_TL00706">
    <OldTextValue>IH but special efforts havo been made to improve our clothing department, so as to get it above any competi- ' HS-</OldTextValue>
    <NewTextValue>but special efforts have been made to improve our clothing department, so as to get it above any competi-</NewTextValue>
  </TextCorrectedLine>
  <TextCorrectedLine lineID="P1_TL00707">
    <OldTextValue>X 2 ©!' tion. We have on hand a large assortment of men's, youth's and children's clothing; all the season's IBS.</OldTextValue>
    <NewTextValue>tion. We have on hand a large assortment of men's, youth's and children's clothing; all the season's IBS.</NewTextValue>
  </TextCorrectedLine>
  <TextCorrectedLine lineID="P1_TL00708">
    <OldTextValue>jjXj|i[ latest productions. . • ' ,', ' &lt; fifcf</OldTextValue>
    <NewTextValue>latest productions. .</NewTextValue>
  </TextCorrectedLine>
  <TextCorrectedLine lineID="P1_TL00709">
    <OldTextValue>fflj Their qualities are high---Their prices are low. §§</OldTextValue>
    <NewTextValue>Their qualities are high---Their prices are low.</NewTextValue>
  </TextCorrectedLine>
  <TextCorrectedLine lineID="P1_TL00711">
    <OldTextValue>ZZj long arms, stout men with short arms as well as men of regular build. Ibs?</OldTextValue>
    <NewTextValue>long arms, stout men with short arms as well as men of regular build. Ibs?</NewTextValue>
  </TextCorrectedLine>
  <TextCorrectedLine lineID="P1_TL00712">
    <OldTextValue>|^ Note the following items. Thereare but a fewi |gj</OldTextValue>
    <NewTextValue>Note the following items. Thereare but a few.</NewTextValue>
  </TextCorrectedLine>
  <TextCorrectedLine lineID="P1_TL00713">
    <OldTextValue>Men's Business Suits $2.95 Youth's Suits $3.45 §</OldTextValue>
    <NewTextValue>Men's Business Suits $2.95 Youth's Suits $3.45</NewTextValue>
  </TextCorrectedLine>
  <TextCorrectedLine lineID="P1_TL00714">
    <OldTextValue>f| Gray; round cut; well tailored. A value&gt; Good material; nice j:R:</OldTextValue>
    <NewTextValue>Gray; round cut; well tailored. A value&gt; Good material; nice</NewTextValue>
  </TextCorrectedLine>
  <TextCorrectedLine lineID="P1_TL00715">
    <OldTextValue>f| Men's Dress Suits $6.95 ThJ early buyer gets the choice/ 'M</OldTextValue>
    <NewTextValue>Men's Dress Suits $6.95 ThJ early buyer gets the choice</NewTextValue>
  </TextCorrectedLine>
  <TextCorrectedLine lineID="P1_TL00716">
    <OldTextValue>HI Black or blue serge, round cut, well . ■ ; j||</OldTextValue>
    <NewTextValue>Black or blue serge, round cut, well .</NewTextValue>
  </TextCorrectedLine>
  <TextCorrectedLine lineID="P1_TL00717">
    <OldTextValue>g finished; regular price $12.50. c.. C 1 -- &gt;W</OldTextValue>
    <NewTextValue>finished; regular price $12.50.</NewTextValue>
  </TextCorrectedLine>
  <TextCorrectedLine lineID="P1_TL00718">
    <OldTextValue>m — Children s Suits $125 m</OldTextValue>
    <NewTextValue>— Children s Suits $125</NewTextValue>
  </TextCorrectedLine>
  <TextCorrectedLine lineID="P1_TL00719">
    <OldTextValue>tx ftlen S 3&gt;Z.UU trousers $1.25 Gray; 3 pieces; regular price $2.00. i ; g|.</OldTextValue>
    <NewTextValue>Men's $2.00 trousers $1.25 Gray; 3 pieces; regular price $2.00. i ; g|.</NewTextValue>
  </TextCorrectedLine>
  <TextCorrectedLine lineID="P1_TL00720">
    <OldTextValue>|p Dark or light colors; good for every ■ • ,Wi</OldTextValue>
    <NewTextValue>Dark or light colors; good for every</NewTextValue>
  </TextCorrectedLine>
  <TextCorrectedLine lineID="P1_TL00721">
    <OldTextValue>m day use. , . I;^</OldTextValue>
    <NewTextValue>day use.</NewTextValue>
  </TextCorrectedLine>
  <TextCorrectedLine lineID="P1_TL00722">
    <OldTextValue>if Children s Suits, high grade &lt;m</OldTextValue>
    <NewTextValue>Children s Suits, high grade</NewTextValue>
  </TextCorrectedLine>
  <TextCorrectedLine lineID="P1_TL00723">
    <OldTextValue>j| Men's $5 Dress Trousers $2.95 $1.95 jg</OldTextValue>
    <NewTextValue>Men's $5 Dress Trousers $2.95 $1.95</NewTextValue>
  </TextCorrectedLine>
  <TextCorrectedLine lineID="P1_TL00724">
    <OldTextValue>£$ Plain or striped; light or dark. Navy blue; 3 pieces; regular price $3.50 es</OldTextValue>
    <NewTextValue>Plain or striped; light or dark. Navy blue; 3 pieces; regular price $3.50 es</NewTextValue>
  </TextCorrectedLine>
</TextCorrectedBlock>
<TextCorrectedBlock pageOID="AL19020829.1.2" blockID="P2_TB00048" userID="[redacted]">
  <TextCorrectedLine lineID="P2_TL00804">
    <OldTextValue>.Vv .-. : Without a Scratch.</OldTextValue>
    <NewTextValue>Without a Scratch.</NewTextValue>
  </TextCorrectedLine>
</TextCorrectedBlock>
<TextCorrectedBlock pageOID="AL19020829.1.2" blockID="P2_TB00042" userID="[redacted]">
  <TextCorrectedLine lineID="P2_TL00504">
    <OldTextValue>nomination of a full got of county of-</OldTextValue>
    <NewTextValue>nomination of a full set of county of-</NewTextValue>
  </TextCorrectedLine>
  <TextCorrectedLine lineID="P2_TL00514">
    <OldTextValue>disappointed. One of tbe tamest and</OldTextValue>
    <NewTextValue>disappointed. One of the tamest and</NewTextValue>
  </TextCorrectedLine>
  <TextCorrectedLine lineID="P2_TL00515">
    <OldTextValue>least-rußled gatherings, from surface</OldTextValue>
    <NewTextValue>least-ruffled gatherings, from surface</NewTextValue>
  </TextCorrectedLine>
</TextCorrectedBlock>
