<TextCorrectedBlock pageOID="AL19020425.1.2" blockID="P2_CB00002" userID="[redacted]">
  <TextCorrectedLine lineID="P2_TL00443">
    <OldTextValue>; .Noq:icß</OldTextValue>
    <NewTextValue>NOTICE  for</NewTextValue>
  </TextCorrectedLine>
  <TextCorrectedLine lineID="P2_TL00446">
    <OldTextValue>* *</OldTextValue>
    <NewTextValue></NewTextValue>
  </TextCorrectedLine>
  <TextCorrectedLine lineID="P2_TL00447">
    <OldTextValue>THE CLERK OF THE BOARD OF SDP-</OldTextValue>
    <NewTextValue>THE CLERK OF THE BOARD OF SUP-</NewTextValue>
  </TextCorrectedLine>
  <TextCorrectedLine lineID="P2_TL00452">
    <OldTextValue>Flour, Peerless, best familj. M r bbl.</OldTextValue>
    <NewTextValue>Flour, Peerless, best family. per bbl.</NewTextValue>
  </TextCorrectedLine>
  <TextCorrectedLine lineID="P2_TL00454">
    <OldTextValue>Oatmeal, per SS lb. sack.</OldTextValue>
    <NewTextValue>Oatmeal, per 25 lb. sack.</NewTextValue>
  </TextCorrectedLine>
  <TextCorrectedLine lineID="P2_TL00458">
    <OldTextValue>Costa Rioa coffee per lb. ""•"»•</OldTextValue>
    <NewTextValue>Costa Rioa coffee per lb.</NewTextValue>
  </TextCorrectedLine>
  <TextCorrectedLine lineID="P2_TL00459">
    <OldTextValue>Japan Tea per box *M lbs.</OldTextValue>
    <NewTextValue>Japan Tea per box 4-1/2 lbs.</NewTextValue>
  </TextCorrectedLine>
  <TextCorrectedLine lineID="P2_TL00460">
    <OldTextValue>English breakfast tea I lb. box.</OldTextValue>
    <NewTextValue>English breakfast tea3I lb. box.</NewTextValue>
  </TextCorrectedLine>
  <TextCorrectedLine lineID="P2_TL00464">
    <OldTextValue>Butter per lb, in roUoV aqoare™</OldTextValue>
    <NewTextValue>Butter per lb, in roll or squares,</NewTextValue>
  </TextCorrectedLine>
</TextCorrectedBlock>
<TextCorrectedBlock pageOID="AL19020425.1.2" blockID="P2_CB00001" userID="[redacted]">
  <TextCorrectedLine lineID="P2_TL00399">
    <OldTextValue>E. MARRE &lt;&amp; BRO.</OldTextValue>
    <NewTextValue>E. MARRE &amp; BRO.</NewTextValue>
  </TextCorrectedLine>
  <TextCorrectedLine lineID="P2_TL00400">
    <OldTextValue>.. Wholesale Dealers and Jobbers</OldTextValue>
    <NewTextValue>Wholesale Dealers and Jobbers</NewTextValue>
  </TextCorrectedLine>
  <TextCorrectedLine lineID="P2_TL00401">
    <OldTextValue>-- in Imported and Domestic •'■.■;</OldTextValue>
    <NewTextValue>in Imported and Domestic</NewTextValue>
  </TextCorrectedLine>
  <TextCorrectedLine lineID="P2_TL00402">
    <OldTextValue>Wines4iquors*Cigars</OldTextValue>
    <NewTextValue>Wines *  Liquors *  Cigars</NewTextValue>
  </TextCorrectedLine>
  <TextCorrectedLine lineID="P2_TL00414">
    <OldTextValue>Brewery Company, Rochester, N. V., Knicker-</OldTextValue>
    <NewTextValue>Brewery Company, Rochester, N. Y., Knicker-</NewTextValue>
  </TextCorrectedLine>
  <TextCorrectedLine lineID="P2_TL00416">
    <OldTextValue>Stout and B,ass* Ale (bottled by Read Bros.,</OldTextValue>
    <NewTextValue>Stout and Bass' Ale (bottled by Read Bros.,</NewTextValue>
  </TextCorrectedLine>
  <TextCorrectedLine lineID="P2_TL00418">
    <OldTextValue>*•«;■ Naglee Brandy; Relmported Amerloan</OldTextValue>
    <NewTextValue>Naglee Brandy; Reimported Amerloan</NewTextValue>
  </TextCorrectedLine>
  <TextCorrectedLine lineID="P2_TL00419">
    <OldTextValue>- ___ ___</OldTextValue>
    <NewTextValue></NewTextValue>
  </TextCorrectedLine>
  <TextCorrectedLine lineID="P2_TL00420">
    <OldTextValue>•••••••••••••••••••••••••a</OldTextValue>
    <NewTextValue></NewTextValue>
  </TextCorrectedLine>
  <TextCorrectedLine lineID="P2_TL00421">
    <OldTextValue>Si{M!'?si!!lm'^jmi?iL^,mj!i!? *JX!J!i? *■*</OldTextValue>
    <NewTextValue></NewTextValue>
  </TextCorrectedLine>
  <TextCorrectedLine lineID="P2_TL00422">
    <OldTextValue>: up-to-date 5</OldTextValue>
    <NewTextValue>up-to-date</NewTextValue>
  </TextCorrectedLine>
  <TextCorrectedLine lineID="P2_TL00423">
    <OldTextValue>: Stationery :</OldTextValue>
    <NewTextValue>Stationery   and</NewTextValue>
  </TextCorrectedLine>
  <TextCorrectedLine lineID="P2_TL00424">
    <OldTextValue>: Novelties :</OldTextValue>
    <NewTextValue>Novelties</NewTextValue>
  </TextCorrectedLine>
  <TextCorrectedLine lineID="P2_TL00425">
    <OldTextValue>lAT RIGHT PRICES £</OldTextValue>
    <NewTextValue>AT RIGHT PRICES</NewTextValue>
  </TextCorrectedLine>
  <TextCorrectedLine lineID="P2_TL00426">
    <OldTextValue>| FREEMAN'S f IRIETY STORE {</OldTextValue>
    <NewTextValue>FREEMAN'S VARIETY STORE</NewTextValue>
  </TextCorrectedLine>
  <TextCorrectedLine lineID="P2_TL00427">
    <OldTextValue>I nllff £?ii*u,?y,j!!!?y,?** ffJT.* Timffi!* *■ *</OldTextValue>
    <NewTextValue></NewTextValue>
  </TextCorrectedLine>
  <TextCorrectedLine lineID="P2_TL00428">
    <OldTextValue>•••••••••••••••••••••••a**</OldTextValue>
    <NewTextValue>SACRAMENTO STREET-FAIR</NewTextValue>
  </TextCorrectedLine>
  <TextCorrectedLine lineID="P2_TL00429">
    <OldTextValue>•••••••••••••••••••••••••a</OldTextValue>
    <NewTextValue>AND TRADES</NewTextValue>
  </TextCorrectedLine>
  <TextCorrectedLine lineID="P2_TL00430">
    <OldTextValue>JgL HfEUIIIfC</OldTextValue>
    <NewTextValue>CARNIVAL</NewTextValue>
  </TextCorrectedLine>
  <TextCorrectedLine lineID="P2_TL00431">
    <OldTextValue>May J2th to May J7th</OldTextValue>
    <NewTextValue>May 12th to May 17th</NewTextValue>
  </TextCorrectedLine>
  <TextCorrectedLine lineID="P2_TL00433">
    <OldTextValue>■ Perry's sawmill, 1} miles east</OldTextValue>
    <NewTextValue>Perry's sawmill, 1-1/2 miles east</NewTextValue>
  </TextCorrectedLine>
  <TextCorrectedLine lineID="P2_TL00440">
    <OldTextValue>respondence solicited. V</OldTextValue>
    <NewTextValue>respondence solicited.</NewTextValue>
  </TextCorrectedLine>
  <TextCorrectedLine lineID="P2_TL00441">
    <OldTextValue>F. M, HUNBERFDRD,</OldTextValue>
    <NewTextValue>F. M. HUNGERFORD,</NewTextValue>
  </TextCorrectedLine>
</TextCorrectedBlock>
<TextCorrectedBlock pageOID="AL19020425.1.2" blockID="P2_CB00007" userID="[redacted]">
  <TextCorrectedLine lineID="P2_TL01082">
    <OldTextValue>GHIGLIERI &amp; BRO. I</OldTextValue>
    <NewTextValue>GHIGLIERI &amp; BRO.</NewTextValue>
  </TextCorrectedLine>
  <TextCorrectedLine lineID="P2_TL01083">
    <OldTextValue>COUOrlllll LIQUOR STORI</OldTextValue>
    <NewTextValue>COSMOPOLITAN LIQUOR STORE</NewTextValue>
  </TextCorrectedLine>
  <TextCorrectedLine lineID="P2_TL01084">
    <OldTextValue>JACKSON 6ATE, CAL. B</OldTextValue>
    <NewTextValue>JACKSON GATE, CAL.</NewTextValue>
  </TextCorrectedLine>
  <TextCorrectedLine lineID="P2_TL01093">
    <OldTextValue>icf Union Stable;</OldTextValue>
    <NewTextValue>Union Stable;</NewTextValue>
  </TextCorrectedLine>
  <TextCorrectedLine lineID="P2_TL01094">
    <OldTextValue>**«"R»* Under Webb Hall *</OldTextValue>
    <NewTextValue>Under Webb Hall</NewTextValue>
  </TextCorrectedLine>
  <TextCorrectedLine lineID="P2_TL01096">
    <OldTextValue>I■ - •</OldTextValue>
    <NewTextValue></NewTextValue>
  </TextCorrectedLine>
  <TextCorrectedLine lineID="P2_TL01097">
    <OldTextValue>• M. NEWMAH, Prop.</OldTextValue>
    <NewTextValue>M. NEWMAN, Prop.</NewTextValue>
  </TextCorrectedLine>
  <TextCorrectedLine lineID="P2_TL01098">
    <OldTextValue>The Stable equipped with Brst-class stoc</OldTextValue>
    <NewTextValue>The Stable equipped with first-class stock</NewTextValue>
  </TextCorrectedLine>
  <TextCorrectedLine lineID="P2_TL01099">
    <OldTextValue>and vehicles. Suitable rigs for Oommersla</OldTextValue>
    <NewTextValue>and vehicles. Suitable rigs for Commercial</NewTextValue>
  </TextCorrectedLine>
  <TextCorrectedLine lineID="P2_TL01101">
    <OldTextValue>Special Attention Paid *</OldTextValue>
    <NewTextValue>Special Attention Paid</NewTextValue>
  </TextCorrectedLine>
  <TextCorrectedLine lineID="P2_TL01102">
    <OldTextValue>* to Transient Stock.</OldTextValue>
    <NewTextValue>to Transient Stock.</NewTextValue>
  </TextCorrectedLine>
  <TextCorrectedLine lineID="P2_TL01103">
    <OldTextValue>. Large stable and yard for use of taamsten</OldTextValue>
    <NewTextValue>Large stable and yard for use of teamsters</NewTextValue>
  </TextCorrectedLine>
  <TextCorrectedLine lineID="P2_TL01104">
    <OldTextValue>Telegrams answered free of cost. j-ss-t</OldTextValue>
    <NewTextValue>Telegrams answered free of cost.</NewTextValue>
  </TextCorrectedLine>
  <TextCorrectedLine lineID="P2_TL01105">
    <OldTextValue>T&gt; ICIIAKD WEBB</OldTextValue>
    <NewTextValue>RICHARD WEBB</NewTextValue>
  </TextCorrectedLine>
  <TextCorrectedLine lineID="P2_TL01107">
    <OldTextValue>/ JACKSON, CAL.</OldTextValue>
    <NewTextValue>JACKSON, CAL.</NewTextValue>
  </TextCorrectedLine>
  <TextCorrectedLine lineID="P2_TL01108">
    <OldTextValue>Will attend to Homestead and other mints</OldTextValue>
    <NewTextValue>Will attend to Homestead and other filings</NewTextValue>
  </TextCorrectedLine>
  <TextCorrectedLine lineID="P2_TL01109">
    <OldTextValue>taWng of final proofs and all other Lan&lt;</OldTextValue>
    <NewTextValue>takng of final proofs and all other Land</NewTextValue>
  </TextCorrectedLine>
</TextCorrectedBlock>
<TextCorrectedBlock pageOID="AL19020425.1.3" blockID="P3_TB00091" userID="[redacted]">
  <TextCorrectedLine lineID="P3_TL01091">
    <OldTextValue>Camlnettl's Mkt.</OldTextValue>
    <NewTextValue>Caminettl's Mkt.</NewTextValue>
  </TextCorrectedLine>
</TextCorrectedBlock>
<TextCorrectedBlock pageOID="AL19020425.1.3" blockID="P3_TB00065" userID="[redacted]">
  <TextCorrectedLine lineID="P3_TL00761">
    <OldTextValue>.Reward.— Some work is being done</OldTextValue>
    <NewTextValue>Reward.— Some work is being done</NewTextValue>
  </TextCorrectedLine>
</TextCorrectedBlock>
<TextCorrectedBlock pageOID="AL19020425.1.3" blockID="P3_CB00002" userID="[redacted]">
  <TextCorrectedLine lineID="P3_TL01296">
    <OldTextValue>Goesfarther.</OldTextValue>
    <NewTextValue>Goes farther.</NewTextValue>
  </TextCorrectedLine>
  <TextCorrectedLine lineID="P3_TL01297">
    <OldTextValue>powder co., new mm.</OldTextValue>
    <NewTextValue>royal baking powder co., New York.</NewTextValue>
  </TextCorrectedLine>
</TextCorrectedBlock>
<TextCorrectedBlock pageOID="AL19020425.1.3" blockID="P3_TB00008" userID="[redacted]">
  <TextCorrectedLine lineID="P3_TL00129">
    <OldTextValue>ahowance.</OldTextValue>
    <NewTextValue>allowance.</NewTextValue>
  </TextCorrectedLine>
</TextCorrectedBlock>
<TextCorrectedBlock pageOID="AL19020425.1.3" blockID="P3_TB00001" userID="[redacted]">
  <TextCorrectedLine lineID="P3_TL00002">
    <OldTextValue>John Yolich'to Theodore Gurovich—</OldTextValue>
    <NewTextValue>John Yelich to Theodore Gurovich—</NewTextValue>
  </TextCorrectedLine>
  <TextCorrectedLine lineID="P3_TL00005">
    <OldTextValue>Lot 2 and frac lots 1 and I}, Webb and</OldTextValue>
    <NewTextValue>Lot 2 and frac lots 1 and 1-1/2, Webb and</NewTextValue>
  </TextCorrectedLine>
  <TextCorrectedLine lineID="P3_TL00011">
    <OldTextValue>$o. . .</OldTextValue>
    <NewTextValue>$5.</NewTextValue>
  </TextCorrectedLine>
  <TextCorrectedLine lineID="P3_TL00027">
    <OldTextValue>j Theresa Giusto to A. Piccardo— Five</OldTextValue>
    <NewTextValue>Theresa Giusto to A. Piccardo— Five</NewTextValue>
  </TextCorrectedLine>
  <TextCorrectedLine lineID="P3_TL00032">
    <OldTextValue>weth et al-^Action to foreclose on frac</OldTextValue>
    <NewTextValue>weth et al- Action to foreclose on frac</NewTextValue>
  </TextCorrectedLine>
  <TextCorrectedLine lineID="P3_TL00041">
    <OldTextValue>SWi of SWJ, sec 36, twp 7 north,</OldTextValue>
    <NewTextValue>SW 1/2 of SW 1/2, sec 36, twp 7 north,</NewTextValue>
  </TextCorrectedLine>
  <TextCorrectedLine lineID="P3_TL00042">
    <OldTextValue>range 12 east. r</OldTextValue>
    <NewTextValue>range 12 east.</NewTextValue>
  </TextCorrectedLine>
</TextCorrectedBlock>
<TextCorrectedBlock pageOID="AL19020425.1.4" blockID="P4_CB00002" userID="[redacted]">
  <TextCorrectedLine lineID="P4_TL00559">
    <OldTextValue>IBANK OF AMADOR COUNTY</OldTextValue>
    <NewTextValue>BANK OF AMADOR COUNTY</NewTextValue>
  </TextCorrectedLine>
  <TextCorrectedLine lineID="P4_TL00562">
    <OldTextValue>President '. ..'.... Alfonsa Glnocchio</OldTextValue>
    <NewTextValue>President  ............ Alfonsa Glnocchio</NewTextValue>
  </TextCorrectedLine>
  <TextCorrectedLine lineID="P4_TL00563">
    <OldTextValue>Vice-President ;.S. O. Spagnoli</OldTextValue>
    <NewTextValue>Vice-President ..... .S. G. Spagnoli</NewTextValue>
  </TextCorrectedLine>
</TextCorrectedBlock>
<TextCorrectedBlock pageOID="AL19020425.1.4" blockID="P4_CB00002" userID="[redacted]">
  <TextCorrectedLine lineID="P4_TL00570">
    <OldTextValue>■small expense of 85 cents a month, thereby se-</OldTextValue>
    <NewTextValue>small expense of 85 cents a month, thereby se-</NewTextValue>
  </TextCorrectedLine>
  <TextCorrectedLine lineID="P4_TL00571">
    <OldTextValue>cuNng you against any possible loss from tire</OldTextValue>
    <NewTextValue>curing you against any possible loss from fire</NewTextValue>
  </TextCorrectedLine>
</TextCorrectedBlock>
<TextCorrectedBlock pageOID="AL19020425.1.4" blockID="P4_CB00006" userID="[redacted]">
  <TextCorrectedLine lineID="P4_TL00740">
    <OldTextValue>I fßmZfm llbffiy I UKIA</OldTextValue>
    <NewTextValue>900 DROPS    CASTORIA</NewTextValue>
  </TextCorrectedLine>
  <TextCorrectedLine lineID="P4_TL00741">
    <OldTextValue>,„,. I ,, !™|, -j=^ ]S ■ For infants and Children. ■</OldTextValue>
    <NewTextValue>For infants and Children.</NewTextValue>
  </TextCorrectedLine>
  <TextCorrectedLine lineID="P4_TL00742">
    <OldTextValue>K^lKiili c y° u H ave</OldTextValue>
    <NewTextValue>The Kind Yoy Have</NewTextValue>
  </TextCorrectedLine>
  <TextCorrectedLine lineID="P4_TL00743">
    <OldTextValue>mmsmmm j Always Bought</OldTextValue>
    <NewTextValue>Always Bought</NewTextValue>
  </TextCorrectedLine>
  <TextCorrectedLine lineID="P4_TL00763">
    <OldTextValue>I EXACT COPY OF WRAPPER. [jj Bfi^BLH I girl</OldTextValue>
    <NewTextValue>EXACT COPY OF WRAPPER.</NewTextValue>
  </TextCorrectedLine>
  <TextCorrectedLine lineID="P4_TL00764">
    <OldTextValue>~ THI CCNTAUH COMPANY. HCW TOSS CITT.</OldTextValue>
    <NewTextValue>THE CENTAUR COMPANY.   NEW YORK CITY.</NewTextValue>
  </TextCorrectedLine>
  <TextCorrectedLine lineID="P4_TL00765">
    <OldTextValue>1 . ; .</OldTextValue>
    <NewTextValue></NewTextValue>
  </TextCorrectedLine>
  <TextCorrectedLine lineID="P4_TL00766">
    <OldTextValue>B■"i■ ' ~ ~ M</OldTextValue>
    <NewTextValue></NewTextValue>
  </TextCorrectedLine>
  <TextCorrectedLine lineID="P4_TL00767">
    <OldTextValue>I • America's ■ ggg^ Republican |</OldTextValue>
    <NewTextValue>America's BEST Republican Paper.....</NewTextValue>
  </TextCorrectedLine>
  <TextCorrectedLine lineID="P4_TL00768">
    <OldTextValue>• Editorially Fearless. ||§</OldTextValue>
    <NewTextValue>Editorially Fearless.</NewTextValue>
  </TextCorrectedLine>
  <TextCorrectedLine lineID="P4_TL00769">
    <OldTextValue>HI Consistently Republican Always- $$.</OldTextValue>
    <NewTextValue>Consistently Republican Always-</NewTextValue>
  </TextCorrectedLine>
  <TextCorrectedLine lineID="P4_TL00770">
    <OldTextValue>wo News from all parts of the world. Well written |g</OldTextValue>
    <NewTextValue>News from all parts of the world. Well written</NewTextValue>
  </TextCorrectedLine>
  <TextCorrectedLine lineID="P4_TL00771">
    <OldTextValue>||s original stories. Answers to queries on all subjects — rag</OldTextValue>
    <NewTextValue>original stories. Answers to queries on all subjects —</NewTextValue>
  </TextCorrectedLine>
  <TextCorrectedLine lineID="P4_TL00772">
    <OldTextValue>|H ' Articles on Health, the Home, New Books, and on |g</OldTextValue>
    <NewTextValue>Articles on Health, the Home, New Books, and on</NewTextValue>
  </TextCorrectedLine>
  <TextCorrectedLine lineID="P4_TL00773">
    <OldTextValue>Work About the .Farm~and Garden. ' [te£</OldTextValue>
    <NewTextValue>Work About the .Farm~and Garden.</NewTextValue>
  </TextCorrectedLine>
  <TextCorrectedLine lineID="P4_TL00774">
    <OldTextValue>I [weekly inter ocean 1 1</OldTextValue>
    <NewTextValue>weekly inter ocean</NewTextValue>
  </TextCorrectedLine>
  <TextCorrectedLine lineID="P4_TL00775">
    <OldTextValue>Wh TnE Inter Ocean is a member .of the Associated |M</OldTextValue>
    <NewTextValue>THE Inter Ocean is a member of the Associated</NewTextValue>
  </TextCorrectedLine>
  <TextCorrectedLine lineID="P4_TL00776">
    <OldTextValue>eg| Press and also is the only Western newspaper receiving CSS</OldTextValue>
    <NewTextValue>Press and also is the only Western newspaper receiving</NewTextValue>
  </TextCorrectedLine>
  <TextCorrectedLine lineID="P4_TL00777">
    <OldTextValue>wu the entire telegraphic news service of the New York</OldTextValue>
    <NewTextValue>the entire telegraphic news service of the New York</NewTextValue>
  </TextCorrectedLine>
  <TextCorrectedLine lineID="P4_TL00778">
    <OldTextValue>Hj Sun and special cable of the New York World, besides .</OldTextValue>
    <NewTextValue>Sun and special cable of the New York World, besides .</NewTextValue>
  </TextCorrectedLine>
  <TextCorrectedLine lineID="P4_TL00779">
    <OldTextValue>■ daily reports from over 2,000 special correspondents i&amp;g</OldTextValue>
    <NewTextValue>daily reports from over 2,000 special correspondents</NewTextValue>
  </TextCorrectedLine>
  <TextCorrectedLine lineID="P4_TL00780">
    <OldTextValue>KM throughout the country. No pen can tell fully WHY it P*</OldTextValue>
    <NewTextValue>throughout the country. No pen can tell fully WHY it</NewTextValue>
  </TextCorrectedLine>
  <TextCorrectedLine lineID="P4_TL00781">
    <OldTextValue>Bj| is the BEST on earth. ' ||</OldTextValue>
    <NewTextValue>is the BEST on earth.</NewTextValue>
  </TextCorrectedLine>
  <TextCorrectedLine lineID="P4_TL00782">
    <OldTextValue>f| 52— TWELVE-PAGE PAPERS-52 One dollar a year |f</OldTextValue>
    <NewTextValue>52— TWELVE-PAGE PAPERS-52 One dollar a year</NewTextValue>
  </TextCorrectedLine>
  <TextCorrectedLine lineID="P4_TL00783">
    <OldTextValue>J2&lt;| Brimful of news from everywhere and [M</OldTextValue>
    <NewTextValue>Brimful of news from everywhere and</NewTextValue>
  </TextCorrectedLine>
  <TextCorrectedLine lineID="P4_TL00784">
    <OldTextValue>|§a a perfect feast of special matter ... mL</OldTextValue>
    <NewTextValue>a perfect feast of special matter ...</NewTextValue>
  </TextCorrectedLine>
  <TextCorrectedLine lineID="P4_TL00785">
    <OldTextValue>]| ! Subscribe for the AMADOR LEDGER and B</OldTextValue>
    <NewTextValue>Subscribe for the AMADOR LEDGER and</NewTextValue>
  </TextCorrectedLine>
  <TextCorrectedLine lineID="P4_TL00786">
    <OldTextValue>H 'THE WEEKLY INTER OCEAN, both papers ||</OldTextValue>
    <NewTextValue>THE WEEKLY INTER OCEAN, both papers</NewTextValue>
  </TextCorrectedLine>
  <TextCorrectedLine lineID="P4_TL00787">
    <OldTextValue>g$ ; for $2.50 a year. .</OldTextValue>
    <NewTextValue>for $2.50 a year. .</NewTextValue>
  </TextCorrectedLine>
</TextCorrectedBlock>
<TextCorrectedBlock pageOID="AL19020425.1.4" blockID="P4_TB00022" userID="[redacted]">
  <TextCorrectedLine lineID="P4_TL00166">
    <OldTextValue>. "Of course it's an old saying that the</OldTextValue>
    <NewTextValue>"Of course it's an old saying that the</NewTextValue>
  </TextCorrectedLine>
  <TextCorrectedLine lineID="P4_TL00167">
    <OldTextValue>man who does the most work is tho</OldTextValue>
    <NewTextValue>man who does the most work is the</NewTextValue>
  </TextCorrectedLine>
  <TextCorrectedLine lineID="P4_TL00172">
    <OldTextValue>objection to ease bis feelings."— New</OldTextValue>
    <NewTextValue>objection to ease his feelings."— New</NewTextValue>
  </TextCorrectedLine>
</TextCorrectedBlock>
