<TextCorrectedBlock pageOID="AL19011206.1.4" blockID="P4_TB00032" userID="[redacted]">
  <TextCorrectedLine lineID="P4_TL00209">
    <OldTextValue>Longevity- of Irian Feaaants.</OldTextValue>
    <NewTextValue>Longevity- of Irish Peasants.</NewTextValue>
  </TextCorrectedLine>
</TextCorrectedBlock>
<TextCorrectedBlock pageOID="AL19011206.1.2" blockID="P2_CB00003" userID="[redacted]">
  <TextCorrectedLine lineID="P2_TL00809">
    <OldTextValue>■OURNISHED ROOMS TO BENt.-Apply *t</OldTextValue>
    <NewTextValue>FURNISHED ROOMS TO RENt.-Apply at</NewTextValue>
  </TextCorrectedLine>
  <TextCorrectedLine lineID="P2_TL00810">
    <OldTextValue>X! Ledger office. V</OldTextValue>
    <NewTextValue>Ledger office.</NewTextValue>
  </TextCorrectedLine>
  <TextCorrectedLine lineID="P2_TL00811">
    <OldTextValue>TilOR SALE-LOT OF FOLDING CHAIRS,</OldTextValue>
    <NewTextValue>FOR SALE-LOT OF FOLDING CHAIRS,</NewTextValue>
  </TextCorrectedLine>
  <TextCorrectedLine lineID="P2_TL00812">
    <OldTextValue>_L 3 also settees, suitable for hall or church.</OldTextValue>
    <NewTextValue>also settees, suitable for hall or church.</NewTextValue>
  </TextCorrectedLine>
  <TextCorrectedLine lineID="P2_TL00823">
    <OldTextValue>sep 37 Amador 'City. ..</OldTextValue>
    <NewTextValue>sep 27       Amador City.</NewTextValue>
  </TextCorrectedLine>
  <TextCorrectedLine lineID="P2_TL00824">
    <OldTextValue>TjlOR SALE OR EXCHANGE — San Fran-</OldTextValue>
    <NewTextValue>FOR SALE OR EXCHANGE — San Fran-</NewTextValue>
  </TextCorrectedLine>
  <TextCorrectedLine lineID="P2_TL00825">
    <OldTextValue>JLJ Cisco real estate for a business In Amador I</OldTextValue>
    <NewTextValue>cisco real estate for a business in Amador</NewTextValue>
  </TextCorrectedLine>
  <TextCorrectedLine lineID="P2_TL00828">
    <OldTextValue>rpo PRINTERS.— A COMPLETE OUTFIT</OldTextValue>
    <NewTextValue>TO PRINTERS.— A COMPLETE OUTFIT</NewTextValue>
  </TextCorrectedLine>
  <TextCorrectedLine lineID="P2_TL00829">
    <OldTextValue>JL for a Seven or Eight Column Paper, in-</OldTextValue>
    <NewTextValue>for a Seven or Eight Column Paper, in-</NewTextValue>
  </TextCorrectedLine>
</TextCorrectedBlock>
<TextCorrectedBlock pageOID="AL19011206.1.3" blockID="P3_TB00067" userID="[redacted]">
  <TextCorrectedLine lineID="P3_TL00571">
    <OldTextValue>presents. •'-.</OldTextValue>
    <NewTextValue>presents.</NewTextValue>
  </TextCorrectedLine>
</TextCorrectedBlock>
<TextCorrectedBlock pageOID="AL19011206.1.3" blockID="P3_TB00013" userID="[redacted]">
  <TextCorrectedLine lineID="P3_TL00097">
    <OldTextValue>of all kinds for. Christmas and the holi-</OldTextValue>
    <NewTextValue>of all kinds for Christmas and the holi-</NewTextValue>
  </TextCorrectedLine>
</TextCorrectedBlock>
<TextCorrectedBlock pageOID="AL19011206.1.3" blockID="P3_TB00013" userID="[redacted]">
  <TextCorrectedLine lineID="P3_TL00098">
    <OldTextValue>day eatings. .</OldTextValue>
    <NewTextValue>day eatings.</NewTextValue>
  </TextCorrectedLine>
</TextCorrectedBlock>
<TextCorrectedBlock pageOID="AL19011206.1.3" blockID="P3_TB00071" userID="[redacted]">
  <TextCorrectedLine lineID="P3_TL00757">
    <OldTextValue>supervisors was held December '1, when</OldTextValue>
    <NewTextValue>supervisors was held December 2, when</NewTextValue>
  </TextCorrectedLine>
  <TextCorrectedLine lineID="P3_TL00762">
    <OldTextValue>In the matter of -petition of L. P.</OldTextValue>
    <NewTextValue>In the matter of petition of L. P.</NewTextValue>
  </TextCorrectedLine>
  <TextCorrectedLine lineID="P3_TL00766">
    <OldTextValue>Affidavit of publication of iiotico to uoo-</OldTextValue>
    <NewTextValue>Affidavit of publication of notice to non-</NewTextValue>
  </TextCorrectedLine>
  <TextCorrectedLine lineID="P3_TL00770">
    <OldTextValue>jections of U\ P. Elledge presented.</OldTextValue>
    <NewTextValue>jections of U. F. Elledge presented.</NewTextValue>
  </TextCorrectedLine>
  <TextCorrectedLine lineID="P3_TL00777">
    <OldTextValue>read. E. C. Voorheis, W. J. McGeo,</OldTextValue>
    <NewTextValue>read. E. C. Voorheis, W. J. McGee,</NewTextValue>
  </TextCorrectedLine>
  <TextCorrectedLine lineID="P3_TL00782">
    <OldTextValue>be takon up at 3 p. m., January, G, 1902.</OldTextValue>
    <NewTextValue>be takon up at 3 p. m., January, 6, 1902.</NewTextValue>
  </TextCorrectedLine>
  <TextCorrectedLine lineID="P3_TL00800">
    <OldTextValue>F. B. Le Mom, mileage, 2 00</OldTextValue>
    <NewTextValue>F. B. Le Mom, mileage, ....  2 00</NewTextValue>
  </TextCorrectedLine>
  <TextCorrectedLine lineID="P3_TL00802">
    <OldTextValue>office io 50</OldTextValue>
    <NewTextValue>office  .....    10 50</NewTextValue>
  </TextCorrectedLine>
  <TextCorrectedLine lineID="P3_TL00804">
    <OldTextValue>records n 50</OldTextValue>
    <NewTextValue>records ......  11 50</NewTextValue>
  </TextCorrectedLine>
  <TextCorrectedLine lineID="P3_TL00805">
    <OldTextValue>L. Galli, rebate on taxes 1 00</OldTextValue>
    <NewTextValue>L. Galli, rebate on taxes ...  1 00</NewTextValue>
  </TextCorrectedLine>
  <TextCorrectedLine lineID="P3_TL00807">
    <OldTextValue>months 6 10</OldTextValue>
    <NewTextValue>months   ....  6 10</NewTextValue>
  </TextCorrectedLine>
  <TextCorrectedLine lineID="P3_TL00808">
    <OldTextValue>A. B. McLaughlin, mileage... 300</OldTextValue>
    <NewTextValue>A. B. McLaughlin, mileage... 3 00</NewTextValue>
  </TextCorrectedLine>
  <TextCorrectedLine lineID="P3_TL00810">
    <OldTextValue>penses 39 75</OldTextValue>
    <NewTextValue>penses  ......  39 75</NewTextValue>
  </TextCorrectedLine>
</TextCorrectedBlock>
<TextCorrectedBlock pageOID="AL19011206.1.3" blockID="P3_TB00028" userID="[redacted]">
  <TextCorrectedLine lineID="P3_TL00264">
    <OldTextValue>Hand of a Friend," was given- here.</OldTextValue>
    <NewTextValue>Hand of a Friend," was given here.</NewTextValue>
  </TextCorrectedLine>
  <TextCorrectedLine lineID="P3_TL00266">
    <OldTextValue>of the streets. ■ Although the weather</OldTextValue>
    <NewTextValue>of the streets.  Although the weather</NewTextValue>
  </TextCorrectedLine>
  <TextCorrectedLine lineID="P3_TL00275">
    <OldTextValue>three or four days -of last week with</OldTextValue>
    <NewTextValue>three or four days of last week with</NewTextValue>
  </TextCorrectedLine>
  <TextCorrectedLine lineID="P3_TL00286">
    <OldTextValue>Mrs. Wise is on the sick list. -</OldTextValue>
    <NewTextValue>Mrs. Wise is on the sick list.</NewTextValue>
  </TextCorrectedLine>
</TextCorrectedBlock>
<TextCorrectedBlock pageOID="AL19011206.1.3" blockID="P3_CB00002" userID="[redacted]">
  <TextCorrectedLine lineID="P3_TL00959">
    <OldTextValue>Patent Medicines • , Tobaccos^</OldTextValue>
    <NewTextValue>Patent Medicines     Tobaccos</NewTextValue>
  </TextCorrectedLine>
  <TextCorrectedLine lineID="P3_TL00960">
    <OldTextValue>Just as you buy them here— so «a . ,af rut nrir«»c</OldTextValue>
    <NewTextValue>Just as you buy them here— so</NewTextValue>
  </TextCorrectedLine>
  <TextCorrectedLine lineID="P3_TL00961">
    <OldTextValue>do you buy everything we sell' JgW • W % ' PHCeS</OldTextValue>
    <NewTextValue>do you buy everything we sell</NewTextValue>
  </TextCorrectedLine>
  <TextCorrectedLine lineID="P3_TL00962">
    <OldTextValue>Ayer's Hair Vigor, $1.00 bot. 7oc ' Js^JJBf&gt;lvW»'wßM &lt;^^ Seal of North Carolina, 1 lb</OldTextValue>
    <NewTextValue>Ayer's Hair Vigor, $1.00 bot. 70c  Seal of North Carolina, 1 lb</NewTextValue>
  </TextCorrectedLine>
  <TextCorrectedLine lineID="P3_TL00963">
    <OldTextValue>Bythlnia Water, 50c bot .....20c j' 01 " 1 "". ••• 55c</OldTextValue>
    <NewTextValue>Bythlnia Water, 50c bot .....20c     ••• 55c</NewTextValue>
  </TextCorrectedLine>
  <TextCorrectedLine lineID="P3_TL00967">
    <OldTextValue>*** Star Chewing Tobacco, plug. 45c</OldTextValue>
    <NewTextValue>Star Chewing Tobacco, plug. 45c</NewTextValue>
  </TextCorrectedLine>
  <TextCorrectedLine lineID="P3_TL00969">
    <OldTextValue>DRUMS IRAtNSf^gSyjL^ V\A £ fit • * t</OldTextValue>
    <NewTextValue>DRUMS TRAINS</NewTextValue>
  </TextCorrectedLine>
</TextCorrectedBlock>
<TextCorrectedBlock pageOID="AL19011206.1.4" blockID="P4_CB00004" userID="[redacted]">
  <TextCorrectedLine lineID="P4_TL00697">
    <OldTextValue>•••••••••••••••••••••••••••••••••••••a</OldTextValue>
    <NewTextValue></NewTextValue>
  </TextCorrectedLine>
  <TextCorrectedLine lineID="P4_TL00698">
    <OldTextValue>: E. GINOCCHIO &amp; BROTHER j .</OldTextValue>
    <NewTextValue>E. GINOCCHIO &amp; BROTHER</NewTextValue>
  </TextCorrectedLine>
  <TextCorrectedLine lineID="P4_TL00699">
    <OldTextValue>• Wholesale and Retail Dealers in *</OldTextValue>
    <NewTextValue>Wholesale and Retail Dealers in</NewTextValue>
  </TextCorrectedLine>
  <TextCorrectedLine lineID="P4_TL00700">
    <OldTextValue>General Merchandise •'•.-..</OldTextValue>
    <NewTextValue>General Merchandise</NewTextValue>
  </TextCorrectedLine>
  <TextCorrectedLine lineID="P4_TL00701">
    <OldTextValue>• Water Street, Foot of Broadway, Jackson •</OldTextValue>
    <NewTextValue>Water Street, Foot of Broadway, Jackson</NewTextValue>
  </TextCorrectedLine>
  <TextCorrectedLine lineID="P4_TL00702">
    <OldTextValue>5 "VV E TAKE PLEASURE IN INFORMING OUR PA- S</OldTextValue>
    <NewTextValue>WE TAKE PLEASURE IN INFORMING OUR PA-</NewTextValue>
  </TextCorrectedLine>
  <TextCorrectedLine lineID="P4_TL00703">
    <OldTextValue>.-« TT trons and the public generally that we have on hand a i</OldTextValue>
    <NewTextValue>trons and the public generally that we have on hand a</NewTextValue>
  </TextCorrectedLine>
  <TextCorrectedLine lineID="P4_TL00704">
    <OldTextValue>» very choice selected stock of DRY GOODS of all kinds, GRO- Z</OldTextValue>
    <NewTextValue>very choice selected stock of DRY GOODS of all kinds, GRO-</NewTextValue>
  </TextCorrectedLine>
  <TextCorrectedLine lineID="P4_TL00705">
    <OldTextValue>Z CERIES AND PROVISIONS, CLOTHING. BOOTS AND 5</OldTextValue>
    <NewTextValue>CERIES AND PROVISIONS, CLOTHING. BOOTS AND</NewTextValue>
  </TextCorrectedLine>
  <TextCorrectedLine lineID="P4_TL00706">
    <OldTextValue>• SHOES. We particularly direct the attention of the public 2</OldTextValue>
    <NewTextValue>SHOES. We particularly direct the attention of the public</NewTextValue>
  </TextCorrectedLine>
  <TextCorrectedLine lineID="P4_TL00707">
    <OldTextValue>m to the fact that we keep on hand tho largest assortment of Z</OldTextValue>
    <NewTextValue>to the fact that we keep on hand tho largest assortment of</NewTextValue>
  </TextCorrectedLine>
  <TextCorrectedLine lineID="P4_TL00708">
    <OldTextValue>.. s IRON AND STEEL to be found in Amador county. Also a i</OldTextValue>
    <NewTextValue>IRON AND STEEL to be found in Amador county. Also a</NewTextValue>
  </TextCorrectedLine>
  <TextCorrectedLine lineID="P4_TL00709">
    <OldTextValue>I superior assortment of all kinds of HARDWARE, such as !</OldTextValue>
    <NewTextValue>superior assortment of all kinds of HARDWARE, such as</NewTextValue>
  </TextCorrectedLine>
  <TextCorrectedLine lineID="P4_TL00710">
    <OldTextValue>0 Carriage Bolts. Screws, Nuts, Nails, and, in fact, everything 2</OldTextValue>
    <NewTextValue>Carriage Bolts. Screws, Nuts, Nails, and, in fact, everything</NewTextValue>
  </TextCorrectedLine>
  <TextCorrectedLine lineID="P4_TL00711">
    <OldTextValue>m ' the market demands. We are sole agents for the celebrated !</OldTextValue>
    <NewTextValue>the market demands. We are sole agents for the celebrated</NewTextValue>
  </TextCorrectedLine>
  <TextCorrectedLine lineID="P4_TL00712">
    <OldTextValue>Z HURCULES POWDER, of which which we shall constantly S</OldTextValue>
    <NewTextValue>HURCULES POWDER, of which which we shall constantly</NewTextValue>
  </TextCorrectedLine>
  <TextCorrectedLine lineID="P4_TL00713">
    <OldTextValue>keep on hand a large supply. J</OldTextValue>
    <NewTextValue>keep on hand a large supply.</NewTextValue>
  </TextCorrectedLine>
  <TextCorrectedLine lineID="P4_TL00714">
    <OldTextValue>■</OldTextValue>
    <NewTextValue></NewTextValue>
  </TextCorrectedLine>
  <TextCorrectedLine lineID="P4_TL00715">
    <OldTextValue>~ THE NEVJT~ |</OldTextValue>
    <NewTextValue>THE NEW</NewTextValue>
  </TextCorrectedLine>
  <TextCorrectedLine lineID="P4_TL00716">
    <OldTextValue>NATIONAL HOTEL » - * » &gt;</OldTextValue>
    <NewTextValue>NATIONAL HOTEL</NewTextValue>
  </TextCorrectedLine>
  <TextCorrectedLine lineID="P4_TL00717">
    <OldTextValue>©J^^-&gt; Foot of Main Street</OldTextValue>
    <NewTextValue>Foot of Main Street</NewTextValue>
  </TextCorrectedLine>
  <TextCorrectedLine lineID="P4_TL00718">
    <OldTextValue>_ JACKSON, CAL.</OldTextValue>
    <NewTextValue>JACKSON, CAL.</NewTextValue>
  </TextCorrectedLine>
  <TextCorrectedLine lineID="P4_TL00719">
    <OldTextValue>0 o o o o o FIRST-CLASS AGGOMMODATIOfIS FOR TRAVELERS fll REASONABLE PRICES</OldTextValue>
    <NewTextValue>FIRST-CLASS ACCOMMODATIONS FOR TRAVELERS AT REASONABLE PRICES</NewTextValue>
  </TextCorrectedLine>
  <TextCorrectedLine lineID="P4_TL00720">
    <OldTextValue>x k Sample Room for Commercial Travelers</OldTextValue>
    <NewTextValue>Sample Room for Commercial Travelers</NewTextValue>
  </TextCorrectedLine>
  <TextCorrectedLine lineID="P4_TL00721">
    <OldTextValue>~" Rooms Newly Furnished Throughout ' 1</OldTextValue>
    <NewTextValue>Rooms Newly Furnished Throughout</NewTextValue>
  </TextCorrectedLine>
  <TextCorrectedLine lineID="P4_TL00722">
    <OldTextValue>I Table Supplied With the Best Id the Market ~^^"</OldTextValue>
    <NewTextValue>Table Supplied With the Best in the Market</NewTextValue>
  </TextCorrectedLine>
  <TextCorrectedLine lineID="P4_TL00723">
    <OldTextValue>\ tu %sr^s t i^'aisr Brands or T</OldTextValue>
    <NewTextValue>Wines Liquors and Cigars</NewTextValue>
  </TextCorrectedLine>
  <TextCorrectedLine lineID="P4_TL00724">
    <OldTextValue>PIONEER FLOUR IS PERFECTION-^</OldTextValue>
    <NewTextValue>PIONEER FLOUR IS PERFECTION</NewTextValue>
  </TextCorrectedLine>
  <TextCorrectedLine lineID="P4_TL00725">
    <OldTextValue>a Made From. SELECTED WHEAT</OldTextValue>
    <NewTextValue>Made From. SELECTED WHEAT</NewTextValue>
  </TextCorrectedLine>
  <TextCorrectedLine lineID="P4_TL00726">
    <OldTextValue>|r Blended According to Our Own Formula</OldTextValue>
    <NewTextValue>Blended According to Our Own Formula</NewTextValue>
  </TextCorrectedLine>
  <TextCorrectedLine lineID="P4_TL00727">
    <OldTextValue>*i Produclno Perfect Results and</OldTextValue>
    <NewTextValue>Producing Perfect Results and</NewTextValue>
  </TextCorrectedLine>
  <TextCorrectedLine lineID="P4_TL00730">
    <OldTextValue>&lt;? Snowy White</OldTextValue>
    <NewTextValue>Snowy White</NewTextValue>
  </TextCorrectedLine>
  <TextCorrectedLine lineID="P4_TL00731">
    <OldTextValue>• PIOMEER FLOOR MILLS. SACRAIENIO- -•</OldTextValue>
    <NewTextValue>PIONEER FLOOR MILLS. SACRAMENTO</NewTextValue>
  </TextCorrectedLine>
  <TextCorrectedLine lineID="P4_TL00732">
    <OldTextValue>A Careful Investigation j</OldTextValue>
    <NewTextValue>A Careful Investigation</NewTextValue>
  </TextCorrectedLine>
  <TextCorrectedLine lineID="P4_TL00733">
    <OldTextValue>. - . = f = ?</OldTextValue>
    <NewTextValue></NewTextValue>
  </TextCorrectedLine>
  <TextCorrectedLine lineID="P4_TL00734">
    <OldTextValue>Will convince every one that J</OldTextValue>
    <NewTextValue>Will convince every one that</NewTextValue>
  </TextCorrectedLine>
  <TextCorrectedLine lineID="P4_TL00735">
    <OldTextValue>THE -^ A wiorlrnr. !</OldTextValue>
    <NewTextValue>THE Amador</NewTextValue>
  </TextCorrectedLine>
  <TextCorrectedLine lineID="P4_TL00736">
    <OldTextValue>A TMauOr I</OldTextValue>
    <NewTextValue>Ledger</NewTextValue>
  </TextCorrectedLine>
  <TextCorrectedLine lineID="P4_TL00737">
    <OldTextValue>' M. m. M. A 1 Vr*i \a4 V/ M. J</OldTextValue>
    <NewTextValue></NewTextValue>
  </TextCorrectedLine>
  <TextCorrectedLine lineID="P4_TL00738">
    <OldTextValue>: is one of the CLEANEST, BRIGHTEST and PRO- *</OldTextValue>
    <NewTextValue>is one of the CLEANEST, BRIGHTEST and PRO-</NewTextValue>
  </TextCorrectedLine>
  <TextCorrectedLine lineID="P4_TL00739">
    <OldTextValue>! GRESSIVE Newspapers of the day. |</OldTextValue>
    <NewTextValue>GRESSIVE Newspapers of the day.</NewTextValue>
  </TextCorrectedLine>
  <TextCorrectedLine lineID="P4_TL00740">
    <OldTextValue>I IT IS THE OFFICIAL PAPER OF AMADOR COUNTY. ;|</OldTextValue>
    <NewTextValue>IT IS THE OFFICIAL PAPER OF AMADOR COUNTY.</NewTextValue>
  </TextCorrectedLine>
  <TextCorrectedLine lineID="P4_TL00741">
    <OldTextValue>! Local Social News, Agricultural and Political |</OldTextValue>
    <NewTextValue>Local Social News, Agricultural and Political</NewTextValue>
  </TextCorrectedLine>
  <TextCorrectedLine lineID="P4_TL00742">
    <OldTextValue>; Notes and Accurate Accounts of the Lat- j</OldTextValue>
    <NewTextValue>Notes and Accurate Accounts of the Lat-</NewTextValue>
  </TextCorrectedLine>
  <TextCorrectedLine lineID="P4_TL00743">
    <OldTextValue>est Movements at the Mines Along the !</OldTextValue>
    <NewTextValue>est Movements at the Mines Along the</NewTextValue>
  </TextCorrectedLine>
  <TextCorrectedLine lineID="P4_TL00744">
    <OldTextValue>1 Mother Lode. |</OldTextValue>
    <NewTextValue>Mother Lode.</NewTextValue>
  </TextCorrectedLine>
  <TextCorrectedLine lineID="P4_TL00745">
    <OldTextValue>ADVERTISERS in find THE LEDGER read I</OldTextValue>
    <NewTextValue>ADVERTISERS will find THE LEDGER read</NewTextValue>
  </TextCorrectedLine>
  <TextCorrectedLine lineID="P4_TL00746">
    <OldTextValue>y in a great majority of the S</OldTextValue>
    <NewTextValue>in a great majority of the</NewTextValue>
  </TextCorrectedLine>
  <TextCorrectedLine lineID="P4_TL00747">
    <OldTextValue>: HOMES, OFFICES, and BUSINESS HOUSES in j</OldTextValue>
    <NewTextValue>HOMES, OFFICES, and BUSINESS HOUSES in</NewTextValue>
  </TextCorrectedLine>
  <TextCorrectedLine lineID="P4_TL00748">
    <OldTextValue>this and adjoining counties. i</OldTextValue>
    <NewTextValue>this and adjoining counties.</NewTextValue>
  </TextCorrectedLine>
  <TextCorrectedLine lineID="P4_TL00749">
    <OldTextValue>— s— z^— a— :|</OldTextValue>
    <NewTextValue></NewTextValue>
  </TextCorrectedLine>
  <TextCorrectedLine lineID="P4_TL00750">
    <OldTextValue>JOB PRINTING S</OldTextValue>
    <NewTextValue>JOB PRINTING</NewTextValue>
  </TextCorrectedLine>
  <TextCorrectedLine lineID="P4_TL00751">
    <OldTextValue>| You need it in your business, but you want it done |</OldTextValue>
    <NewTextValue>You need it in your business, but you want it done</NewTextValue>
  </TextCorrectedLine>
  <TextCorrectedLine lineID="P4_TL00753">
    <OldTextValue>moderate price. We can furnish you with anything you j</OldTextValue>
    <NewTextValue>moderate price. We can furnish you with anything you</NewTextValue>
  </TextCorrectedLine>
  <TextCorrectedLine lineID="P4_TL00754">
    <OldTextValue>need in the printing line, but to jog your memory will j</OldTextValue>
    <NewTextValue>need in the printing line, but to jog your memory will</NewTextValue>
  </TextCorrectedLine>
  <TextCorrectedLine lineID="P4_TL00755">
    <OldTextValue>mention Bill Heads, Statements, Receipts, Envelopes, !</OldTextValue>
    <NewTextValue>mention Bill Heads, Statements, Receipts, Envelopes,</NewTextValue>
  </TextCorrectedLine>
  <TextCorrectedLine lineID="P4_TL00756">
    <OldTextValue>Note Heads, Calling and Wedding Cards, Posters, etc. ;|</OldTextValue>
    <NewTextValue>Note Heads, Calling and Wedding Cards, Posters, etc.</NewTextValue>
  </TextCorrectedLine>
  <TextCorrectedLine lineID="P4_TL00757">
    <OldTextValue>I Orders by mail will be promptly attended to; ':|</OldTextValue>
    <NewTextValue>Orders by mail will be promptly attended to</NewTextValue>
  </TextCorrectedLine>
  <TextCorrectedLine lineID="P4_TL00758">
    <OldTextValue>I Amador County Publishing Co., i</OldTextValue>
    <NewTextValue>Amador County Publishing Co.,</NewTextValue>
  </TextCorrectedLine>
  <TextCorrectedLine lineID="P4_TL00759">
    <OldTextValue>P. O. Box 234. Jackson, Cal. \</OldTextValue>
    <NewTextValue>P. O. Box 234. Jackson, Cal.</NewTextValue>
  </TextCorrectedLine>
</TextCorrectedBlock>
<TextCorrectedBlock pageOID="AL19011206.1.4" blockID="P4_CB00002" userID="[redacted]">
  <TextCorrectedLine lineID="P4_TL00479">
    <OldTextValue>I ■ ■ There is nothing- liko Asthmalono. It</OldTextValue>
    <NewTextValue>There is nothing like Asthmalene. It</NewTextValue>
  </TextCorrectedLine>
  <TextCorrectedLine lineID="P4_TL00480">
    <OldTextValue>£U Al Mtll brings instant relief, even in tho worst</OldTextValue>
    <NewTextValue>brings instant relief, even in the worst</NewTextValue>
  </TextCorrectedLine>
  <TextCorrectedLine lineID="P4_TL00481">
    <OldTextValue>I ** l "■■• cases. It cures whon all else fails</OldTextValue>
    <NewTextValue>cases. It cures whon all else fails</NewTextValue>
  </TextCorrectedLine>
  <TextCorrectedLine lineID="P4_TL00482">
    <OldTextValue>tff% » Tt M The Kov - v - F- Wells, of Villa Uioge,</OldTextValue>
    <NewTextValue>The Rev C. F. Wells, of Villa Ridge,</NewTextValue>
  </TextCorrectedLine>
  <TextCorrectedLine lineID="P4_TL00483">
    <OldTextValue>TVII I &amp;r« . 111., says: "Your trial bottlo of Asth-</OldTextValue>
    <NewTextValue>Ill., says: "Your trial bottle of Asth-</NewTextValue>
  </TextCorrectedLine>
  <TextCorrectedLine lineID="P4_TL00484">
    <OldTextValue>YEARS malouo received in jjood condition. 1</OldTextValue>
    <NewTextValue>malene received in jjood condition. I</NewTextValue>
  </TextCorrectedLine>
  <TextCorrectedLine lineID="P4_TL00485">
    <OldTextValue>■&amp;*%■! «9 cannot tell you how thankful I fool for</OldTextValue>
    <NewTextValue>cannot tell you how thankful I feel for</NewTextValue>
  </TextCorrectedLine>
</TextCorrectedBlock>
