<TextCorrectedBlock pageOID="AL19020711.1.3" blockID="P3_TB00102" userID="[redacted]">
  <TextCorrectedLine lineID="P3_TL01039">
    <OldTextValue>Kent's Delivery Team Ban Away.</OldTextValue>
    <NewTextValue>Kent's Delivery Team Ran Away.</NewTextValue>
  </TextCorrectedLine>
</TextCorrectedBlock>
<TextCorrectedBlock pageOID="AL19020711.1.3" blockID="P3_TB00026" userID="[redacted]">
  <TextCorrectedLine lineID="P3_TL00326">
    <OldTextValue>of redeeming this holiday of holiday*</OldTextValue>
    <NewTextValue>of redeeming this holiday of holidays</NewTextValue>
  </TextCorrectedLine>
  <TextCorrectedLine lineID="P3_TL00329">
    <OldTextValue>the 9th. of September— the anniversary</OldTextValue>
    <NewTextValue>the 9th of September— the anniversary</NewTextValue>
  </TextCorrectedLine>
</TextCorrectedBlock>
<TextCorrectedBlock pageOID="AL19020711.1.3" blockID="P3_TB00106" userID="[redacted]">
  <TextCorrectedLine lineID="P3_TL01045">
    <OldTextValue>Del, Monte.— The annual meetiDg</OldTextValue>
    <NewTextValue>Del Monte.— The annual meeting</NewTextValue>
  </TextCorrectedLine>
  <TextCorrectedLine lineID="P3_TL01046">
    <OldTextValue>of the stockholders was held at Ibe</OldTextValue>
    <NewTextValue>of the stockholders was held at the</NewTextValue>
  </TextCorrectedLine>
  <TextCorrectedLine lineID="P3_TL01047">
    <OldTextValue>Spagnoli building in Jackson ou Mon-</OldTextValue>
    <NewTextValue>Spagnoli building in Jackson on Mon-</NewTextValue>
  </TextCorrectedLine>
  <TextCorrectedLine lineID="P3_TL01048">
    <OldTextValue>day afternoon fur Lh« election of</OldTextValue>
    <NewTextValue>day afternoon for the election of</NewTextValue>
  </TextCorrectedLine>
  <TextCorrectedLine lineID="P3_TL01050">
    <OldTextValue>Btock represented was over 61.000</OldTextValue>
    <NewTextValue>stock represented was over 61,000</NewTextValue>
  </TextCorrectedLine>
  <TextCorrectedLine lineID="P3_TL01051">
    <OldTextValue>Bhareß. The old board of directors</OldTextValue>
    <NewTextValue>shares. The old board of directors</NewTextValue>
  </TextCorrectedLine>
  <TextCorrectedLine lineID="P3_TL01061">
    <OldTextValue>to thai position. Since the reorganiza-</OldTextValue>
    <NewTextValue>to that position. Since the reorganiza-</NewTextValue>
  </TextCorrectedLine>
  <TextCorrectedLine lineID="P3_TL01063">
    <OldTextValue>bten Bpent in development work.- The</OldTextValue>
    <NewTextValue>been spent in development work.  The</NewTextValue>
  </TextCorrectedLine>
  <TextCorrectedLine lineID="P3_TL01064">
    <OldTextValue>main tunnel has beeu run over 200 feot,</OldTextValue>
    <NewTextValue>main tunnel has been run over 200 feet,</NewTextValue>
  </TextCorrectedLine>
  <TextCorrectedLine lineID="P3_TL01066">
    <OldTextValue>the lirsfc ledge. They are making with i</OldTextValue>
    <NewTextValue>the first ledge. They are making with</NewTextValue>
  </TextCorrectedLine>
  <TextCorrectedLine lineID="P3_TL01069">
    <OldTextValue>the first ledge the latter part of this,</OldTextValue>
    <NewTextValue>the first ledge the latter part of this</NewTextValue>
  </TextCorrectedLine>
  <TextCorrectedLine lineID="P3_TL01070">
    <OldTextValue>month. " '</OldTextValue>
    <NewTextValue>month.</NewTextValue>
  </TextCorrectedLine>
</TextCorrectedBlock>
<TextCorrectedBlock pageOID="AL19020711.1.3" blockID="P3_TB00089" userID="[redacted]">
  <TextCorrectedLine lineID="P3_TL00851">
    <OldTextValue>day, July 7tb, with all members pres-</OldTextValue>
    <NewTextValue>day, July 7th, with all members pres-</NewTextValue>
  </TextCorrectedLine>
  <TextCorrectedLine lineID="P3_TL00856">
    <OldTextValue>•w follows:</OldTextValue>
    <NewTextValue>as follows:</NewTextValue>
  </TextCorrectedLine>
  <TextCorrectedLine lineID="P3_TL00857">
    <OldTextValue>CURRENT EXPENSE FUND. ' \ 3</OldTextValue>
    <NewTextValue>CURRENT EXPENSE FUND.</NewTextValue>
  </TextCorrectedLine>
  <TextCorrectedLine lineID="P3_TL00858">
    <OldTextValue>S. G. Spagnoli, bluejay scalps. .8 5 48</OldTextValue>
    <NewTextValue>S. G. Spagnoli, bluejay scalps. .$ 5 48</NewTextValue>
  </TextCorrectedLine>
</TextCorrectedBlock>
