<TextCorrectedBlock pageOID="AL19061130.1.2" blockID="P2_CB00001" userID="[redacted]">
  <TextCorrectedLine lineID="P2_TL00647">
    <OldTextValue>UP-TO-DATE BUSINESS ' MEN.</OldTextValue>
    <NewTextValue>UP-TO-DATE BUSINESS  MEN.</NewTextValue>
  </TextCorrectedLine>
  <TextCorrectedLine lineID="P2_TL00648">
    <OldTextValue>JjGINOCCHIO BRO'S.|</OldTextValue>
    <NewTextValue>GINOCCHIO BRO'S</NewTextValue>
  </TextCorrectedLine>
  <TextCorrectedLine lineID="P2_TL00649">
    <OldTextValue>HI "^ DEALERS IN</OldTextValue>
    <NewTextValue>DEALERS IN</NewTextValue>
  </TextCorrectedLine>
  <TextCorrectedLine lineID="P2_TL00650">
    <OldTextValue>I '■&amp;■:■ General Merchandise 1</OldTextValue>
    <NewTextValue>General Merchandise</NewTextValue>
  </TextCorrectedLine>
  <TextCorrectedLine lineID="P2_TL00651">
    <OldTextValue>H */ Groceries, Furnishing 'Goods, : Shoes, g</OldTextValue>
    <NewTextValue>Groceries, Furnishing Goods,  Shoes,</NewTextValue>
  </TextCorrectedLine>
  <TextCorrectedLine lineID="P2_TL00652">
    <OldTextValue>§. Jit Boots, Paints, Oils, Varnishes, Mining m</OldTextValue>
    <NewTextValue>Boots, Paints, Oils, Varnishes, Mining</NewTextValue>
  </TextCorrectedLine>
  <TextCorrectedLine lineID="P2_TL00653">
    <OldTextValue>/-TV Supplies, Lumber, Hardware, Hay,</OldTextValue>
    <NewTextValue>Supplies, Lumber, Hardware, Hay,</NewTextValue>
  </TextCorrectedLine>
  <TextCorrectedLine lineID="P2_TL00654">
    <OldTextValue>M Grain, etc etc. '«%</OldTextValue>
    <NewTextValue>Grain, etc etc.</NewTextValue>
  </TextCorrectedLine>
  <TextCorrectedLine lineID="P2_TL00655">
    <OldTextValue>M Corner Main and Water St. §</OldTextValue>
    <NewTextValue>Corner Main and Water St.</NewTextValue>
  </TextCorrectedLine>
  <TextCorrectedLine lineID="P2_TL00656">
    <OldTextValue>JACKSON '-.;-; - CALIFORNIA 1</OldTextValue>
    <NewTextValue>JACKSON  - - -  CALIFORNIA</NewTextValue>
  </TextCorrectedLine>
  <TextCorrectedLine lineID="P2_TL00657">
    <OldTextValue>• •••••••••••••••••••• #####M9a# a &gt;#cvc#vc99#()caf)a)cccc#a</OldTextValue>
    <NewTextValue></NewTextValue>
  </TextCorrectedLine>
  <TextCorrectedLine lineID="P2_TL00658">
    <OldTextValue>ii!iiy L. J. GlavinoviGli i</OldTextValue>
    <NewTextValue>L. J. Glavinovich</NewTextValue>
  </TextCorrectedLine>
  <TextCorrectedLine lineID="P2_TL00659">
    <OldTextValue>s.■-..-■-,-...s .■-..-■-,- ... : ■ .' '■: .i--iv:,, : . .... ■.:„ /..■:;</OldTextValue>
    <NewTextValue>McCALL BAZAAR PATTERNS</NewTextValue>
  </TextCorrectedLine>
  <TextCorrectedLine lineID="P2_TL00660">
    <OldTextValue>I LEADING; GROCERY STORE ;A\</OldTextValue>
    <NewTextValue>LEADING; GROCERY STORE</NewTextValue>
  </TextCorrectedLine>
  <TextCorrectedLine lineID="P2_TL00661">
    <OldTextValue>• L^ri^ Groceries, Dry Goods, •</OldTextValue>
    <NewTextValue>Groceries, Dry Goods,</NewTextValue>
  </TextCorrectedLine>
  <TextCorrectedLine lineID="P2_TL00662">
    <OldTextValue>• d Furnishing Goods, Boots, 4£ : -.•</OldTextValue>
    <NewTextValue>Furnishing Goods, Boots,</NewTextValue>
  </TextCorrectedLine>
  <TextCorrectedLine lineID="P2_TL00663">
    <OldTextValue>• n a ; Shoes, Toilet Articles, •</OldTextValue>
    <NewTextValue>Shoes, Toilet Articles,</NewTextValue>
  </TextCorrectedLine>
  <TextCorrectedLine lineID="P2_TL00664">
    <OldTextValue>§ I : ji£*^ Hardware, Miners' Sup- ; ; •</OldTextValue>
    <NewTextValue>Hardware, Miners' Sup-</NewTextValue>
  </TextCorrectedLine>
  <TextCorrectedLine lineID="P2_TL00665">
    <OldTextValue>• j i plies, Hay, Grain, Etc. j.</OldTextValue>
    <NewTextValue>plies, Hay, Grain, Etc.</NewTextValue>
  </TextCorrectedLine>
  <TextCorrectedLine lineID="P2_TL00666">
    <OldTextValue>5 Cor. Main &amp; Court Streets *"''" ' ' '- '■■--'""- •■</OldTextValue>
    <NewTextValue>Cor. Main &amp; Court Streets</NewTextValue>
  </TextCorrectedLine>
  <TextCorrectedLine lineID="P2_TL00667">
    <OldTextValue>I JACKSON, - - CAL. \ BazaarPaltern \</OldTextValue>
    <NewTextValue>JACKSON, - - CAL.         McCall BazaarPalterns</NewTextValue>
  </TextCorrectedLine>
  <TextCorrectedLine lineID="P2_TL00668">
    <OldTextValue>•••••••••••••••••••••••••••••••••*f»9%99m»»m»f*»9Z :</OldTextValue>
    <NewTextValue></NewTextValue>
  </TextCorrectedLine>
  <TextCorrectedLine lineID="P2_TL00669">
    <OldTextValue>J ; FINE ASSORTMENT OF— TEA AND COFFEE '</OldTextValue>
    <NewTextValue>FINE ASSORTMENT OF— TEA AND COFFEE</NewTextValue>
  </TextCorrectedLine>
  <TextCorrectedLine lineID="P2_TL00670">
    <OldTextValue>CENTRAL GROCERY HOUSE I:</OldTextValue>
    <NewTextValue>CENTRAL GROCERY HOUSE</NewTextValue>
  </TextCorrectedLine>
  <TextCorrectedLine lineID="P2_TL00671">
    <OldTextValue>ii ■F- r - "".-■■■.■ '■. \ * - * i \</OldTextValue>
    <NewTextValue></NewTextValue>
  </TextCorrectedLine>
  <TextCorrectedLine lineID="P2_TL00672">
    <OldTextValue>I 1I 1 .0. E. Olver &amp; Wm. J. Nettle, jr., Proprietors. ! !</OldTextValue>
    <NewTextValue>C.. E. Olver &amp; Wm. J. Nettle, jr., Proprietors.</NewTextValue>
  </TextCorrectedLine>
  <TextCorrectedLine lineID="P2_TL00673">
    <OldTextValue>; ; Full Line of — j \</OldTextValue>
    <NewTextValue>Full Line of —</NewTextValue>
  </TextCorrectedLine>
  <TextCorrectedLine lineID="P2_TL00674">
    <OldTextValue>\ ; l Fresh Groceries, Fruits, Vegetables. N !.*</OldTextValue>
    <NewTextValue>Fresh Groceries, Fruits, Vegetables.</NewTextValue>
  </TextCorrectedLine>
  <TextCorrectedLine lineID="P2_TL00675">
    <OldTextValue>; ; jjp^fs. • Fresh Fish every Thursday and Friday. ; ;</OldTextValue>
    <NewTextValue>Fresh Fish every Thursday and Friday.</NewTextValue>
  </TextCorrectedLine>
  <TextCorrectedLine lineID="P2_TL00676">
    <OldTextValue>ij North Main Street Jackson, Cal! ;j</OldTextValue>
    <NewTextValue>North Main Street Jackson, Cal.</NewTextValue>
  </TextCorrectedLine>
  <TextCorrectedLine lineID="P2_TL00677">
    <OldTextValue>♦•••••••••»»&gt;»»»»M&lt;&gt;s)»»&gt;«»»««»»»»»»»o»»»«»»»« &gt; o&lt;;»;o &lt; ;»;</OldTextValue>
    <NewTextValue></NewTextValue>
  </TextCorrectedLine>
  <TextCorrectedLine lineID="P2_TL00678">
    <OldTextValue>""state house hotel"</OldTextValue>
    <NewTextValue>state house hotel</NewTextValue>
  </TextCorrectedLine>
  <TextCorrectedLine lineID="P2_TL00679">
    <OldTextValue>"■ ' (A '-•'•■■ lOih and X Sts., Sacramento, Cal.</OldTextValue>
    <NewTextValue>10th and K Sts., Sacramento, Cal.</NewTextValue>
  </TextCorrectedLine>
  <TextCorrectedLine lineID="P2_TL00680">
    <OldTextValue>. ■ ■: ; '■'■"jb^ :,...,• iCt ..&lt;■■.■ American , and European Hotel. '</OldTextValue>
    <NewTextValue>American and European Hotel.</NewTextValue>
  </TextCorrectedLine>
</TextCorrectedBlock>
<TextCorrectedBlock pageOID="AL19061130.1.2" blockID="P2_CB00001" userID="[redacted]">
  <TextCorrectedLine lineID="P2_TL00687">
    <OldTextValue>- . • .. ■-.". ■ . MEALS 25 Cents •.. '</OldTextValue>
    <NewTextValue>MEALS 25 Cents</NewTextValue>
  </TextCorrectedLine>
  <TextCorrectedLine lineID="P2_TL00688">
    <OldTextValue>. FREE BUS. WiLLIAM LAND, Proprietor.</OldTextValue>
    <NewTextValue>FREE BUS.    WILLIAM LAND, Proprietor.</NewTextValue>
  </TextCorrectedLine>
</TextCorrectedBlock>
<TextCorrectedBlock pageOID="AL19061130.1.3" blockID="P3_TB00054" userID="[redacted]">
  <TextCorrectedLine lineID="P3_TL00655">
    <OldTextValue>Don't- forget the remnant sale, you</OldTextValue>
    <NewTextValue>Don't forget the remnant sale, you</NewTextValue>
  </TextCorrectedLine>
  <TextCorrectedLine lineID="P3_TL00656">
    <OldTextValue>an buy these ends at half price,</OldTextValue>
    <NewTextValue>can buy these ends at half price,</NewTextValue>
  </TextCorrectedLine>
  <TextCorrectedLine lineID="P3_TL00657">
    <OldTextValue>ackson Shoe Store.</OldTextValue>
    <NewTextValue>Jackson Shoe Store.</NewTextValue>
  </TextCorrectedLine>
</TextCorrectedBlock>
<TextCorrectedBlock pageOID="AL19061130.1.4" blockID="P4_CB00006" userID="[redacted]">
  <TextCorrectedLine lineID="P4_TL01022">
    <OldTextValue>The Kind Ton Havo Always Bought, and -which has been ;</OldTextValue>
    <NewTextValue>The Kind You Have Always Bought, and which has been</NewTextValue>
  </TextCorrectedLine>
  <TextCorrectedLine lineID="P4_TL01024">
    <OldTextValue>■ : '^jo- i: - '• ~ii' '"''•" — and has been made under his per-</OldTextValue>
    <NewTextValue>and has been made under his per-</NewTextValue>
  </TextCorrectedLine>
  <TextCorrectedLine lineID="P4_TL01025">
    <OldTextValue>jd^Jty'?~jPz&gt;f sonal supervision ijn^e its infancy. "</OldTextValue>
    <NewTextValue>sonal supervision since its infancy.</NewTextValue>
  </TextCorrectedLine>
  <TextCorrectedLine lineID="P4_TL01026">
    <OldTextValue>&gt;-o*arvjr t /&lt;CUcAMi Allow no one to derive you in this.</OldTextValue>
    <NewTextValue>Allow no one to deceive you in this.</NewTextValue>
  </TextCorrectedLine>
  <TextCorrectedLine lineID="P4_TL01027">
    <OldTextValue>All Counterfeits, Imitations and" Just-as-good '» 'are but T( .</OldTextValue>
    <NewTextValue>All Counterfeits, Imitations and" Just-as-good ' are but</NewTextValue>
  </TextCorrectedLine>
  <TextCorrectedLine lineID="P4_TL01028">
    <OldTextValue>Experiments that trifle with and endanger the health of -</OldTextValue>
    <NewTextValue>Experiments that trifle with and endanger the health of</NewTextValue>
  </TextCorrectedLine>
  <TextCorrectedLine lineID="P4_TL01032">
    <OldTextValue>- . goric, Drops and Soothing Syrups. It is Pleasant. It</OldTextValue>
    <NewTextValue>goric, Drops and Soothing Syrups. It is Pleasant. It</NewTextValue>
  </TextCorrectedLine>
  <TextCorrectedLine lineID="P4_TL01033">
    <OldTextValue>contains neither Opium, : Morphine nor other Narcotic</OldTextValue>
    <NewTextValue>contains neither Opium,  Morphine nor other Narcotic</NewTextValue>
  </TextCorrectedLine>
</TextCorrectedBlock>
<TextCorrectedBlock pageOID="AL19061130.1.4" blockID="P4_TB00033" userID="[redacted]">
  <TextCorrectedLine lineID="P4_TL00370">
    <OldTextValue>On Wednesday tbe depositions of</OldTextValue>
    <NewTextValue>On Wednesday the depositions of</NewTextValue>
  </TextCorrectedLine>
  <TextCorrectedLine lineID="P4_TL00371">
    <OldTextValue>fifteen witnesses in tbe case of Ernest</OldTextValue>
    <NewTextValue>fifteen witnesses in the case of Ernest</NewTextValue>
  </TextCorrectedLine>
  <TextCorrectedLine lineID="P4_TL00374">
    <OldTextValue>taken before justice C. H. MoClory.</OldTextValue>
    <NewTextValue>taken before justice C. H. McClory.</NewTextValue>
  </TextCorrectedLine>
  <TextCorrectedLine lineID="P4_TL00381">
    <OldTextValue>this town and ran for the office ot</OldTextValue>
    <NewTextValue>this town and ran for the office of</NewTextValue>
  </TextCorrectedLine>
</TextCorrectedBlock>
<TextCorrectedBlock pageOID="AL19061130.1.4" blockID="P4_TB00004" userID="[redacted]">
  <TextCorrectedLine lineID="P4_TL00033">
    <OldTextValue>Whereas, on tbe Ist riay of Novem-</OldTextValue>
    <NewTextValue>Whereas, on the 1st day of Novem-</NewTextValue>
  </TextCorrectedLine>
  <TextCorrectedLine lineID="P4_TL00034">
    <OldTextValue>ber A. D. 190G, Jamea S. Biowuell</OldTextValue>
    <NewTextValue>ber A. D. 1906, James S. Brownell</NewTextValue>
  </TextCorrectedLine>
  <TextCorrectedLine lineID="P4_TL00035">
    <OldTextValue>plaintilf, rscovered a judgment in</OldTextValue>
    <NewTextValue>plaintilf, recovered a judgment in</NewTextValue>
  </TextCorrectedLine>
  <TextCorrectedLine lineID="P4_TL00036">
    <OldTextValue>the superior couit of tbe~State of</OldTextValue>
    <NewTextValue>the superior court of the State of</NewTextValue>
  </TextCorrectedLine>
  <TextCorrectedLine lineID="P4_TL00037">
    <OldTextValue>California, iv and for tho city aud</OldTextValue>
    <NewTextValue>California, in and for the city and</NewTextValue>
  </TextCorrectedLine>
  <TextCorrectedLine lineID="P4_TL00038">
    <OldTextValue>county of Sau Frauciaco, against</OldTextValue>
    <NewTextValue>county of San Francisco, against</NewTextValue>
  </TextCorrectedLine>
  <TextCorrectedLine lineID="P4_TL00039">
    <OldTextValue>Wildman Consolidated Minea (a cor-</OldTextValue>
    <NewTextValue>Wildman Consolidated Mines (a cor-</NewTextValue>
  </TextCorrectedLine>
  <TextCorrectedLine lineID="P4_TL00040">
    <OldTextValue>poration) defendaut foi^ tha sum of</OldTextValue>
    <NewTextValue>poration) defendant for the sum of</NewTextValue>
  </TextCorrectedLine>
  <TextCorrectedLine lineID="P4_TL00041">
    <OldTextValue>82074.50 dollars, damages, with inter-</OldTextValue>
    <NewTextValue>$2074.50 dollars, damages, with inter-</NewTextValue>
  </TextCorrectedLine>
  <TextCorrectedLine lineID="P4_TL00042">
    <OldTextValue>est thereon fwm tbe date thereof at</OldTextValue>
    <NewTextValue>est thereon from the date thereof at</NewTextValue>
  </TextCorrectedLine>
  <TextCorrectedLine lineID="P4_TL00043">
    <OldTextValue>tbe rate of seven per cent per annum</OldTextValue>
    <NewTextValue>the rate of seven per cent per annum</NewTextValue>
  </TextCorrectedLine>
  <TextCorrectedLine lineID="P4_TL00046">
    <OldTextValue>ment, amounting to the sum of J19.75</OldTextValue>
    <NewTextValue>ment, amounting to the sum of $19.75</NewTextValue>
  </TextCorrectedLine>
  <TextCorrectedLine lineID="P4_TL00047">
    <OldTextValue>as appears to us ot record;</OldTextValue>
    <NewTextValue>as appears to us of record;</NewTextValue>
  </TextCorrectedLine>
  <TextCorrectedLine lineID="P4_TL00050">
    <OldTextValue>was entered is Hied in tbe clerk's</OldTextValue>
    <NewTextValue>was entered is filed in the clerk's</NewTextValue>
  </TextCorrectedLine>
  <TextCorrectedLine lineID="P4_TL00051">
    <OldTextValue>office of said court in the city aud</OldTextValue>
    <NewTextValue>office of said court in the city and</NewTextValue>
  </TextCorrectedLine>
  <TextCorrectedLine lineID="P4_TL00052">
    <OldTextValue>county of San Francisco, aud the said</OldTextValue>
    <NewTextValue>county of San Francisco, and the said</NewTextValue>
  </TextCorrectedLine>
  <TextCorrectedLine lineID="P4_TL00054">
    <OldTextValue>office, in said city and county, on tbe</OldTextValue>
    <NewTextValue>office, in said city and county, on the</NewTextValue>
  </TextCorrectedLine>
  <TextCorrectedLine lineID="P4_TL00055">
    <OldTextValue>day and year flrst abore written.</OldTextValue>
    <NewTextValue>day and year flrst above written.</NewTextValue>
  </TextCorrectedLine>
</TextCorrectedBlock>
<TextCorrectedBlock pageOID="AL19061130.1.4" blockID="P4_TB00010" userID="[redacted]">
  <TextCorrectedLine lineID="P4_TL00070">
    <OldTextValue>and the X Kay Quartz Mine, all j</OldTextValue>
    <NewTextValue>and the X Kay Quartz Mine, all</NewTextValue>
  </TextCorrectedLine>
  <TextCorrectedLine lineID="P4_TL00071">
    <OldTextValue>situated iv said mining district</OldTextValue>
    <NewTextValue>situated in said mining district</NewTextValue>
  </TextCorrectedLine>
  <TextCorrectedLine lineID="P4_TL00072">
    <OldTextValue>Qonnty and state, all of which were!</OldTextValue>
    <NewTextValue>county and state, all of which were</NewTextValue>
  </TextCorrectedLine>
  <TextCorrectedLine lineID="P4_TL00073">
    <OldTextValue>located by W. U. Emerson on the '</OldTextValue>
    <NewTextValue>located by W. H. Emerson on the</NewTextValue>
  </TextCorrectedLine>
  <TextCorrectedLine lineID="P4_TL00074">
    <OldTextValue>first day of Decembei, 1806; alsu all</OldTextValue>
    <NewTextValue>first day of December, 1896; also all</NewTextValue>
  </TextCorrectedLine>
  <TextCorrectedLine lineID="P4_TL00076">
    <OldTextValue>by the Wildmuu (Sold iMiuing Coui-</OldTextValue>
    <NewTextValue>by the Wildman Gold Minig Com-</NewTextValue>
  </TextCorrectedLine>
  <TextCorrectedLine lineID="P4_TL00077">
    <OldTextValue>PHuy, situated iv the said couuty of</OldTextValue>
    <NewTextValue>pany, situated in the said county of</NewTextValue>
  </TextCorrectedLine>
  <TextCorrectedLine lineID="P4_TL00079">
    <OldTextValue>all right, title uud interest, whicti</OldTextValue>
    <NewTextValue>all right, title and interest, which</NewTextValue>
  </TextCorrectedLine>
  <TextCorrectedLine lineID="P4_TL00080">
    <OldTextValue>said Wildmau Uold Mining Company</OldTextValue>
    <NewTextValue>said Wildman Gold Mining Company</NewTextValue>
  </TextCorrectedLine>
  <TextCorrectedLine lineID="P4_TL00081">
    <OldTextValue>hus or may hereafter acquire- iu'und</OldTextValue>
    <NewTextValue>has or may hereafter acquire in and</NewTextValue>
  </TextCorrectedLine>
  <TextCorrectedLine lineID="P4_TL00082">
    <OldTextValue>to thoso certain mines, mining claims</OldTextValue>
    <NewTextValue>to those certain mines, mining claims</NewTextValue>
  </TextCorrectedLine>
  <TextCorrectedLine lineID="P4_TL00083">
    <OldTextValue>aud properties situated iv said miu-</OldTextValue>
    <NewTextValue>and properties situated in said min-</NewTextValue>
  </TextCorrectedLine>
  <TextCorrectedLine lineID="P4_TL00084">
    <OldTextValue>iug district, county acd stute embrac-</OldTextValue>
    <NewTextValue>ing district, county and state embrac-</NewTextValue>
  </TextCorrectedLine>
  <TextCorrectedLine lineID="P4_TL00086">
    <OldTextValue>I'roperty" iiarticuiHily described us</OldTextValue>
    <NewTextValue>Property" particularly described as</NewTextValue>
  </TextCorrectedLine>
  <TextCorrectedLine lineID="P4_TL00088">
    <OldTextValue>bers j;j, 53, aud 54 in Section ti Town-</OldTextValue>
    <NewTextValue>bers 43, 53, and 54 in Section 6 Town-</NewTextValue>
  </TextCorrectedLine>
  <TextCorrectedLine lineID="P4_TL00090">
    <OldTextValue>fore knowu respectively hs the South</OldTextValue>
    <NewTextValue>fore known respectively as the South</NewTextValue>
  </TextCorrectedLine>
  <TextCorrectedLine lineID="P4_TL00091">
    <OldTextValue>Lincoln, Mahouey aud South Mabouey</OldTextValue>
    <NewTextValue>Lincoln, Mahoney and South Mahoney</NewTextValue>
  </TextCorrectedLine>
  <TextCorrectedLine lineID="P4_TL00092">
    <OldTextValue>Mines, but commonly known as uud</OldTextValue>
    <NewTextValue>Mines, but commonly known as and</NewTextValue>
  </TextCorrectedLine>
  <TextCorrectedLine lineID="P4_TL00093">
    <OldTextValue>called collectively, "The Mauouey</OldTextValue>
    <NewTextValue>called collectively, "The Mahoney</NewTextValue>
  </TextCorrectedLine>
  <TextCorrectedLine lineID="P4_TL00094">
    <OldTextValue>or llector Miue." A certaiu interest</OldTextValue>
    <NewTextValue>or Hector Mine." A certain interest</NewTextValue>
  </TextCorrectedLine>
  <TextCorrectedLine lineID="P4_TL00095">
    <OldTextValue>iv a mining claim lymg north of said</OldTextValue>
    <NewTextValue>in a mining claim lymg north of said</NewTextValue>
  </TextCorrectedLine>
  <TextCorrectedLine lineID="P4_TL00096">
    <OldTextValue>Mahon«y Aline and east of tbe Lin-</OldTextValue>
    <NewTextValue>Mahone Mine and east of the Lin-</NewTextValue>
  </TextCorrectedLine>
  <TextCorrectedLine lineID="P4_TL00097">
    <OldTextValue>coln Mine,, buown as and called the</OldTextValue>
    <NewTextValue>coln Mine, known as and called the</NewTextValue>
  </TextCorrectedLine>
  <TextCorrectedLine lineID="P4_TL00098">
    <OldTextValue>'Hubimrd and MoAdams Quartz</OldTextValue>
    <NewTextValue>Hubbard and McAdams Quartz</NewTextValue>
  </TextCorrectedLine>
  <TextCorrectedLine lineID="P4_TL00099">
    <OldTextValue>Miuo".</OldTextValue>
    <NewTextValue>Mine".</NewTextValue>
  </TextCorrectedLine>
</TextCorrectedBlock>
