<TextCorrectedBlock pageOID="AL19000622.1.1" blockID="P1_TB00118" userID="[redacted]">
  <TextCorrectedLine lineID="P1_TL00813">
    <OldTextValue>TO THE PASS EXPOSITION</OldTextValue>
    <NewTextValue>TO THE PARIS EXPOSITION</NewTextValue>
  </TextCorrectedLine>
</TextCorrectedBlock>
<TextCorrectedBlock pageOID="AL19000622.1.1" blockID="P1_TB00122" userID="[redacted]">
  <TextCorrectedLine lineID="P1_TL00818">
    <OldTextValue>IfiTERESTING REFLECTIONS OF THE VOYftGE</OldTextValue>
    <NewTextValue>INTERESTING REFLECTIONS OF THE VOYAGE</NewTextValue>
  </TextCorrectedLine>
</TextCorrectedBlock>
<TextCorrectedBlock pageOID="AL19000622.1.1" blockID="P1_TB00002" userID="[redacted]">
  <TextCorrectedLine lineID="P1_TL00011">
    <OldTextValue>Steamer* Deck.— Seasick</OldTextValue>
    <NewTextValue>Steamer's Deck.— Seasick</NewTextValue>
  </TextCorrectedLine>
  <TextCorrectedLine lineID="P1_TL00012">
    <OldTextValue>Passengers. * '</OldTextValue>
    <NewTextValue>Passengers. '</NewTextValue>
  </TextCorrectedLine>
</TextCorrectedBlock>
<TextCorrectedBlock pageOID="AL19000622.1.1" blockID="P1_TB00111" userID="[redacted]">
  <TextCorrectedLine lineID="P1_TL00670">
    <OldTextValue>P-'y, (From Our Regular Correspondent.) „ , .»</OldTextValue>
    <NewTextValue>(From Our Regular Correspondent.)</NewTextValue>
  </TextCorrectedLine>
  <TextCorrectedLine lineID="P1_TL00671">
    <OldTextValue>Mid Ocean, May 20, 1900. ,</OldTextValue>
    <NewTextValue>Mid Ocean, May 20, 1900.</NewTextValue>
  </TextCorrectedLine>
</TextCorrectedBlock>
<TextCorrectedBlock pageOID="AL19000622.1.1" blockID="P1_TB00001" userID="[redacted]">
  <TextCorrectedLine lineID="P1_TL00002">
    <OldTextValue>open,' lips blue and face "the; color of</OldTextValue>
    <NewTextValue>open, lips blue and face the; color of</NewTextValue>
  </TextCorrectedLine>
  <TextCorrectedLine lineID="P1_TL00004">
    <OldTextValue>story.- that s on their wedding jtour to</OldTextValue>
    <NewTextValue>story.- that s on their wedding tour to</NewTextValue>
  </TextCorrectedLine>
  <TextCorrectedLine lineID="P1_TL00005">
    <OldTextValue>Europe the sea-eick husband glancing</OldTextValue>
    <NewTextValue>Europe the sea-sick husband glancing</NewTextValue>
  </TextCorrectedLine>
  <TextCorrectedLine lineID="P1_TL00009">
    <OldTextValue>of her." '■•[</OldTextValue>
    <NewTextValue>of her."</NewTextValue>
  </TextCorrectedLine>
</TextCorrectedBlock>
<TextCorrectedBlock pageOID="AL19000622.1.1" blockID="P1_TB00116" userID="[redacted]">
  <TextCorrectedLine lineID="P1_TL00811">
    <OldTextValue>United BUtM Mineral Production.</OldTextValue>
    <NewTextValue>United States Mineral Production.</NewTextValue>
  </TextCorrectedLine>
</TextCorrectedBlock>
<TextCorrectedBlock pageOID="AL19000622.1.1" blockID="P1_TB00117" userID="[redacted]">
  <TextCorrectedLine lineID="P1_TL00812">
    <OldTextValue>THE BIBHOP AND DIPLOMAT.</OldTextValue>
    <NewTextValue>THE BISHOP AND DIPLOMAT.</NewTextValue>
  </TextCorrectedLine>
</TextCorrectedBlock>
<TextCorrectedBlock pageOID="AL19000622.1.1" blockID="P1_TB00034" userID="[redacted]">
  <TextCorrectedLine lineID="P1_TL00188">
    <OldTextValue>ninatratlon ot ■ Diplomatic Attltad*</OldTextValue>
    <NewTextValue>Illustration of a Diplomatic Attitude</NewTextValue>
  </TextCorrectedLine>
</TextCorrectedBlock>
<TextCorrectedBlock pageOID="AL19000622.1.1" blockID="P1_TB00031" userID="[redacted]">
  <TextCorrectedLine lineID="P1_TL00180">
    <OldTextValue>credited. ■ After dinner the embassa-</OldTextValue>
    <NewTextValue>credited.  After dinner the embassa-</NewTextValue>
  </TextCorrectedLine>
  <TextCorrectedLine lineID="P1_TL00182">
    <OldTextValue>ribbon and i stars, sitting next to my</OldTextValue>
    <NewTextValue>ribbon and  stars, sitting next to my</NewTextValue>
  </TextCorrectedLine>
</TextCorrectedBlock>
<TextCorrectedBlock pageOID="AL19000622.1.1" blockID="P1_CB00003" userID="[redacted]">
  <TextCorrectedLine lineID="P1_TL01036">
    <OldTextValue>THB VACANT CHAIR.</OldTextValue>
    <NewTextValue>THE VACANT CHAIR.</NewTextValue>
  </TextCorrectedLine>
</TextCorrectedBlock>
<TextCorrectedBlock pageOID="AL19000622.1.1" blockID="P1_TB00014" userID="[redacted]">
  <TextCorrectedLine lineID="P1_TL00076">
    <OldTextValue>Tea, indeed It Is," admitted the D.</OldTextValue>
    <NewTextValue>"Yes, indeed It Is," admitted the D.</NewTextValue>
  </TextCorrectedLine>
</TextCorrectedBlock>
<TextCorrectedBlock pageOID="AL19000622.1.1" blockID="P1_TB00014" userID="[redacted]">
  <TextCorrectedLine lineID="P1_TL00084">
    <OldTextValue>know, read a lovely paper on 'Gkrn-</OldTextValue>
    <NewTextValue>know, read a lovely paper on 'Gou-</NewTextValue>
  </TextCorrectedLine>
</TextCorrectedBlock>
<TextCorrectedBlock pageOID="AL19000622.1.1" blockID="P1_TB00014" userID="[redacted]">
  <TextCorrectedLine lineID="P1_TL00083">
    <OldTextValue>fessor I Sparks of the university, you</OldTextValue>
    <NewTextValue>fessor Sparks of the university, you</NewTextValue>
  </TextCorrectedLine>
</TextCorrectedBlock>
<TextCorrectedBlock pageOID="AL19000622.1.2" blockID="P2_TB00024" userID="[redacted]">
  <TextCorrectedLine lineID="P2_TL00113">
    <OldTextValue>f. .China is defying the whole world. When her forts</OldTextValue>
    <NewTextValue>China is defying the whole world. When her forts</NewTextValue>
  </TextCorrectedLine>
</TextCorrectedBlock>
<TextCorrectedBlock pageOID="AL19000622.1.2" blockID="P2_TB00025" userID="[redacted]">
  <TextCorrectedLine lineID="P2_TL00151">
    <OldTextValue>silver coinage to be fixed at 16 to i. The issuing of paper</OldTextValue>
    <NewTextValue>silver coinage to be fixed at 16 to 1. The issuing of paper</NewTextValue>
  </TextCorrectedLine>
</TextCorrectedBlock>
<TextCorrectedBlock pageOID="AL19000622.1.2" blockID="P2_TB00038" userID="[redacted]">
  <TextCorrectedLine lineID="P2_TL00279">
    <OldTextValue>Fourth of July celebration at Sutter Creek.' From all ac-</OldTextValue>
    <NewTextValue>Fourth of July celebration at Sutter Creek. From all ac-</NewTextValue>
  </TextCorrectedLine>
  <TextCorrectedLine lineID="P2_TL00280">
    <OldTextValue>, counts, our enterprising neighbors of the other valley are</OldTextValue>
    <NewTextValue>counts, our enterprising neighbors of the other valley are</NewTextValue>
  </TextCorrectedLine>
  <TextCorrectedLine lineID="P2_TL00284">
    <OldTextValue>eclipse all others. Our people will no doubt attend ia force,</OldTextValue>
    <NewTextValue>eclipse all others. Our people will no doubt attend in force,</NewTextValue>
  </TextCorrectedLine>
</TextCorrectedBlock>
<TextCorrectedBlock pageOID="AL19000622.1.2" blockID="P2_TB00046" userID="[redacted]">
  <TextCorrectedLine lineID="P2_TL00308">
    <OldTextValue>THE*bugabo© about accepting the Vice-Presidency for</OldTextValue>
    <NewTextValue>THE bugaboo about accepting the Vice-Presidency for</NewTextValue>
  </TextCorrectedLine>
</TextCorrectedBlock>
<TextCorrectedBlock pageOID="AL19000622.1.2" blockID="P2_TB00015" userID="[redacted]">
  <TextCorrectedLine lineID="P2_TL00064">
    <OldTextValue>5 June 13.— F.'W: AtkinsoD, appoint-</OldTextValue>
    <NewTextValue>5 June 13.— F. 'W: Atkinson, appoint-</NewTextValue>
  </TextCorrectedLine>
  <TextCorrectedLine lineID="P2_TL00067">
    <OldTextValue>structions in Manila is en route to tha</OldTextValue>
    <NewTextValue>structions in Manila is en route to the</NewTextValue>
  </TextCorrectedLine>
</TextCorrectedBlock>
<TextCorrectedBlock pageOID="AL19000622.1.2" blockID="P2_TB00014" userID="[redacted]">
  <TextCorrectedLine lineID="P2_TL00062">
    <OldTextValue>expected to, take, place, in the Philip-</OldTextValue>
    <NewTextValue>expected to, take, place in the Philip-</NewTextValue>
  </TextCorrectedLine>
</TextCorrectedBlock>
<TextCorrectedBlock pageOID="AL19000622.1.2" blockID="P2_TB00013" userID="[redacted]">
  <TextCorrectedLine lineID="P2_TL00056">
    <OldTextValue>3 June 16. — American troops now 'in</OldTextValue>
    <NewTextValue>June 16. — American troops now in</NewTextValue>
  </TextCorrectedLine>
  <TextCorrectedLine lineID="P2_TL00059">
    <OldTextValue>General 'Macabulos 1 surrenders -at</OldTextValue>
    <NewTextValue>General Macabulos surrenders at</NewTextValue>
  </TextCorrectedLine>
  <TextCorrectedLine lineID="P2_TL00060">
    <OldTextValue>.Tarlae? : ~ • •"■ ;■ ' 'i .</OldTextValue>
    <NewTextValue>Tarlac.</NewTextValue>
  </TextCorrectedLine>
</TextCorrectedBlock>
<TextCorrectedBlock pageOID="AL19000622.1.2" blockID="P2_TB00012" userID="[redacted]">
  <TextCorrectedLine lineID="P2_TL00053">
    <OldTextValue>JV June 17,— Filipinos are : making 'no</OldTextValue>
    <NewTextValue>June 17— Filipinos are making no</NewTextValue>
  </TextCorrectedLine>
  <TextCorrectedLine lineID="P2_TL00054">
    <OldTextValue>important -movements. Military af-</OldTextValue>
    <NewTextValue>important movements. Military af-</NewTextValue>
  </TextCorrectedLine>
  <TextCorrectedLine lineID="P2_TL00055">
    <OldTextValue>fairs somewhat quiet. ,■■-.'■■■</OldTextValue>
    <NewTextValue>fairs somewhat quiet.</NewTextValue>
  </TextCorrectedLine>
</TextCorrectedBlock>
<TextCorrectedBlock pageOID="AL19000622.1.2" blockID="P2_TB00011" userID="[redacted]">
  <TextCorrectedLine lineID="P2_TL00050">
    <OldTextValue>'• June 18. — American troops sail from</OldTextValue>
    <NewTextValue>June 18. — American troops sail from</NewTextValue>
  </TextCorrectedLine>
  <TextCorrectedLine lineID="P2_TL00051">
    <OldTextValue>Manila to join the international -army</OldTextValue>
    <NewTextValue>Manila to join the international army</NewTextValue>
  </TextCorrectedLine>
  <TextCorrectedLine lineID="P2_TL00052">
    <OldTextValue>in China.. r - - . ■&gt; ■ - r ■ &gt;■ ■ " • -. y.</OldTextValue>
    <NewTextValue>in China.</NewTextValue>
  </TextCorrectedLine>
</TextCorrectedBlock>
<TextCorrectedBlock pageOID="AL19000622.1.2" blockID="P2_TB00010" userID="[redacted]">
  <TextCorrectedLine lineID="P2_TL00043">
    <OldTextValue>June 19.— Storm • delays operations</OldTextValue>
    <NewTextValue>June 19.— Storm delays operations</NewTextValue>
  </TextCorrectedLine>
  <TextCorrectedLine lineID="P2_TL00044">
    <OldTextValue>in Philippines.^ Road between Tarlac</OldTextValue>
    <NewTextValue>in Philippines. Road between Tarlac</NewTextValue>
  </TextCorrectedLine>
  <TextCorrectedLine lineID="P2_TL00049">
    <OldTextValue>defeated.: .-- ' . \ i ■ -•? ;j ■ ■:</OldTextValue>
    <NewTextValue>defeated.</NewTextValue>
  </TextCorrectedLine>
</TextCorrectedBlock>
<TextCorrectedBlock pageOID="AL19000622.1.2" blockID="P2_TB00037" userID="[redacted]">
  <TextCorrectedLine lineID="P2_TL00228">
    <OldTextValue>DEEDS. " ' .. ■</OldTextValue>
    <NewTextValue>DEEDS.</NewTextValue>
  </TextCorrectedLine>
  <TextCorrectedLine lineID="P2_TL00230">
    <OldTextValue>One-third'interest in lot 5, block 7, and one-</OldTextValue>
    <NewTextValue>One-third interest in lot 5, block 7, and one-</NewTextValue>
  </TextCorrectedLine>
</TextCorrectedBlock>
<TextCorrectedBlock pageOID="AL19000622.1.2" blockID="P2_TB00059" userID="[redacted]">
  <TextCorrectedLine lineID="P2_TL00435">
    <OldTextValue>Civil bill of -$250,000 for irrigation sur-</OldTextValue>
    <NewTextValue>Civil bill of $250,000 for irrigation sur-</NewTextValue>
  </TextCorrectedLine>
  <TextCorrectedLine lineID="P2_TL00436">
    <OldTextValue>veys, dyring the -closing days of Con-</OldTextValue>
    <NewTextValue>veys, dyring the closing days of Con-</NewTextValue>
  </TextCorrectedLine>
  <TextCorrectedLine lineID="P2_TL00441">
    <OldTextValue>000, it of course raised a ] storm of ob-</OldTextValue>
    <NewTextValue>000, it of course raised a storm of ob-</NewTextValue>
  </TextCorrectedLine>
</TextCorrectedBlock>
<TextCorrectedBlock pageOID="AL19000622.1.2" blockID="P2_TB00022" userID="[redacted]">
  <TextCorrectedLine lineID="P2_TL00092">
    <OldTextValue>eral Variety Stows, Jackson, Cal., and</OldTextValue>
    <NewTextValue>eral Variety Store, Jackson, Cal., and</NewTextValue>
  </TextCorrectedLine>
  <TextCorrectedLine lineID="P2_TL00093">
    <OldTextValue>liquidating the same. ;;</OldTextValue>
    <NewTextValue>liquidating the same.</NewTextValue>
  </TextCorrectedLine>
  <TextCorrectedLine lineID="P2_TL00094">
    <OldTextValue>Mrs. E. G. Freeman. : :</OldTextValue>
    <NewTextValue>Mrs. E. G. Freeman.</NewTextValue>
  </TextCorrectedLine>
  <TextCorrectedLine lineID="P2_TL00095">
    <OldTextValue>'. . . 6-22-tf</OldTextValue>
    <NewTextValue>6-22-tf</NewTextValue>
  </TextCorrectedLine>
</TextCorrectedBlock>
<TextCorrectedBlock pageOID="AL19000622.1.2" blockID="P2_CB00003" userID="[redacted]">
  <TextCorrectedLine lineID="P2_TL00647">
    <OldTextValue>Jackson, California, Sunday, June 17. 1800,</OldTextValue>
    <NewTextValue>Jackson, California, Sunday, June 17. 1900,</NewTextValue>
  </TextCorrectedLine>
  <TextCorrectedLine lineID="P2_TL00651">
    <OldTextValue>Thursday, June 2t, 1900, Solomon Petty, a^ed</OldTextValue>
    <NewTextValue>Thursday, June 21, 1900, Solomon Petty, aged</NewTextValue>
  </TextCorrectedLine>
  <TextCorrectedLine lineID="P2_TL00654">
    <OldTextValue>* ofc * THE LEADING HOTEL</OldTextValue>
    <NewTextValue>* * * THE LEADING HOTEL</NewTextValue>
  </TextCorrectedLine>
  <TextCorrectedLine lineID="P2_TL00655">
    <OldTextValue>\ NEW SIX STORY FIRE PROOF BRICK</OldTextValue>
    <NewTextValue>NEW SIX STORY FIRE PROOF BRICK</NewTextValue>
  </TextCorrectedLine>
  <TextCorrectedLine lineID="P2_TL00656">
    <OldTextValue>JX. Unllding, 350 Rooms. Handsomely Fur-</OldTextValue>
    <NewTextValue>Building, 350 Rooms. Handsomely Fur-</NewTextValue>
  </TextCorrectedLine>
</TextCorrectedBlock>
<TextCorrectedBlock pageOID="AL19000622.1.2" blockID="P2_CB00007" userID="[redacted]">
  <TextCorrectedLine lineID="P2_TL00758">
    <OldTextValue>C (§*' v if — r*-if — a* la'i* — *cy^,* — *r^ ▼a 'y^s — ~y - *%h</OldTextValue>
    <NewTextValue></NewTextValue>
  </TextCorrectedLine>
  <TextCorrectedLine lineID="P2_TL00760">
    <OldTextValue>'■ . ... ..,. j_,' ■ ■ '..'••- ■ ■ .■ ■ ■•■• ' ■ ■ &gt;"■•: '■■■ '•:'•</OldTextValue>
    <NewTextValue></NewTextValue>
  </TextCorrectedLine>
  <TextCorrectedLine lineID="P2_TL00763">
    <OldTextValue>, ME-^</OldTextValue>
    <NewTextValue>PROGRAMME</NewTextValue>
  </TextCorrectedLine>
  <TextCorrectedLine lineID="P2_TL00765">
    <OldTextValue>drcas and Preston School Bands. I</OldTextValue>
    <NewTextValue>drcas and Preston School Bands.</NewTextValue>
  </TextCorrectedLine>
  <TextCorrectedLine lineID="P2_TL00766">
    <OldTextValue>„,. " _, ■ _. ,■ .• _■' i'3— Scientific- Boxing Match by two</OldTextValue>
    <NewTextValue>'3— Scientific- Boxing Match by two</NewTextValue>
  </TextCorrectedLine>
  <TextCorrectedLine lineID="P2_TL00769">
    <OldTextValue>Patriotic Song by Madame Elizabeth ' n „„„ ,„ tr ,  . , ,</OldTextValue>
    <NewTextValue>Patriotic Song by Madame Elizabeth '</NewTextValue>
  </TextCorrectedLine>
  <TextCorrectedLine lineID="P2_TL00770">
    <OldTextValue>Jlegtna Lowry, San tranoiscq's Fay- Grec ?l °TA. Wr«tßng M»toh by</OldTextValue>
    <NewTextValue>Regina Lowry, San tranoiscq's Fay- Grec ?l °TA. Wr«tßng M»toh by</NewTextValue>
  </TextCorrectedLine>
</TextCorrectedBlock>
<TextCorrectedBlock pageOID="AL19000622.1.2" blockID="P2_CB00001" userID="[redacted]">
  <TextCorrectedLine lineID="P2_TL00463">
    <OldTextValue>IS HEREBY GIVEN THAtW</OldTextValue>
    <NewTextValue>IS HEREBY GIVEN THAT A</NewTextValue>
  </TextCorrectedLine>
  <TextCorrectedLine lineID="P2_TL00464">
    <OldTextValue>ww l i™« peo n a i? 16 , 6 , 1 ,' 118 ol Ule Stockholders of the</OldTextValue>
    <NewTextValue>special meeting of the Stockholders of the</NewTextValue>
  </TextCorrectedLine>
  <TextCorrectedLine lineID="P2_TL00466">
    <OldTextValue>at U Kck p C m° Dl ° n SatUr&lt;lay ' Jnne " ; lmS -</OldTextValue>
    <NewTextValue>will be held at the office of the secretary, Kay</NewTextValue>
  </TextCorrectedLine>
  <TextCorrectedLine lineID="P2_TL00467">
    <OldTextValue>■-&gt; ■ &gt; / WILL A. NEWCUM, Secy</OldTextValue>
    <NewTextValue>Building, Jackson, on Saturday, June 16, 1900 / WILL A. NEWCUM, Secy</NewTextValue>
  </TextCorrectedLine>
  <TextCorrectedLine lineID="P2_TL00468">
    <OldTextValue>Assessment Notice; '■'-' "</OldTextValue>
    <NewTextValue>Assessment Notice.</NewTextValue>
  </TextCorrectedLine>
</TextCorrectedBlock>
<TextCorrectedBlock pageOID="AL19000622.1.2" blockID="P2_CB00001" userID="[redacted]">
  <TextCorrectedLine lineID="P2_TL00535">
    <OldTextValue>ferred. ■ • . . , ■ ■  ,</OldTextValue>
    <NewTextValue>ferred.</NewTextValue>
  </TextCorrectedLine>
  <TextCorrectedLine lineID="P2_TL00536">
    <OldTextValue>And you are hereby notißed that if you fail to</OldTextValue>
    <NewTextValue>And you are hereby notified that if you fail to</NewTextValue>
  </TextCorrectedLine>
</TextCorrectedBlock>
<TextCorrectedBlock pageOID="AL19000622.1.2" blockID="P2_CB00001" userID="[redacted]">
  <TextCorrectedLine lineID="P2_TL00539">
    <OldTextValue>against you, defendant, for the sum of j*w 44-</OldTextValue>
    <NewTextValue>against you, defendant, for the sum of $220 44-</NewTextValue>
  </TextCorrectedLine>
</TextCorrectedBlock>
