<TextCorrectedBlock pageOID="AL19030717.1.1" blockID="P1_CB00002" userID="[redacted]">
  <TextCorrectedLine lineID="P1_TL00780">
    <OldTextValue>y B. SPAGNOLI</OldTextValue>
    <NewTextValue>D. B. SPAGNOLI</NewTextValue>
  </TextCorrectedLine>
  <TextCorrectedLine lineID="P1_TL00781">
    <OldTextValue>Attorney :m&lt;l Counselor :at l.uu</OldTextValue>
    <NewTextValue>Attorney and Counselor Law</NewTextValue>
  </TextCorrectedLine>
  <TextCorrectedLine lineID="P1_TL00786">
    <OldTextValue>5.W. CALDWEU</OldTextValue>
    <NewTextValue>.W. CALDWELL</NewTextValue>
  </TextCorrectedLine>
  <TextCorrectedLine lineID="P1_TL00787">
    <OldTextValue>Attoruey-at-t.aw</OldTextValue>
    <NewTextValue>Attorney-at-Law</NewTextValue>
  </TextCorrectedLine>
  <TextCorrectedLine lineID="P1_TL00789">
    <OldTextValue>11 practice in all courts of the State.</OldTextValue>
    <NewTextValue>Will practice in all courts of the State.</NewTextValue>
  </TextCorrectedLine>
  <TextCorrectedLine lineID="P1_TL00790">
    <OldTextValue>. • 'i ■ '- _ - '■■.'. -.■-_.-'■•■'-■■* ■'-■■'*</OldTextValue>
    <NewTextValue></NewTextValue>
  </TextCorrectedLine>
</TextCorrectedBlock>
<TextCorrectedBlock pageOID="AL19030717.1.1" blockID="P1_TB00009" userID="[redacted]">
  <TextCorrectedLine lineID="P1_TL00040">
    <OldTextValue>Assembly muu Hon. C. H. McKenney</OldTextValue>
    <NewTextValue>Assemblyman .... Hon. C. H. McKenney</NewTextValue>
  </TextCorrectedLine>
  <TextCorrectedLine lineID="P1_TL00041">
    <OldTextValue>Superior Judge Hon. R. C. Rust</OldTextValue>
    <NewTextValue>Superior Judge ....  Hon. R. C. Rust</NewTextValue>
  </TextCorrectedLine>
  <TextCorrectedLine lineID="P1_TL00043">
    <OldTextValue>Deputies.! ...Fred Jackson, H E. Kay</OldTextValue>
    <NewTextValue>Deputies. ...Fred Jackson, H E. Kay</NewTextValue>
  </TextCorrectedLine>
  <TextCorrectedLine lineID="P1_TL00044">
    <OldTextValue>County Clerk and. Auditor ...~.C L. Culbert</OldTextValue>
    <NewTextValue>County Clerk and Auditor ... C L. Culbert</NewTextValue>
  </TextCorrectedLine>
  <TextCorrectedLine lineID="P1_TL00045">
    <OldTextValue>Deputy County C1erk.. ...". .J. R.iHuberty</OldTextValue>
    <NewTextValue>Deputy County Clerk.. ..... .J. R. Huberty</NewTextValue>
  </TextCorrectedLine>
  <TextCorrectedLine lineID="P1_TL00046">
    <OldTextValue>District Attorney C. P. Viclni</OldTextValue>
    <NewTextValue>District Attorney ....  C. P. Vicini</NewTextValue>
  </TextCorrectedLine>
  <TextCorrectedLine lineID="P1_TL00047">
    <OldTextValue>Treasurer Geo. A Gritton</OldTextValue>
    <NewTextValue>Treasurer ..... Geo. A Gritton</NewTextValue>
  </TextCorrectedLine>
  <TextCorrectedLine lineID="P1_TL00048">
    <OldTextValue>Recorder D. A. Patterson</OldTextValue>
    <NewTextValue>Recorder ..... D. A. Patterson</NewTextValue>
  </TextCorrectedLine>
  <TextCorrectedLine lineID="P1_TL00049">
    <OldTextValue>Assessor '.. ! John Marcbant</OldTextValue>
    <NewTextValue>Assessor ..... John Marchant</NewTextValue>
  </TextCorrectedLine>
  <TextCorrectedLine lineID="P1_TL00050">
    <OldTextValue>Deputy Assessor George P. Mack</OldTextValue>
    <NewTextValue>Deputy Assessor ....  George P. Mack</NewTextValue>
  </TextCorrectedLine>
</TextCorrectedBlock>
<TextCorrectedBlock pageOID="AL19030717.1.1" blockID="P1_TB00070" userID="[redacted]">
  <TextCorrectedLine lineID="P1_TL00468">
    <OldTextValue>To the Stockholders aDd Subscribers:</OldTextValue>
    <NewTextValue>To the Stockholders and Subscribers:</NewTextValue>
  </TextCorrectedLine>
  <TextCorrectedLine lineID="P1_TL00470">
    <OldTextValue>of the Del Montu Mining and Milling</OldTextValue>
    <NewTextValue>of the Del Monte Mining and Milling</NewTextValue>
  </TextCorrectedLine>
  <TextCorrectedLine lineID="P1_TL00472">
    <OldTextValue>ved according to law, was held at tho</OldTextValue>
    <NewTextValue>ved according to law, was held at the</NewTextValue>
  </TextCorrectedLine>
  <TextCorrectedLine lineID="P1_TL00473">
    <OldTextValue>office o f tho Company in Jackson on</OldTextValue>
    <NewTextValue>office of the Company in Jackson on</NewTextValue>
  </TextCorrectedLine>
  <TextCorrectedLine lineID="P1_TL00477">
    <OldTextValue>ing, either in persou or by proxy,</OldTextValue>
    <NewTextValue>ing, either in person or by proxy,</NewTextValue>
  </TextCorrectedLine>
  <TextCorrectedLine lineID="P1_TL00478">
    <OldTextValue>52,025 shares of s" ; OBk. The total num-</OldTextValue>
    <NewTextValue>52,025 shares of stock. The total num-</NewTextValue>
  </TextCorrectedLine>
  <TextCorrectedLine lineID="P1_TL00480">
    <OldTextValue>shown by th« st»ck books of tbo com-</OldTextValue>
    <NewTextValue>shown by the stock books of the com-</NewTextValue>
  </TextCorrectedLine>
  <TextCorrectedLine lineID="P1_TL00481">
    <OldTextValue>pany, wajj 58,00(1 shares.</OldTextValue>
    <NewTextValue>pany, was 58,000 shares.</NewTextValue>
  </TextCorrectedLine>
  <TextCorrectedLine lineID="P1_TL00482">
    <OldTextValue>' The following directors woro elected</OldTextValue>
    <NewTextValue>The following directors were elected</NewTextValue>
  </TextCorrectedLine>
  <TextCorrectedLine lineID="P1_TL00484">
    <OldTextValue>Richard Webb, Geo. I.' Wright, B, C.</OldTextValue>
    <NewTextValue>Richard Webb, Geo. I. Wright, B, C.</NewTextValue>
  </TextCorrectedLine>
  <TextCorrectedLine lineID="P1_TL00486">
    <OldTextValue>Tho secretary presented tho following</OldTextValue>
    <NewTextValue>The secretary presented the following</NewTextValue>
  </TextCorrectedLine>
  <TextCorrectedLine lineID="P1_TL00488">
    <OldTextValue>■■&gt;-,• balance sheet:— '-.:•</OldTextValue>
    <NewTextValue>balance sheet:—</NewTextValue>
  </TextCorrectedLine>
  <TextCorrectedLine lineID="P1_TL00489">
    <OldTextValue>DR. CR.</OldTextValue>
    <NewTextValue>DR.                            CR.</NewTextValue>
  </TextCorrectedLine>
</TextCorrectedBlock>
<TextCorrectedBlock pageOID="AL19030717.1.1" blockID="P1_TB00025" userID="[redacted]">
  <TextCorrectedLine lineID="P1_TL00186">
    <OldTextValue>a nervous habit? Is it vanity? It Is</OldTextValue>
    <NewTextValue>a nervous habit? Is it vanity? It is</NewTextValue>
  </TextCorrectedLine>
  <TextCorrectedLine lineID="P1_TL00187">
    <OldTextValue>an old habit. I liave never known a</OldTextValue>
    <NewTextValue>an old habit. I have never known a</NewTextValue>
  </TextCorrectedLine>
  <TextCorrectedLine lineID="P1_TL00188">
    <OldTextValue>man who did not indulge tills habit.</OldTextValue>
    <NewTextValue>man who did not indulge this habit.</NewTextValue>
  </TextCorrectedLine>
  <TextCorrectedLine lineID="P1_TL00190">
    <OldTextValue>their fingers through, . men whoso,</OldTextValue>
    <NewTextValue>their fingers through, men whose,</NewTextValue>
  </TextCorrectedLine>
  <TextCorrectedLine lineID="P1_TL00193">
    <OldTextValue>when they lift their hats. If the uieii</OldTextValue>
    <NewTextValue>when they lift their hats. If the men</NewTextValue>
  </TextCorrectedLine>
  <TextCorrectedLine lineID="P1_TL00194">
    <OldTextValue>simply wanted to smooth their touslrd</OldTextValue>
    <NewTextValue>simply wanted to smooth their tousled</NewTextValue>
  </TextCorrectedLine>
  <TextCorrectedLine lineID="P1_TL00196">
    <OldTextValue>explanation of the habit. But wliy</OldTextValue>
    <NewTextValue>explanation of the habit. But why</NewTextValue>
  </TextCorrectedLine>
  <TextCorrectedLine lineID="P1_TL00199">
    <OldTextValue>sufficient answer to say that such n</OldTextValue>
    <NewTextValue>sufficient answer to say that such a</NewTextValue>
  </TextCorrectedLine>
  <TextCorrectedLine lineID="P1_TL00200">
    <OldTextValue>man may have liad a full suit of hair</OldTextValue>
    <NewTextValue>man may have had a full suit of hair</NewTextValue>
  </TextCorrectedLine>
  <TextCorrectedLine lineID="P1_TL00201">
    <OldTextValue>at , one time and that it is simply a</OldTextValue>
    <NewTextValue>at one time and that it is simply a</NewTextValue>
  </TextCorrectedLine>
  <TextCorrectedLine lineID="P1_TL00203">
    <OldTextValue>ferent conditions. As n nile.nion are</OldTextValue>
    <NewTextValue>ferent conditions. As a rule, men are</NewTextValue>
  </TextCorrectedLine>
  <TextCorrectedLine lineID="P1_TL00207">
    <OldTextValue>do it just the same. Go into n court</OldTextValue>
    <NewTextValue>do it just the same. Go into a court</NewTextValue>
  </TextCorrectedLine>
  <TextCorrectedLine lineID="P1_TL00210">
    <OldTextValue>them to remove their hats nml watch</OldTextValue>
    <NewTextValue>them to remove their hats and watch</NewTextValue>
  </TextCorrectedLine>
</TextCorrectedBlock>
<TextCorrectedBlock pageOID="AL19030717.1.2" blockID="P2_CB00011" userID="[redacted]">
  <TextCorrectedLine lineID="P2_TL00774">
    <OldTextValue>jjfiOOD * HOUSEWIVES 1</OldTextValue>
    <NewTextValue>GOOD HOUSEWIVES</NewTextValue>
  </TextCorrectedLine>
  <TextCorrectedLine lineID="P2_TL00775">
    <OldTextValue>j Always provide for a rainy day by 9</OldTextValue>
    <NewTextValue>Always provide for a rainy day by</NewTextValue>
  </TextCorrectedLine>
  <TextCorrectedLine lineID="P2_TL00776">
    <OldTextValue>i putting up their own fruit. -- •- fl</OldTextValue>
    <NewTextValue>putting up their own fruit.</NewTextValue>
  </TextCorrectedLine>
  <TextCorrectedLine lineID="P2_TL00777">
    <OldTextValue>H Always provide for everybody by |l</OldTextValue>
    <NewTextValue>Always provide for everybody by</NewTextValue>
  </TextCorrectedLine>
  <TextCorrectedLine lineID="P2_TL00778">
    <OldTextValue>g . keeping the largest stock of - - H</OldTextValue>
    <NewTextValue>keeping the largest stock of - -</NewTextValue>
  </TextCorrectedLine>
  <TextCorrectedLine lineID="P2_TL00779">
    <OldTextValue>| Fruit Jars and Jelly Glasses m</OldTextValue>
    <NewTextValue>Fruit Jars and Jelly Glasses</NewTextValue>
  </TextCorrectedLine>
  <TextCorrectedLine lineID="P2_TL00780">
    <OldTextValue>that can be found , in the County. |j</OldTextValue>
    <NewTextValue>that can be found , in the County.</NewTextValue>
  </TextCorrectedLine>
  <TextCorrectedLine lineID="P2_TL00781">
    <OldTextValue>U Call, examine goods and get prices. H</OldTextValue>
    <NewTextValue>Call, examine goods and get prices.</NewTextValue>
  </TextCorrectedLine>
  <TextCorrectedLine lineID="P2_TL00782">
    <OldTextValue>% Corner Main and Water Sts. - - Jackson H</OldTextValue>
    <NewTextValue>Corner Main and Water Sts. - - Jackson</NewTextValue>
  </TextCorrectedLine>
  <TextCorrectedLine lineID="P2_TL00783">
    <OldTextValue>If You Want "&amp;. f • fl</OldTextValue>
    <NewTextValue>McCALL— —   Bazaar ratterns</NewTextValue>
  </TextCorrectedLine>
  <TextCorrectedLine lineID="P2_TL00784">
    <OldTextValue>Good Health I McCALL— — «*. ■■■■!</OldTextValue>
    <NewTextValue>Ladies', Misses'   and Children's shoes    Sandals and low cut</NewTextValue>
  </TextCorrectedLine>
  <TextCorrectedLine lineID="P2_TL00785">
    <OldTextValue>- • • • " ■ ( 1 1 - ■ ■ X</OldTextValue>
    <NewTextValue>If You Want</NewTextValue>
  </TextCorrectedLine>
  <TextCorrectedLine lineID="P2_TL00786">
    <OldTextValue>DRINK NOTHING BUT £ Di7inr Dn++At-«r» 1</OldTextValue>
    <NewTextValue>Good Health</NewTextValue>
  </TextCorrectedLine>
  <TextCorrectedLine lineID="P2_TL00787">
    <OldTextValue>t&gt; j. 11 f i -.Bazaar ratterns i</OldTextValue>
    <NewTextValue>DRINK NOTHING BUT</NewTextValue>
  </TextCorrectedLine>
  <TextCorrectedLine lineID="P2_TL00788">
    <OldTextValue>Ruhstallers I ________ I</OldTextValue>
    <NewTextValue>Ruhstallers</NewTextValue>
  </TextCorrectedLine>
  <TextCorrectedLine lineID="P2_TL00789">
    <OldTextValue>\JIIL -CJUge | Ladies', Misses' . |</OldTextValue>
    <NewTextValue>"Gilt Edge "</NewTextValue>
  </TextCorrectedLine>
  <TextCorrectedLine lineID="P2_TL00790">
    <OldTextValue>oteam Beer S!;.; and Children's shoes ![</OldTextValue>
    <NewTextValue>steam Beer</NewTextValue>
  </TextCorrectedLine>
  <TextCorrectedLine lineID="P2_TL00791">
    <OldTextValue>BEST BEER JNJHE WORLD I &amp;ndals and low cut j</OldTextValue>
    <NewTextValue>BEST BEER IN THE WORLD</NewTextValue>
  </TextCorrectedLine>
  <TextCorrectedLine lineID="P2_TL00792">
    <OldTextValue>M ■. c _ " SiPpl t shoes at reduced '■</OldTextValue>
    <NewTextValue>shoes at reduced</NewTextValue>
  </TextCorrectedLine>
  <TextCorrectedLine lineID="P2_TL00793">
    <OldTextValue>Made From Pure Hops I ?</OldTextValue>
    <NewTextValue>Made From Pure Hops</NewTextValue>
  </TextCorrectedLine>
  <TextCorrectedLine lineID="P2_TL00794">
    <OldTextValue>SACRAMENTO l|| lllf^!</OldTextValue>
    <NewTextValue>SACRAMENTO</NewTextValue>
  </TextCorrectedLine>
  <TextCorrectedLine lineID="P2_TL00795">
    <OldTextValue>CALIFORNIA. my 29 T,~ ■ ■*~ r^*~*. | =</OldTextValue>
    <NewTextValue>CALIFORNIA.   my 29</NewTextValue>
  </TextCorrectedLine>
  <TextCorrectedLine lineID="P2_TL00798">
    <OldTextValue>■ Sutter Creek. Cal. . ' ' J } 1 '</OldTextValue>
    <NewTextValue>Sutter Creek. Cal.</NewTextValue>
  </TextCorrectedLine>
</TextCorrectedBlock>
<TextCorrectedBlock pageOID="AL19030717.1.3" blockID="P3_TB00019" userID="[redacted]">
  <TextCorrectedLine lineID="P3_TL00233">
    <OldTextValue>The Comachu teau), announced to</OldTextValue>
    <NewTextValue>The Comache team, announced to</NewTextValue>
  </TextCorrectedLine>
  <TextCorrectedLine lineID="P3_TL00236">
    <OldTextValue>appointment. Ample nulice was given,</OldTextValue>
    <NewTextValue>appointment. Ample notice was given,</NewTextValue>
  </TextCorrectedLine>
  <TextCorrectedLine lineID="P3_TL00238">
    <OldTextValue>nine fromMokelumne Hill to take their</OldTextValue>
    <NewTextValue>nine from Mokelumne Hill to take their</NewTextValue>
  </TextCorrectedLine>
</TextCorrectedBlock>
<TextCorrectedBlock pageOID="AL19030717.1.3" blockID="P3_CB00004" userID="[redacted]">
  <TextCorrectedLine lineID="P3_TL01395">
    <OldTextValue>POWDER</OldTextValue>
    <NewTextValue>ROYAL BAKING POWDER</NewTextValue>
  </TextCorrectedLine>
</TextCorrectedBlock>
<TextCorrectedBlock pageOID="AL19030717.1.3" blockID="P3_CB00006" userID="[redacted]">
  <TextCorrectedLine lineID="P3_TL01401">
    <OldTextValue>For men who toil _&gt;J</OldTextValue>
    <NewTextValue>For men who toil</NewTextValue>
  </TextCorrectedLine>
  <TextCorrectedLine lineID="P3_TL01402">
    <OldTextValue>Levi Strauss c Co*is</OldTextValue>
    <NewTextValue>Levi Strauss &amp; Co's</NewTextValue>
  </TextCorrectedLine>
  <TextCorrectedLine lineID="P3_TL01403">
    <OldTextValue>Copper -riveted</OldTextValue>
    <NewTextValue>Copper-riveted</NewTextValue>
  </TextCorrectedLine>
  <TextCorrectedLine lineID="P3_TL01404">
    <OldTextValue>&lt;55353! B " l Sr &lt; 5!!5!!!!!3§5r' lBl B</OldTextValue>
    <NewTextValue>Overalls</NewTextValue>
  </TextCorrectedLine>
</TextCorrectedBlock>
<TextCorrectedBlock pageOID="AL19030717.1.4" blockID="P4_CB00003" userID="[redacted]">
  <TextCorrectedLine lineID="P4_TL00660">
    <OldTextValue>Revisit the Old Home=-</OldTextValue>
    <NewTextValue>Revisit the Old Home</NewTextValue>
  </TextCorrectedLine>
  <TextCorrectedLine lineID="P4_TL00661">
    <OldTextValue>== and the Old Friends</OldTextValue>
    <NewTextValue>and the Old Friends</NewTextValue>
  </TextCorrectedLine>
  <TextCorrectedLine lineID="P4_TL00665">
    <OldTextValue>loth and 16th, and August 25th and «Hh to</OldTextValue>
    <NewTextValue>loth and 16th, and August 25th and 26th to</NewTextValue>
  </TextCorrectedLine>
  <TextCorrectedLine lineID="P4_TL00667">
    <OldTextValue>ONE - WAY. FARE</OldTextValue>
    <NewTextValue>ONE - WAY FARE</NewTextValue>
  </TextCorrectedLine>
  <TextCorrectedLine lineID="P4_TL00669">
    <OldTextValue>i--.- - ■ . •</OldTextValue>
    <NewTextValue></NewTextValue>
  </TextCorrectedLine>
</TextCorrectedBlock>
<TextCorrectedBlock pageOID="AL19030717.1.4" blockID="P4_CB00001" userID="[redacted]">
  <TextCorrectedLine lineID="P4_TL00554">
    <OldTextValue>The Kind You Have Always Bought, and which has been.</OldTextValue>
    <NewTextValue>CASTORIA   The Kind You Have Always Bought, and which has been.</NewTextValue>
  </TextCorrectedLine>
  <TextCorrectedLine lineID="P4_TL00558">
    <OldTextValue>*^«r&gt;VJ t-cc*C4WK Allow no one to deceive you in this.</OldTextValue>
    <NewTextValue>Allow no one to deceive you in this.</NewTextValue>
  </TextCorrectedLine>
</TextCorrectedBlock>
<TextCorrectedBlock pageOID="AL19030717.1.4" blockID="P4_TB00007" userID="[redacted]">
  <TextCorrectedLine lineID="P4_TL00042">
    <OldTextValue>said ■ the photographer. "Ten years</OldTextValue>
    <NewTextValue>said  the photographer. "Ten years</NewTextValue>
  </TextCorrectedLine>
</TextCorrectedBlock>
<TextCorrectedBlock pageOID="AL19030717.1.4" blockID="P4_CB00005" userID="[redacted]">
  <TextCorrectedLine lineID="P4_TL00736">
    <OldTextValue>Your Wife I</OldTextValue>
    <NewTextValue>Your Wife</NewTextValue>
  </TextCorrectedLine>
  <TextCorrectedLine lineID="P4_TL00737">
    <OldTextValue>can be provided with an annul</OldTextValue>
    <NewTextValue>can be provided with an annual</NewTextValue>
  </TextCorrectedLine>
  <TextCorrectedLine lineID="P4_TL00738">
    <OldTextValue>income for life, in event of yofl</OldTextValue>
    <NewTextValue>income for life, in event of your</NewTextValue>
  </TextCorrectedLine>
  <TextCorrectedLine lineID="P4_TL00739">
    <OldTextValue>death, at less cost than you cfl</OldTextValue>
    <NewTextValue>death, at less cost than you can</NewTextValue>
  </TextCorrectedLine>
  <TextCorrectedLine lineID="P4_TL00740">
    <OldTextValue>make the same provision, for yofl</OldTextValue>
    <NewTextValue>make the same provision, for your</NewTextValue>
  </TextCorrectedLine>
  <TextCorrectedLine lineID="P4_TL00741">
    <OldTextValue>children. ||</OldTextValue>
    <NewTextValue>children.</NewTextValue>
  </TextCorrectedLine>
  <TextCorrectedLine lineID="P4_TL00742">
    <OldTextValue>The low rate makes very attrafl</OldTextValue>
    <NewTextValue>The low rate makes very attrac-</NewTextValue>
  </TextCorrectedLine>
  <TextCorrectedLine lineID="P4_TL00743">
    <OldTextValue>tive this form of contract, devisfl</OldTextValue>
    <NewTextValue>tive this form of contract, devised</NewTextValue>
  </TextCorrectedLine>
  <TextCorrectedLine lineID="P4_TL00744">
    <OldTextValue>and introduced by The Mutufl</OldTextValue>
    <NewTextValue>and introduced by The Mutual</NewTextValue>
  </TextCorrectedLine>
  <TextCorrectedLine lineID="P4_TL00745">
    <OldTextValue>Life Insurance Company of Nel</OldTextValue>
    <NewTextValue>Life Insurance Company of New</NewTextValue>
  </TextCorrectedLine>
  <TextCorrectedLine lineID="P4_TL00746">
    <OldTextValue>York. II</OldTextValue>
    <NewTextValue>York.</NewTextValue>
  </TextCorrectedLine>
</TextCorrectedBlock>
