<TextCorrectedBlock pageOID="AL19111229.1.2" blockID="P2_TB00031" userID="[redacted]">
  <TextCorrectedLine lineID="P2_TL00280">
    <OldTextValue>man. of Drytown, and Fanny C. non-</OldTextValue>
    <NewTextValue>man. of Drytown, and Fanny C. Bon-</NewTextValue>
  </TextCorrectedLine>
</TextCorrectedBlock>
<TextCorrectedBlock pageOID="AL19111229.1.2" blockID="P2_TB00030" userID="[redacted]">
  <TextCorrectedLine lineID="P2_TL00267">
    <OldTextValue>that unless the days are warmer s&lt;}</OldTextValue>
    <NewTextValue>that unless the days are warmer so</NewTextValue>
  </TextCorrectedLine>
  <TextCorrectedLine lineID="P2_TL00276">
    <OldTextValue>A shortage in hay and other stork</OldTextValue>
    <NewTextValue>A shortage in hay and other stock</NewTextValue>
  </TextCorrectedLine>
  <TextCorrectedLine lineID="P2_TL00277">
    <OldTextValue>feed la reported from all points In</OldTextValue>
    <NewTextValue>feed is reported from all points in</NewTextValue>
  </TextCorrectedLine>
</TextCorrectedBlock>
<TextCorrectedBlock pageOID="AL19111229.1.2" blockID="P2_TB00029" userID="[redacted]">
  <TextCorrectedLine lineID="P2_TL00258">
    <OldTextValue>from Jackßon to be with her mother,</OldTextValue>
    <NewTextValue>from Jackson to be with her mother,</NewTextValue>
  </TextCorrectedLine>
</TextCorrectedBlock>
<TextCorrectedBlock pageOID="AL19111229.1.2" blockID="P2_CB00008" userID="[redacted]">
  <TextCorrectedLine lineID="P2_TL00552">
    <OldTextValue>Bears the &gt;W j/ZS/?**^'</OldTextValue>
    <NewTextValue>Bears the</NewTextValue>
  </TextCorrectedLine>
  <TextCorrectedLine lineID="P2_TL00553">
    <OldTextValue>Signature) of L/ia-*/ZACtZc6c/U</OldTextValue>
    <NewTextValue>Signature of  Chas H. Fletcher</NewTextValue>
  </TextCorrectedLine>
  <TextCorrectedLine lineID="P2_TL00556">
    <OldTextValue>Jackson. Cal. deB-2t</OldTextValue>
    <NewTextValue>Jackson. Cal.</NewTextValue>
  </TextCorrectedLine>
  <TextCorrectedLine lineID="P2_TL00593">
    <OldTextValue>nia, this 20th day of December, A.O.</OldTextValue>
    <NewTextValue>nia, this 20th day of December, A.D.</NewTextValue>
  </TextCorrectedLine>
  <TextCorrectedLine lineID="P2_TL00595">
    <OldTextValue>JOHN R. HUBKRTY. Cltrk.</OldTextValue>
    <NewTextValue>JOHN R. HUBERTY. Clerk.</NewTextValue>
  </TextCorrectedLine>
  <TextCorrectedLine lineID="P2_TL00596">
    <OldTextValue>(seal) dec22-2m</OldTextValue>
    <NewTextValue>(seal)</NewTextValue>
  </TextCorrectedLine>
</TextCorrectedBlock>
<TextCorrectedBlock pageOID="AL19111229.1.2" blockID="P2_CB00004" userID="[redacted]">
  <TextCorrectedLine lineID="P2_TL00515">
    <OldTextValue>I; -BUSINESS COLLEGE j:</OldTextValue>
    <NewTextValue>BUSINESS COLLEGE</NewTextValue>
  </TextCorrectedLine>
  <TextCorrectedLine lineID="P2_TL00516">
    <OldTextValue>; Fall Term Opens Aug. 30. ;</OldTextValue>
    <NewTextValue>Fall Term Opens Aug. 30.</NewTextValue>
  </TextCorrectedLine>
  <TextCorrectedLine lineID="P2_TL00517">
    <OldTextValue>! Write for Information. !</OldTextValue>
    <NewTextValue>Write for Information.</NewTextValue>
  </TextCorrectedLine>
  <TextCorrectedLine lineID="P2_TL00527">
    <OldTextValue>...</OldTextValue>
    <NewTextValue></NewTextValue>
  </TextCorrectedLine>
  <TextCorrectedLine lineID="P2_TL00528">
    <OldTextValue>od, results</OldTextValue>
    <NewTextValue>ed, results</NewTextValue>
  </TextCorrectedLine>
</TextCorrectedBlock>
<TextCorrectedBlock pageOID="AL19111229.1.2" blockID="P2_TB00032" userID="[redacted]">
  <TextCorrectedLine lineID="P2_TL00286">
    <OldTextValue>Ist Sunday each month masses at 8</OldTextValue>
    <NewTextValue>1st Sunday each month masses at 8</NewTextValue>
  </TextCorrectedLine>
  <TextCorrectedLine lineID="P2_TL00287">
    <OldTextValue>a. m. and 10 a. in. All other Sundays</OldTextValue>
    <NewTextValue>a. m. and 10 a. m. All other Sundays</NewTextValue>
  </TextCorrectedLine>
  <TextCorrectedLine lineID="P2_TL00296">
    <OldTextValue>at 7 :30 p. in.</OldTextValue>
    <NewTextValue>at 7 :30 p. m.</NewTextValue>
  </TextCorrectedLine>
  <TextCorrectedLine lineID="P2_TL00297">
    <OldTextValue>RuV. R. E. WENK,</OldTextValue>
    <NewTextValue>REV. R. E. WENK,</NewTextValue>
  </TextCorrectedLine>
  <TextCorrectedLine lineID="P2_TL00299">
    <OldTextValue>St. Augustines, Jackson Ist and 3rd</OldTextValue>
    <NewTextValue>St. Augustines, Jackson 1st and 3rd</NewTextValue>
  </TextCorrectedLine>
  <TextCorrectedLine lineID="P2_TL00304">
    <OldTextValue>Trinity, Sutter Creek, Ist and 3rd</OldTextValue>
    <NewTextValue>Trinity, Sutter Creek, 1st and 3rd</NewTextValue>
  </TextCorrectedLine>
  <TextCorrectedLine lineID="P2_TL00311">
    <OldTextValue>St. Sabbaß Church, North Main</OldTextValue>
    <NewTextValue>St. Sabbas Church, North Main</NewTextValue>
  </TextCorrectedLine>
  <TextCorrectedLine lineID="P2_TL00317">
    <OldTextValue>A. P. KASHEVAROFP, Pastor</OldTextValue>
    <NewTextValue>A. P. KASHEVAROFF, Pastor</NewTextValue>
  </TextCorrectedLine>
</TextCorrectedBlock>
<TextCorrectedBlock pageOID="AL19111229.1.3" blockID="P3_CB00013" userID="[redacted]">
  <TextCorrectedLine lineID="P3_TL00103">
    <OldTextValue>-' . ;: ; v..; £| ■. ■•</OldTextValue>
    <NewTextValue></NewTextValue>
  </TextCorrectedLine>
  <TextCorrectedLine lineID="P3_TL00104">
    <OldTextValue>Wholesale Dealers and Jobbers *i</OldTextValue>
    <NewTextValue>Wholesale Dealers and Jobbers</NewTextValue>
  </TextCorrectedLine>
  <TextCorrectedLine lineID="P3_TL00105">
    <OldTextValue>In Imported and Domeatlo ; •</OldTextValue>
    <NewTextValue>In Imported and Domestic</NewTextValue>
  </TextCorrectedLine>
  <TextCorrectedLine lineID="P3_TL00106">
    <OldTextValue>Wines*Liquors*Ciprs</OldTextValue>
    <NewTextValue>Wines*Liquors*Cigars</NewTextValue>
  </TextCorrectedLine>
  <TextCorrectedLine lineID="P3_TL00108">
    <OldTextValue>•T-ViSTRIBUTINO AGENTS FOR J. P. MAR</OldTextValue>
    <NewTextValue>DISTRIBUTING AGENTS FOR J. P. MAR</NewTextValue>
  </TextCorrectedLine>
  <TextCorrectedLine lineID="P3_TL00124">
    <OldTextValue>' "</OldTextValue>
    <NewTextValue></NewTextValue>
  </TextCorrectedLine>
  <TextCorrectedLine lineID="P3_TL00125">
    <OldTextValue>- ■</OldTextValue>
    <NewTextValue></NewTextValue>
  </TextCorrectedLine>
  <TextCorrectedLine lineID="P3_TL00126">
    <OldTextValue>I Phone Black 231 I</OldTextValue>
    <NewTextValue>Phone Black 231</NewTextValue>
  </TextCorrectedLine>
  <TextCorrectedLine lineID="P3_TL00127">
    <OldTextValue>I *E}oqeli</OldTextValue>
    <NewTextValue>Vogeli</NewTextValue>
  </TextCorrectedLine>
  <TextCorrectedLine lineID="P3_TL00128">
    <OldTextValue>:! JEWELRY STORE j</OldTextValue>
    <NewTextValue>JEWELRY STORE</NewTextValue>
  </TextCorrectedLine>
  <TextCorrectedLine lineID="P3_TL00129">
    <OldTextValue>j Don't miss our store while in J</OldTextValue>
    <NewTextValue>Don't miss our store while in</NewTextValue>
  </TextCorrectedLine>
  <TextCorrectedLine lineID="P3_TL00130">
    <OldTextValue>£ Jackson. We carry everything i</OldTextValue>
    <NewTextValue>Jackson. We carry everything</NewTextValue>
  </TextCorrectedLine>
  <TextCorrectedLine lineID="P3_TL00131">
    <OldTextValue>g in the line of SILVERWARE, *</OldTextValue>
    <NewTextValue>in the line of SILVERWARE,</NewTextValue>
  </TextCorrectedLine>
  <TextCorrectedLine lineID="P3_TL00132">
    <OldTextValue>8 WATCHES and JEWELRY, $</OldTextValue>
    <NewTextValue>8 WATCHES and JEWELRY,</NewTextValue>
  </TextCorrectedLine>
  <TextCorrectedLine lineID="P3_TL00133">
    <OldTextValue>j as well as all other articles *</OldTextValue>
    <NewTextValue>as well as all other articles</NewTextValue>
  </TextCorrectedLine>
  <TextCorrectedLine lineID="P3_TL00134">
    <OldTextValue>■ | which up-to-date Jewelry firms j</OldTextValue>
    <NewTextValue>which up-to-date Jewelry firms</NewTextValue>
  </TextCorrectedLine>
  <TextCorrectedLine lineID="P3_TL00135">
    <OldTextValue>J handle. My prices will fit your J</OldTextValue>
    <NewTextValue>handle. My prices will fit your</NewTextValue>
  </TextCorrectedLine>
  <TextCorrectedLine lineID="P3_TL00136">
    <OldTextValue>i purse. '</OldTextValue>
    <NewTextValue>purse.</NewTextValue>
  </TextCorrectedLine>
  <TextCorrectedLine lineID="P3_TL00137">
    <OldTextValue>| 4O MAIN ST. j</OldTextValue>
    <NewTextValue>40 MAIN ST.</NewTextValue>
  </TextCorrectedLine>
  <TextCorrectedLine lineID="P3_TL00138">
    <OldTextValue>I Jackson • - California !</OldTextValue>
    <NewTextValue>Jackson - - California</NewTextValue>
  </TextCorrectedLine>
  <TextCorrectedLine lineID="P3_TL00139">
    <OldTextValue>C***3K*W3M(**« Sf ************ J</OldTextValue>
    <NewTextValue></NewTextValue>
  </TextCorrectedLine>
  <TextCorrectedLine lineID="P3_TL00140">
    <OldTextValue>ill ftll</OldTextValue>
    <NewTextValue>JACKSON CLEANING</NewTextValue>
  </TextCorrectedLine>
  <TextCorrectedLine lineID="P3_TL00141">
    <OldTextValue>1 11 ■</OldTextValue>
    <NewTextValue>&amp; DYEING WORKS</NewTextValue>
  </TextCorrectedLine>
  <TextCorrectedLine lineID="P3_TL00142">
    <OldTextValue>| | | i</OldTextValue>
    <NewTextValue></NewTextValue>
  </TextCorrectedLine>
</TextCorrectedBlock>
<TextCorrectedBlock pageOID="AL19111229.1.3" blockID="P3_CB00016" userID="[redacted]">
  <TextCorrectedLine lineID="P3_TL00193">
    <OldTextValue>HmmnHh</OldTextValue>
    <NewTextValue>UPHOLSTERING</NewTextValue>
  </TextCorrectedLine>
  <TextCorrectedLine lineID="P3_TL00194">
    <OldTextValue>it Of All Description * &lt; &gt;</OldTextValue>
    <NewTextValue>Of All Description</NewTextValue>
  </TextCorrectedLine>
  <TextCorrectedLine lineID="P3_TL00195">
    <OldTextValue>&lt; i Carpet and General Housec! eaning &lt; &gt;</OldTextValue>
    <NewTextValue>Carpet and General Housecleaning</NewTextValue>
  </TextCorrectedLine>
  <TextCorrectedLine lineID="P3_TL00196">
    <OldTextValue>&lt; • Thorough and Sanitary &lt; &gt;</OldTextValue>
    <NewTextValue>Thorough and Sanitary</NewTextValue>
  </TextCorrectedLine>
  <TextCorrectedLine lineID="P3_TL00197">
    <OldTextValue>! &gt; . With New ! !</OldTextValue>
    <NewTextValue>With New</NewTextValue>
  </TextCorrectedLine>
  <TextCorrectedLine lineID="P3_TL00198">
    <OldTextValue>I VACUUM MACHINE::</OldTextValue>
    <NewTextValue>VACUUM MACHINE</NewTextValue>
  </TextCorrectedLine>
  <TextCorrectedLine lineID="P3_TL00199">
    <OldTextValue>* | At Very Seasonable Bates J |</OldTextValue>
    <NewTextValue>At Very Reasonable Rates</NewTextValue>
  </TextCorrectedLine>
  <TextCorrectedLine lineID="P3_TL00200">
    <OldTextValue>J | Work Guaranteed to be Satisfactory J [</OldTextValue>
    <NewTextValue>Work Guaranteed to be Satisfactory</NewTextValue>
  </TextCorrectedLine>
  <TextCorrectedLine lineID="P3_TL00201">
    <OldTextValue>] | Mattresses Made and Repaired J [</OldTextValue>
    <NewTextValue>Mattresses Made and Repaired</NewTextValue>
  </TextCorrectedLine>
  <TextCorrectedLine lineID="P3_TL00202">
    <OldTextValue>&lt; &lt; Parlor Suites finely Re-covered &lt; &gt;</OldTextValue>
    <NewTextValue>Parlor Suites finely Re-covered</NewTextValue>
  </TextCorrectedLine>
  <TextCorrectedLine lineID="P3_TL00203">
    <OldTextValue>jjj. B. Flitcrafti!</OldTextValue>
    <NewTextValue>J. B. Flitcraft</NewTextValue>
  </TextCorrectedLine>
  <TextCorrectedLine lineID="P3_TL00204">
    <OldTextValue>\ [ Permanently Located J |</OldTextValue>
    <NewTextValue>Permanently Located</NewTextValue>
  </TextCorrectedLine>
  <TextCorrectedLine lineID="P3_TL00205">
    <OldTextValue>i ', Shop at 64 East Court Street ! !</OldTextValue>
    <NewTextValue>Shop at 64 East Court Street</NewTextValue>
  </TextCorrectedLine>
  <TextCorrectedLine lineID="P3_TL00206">
    <OldTextValue>j; JACKSON j;</OldTextValue>
    <NewTextValue>JACKSON</NewTextValue>
  </TextCorrectedLine>
  <TextCorrectedLine lineID="P3_TL00207">
    <OldTextValue>|: Phone - - Black 344 ;;</OldTextValue>
    <NewTextValue>Phone - - Black 344</NewTextValue>
  </TextCorrectedLine>
</TextCorrectedBlock>
<TextCorrectedBlock pageOID="AL19111229.1.3" blockID="P3_CB00012" userID="[redacted]">
  <TextCorrectedLine lineID="P3_TL00101">
    <OldTextValue>Subscribe- To-day ■ '</OldTextValue>
    <NewTextValue>Subscribe- To-day</NewTextValue>
  </TextCorrectedLine>
</TextCorrectedBlock>
<TextCorrectedBlock pageOID="AL19111229.1.3" blockID="P3_CB00014" userID="[redacted]">
  <TextCorrectedLine lineID="P3_TL00150">
    <OldTextValue>J. H. IiA^GHORST</OldTextValue>
    <NewTextValue>J. H. LANGHORST</NewTextValue>
  </TextCorrectedLine>
  <TextCorrectedLine lineID="P3_TL00152">
    <OldTextValue>AMERICAN 1</OldTextValue>
    <NewTextValue>AMERICAN</NewTextValue>
  </TextCorrectedLine>
  <TextCorrectedLine lineID="P3_TL00153">
    <OldTextValue>/-^^ WATCHES</OldTextValue>
    <NewTextValue>WATCHES</NewTextValue>
  </TextCorrectedLine>
  <TextCorrectedLine lineID="P3_TL00162">
    <OldTextValue>I WELLER'S 1</OldTextValue>
    <NewTextValue>WELLER'S</NewTextValue>
  </TextCorrectedLine>
</TextCorrectedBlock>
<TextCorrectedBlock pageOID="AL19111229.1.3" blockID="P3_CB00020" userID="[redacted]">
  <TextCorrectedLine lineID="P3_TL00254">
    <OldTextValue>ISchroeder si</OldTextValue>
    <NewTextValue>Schroeder's</NewTextValue>
  </TextCorrectedLine>
  <TextCorrectedLine lineID="P3_TL00255">
    <OldTextValue>|||l| cnp n r U|</OldTextValue>
    <NewTextValue>STORE</NewTextValue>
  </TextCorrectedLine>
  <TextCorrectedLine lineID="P3_TL00256">
    <OldTextValue>H Supplies Jackson's |j</OldTextValue>
    <NewTextValue>Supplies Jackson's</NewTextValue>
  </TextCorrectedLine>
  <TextCorrectedLine lineID="P3_TL00257">
    <OldTextValue>H We Carry a complete H</OldTextValue>
    <NewTextValue>We Carry a complete</NewTextValue>
  </TextCorrectedLine>
  <TextCorrectedLine lineID="P3_TL00258">
    <OldTextValue>■ lino of fancy groceries "■</OldTextValue>
    <NewTextValue>line of fancy groceries</NewTextValue>
  </TextCorrectedLine>
  <TextCorrectedLine lineID="P3_TL00259">
    <OldTextValue>and our prices will be H</OldTextValue>
    <NewTextValue>and our prices will be</NewTextValue>
  </TextCorrectedLine>
  <TextCorrectedLine lineID="P3_TL00260">
    <OldTextValue>JH sure to please you. S</OldTextValue>
    <NewTextValue>sure to please you.</NewTextValue>
  </TextCorrectedLine>
  <TextCorrectedLine lineID="P3_TL00261">
    <OldTextValue>B Give us a Trial Order ™1</OldTextValue>
    <NewTextValue>Give us a Trial Order</NewTextValue>
  </TextCorrectedLine>
  <TextCorrectedLine lineID="P3_TL00262">
    <OldTextValue>m TELEPHONE-BLACK 414 §§]</OldTextValue>
    <NewTextValue>TELEPHONE-BLACK 414</NewTextValue>
  </TextCorrectedLine>
  <TextCorrectedLine lineID="P3_TL00263">
    <OldTextValue>|| Orders Promptly Delivered i|</OldTextValue>
    <NewTextValue>Orders Promptly Delivered</NewTextValue>
  </TextCorrectedLine>
  <TextCorrectedLine lineID="P3_TL00264">
    <OldTextValue>fl Jackson _^ a !'^' H</OldTextValue>
    <NewTextValue>Jackson  Calif.</NewTextValue>
  </TextCorrectedLine>
</TextCorrectedBlock>
<TextCorrectedBlock pageOID="AL19111229.1.4" blockID="P4_TB00012" userID="[redacted]">
  <TextCorrectedLine lineID="P4_TL00273">
    <OldTextValue>government would be Increased in a</OldTextValue>
    <NewTextValue>government would be increased in a</NewTextValue>
  </TextCorrectedLine>
  <TextCorrectedLine lineID="P4_TL00289">
    <OldTextValue>tion of the office" of county registrar</OldTextValue>
    <NewTextValue>tion of the office of county registrar</NewTextValue>
  </TextCorrectedLine>
</TextCorrectedBlock>
<TextCorrectedBlock pageOID="AL19111229.1.3" blockID="P3_CB00005" userID="[redacted]">
  <TextCorrectedLine lineID="P3_TL00043">
    <OldTextValue>Patronize Home I</OldTextValue>
    <NewTextValue>Patronize Home</NewTextValue>
  </TextCorrectedLine>
  <TextCorrectedLine lineID="P3_TL00044">
    <OldTextValue>Industry I</OldTextValue>
    <NewTextValue>Industry</NewTextValue>
  </TextCorrectedLine>
  <TextCorrectedLine lineID="P3_TL00045">
    <OldTextValue>BOOST AMxVDOK COUNTY If</OldTextValue>
    <NewTextValue>BOOST AMADOR COUNTY</NewTextValue>
  </TextCorrectedLine>
  <TextCorrectedLine lineID="P3_TL00046">
    <OldTextValue>Tho Jackson Brewery Is one of ||</OldTextValue>
    <NewTextValue>Tho Jackson Brewery is one of</NewTextValue>
  </TextCorrectedLine>
  <TextCorrectedLine lineID="P3_TL00049">
    <OldTextValue>In the market.</OldTextValue>
    <NewTextValue>in the market.</NewTextValue>
  </TextCorrectedLine>
  <TextCorrectedLine lineID="P3_TL00050">
    <OldTextValue>JOHN STROHM, PItOPRIETOR</OldTextValue>
    <NewTextValue>JOHN STROHM, PROPRIETOR</NewTextValue>
  </TextCorrectedLine>
</TextCorrectedBlock>
<TextCorrectedBlock pageOID="AL19111229.1.3" blockID="P3_CB00004" userID="[redacted]">
  <TextCorrectedLine lineID="P3_TL00027">
    <OldTextValue>LARGE selection to chooso $~</OldTextValue>
    <NewTextValue>Ladies' Tailoring    LARGE selection to choose</NewTextValue>
  </TextCorrectedLine>
  <TextCorrectedLine lineID="P3_TL00028">
    <OldTextValue>from. Como in and inspect Q</OldTextValue>
    <NewTextValue>from. Come in and inspect</NewTextValue>
  </TextCorrectedLine>
  <TextCorrectedLine lineID="P3_TL00029">
    <OldTextValue>O LILuILO my now rovorsible fabric, suit- ?</OldTextValue>
    <NewTextValue>my new reversible fabric, suit-</NewTextValue>
  </TextCorrectedLine>
  <TextCorrectedLine lineID="P3_TL00030">
    <OldTextValue>• TP * 1 * a^lo for tho now fashionable O</OldTextValue>
    <NewTextValue>able for the now fashionable</NewTextValue>
  </TextCorrectedLine>
  <TextCorrectedLine lineID="P3_TL00031">
    <OldTextValue>• 13,1 1.0n Hk semi-fiitting long coats, made to J</OldTextValue>
    <NewTextValue>semi-fiitting long coats, made to</NewTextValue>
  </TextCorrectedLine>
  <TextCorrectedLine lineID="P3_TL00032">
    <OldTextValue>your individual raoasuro in all %</OldTextValue>
    <NewTextValue>your individual raoasuro in all</NewTextValue>
  </TextCorrectedLine>
  <TextCorrectedLine lineID="P3_TL00033">
    <OldTextValue>5 SHM tho latest styles. . 5</OldTextValue>
    <NewTextValue>the latest styles.</NewTextValue>
  </TextCorrectedLine>
  <TextCorrectedLine lineID="P3_TL00034">
    <OldTextValue>Q Workmanship and Fit are the best ©</OldTextValue>
    <NewTextValue>Workmanship and Fit are the best</NewTextValue>
  </TextCorrectedLine>
  <TextCorrectedLine lineID="P3_TL00035">
    <OldTextValue>% DRDER NO MONEY •</OldTextValue>
    <NewTextValue>NO MONEY</NewTextValue>
  </TextCorrectedLine>
  <TextCorrectedLine lineID="P3_TL00036">
    <OldTextValue>4* Received Unless You are Satif ied A</OldTextValue>
    <NewTextValue>Received Unless You are Satisfied</NewTextValue>
  </TextCorrectedLine>
  <TextCorrectedLine lineID="P3_TL00037">
    <OldTextValue>• NDW — S</OldTextValue>
    <NewTextValue>ORDER NOW</NewTextValue>
  </TextCorrectedLine>
  <TextCorrectedLine lineID="P3_TL00038">
    <OldTextValue>J Geo. Raymond J</OldTextValue>
    <NewTextValue>Geo. Raymond</NewTextValue>
  </TextCorrectedLine>
  <TextCorrectedLine lineID="P3_TL00039">
    <OldTextValue>• THE LONDON TAYLOR O</OldTextValue>
    <NewTextValue>THE LONDON TAYLOR</NewTextValue>
  </TextCorrectedLine>
  <TextCorrectedLine lineID="P3_TL00040">
    <OldTextValue>w W Open Evenings Phono Black 444 W</OldTextValue>
    <NewTextValue>Open Evenings   Phone Black 444</NewTextValue>
  </TextCorrectedLine>
  <TextCorrectedLine lineID="P3_TL00041">
    <OldTextValue>5 29 MAIN ST. Up. Stairs •</OldTextValue>
    <NewTextValue>29 MAIN ST. Up. Stairs</NewTextValue>
  </TextCorrectedLine>
  <TextCorrectedLine lineID="P3_TL00042">
    <OldTextValue>©0000000000000 OOOGOOOOOOOO</OldTextValue>
    <NewTextValue></NewTextValue>
  </TextCorrectedLine>
</TextCorrectedBlock>
<TextCorrectedBlock pageOID="AL19111229.1.3" blockID="P3_CB00003" userID="[redacted]">
  <TextCorrectedLine lineID="P3_TL00015">
    <OldTextValue>| VELA &amp; PICCARDOI</OldTextValue>
    <NewTextValue>VELA &amp; PICCARDO</NewTextValue>
  </TextCorrectedLine>
  <TextCorrectedLine lineID="P3_TL00019">
    <OldTextValue>I Washable Colors, and</OldTextValue>
    <NewTextValue>Washable Colors, and</NewTextValue>
  </TextCorrectedLine>
  <TextCorrectedLine lineID="P3_TL00020">
    <OldTextValue>i very Beautiful Designs</OldTextValue>
    <NewTextValue>very Beautiful Designs</NewTextValue>
  </TextCorrectedLine>
  <TextCorrectedLine lineID="P3_TL00024">
    <OldTextValue>Price 81.25, $2.00, $3.00</OldTextValue>
    <NewTextValue>Price $1.25, $2.00, $3.00</NewTextValue>
  </TextCorrectedLine>
  <TextCorrectedLine lineID="P3_TL00026">
    <OldTextValue>„ Watch Our Window „„</OldTextValue>
    <NewTextValue>Watch Our Window</NewTextValue>
  </TextCorrectedLine>
</TextCorrectedBlock>
<TextCorrectedBlock pageOID="AL19111229.1.3" blockID="P3_CB00001" userID="[redacted]">
  <TextCorrectedLine lineID="P3_TL00003">
    <OldTextValue>A Navy Bluo Sergo, the best</OldTextValue>
    <NewTextValue>A Navy Blue Serge, the best</NewTextValue>
  </TextCorrectedLine>
  <TextCorrectedLine lineID="P3_TL00004">
    <OldTextValue>in tho market for tho</OldTextValue>
    <NewTextValue>in the market for the</NewTextValue>
  </TextCorrectedLine>
  <TextCorrectedLine lineID="P3_TL00006">
    <OldTextValue>ed to bo all wool</OldTextValue>
    <NewTextValue>ed to be all wool</NewTextValue>
  </TextCorrectedLine>
</TextCorrectedBlock>
