<TextCorrectedBlock pageOID="AL19100624.1.4" blockID="P4_TB00011" userID="[redacted]">
  <TextCorrectedLine lineID="P4_TL00063">
    <OldTextValue>It. A. Thompson has taken the same</OldTextValue>
    <NewTextValue>R. A. Thompson has taken the same</NewTextValue>
  </TextCorrectedLine>
  <TextCorrectedLine lineID="P4_TL00064">
    <OldTextValue>job and will work for Mr Bonnefoy.</OldTextValue>
    <NewTextValue>job and will work for Mr. Bonnefoy.</NewTextValue>
  </TextCorrectedLine>
</TextCorrectedBlock>
<TextCorrectedBlock pageOID="AL19100624.1.4" blockID="P4_TB00010" userID="[redacted]">
  <TextCorrectedLine lineID="P4_TL00049">
    <OldTextValue>Louie , Seeley was summoned to</OldTextValue>
    <NewTextValue>Louie Seeley was summoned to</NewTextValue>
  </TextCorrectedLine>
  <TextCorrectedLine lineID="P4_TL00053">
    <OldTextValue>• «</OldTextValue>
    <NewTextValue></NewTextValue>
  </TextCorrectedLine>
</TextCorrectedBlock>
