<TextCorrectedBlock pageOID="AL19071213.1.2" blockID="P2_CB00002" userID="[redacted]">
  <TextCorrectedLine lineID="P2_TL00290">
    <OldTextValue>W. B. PHILLIPS^</OldTextValue>
    <NewTextValue>W. B. PHILLIPS,</NewTextValue>
  </TextCorrectedLine>
  <TextCorrectedLine lineID="P2_TL00291">
    <OldTextValue>(Snccessor to William Scoqle) 5* ■</OldTextValue>
    <NewTextValue>(Successor to William Scoqle)</NewTextValue>
  </TextCorrectedLine>
  <TextCorrectedLine lineID="P2_TL00293">
    <OldTextValue>PLYJIOUTII,; CAL.V":</OldTextValue>
    <NewTextValue>PLYMOUTH, CAL.</NewTextValue>
  </TextCorrectedLine>
  <TextCorrectedLine lineID="P2_TL00294">
    <OldTextValue>Calls promptly attended to day or night V- !'</OldTextValue>
    <NewTextValue>Calls promptly attended to day or night</NewTextValue>
  </TextCorrectedLine>
  <TextCorrectedLine lineID="P2_TL00295">
    <OldTextValue>Free use ot parlor for funerals. ■ •</OldTextValue>
    <NewTextValue>Free use of parlor for funerals.</NewTextValue>
  </TextCorrectedLine>
  <TextCorrectedLine lineID="P2_TL00296">
    <OldTextValue>Aiineaad compleie slock of Coffins, cloth</OldTextValue>
    <NewTextValue>A fine and complete stock of Coffins, cloth</NewTextValue>
  </TextCorrectedLine>
  <TextCorrectedLine lineID="P2_TL00297">
    <OldTextValue>and plnsn covered Caskets, constantly on hand</OldTextValue>
    <NewTextValue>and push covered Caskets, constantly on hand</NewTextValue>
  </TextCorrectedLine>
  <TextCorrectedLine lineID="P2_TL00298">
    <OldTextValue>at reasonable prices. . • , f c £&gt; </OldTextValue>
    <NewTextValue>at reasonable prices.</NewTextValue>
  </TextCorrectedLine>
  <TextCorrectedLine lineID="P2_TL00299">
    <OldTextValue>■'•'•■• ■ : '-■■":•■.■•"-- '■/}■</OldTextValue>
    <NewTextValue></NewTextValue>
  </TextCorrectedLine>
  <TextCorrectedLine lineID="P2_TL00300">
    <OldTextValue>ST. 6EOR6E LHOTEI. ■</OldTextValue>
    <NewTextValue>ST. GEORGE HOTEI.</NewTextValue>
  </TextCorrectedLine>
  <TextCorrectedLine lineID="P2_TL00301">
    <OldTextValue>VOLCANO, AMADOR I CO. 1 , . CAL i:</OldTextValue>
    <NewTextValue>VOLCANO, AMADOR CO., CAL.</NewTextValue>
  </TextCorrectedLine>
  <TextCorrectedLine lineID="P2_TL00302">
    <OldTextValue>L. H. Cook, Proprietor^ r</OldTextValue>
    <NewTextValue>L. H. Cook, Proprietor.</NewTextValue>
  </TextCorrectedLine>
  <TextCorrectedLine lineID="P2_TL00303">
    <OldTextValue>Refitted and renovated ■' throughout</OldTextValue>
    <NewTextValue>Refitted and renovated throughout</NewTextValue>
  </TextCorrectedLine>
  <TextCorrectedLine lineID="P2_TL00305">
    <OldTextValue>travelers.;." .' ' . •v.'.",' 1 / ■ ;'■.- r :-</OldTextValue>
    <NewTextValue>travelers.</NewTextValue>
  </TextCorrectedLine>
  <TextCorrectedLine lineID="P2_TL00306">
    <OldTextValue>Tablesupplied with best in market. l ;l</OldTextValue>
    <NewTextValue>Table supplied with best in market.</NewTextValue>
  </TextCorrectedLine>
  <TextCorrectedLine lineID="P2_TL00307">
    <OldTextValue>Terms reasonable.' ■' -TV.-.?.: jne'i</OldTextValue>
    <NewTextValue>Terms reasonable.</NewTextValue>
  </TextCorrectedLine>
  <TextCorrectedLine lineID="P2_TL00308">
    <OldTextValue>.•••■•■•'■■-•• Vv. . ■ :</OldTextValue>
    <NewTextValue>Go To</NewTextValue>
  </TextCorrectedLine>
  <TextCorrectedLine lineID="P2_TL00309">
    <OldTextValue>'■■'I FEANEDUHINES'.]"</OldTextValue>
    <NewTextValue>FRANK DUHINES'</NewTextValue>
  </TextCorrectedLine>
  <TextCorrectedLine lineID="P2_TL00310">
    <OldTextValue>Saloon: and Restamnl</OldTextValue>
    <NewTextValue>Saloon and Restaurant</NewTextValue>
  </TextCorrectedLine>
  <TextCorrectedLine lineID="P2_TL00311">
    <OldTextValue>Main street,^Plymouth;'.;. ;l</OldTextValue>
    <NewTextValue>Main street, Plymouth.</NewTextValue>
  </TextCorrectedLine>
  <TextCorrectedLine lineID="P2_TL00312">
    <OldTextValue>■'''■-• v. ' ■• ■ '-v&gt;^%^®M^^M</OldTextValue>
    <NewTextValue></NewTextValue>
  </TextCorrectedLine>
  <TextCorrectedLine lineID="P2_TL00313">
    <OldTextValue>Choicest^Wlnes, Liquors ana Cigars. ,</OldTextValue>
    <NewTextValue>Choicest Wlnes, Liquors and Cigars.</NewTextValue>
  </TextCorrectedLine>
  <TextCorrectedLine lineID="P2_TL00314">
    <OldTextValue>-Meals served at all hours,' at reasonable prices</OldTextValue>
    <NewTextValue>Meals served at all hours, at reasonable prices</NewTextValue>
  </TextCorrectedLine>
  <TextCorrectedLine lineID="P2_TL00315">
    <OldTextValue>Clean and up-to-date In every way. ;V?.f- Jjl3 s</OldTextValue>
    <NewTextValue>Clean and up-to-date In every way.</NewTextValue>
  </TextCorrectedLine>
  <TextCorrectedLine lineID="P2_TL00316">
    <OldTextValue>- ; - '•-.■■-■■■■■ ■•.:' : r-''"f\ i ;vVr l i-&gt;tti</OldTextValue>
    <NewTextValue></NewTextValue>
  </TextCorrectedLine>
  <TextCorrectedLine lineID="P2_TL00317">
    <OldTextValue>SffiHli</OldTextValue>
    <NewTextValue>Globe Hotel</NewTextValue>
  </TextCorrectedLine>
  <TextCorrectedLine lineID="P2_TL00318">
    <OldTextValue>I newmanagemW.^V;::</OldTextValue>
    <NewTextValue>NEW MANAGEMENT.</NewTextValue>
  </TextCorrectedLine>
  <TextCorrectedLine lineID="P2_TL00319">
    <OldTextValue>j; MRS. ANNIE HU»ST....Prop'rii \</OldTextValue>
    <NewTextValue>MRS. ANNIE HURST..... Prop'r</NewTextValue>
  </TextCorrectedLine>
  <TextCorrectedLine lineID="P2_TL00320">
    <OldTextValue>| Board and Lodging ! ;</OldTextValue>
    <NewTextValue>Board and Lodging</NewTextValue>
  </TextCorrectedLine>
  <TextCorrectedLine lineID="P2_TL00321">
    <OldTextValue>&lt; &gt; M;-J ;' ,-■ ■' l'» .'_ " •■_:..■ ■:.'..;. ," J [</OldTextValue>
    <NewTextValue></NewTextValue>
  </TextCorrectedLine>
  <TextCorrectedLine lineID="P2_TL00322">
    <OldTextValue>tl ■ ' .AT REASONABLE RATES V"» ;^' '</OldTextValue>
    <NewTextValue>.AT REASONABLE RATES</NewTextValue>
  </TextCorrectedLine>
  <TextCorrectedLine lineID="P2_TL00323">
    <OldTextValue>ii Sample Rooms for Commcr- !!</OldTextValue>
    <NewTextValue>Sample Rooms for Commercial Travelers.</NewTextValue>
  </TextCorrectedLine>
  <TextCorrectedLine lineID="P2_TL00324">
    <OldTextValue>1 1;_; All Stages stop at this hotelX'v &gt;</OldTextValue>
    <NewTextValue>All Stages stop at this hotel</NewTextValue>
  </TextCorrectedLine>
  <TextCorrectedLine lineID="P2_TL00325">
    <OldTextValue>J.-.' ':.."• -.'■.■'•■■!• "■-'■.- myB .-' : - * '.'.,-■•:&lt;&gt;</OldTextValue>
    <NewTextValue></NewTextValue>
  </TextCorrectedLine>
  <TextCorrectedLine lineID="P2_TL00326">
    <OldTextValue>|;&amp; 2STEW</OldTextValue>
    <NewTextValue>NEW</NewTextValue>
  </TextCorrectedLine>
  <TextCorrectedLine lineID="P2_TL00327">
    <OldTextValue>National * Hotel</OldTextValue>
    <NewTextValue>National Hotel</NewTextValue>
  </TextCorrectedLine>
  <TextCorrectedLine lineID="P2_TL00328">
    <OldTextValue>■ ; '■"'- &lt;'■:'■ ■■;-V s ■■:■■ ;v;;.;??.;»i</OldTextValue>
    <NewTextValue></NewTextValue>
  </TextCorrectedLine>
  <TextCorrectedLine lineID="P2_TL00329">
    <OldTextValue>i Jackson,' Amador coantj, Cal. \~ \</OldTextValue>
    <NewTextValue>Jackson, Amador county, Cal.</NewTextValue>
  </TextCorrectedLine>
  <TextCorrectedLine lineID="P2_TL00330">
    <OldTextValue>']' '■■'- , : . ; N^M ; ■■;;■&gt;!</OldTextValue>
    <NewTextValue></NewTextValue>
  </TextCorrectedLine>
  <TextCorrectedLine lineID="P2_TL00331">
    <OldTextValue>!| . F. A. VOORHEIS, Proprietor ; ;</OldTextValue>
    <NewTextValue>F. A. VOORHEIS, Proprietor</NewTextValue>
  </TextCorrectedLine>
  <TextCorrectedLine lineID="P2_TL00332">
    <OldTextValue>k.■ " ■•'. ; .. &lt;vf; /</OldTextValue>
    <NewTextValue></NewTextValue>
  </TextCorrectedLine>
  <TextCorrectedLine lineID="P2_TL00333">
    <OldTextValue>jl'j 1 ' Stage Office for all Points</OldTextValue>
    <NewTextValue>Stage Office for all Points</NewTextValue>
  </TextCorrectedLine>
  <TextCorrectedLine lineID="P2_TL00334">
    <OldTextValue>, j Lighted by electricity throughout ( ').'</OldTextValue>
    <NewTextValue>Lighted by electricity throughout</NewTextValue>
  </TextCorrectedLine>
  <TextCorrectedLine lineID="P2_TL00335">
    <OldTextValue>ii ' • • Jom modious Sample Rooms for , ► .</OldTextValue>
    <NewTextValue>Commodious Sample Rooms for</NewTextValue>
  </TextCorrectedLine>
  <TextCorrectedLine lineID="P2_TL00336">
    <OldTextValue>Travelers. • • aul8;?;</OldTextValue>
    <NewTextValue>Commercial Travelers.</NewTextValue>
  </TextCorrectedLine>
  <TextCorrectedLine lineID="P2_TL00337">
    <OldTextValue>' ' ' " " " '- ' ' ' ■ \ "'-■'■ ' ; ■</OldTextValue>
    <NewTextValue></NewTextValue>
  </TextCorrectedLine>
  <TextCorrectedLine lineID="P2_TL00338">
    <OldTextValue>■■ J. A.^Vanderpool :':;</OldTextValue>
    <NewTextValue>J. A.Vanderpool</NewTextValue>
  </TextCorrectedLine>
  <TextCorrectedLine lineID="P2_TL00339">
    <OldTextValue>THE NESS MAN</OldTextValue>
    <NewTextValue>THE HARNESS MAN</NewTextValue>
  </TextCorrectedLine>
  <TextCorrectedLine lineID="P2_TL00341">
    <OldTextValue>Has on hand a full line of ; Harness^.</OldTextValue>
    <NewTextValue>Has on hand a full line of Harness</NewTextValue>
  </TextCorrectedLine>
  <TextCorrectedLine lineID="P2_TL00342">
    <OldTextValue>- and Hardess Fixtures, Saddles' ,'</OldTextValue>
    <NewTextValue>and Hardess Fixtures, Saddles,</NewTextValue>
  </TextCorrectedLine>
  <TextCorrectedLine lineID="P2_TL00343">
    <OldTextValue>Bridles and Robes. Bug'pies '■"</OldTextValue>
    <NewTextValue>Bridles and Robes. Buggies</NewTextValue>
  </TextCorrectedLine>
  <TextCorrectedLine lineID="P2_TL00344">
    <OldTextValue>. an i Carriage tops made '</OldTextValue>
    <NewTextValue>and Carriage tops made</NewTextValue>
  </TextCorrectedLine>
  <TextCorrectedLine lineID="P2_TL00345">
    <OldTextValue>Also has on hand a line of"</OldTextValue>
    <NewTextValue>Also has on hand a line of</NewTextValue>
  </TextCorrectedLine>
  <TextCorrectedLine lineID="P2_TL00346">
    <OldTextValue>that vrell known and- thor-</OldTextValue>
    <NewTextValue>that well known and thor-</NewTextValue>
  </TextCorrectedLine>
  <TextCorrectedLine lineID="P2_TL00349">
    <OldTextValue>i'LehhhardfS'i</OldTextValue>
    <NewTextValue>Lehnhardts'</NewTextValue>
  </TextCorrectedLine>
  <TextCorrectedLine lineID="P2_TL00350">
    <OldTextValue>IGandy i</OldTextValue>
    <NewTextValue>Candyi</NewTextValue>
  </TextCorrectedLine>
  <TextCorrectedLine lineID="P2_TL00351">
    <OldTextValue>" Ts so pure, fresh and delicious o?</OldTextValue>
    <NewTextValue>Is so pure, fresh and delicious</NewTextValue>
  </TextCorrectedLine>
  <TextCorrectedLine lineID="P2_TL00352">
    <OldTextValue>i • that each piece seems to hold' •</OldTextValue>
    <NewTextValue>that each piece seems to hold</NewTextValue>
  </TextCorrectedLine>
  <TextCorrectedLine lineID="P2_TL00353">
    <OldTextValue>' some new delight to lure you' ', !</OldTextValue>
    <NewTextValue>some new delight to lure you</NewTextValue>
  </TextCorrectedLine>
  <TextCorrectedLine lineID="P2_TL00354">
    <OldTextValue>■ j "Just one more." /■;• U,</OldTextValue>
    <NewTextValue>"Just one more."</NewTextValue>
  </TextCorrectedLine>
  <TextCorrectedLine lineID="P2_TL00355">
    <OldTextValue>; ; Mail us Ea P, O. or express "; ||</OldTextValue>
    <NewTextValue>Mail us a P, O. or express</NewTextValue>
  </TextCorrectedLine>
  <TextCorrectedLine lineID="P2_TL00356">
    <OldTextValue>; ; money order,tand we will ido • ■</OldTextValue>
    <NewTextValue>money order, and we will do</NewTextValue>
  </TextCorrectedLine>
  <TextCorrectedLine lineID="P2_TL00357">
    <OldTextValue>' &lt; the rest. '■[:£ &lt; '&lt; ?</OldTextValue>
    <NewTextValue>the rest.</NewTextValue>
  </TextCorrectedLine>
  <TextCorrectedLine lineID="P2_TL00358">
    <OldTextValue>i . ..... , ,</OldTextValue>
    <NewTextValue></NewTextValue>
  </TextCorrectedLine>
  <TextCorrectedLine lineID="P2_TL00359">
    <OldTextValue>X One pound box 75c. ! !</OldTextValue>
    <NewTextValue>One pound box 75c.</NewTextValue>
  </TextCorrectedLine>
</TextCorrectedBlock>
<TextCorrectedBlock pageOID="AL19071213.1.2" blockID="P2_CB00002" userID="[redacted]">
  <TextCorrectedLine lineID="P2_TL00360">
    <OldTextValue>! 1 Two pound box $1.35. ', ','</OldTextValue>
    <NewTextValue>Two pound box $1.35.</NewTextValue>
  </TextCorrectedLine>
  <TextCorrectedLine lineID="P2_TL00361">
    <OldTextValue>! ! Chocolatejor French Mixed. ; | ','</OldTextValue>
    <NewTextValue>Chocolatelor French Mixed.</NewTextValue>
  </TextCorrectedLine>
  <TextCorrectedLine lineID="P2_TL00362">
    <OldTextValue>J | '. Put up| injheat resisting, | ;</OldTextValue>
    <NewTextValue>Put up in heat resisting,</NewTextValue>
  </TextCorrectedLine>
  <TextCorrectedLine lineID="P2_TL00363">
    <OldTextValue>1 1 moisture proof packages. '/■■,*</OldTextValue>
    <NewTextValue>moisture proof packages.</NewTextValue>
  </TextCorrectedLine>
  <TextCorrectedLine lineID="P2_TL00364">
    <OldTextValue>J ; Express or postage prepaid. (\\\</OldTextValue>
    <NewTextValue>Express or postage prepaid.</NewTextValue>
  </TextCorrectedLine>
  <TextCorrectedLine lineID="P2_TL00365">
    <OldTextValue>ii LEHNHARDT'S ] ;</OldTextValue>
    <NewTextValue>LEHNHARDT'S</NewTextValue>
  </TextCorrectedLine>
  <TextCorrectedLine lineID="P2_TL00366">
    <OldTextValue>i; 1159 Broaiway. Oakland, Cal. J ;</OldTextValue>
    <NewTextValue>1159 Broaiway. Oakland, Cal.</NewTextValue>
  </TextCorrectedLine>
</TextCorrectedBlock>
