<TextCorrectedBlock pageOID="AL19030724.1.2" blockID="P2_CB00003" userID="[redacted]">
  <TextCorrectedLine lineID="P2_TL00519">
    <OldTextValue>and 0 months.</OldTextValue>
    <NewTextValue>and 9 months.</NewTextValue>
  </TextCorrectedLine>
  <TextCorrectedLine lineID="P2_TL00520">
    <OldTextValue>ROVELLI— At Blue Lakes. July 17, 1003, Pletro</OldTextValue>
    <NewTextValue>ROVELLI— At Blue Lakes. July 17, 1903, Pietro</NewTextValue>
  </TextCorrectedLine>
  <TextCorrectedLine lineID="P2_TL00521">
    <OldTextValue>Rovelll, a native of Italy, aged 25 years.</OldTextValue>
    <NewTextValue>Rovelli, a native of Italy, aged 25 years.</NewTextValue>
  </TextCorrectedLine>
  <TextCorrectedLine lineID="P2_TL00522">
    <OldTextValue>DAOUST— In San Francisco. July 30. 1003, Mrs.</OldTextValue>
    <NewTextValue>DAOUST— In San Francisco. July 30. 1903, Mrs.</NewTextValue>
  </TextCorrectedLine>
  <TextCorrectedLine lineID="P2_TL00523">
    <OldTextValue>Emma Diioust of Mokelumno Hill, a native of</OldTextValue>
    <NewTextValue>Emma Daoust of Mokelumne Hill, a native of</NewTextValue>
  </TextCorrectedLine>
  <TextCorrectedLine lineID="P2_TL00524">
    <OldTextValue>California, aged 27 years. • ; -■- ' ' , ■</OldTextValue>
    <NewTextValue>California, aged 27 years.</NewTextValue>
  </TextCorrectedLine>
</TextCorrectedBlock>
<TextCorrectedBlock pageOID="AL19030724.1.2" blockID="P2_CB00001" userID="[redacted]">
  <TextCorrectedLine lineID="P2_TL00425">
    <OldTextValue>the greatest known tonic and reconstructive |</OldTextValue>
    <NewTextValue>the greatest known tonic and reconstructive</NewTextValue>
  </TextCorrectedLine>
</TextCorrectedBlock>
<TextCorrectedBlock pageOID="AL19030724.1.2" blockID="P2_CB00008" userID="[redacted]">
  <TextCorrectedLine lineID="P2_TL00551">
    <OldTextValue>X 1 Neatest Place in</OldTextValue>
    <NewTextValue>Neatest Place in</NewTextValue>
  </TextCorrectedLine>
  <TextCorrectedLine lineID="P2_TL00552">
    <OldTextValue>rt. the Mountains</OldTextValue>
    <NewTextValue>the Mountains</NewTextValue>
  </TextCorrectedLine>
  <TextCorrectedLine lineID="P2_TL00553">
    <OldTextValue>1 Everything New and Up-to-Date</OldTextValue>
    <NewTextValue>Everything New and Up-to-Date</NewTextValue>
  </TextCorrectedLine>
  <TextCorrectedLine lineID="P2_TL00558">
    <OldTextValue>■~— National Hotel, Jackson.—</OldTextValue>
    <NewTextValue>National Hotel, Jackson.—</NewTextValue>
  </TextCorrectedLine>
  <TextCorrectedLine lineID="P2_TL00559">
    <OldTextValue>Frank Valvo - £| Prop.</OldTextValue>
    <NewTextValue>Frank Valvo      Prop.</NewTextValue>
  </TextCorrectedLine>
  <TextCorrectedLine lineID="P2_TL00560">
    <OldTextValue>\\% PLYMOUTH J</OldTextValue>
    <NewTextValue>PLYMOUTH</NewTextValue>
  </TextCorrectedLine>
  <TextCorrectedLine lineID="P2_TL00561">
    <OldTextValue>;; \&amp; LATROBE I</OldTextValue>
    <NewTextValue>&amp; LATROBE</NewTextValue>
  </TextCorrectedLine>
  <TextCorrectedLine lineID="P2_TL00562">
    <OldTextValue>STAGE LINE; I</OldTextValue>
    <NewTextValue>STAGE LINE</NewTextValue>
  </TextCorrectedLine>
  <TextCorrectedLine lineID="P2_TL00563">
    <OldTextValue>J ; A fast stage leaves Plymouth 6&lt; &gt;</OldTextValue>
    <NewTextValue>A fast stage leaves Plymouth 6</NewTextValue>
  </TextCorrectedLine>
  <TextCorrectedLine lineID="P2_TL00564">
    <OldTextValue>, , o clock a. m. daily, and connects ' '</OldTextValue>
    <NewTextValue>o clock a. m. daily, and connects</NewTextValue>
  </TextCorrectedLine>
  <TextCorrectedLine lineID="P2_TL00565">
    <OldTextValue>&lt; with the Latrobe down train, ar- ! !</OldTextValue>
    <NewTextValue>with the Latrobe down train, ar-</NewTextValue>
  </TextCorrectedLine>
  <TextCorrectedLine lineID="P2_TL00566">
    <OldTextValue>&lt; riving in Sacramento at 9:35 a. m. &lt; •</OldTextValue>
    <NewTextValue>riving in Sacramento at 9:35 a. m.</NewTextValue>
  </TextCorrectedLine>
  <TextCorrectedLine lineID="P2_TL00567">
    <OldTextValue>&lt;, StagoleavesLatrobeatso'elock J'</OldTextValue>
    <NewTextValue>Stage leaves Latrobe at 5 o'clock</NewTextValue>
  </TextCorrectedLine>
  <TextCorrectedLine lineID="P2_TL00568">
    <OldTextValue>&lt; p. m., or after the arrival of Sac- &lt; !</OldTextValue>
    <NewTextValue>p. m., or after the arrival of Sac-</NewTextValue>
  </TextCorrectedLine>
  <TextCorrectedLine lineID="P2_TL00569">
    <OldTextValue>&lt; ' ramenio up train, and will arrive &lt; &gt;</OldTextValue>
    <NewTextValue>ramento up train, and will arrive</NewTextValue>
  </TextCorrectedLine>
  <TextCorrectedLine lineID="P2_TL00570">
    <OldTextValue>I , at Plymouth at 6:40 p. m. ■ " '</OldTextValue>
    <NewTextValue>at Plymouth at 6:40 p. m.</NewTextValue>
  </TextCorrectedLine>
  <TextCorrectedLine lineID="P2_TL00571">
    <OldTextValue>&lt; . Accommodations can be had at !',</OldTextValue>
    <NewTextValue>Accommodations can be had at</NewTextValue>
  </TextCorrectedLine>
  <TextCorrectedLine lineID="P2_TL00572">
    <OldTextValue>j &lt; t Latrobe for all passengers amy- &lt; &gt;</OldTextValue>
    <NewTextValue>Latrobe for all passengers arriv-</NewTextValue>
  </TextCorrectedLine>
  <TextCorrectedLine lineID="P2_TL00573">
    <OldTextValue>, , ing on the morning train, and ' '</OldTextValue>
    <NewTextValue>ing on the morning train, and</NewTextValue>
  </TextCorrectedLine>
  <TextCorrectedLine lineID="P2_TL00574">
    <OldTextValue>&lt; 1 arrive at Plymouth at 12 noon. ! !</OldTextValue>
    <NewTextValue>arrive at Plymouth at 12 noon.</NewTextValue>
  </TextCorrectedLine>
  <TextCorrectedLine lineID="P2_TL00575">
    <OldTextValue>|! This stage line is under the man- &lt;&gt;</OldTextValue>
    <NewTextValue>This stage line is under the man-</NewTextValue>
  </TextCorrectedLine>
  <TextCorrectedLine lineID="P2_TL00576">
    <OldTextValue>, , agement of the Plymouth Livery ' '</OldTextValue>
    <NewTextValue>agement of the Plymouth Livery</NewTextValue>
  </TextCorrectedLine>
  <TextCorrectedLine lineID="P2_TL00577">
    <OldTextValue>&lt; and Sale stable, where you can ! |</OldTextValue>
    <NewTextValue>and Sale stable, where you can</NewTextValue>
  </TextCorrectedLine>
  <TextCorrectedLine lineID="P2_TL00578">
    <OldTextValue>&lt; get all kinds of vehicles suitable &lt; &gt;</OldTextValue>
    <NewTextValue>get all kinds of vehicles suitable</NewTextValue>
  </TextCorrectedLine>
  <TextCorrectedLine lineID="P2_TL00579">
    <OldTextValue>, for mountain use, such as trunk ' '</OldTextValue>
    <NewTextValue>for mountain use, such as trunk</NewTextValue>
  </TextCorrectedLine>
  <TextCorrectedLine lineID="P2_TL00580">
    <OldTextValue>, wagons, etc. Special attention !',</OldTextValue>
    <NewTextValue>wagons, etc. Special attention</NewTextValue>
  </TextCorrectedLine>
  <TextCorrectedLine lineID="P2_TL00581">
    <OldTextValue>J I to commercial travelers. &lt; 1</OldTextValue>
    <NewTextValue>to commercial travelers.</NewTextValue>
  </TextCorrectedLine>
  <TextCorrectedLine lineID="P2_TL00582">
    <OldTextValue>; A. L. WAIT. Prop'r. !</OldTextValue>
    <NewTextValue>A. L. WAIT. Prop'r. !</NewTextValue>
  </TextCorrectedLine>
  <TextCorrectedLine lineID="P2_TL00583">
    <OldTextValue>' ' Phone Main 24. feb27 &lt; i</OldTextValue>
    <NewTextValue>Phone Main 24.              feb27</NewTextValue>
  </TextCorrectedLine>
  <TextCorrectedLine lineID="P2_TL00586">
    <OldTextValue>*UERICU WATCHES, CLOCKS JEW*</OldTextValue>
    <NewTextValue>AMERICAN  WATCHES, CLOCKS JEWELRY</NewTextValue>
  </TextCorrectedLine>
  <TextCorrectedLine lineID="P2_TL00588">
    <OldTextValue>*» All goods warranted as represented</OldTextValue>
    <NewTextValue>All goods warranted as represented</NewTextValue>
  </TextCorrectedLine>
  <TextCorrectedLine lineID="P2_TL00589">
    <OldTextValue>Repairing of watches. Clocks and lry</OldTextValue>
    <NewTextValue>Repairing of watches. Clocks and        1ry</NewTextValue>
  </TextCorrectedLine>
  <TextCorrectedLine lineID="P2_TL00591">
    <OldTextValue>•••••••••••••••••••••••••A</OldTextValue>
    <NewTextValue></NewTextValue>
  </TextCorrectedLine>
  <TextCorrectedLine lineID="P2_TL00592">
    <OldTextValue>j fell-Tale |</OldTextValue>
    <NewTextValue>Tell-Tale</NewTextValue>
  </TextCorrectedLine>
  <TextCorrectedLine lineID="P2_TL00593">
    <OldTextValue>• I vvlll****.*..,* •</OldTextValue>
    <NewTextValue>Teeth</NewTextValue>
  </TextCorrectedLine>
  <TextCorrectedLine lineID="P2_TL00594">
    <OldTextValue>• If you neglect your teeth •</OldTextValue>
    <NewTextValue>If you neglect your teeth</NewTextValue>
  </TextCorrectedLine>
  <TextCorrectedLine lineID="P2_TL00595">
    <OldTextValue>• you know it; and every- •</OldTextValue>
    <NewTextValue>you know it; and every-</NewTextValue>
  </TextCorrectedLine>
  <TextCorrectedLine lineID="P2_TL00596">
    <OldTextValue>• body else knows it, be- •</OldTextValue>
    <NewTextValue>body else knows it, be-</NewTextValue>
  </TextCorrectedLine>
  <TextCorrectedLine lineID="P2_TL00597">
    <OldTextValue>• cause the teeth are so •</OldTextValue>
    <NewTextValue>cause the teeth are so</NewTextValue>
  </TextCorrectedLine>
  <TextCorrectedLine lineID="P2_TL00598">
    <OldTextValue>• prominently located that •</OldTextValue>
    <NewTextValue>prominently located that</NewTextValue>
  </TextCorrectedLine>
  <TextCorrectedLine lineID="P2_TL00599">
    <OldTextValue>• any lack of care is quick- •</OldTextValue>
    <NewTextValue>any lack of care is quick-</NewTextValue>
  </TextCorrectedLine>
  <TextCorrectedLine lineID="P2_TL00600">
    <OldTextValue>• ly visible. •</OldTextValue>
    <NewTextValue>ly visible.</NewTextValue>
  </TextCorrectedLine>
  <TextCorrectedLine lineID="P2_TL00601">
    <OldTextValue>• Good tooth brushes cost •</OldTextValue>
    <NewTextValue>Good tooth brushes cost</NewTextValue>
  </TextCorrectedLine>
  <TextCorrectedLine lineID="P2_TL00602">
    <OldTextValue>S but little here. We have J</OldTextValue>
    <NewTextValue>but little here. We have</NewTextValue>
  </TextCorrectedLine>
  <TextCorrectedLine lineID="P2_TL00603">
    <OldTextValue>• -some that we guarantee J</OldTextValue>
    <NewTextValue>some that we guarantee</NewTextValue>
  </TextCorrectedLine>
  <TextCorrectedLine lineID="P2_TL00604">
    <OldTextValue>5 never to shed a bristle. }</OldTextValue>
    <NewTextValue>never to shed a bristle.</NewTextValue>
  </TextCorrectedLine>
  <TextCorrectedLine lineID="P2_TL00605">
    <OldTextValue>2 We also have the latest J</OldTextValue>
    <NewTextValue>We also have the latest</NewTextValue>
  </TextCorrectedLine>
  <TextCorrectedLine lineID="P2_TL00606">
    <OldTextValue>5 and best tooth prepara- J</OldTextValue>
    <NewTextValue>and best tooth prepara-</NewTextValue>
  </TextCorrectedLine>
  <TextCorrectedLine lineID="P2_TL00607">
    <OldTextValue>J tions; those that polish, •</OldTextValue>
    <NewTextValue>tions; those that polish,</NewTextValue>
  </TextCorrectedLine>
  <TextCorrectedLine lineID="P2_TL00608">
    <OldTextValue>2 whiten and preserve the }</OldTextValue>
    <NewTextValue>whiten and preserve the</NewTextValue>
  </TextCorrectedLine>
  <TextCorrectedLine lineID="P2_TL00609">
    <OldTextValue>2 teeth and cannot harm. J</OldTextValue>
    <NewTextValue>teeth and cannot harm.</NewTextValue>
  </TextCorrectedLine>
  <TextCorrectedLine lineID="P2_TL00610">
    <OldTextValue>• Can supply a tooth say- 2</OldTextValue>
    <NewTextValue>Can supply a tooth sav-</NewTextValue>
  </TextCorrectedLine>
  <TextCorrectedLine lineID="P2_TL00611">
    <OldTextValue>• ing outfit for very little •</OldTextValue>
    <NewTextValue>ing outfit for very little</NewTextValue>
  </TextCorrectedLine>
  <TextCorrectedLine lineID="P2_TL00612">
    <OldTextValue>J CITY PHARMACY •</OldTextValue>
    <NewTextValue>CITY PHARMACY</NewTextValue>
  </TextCorrectedLine>
  <TextCorrectedLine lineID="P2_TL00613">
    <OldTextValue>• ROBT. I. KEBII 2</OldTextValue>
    <NewTextValue>ROBT. I. KERR</NewTextValue>
  </TextCorrectedLine>
  <TextCorrectedLine lineID="P2_TL00614">
    <OldTextValue>• JACKSON - -:-/. CAL. S</OldTextValue>
    <NewTextValue>JACKSON - - -    CAL.</NewTextValue>
  </TextCorrectedLine>
  <TextCorrectedLine lineID="P2_TL00615">
    <OldTextValue>••••••••••••••••••••••••••</OldTextValue>
    <NewTextValue></NewTextValue>
  </TextCorrectedLine>
</TextCorrectedBlock>
<TextCorrectedBlock pageOID="AL19030724.1.2" blockID="P2_CB00015" userID="[redacted]">
  <TextCorrectedLine lineID="P2_TL00868">
    <OldTextValue>jjfiOOD * HOUSEWIVES I</OldTextValue>
    <NewTextValue>GOOD  HOUSEWIVES</NewTextValue>
  </TextCorrectedLine>
  <TextCorrectedLine lineID="P2_TL00869">
    <OldTextValue>j Always provide for a rainy day by 1</OldTextValue>
    <NewTextValue>Always provide for a rainy day by</NewTextValue>
  </TextCorrectedLine>
  <TextCorrectedLine lineID="P2_TL00870">
    <OldTextValue>m putting up their own fruit. -- - m</OldTextValue>
    <NewTextValue>putting up their own fruit.</NewTextValue>
  </TextCorrectedLine>
  <TextCorrectedLine lineID="P2_TL00871">
    <OldTextValue>ll Always provide for everybody by m</OldTextValue>
    <NewTextValue>Always provide for everybody by m</NewTextValue>
  </TextCorrectedLine>
  <TextCorrectedLine lineID="P2_TL00872">
    <OldTextValue>ft keeping the largest stock of - - I</OldTextValue>
    <NewTextValue>keeping the largest stock of - -</NewTextValue>
  </TextCorrectedLine>
  <TextCorrectedLine lineID="P2_TL00873">
    <OldTextValue>| Fruit Jars and Jelly Glasses I</OldTextValue>
    <NewTextValue>Fruit Jars and Jelly Glasses</NewTextValue>
  </TextCorrectedLine>
  <TextCorrectedLine lineID="P2_TL00874">
    <OldTextValue>J that can be found in the County. . |</OldTextValue>
    <NewTextValue>that can be found in the County. .</NewTextValue>
  </TextCorrectedLine>
  <TextCorrectedLine lineID="P2_TL00875">
    <OldTextValue>| Call, examine goods and get prices. |</OldTextValue>
    <NewTextValue>Call, examine goods and get prices.</NewTextValue>
  </TextCorrectedLine>
  <TextCorrectedLine lineID="P2_TL00876">
    <OldTextValue>% Corner /Main and Water Sts. - - Jackson M</OldTextValue>
    <NewTextValue>Corner /Main and Water Sts. - - Jackson</NewTextValue>
  </TextCorrectedLine>
  <TextCorrectedLine lineID="P2_TL00877">
    <OldTextValue>llf You Want ~ f—^lf —^1</OldTextValue>
    <NewTextValue>lf You Want</NewTextValue>
  </TextCorrectedLine>
  <TextCorrectedLine lineID="P2_TL00878">
    <OldTextValue>Good Health . I MrTtH I</OldTextValue>
    <NewTextValue>Good Health .</NewTextValue>
  </TextCorrectedLine>
</TextCorrectedBlock>
