<TextCorrectedBlock pageOID="AL19100114.1.1" blockID="P1_CB00001" userID="[redacted]">
  <TextCorrectedLine lineID="P1_TL00524">
    <OldTextValue>Arc Doctors Arsy Good?</OldTextValue>
    <NewTextValue>Are Doctors Any Good?</NewTextValue>
  </TextCorrectedLine>
</TextCorrectedBlock>
<TextCorrectedBlock pageOID="AL19100114.1.1" blockID="P1_CB00001" userID="[redacted]">
  <TextCorrectedLine lineID="P1_TL00526">
    <OldTextValue>could take the place of a doctor! The best medicine in\</OldTextValue>
    <NewTextValue>could take the place of a doctor! The best medicine in</NewTextValue>
  </TextCorrectedLine>
  <TextCorrectedLine lineID="P1_TL00529">
    <OldTextValue>doctors endorsed Ayer's Cherry Pectoral for ' coughs and</OldTextValue>
    <NewTextValue>doctors endorsed Ayer's Cherry Pectoral for coughs and</NewTextValue>
  </TextCorrectedLine>
  <TextCorrectedLine lineID="P1_TL00531">
    <OldTextValue>No alcohol in this cough medicine. 'jir/bjerC^LowdlXx.</OldTextValue>
    <NewTextValue>No alcohol in this cough medicine.      J. C. Ayer Co., Lowell, Mass.</NewTextValue>
  </TextCorrectedLine>
</TextCorrectedBlock>
<TextCorrectedBlock pageOID="AL19100114.1.2" blockID="P2_TB00017" userID="[redacted]">
  <TextCorrectedLine lineID="P2_TL00070">
    <OldTextValue>up a lot of controversy, as no man iv the public service</OldTextValue>
    <NewTextValue>up a lot of controversy, as no man in the public service</NewTextValue>
  </TextCorrectedLine>
  <TextCorrectedLine lineID="P2_TL00071">
    <OldTextValue>has commanded more attention than Piuchot, because of his</OldTextValue>
    <NewTextValue>has commanded more attention than Pinchot, because of his</NewTextValue>
  </TextCorrectedLine>
  <TextCorrectedLine lineID="P2_TL00074">
    <OldTextValue>was 1 ea*lly the originator, of the conservation policy inaug-</OldTextValue>
    <NewTextValue>was really the originator, of the conservation policy inaug-</NewTextValue>
  </TextCorrectedLine>
  <TextCorrectedLine lineID="P2_TL00078">
    <OldTextValue>occupy a prominent place in histor3'. It is to be regretted</OldTextValue>
    <NewTextValue>occupy a prominent place in history.  It is to be regretted</NewTextValue>
  </TextCorrectedLine>
</TextCorrectedBlock>
<TextCorrectedBlock pageOID="AL19100114.1.2" blockID="P2_CB00004" userID="[redacted]">
  <TextCorrectedLine lineID="P2_TL00362">
    <OldTextValue>mltlimtTjSiS i ift'iiriiiii '/i l * s * 4 1 ■</OldTextValue>
    <NewTextValue>CASTORIA     900 Drops</NewTextValue>
  </TextCorrectedLine>
  <TextCorrectedLine lineID="P2_TL00363">
    <OldTextValue>P&amp;.2 __ __^i««*!*ww l S^J . ! For Infanta fund Children.</OldTextValue>
    <NewTextValue>For Infants and Children.</NewTextValue>
  </TextCorrectedLine>
  <TextCorrectedLine lineID="P2_TL00364">
    <OldTextValue>1^ CAST OIfiJ The Kind You Have</OldTextValue>
    <NewTextValue>CASTORIA The Kind You Have</NewTextValue>
  </TextCorrectedLine>
  <TextCorrectedLine lineID="P2_TL00365">
    <OldTextValue>H.^^^™ Always Bought</OldTextValue>
    <NewTextValue>Always Bought</NewTextValue>
  </TextCorrectedLine>
</TextCorrectedBlock>
<TextCorrectedBlock pageOID="AL19100114.1.2" blockID="P2_CB00004" userID="[redacted]">
  <TextCorrectedLine lineID="P2_TL00376">
    <OldTextValue>lijllfc Thirty Years</OldTextValue>
    <NewTextValue>In Use For Over Thirty Years</NewTextValue>
  </TextCorrectedLine>
</TextCorrectedBlock>
<TextCorrectedBlock pageOID="AL19100114.1.3" blockID="P3_TB00043" userID="[redacted]">
  <TextCorrectedLine lineID="P3_TL00397">
    <OldTextValue>ordered out. But in 18!9 he wandered</OldTextValue>
    <NewTextValue>ordered out. But in 1849 he wandered</NewTextValue>
  </TextCorrectedLine>
</TextCorrectedBlock>
<TextCorrectedBlock pageOID="AL19100114.1.3" blockID="P3_TB00012" userID="[redacted]">
  <TextCorrectedLine lineID="P3_TL00087">
    <OldTextValue>Soitih ypurx 11KO the body of n woll</OldTextValue>
    <NewTextValue>Some years ago the body of a well</NewTextValue>
  </TextCorrectedLine>
  <TextCorrectedLine lineID="P3_TL00088">
    <OldTextValue>dressed mm 11 wns |'oi;im! In n Held on</OldTextValue>
    <NewTextValue>dressed man was found in a field on</NewTextValue>
  </TextCorrectedLine>
  <TextCorrectedLine lineID="P3_TL00089">
    <OldTextValue>tbe outskirts of mi lOnjrllsli town.</OldTextValue>
    <NewTextValue>the outskirts of an English town.</NewTextValue>
  </TextCorrectedLine>
  <TextCorrectedLine lineID="P3_TL00090">
    <OldTextValue>There were no intirks of violence, nnd</OldTextValue>
    <NewTextValue>There were no marks of violence, and</NewTextValue>
  </TextCorrectedLine>
  <TextCorrectedLine lineID="P3_TL00091">
    <OldTextValue>It wns doubtful \\ lift her dentil hud DC</OldTextValue>
    <NewTextValue>it was doubtful whetehr death had oc-</NewTextValue>
  </TextCorrectedLine>
  <TextCorrectedLine lineID="P3_TL00092">
    <OldTextValue>rti'red f I*lllll natural cnises of If the</OldTextValue>
    <NewTextValue>curred from natural causes or if the</NewTextValue>
  </TextCorrectedLine>
  <TextCorrectedLine lineID="P3_TL00093">
    <OldTextValue>imilvldtiMl bud rTiiiimlfted suicide.. Jn</OldTextValue>
    <NewTextValue>individual had committed suicide.   In</NewTextValue>
  </TextCorrectedLine>
  <TextCorrectedLine lineID="P3_TL00094">
    <OldTextValue>due course Ihe hcd.v wns IdontlGncl,</OldTextValue>
    <NewTextValue>due course the body was identified</NewTextValue>
  </TextCorrectedLine>
  <TextCorrectedLine lineID="P3_TL00095">
    <OldTextValue>anil a gentleman who h:id lieen nt-</OldTextValue>
    <NewTextValue>and a gentleman who had been ac-</NewTextValue>
  </TextCorrectedLine>
  <TextCorrectedLine lineID="P3_TL00096">
    <OldTextValue>quahitPtl with the cl (reused \v.ik cnlleil</OldTextValue>
    <NewTextValue>quainted with the deceased was called</NewTextValue>
  </TextCorrectedLine>
  <TextCorrectedLine lineID="P3_TL00097">
    <OldTextValue>upun to prIVP evidence nt the liujtiSat.</OldTextValue>
    <NewTextValue>upon to give evidence at the inquest.</NewTextValue>
  </TextCorrectedLine>
  <TextCorrectedLine lineID="P3_TL00098">
    <OldTextValue>Among other thiiiir*! ii (&gt; Htnicd thnt he</OldTextValue>
    <NewTextValue>Among other things, he stated that he</NewTextValue>
  </TextCorrectedLine>
  <TextCorrectedLine lineID="P3_TL00099">
    <OldTextValue>lint] iilwny.* considered him to lie a 111:111</OldTextValue>
    <NewTextValue>had always considered him to be a man</NewTextValue>
  </TextCorrectedLine>
  <TextCorrectedLine lineID="P3_TL00100">
    <OldTextValue>of tii:irl;eil Idiosyncrasies, nnd bis brain</OldTextValue>
    <NewTextValue>of marked idiosyncrasies, and his brain</NewTextValue>
  </TextCorrectedLine>
  <TextCorrectedLine lineID="P3_TL00101">
    <OldTextValue>was eontlntiiilly t'Stllcd by Ills Irresist-</OldTextValue>
    <NewTextValue>was continually excited bby his irresist-</NewTextValue>
  </TextCorrectedLine>
  <TextCorrectedLine lineID="P3_TL00102">
    <OldTextValue>ible fondness for clilrncrgiii of rarl-</OldTextValue>
    <NewTextValue>ible fondness for chimeras of vari-</NewTextValue>
  </TextCorrectedLine>
  <TextCorrectedLine lineID="P3_TL00104">
    <OldTextValue>sntlullert with hU statement nnd lm-</OldTextValue>
    <NewTextValue>satisfied with his statement and im-</NewTextValue>
  </TextCorrectedLine>
  <TextCorrectedLine lineID="P3_TL00105">
    <OldTextValue>raoillatply brought In 11 verdict that</OldTextValue>
    <NewTextValue>mediately brought in a verdict that</NewTextValue>
  </TextCorrectedLine>
  <TextCorrectedLine lineID="P3_TL00106">
    <OldTextValue>"death was caused by Idiosyncrasies</OldTextValue>
    <NewTextValue>"death was caused by idiosyncrasies</NewTextValue>
  </TextCorrectedLine>
  <TextCorrectedLine lineID="P3_TL00108">
    <OldTextValue>of excessive Indulgence in chimeras,"</OldTextValue>
    <NewTextValue>of excessive indulgence in chimeras,"</NewTextValue>
  </TextCorrectedLine>
</TextCorrectedBlock>
<TextCorrectedBlock pageOID="AL19100114.1.3" blockID="P3_TB00012" userID="[redacted]">
  <TextCorrectedLine lineID="P3_TL00109">
    <OldTextValue>odd Ins a rider that "it should be a</OldTextValue>
    <NewTextValue>adding a rider that "it should be a</NewTextValue>
  </TextCorrectedLine>
  <TextCorrectedLine lineID="P3_TL00110">
    <OldTextValue>wurnlns to people to refiwin from tbat</OldTextValue>
    <NewTextValue>warning to people to refrain from that</NewTextValue>
  </TextCorrectedLine>
  <TextCorrectedLine lineID="P3_TL00111">
    <OldTextValue>und other lutoxtcatlug borcraseo."</OldTextValue>
    <NewTextValue>and other intoxicating beverages."</NewTextValue>
  </TextCorrectedLine>
</TextCorrectedBlock>
<TextCorrectedBlock pageOID="AL19100114.1.3" blockID="P3_CB00002" userID="[redacted]">
  <TextCorrectedLine lineID="P3_TL00580">
    <OldTextValue>Xmador ledger</OldTextValue>
    <NewTextValue>Amador ledger</NewTextValue>
  </TextCorrectedLine>
  <TextCorrectedLine lineID="P3_TL00584">
    <OldTextValue>R. Weiiii, Editor and Proprietor.</OldTextValue>
    <NewTextValue>R. Webb, Editor and Proprietor.</NewTextValue>
  </TextCorrectedLine>
  <TextCorrectedLine lineID="P3_TL00585">
    <OldTextValue>Tlxe Old_est</OldTextValue>
    <NewTextValue>The Oldest</NewTextValue>
  </TextCorrectedLine>
  <TextCorrectedLine lineID="P3_TL00586">
    <OldTextValue>Zk/Lo&amp;t InfliierLtial</OldTextValue>
    <NewTextValue>Most Influential</NewTextValue>
  </TextCorrectedLine>
  <TextCorrectedLine lineID="P3_TL00587">
    <OldTextValue>IMlost TA7"id.elT7- pixq-o.lated.,</OldTextValue>
    <NewTextValue>Most Widely Circulated</NewTextValue>
  </TextCorrectedLine>
  <TextCorrectedLine lineID="P3_TL00588">
    <OldTextValue>And 0x2.137* All-lEaios^CLe IFsirrt</OldTextValue>
    <NewTextValue>And Only All-Home Print</NewTextValue>
  </TextCorrectedLine>
  <TextCorrectedLine lineID="P3_TL00593">
    <OldTextValue>■ Free and Independent in the discussion of al' matters pertaining to</OldTextValue>
    <NewTextValue>Free and Independent in the discussion of all matters pertaining to</NewTextValue>
  </TextCorrectedLine>
  <TextCorrectedLine lineID="P3_TL00594">
    <OldTextValue>t&lt; the Local Government</OldTextValue>
    <NewTextValue>to the Local Government</NewTextValue>
  </TextCorrectedLine>
</TextCorrectedBlock>
