<TextCorrectedBlock pageOID="AL19020117.1.2" blockID="P2_CB00012" userID="[redacted]">
  <TextCorrectedLine lineID="P2_TL01057">
    <OldTextValue>"NUFF</OldTextValue>
    <NewTextValue>"NUFF SAID "</NewTextValue>
  </TextCorrectedLine>
  <TextCorrectedLine lineID="P2_TL01061">
    <OldTextValue>Ml II I!</OldTextValue>
    <NewTextValue>WELLER HDWE. STORE</NewTextValue>
  </TextCorrectedLine>
  <TextCorrectedLine lineID="P2_TL01062">
    <OldTextValue>«|gr Union Stables</OldTextValue>
    <NewTextValue>Union Stables</NewTextValue>
  </TextCorrectedLine>
  <TextCorrectedLine lineID="P2_TL01063">
    <OldTextValue>hJm&amp;fSIV . under Webb Hall *</OldTextValue>
    <NewTextValue>under Webb Hall *</NewTextValue>
  </TextCorrectedLine>
  <TextCorrectedLine lineID="P2_TL01065">
    <OldTextValue>■ * M. NEWMAN, Prop.</OldTextValue>
    <NewTextValue>M. NEWMAN, Prop.</NewTextValue>
  </TextCorrectedLine>
  <TextCorrectedLine lineID="P2_TL01069">
    <OldTextValue>Special Attention Paid *</OldTextValue>
    <NewTextValue>Special Attention Paid</NewTextValue>
  </TextCorrectedLine>
  <TextCorrectedLine lineID="P2_TL01070">
    <OldTextValue>♦: to Transient Stock.</OldTextValue>
    <NewTextValue>to Transient Stock.</NewTextValue>
  </TextCorrectedLine>
</TextCorrectedBlock>
<TextCorrectedBlock pageOID="AL19020117.1.2" blockID="P2_CB00012" userID="[redacted]">
  <TextCorrectedLine lineID="P2_TL01063">
    <OldTextValue>under Webb Hall *</OldTextValue>
    <NewTextValue>under Webb Hall</NewTextValue>
  </TextCorrectedLine>
</TextCorrectedBlock>
<TextCorrectedBlock pageOID="AL19020117.1.3" blockID="P3_TB00031" userID="[redacted]">
  <TextCorrectedLine lineID="P3_TL00250">
    <OldTextValue>last Sunday with a conceit from the</OldTextValue>
    <NewTextValue>last Sunday with a concert from the</NewTextValue>
  </TextCorrectedLine>
</TextCorrectedBlock>
<TextCorrectedBlock pageOID="AL19020117.1.3" blockID="P3_TB00014" userID="[redacted]">
  <TextCorrectedLine lineID="P3_TL00081">
    <OldTextValue>Tho residence of J. I. l'ool near Slab-</OldTextValue>
    <NewTextValue>Tho residence of J. I. Pool near Slab-</NewTextValue>
  </TextCorrectedLine>
  <TextCorrectedLine lineID="P3_TL00082">
    <OldTextValue>town, was burglarized ami robbed the</OldTextValue>
    <NewTextValue>town, was burglarized and robbed the</NewTextValue>
  </TextCorrectedLine>
  <TextCorrectedLine lineID="P3_TL00084">
    <OldTextValue>After the Stono Company eot through</OldTextValue>
    <NewTextValue>After the Stone Company got through</NewTextValue>
  </TextCorrectedLine>
  <TextCorrectedLine lineID="P3_TL00086">
    <OldTextValue>placo from tho Tabeaud reservoir to</OldTextValue>
    <NewTextValue>placo from the Tabeaud reservoir to</NewTextValue>
  </TextCorrectedLine>
  <TextCorrectedLine lineID="P3_TL00087">
    <OldTextValue>near Slabtown, and employ oil his time</OldTextValue>
    <NewTextValue>near Slabtown, and employed his time</NewTextValue>
  </TextCorrectedLine>
  <TextCorrectedLine lineID="P3_TL00089">
    <OldTextValue>profession. A ,man named George</OldTextValue>
    <NewTextValue>profession. A man named George</NewTextValue>
  </TextCorrectedLine>
  <TextCorrectedLine lineID="P3_TL00099">
    <OldTextValue>took therefrom' Pool's best Bult of</OldTextValue>
    <NewTextValue>took therefrom Pool's best suit of</NewTextValue>
  </TextCorrectedLine>
  <TextCorrectedLine lineID="P3_TL00100">
    <OldTextValue>clothes, an extra vest, 13 razors, a shot-</OldTextValue>
    <NewTextValue>clothes, an extra vest, 18 razors, a shot-</NewTextValue>
  </TextCorrectedLine>
  <TextCorrectedLine lineID="P3_TL00105">
    <OldTextValue>vest, and • partook of liquid refresh-</OldTextValue>
    <NewTextValue>vest, and partook of liquid refresh-</NewTextValue>
  </TextCorrectedLine>
  <TextCorrectedLine lineID="P3_TL00108">
    <OldTextValue>donned the stolen suit, and sot out on</OldTextValue>
    <NewTextValue>donned the stolen suit, and set out on</NewTextValue>
  </TextCorrectedLine>
  <TextCorrectedLine lineID="P3_TL00109">
    <OldTextValue>foot toward the yaljoy. Constable</OldTextValue>
    <NewTextValue>foot toward the valley. Constable</NewTextValue>
  </TextCorrectedLine>
  <TextCorrectedLine lineID="P3_TL00115">
    <OldTextValue>had just left that village.' At the ro r</OldTextValue>
    <NewTextValue>had just left that village.  At the re-</NewTextValue>
  </TextCorrectedLine>
  <TextCorrectedLine lineID="P3_TL00116">
    <OldTextValue>quest of the sheriff, G. W". Rainey ar-</OldTextValue>
    <NewTextValue>quest of the sheriff, G. W. Rainey ar-</NewTextValue>
  </TextCorrectedLine>
  <TextCorrectedLine lineID="P3_TL00117">
    <OldTextValue>rested Walder, and held him until tho</OldTextValue>
    <NewTextValue>rested Walder, and held him until the</NewTextValue>
  </TextCorrectedLine>
  <TextCorrectedLine lineID="P3_TL00118">
    <OldTextValue>sheriff arrived, and tpflk him tp Stock-</OldTextValue>
    <NewTextValue>sheriff arrived, and took him to Stock-</NewTextValue>
  </TextCorrectedLine>
  <TextCorrectedLine lineID="P3_TL00124">
    <OldTextValue>eaten, Walt}?)-" g-drjijts breaking into</OldTextValue>
    <NewTextValue>eaten, Walder admits breaking into</NewTextValue>
  </TextCorrectedLine>
  <TextCorrectedLine lineID="P3_TL00125">
    <OldTextValue>the house and taking tba property." ; "■■_</OldTextValue>
    <NewTextValue>the house and taking the property.</NewTextValue>
  </TextCorrectedLine>
</TextCorrectedBlock>
<TextCorrectedBlock pageOID="AL19020117.1.3" blockID="P3_TB00051" userID="[redacted]">
  <TextCorrectedLine lineID="P3_TL00415">
    <OldTextValue>new omssoul tunnel. Tlw superin-</OldTextValue>
    <NewTextValue>new crosscut tunnel. The superin-</NewTextValue>
  </TextCorrectedLine>
  <TextCorrectedLine lineID="P3_TL00421">
    <OldTextValue>addition to this, he purchased tho re-</OldTextValue>
    <NewTextValue>addition to this, he purchased the re-</NewTextValue>
  </TextCorrectedLine>
  <TextCorrectedLine lineID="P3_TL00422">
    <OldTextValue>ceiver, qut-pflhind vajyes. used in con-</OldTextValue>
    <NewTextValue>ceiver, cut-off valves used in con-</NewTextValue>
  </TextCorrectedLine>
  <TextCorrectedLine lineID="P3_TL00426">
    <OldTextValue>work q! remgying these, to the mine</OldTextValue>
    <NewTextValue>work of removing these, to the mine</NewTextValue>
  </TextCorrectedLine>
  <TextCorrectedLine lineID="P3_TL00434">
    <OldTextValue>ways and for foundation worfc has al-</OldTextValue>
    <NewTextValue>ways and for foundation work has al-</NewTextValue>
  </TextCorrectedLine>
  <TextCorrectedLine lineID="P3_TL00435">
    <OldTextValue>roady begun,, and pians and estimates</OldTextValue>
    <NewTextValue>roady begun, and plans and estimates</NewTextValue>
  </TextCorrectedLine>
  <TextCorrectedLine lineID="P3_TL00437">
    <OldTextValue>tion of Messrs. Garbarini. of Jackson.</OldTextValue>
    <NewTextValue>tion of Messrs. Garbarini of Jackson.</NewTextValue>
  </TextCorrectedLine>
  <TextCorrectedLine lineID="P3_TL00440">
    <OldTextValue>work, after which it vvilj be in all re-</OldTextValue>
    <NewTextValue>work, after which it will be in all re-</NewTextValue>
  </TextCorrectedLine>
  <TextCorrectedLine lineID="P3_TL00441">
    <OldTextValue>spepts equal to a new machine. -The</OldTextValue>
    <NewTextValue>spects equal to a new machine.  The</NewTextValue>
  </TextCorrectedLine>
  <TextCorrectedLine lineID="P3_TL00444">
    <OldTextValue>the not cost of a new outfit. The en-</OldTextValue>
    <NewTextValue>the net cost of a new outfit. The en-</NewTextValue>
  </TextCorrectedLine>
  <TextCorrectedLine lineID="P3_TL00445">
    <OldTextValue>tire financial Outlook of the company</OldTextValue>
    <NewTextValue>tire financial outlook of the company</NewTextValue>
  </TextCorrectedLine>
  <TextCorrectedLine lineID="P3_TL00446">
    <OldTextValue>Is brighter than at any time since the</OldTextValue>
    <NewTextValue>is brighter than at any time since the</NewTextValue>
  </TextCorrectedLine>
  <TextCorrectedLine lineID="P3_TL00447">
    <OldTextValue>Incorporation. Only a few thousand</OldTextValue>
    <NewTextValue>incorporation. Only a few thousand</NewTextValue>
  </TextCorrectedLine>
  <TextCorrectedLine lineID="P3_TL00456">
    <OldTextValue>make Del Monte mino one of tho busi-</OldTextValue>
    <NewTextValue>make Del Monte mine one of the busi-</NewTextValue>
  </TextCorrectedLine>
  <TextCorrectedLine lineID="P3_TL00457">
    <OldTextValue>est little communities in tho mining belt.</OldTextValue>
    <NewTextValue>est little communities in the mining belt.</NewTextValue>
  </TextCorrectedLine>
  <TextCorrectedLine lineID="P3_TL00463">
    <OldTextValue>two feet in width' at a depth of 40</OldTextValue>
    <NewTextValue>two feet in width at a depth of 40</NewTextValue>
  </TextCorrectedLine>
  <TextCorrectedLine lineID="P3_TL00464">
    <OldTextValue>feet, -with gopd prospect showing.</OldTextValue>
    <NewTextValue>feet, with good prospect showing.</NewTextValue>
  </TextCorrectedLine>
  <TextCorrectedLine lineID="P3_TL00465">
    <OldTextValue>Rail Rpad Flat mining district has de-</OldTextValue>
    <NewTextValue>Rail Road Flat mining district has de-</NewTextValue>
  </TextCorrectedLine>
  <TextCorrectedLine lineID="P3_TL00470">
    <OldTextValue>of them is being^ prosecuted upon ex-</OldTextValue>
    <NewTextValue>of them is being prosecuted upon ex-</NewTextValue>
  </TextCorrectedLine>
</TextCorrectedBlock>
