<TextCorrectedBlock pageOID="AL19031218.1.1" blockID="P1_TB00005" userID="[redacted]">
  <TextCorrectedLine lineID="P1_TL00005">
    <OldTextValue>Helena Wood</OldTextValue>
    <NewTextValue>By Helene Wood</NewTextValue>
  </TextCorrectedLine>
</TextCorrectedBlock>
<TextCorrectedBlock pageOID="AL19031218.1.1" blockID="P1_CB00004" userID="[redacted]">
  <TextCorrectedLine lineID="P1_TL00982">
    <OldTextValue>j~JT\ I*. SPAUNOLI</OldTextValue>
    <NewTextValue>D. B. SPAGNOLI</NewTextValue>
  </TextCorrectedLine>
  <TextCorrectedLine lineID="P1_TL00987">
    <OldTextValue>~asca'*» -~~ -: ' ' "l^:</OldTextValue>
    <NewTextValue>Records.</NewTextValue>
  </TextCorrectedLine>
  <TextCorrectedLine lineID="P1_TL00988">
    <OldTextValue>: T W. CAI.DWKLL- .</OldTextValue>
    <NewTextValue>J. W. CALDWELL</NewTextValue>
  </TextCorrectedLine>
  <TextCorrectedLine lineID="P1_TL00989">
    <OldTextValue>J?" Attorney-at-I-»w</OldTextValue>
    <NewTextValue>Attorney-at-Law</NewTextValue>
  </TextCorrectedLine>
  <TextCorrectedLine lineID="P1_TL00990">
    <OldTextValue>Will practice In all courts of tho State,</OldTextValue>
    <NewTextValue>Will practice in all courts of the State,</NewTextValue>
  </TextCorrectedLine>
  <TextCorrectedLine lineID="P1_TL00991">
    <OldTextValue>JOHN F. DAVIS '</OldTextValue>
    <NewTextValue>JOHN F. DAVIS</NewTextValue>
  </TextCorrectedLine>
  <TextCorrectedLine lineID="P1_TL00992">
    <OldTextValue>LAWYER-</OldTextValue>
    <NewTextValue>LAWYER</NewTextValue>
  </TextCorrectedLine>
  <TextCorrectedLine lineID="P1_TL00993">
    <OldTextValue>*^*j Jackson,. Cm. ' -' '</OldTextValue>
    <NewTextValue>Jackson,. Cal.</NewTextValue>
  </TextCorrectedLine>
  <TextCorrectedLine lineID="P1_TL00994">
    <OldTextValue>Office on Summit Street, opposite Courtboui&gt;e</OldTextValue>
    <NewTextValue>Office on Summit Street, opposite Courthouse</NewTextValue>
  </TextCorrectedLine>
  <TextCorrectedLine lineID="P1_TL00996">
    <OldTextValue>TTIL.DA CLOUfiH.</OldTextValue>
    <NewTextValue>HILDA CLOUGH</NewTextValue>
  </TextCorrectedLine>
</TextCorrectedBlock>
<TextCorrectedBlock pageOID="AL19031218.1.1" blockID="P1_CB00004" userID="[redacted]">
  <TextCorrectedLine lineID="P1_TL00984">
    <OldTextValue>tr Jacksiin. Cal. j 'Sj£</OldTextValue>
    <NewTextValue>Jackson, Cal.</NewTextValue>
  </TextCorrectedLine>
  <TextCorrectedLine lineID="P1_TL00986">
    <OldTextValue>Office: Spagnoli buOdiaj^ opposite Hall ol</OldTextValue>
    <NewTextValue>Office: Spagnoli building opposite Hall of</NewTextValue>
  </TextCorrectedLine>
</TextCorrectedBlock>
