<TextCorrectedBlock pageOID="AL19111124.1.8" blockID="P8_TB00031" userID="[redacted]">
  <TextCorrectedLine lineID="P8_TL00281">
    <OldTextValue>luncheon In ' the Merchant's Ex-</OldTextValue>
    <NewTextValue>luncheon in the Merchant's Ex-</NewTextValue>
  </TextCorrectedLine>
  <TextCorrectedLine lineID="P8_TL00283">
    <OldTextValue>last to inakd a nation wide tour and</OldTextValue>
    <NewTextValue>last to make a nation wide tour and</NewTextValue>
  </TextCorrectedLine>
  <TextCorrectedLine lineID="P8_TL00285">
    <OldTextValue>state In the union. Three hundred</OldTextValue>
    <NewTextValue>state in the union. Three hundred</NewTextValue>
  </TextCorrectedLine>
</TextCorrectedBlock>
<TextCorrectedBlock pageOID="AL19111124.1.8" blockID="P8_TB00030" userID="[redacted]">
  <TextCorrectedLine lineID="P8_TL00270">
    <OldTextValue>Paris:;— Africa will be cut In two</OldTextValue>
    <NewTextValue>Paris:— Africa will be cut in two</NewTextValue>
  </TextCorrectedLine>
  <TextCorrectedLine lineID="P8_TL00271">
    <OldTextValue>by an ■&lt; immense railroad project,</OldTextValue>
    <NewTextValue>by an immense railroad project,</NewTextValue>
  </TextCorrectedLine>
  <TextCorrectedLine lineID="P8_TL00276">
    <OldTextValue>llope.oMt will open colossal terri-</OldTextValue>
    <NewTextValue>Hope. It will open colossal terri-</NewTextValue>
  </TextCorrectedLine>
  <TextCorrectedLine lineID="P8_TL00277">
    <OldTextValue>tory for /exploiting says M. Berthe-</OldTextValue>
    <NewTextValue>tory for exploiting says M. Berthe-</NewTextValue>
  </TextCorrectedLine>
  <TextCorrectedLine lineID="P8_TL00278">
    <OldTextValue>lot. &gt; ,</OldTextValue>
    <NewTextValue>lot.</NewTextValue>
  </TextCorrectedLine>
</TextCorrectedBlock>
<TextCorrectedBlock pageOID="AL19111124.1.8" blockID="P8_TB00029" userID="[redacted]">
  <TextCorrectedLine lineID="P8_TL00265">
    <OldTextValue>of Rellly, a vllage six miles from</OldTextValue>
    <NewTextValue>of Reilly, a vllage six miles from</NewTextValue>
  </TextCorrectedLine>
</TextCorrectedBlock>
<TextCorrectedBlock pageOID="AL19111124.1.8" blockID="P8_TB00028" userID="[redacted]">
  <TextCorrectedLine lineID="P8_TL00258">
    <OldTextValue>having encountered - a Btrange sea</OldTextValue>
    <NewTextValue>having encountered a strange sea</NewTextValue>
  </TextCorrectedLine>
</TextCorrectedBlock>
<TextCorrectedBlock pageOID="AL19111124.1.8" blockID="P8_TB00027" userID="[redacted]">
  <TextCorrectedLine lineID="P8_TL00249">
    <OldTextValue>• Wichita. — Grace Husted was in-</OldTextValue>
    <NewTextValue>Wichita. — Grace Husted was in-</NewTextValue>
  </TextCorrectedLine>
  <TextCorrectedLine lineID="P8_TL00254">
    <OldTextValue>the news. . _ .</OldTextValue>
    <NewTextValue>the news.</NewTextValue>
  </TextCorrectedLine>
</TextCorrectedBlock>
<TextCorrectedBlock pageOID="AL19111124.1.8" blockID="P8_TB00026" userID="[redacted]">
  <TextCorrectedLine lineID="P8_TL00241">
    <OldTextValue>Norwalk, Conn.-^-A dog collar</OldTextValue>
    <NewTextValue>Norwalk, Conn. -A dog collar</NewTextValue>
  </TextCorrectedLine>
  <TextCorrectedLine lineID="P8_TL00243">
    <OldTextValue>spirit of. fun delayed the wedding of</OldTextValue>
    <NewTextValue>spirit of fun delayed the wedding of</NewTextValue>
  </TextCorrectedLine>
  <TextCorrectedLine lineID="P8_TL00244">
    <OldTextValue>Miss Mabel Stevenson, a belle' of</OldTextValue>
    <NewTextValue>Miss Mabel Stevenson, a belle of</NewTextValue>
  </TextCorrectedLine>
  <TextCorrectedLine lineID="P8_TL00245">
    <OldTextValue>Silvermore,, as she was preparing</OldTextValue>
    <NewTextValue>Silvermore, as she was preparing</NewTextValue>
  </TextCorrectedLine>
  <TextCorrectedLine lineID="P8_TL00246">
    <OldTextValue>for the nuptials." She had to be tak-</OldTextValue>
    <NewTextValue>for the nuptials. She had to be tak-</NewTextValue>
  </TextCorrectedLine>
  <TextCorrectedLine lineID="P8_TL00248">
    <OldTextValue>it removed. ;</OldTextValue>
    <NewTextValue>it removed.</NewTextValue>
  </TextCorrectedLine>
</TextCorrectedBlock>
<TextCorrectedBlock pageOID="AL19111124.1.8" blockID="P8_TB00025" userID="[redacted]">
  <TextCorrectedLine lineID="P8_TL00226">
    <OldTextValue>Hay ward: ~— Albert P. Mosegard</OldTextValue>
    <NewTextValue>Hayward: — Albert P. Mosegard</NewTextValue>
  </TextCorrectedLine>
  <TextCorrectedLine lineID="P8_TL00229">
    <OldTextValue>in which were Beated several women.</OldTextValue>
    <NewTextValue>in which were seated several women.</NewTextValue>
  </TextCorrectedLine>
  <TextCorrectedLine lineID="P8_TL00237">
    <OldTextValue>side. ' He managed to crawl to ' a</OldTextValue>
    <NewTextValue>side.  He managed to crawl to a</NewTextValue>
  </TextCorrectedLine>
  <TextCorrectedLine lineID="P8_TL00238">
    <OldTextValue>home close by, where medical ■ aid</OldTextValue>
    <NewTextValue>home close by, where medical aid</NewTextValue>
  </TextCorrectedLine>
  <TextCorrectedLine lineID="P8_TL00239">
    <OldTextValue>was summoned. *He has a slight</OldTextValue>
    <NewTextValue>was summoned.  He has a slight</NewTextValue>
  </TextCorrectedLine>
</TextCorrectedBlock>
<TextCorrectedBlock pageOID="AL19111124.1.8" blockID="P8_TB00024" userID="[redacted]">
  <TextCorrectedLine lineID="P8_TL00218">
    <OldTextValue>St. Petersburg: — -A message from</OldTextValue>
    <NewTextValue>St. Petersburg: —A message from</NewTextValue>
  </TextCorrectedLine>
  <TextCorrectedLine lineID="P8_TL00219">
    <OldTextValue>Baku says that a " steamer has left</OldTextValue>
    <NewTextValue>Baku says that a steamer has left</NewTextValue>
  </TextCorrectedLine>
  <TextCorrectedLine lineID="P8_TL00221">
    <OldTextValue>ment and full field equipment' on</OldTextValue>
    <NewTextValue>ment and full field equipment on</NewTextValue>
  </TextCorrectedLine>
  <TextCorrectedLine lineID="P8_TL00222">
    <OldTextValue>board., Russia's aggressive attitude</OldTextValue>
    <NewTextValue>board.  Russia's aggressive attitude</NewTextValue>
  </TextCorrectedLine>
</TextCorrectedBlock>
<TextCorrectedBlock pageOID="AL19111124.1.2" blockID="P2_CB00006" userID="[redacted]">
  <TextCorrectedLine lineID="P2_TL00427">
    <OldTextValue>to your child? Think of tho</OldTextValue>
    <NewTextValue>to your child? Think of the</NewTextValue>
  </TextCorrectedLine>
  <TextCorrectedLine lineID="P2_TL00430">
    <OldTextValue>•I. M. Coffrrmn, Prop.</OldTextValue>
    <NewTextValue>J. M. Coffrrmn, Prop.</NewTextValue>
  </TextCorrectedLine>
  <TextCorrectedLine lineID="P2_TL00432">
    <OldTextValue>Table al nays supplied with</OldTextValue>
    <NewTextValue>Table always supplied with</NewTextValue>
  </TextCorrectedLine>
  <TextCorrectedLine lineID="P2_TL00433">
    <OldTextValue>the very beat' In the nurket</OldTextValue>
    <NewTextValue>the very best in the market</NewTextValue>
  </TextCorrectedLine>
  <TextCorrectedLine lineID="P2_TL00435">
    <OldTextValue>For Commercial Traveller*</OldTextValue>
    <NewTextValue>For Commercial Travellers</NewTextValue>
  </TextCorrectedLine>
  <TextCorrectedLine lineID="P2_TL00436">
    <OldTextValue>spp. Livery Stable Amador City</OldTextValue>
    <NewTextValue>opp. Livery Stable Amador City</NewTextValue>
  </TextCorrectedLine>
</TextCorrectedBlock>
<TextCorrectedBlock pageOID="AL19111124.1.2" blockID="P2_CB00001" userID="[redacted]">
  <TextCorrectedLine lineID="P2_TL00352">
    <OldTextValue>W. 0. Green &amp; Son, Prop's</OldTextValue>
    <NewTextValue>W. O. Green &amp; Son, Prop's</NewTextValue>
  </TextCorrectedLine>
  <TextCorrectedLine lineID="P2_TL00353">
    <OldTextValue>| Board and Lodging at |</OldTextValue>
    <NewTextValue>Board and Lodging at</NewTextValue>
  </TextCorrectedLine>
  <TextCorrectedLine lineID="P2_TL00354">
    <OldTextValue>| Reasonable Rates. Sample I</OldTextValue>
    <NewTextValue>Reasonable Rates. Sample</NewTextValue>
  </TextCorrectedLine>
  <TextCorrectedLine lineID="P2_TL00355">
    <OldTextValue>I Rooms for Commercial</OldTextValue>
    <NewTextValue>Rooms for Commercial</NewTextValue>
  </TextCorrectedLine>
  <TextCorrectedLine lineID="P2_TL00356">
    <OldTextValue>I Travelers. All Stages Stop</OldTextValue>
    <NewTextValue>Travelers. All Stages Stop</NewTextValue>
  </TextCorrectedLine>
  <TextCorrectedLine lineID="P2_TL00357">
    <OldTextValue>lat This Hotel «=»&gt;~</OldTextValue>
    <NewTextValue>at This Hotel</NewTextValue>
  </TextCorrectedLine>
</TextCorrectedBlock>
<TextCorrectedBlock pageOID="AL19111124.1.3" blockID="P3_CB00001" userID="[redacted]">
  <TextCorrectedLine lineID="P3_TL00001">
    <OldTextValue>Extra ! Special!</OldTextValue>
    <NewTextValue>Extra !  Special !</NewTextValue>
  </TextCorrectedLine>
  <TextCorrectedLine lineID="P3_TL00003">
    <OldTextValue>Only $1 5</OldTextValue>
    <NewTextValue>Only $15</NewTextValue>
  </TextCorrectedLine>
  <TextCorrectedLine lineID="P3_TL00004">
    <OldTextValue>A Navy Blue Sorgo, the best</OldTextValue>
    <NewTextValue>A Navy Blue Serge, the best</NewTextValue>
  </TextCorrectedLine>
  <TextCorrectedLine lineID="P3_TL00005">
    <OldTextValue>Jn tho market for the</OldTextValue>
    <NewTextValue>in the market for the</NewTextValue>
  </TextCorrectedLine>
  <TextCorrectedLine lineID="P3_TL00006">
    <OldTextValue>money and warront-</OldTextValue>
    <NewTextValue>money and warrent-</NewTextValue>
  </TextCorrectedLine>
</TextCorrectedBlock>
<TextCorrectedBlock pageOID="AL19111124.1.3" blockID="P3_CB00003" userID="[redacted]">
  <TextCorrectedLine lineID="P3_TL00015">
    <OldTextValue>4 VELA &amp; PICCARD?J</OldTextValue>
    <NewTextValue>VELA &amp; PICCARDO</NewTextValue>
  </TextCorrectedLine>
  <TextCorrectedLine lineID="P3_TL00020">
    <OldTextValue>: very Beautiful Designs</OldTextValue>
    <NewTextValue>very Beautiful Designs</NewTextValue>
  </TextCorrectedLine>
  <TextCorrectedLine lineID="P3_TL00022">
    <OldTextValue>tains, Table covers.otc,</OldTextValue>
    <NewTextValue>tains, Table covers, etc,</NewTextValue>
  </TextCorrectedLine>
  <TextCorrectedLine lineID="P3_TL00023">
    <OldTextValue>Price 81.25, $2.00, $3.00</OldTextValue>
    <NewTextValue>Price $1.25, $2.00, $3.00</NewTextValue>
  </TextCorrectedLine>
  <TextCorrectedLine lineID="P3_TL00024">
    <OldTextValue>5 Main St. Jackson</OldTextValue>
    <NewTextValue>5 Main St.    Jackson</NewTextValue>
  </TextCorrectedLine>
  <TextCorrectedLine lineID="P3_TL00025">
    <OldTextValue>&gt;g. Watch Our Window X( ,</OldTextValue>
    <NewTextValue>Watch Our Window</NewTextValue>
  </TextCorrectedLine>
</TextCorrectedBlock>
<TextCorrectedBlock pageOID="AL19111124.1.3" blockID="P3_CB00004" userID="[redacted]">
  <TextCorrectedLine lineID="P3_TL00026">
    <OldTextValue>•••••••••••••• •00©OGC O O 000</OldTextValue>
    <NewTextValue>Ladies Tailoring</NewTextValue>
  </TextCorrectedLine>
  <TextCorrectedLine lineID="P3_TL00027">
    <OldTextValue>LARGE selection to choose !T</OldTextValue>
    <NewTextValue>LARGE selection to choose</NewTextValue>
  </TextCorrectedLine>
  <TextCorrectedLine lineID="P3_TL00028">
    <OldTextValue>from. Come in and inspect O</OldTextValue>
    <NewTextValue>from. Come in and inspect</NewTextValue>
  </TextCorrectedLine>
  <TextCorrectedLine lineID="P3_TL00029">
    <OldTextValue>2 LClulCu my now rovorsiblo fabric; suit 5</OldTextValue>
    <NewTextValue>my new reversible fabric; suit</NewTextValue>
  </TextCorrectedLine>
  <TextCorrectedLine lineID="P3_TL00030">
    <OldTextValue>To 1 1 Al-Ifl (V a^° 0F nn ° W asn ' ona blo O</OldTextValue>
    <NewTextValue>able for the now fashionable</NewTextValue>
  </TextCorrectedLine>
  <TextCorrectedLine lineID="P3_TL00031">
    <OldTextValue>S lul lUllllst semi-fiitting long coats, mado to 5</OldTextValue>
    <NewTextValue>semi-fiitting long coats, made to</NewTextValue>
  </TextCorrectedLine>
  <TextCorrectedLine lineID="P3_TL00032">
    <OldTextValue>O your individual measure in all 0</OldTextValue>
    <NewTextValue>your individual measure in all</NewTextValue>
  </TextCorrectedLine>
  <TextCorrectedLine lineID="P3_TL00033">
    <OldTextValue>2 S-$-2 tho latest styles. 5</OldTextValue>
    <NewTextValue>the latest styles.</NewTextValue>
  </TextCorrectedLine>
  <TextCorrectedLine lineID="P3_TL00034">
    <OldTextValue>0 Workmanship and Fit are the best Q</OldTextValue>
    <NewTextValue>Workmanship and Fit are the best</NewTextValue>
  </TextCorrectedLine>
  <TextCorrectedLine lineID="P3_TL00035">
    <OldTextValue>f ORDER NO MONEY •</OldTextValue>
    <NewTextValue>ORDER              NO MONEY</NewTextValue>
  </TextCorrectedLine>
  <TextCorrectedLine lineID="P3_TL00036">
    <OldTextValue>m| Received Unless You are Satif ied g*</OldTextValue>
    <NewTextValue>Received Unless You are Satified</NewTextValue>
  </TextCorrectedLine>
  <TextCorrectedLine lineID="P3_TL00037">
    <OldTextValue>• N q W 5</OldTextValue>
    <NewTextValue>NOW</NewTextValue>
  </TextCorrectedLine>
  <TextCorrectedLine lineID="P3_TL00038">
    <OldTextValue>2 Geo. Raymond 2</OldTextValue>
    <NewTextValue>Geo. Raymond</NewTextValue>
  </TextCorrectedLine>
  <TextCorrectedLine lineID="P3_TL00039">
    <OldTextValue>• j^g THE LONDON TAYLOR O</OldTextValue>
    <NewTextValue>THE LONDON TAYLOR</NewTextValue>
  </TextCorrectedLine>
  <TextCorrectedLine lineID="P3_TL00040">
    <OldTextValue>S • «I® Open EvcnlD 888 8 Phono Black 444</OldTextValue>
    <NewTextValue>Open Evenings       Phone Black 444</NewTextValue>
  </TextCorrectedLine>
  <TextCorrectedLine lineID="P3_TL00041">
    <OldTextValue>X 29 MAIN ST. Up Stairs •</OldTextValue>
    <NewTextValue>29 MAIN ST. Up Stairs</NewTextValue>
  </TextCorrectedLine>
  <TextCorrectedLine lineID="P3_TL00042">
    <OldTextValue>oooooooooocoo© 000000000000</OldTextValue>
    <NewTextValue></NewTextValue>
  </TextCorrectedLine>
</TextCorrectedBlock>
<TextCorrectedBlock pageOID="AL19111124.1.3" blockID="P3_CB00005" userID="[redacted]">
  <TextCorrectedLine lineID="P3_TL00046">
    <OldTextValue>The Jackson Brewery Is one of</OldTextValue>
    <NewTextValue>The Jackson Brewery is one of</NewTextValue>
  </TextCorrectedLine>
  <TextCorrectedLine lineID="P3_TL00049">
    <OldTextValue>in tho market.</OldTextValue>
    <NewTextValue>in the market.</NewTextValue>
  </TextCorrectedLine>
  <TextCorrectedLine lineID="P3_TL00050">
    <OldTextValue>!</OldTextValue>
    <NewTextValue></NewTextValue>
  </TextCorrectedLine>
  <TextCorrectedLine lineID="P3_TL00051">
    <OldTextValue>JOHN STIIOHM, Proprietor</OldTextValue>
    <NewTextValue>JOHN STROHM, Proprietor</NewTextValue>
  </TextCorrectedLine>
  <TextCorrectedLine lineID="P3_TL00053">
    <OldTextValue>Phone Main 21 |</OldTextValue>
    <NewTextValue>Phone Main 21</NewTextValue>
  </TextCorrectedLine>
</TextCorrectedBlock>
<TextCorrectedBlock pageOID="AL19111124.1.4" blockID="P4_TB00020" userID="[redacted]">
  <TextCorrectedLine lineID="P4_TL00091">
    <OldTextValue>Mr. Putnam 1b an official at the lit-</OldTextValue>
    <NewTextValue>Mr. Putnam is an official at the lit-</NewTextValue>
  </TextCorrectedLine>
</TextCorrectedBlock>
<TextCorrectedBlock pageOID="AL19111124.1.4" blockID="P4_CB00010" userID="[redacted]">
  <TextCorrectedLine lineID="P4_TL00532">
    <OldTextValue>J/XZlJui JZvJI!!jJL) J? JtvOJ^l JL</OldTextValue>
    <NewTextValue>THE RED FRONT</NewTextValue>
  </TextCorrectedLine>
  <TextCorrectedLine lineID="P4_TL00535">
    <OldTextValue>„, .  A new line of Ladies' Men's</OldTextValue>
    <NewTextValue> A new line of Ladies' Men's</NewTextValue>
  </TextCorrectedLine>
  <TextCorrectedLine lineID="P4_TL00536">
    <OldTextValue>. , We are showing some late W-u ♦ cm</OldTextValue>
    <NewTextValue>We are showing some late</NewTextValue>
  </TextCorrectedLine>
  <TextCorrectedLine lineID="P4_TL00540">
    <OldTextValue>-ri 1 ■ -^ • ■ / /•»_ • " from</OldTextValue>
    <NewTextValue>from</NewTextValue>
  </TextCorrectedLine>
</TextCorrectedBlock>
<TextCorrectedBlock pageOID="AL19111124.1.4" blockID="P4_CB00005" userID="[redacted]">
  <TextCorrectedLine lineID="P4_TL00428">
    <OldTextValue>14, 1911/ by Rev.- Walker, James</OldTextValue>
    <NewTextValue>14, 1911, by Rev. Walker, James</NewTextValue>
  </TextCorrectedLine>
</TextCorrectedBlock>
<TextCorrectedBlock pageOID="AL19111124.1.4" blockID="P4_TB00050" userID="[redacted]">
  <TextCorrectedLine lineID="P4_TL00245">
    <OldTextValue>$4100. ;</OldTextValue>
    <NewTextValue>$4100.</NewTextValue>
  </TextCorrectedLine>
</TextCorrectedBlock>
<TextCorrectedBlock pageOID="AL19111124.1.4" blockID="P4_CB00009" userID="[redacted]">
  <TextCorrectedLine lineID="P4_TL00446">
    <OldTextValue>U S. Land Oiiice, Sacramento, Calif.</OldTextValue>
    <NewTextValue>U S. Land Office, Sacramento, Calif.</NewTextValue>
  </TextCorrectedLine>
  <TextCorrectedLine lineID="P4_TL00452">
    <OldTextValue>city and county ' of San Francisco,</OldTextValue>
    <NewTextValue>city and county of San Francisco,</NewTextValue>
  </TextCorrectedLine>
  <TextCorrectedLine lineID="P4_TL00456">
    <OldTextValue>lect under the provisions of -the Act</OldTextValue>
    <NewTextValue>lect under the provisions of the Act</NewTextValue>
  </TextCorrectedLine>
  <TextCorrectedLine lineID="P4_TL00459">
    <OldTextValue>NWi* of SWJ-4 of sec. 1; SEk' of</OldTextValue>
    <NewTextValue>NW 1/4 of SW 1/4 of sec. 1; SE 1/4 of</NewTextValue>
  </TextCorrectedLine>
</TextCorrectedBlock>
<TextCorrectedBlock pageOID="AL19111124.1.5" blockID="P5_CB00006" userID="[redacted]">
  <TextCorrectedLine lineID="P5_TL00631">
    <OldTextValue>A full line of Rubber Goods in-</OldTextValue>
    <NewTextValue>JUST ARRIVED  A full line of Rubber Goods in-</NewTextValue>
  </TextCorrectedLine>
</TextCorrectedBlock>
<TextCorrectedBlock pageOID="AL19111124.1.5" blockID="P5_TB00042" userID="[redacted]">
  <TextCorrectedLine lineID="P5_TL00388">
    <OldTextValue>action In these dark holes in the</OldTextValue>
    <NewTextValue>action in these dark holes in the</NewTextValue>
  </TextCorrectedLine>
  <TextCorrectedLine lineID="P5_TL00391">
    <OldTextValue>a young man of some twenty-ono years</OldTextValue>
    <NewTextValue>a young man of some twenty-one years</NewTextValue>
  </TextCorrectedLine>
  <TextCorrectedLine lineID="P5_TL00395">
    <OldTextValue>finally paid the penalt).</OldTextValue>
    <NewTextValue>finally paid the penalty.</NewTextValue>
  </TextCorrectedLine>
</TextCorrectedBlock>
<TextCorrectedBlock pageOID="AL19111124.1.5" blockID="P5_TB00041" userID="[redacted]">
  <TextCorrectedLine lineID="P5_TL00371">
    <OldTextValue>bin Junior. Mlsa Stewart had one of</OldTextValue>
    <NewTextValue>his Junior. Miss Stewart had one of</NewTextValue>
  </TextCorrectedLine>
  <TextCorrectedLine lineID="P5_TL00374">
    <OldTextValue>■hade, a pale rose on Ivory. Her lips</OldTextValue>
    <NewTextValue>shade, a pale rose on ivory. Her lips</NewTextValue>
  </TextCorrectedLine>
</TextCorrectedBlock>
<TextCorrectedBlock pageOID="AL19111124.1.5" blockID="P5_CB00008" userID="[redacted]">
  <TextCorrectedLine lineID="P5_TL00644">
    <OldTextValue>I BAKING POWDER ||</OldTextValue>
    <NewTextValue>ROYAL    BAKING POWDER</NewTextValue>
  </TextCorrectedLine>
  <TextCorrectedLine lineID="P5_TL00645">
    <OldTextValue>M Absolutely Pure aft</OldTextValue>
    <NewTextValue>Absolutely Pure</NewTextValue>
  </TextCorrectedLine>
  <TextCorrectedLine lineID="P5_TL00646">
    <OldTextValue>fjjt Used and praised by the most 191 9</OldTextValue>
    <NewTextValue>Used and praised by the most</NewTextValue>
  </TextCorrectedLine>
  <TextCorrectedLine lineID="P5_TL00647">
    <OldTextValue>(M competent and careful pas* \A</OldTextValue>
    <NewTextValue>competent and careful pas-</NewTextValue>
  </TextCorrectedLine>
  <TextCorrectedLine lineID="P5_TL00648">
    <OldTextValue>jjj try cooks the world over $tft</OldTextValue>
    <NewTextValue>try cooks the world over</NewTextValue>
  </TextCorrectedLine>
  <TextCorrectedLine lineID="P5_TL00649">
    <OldTextValue>jL The only Baking Powder made tj</OldTextValue>
    <NewTextValue>The only Baking Powder made</NewTextValue>
  </TextCorrectedLine>
  <TextCorrectedLine lineID="P5_TL00650">
    <OldTextValue>M from Royal Grape Cream of |$</OldTextValue>
    <NewTextValue>from Royal Grape Cream of</NewTextValue>
  </TextCorrectedLine>
  <TextCorrectedLine lineID="P5_TL00651">
    <OldTextValue>tft Tartar— made from grapes Ej</OldTextValue>
    <NewTextValue>Tartar— made from grapes</NewTextValue>
  </TextCorrectedLine>
</TextCorrectedBlock>
<TextCorrectedBlock pageOID="AL19111124.1.5" blockID="P5_TB00064" userID="[redacted]">
  <TextCorrectedLine lineID="P5_TL00481">
    <OldTextValue>DKATII CLAIMS WHITK</OldTextValue>
    <NewTextValue>DEATH CLAIMS WHITE</NewTextValue>
  </TextCorrectedLine>
  <TextCorrectedLine lineID="P5_TL00482">
    <OldTextValue>PLAGUK. VICTIM</OldTextValue>
    <NewTextValue>PLAGUE VICTIM</NewTextValue>
  </TextCorrectedLine>
</TextCorrectedBlock>
<TextCorrectedBlock pageOID="AL19111124.1.5" blockID="P5_TB00011" userID="[redacted]">
  <TextCorrectedLine lineID="P5_TL00055">
    <OldTextValue>consumption, John Darker, who wag</OldTextValue>
    <NewTextValue>consumption, John Barker, who was</NewTextValue>
  </TextCorrectedLine>
</TextCorrectedBlock>
<TextCorrectedBlock pageOID="AL19111124.1.6" blockID="P6_TB00029" userID="[redacted]">
  <TextCorrectedLine lineID="P6_TL00323">
    <OldTextValue>oi' automobiles and old-fashioned</OldTextValue>
    <NewTextValue>of automobiles and old-fashioned</NewTextValue>
  </TextCorrectedLine>
  <TextCorrectedLine lineID="P6_TL00326">
    <OldTextValue>Ainador, Sutter Creek and Jackson.</OldTextValue>
    <NewTextValue>Amador, Sutter Creek and Jackson.</NewTextValue>
  </TextCorrectedLine>
  <TextCorrectedLine lineID="P6_TL00338">
    <OldTextValue>living iii terms of big things, who</OldTextValue>
    <NewTextValue>living in terms of big things, who</NewTextValue>
  </TextCorrectedLine>
  <TextCorrectedLine lineID="P6_TL00343">
    <OldTextValue>ing buried 'millions from the earth.</OldTextValue>
    <NewTextValue>ing buried millions from the earth.</NewTextValue>
  </TextCorrectedLine>
</TextCorrectedBlock>
<TextCorrectedBlock pageOID="AL19111124.1.6" blockID="P6_CB00008" userID="[redacted]">
  <TextCorrectedLine lineID="P6_TL00548">
    <OldTextValue>■ ■</OldTextValue>
    <NewTextValue></NewTextValue>
  </TextCorrectedLine>
  <TextCorrectedLine lineID="P6_TL00549">
    <OldTextValue>-</OldTextValue>
    <NewTextValue></NewTextValue>
  </TextCorrectedLine>
  <TextCorrectedLine lineID="P6_TL00551">
    <OldTextValue>FoHiriryS Machine Stop</OldTextValue>
    <NewTextValue>Foundry and Machine Stop</NewTextValue>
  </TextCorrectedLine>
  <TextCorrectedLine lineID="P6_TL00552">
    <OldTextValue>Softtftf €r««k. Cftk</OldTextValue>
    <NewTextValue>Sutter Creek, Cal.</NewTextValue>
  </TextCorrectedLine>
  <TextCorrectedLine lineID="P6_TL00553">
    <OldTextValue>BUILI»«R» OF WATKR WHUBLS OF</OldTextValue>
    <NewTextValue>BUILDERS OF WATER WHEELS OF</NewTextValue>
  </TextCorrectedLine>
</TextCorrectedBlock>
