<TextCorrectedBlock pageOID="AL19111201.1.1" blockID="P1_TB00068" userID="[redacted]">
  <TextCorrectedLine lineID="P1_TL00579">
    <OldTextValue>PAY IjAST TltinUTK TO,</OldTextValue>
    <NewTextValue>PAY LAST TRIBUTE TO</NewTextValue>
  </TextCorrectedLine>
  <TextCorrectedLine lineID="P1_TL00580">
    <OldTextValue>AMAIMHt COUNTY' PIONEEB</OldTextValue>
    <NewTextValue>AMADOR COUNTY PIONEER</NewTextValue>
  </TextCorrectedLine>
</TextCorrectedBlock>
<TextCorrectedBlock pageOID="AL19111201.1.1" blockID="P1_TB00013" userID="[redacted]">
  <TextCorrectedLine lineID="P1_TL00066">
    <OldTextValue>Turclnovich were peacefully laid</OldTextValue>
    <NewTextValue>TurcInovich were peacefully laid</NewTextValue>
  </TextCorrectedLine>
</TextCorrectedBlock>
<TextCorrectedBlock pageOID="AL19111201.1.1" blockID="P1_TB00012" userID="[redacted]">
  <TextCorrectedLine lineID="P1_TL00060">
    <OldTextValue>more than 60 years. He was a na-</OldTextValue>
    <NewTextValue>more than 50 years. He was a na-</NewTextValue>
  </TextCorrectedLine>
</TextCorrectedBlock>
<TextCorrectedBlock pageOID="AL19111201.1.1" blockID="P1_TB00010" userID="[redacted]">
  <TextCorrectedLine lineID="P1_TL00047">
    <OldTextValue>Frank Slmcich.</OldTextValue>
    <NewTextValue>Frank Simcich.</NewTextValue>
  </TextCorrectedLine>
</TextCorrectedBlock>
