<TextCorrectedBlock pageOID="AL19110630.1.2" blockID="P2_CB00021" userID="[redacted]">
  <TextCorrectedLine lineID="P2_TL00444">
    <OldTextValue>Commercial Samplo Rooms</OldTextValue>
    <NewTextValue>Commercial Sample Rooms</NewTextValue>
  </TextCorrectedLine>
  <TextCorrectedLine lineID="P2_TL00448">
    <OldTextValue>AMADOn, • CO., ■ CALIF.</OldTextValue>
    <NewTextValue>AMADOR,   CO.,   CALIF.</NewTextValue>
  </TextCorrectedLine>
  <TextCorrectedLine lineID="P2_TL00450">
    <OldTextValue>J. M. Coffmun, Prop.</OldTextValue>
    <NewTextValue>J. M. Coffman, Prop.</NewTextValue>
  </TextCorrectedLine>
  <TextCorrectedLine lineID="P2_TL00452">
    <OldTextValue>' Table always supplied with</OldTextValue>
    <NewTextValue>Table always supplied with</NewTextValue>
  </TextCorrectedLine>
  <TextCorrectedLine lineID="P2_TL00454">
    <OldTextValue>SAMPLE ROOMS '.'\</OldTextValue>
    <NewTextValue>SAMPLE ROOMS</NewTextValue>
  </TextCorrectedLine>
  <TextCorrectedLine lineID="P2_TL00456">
    <OldTextValue>Opp. Livery Stable Amador City</OldTextValue>
    <NewTextValue>Opp. Livery Stable    Amador City</NewTextValue>
  </TextCorrectedLine>
</TextCorrectedBlock>
<TextCorrectedBlock pageOID="AL19110630.1.2" blockID="P2_CB00001" userID="[redacted]">
  <TextCorrectedLine lineID="P2_TL00347">
    <OldTextValue>New Management 5-1</OldTextValue>
    <NewTextValue>New Management</NewTextValue>
  </TextCorrectedLine>
  <TextCorrectedLine lineID="P2_TL00348">
    <OldTextValue>Globe Hotel I</OldTextValue>
    <NewTextValue>Globe Hotel</NewTextValue>
  </TextCorrectedLine>
  <TextCorrectedLine lineID="P2_TL00349">
    <OldTextValue>W. 0. Green &amp; Son, Prop's |</OldTextValue>
    <NewTextValue>W. O. Green &amp; Son, Prop's</NewTextValue>
  </TextCorrectedLine>
  <TextCorrectedLine lineID="P2_TL00350">
    <OldTextValue>I</OldTextValue>
    <NewTextValue></NewTextValue>
  </TextCorrectedLine>
  <TextCorrectedLine lineID="P2_TL00351">
    <OldTextValue>i s</OldTextValue>
    <NewTextValue></NewTextValue>
  </TextCorrectedLine>
  <TextCorrectedLine lineID="P2_TL00352">
    <OldTextValue>I Board and Lodging at |</OldTextValue>
    <NewTextValue>Board and Lodging at</NewTextValue>
  </TextCorrectedLine>
  <TextCorrectedLine lineID="P2_TL00353">
    <OldTextValue>| Reasonable Rates. Sample -jj</OldTextValue>
    <NewTextValue>Reasonable Rates. Sample</NewTextValue>
  </TextCorrectedLine>
  <TextCorrectedLine lineID="P2_TL00354">
    <OldTextValue>0 Rooms, for Commercial |</OldTextValue>
    <NewTextValue>Rooms, for Commercial</NewTextValue>
  </TextCorrectedLine>
  <TextCorrectedLine lineID="P2_TL00355">
    <OldTextValue>| Travelers. /All Stages Stop |</OldTextValue>
    <NewTextValue>Travelers.  All Stages Stop</NewTextValue>
  </TextCorrectedLine>
  <TextCorrectedLine lineID="P2_TL00356">
    <OldTextValue>lat This Hotel «=^ |</OldTextValue>
    <NewTextValue>at This Hotel</NewTextValue>
  </TextCorrectedLine>
  <TextCorrectedLine lineID="P2_TL00357">
    <OldTextValue>Amador Co., Calif. •;</OldTextValue>
    <NewTextValue>Amador Co., Calif.</NewTextValue>
  </TextCorrectedLine>
</TextCorrectedBlock>
<TextCorrectedBlock pageOID="AL19110630.1.3" blockID="P3_CB00001" userID="[redacted]">
  <TextCorrectedLine lineID="P3_TL00001">
    <OldTextValue>-MYERS</OldTextValue>
    <NewTextValue>MYERS</NewTextValue>
  </TextCorrectedLine>
</TextCorrectedBlock>
<TextCorrectedBlock pageOID="AL19110630.1.3" blockID="P3_CB00012" userID="[redacted]">
  <TextCorrectedLine lineID="P3_TL00040">
    <OldTextValue>DF?V GOODS STORE</OldTextValue>
    <NewTextValue>DRY GOODS STORE</NewTextValue>
  </TextCorrectedLine>
  <TextCorrectedLine lineID="P3_TL00041">
    <OldTextValue>33 Main St. dackson</OldTextValue>
    <NewTextValue>33 Main St.  Jackson</NewTextValue>
  </TextCorrectedLine>
</TextCorrectedBlock>
<TextCorrectedBlock pageOID="AL19110630.1.3" blockID="P3_CB00011" userID="[redacted]">
  <TextCorrectedLine lineID="P3_TL00029">
    <OldTextValue>Phone Main 63</OldTextValue>
    <NewTextValue>Phone Main 53</NewTextValue>
  </TextCorrectedLine>
  <TextCorrectedLine lineID="P3_TL00030">
    <OldTextValue>3 HAMMOCKS f</OldTextValue>
    <NewTextValue>HAMMOCKS</NewTextValue>
  </TextCorrectedLine>
  <TextCorrectedLine lineID="P3_TL00039">
    <OldTextValue>,« Watch Our Window t</OldTextValue>
    <NewTextValue>Watch Our Window</NewTextValue>
  </TextCorrectedLine>
</TextCorrectedBlock>
<TextCorrectedBlock pageOID="AL19110630.1.3" blockID="P3_CB00062" userID="[redacted]">
  <TextCorrectedLine lineID="P3_TL00300">
    <OldTextValue>•••••••••••••• •••ooeeaoo**</OldTextValue>
    <NewTextValue></NewTextValue>
  </TextCorrectedLine>
  <TextCorrectedLine lineID="P3_TL00301">
    <OldTextValue>t SUITS TO PLEASE ALL •</OldTextValue>
    <NewTextValue>SUITS TO PLEASE ALL</NewTextValue>
  </TextCorrectedLine>
  <TextCorrectedLine lineID="P3_TL00302">
    <OldTextValue>(JUT in the most stylish fashion from the</OldTextValue>
    <NewTextValue>CUT in the most stylish fashion from the</NewTextValue>
  </TextCorrectedLine>
  <TextCorrectedLine lineID="P3_TL00303">
    <OldTextValue>vorv ultra extreme to the quiet conscr- **</OldTextValue>
    <NewTextValue>vorv ultra extreme to the quiet conser-</NewTextValue>
  </TextCorrectedLine>
  <TextCorrectedLine lineID="P3_TL00304">
    <OldTextValue>vatlve style, suitable for dress occasslons. *"</OldTextValue>
    <NewTextValue>vatlve style, suitable for dress occasslons.</NewTextValue>
  </TextCorrectedLine>
  <TextCorrectedLine lineID="P3_TL00305">
    <OldTextValue>MY 8H5.00 spectaltlen are exceptionally 0</OldTextValue>
    <NewTextValue>MY 35.00 spectaltlen are exceptionally</NewTextValue>
  </TextCorrectedLine>
  <TextCorrectedLine lineID="P3_TL00306">
    <OldTextValue>good values. Tho garments are tried on Q</OldTextValue>
    <NewTextValue>good values. The garments are tried on</NewTextValue>
  </TextCorrectedLine>
  <TextCorrectedLine lineID="P3_TL00307">
    <OldTextValue>two or three times If necessary. The only Q</OldTextValue>
    <NewTextValue>two or three times If necessary. The only</NewTextValue>
  </TextCorrectedLine>
  <TextCorrectedLine lineID="P3_TL00308">
    <OldTextValue>way to procure a perfect fit. ©</OldTextValue>
    <NewTextValue>way to procure a perfect fit.</NewTextValue>
  </TextCorrectedLine>
  <TextCorrectedLine lineID="P3_TL00309">
    <OldTextValue>Geo. Raymond •</OldTextValue>
    <NewTextValue>Geo. Raymond</NewTextValue>
  </TextCorrectedLine>
  <TextCorrectedLine lineID="P3_TL00310">
    <OldTextValue>THE LONDON TAYLOR •</OldTextValue>
    <NewTextValue>THE LONDON TAYLOR</NewTextValue>
  </TextCorrectedLine>
  <TextCorrectedLine lineID="P3_TL00311">
    <OldTextValue>Open Evenings Phono Black 444</OldTextValue>
    <NewTextValue>Open Evenings    Phone Black 444</NewTextValue>
  </TextCorrectedLine>
  <TextCorrectedLine lineID="P3_TL00312">
    <OldTextValue>20 MAIN ST. Up Stairs ©</OldTextValue>
    <NewTextValue>29 MAIN ST.       Up Stairs</NewTextValue>
  </TextCorrectedLine>
</TextCorrectedBlock>
<TextCorrectedBlock pageOID="AL19110630.1.3" blockID="P3_CB00062" userID="[redacted]">
  <TextCorrectedLine lineID="P3_TL00303">
    <OldTextValue>vorv ultra extreme to the quiet conser-</OldTextValue>
    <NewTextValue>very ultra extreme to the quiet conser-</NewTextValue>
  </TextCorrectedLine>
  <TextCorrectedLine lineID="P3_TL00305">
    <OldTextValue>MY 35.00 spectaltlen are exceptionally</OldTextValue>
    <NewTextValue>MY 35.00 specialties are exceptionally</NewTextValue>
  </TextCorrectedLine>
</TextCorrectedBlock>
