<TextCorrectedBlock pageOID="AL19110505.1.5" blockID="P5_TB00023" userID="[redacted]">
  <TextCorrectedLine lineID="P5_TL00120">
    <OldTextValue>Since V. M. Smith and San Francisco</OldTextValue>
    <NewTextValue>Since F. M. Smith and San Francisco</NewTextValue>
  </TextCorrectedLine>
  <TextCorrectedLine lineID="P5_TL00121">
    <OldTextValue>and Oakland associates succeeded h</OldTextValue>
    <NewTextValue>and Oakland associates succeeded a</NewTextValue>
  </TextCorrectedLine>
  <TextCorrectedLine lineID="P5_TL00122">
    <OldTextValue>few months ngo in the organization of</OldTextValue>
    <NewTextValue>few months ago in the organization of</NewTextValue>
  </TextCorrectedLine>
  <TextCorrectedLine lineID="P5_TL00125">
    <OldTextValue>been various guesses nnd rumors us to</OldTextValue>
    <NewTextValue>been various guesses and rumors as to</NewTextValue>
  </TextCorrectedLine>
</TextCorrectedBlock>
<TextCorrectedBlock pageOID="AL19110505.1.5" blockID="P5_TB00022" userID="[redacted]">
  <TextCorrectedLine lineID="P5_TL00109">
    <OldTextValue>Although the directors nnd other</OldTextValue>
    <NewTextValue>Although the directors and other</NewTextValue>
  </TextCorrectedLine>
  <TextCorrectedLine lineID="P5_TL00110">
    <OldTextValue>officers of the United Properties TJom</OldTextValue>
    <NewTextValue>officers of the United Properties Com</NewTextValue>
  </TextCorrectedLine>
  <TextCorrectedLine lineID="P5_TL00111">
    <OldTextValue>puny decline to give out the the results</OldTextValue>
    <NewTextValue>pany decline to give out the the results</NewTextValue>
  </TextCorrectedLine>
  <TextCorrectedLine lineID="P5_TL00114">
    <OldTextValue>berger, who ia affiliated with Smith</OldTextValue>
    <NewTextValue>berger, who is affiliated with Smith</NewTextValue>
  </TextCorrectedLine>
  <TextCorrectedLine lineID="P5_TL00115">
    <OldTextValue>and the 8200,000,000 corporation, it is</OldTextValue>
    <NewTextValue>and the $200,000,000 corporation, it is</NewTextValue>
  </TextCorrectedLine>
  <TextCorrectedLine lineID="P5_TL00117">
    <OldTextValue>been perfected for immediate cony</OldTextValue>
    <NewTextValue>been perfected for immediate com-</NewTextValue>
  </TextCorrectedLine>
</TextCorrectedBlock>
<TextCorrectedBlock pageOID="AL19110505.1.5" blockID="P5_TB00021" userID="[redacted]">
  <TextCorrectedLine lineID="P5_TL00088">
    <OldTextValue>Properties Company has nn op-</OldTextValue>
    <NewTextValue>Properties Company has an op-</NewTextValue>
  </TextCorrectedLine>
  <TextCorrectedLine lineID="P5_TL00090">
    <OldTextValue>Company, which lntter company owns</OldTextValue>
    <NewTextValue>Company, which latter company owns</NewTextValue>
  </TextCorrectedLine>
</TextCorrectedBlock>
<TextCorrectedBlock pageOID="AL19110505.1.5" blockID="P5_TB00019" userID="[redacted]">
  <TextCorrectedLine lineID="P5_TL00071">
    <OldTextValue>announced some time ago that . the</OldTextValue>
    <NewTextValue>announced some time ago that the</NewTextValue>
  </TextCorrectedLine>
  <TextCorrectedLine lineID="P5_TL00073">
    <OldTextValue>Boute to Sacramento would be among</OldTextValue>
    <NewTextValue>Route to Sacramento would be among</NewTextValue>
  </TextCorrectedLine>
</TextCorrectedBlock>
