<TextCorrectedBlock pageOID="AL19021024.1.2" blockID="P2_CB00004" userID="[redacted]">
  <TextCorrectedLine lineID="P2_TL00820">
    <OldTextValue>fiWlCfllfllK</OldTextValue>
    <NewTextValue>REPUBLICAN COUNTY TICKET</NewTextValue>
  </TextCorrectedLine>
  <TextCorrectedLine lineID="P2_TL00821">
    <OldTextValue>l • - — &lt;■ — ' — ■ —</OldTextValue>
    <NewTextValue></NewTextValue>
  </TextCorrectedLine>
  <TextCorrectedLine lineID="P2_TL00822">
    <OldTextValue>Judge of Superior Court F. L,STEWART</OldTextValue>
    <NewTextValue>Judge of Superior Court    ... F. L. STEWART</NewTextValue>
  </TextCorrectedLine>
  <TextCorrectedLine lineID="P2_TL00823">
    <OldTextValue>State Senator | RS W. fej RALSTON</OldTextValue>
    <NewTextValue>State Senator    .... W. C. RALSTON</NewTextValue>
  </TextCorrectedLine>
  <TextCorrectedLine lineID="P2_TL00824">
    <OldTextValue>Assemblyman: ;'.:'. C. HrMcKENNEY</OldTextValue>
    <NewTextValue>Assemblyman .... C. H. McKENNEY</NewTextValue>
  </TextCorrectedLine>
  <TextCorrectedLine lineID="P2_TL00825">
    <OldTextValue>Sheriff and Tax C011ect0r. .....T. K. NORMAN</OldTextValue>
    <NewTextValue>Sheriff and Tax Collector      ..... T. K. NORMAN</NewTextValue>
  </TextCorrectedLine>
  <TextCorrectedLine lineID="P2_TL00826">
    <OldTextValue>Connty Clerk ..:.... JOHN F. CLUTE</OldTextValue>
    <NewTextValue>County Clerk ....... JOHN F. CLUTE</NewTextValue>
  </TextCorrectedLine>
  <TextCorrectedLine lineID="P2_TL00827">
    <OldTextValue>District Attorney J. TV. CALDWELL</OldTextValue>
    <NewTextValue>District Attorney  ....  J.W. CALDWELL</NewTextValue>
  </TextCorrectedLine>
  <TextCorrectedLine lineID="P2_TL00828">
    <OldTextValue>Treasurer S. G. SPAGNOLI</OldTextValue>
    <NewTextValue>Treasurer .....  S. G. SPAGNOLI</NewTextValue>
  </TextCorrectedLine>
  <TextCorrectedLine lineID="P2_TL00829">
    <OldTextValue>Assessor &gt;. . . . J. M AKCIIANT</OldTextValue>
    <NewTextValue>Assessor  . . . . J. MARCHANT</NewTextValue>
  </TextCorrectedLine>
  <TextCorrectedLine lineID="P2_TL00830">
    <OldTextValue>Superintendent of Schools...-. .GEO. F. MACK</OldTextValue>
    <NewTextValue>Superintendent of Schools ..... GEO. F. MACK</NewTextValue>
  </TextCorrectedLine>
  <TextCorrectedLine lineID="P2_TL00831">
    <OldTextValue>Coroner &amp; Pub. Adm'r, Dr. B T. FRESHMAN</OldTextValue>
    <NewTextValue>Coroner &amp; Pub. Adm'r,  Dr. B T. FRESHMAN</NewTextValue>
  </TextCorrectedLine>
  <TextCorrectedLine lineID="P2_TL00832">
    <OldTextValue>County Surveyor.. ..A; B. SUMMERS</OldTextValue>
    <NewTextValue>County Surveyor.. .. A. B. SUMMERS</NewTextValue>
  </TextCorrectedLine>
  <TextCorrectedLine lineID="P2_TL00833">
    <OldTextValue>Supervisor. 3d district A. GRILLO</OldTextValue>
    <NewTextValue>Supervisor. 3d district    .....  A. GRILLO</NewTextValue>
  </TextCorrectedLine>
</TextCorrectedBlock>
<TextCorrectedBlock pageOID="AL19021024.1.2" blockID="P2_CB00008" userID="[redacted]">
  <TextCorrectedLine lineID="P2_TL01004">
    <OldTextValue>FREEMAN &amp; PICCARDi</OldTextValue>
    <NewTextValue>FREEMAN &amp; PICCARD</NewTextValue>
  </TextCorrectedLine>
  <TextCorrectedLine lineID="P2_TL01005">
    <OldTextValue>-•V'—— DEALERS IN——:'-' p|</OldTextValue>
    <NewTextValue>DEALERS IN</NewTextValue>
  </TextCorrectedLine>
  <TextCorrectedLine lineID="P2_TL01006">
    <OldTextValue>SINGLE AND DOUBLE HAENEB</OldTextValue>
    <NewTextValue>SINGLE AND DOUBLE HARNESS</NewTextValue>
  </TextCorrectedLine>
  <TextCorrectedLine lineID="P2_TL01007">
    <OldTextValue>SPUKS WHIPS p</OldTextValue>
    <NewTextValue>SPURS WHIPS</NewTextValue>
  </TextCorrectedLine>
  <TextCorrectedLine lineID="P2_TL01008">
    <OldTextValue>SADDLEEY EOfiES Eifl</OldTextValue>
    <NewTextValue>SADDLERY EROBES  ETC</NewTextValue>
  </TextCorrectedLine>
</TextCorrectedBlock>
<TextCorrectedBlock pageOID="AL19021024.1.3" blockID="P3_TB00010" userID="[redacted]">
  <TextCorrectedLine lineID="P3_TL00098">
    <OldTextValue>cratic candidate for congress _T. S.</OldTextValue>
    <NewTextValue>cratic candidate for congress.  T. S.</NewTextValue>
  </TextCorrectedLine>
  <TextCorrectedLine lineID="P3_TL00099">
    <OldTextValue>Ford. Ho expects to return to Amador</OldTextValue>
    <NewTextValue>Ford. He expects to return to Amador</NewTextValue>
  </TextCorrectedLine>
</TextCorrectedBlock>
<TextCorrectedBlock pageOID="AL19021024.1.3" blockID="P3_TB00010" userID="[redacted]">
  <TextCorrectedLine lineID="P3_TL00095">
    <OldTextValue>During that time he has . taken a trip</OldTextValue>
    <NewTextValue>During that time he has  taken a trip</NewTextValue>
  </TextCorrectedLine>
</TextCorrectedBlock>
<TextCorrectedBlock pageOID="AL19021024.1.3" blockID="P3_TB00009" userID="[redacted]">
  <TextCorrectedLine lineID="P3_TL00087">
    <OldTextValue>aid of a ladder last Saturday. Tho</OldTextValue>
    <NewTextValue>aid of a ladder last Saturday. The</NewTextValue>
  </TextCorrectedLine>
  <TextCorrectedLine lineID="P3_TL00092">
    <OldTextValue>along nicely. ■"</OldTextValue>
    <NewTextValue>along nicely.</NewTextValue>
  </TextCorrectedLine>
</TextCorrectedBlock>
<TextCorrectedBlock pageOID="AL19021024.1.3" blockID="P3_TB00037" userID="[redacted]">
  <TextCorrectedLine lineID="P3_TL00225">
    <OldTextValue>Murl Wetmoro wore united in mar-</OldTextValue>
    <NewTextValue>Murl Wetmore wore united in mar-</NewTextValue>
  </TextCorrectedLine>
  <TextCorrectedLine lineID="P3_TL00226">
    <OldTextValue>riage. At 8:30 o'clock, as straius of</OldTextValue>
    <NewTextValue>riage. At 8:30 o'clock, as strains of</NewTextValue>
  </TextCorrectedLine>
</TextCorrectedBlock>
<TextCorrectedBlock pageOID="AL19021024.1.3" blockID="P3_TB00089" userID="[redacted]">
  <TextCorrectedLine lineID="P3_TL00879">
    <OldTextValue>the Flead-Guilty Business. /</OldTextValue>
    <NewTextValue>the Plead-Guilty Business.</NewTextValue>
  </TextCorrectedLine>
</TextCorrectedBlock>
<TextCorrectedBlock pageOID="AL19021024.1.3" blockID="P3_TB00088" userID="[redacted]">
  <TextCorrectedLine lineID="P3_TL00827">
    <OldTextValue>'that the rrniplaint— the substance of</OldTextValue>
    <NewTextValue>that the complaint— the substance of</NewTextValue>
  </TextCorrectedLine>
  <TextCorrectedLine lineID="P3_TL00828">
    <OldTextValue>j which, is siH out in the docket— was</OldTextValue>
    <NewTextValue>which, is set out in the docket— was</NewTextValue>
  </TextCorrectedLine>
  <TextCorrectedLine lineID="P3_TL00829">
    <OldTextValue>i sworn to on the 24th of -September by</OldTextValue>
    <NewTextValue>sworn to on the 24th of -September by</NewTextValue>
  </TextCorrectedLine>
  <TextCorrectedLine lineID="P3_TL00830">
    <OldTextValue>i U S -Gregory. It charp» positively</OldTextValue>
    <NewTextValue>U S -Gregory. It charges positively</NewTextValue>
  </TextCorrectedLine>
  <TextCorrectedLine lineID="P3_TL00831">
    <OldTextValue>' and directly that W. H. Lester, of the ;</OldTextValue>
    <NewTextValue>and directly that W. H. Lester, of the</NewTextValue>
  </TextCorrectedLine>
  <TextCorrectedLine lineID="P3_TL00832">
    <OldTextValue>j county of El Dorado, oti the 18tli day</OldTextValue>
    <NewTextValue>county of El Dorado, oti the 18th day</NewTextValue>
  </TextCorrectedLine>
  <TextCorrectedLine lineID="P3_TL00833">
    <OldTextValue>' of'Srtptoniber, 1900, at Shake Ridge, in ;</OldTextValue>
    <NewTextValue>of September, 1900, at Shake Ridge, in</NewTextValue>
  </TextCorrectedLine>
  <TextCorrectedLine lineID="P3_TL00834">
    <OldTextValue>I tho.couoty of Amador, state of Cali- j</OldTextValue>
    <NewTextValue>the county of Amador, state of Cali-</NewTextValue>
  </TextCorrectedLine>
  <TextCorrectedLine lineID="P3_TL00835">
    <OldTextValue>i forula, committed the crime of felony,</OldTextValue>
    <NewTextValue>fornia, committed the crime of felony,</NewTextValue>
  </TextCorrectedLine>
  <TextCorrectedLine lineID="P3_TL00836">
    <OldTextValue>|to wit, grand larceny. The said Wil-</OldTextValue>
    <NewTextValue>to wit, grand larceny. The said Wil-</NewTextValue>
  </TextCorrectedLine>
  <TextCorrectedLine lineID="P3_TL00837">
    <OldTextValue>j Ham H. Lester, at the time and place '</OldTextValue>
    <NewTextValue>liam H. Lester, at the time and place</NewTextValue>
  </TextCorrectedLine>
  <TextCorrectedLine lineID="P3_TL00838">
    <OldTextValue>I aforesaid, feloniously, did- kill, sleal,^</OldTextValue>
    <NewTextValue>aforesaid, feloniously, did kill, steal,</NewTextValue>
  </TextCorrectedLine>
  <TextCorrectedLine lineID="P3_TL00839">
    <OldTextValue>I take and carry away from the moun- j</OldTextValue>
    <NewTextValue>take and carry away from the moun-</NewTextValue>
  </TextCorrectedLine>
  <TextCorrectedLine lineID="P3_TL00840">
    <OldTextValue>i tain cattle range of the estate of George I</OldTextValue>
    <NewTextValue>tain cattle range of the estate of George</NewTextValue>
  </TextCorrectedLine>
  <TextCorrectedLine lineID="P3_TL00841">
    <OldTextValue>; Allen, deceased. . otic ; iiiw, tho</OldTextValue>
    <NewTextValue>Allen, deceased, one cow the same</NewTextValue>
  </TextCorrectedLine>
  <TextCorrectedLine lineID="P3_TL00842">
    <OldTextValue>; beinc theu and thorp th» property of,</OldTextValue>
    <NewTextValue>being then and there the property of,</NewTextValue>
  </TextCorrectedLine>
  <TextCorrectedLine lineID="P3_TL00843">
    <OldTextValue>! the estate of Gro. Alleu, deceased] ' i</OldTextValue>
    <NewTextValue>the estate of Geo. Allen, deceased.</NewTextValue>
  </TextCorrectedLine>
</TextCorrectedBlock>
<TextCorrectedBlock pageOID="AL19021024.1.3" blockID="P3_CB00006" userID="[redacted]">
  <TextCorrectedLine lineID="P3_TL00988">
    <OldTextValue>POWDER</OldTextValue>
    <NewTextValue>ROYAL BAKING POWDER</NewTextValue>
  </TextCorrectedLine>
  <TextCorrectedLine lineID="P3_TL00989">
    <OldTextValue>Absolutely Purer</OldTextValue>
    <NewTextValue>Absolutely Pure</NewTextValue>
  </TextCorrectedLine>
</TextCorrectedBlock>
<TextCorrectedBlock pageOID="AL19021024.1.3" blockID="P3_TB00100" userID="[redacted]">
  <TextCorrectedLine lineID="P3_TL00899">
    <OldTextValue>Belle Lesslie vs. H. F. Yogt — Con-</OldTextValue>
    <NewTextValue>Belle Lesslie vs. H. F. Vogt — Con-</NewTextValue>
  </TextCorrectedLine>
</TextCorrectedBlock>
<TextCorrectedBlock pageOID="AL19021024.1.3" blockID="P3_TB00099" userID="[redacted]">
  <TextCorrectedLine lineID="P3_TL00896">
    <OldTextValue>cree of divorce grantod, with leave to</OldTextValue>
    <NewTextValue>cree of divorce granted, with leave to</NewTextValue>
  </TextCorrectedLine>
</TextCorrectedBlock>
<TextCorrectedBlock pageOID="AL19021024.1.3" blockID="P3_CB00005" userID="[redacted]">
  <TextCorrectedLine lineID="P3_TL00982">
    <OldTextValue>lEn STRAUSS &amp; CQ' S</OldTextValue>
    <NewTextValue>LEVI STRAUSS &amp; CO' S</NewTextValue>
  </TextCorrectedLine>
  <TextCorrectedLine lineID="P3_TL00983">
    <OldTextValue>BlllllfH</OldTextValue>
    <NewTextValue>SPRING BOTTOM</NewTextValue>
  </TextCorrectedLine>
  <TextCorrectedLine lineID="P3_TL00984">
    <OldTextValue>PANTS J</OldTextValue>
    <NewTextValue>PANTS</NewTextValue>
  </TextCorrectedLine>
  <TextCorrectedLine lineID="P3_TL00985">
    <OldTextValue>-. ■ ■</OldTextValue>
    <NewTextValue>PATENTED</NewTextValue>
  </TextCorrectedLine>
  <TextCorrectedLine lineID="P3_TL00986">
    <OldTextValue>SAN FRANCISCO. CAL.   J</OldTextValue>
    <NewTextValue>SAN FRANCISCO. CAL.  </NewTextValue>
  </TextCorrectedLine>
</TextCorrectedBlock>
<TextCorrectedBlock pageOID="AL19021024.1.4" blockID="P4_CB00004" userID="[redacted]">
  <TextCorrectedLine lineID="P4_TL00780">
    <OldTextValue>'your, faith ss£:A</OldTextValue>
    <NewTextValue>YOUR FAITH will be as strong as</NewTextValue>
  </TextCorrectedLine>
  <TextCorrectedLine lineID="P4_TL00781">
    <OldTextValue>ours if you »'y</OldTextValue>
    <NewTextValue>ours if you try</NewTextValue>
  </TextCorrectedLine>
  <TextCorrectedLine lineID="P4_TL00782">
    <OldTextValue>Shitoh's /</OldTextValue>
    <NewTextValue>Shiloh's</NewTextValue>
  </TextCorrectedLine>
  <TextCorrectedLine lineID="P4_TL00783">
    <OldTextValue>Consumption i</OldTextValue>
    <NewTextValue>Consumption  CURE</NewTextValue>
  </TextCorrectedLine>
  <TextCorrectedLine lineID="P4_TL00784">
    <OldTextValue>m ' 4 ji» and ours is so strong we</OldTextValue>
    <NewTextValue>and ours is so strong we</NewTextValue>
  </TextCorrectedLine>
  <TextCorrectedLine lineID="P4_TL00785">
    <OldTextValue>1 .||| |~ guarantee a cure or refund</OldTextValue>
    <NewTextValue>guarantee a cure or refund</NewTextValue>
  </TextCorrectedLine>
  <TextCorrectedLine lineID="P4_TL00786">
    <OldTextValue>•* ■ money, and we send you</OldTextValue>
    <NewTextValue>money, and we send you</NewTextValue>
  </TextCorrectedLine>
</TextCorrectedBlock>
<TextCorrectedBlock pageOID="AL19021024.1.4" blockID="P4_CB00005" userID="[redacted]">
  <TextCorrectedLine lineID="P4_TL00837">
    <OldTextValue>BANK I AMADOR COUNTY</OldTextValue>
    <NewTextValue>BANK OF AMADOR COUNTY</NewTextValue>
  </TextCorrectedLine>
  <TextCorrectedLine lineID="P4_TL00838">
    <OldTextValue>-</OldTextValue>
    <NewTextValue></NewTextValue>
  </TextCorrectedLine>
  <TextCorrectedLine lineID="P4_TL00841">
    <OldTextValue>President.: Altonse Ginocchio</OldTextValue>
    <NewTextValue>President ....  Alfonse Ginocchio</NewTextValue>
  </TextCorrectedLine>
  <TextCorrectedLine lineID="P4_TL00842">
    <OldTextValue>Vice-President S. G. Spagnoli</OldTextValue>
    <NewTextValue>Vice-President  ....  S. G. Spagnoli</NewTextValue>
  </TextCorrectedLine>
  <TextCorrectedLine lineID="P4_TL00843">
    <OldTextValue>Secretary and Cashier Frederick Eudey</OldTextValue>
    <NewTextValue>Secretary and Cashier  ...... Frederick Eudey</NewTextValue>
  </TextCorrectedLine>
  <TextCorrectedLine lineID="P4_TL00844">
    <OldTextValue>UOAUO OK DIKUCTOKS:</OldTextValue>
    <NewTextValue>BOARD OF DIRECTORS:</NewTextValue>
  </TextCorrectedLine>
</TextCorrectedBlock>
<TextCorrectedBlock pageOID="AL19021024.1.4" blockID="P4_CB00009" userID="[redacted]">
  <TextCorrectedLine lineID="P4_TL00972">
    <OldTextValue>The Kind You Have Always Bought, and which has beeu</OldTextValue>
    <NewTextValue>CASTORIA   The Kind You Have Always Bought, and which has beeu</NewTextValue>
  </TextCorrectedLine>
  <TextCorrectedLine lineID="P4_TL00973">
    <OldTextValue>in use for over 3O years, has borne the signature of</OldTextValue>
    <NewTextValue>in use for over 30 years, has borne the signature of</NewTextValue>
  </TextCorrectedLine>
  <TextCorrectedLine lineID="P4_TL00974">
    <OldTextValue>-zt^-j# - aiu l lias been made under his per-</OldTextValue>
    <NewTextValue>Chas. H. Fletcher. and has been made under his per-</NewTextValue>
  </TextCorrectedLine>
  <TextCorrectedLine lineID="P4_TL00975">
    <OldTextValue>/jPL[j J^Jtyi*~P t ~t. • sona * supervision since its infancy.</OldTextValue>
    <NewTextValue>sonal supervision since its infancy.</NewTextValue>
  </TextCorrectedLine>
  <TextCorrectedLine lineID="P4_TL00976">
    <OldTextValue>***^Vvj /•ct&gt;ccA6tyi Allow no one to deceive you in this.</OldTextValue>
    <NewTextValue>Allow no one to deceive you in this.</NewTextValue>
  </TextCorrectedLine>
  <TextCorrectedLine lineID="P4_TL00979">
    <OldTextValue>Infants and Children— Experience against Experiment*</OldTextValue>
    <NewTextValue>Infants and Children— Experience against Experiment.</NewTextValue>
  </TextCorrectedLine>
</TextCorrectedBlock>
<TextCorrectedBlock pageOID="AL19021024.1.4" blockID="P4_TB00038" userID="[redacted]">
  <TextCorrectedLine lineID="P4_TL00176">
    <OldTextValue>Oleta^ — Judges. T C Stoweis, S</OldTextValue>
    <NewTextValue>Oleta — Judges. T C Stowers, S</NewTextValue>
  </TextCorrectedLine>
  <TextCorrectedLine lineID="P4_TL00177">
    <OldTextValue>Bloom; inspectors, ■ E C McCormiek,</OldTextValue>
    <NewTextValue>Bloom; inspectors,  E C McCormick,</NewTextValue>
  </TextCorrectedLine>
</TextCorrectedBlock>
<TextCorrectedBlock pageOID="AL19021024.1.4" blockID="P4_TB00011" userID="[redacted]">
  <TextCorrectedLine lineID="P4_TL00055">
    <OldTextValue>There Is not one of ua but feels prouder</OldTextValue>
    <NewTextValue>There is not one of us but feels prouder</NewTextValue>
  </TextCorrectedLine>
</TextCorrectedBlock>
<TextCorrectedBlock pageOID="AL19021024.1.4" blockID="P4_CB00001" userID="[redacted]">
  <TextCorrectedLine lineID="P4_TL00646">
    <OldTextValue>FIRE INSURANt</OldTextValue>
    <NewTextValue>FIRE INSURANCE</NewTextValue>
  </TextCorrectedLine>
  <TextCorrectedLine lineID="P4_TL00649">
    <OldTextValue>PHOENIX OF LOND</OldTextValue>
    <NewTextValue>PHOENIX OF LONDON</NewTextValue>
  </TextCorrectedLine>
</TextCorrectedBlock>
