<TextCorrectedBlock pageOID="AL19031127.1.2" blockID="P2_CB00002" userID="[redacted]">
  <TextCorrectedLine lineID="P2_TL00577">
    <OldTextValue>%*; .; LIVE BUSINESS ' HOUSES.</OldTextValue>
    <NewTextValue>LIVE BUSINESS ' HOUSES.</NewTextValue>
  </TextCorrectedLine>
  <TextCorrectedLine lineID="P2_TL00578">
    <OldTextValue>§1 r^TiSJnr^r^LJTm S</OldTextValue>
    <NewTextValue>GINOCCHIO</NewTextValue>
  </TextCorrectedLine>
  <TextCorrectedLine lineID="P2_TL00579">
    <OldTextValue>Ms I 11*1 \l 111 1 II II! nw</OldTextValue>
    <NewTextValue>BROS.</NewTextValue>
  </TextCorrectedLine>
  <TextCorrectedLine lineID="P2_TL00580">
    <OldTextValue>|| I—lll Ml II I ,} 111 I m</OldTextValue>
    <NewTextValue></NewTextValue>
  </TextCorrectedLine>
  <TextCorrectedLine lineID="P2_TL00581">
    <OldTextValue>H || Rj+ i—Dl vLJi3i- §§</OldTextValue>
    <NewTextValue></NewTextValue>
  </TextCorrectedLine>
  <TextCorrectedLine lineID="P2_TL00582">
    <OldTextValue>3 DEALERS" IN "** H|</OldTextValue>
    <NewTextValue>DEALERS IN</NewTextValue>
  </TextCorrectedLine>
  <TextCorrectedLine lineID="P2_TL00583">
    <OldTextValue>1 jL General Merchandise |</OldTextValue>
    <NewTextValue>General Merchandise</NewTextValue>
  </TextCorrectedLine>
  <TextCorrectedLine lineID="P2_TL00584">
    <OldTextValue>Wh a©^ , Groceries, Furnishing Goods, Shoes, W&gt;</OldTextValue>
    <NewTextValue>Groceries, Furnishing Goods, Shoes,</NewTextValue>
  </TextCorrectedLine>
  <TextCorrectedLine lineID="P2_TL00585">
    <OldTextValue>H If 55 Boots, Paints, Oils, Varnishes, Mm- §g</OldTextValue>
    <NewTextValue>Boots, Paints, Oils, Varnishes, Min-</NewTextValue>
  </TextCorrectedLine>
  <TextCorrectedLine lineID="P2_TL00586">
    <OldTextValue>H in g Supplies, Lumber, Hardware, ||</OldTextValue>
    <NewTextValue>Supplies, Lumber, Hardware,</NewTextValue>
  </TextCorrectedLine>
  <TextCorrectedLine lineID="P2_TL00587">
    <OldTextValue>*M Hay, Grain, etc., etc. - - m,</OldTextValue>
    <NewTextValue>Hay, Grain, etc., etc.</NewTextValue>
  </TextCorrectedLine>
  <TextCorrectedLine lineID="P2_TL00588">
    <OldTextValue>Mi v--:.- ' x isa.</OldTextValue>
    <NewTextValue></NewTextValue>
  </TextCorrectedLine>
  <TextCorrectedLine lineID="P2_TL00589">
    <OldTextValue>H Corner Main and Water St. Uw</OldTextValue>
    <NewTextValue>Corner Main and Water St. Uw</NewTextValue>
  </TextCorrectedLine>
  <TextCorrectedLine lineID="P2_TL00590">
    <OldTextValue>| JACKSON - - - CALIFORNIA 1</OldTextValue>
    <NewTextValue>JACKSON - - - CALIFORNIA</NewTextValue>
  </TextCorrectedLine>
  <TextCorrectedLine lineID="P2_TL00591">
    <OldTextValue>pp| "MAJESTIC"</OldTextValue>
    <NewTextValue>"MAJESTIC"</NewTextValue>
  </TextCorrectedLine>
  <TextCorrectedLine lineID="P2_TL00592">
    <OldTextValue>J^Msj $2.50 SHOES.</OldTextValue>
    <NewTextValue>$2.50 SHOES.</NewTextValue>
  </TextCorrectedLine>
  <TextCorrectedLine lineID="P2_TL00593">
    <OldTextValue>fehi *T rap 1 WE KNOW POSITIVELY that</OldTextValue>
    <NewTextValue>WE KNOW POSITIVELY that</NewTextValue>
  </TextCorrectedLine>
  <TextCorrectedLine lineID="P2_TL00594">
    <OldTextValue>wsSw»w nft th«re is not another women's shoe in</OldTextValue>
    <NewTextValue>there is not another women's shoe in</NewTextValue>
  </TextCorrectedLine>
  <TextCorrectedLine lineID="P2_TL00595">
    <OldTextValue>\lg2S|J!^ |2j* town that matches our</OldTextValue>
    <NewTextValue>town that matches our</NewTextValue>
  </TextCorrectedLine>
  <TextCorrectedLine lineID="P2_TL00596">
    <OldTextValue>sHBL "MAJESTIC"</OldTextValue>
    <NewTextValue>"MAJESTIC"</NewTextValue>
  </TextCorrectedLine>
  <TextCorrectedLine lineID="P2_TL00597">
    <OldTextValue>two - fift Y» for they are splendidly</OldTextValue>
    <NewTextValue>two-fifty, for they are splendidly</NewTextValue>
  </TextCorrectedLine>
  <TextCorrectedLine lineID="P2_TL00599">
    <OldTextValue>We shall see that you are correctly fitted. »Z</OldTextValue>
    <NewTextValue>We shall see that you are correctly fitted.</NewTextValue>
  </TextCorrectedLine>
  <TextCorrectedLine lineID="P2_TL00602">
    <OldTextValue>| It Costs Money to Make Steam I</OldTextValue>
    <NewTextValue>It Costs Money to Make Steam</NewTextValue>
  </TextCorrectedLine>
  <TextCorrectedLine lineID="P2_TL00603">
    <OldTextValue>)gg ftT. ' SAVE MONEY BY USING</OldTextValue>
    <NewTextValue>SAVE MONEY BY USING</NewTextValue>
  </TextCorrectedLine>
  <TextCorrectedLine lineID="P2_TL00604">
    <OldTextValue>M McDearmon &amp; Cos. Asbestos Goods. IS</OldTextValue>
    <NewTextValue>McDearmon &amp; Cos. Asbestos Goods.</NewTextValue>
  </TextCorrectedLine>
  <TextCorrectedLine lineID="P2_TL00605">
    <OldTextValue>g| Such as Boiler d- Pipe Coverinys, Magnesia Coverings, Fire-Proof- 1§</OldTextValue>
    <NewTextValue>Such as Boiler &amp; Pipe Coverings, Magnesia Coverings, Fire-Proof- 1§</NewTextValue>
  </TextCorrectedLine>
  <TextCorrectedLine lineID="P2_TL00606">
    <OldTextValue>H| ing Materials, Cold Storage Insulation, Brine &amp; Ammonia Coy- fiM</OldTextValue>
    <NewTextValue>ing Materials, Cold Storage Insulation, Brine &amp; Ammonia Coy- fiM</NewTextValue>
  </TextCorrectedLine>
  <TextCorrectedLine lineID="P2_TL00607">
    <OldTextValue>erings, Packings d- Gaslcets, Keystone Building d Deadening Felts, m</OldTextValue>
    <NewTextValue>erings, Packings &amp; Gaskcets, Keystone Building &amp; Deadening Felts, m</NewTextValue>
  </TextCorrectedLine>
  <TextCorrectedLine lineID="P2_TL00608">
    <OldTextValue>|H CATALOGUE, ESTIMATES &amp;. SAMPLES ON APPLICATION. IM</OldTextValue>
    <NewTextValue>CATALOGUE, ESTIMATES &amp;. SAMPLES ON APPLICATION. IM</NewTextValue>
  </TextCorrectedLine>
  <TextCorrectedLine lineID="P2_TL00609">
    <OldTextValue>£g Garbarini Bros., Agents - - Jackson, Cal. |f</OldTextValue>
    <NewTextValue>Garbarini Bros., Agents - - Jackson, Cal.</NewTextValue>
  </TextCorrectedLine>
  <TextCorrectedLine lineID="P2_TL00610">
    <OldTextValue>*••••• « &gt;«♦«</OldTextValue>
    <NewTextValue></NewTextValue>
  </TextCorrectedLine>
  <TextCorrectedLine lineID="P2_TL00611">
    <OldTextValue>I.* McCALL J. &lt;| T m • WWi</OldTextValue>
    <NewTextValue>McCALL  Bazarr Patterns</NewTextValue>
  </TextCorrectedLine>
  <TextCorrectedLine lineID="P2_TL00612">
    <OldTextValue>p^ L J. davmovich i</OldTextValue>
    <NewTextValue>L J. Glavmovich</NewTextValue>
  </TextCorrectedLine>
  <TextCorrectedLine lineID="P2_TL00613">
    <OldTextValue>i ! LEADING GROCERY STORE : :</OldTextValue>
    <NewTextValue>LEADING GROCERY STORE</NewTextValue>
  </TextCorrectedLine>
  <TextCorrectedLine lineID="P2_TL00614">
    <OldTextValue>; ; ppl^ Groceries, Dry Goods, , ; ;</OldTextValue>
    <NewTextValue>Groceries, Dry Goods,</NewTextValue>
  </TextCorrectedLine>
  <TextCorrectedLine lineID="P2_TL00615">
    <OldTextValue>; : o Furnishing Goods, Boots, -^ ; ;</OldTextValue>
    <NewTextValue>Furnishing Goods, Boots,</NewTextValue>
  </TextCorrectedLine>
  <TextCorrectedLine lineID="P2_TL00616">
    <OldTextValue>; ; a Shoes, Toilet Articles, ; '</OldTextValue>
    <NewTextValue>Shoes, Toilet Articles,</NewTextValue>
  </TextCorrectedLine>
  <TextCorrectedLine lineID="P2_TL00617">
    <OldTextValue>X I #• Hardware, Miners' Sup- ; ;</OldTextValue>
    <NewTextValue>Hardware, Miners' Sup-</NewTextValue>
  </TextCorrectedLine>
  <TextCorrectedLine lineID="P2_TL00618">
    <OldTextValue>! ! 1 plies, Hay, Grain, etc. ; j</OldTextValue>
    <NewTextValue>plies, Hay, Grain, etc.</NewTextValue>
  </TextCorrectedLine>
  <TextCorrectedLine lineID="P2_TL00619">
    <OldTextValue>&lt;'N - ■ i</OldTextValue>
    <NewTextValue></NewTextValue>
  </TextCorrectedLine>
  <TextCorrectedLine lineID="P2_TL00620">
    <OldTextValue>J; — CIVE ME A TRIAL AND SAVE MONEY —^ \\</OldTextValue>
    <NewTextValue>— GIVE ME A TRIAL AND SAVE MONEY  -</NewTextValue>
  </TextCorrectedLine>
  <TextCorrectedLine lineID="P2_TL00621">
    <OldTextValue>! ! Cor. Main &amp; Court Streets J ;</OldTextValue>
    <NewTextValue>Cor. Main &amp; Court Streets</NewTextValue>
  </TextCorrectedLine>
  <TextCorrectedLine lineID="P2_TL00622">
    <OldTextValue>j JACKSON, -% - OAL. J^^LJ</OldTextValue>
    <NewTextValue>JACKSON,   CAL.</NewTextValue>
  </TextCorrectedLine>
  <TextCorrectedLine lineID="P2_TL00623">
    <OldTextValue>4</OldTextValue>
    <NewTextValue></NewTextValue>
  </TextCorrectedLine>
  <TextCorrectedLine lineID="P2_TL00624">
    <OldTextValue>IV. M. B. I. V W. I.</OldTextValue>
    <NewTextValue>Y. M. B. I. Y W. I.</NewTextValue>
  </TextCorrectedLine>
  <TextCorrectedLine lineID="P2_TL00625">
    <OldTextValue>J- WHAT DOES IT MEAN? . j*</OldTextValue>
    <NewTextValue>WHAT DOES IT MEAN?</NewTextValue>
  </TextCorrectedLine>
  <TextCorrectedLine lineID="P2_TL00626">
    <OldTextValue>It means "Your money. back if you want it." We</OldTextValue>
    <NewTextValue>It means "Your money back if you want it."   We</NewTextValue>
  </TextCorrectedLine>
  <TextCorrectedLine lineID="P2_TL00629">
    <OldTextValue>.If for any reason you are dissatisfied, or change your</OldTextValue>
    <NewTextValue>If for any reason you are dissatisfied, or change your</NewTextValue>
  </TextCorrectedLine>
  <TextCorrectedLine lineID="P2_TL00631">
    <OldTextValue>Y. M. B. L Y. W, I.</OldTextValue>
    <NewTextValue>Y. M. B. I Y. W. I.</NewTextValue>
  </TextCorrectedLine>
</TextCorrectedBlock>
