<TextCorrectedBlock pageOID="AL19060706.1.1" blockID="P1_CB00001" userID="[redacted]">
  <TextCorrectedLine lineID="P1_TL00891">
    <OldTextValue>IsB^a.lD THIS.</OldTextValue>
    <NewTextValue>READ THIS.</NewTextValue>
  </TextCorrectedLine>
  <TextCorrectedLine lineID="P1_TL00892">
    <OldTextValue>mostTiberaiToffer.</OldTextValue>
    <NewTextValue>most liberal offer.</NewTextValue>
  </TextCorrectedLine>
</TextCorrectedBlock>
<TextCorrectedBlock pageOID="AL19060706.1.1" blockID="P1_TB00051" userID="[redacted]">
  <TextCorrectedLine lineID="P1_TL00673">
    <OldTextValue>commission, "Mow out loose and</OldTextValue>
    <NewTextValue>commission, "Now cut loose and</NewTextValue>
  </TextCorrectedLine>
</TextCorrectedBlock>
<TextCorrectedBlock pageOID="AL19060706.1.1" blockID="P1_TB00005" userID="[redacted]">
  <TextCorrectedLine lineID="P1_TL00025">
    <OldTextValue>reported from Egypt by Dr. Voronotf.</OldTextValue>
    <NewTextValue>reported from Egypt by Dr. Voronoff.</NewTextValue>
  </TextCorrectedLine>
  <TextCorrectedLine lineID="P1_TL00028">
    <OldTextValue>iustead of inserting the usual metal</OldTextValue>
    <NewTextValue>instead of inserting the usual metal</NewTextValue>
  </TextCorrectedLine>
  <TextCorrectedLine lineID="P1_TL00034">
    <OldTextValue>suirounding skull.</OldTextValue>
    <NewTextValue>surrounding skull.</NewTextValue>
  </TextCorrectedLine>
</TextCorrectedBlock>
<TextCorrectedBlock pageOID="AL19060706.1.1" blockID="P1_TB00063" userID="[redacted]">
  <TextCorrectedLine lineID="P1_TL00877">
    <OldTextValue>ovei the sample, however, and was</OldTextValue>
    <NewTextValue>over the sample, however, and was</NewTextValue>
  </TextCorrectedLine>
</TextCorrectedBlock>
<TextCorrectedBlock pageOID="AL19060706.1.1" blockID="P1_CB00002" userID="[redacted]">
  <TextCorrectedLine lineID="P1_TL00929">
    <OldTextValue>rTIAMOR &amp; TAItOR</OldTextValue>
    <NewTextValue>TABOR &amp; TABOR</NewTextValue>
  </TextCorrectedLine>
  <TextCorrectedLine lineID="P1_TL00935">
    <OldTextValue>T W. CALDWELL</OldTextValue>
    <NewTextValue>J. W. CALDWELL</NewTextValue>
  </TextCorrectedLine>
  <TextCorrectedLine lineID="P1_TL00940">
    <OldTextValue>T\K. P. S. GOODMAN</OldTextValue>
    <NewTextValue>DR. P. S. GOODMAN</NewTextValue>
  </TextCorrectedLine>
  <TextCorrectedLine lineID="P1_TL00941">
    <OldTextValue>f Physician and Surgeon</OldTextValue>
    <NewTextValue>Physician and Surgeon</NewTextValue>
  </TextCorrectedLine>
  <TextCorrectedLine lineID="P1_TL00944">
    <OldTextValue>Office hours- 12 to 2p, m. ; 7to9p. m.</OldTextValue>
    <NewTextValue>Office hours- 12 to 2 p, m. ; 7 to 9 p. m.</NewTextValue>
  </TextCorrectedLine>
  <TextCorrectedLine lineID="P1_TL00945">
    <OldTextValue>-pvR. T. D. M. QUINN</OldTextValue>
    <NewTextValue>DR. T. D. M. QUINN</NewTextValue>
  </TextCorrectedLine>
  <TextCorrectedLine lineID="P1_TL00947">
    <OldTextValue>. AMADOR CITY, CAL.</OldTextValue>
    <NewTextValue>AMADOR CITY, CAL.</NewTextValue>
  </TextCorrectedLine>
  <TextCorrectedLine lineID="P1_TL00948">
    <OldTextValue>Office hours— 2 to 4 and 7toBp. m. Telephone</OldTextValue>
    <NewTextValue>Office hours— 2 to 4 and 7 to 8 p. m. Telephone</NewTextValue>
  </TextCorrectedLine>
  <TextCorrectedLine lineID="P1_TL00950">
    <OldTextValue>TVK. A. PARKER LEWIS</OldTextValue>
    <NewTextValue>DR. A. PARKER LEWIS</NewTextValue>
  </TextCorrectedLine>
  <TextCorrectedLine lineID="P1_TL00953">
    <OldTextValue>Office:— Werner Building • CAL.</OldTextValue>
    <NewTextValue>Office:— Werner Building .... CAL.</NewTextValue>
  </TextCorrectedLine>
  <TextCorrectedLine lineID="P1_TL00954">
    <OldTextValue>-|7V E. ENDICOTT, M. D.</OldTextValue>
    <NewTextValue>E. E. ENDICOTT, M. D.</NewTextValue>
  </TextCorrectedLine>
  <TextCorrectedLine lineID="P1_TL00956">
    <OldTextValue>. JACKSON, UAL.</OldTextValue>
    <NewTextValue>JACKSON, CAL.</NewTextValue>
  </TextCorrectedLine>
  <TextCorrectedLine lineID="P1_TL00959">
    <OldTextValue>TYR. E. V. TIFFANY</OldTextValue>
    <NewTextValue>DR. E. V. TIFFANY</NewTextValue>
  </TextCorrectedLine>
  <TextCorrectedLine lineID="P1_TL00962">
    <OldTextValue>Office— Forrest House. Hours— B to 8 a. m.,</OldTextValue>
    <NewTextValue>Office— Forrest House. Hours— 8 to 9 a. m.,</NewTextValue>
  </TextCorrectedLine>
  <TextCorrectedLine lineID="P1_TL00965">
    <OldTextValue>piR, L. E. PHILLIPS</OldTextValue>
    <NewTextValue>DR, L. E. PHILLIPS</NewTextValue>
  </TextCorrectedLine>
  <TextCorrectedLine lineID="P1_TL00966">
    <OldTextValue>-:..•,,.. ::■ '' Physician and Surgeon</OldTextValue>
    <NewTextValue>Physician and Surgeon</NewTextValue>
  </TextCorrectedLine>
  <TextCorrectedLine lineID="P1_TL00968">
    <OldTextValue>X-Kay used, in Practice. • '</OldTextValue>
    <NewTextValue>X-Kay used, in Practice.</NewTextValue>
  </TextCorrectedLine>
  <TextCorrectedLine lineID="P1_TL00977">
    <OldTextValue>■pwU. H. N. FREIMAN</OldTextValue>
    <NewTextValue>DR. H. N. FREIMAN</NewTextValue>
  </TextCorrectedLine>
  <TextCorrectedLine lineID="P1_TL00980">
    <OldTextValue>Offle hours— l 2 to 2 and 7to 8:30 p. m.</OldTextValue>
    <NewTextValue>Offle hours— 12 to 2 and 7 to 8:30 p. m.</NewTextValue>
  </TextCorrectedLine>
</TextCorrectedBlock>
<TextCorrectedBlock pageOID="AL19060706.1.1" blockID="P1_TB00061" userID="[redacted]">
  <TextCorrectedLine lineID="P1_TL00837">
    <OldTextValue>Germans as kalkstlckoff, is one of the</OldTextValue>
    <NewTextValue>Germans as kalkstickoff, is one of the</NewTextValue>
  </TextCorrectedLine>
</TextCorrectedBlock>
<TextCorrectedBlock pageOID="AL19060706.1.1" blockID="P1_TB00025" userID="[redacted]">
  <TextCorrectedLine lineID="P1_TL00247">
    <OldTextValue>we may add, good seuse — been so put</OldTextValue>
    <NewTextValue>we may add, good sense — been so put</NewTextValue>
  </TextCorrectedLine>
  <TextCorrectedLine lineID="P1_TL00251">
    <OldTextValue>youug men who were i' mud wanting,</OldTextValue>
    <NewTextValue>young men who were found wanting,</NewTextValue>
  </TextCorrectedLine>
  <TextCorrectedLine lineID="P1_TL00253">
    <OldTextValue>and flesh of her flesb," they were</OldTextValue>
    <NewTextValue>and flesh of her flesh," they were</NewTextValue>
  </TextCorrectedLine>
  <TextCorrectedLine lineID="P1_TL00254">
    <OldTextValue>clever euougb to do the dastardly</OldTextValue>
    <NewTextValue>clever euough to do the dastardly</NewTextValue>
  </TextCorrectedLine>
  <TextCorrectedLine lineID="P1_TL00260">
    <OldTextValue>stricken, aud a smirch on California's</OldTextValue>
    <NewTextValue>stricken, and a smirch on California's</NewTextValue>
  </TextCorrectedLine>
  <TextCorrectedLine lineID="P1_TL00265">
    <OldTextValue>and tho stench stirred by these young</OldTextValue>
    <NewTextValue>and the stench stirred by these young</NewTextValue>
  </TextCorrectedLine>
</TextCorrectedBlock>
<TextCorrectedBlock pageOID="AL19060706.1.2" blockID="P2_TB00002" userID="[redacted]">
  <TextCorrectedLine lineID="P2_TL00003">
    <OldTextValue>T THE AMIDOR LEDGER</OldTextValue>
    <NewTextValue>THE AMIDOR LEDGER</NewTextValue>
  </TextCorrectedLine>
  <TextCorrectedLine lineID="P2_TL00004">
    <OldTextValue>P Published Fridays by</OldTextValue>
    <NewTextValue>Published Fridays by</NewTextValue>
  </TextCorrectedLine>
  <TextCorrectedLine lineID="P2_TL00005">
    <OldTextValue>R . WEBB - - ... Editor and Manager</OldTextValue>
    <NewTextValue>R . WEBB - - - Editor and Manager</NewTextValue>
  </TextCorrectedLine>
  <TextCorrectedLine lineID="P2_TL00006">
    <OldTextValue>S SUBSCRIPTION RATES:</OldTextValue>
    <NewTextValue>SUBSCRIPTION RATES:</NewTextValue>
  </TextCorrectedLine>
  <TextCorrectedLine lineID="P2_TL00007">
    <OldTextValue>O One year (in advance $3 50</OldTextValue>
    <NewTextValue>One year (in advance $2 50</NewTextValue>
  </TextCorrectedLine>
  <TextCorrectedLine lineID="P2_TL00008">
    <OldTextValue>O Occ year (if not in advance) 3 00</OldTextValue>
    <NewTextValue>One year (if not in advance) 3 00</NewTextValue>
  </TextCorrectedLine>
  <TextCorrectedLine lineID="P2_TL00009">
    <OldTextValue>S Six inontns 125</OldTextValue>
    <NewTextValue>Six months 1 25</NewTextValue>
  </TextCorrectedLine>
  <TextCorrectedLine lineID="P2_TL00010">
    <OldTextValue>T Three months 75</OldTextValue>
    <NewTextValue>Three months 75</NewTextValue>
  </TextCorrectedLine>
  <TextCorrectedLine lineID="P2_TL00011">
    <OldTextValue>O One or more copies, each. I</OldTextValue>
    <NewTextValue>One or more copies, each.   5</NewTextValue>
  </TextCorrectedLine>
  <TextCorrectedLine lineID="P2_TL00012">
    <OldTextValue>i-.ogali -.ogal advertising— per sqr.-lst insertion. $1 00</OldTextValue>
    <NewTextValue>Legal advertising— per sqr.-1st insertion. $1 00</NewTextValue>
  </TextCorrectedLine>
  <TextCorrectedLine lineID="P2_TL00013">
    <OldTextValue>S Subsequent Insertions— per square-each. . 50</OldTextValue>
    <NewTextValue>Subsequent Insertions— per square-each. . 50</NewTextValue>
  </TextCorrectedLine>
  <TextCorrectedLine lineID="P2_TL00014">
    <OldTextValue>E EM7EIIED AT THE POSTOFFICE AT JACKSON AS</OldTextValue>
    <NewTextValue>ENTERED AT THE POSTOFFICE AT JACKSON AS</NewTextValue>
  </TextCorrectedLine>
  <TextCorrectedLine lineID="P2_TL00015">
    <OldTextValue>S SECOXD-CLASS MATTER</OldTextValue>
    <NewTextValue>SECOND-CLASS MATTER</NewTextValue>
  </TextCorrectedLine>
  <TextCorrectedLine lineID="P2_TL00021">
    <OldTextValue>C CITY OFFICIAL PAPER.</OldTextValue>
    <NewTextValue>CITY OFFICIAL PAPER.</NewTextValue>
  </TextCorrectedLine>
  <TextCorrectedLine lineID="P2_TL00022">
    <OldTextValue>O Official Paper of Amador co.</OldTextValue>
    <NewTextValue>Official Paper of Amador co.</NewTextValue>
  </TextCorrectedLine>
  <TextCorrectedLine lineID="P2_TL00023">
    <OldTextValue>F FRIDAY JULY (i, 1906</OldTextValue>
    <NewTextValue>FRIDAY JULY 6, 1906</NewTextValue>
  </TextCorrectedLine>
</TextCorrectedBlock>
<TextCorrectedBlock pageOID="AL19060706.1.2" blockID="P2_TB00002" userID="[redacted]">
  <TextCorrectedLine lineID="P2_TL00020">
    <OldTextValue>m mad'} tor 1 '-</OldTextValue>
    <NewTextValue>made for it.</NewTextValue>
  </TextCorrectedLine>
</TextCorrectedBlock>
<TextCorrectedBlock pageOID="AL19060706.1.2" blockID="P2_TB00053" userID="[redacted]">
  <TextCorrectedLine lineID="P2_TL00715">
    <OldTextValue>tion of the runuwg e.\peuse3 of the</OldTextValue>
    <NewTextValue>tion of the running expenses of the</NewTextValue>
  </TextCorrectedLine>
  <TextCorrectedLine lineID="P2_TL00716">
    <OldTextValue>government. That is the tiue and</OldTextValue>
    <NewTextValue>government. That is the true and</NewTextValue>
  </TextCorrectedLine>
  <TextCorrectedLine lineID="P2_TL00720">
    <OldTextValue>laws that the mouey derived from</OldTextValue>
    <NewTextValue>laws that the money derived from</NewTextValue>
  </TextCorrectedLine>
  <TextCorrectedLine lineID="P2_TL00722">
    <OldTextValue>county treasury, and not into tbo</OldTextValue>
    <NewTextValue>county treasury, and not into the</NewTextValue>
  </TextCorrectedLine>
  <TextCorrectedLine lineID="P2_TL00723">
    <OldTextValue>pockets of politioal bangeis-ou.</OldTextValue>
    <NewTextValue>pockets of political hangers-on.</NewTextValue>
  </TextCorrectedLine>
</TextCorrectedBlock>
<TextCorrectedBlock pageOID="AL19060706.1.2" blockID="P2_TB00032" userID="[redacted]">
  <TextCorrectedLine lineID="P2_TL00406">
    <OldTextValue>W. M. Amick, mileage - 81 80</OldTextValue>
    <NewTextValue>W. M. Amick, mileage - $4 80</NewTextValue>
  </TextCorrectedLine>
  <TextCorrectedLine lineID="P2_TL00407">
    <OldTextValue>A. Grillo, mileage - 480</OldTextValue>
    <NewTextValue>A. Grillo, mileage - 4 80</NewTextValue>
  </TextCorrectedLine>
  <TextCorrectedLine lineID="P2_TL00408">
    <OldTextValue>L liurke, mileage - - 1 80</OldTextValue>
    <NewTextValue>L Burke, mileage - - 4 80</NewTextValue>
  </TextCorrectedLine>
  <TextCorrectedLine lineID="P2_TL00409">
    <OldTextValue>U A Fiaser, mileage - - 1 (30</OldTextValue>
    <NewTextValue>D A Fraser, mileage - - 1 60</NewTextValue>
  </TextCorrectedLine>
  <TextCorrectedLine lineID="P2_TL00410">
    <OldTextValue>Jackson Gaslight Co, gas - 12 3a</OldTextValue>
    <NewTextValue>Jackson Gaslight Co, gas - 12 35</NewTextValue>
  </TextCorrectedLine>
  <TextCorrectedLine lineID="P2_TL00411">
    <OldTextValue>U Frivitali, wood - - 143 50</OldTextValue>
    <NewTextValue>B Privitali, wood - - 143 50</NewTextValue>
  </TextCorrectedLine>
</TextCorrectedBlock>
<TextCorrectedBlock pageOID="AL19060706.1.2" blockID="P2_TB00014" userID="[redacted]">
  <TextCorrectedLine lineID="P2_TL00103">
    <OldTextValue>issue of the Appeal to Reason, tho or-</OldTextValue>
    <NewTextValue>issue of the Appeal to Reason, the or-</NewTextValue>
  </TextCorrectedLine>
  <TextCorrectedLine lineID="P2_TL00105">
    <OldTextValue>socialists, published at Uirard, Kan-</OldTextValue>
    <NewTextValue>socialists, published at Girard, Kan-</NewTextValue>
  </TextCorrectedLine>
  <TextCorrectedLine lineID="P2_TL00111">
    <OldTextValue>is plauly aimed to overawe the judge</OldTextValue>
    <NewTextValue>is planly aimed to overawe the judge</NewTextValue>
  </TextCorrectedLine>
  <TextCorrectedLine lineID="P2_TL00115">
    <OldTextValue>by the socialists. Moyer aud his com-</OldTextValue>
    <NewTextValue>by the socialists. Moyer and his com-</NewTextValue>
  </TextCorrectedLine>
  <TextCorrectedLine lineID="P2_TL00117">
    <OldTextValue>of an uubailable kind.</OldTextValue>
    <NewTextValue>of an unbailable kind.</NewTextValue>
  </TextCorrectedLine>
</TextCorrectedBlock>
<TextCorrectedBlock pageOID="AL19060706.1.2" blockID="P2_TB00006" userID="[redacted]">
  <TextCorrectedLine lineID="P2_TL00041">
    <OldTextValue>Estate of J. U. Francis.— Elizabeth</OldTextValue>
    <NewTextValue>Estate of J. B. Francis.— Elizabeth</NewTextValue>
  </TextCorrectedLine>
  <TextCorrectedLine lineID="P2_TL00045">
    <OldTextValue>estate, being dwolliug bouse and lot</OldTextValue>
    <NewTextValue>estate, being dwelling bouse and lot</NewTextValue>
  </TextCorrectedLine>
  <TextCorrectedLine lineID="P2_TL00046">
    <OldTextValue>in Jacksun valued at 83500, stock in</OldTextValue>
    <NewTextValue>in Jackson valued at $3500, stock in</NewTextValue>
  </TextCorrectedLine>
  <TextCorrectedLine lineID="P2_TL00048">
    <OldTextValue>mouey iv bank, and household furni-</OldTextValue>
    <NewTextValue>mouey in bank, and household furni-</NewTextValue>
  </TextCorrectedLine>
  <TextCorrectedLine lineID="P2_TL00050">
    <OldTextValue>86500. The heirs are petitioner,</OldTextValue>
    <NewTextValue>$6500. The heirs are petitioner,</NewTextValue>
  </TextCorrectedLine>
  <TextCorrectedLine lineID="P2_TL00054">
    <OldTextValue>Lillia J. Uarnett vs. Hamilton K.</OldTextValue>
    <NewTextValue>Lillia J. Barnett vs. Hamilton K.</NewTextValue>
  </TextCorrectedLine>
  <TextCorrectedLine lineID="P2_TL00055">
    <OldTextValue>Barnett.— Complaint Hied, summons</OldTextValue>
    <NewTextValue>Barnett.— Complaint filed, summons</NewTextValue>
  </TextCorrectedLine>
</TextCorrectedBlock>
