<TextCorrectedBlock pageOID="AL19100923.1.1" blockID="P1_TB00001" userID="[redacted]">
  <TextCorrectedLine lineID="P1_TL00002">
    <OldTextValue>A ma dor's County</OldTextValue>
    <NewTextValue>Amador's County</NewTextValue>
  </TextCorrectedLine>
</TextCorrectedBlock>
<TextCorrectedBlock pageOID="AL19100923.1.1" blockID="P1_TB00060" userID="[redacted]">
  <TextCorrectedLine lineID="P1_TL00570">
    <OldTextValue>Burke, John Strohm, D. A. Eraser of</OldTextValue>
    <NewTextValue>Burke, John Strohm, D. A. Fraser of</NewTextValue>
  </TextCorrectedLine>
</TextCorrectedBlock>
<TextCorrectedBlock pageOID="AL19100923.1.1" blockID="P1_TB00036" userID="[redacted]">
  <TextCorrectedLine lineID="P1_TL00332">
    <OldTextValue>ot a man. Bastian was riding ahead,</OldTextValue>
    <NewTextValue>of a man. Bastian was riding ahead,</NewTextValue>
  </TextCorrectedLine>
  <TextCorrectedLine lineID="P1_TL00366">
    <OldTextValue>right, had been in town that- day</OldTextValue>
    <NewTextValue>right, had been in town that day</NewTextValue>
  </TextCorrectedLine>
  <TextCorrectedLine lineID="P1_TL00367">
    <OldTextValue>• and each of them were men-</OldTextValue>
    <NewTextValue>and each of them were men-</NewTextValue>
  </TextCorrectedLine>
  <TextCorrectedLine lineID="P1_TL00368">
    <OldTextValue>I tioned as the probable victim.</OldTextValue>
    <NewTextValue>tioned as the probable victim.</NewTextValue>
  </TextCorrectedLine>
</TextCorrectedBlock>
<TextCorrectedBlock pageOID="AL19100923.1.1" blockID="P1_TB00035" userID="[redacted]">
  <TextCorrectedLine lineID="P1_TL00294">
    <OldTextValue>J reached them. Other 3 had also beep</OldTextValue>
    <NewTextValue>reached them. Others had also beep</NewTextValue>
  </TextCorrectedLine>
  <TextCorrectedLine lineID="P1_TL00297">
    <OldTextValue>: fonnd to be William Mattley, oldest</OldTextValue>
    <NewTextValue>found to be William Mattley, oldest</NewTextValue>
  </TextCorrectedLine>
</TextCorrectedBlock>
<TextCorrectedBlock pageOID="AL19100923.1.1" blockID="P1_CB00001" userID="[redacted]">
  <TextCorrectedLine lineID="P1_TL00630">
    <OldTextValue>LAW.VERB.</OldTextValue>
    <NewTextValue>LAWYERS.</NewTextValue>
  </TextCorrectedLine>
  <TextCorrectedLine lineID="P1_TL00631">
    <OldTextValue>\rr«. o. snvdkii,</OldTextValue>
    <NewTextValue>WM. G. SNYDER,</NewTextValue>
  </TextCorrectedLine>
  <TextCorrectedLine lineID="P1_TL00632">
    <OldTextValue>Attornr.v-nt-l.iiw,</OldTextValue>
    <NewTextValue>Attorney-at-Law</NewTextValue>
  </TextCorrectedLine>
  <TextCorrectedLine lineID="P1_TL00634">
    <OldTextValue>Oflles in Marella Building, Cour' street.</OldTextValue>
    <NewTextValue>Oflles in Marelia Building, Court street.</NewTextValue>
  </TextCorrectedLine>
  <TextCorrectedLine lineID="P1_TL00635">
    <OldTextValue>Will practice in all the court!) of the state, fe</OldTextValue>
    <NewTextValue>Will practice in all the courts of the state,    fe</NewTextValue>
  </TextCorrectedLine>
  <TextCorrectedLine lineID="P1_TL00636">
    <OldTextValue>J- AW T. FUBITAS</OldTextValue>
    <NewTextValue>LAW T. FREITAS</NewTextValue>
  </TextCorrectedLine>
  <TextCorrectedLine lineID="P1_TL00638">
    <OldTextValue>Speelaltv— Commercial law and colec-</OldTextValue>
    <NewTextValue>Specialty— Commercial law and colec-</NewTextValue>
  </TextCorrectedLine>
  <TextCorrectedLine lineID="P1_TL00642">
    <OldTextValue>Suit No 210. Savings &amp;Loan Bank Bldg</OldTextValue>
    <NewTextValue>Suit No 210. Savings &amp; Loan Bank Bldg</NewTextValue>
  </TextCorrectedLine>
  <TextCorrectedLine lineID="P1_TL00643">
    <OldTextValue>iwi STOCKTON. CAL.</OldTextValue>
    <NewTextValue>STOCKTON. CAL.</NewTextValue>
  </TextCorrectedLine>
  <TextCorrectedLine lineID="P1_TL00645">
    <OldTextValue>TTI K. KNDIOOTT, M. D.</OldTextValue>
    <NewTextValue>E. E. ENDICOTT, M. D.</NewTextValue>
  </TextCorrectedLine>
</TextCorrectedBlock>
<TextCorrectedBlock pageOID="AL19100923.1.1" blockID="P1_TB00028" userID="[redacted]">
  <TextCorrectedLine lineID="P1_TL00215">
    <OldTextValue>California fdr about 20 years. For</OldTextValue>
    <NewTextValue>California for about 20 years. For</NewTextValue>
  </TextCorrectedLine>
  <TextCorrectedLine lineID="P1_TL00227">
    <OldTextValue>a home on ! Broadway— the residence</OldTextValue>
    <NewTextValue>a home on Broadway— the residence</NewTextValue>
  </TextCorrectedLine>
  <TextCorrectedLine lineID="P1_TL00237">
    <OldTextValue>by a heavy ; majority, is beyond</OldTextValue>
    <NewTextValue>by a heavy majority, is beyond</NewTextValue>
  </TextCorrectedLine>
</TextCorrectedBlock>
<TextCorrectedBlock pageOID="AL19100923.1.1" blockID="P1_TB00058" userID="[redacted]">
  <TextCorrectedLine lineID="P1_TL00552">
    <OldTextValue>Supervisor Fraser informed ■ the</OldTextValue>
    <NewTextValue>Supervisor Fraser informed the</NewTextValue>
  </TextCorrectedLine>
</TextCorrectedBlock>
<TextCorrectedBlock pageOID="AL19100923.1.1" blockID="P1_TB00022" userID="[redacted]">
  <TextCorrectedLine lineID="P1_TL00140">
    <OldTextValue>rotten in Denmark. lam proud of the</OldTextValue>
    <NewTextValue>rotten in Denmark. l am proud of the</NewTextValue>
  </TextCorrectedLine>
  <TextCorrectedLine lineID="P1_TL00141">
    <OldTextValue>stand your paper has taken. When 1</OldTextValue>
    <NewTextValue>stand your paper has taken. When I</NewTextValue>
  </TextCorrectedLine>
  <TextCorrectedLine lineID="P1_TL00143">
    <OldTextValue>1 am up in arms against them, and</OldTextValue>
    <NewTextValue>I am up in arms against them, and</NewTextValue>
  </TextCorrectedLine>
</TextCorrectedBlock>
<TextCorrectedBlock pageOID="AL19100923.1.2" blockID="P2_TB00010" userID="[redacted]">
  <TextCorrectedLine lineID="P2_TL00125">
    <OldTextValue>revolutionary character of the proceedings before the board'</OldTextValue>
    <NewTextValue>revolutionary character of the proceedings before the board</NewTextValue>
  </TextCorrectedLine>
</TextCorrectedBlock>
<TextCorrectedBlock pageOID="AL19100923.1.2" blockID="P2_CB00007" userID="[redacted]">
  <TextCorrectedLine lineID="P2_TL00442">
    <OldTextValue>J)o you mint o hat that will be. the</OldTextValue>
    <NewTextValue>Do you want a hat that will be the</NewTextValue>
  </TextCorrectedLine>
  <TextCorrectedLine lineID="P2_TL00443">
    <OldTextValue>inry of your friends? You will find</OldTextValue>
    <NewTextValue>envy of your friends? You will find</NewTextValue>
  </TextCorrectedLine>
  <TextCorrectedLine lineID="P2_TL00444">
    <OldTextValue>U at Jim I'romr'R tnllUnirj, More.</OldTextValue>
    <NewTextValue>it at Miss Prosser's millinery store.</NewTextValue>
  </TextCorrectedLine>
  <TextCorrectedLine lineID="P2_TL00445">
    <OldTextValue>— • (sr-v—</OldTextValue>
    <NewTextValue></NewTextValue>
  </TextCorrectedLine>
  <TextCorrectedLine lineID="P2_TL00446">
    <OldTextValue>Hate for every occasion, for every style,</OldTextValue>
    <NewTextValue>Hats for every occasion, for every style,</NewTextValue>
  </TextCorrectedLine>
  <TextCorrectedLine lineID="P2_TL00447">
    <OldTextValue>orcMtume, for every figure, and face,</OldTextValue>
    <NewTextValue>or costume, for every figure, and face,</NewTextValue>
  </TextCorrectedLine>
</TextCorrectedBlock>
<TextCorrectedBlock pageOID="AL19100923.1.2" blockID="P2_CB00001" userID="[redacted]">
  <TextCorrectedLine lineID="P2_TL00337">
    <OldTextValue>My Policy is to Please This Policy Has Won for</OldTextValue>
    <NewTextValue>DRESSMAKING   My Policy is to Please This Policy Has Won for</NewTextValue>
  </TextCorrectedLine>
  <TextCorrectedLine lineID="P2_TL00343">
    <OldTextValue>Mrs. J. Sobrctto, 88 Main St., Jackson, Cal.</OldTextValue>
    <NewTextValue>Mrs. J. Sobretto, 88 Main St., Jackson, Cal.</NewTextValue>
  </TextCorrectedLine>
</TextCorrectedBlock>
<TextCorrectedBlock pageOID="AL19100923.1.3" blockID="P3_CB00016" userID="[redacted]">
  <TextCorrectedLine lineID="P3_TL00256">
    <OldTextValue>fT^^T 8 Dyers' 1</OldTextValue>
    <NewTextValue>Myers  DRY GOODS STORE</NewTextValue>
  </TextCorrectedLine>
  <TextCorrectedLine lineID="P3_TL00257">
    <OldTextValue>4jf r£v ** \ &gt; J-fi £&amp;££&gt; \£j "■^'dT^T .'^■'■'nJS jiStSC Sjfi*</OldTextValue>
    <NewTextValue>33 Main St.    Jackson     TAM'S LATEST STYLE</NewTextValue>
  </TextCorrectedLine>
</TextCorrectedBlock>
<TextCorrectedBlock pageOID="AL19100923.1.3" blockID="P3_CB00002" userID="[redacted]">
  <TextCorrectedLine lineID="P3_TL00017">
    <OldTextValue>Fine large Sliced Pine Apple* 1 C£f»</OldTextValue>
    <NewTextValue>Fine large Sliced Pine Apples</NewTextValue>
  </TextCorrectedLine>
  <TextCorrectedLine lineID="P3_TL00018">
    <OldTextValue>per can ■■■ *-»*•</OldTextValue>
    <NewTextValue>per can   15c</NewTextValue>
  </TextCorrectedLine>
  <TextCorrectedLine lineID="P3_TL00019">
    <OldTextValue>Fancy Ripe Olives. Delidbua «C 1</OldTextValue>
    <NewTextValue>Fancy Ripe Olives. Delicious</NewTextValue>
  </TextCorrectedLine>
  <TextCorrectedLine lineID="P3_TL00020">
    <OldTextValue>per gallon *f *■</OldTextValue>
    <NewTextValue>per gallon    $1</NewTextValue>
  </TextCorrectedLine>
  <TextCorrectedLine lineID="P3_TL00021">
    <OldTextValue>Beataol Cleaner. Shiner 1 Cic</OldTextValue>
    <NewTextValue>Beatsol Cleaner, Shiner</NewTextValue>
  </TextCorrectedLine>
  <TextCorrectedLine lineID="P3_TL00022">
    <OldTextValue>and Polisher per can * vc&gt;</OldTextValue>
    <NewTextValue>and Polisher   per can    10c</NewTextValue>
  </TextCorrectedLine>
  <TextCorrectedLine lineID="P3_TL00023">
    <OldTextValue>Fish Flakes. Try a Can 1 eSf*</OldTextValue>
    <NewTextValue>Fish Flakes. Try a Can</NewTextValue>
  </TextCorrectedLine>
  <TextCorrectedLine lineID="P3_TL00024">
    <OldTextValue>per Can * w»v.</OldTextValue>
    <NewTextValue>per Can     15c</NewTextValue>
  </TextCorrectedLine>
</TextCorrectedBlock>
<TextCorrectedBlock pageOID="AL19100923.1.3" blockID="P3_CB00003" userID="[redacted]">
  <TextCorrectedLine lineID="P3_TL00027">
    <OldTextValue>VELA &amp; PICCARDO;</OldTextValue>
    <NewTextValue>VELA &amp; PICCARDO</NewTextValue>
  </TextCorrectedLine>
  <TextCorrectedLine lineID="P3_TL00028">
    <OldTextValue>:</OldTextValue>
    <NewTextValue></NewTextValue>
  </TextCorrectedLine>
  <TextCorrectedLine lineID="P3_TL00029">
    <OldTextValue>Phone Main S3</OldTextValue>
    <NewTextValue>Phone Main 53</NewTextValue>
  </TextCorrectedLine>
  <TextCorrectedLine lineID="P3_TL00034">
    <OldTextValue>Beauty— "Styles-</OldTextValue>
    <NewTextValue>Beauty— "Style"-</NewTextValue>
  </TextCorrectedLine>
  <TextCorrectedLine lineID="P3_TL00037">
    <OldTextValue>1 We Are Agents '</OldTextValue>
    <NewTextValue>We Are Agents</NewTextValue>
  </TextCorrectedLine>
  <TextCorrectedLine lineID="P3_TL00039">
    <OldTextValue>! L, Watch Our Window y&gt;</OldTextValue>
    <NewTextValue>Watch Our Window</NewTextValue>
  </TextCorrectedLine>
</TextCorrectedBlock>
<TextCorrectedBlock pageOID="AL19100923.1.3" blockID="P3_CB00001" userID="[redacted]">
  <TextCorrectedLine lineID="P3_TL00001">
    <OldTextValue>§|P™£° McGARY'S a?S. ri Z §</OldTextValue>
    <NewTextValue>McGARY'S   Dishes will go each week     On Saturday At 3 P. M.</NewTextValue>
  </TextCorrectedLine>
  <TextCorrectedLine lineID="P3_TL00002">
    <OldTextValue>5} Ladies Gentlemen and Children §</OldTextValue>
    <NewTextValue>Ladies Gentlemen and Children</NewTextValue>
  </TextCorrectedLine>
  <TextCorrectedLine lineID="P3_TL00003">
    <OldTextValue>ISaturday 24th|</OldTextValue>
    <NewTextValue>Saturday 24th</NewTextValue>
  </TextCorrectedLine>
  <TextCorrectedLine lineID="P3_TL00004">
    <OldTextValue>We will be prepared to fill your wants In every respect.</OldTextValue>
    <NewTextValue>We will be prepared to fill your wants in every respect.</NewTextValue>
  </TextCorrectedLine>
  <TextCorrectedLine lineID="P3_TL00005">
    <OldTextValue>m A large line of ?enta' Indies' and chtldrens shoes will be in by that W</OldTextValue>
    <NewTextValue>A large line of gents' Indies' and childrens shoes will be in by that W</NewTextValue>
  </TextCorrectedLine>
  <TextCorrectedLine lineID="P3_TL00006">
    <OldTextValue>C^ time, in all the latest up-to-date ntylcs. fi^</OldTextValue>
    <NewTextValue>time, in all the latest up-to-date styles.</NewTextValue>
  </TextCorrectedLine>
  <TextCorrectedLine lineID="P3_TL00007">
    <OldTextValue>A full line of Dross Goodo. now in stock. Ladles' and Chtldrens Suits,</OldTextValue>
    <NewTextValue>A full line of Dross Goods now in stock. Ladles' and Chtldrens Suits,</NewTextValue>
  </TextCorrectedLine>
  <TextCorrectedLine lineID="P3_TL00008">
    <OldTextValue>%^ and Coats now on display.</OldTextValue>
    <NewTextValue>and Coats now on display.</NewTextValue>
  </TextCorrectedLine>
  <TextCorrectedLine lineID="P3_TL00009">
    <OldTextValue>I McGARVS j</OldTextValue>
    <NewTextValue>McGARY'S</NewTextValue>
  </TextCorrectedLine>
  <TextCorrectedLine lineID="P3_TL00011">
    <OldTextValue>jjj Jackson - . - - California S</OldTextValue>
    <NewTextValue>Jackson - . - - California</NewTextValue>
  </TextCorrectedLine>
  <TextCorrectedLine lineID="P3_TL00012">
    <OldTextValue>J^ HATS— We carry tho latest Styles. New lot from City each week. Jl|</OldTextValue>
    <NewTextValue>HATS— We carry the latest Styles. New lot from City each week. Jl|</NewTextValue>
  </TextCorrectedLine>
</TextCorrectedBlock>
<TextCorrectedBlock pageOID="AL19100923.1.4" blockID="P4_TB00004" userID="[redacted]">
  <TextCorrectedLine lineID="P4_TL00019">
    <OldTextValue>lain's stomach and liver tablet* you</OldTextValue>
    <NewTextValue>lain's stomach and liver tablets you</NewTextValue>
  </TextCorrectedLine>
</TextCorrectedBlock>
<TextCorrectedBlock pageOID="AL19100923.1.4" blockID="P4_TB00021" userID="[redacted]">
  <TextCorrectedLine lineID="P4_TL00106">
    <OldTextValue>have all returned home. , •</OldTextValue>
    <NewTextValue>have all returned home.</NewTextValue>
  </TextCorrectedLine>
</TextCorrectedBlock>
<TextCorrectedBlock pageOID="AL19100923.1.4" blockID="P4_TB00019" userID="[redacted]">
  <TextCorrectedLine lineID="P4_TL00087">
    <OldTextValue>able affair. ■ &lt;</OldTextValue>
    <NewTextValue>able affair.</NewTextValue>
  </TextCorrectedLine>
</TextCorrectedBlock>
<TextCorrectedBlock pageOID="AL19100923.1.1" blockID="P1_TB00026" userID="[redacted]">
  <TextCorrectedLine lineID="P1_TL00175">
    <OldTextValue>32 year 3of age. He has been practic-</OldTextValue>
    <NewTextValue>32 year of age. He has been practic-</NewTextValue>
  </TextCorrectedLine>
  <TextCorrectedLine lineID="P1_TL00177">
    <OldTextValue>past live yars, and is steadily</OldTextValue>
    <NewTextValue>past five yars, and is steadily</NewTextValue>
  </TextCorrectedLine>
  <TextCorrectedLine lineID="P1_TL00181">
    <OldTextValue>is second to none hi importance in the</OldTextValue>
    <NewTextValue>is second to none in importance in the</NewTextValue>
  </TextCorrectedLine>
</TextCorrectedBlock>
