<TextCorrectedBlock pageOID="AL19000406.1.1" blockID="P1_TB00005" userID="[redacted]">
  <TextCorrectedLine lineID="P1_TL00005">
    <OldTextValue>A Serious Accident at i the</OldTextValue>
    <NewTextValue>A Serious Accident at the</NewTextValue>
  </TextCorrectedLine>
</TextCorrectedBlock>
<TextCorrectedBlock pageOID="AL19000406.1.1" blockID="P1_TB00008" userID="[redacted]">
  <TextCorrectedLine lineID="P1_TL00008">
    <OldTextValue>ACTED THIEVES ARE PLACED UNDER ARREST</OldTextValue>
    <NewTextValue>SUSPECTED THIEVES ARE PLACED UNDER ARREST</NewTextValue>
  </TextCorrectedLine>
</TextCorrectedBlock>
<TextCorrectedBlock pageOID="AL19000406.1.1" blockID="P1_TB00010" userID="[redacted]">
  <TextCorrectedLine lineID="P1_TL00013">
    <OldTextValue>Eerioui ■ Eeßult».4Tliey Stole \</OldTextValue>
    <NewTextValue>Serious Results.- They Stole</NewTextValue>
  </TextCorrectedLine>
  <TextCorrectedLine lineID="P1_TL00014">
    <OldTextValue>-"Canned* Fruit*</OldTextValue>
    <NewTextValue>Canned* Fruit.</NewTextValue>
  </TextCorrectedLine>
</TextCorrectedBlock>
<TextCorrectedBlock pageOID="AL19000406.1.1" blockID="P1_TB00059" userID="[redacted]">
  <TextCorrectedLine lineID="P1_TL00406">
    <OldTextValue>Prospect, San Andreas, March 31, 19 M). j</OldTextValue>
    <NewTextValue>Prospect, San Andreas, March 31, 1900.</NewTextValue>
  </TextCorrectedLine>
  <TextCorrectedLine lineID="P1_TL00407">
    <OldTextValue>If the rivalry : Ifetween -the various</OldTextValue>
    <NewTextValue>If the rivalry between -the various</NewTextValue>
  </TextCorrectedLine>
  <TextCorrectedLine lineID="P1_TL00408">
    <OldTextValue>guncl.ubs in ( th^&gt; county continues, it</OldTextValue>
    <NewTextValue>gunclubs in this county continues, it</NewTextValue>
  </TextCorrectedLine>
  <TextCorrectedLine lineID="P1_TL00409">
    <OldTextValue>wouldfbe . idTisubie, ; for *, the,' club £ that</OldTextValue>
    <NewTextValue>would be advisable for the club  that</NewTextValue>
  </TextCorrectedLine>
  <TextCorrectedLine lineID="P1_TL00410">
    <OldTextValue>'would take the' leaivto lend for Dr.B/</OldTextValue>
    <NewTextValue>'would take the lead, to send for Dr.B.</NewTextValue>
  </TextCorrectedLine>
</TextCorrectedBlock>
<TextCorrectedBlock pageOID="AL19000406.1.1" blockID="P1_TB00028" userID="[redacted]">
  <TextCorrectedLine lineID="P1_TL00156">
    <OldTextValue>RepnbUean. Placarville, March 20, '1900.</OldTextValue>
    <NewTextValue>Republican. Placerville, March 20, 1900.</NewTextValue>
  </TextCorrectedLine>
  <TextCorrectedLine lineID="P1_TL00157">
    <OldTextValue>Louis Ferrari of New town was badly</OldTextValue>
    <NewTextValue>Louis Ferrari of Newtown was badly</NewTextValue>
  </TextCorrectedLine>
  <TextCorrectedLine lineID="P1_TL00159">
    <OldTextValue>mine , near El t Dorado. He was ] em-</OldTextValue>
    <NewTextValue>mine , near El Dorado. He was em-</NewTextValue>
  </TextCorrectedLine>
  <TextCorrectedLine lineID="P1_TL00160">
    <OldTextValue>ployed . there'- as a miner and while</OldTextValue>
    <NewTextValue>ployed . there as a miner and while</NewTextValue>
  </TextCorrectedLine>
  <TextCorrectedLine lineID="P1_TL00166">
    <OldTextValue>Dr. Rantz, ■ who examined him here</OldTextValue>
    <NewTextValue>Dr. Rantz,   who examined him here</NewTextValue>
  </TextCorrectedLine>
</TextCorrectedBlock>
<TextCorrectedBlock pageOID="AL19000406.1.1" blockID="P1_TB00028" userID="[redacted]">
  <TextCorrectedLine lineID="P1_TL00167">
    <OldTextValue>sent him :to Dr. Brig^s, the Sacra-</OldTextValue>
    <NewTextValue>sent him to Dr. Briggs, the Sacra-</NewTextValue>
  </TextCorrectedLine>
  <TextCorrectedLine lineID="P1_TL00168">
    <OldTextValue>mento occulist, for attention/They</OldTextValue>
    <NewTextValue>mento occulist, for attention. They</NewTextValue>
  </TextCorrectedLine>
</TextCorrectedBlock>
<TextCorrectedBlock pageOID="AL19000406.1.1" blockID="P1_TB00065" userID="[redacted]">
  <TextCorrectedLine lineID="P1_TL00650">
    <OldTextValue>pool. v " .</OldTextValue>
    <NewTextValue>pool. " .</NewTextValue>
  </TextCorrectedLine>
  <TextCorrectedLine lineID="P1_TL00656">
    <OldTextValue>ley to his home twice, a week. ■ . ; .</OldTextValue>
    <NewTextValue>ley to his home twice, a week.  .</NewTextValue>
  </TextCorrectedLine>
</TextCorrectedBlock>
