<TextCorrectedBlock pageOID="AL19011213.1.2" blockID="P2_CB00002" userID="[redacted]">
  <TextCorrectedLine lineID="P2_TL00718">
    <OldTextValue>Sunset Route for. "</OldTextValue>
    <NewTextValue>Sunset Route for</NewTextValue>
  </TextCorrectedLine>
  <TextCorrectedLine lineID="P2_TL00737">
    <OldTextValue>■ . ; JACKSON 6ATE, CAL.</OldTextValue>
    <NewTextValue>JACKSON GATE, CAL.</NewTextValue>
  </TextCorrectedLine>
  <TextCorrectedLine lineID="P2_TL00738">
    <OldTextValue>Dealers in Foreign and Domestic ;</OldTextValue>
    <NewTextValue>Dealers in Foreign and Domestic</NewTextValue>
  </TextCorrectedLine>
  <TextCorrectedLine lineID="P2_TL00744">
    <OldTextValue>bon, Rye, Sweet and Sour Mash Whiskies "of</OldTextValue>
    <NewTextValue>bon, Rye, Sweet and Sour Mash Whiskies of</NewTextValue>
  </TextCorrectedLine>
  <TextCorrectedLine lineID="P2_TL00745">
    <OldTextValue>celebrated distilleries. - . je23</OldTextValue>
    <NewTextValue>celebrated distilleries.        je28</NewTextValue>
  </TextCorrectedLine>
</TextCorrectedBlock>
<TextCorrectedBlock pageOID="AL19011213.1.2" blockID="P2_CB00007" userID="[redacted]">
  <TextCorrectedLine lineID="P2_TL01014">
    <OldTextValue>5 cents per Hue for less than one month.</OldTextValue>
    <NewTextValue>5 cents per line for less than one month.</NewTextValue>
  </TextCorrectedLine>
  <TextCorrectedLine lineID="P2_TL01015">
    <OldTextValue>X&gt; UILDING LUi'S FRONTING ON STUMP</OldTextValue>
    <NewTextValue>BUILDING LOTS'S FRONTING ON STUMP</NewTextValue>
  </TextCorrectedLine>
  <TextCorrectedLine lineID="P2_TL01016">
    <OldTextValue>JL&gt; and Center streets; lots 50x130 feeti for</OldTextValue>
    <NewTextValue>and Center streets; lots 50x130 feet for</NewTextValue>
  </TextCorrectedLine>
  <TextCorrectedLine lineID="P2_TL01017">
    <OldTextValue>sale cheap. Apply Ledger office. \</OldTextValue>
    <NewTextValue>sale cheap. Apply Ledger office.</NewTextValue>
  </TextCorrectedLine>
  <TextCorrectedLine lineID="P2_TL01018">
    <OldTextValue>TjTORNISHED ROOMS TO RENt.-Apply kt</OldTextValue>
    <NewTextValue>FURNISHED ROOMS TO RENT.-Apply at</NewTextValue>
  </TextCorrectedLine>
  <TextCorrectedLine lineID="P2_TL01019">
    <OldTextValue>X Ledger office.</OldTextValue>
    <NewTextValue>Ledger office.</NewTextValue>
  </TextCorrectedLine>
  <TextCorrectedLine lineID="P2_TL01020">
    <OldTextValue>TTIOR SALE-LOT OF FOLDING CHAIRS,</OldTextValue>
    <NewTextValue>FOR SALE-LOT OF FOLDING CHAIRS,</NewTextValue>
  </TextCorrectedLine>
  <TextCorrectedLine lineID="P2_TL01021">
    <OldTextValue>JLJ also settees, suitable for hall or church.</OldTextValue>
    <NewTextValue>also settees, suitable for hall or church.</NewTextValue>
  </TextCorrectedLine>
  <TextCorrectedLine lineID="P2_TL01022">
    <OldTextValue>Settees 40c per f oot ; chairs 50 cents each. Ap-</OldTextValue>
    <NewTextValue>Settees 40c per foot ; chairs 50 cents each. Ap-</NewTextValue>
  </TextCorrectedLine>
</TextCorrectedBlock>
<TextCorrectedBlock pageOID="AL19011213.1.3" blockID="P3_TB00018" userID="[redacted]">
  <TextCorrectedLine lineID="P3_TL00093">
    <OldTextValue>dolls, wheel goods, hooks, etc.. . before</OldTextValue>
    <NewTextValue>dolls, wheel goods, hooks, etc..  before</NewTextValue>
  </TextCorrectedLine>
</TextCorrectedBlock>
<TextCorrectedBlock pageOID="AL19011213.1.3" blockID="P3_TB00038" userID="[redacted]">
  <TextCorrectedLine lineID="P3_TL00315">
    <OldTextValue>Hawkins, the victim of tho plot just</OldTextValue>
    <NewTextValue>Hawkins, the victim of the plot just</NewTextValue>
  </TextCorrectedLine>
  <TextCorrectedLine lineID="P3_TL00323">
    <OldTextValue>to be thought 'of. After working for</OldTextValue>
    <NewTextValue>to be thought of. After working for</NewTextValue>
  </TextCorrectedLine>
  <TextCorrectedLine lineID="P3_TL00324">
    <OldTextValue>for so mo time at the Standard Electric</OldTextValue>
    <NewTextValue>for some time at the Standard Electric</NewTextValue>
  </TextCorrectedLine>
  <TextCorrectedLine lineID="P3_TL00330">
    <OldTextValue>of business. On the 2sth of that month</OldTextValue>
    <NewTextValue>of business. On the 25th of that month</NewTextValue>
  </TextCorrectedLine>
</TextCorrectedBlock>
<TextCorrectedBlock pageOID="AL19011213.1.3" blockID="P3_TB00029" userID="[redacted]">
  <TextCorrectedLine lineID="P3_TL00183">
    <OldTextValue>eiHt of Plymouth, just over the border</OldTextValue>
    <NewTextValue>east of Plymouth, just over the border</NewTextValue>
  </TextCorrectedLine>
  <TextCorrectedLine lineID="P3_TL00184">
    <OldTextValue>in El Dorado eouuty, lias bi-en pur-</OldTextValue>
    <NewTextValue>in El Dorado county, has been pur-</NewTextValue>
  </TextCorrectedLine>
  <TextCorrectedLine lineID="P3_TL00185">
    <OldTextValue>chased by eastern capitalists! princi-</OldTextValue>
    <NewTextValue>chased by eastern capitalists, princi-</NewTextValue>
  </TextCorrectedLine>
  <TextCorrectedLine lineID="P3_TL00186">
    <OldTextValue>pally of Pennsylvania. Under tho</OldTextValue>
    <NewTextValue>pally of Pennsylvania. Under the</NewTextValue>
  </TextCorrectedLine>
  <TextCorrectedLine lineID="P3_TL00189">
    <OldTextValue>ing work with a view to tho early re-</OldTextValue>
    <NewTextValue>ing work with a view to the early re-</NewTextValue>
  </TextCorrectedLine>
</TextCorrectedBlock>
