<TextCorrectedBlock pageOID="AL19070705.1.3" blockID="P3_CB00003" userID="[redacted]">
  <TextCorrectedLine lineID="P3_TL01005">
    <OldTextValue>Good Cooks^^-^s^</OldTextValue>
    <NewTextValue>Good Cooks</NewTextValue>
  </TextCorrectedLine>
  <TextCorrectedLine lineID="P3_TL01006">
    <OldTextValue>Mt say CLEVELAND'S— Ask a GOOD cook the kind of baking^**^iw</OldTextValue>
    <NewTextValue>say CLEVELAND'S— Ask a GOOD cook the kind of baking</NewTextValue>
  </TextCorrectedLine>
  <TextCorrectedLine lineID="P3_TL01007">
    <OldTextValue>m powder to use and she will say CLEVELAND'S. ! M</OldTextValue>
    <NewTextValue>powder to use and she will say CLEVELAND'S.</NewTextValue>
  </TextCorrectedLine>
  <TextCorrectedLine lineID="P3_TL01008">
    <OldTextValue>WL .■ }'■■ ;■;■ It is the baking powder of experts — the baking powder used ' Wl</OldTextValue>
    <NewTextValue>It is the baking powder of experts — the baking powder used</NewTextValue>
  </TextCorrectedLine>
  <TextCorrectedLine lineID="P3_TL01009">
    <OldTextValue>g by those who have tried them all. ||</OldTextValue>
    <NewTextValue>by those who have tried them all.</NewTextValue>
  </TextCorrectedLine>
  <TextCorrectedLine lineID="P3_TL01010">
    <OldTextValue>|| Cooks who have used CLEVELAND'S and tried others M</OldTextValue>
    <NewTextValue>Cooks who have used CLEVELAND'S and tried others</NewTextValue>
  </TextCorrectedLine>
  <TextCorrectedLine lineID="P3_TL01011">
    <OldTextValue>always come back to ■ •».■ km</OldTextValue>
    <NewTextValue>always come back to</NewTextValue>
  </TextCorrectedLine>
  <TextCorrectedLine lineID="P3_TL01012">
    <OldTextValue>I Cleveland's 1</OldTextValue>
    <NewTextValue>Cleveland's</NewTextValue>
  </TextCorrectedLine>
  <TextCorrectedLine lineID="P3_TL01013">
    <OldTextValue>1 superior I</OldTextValue>
    <NewTextValue>superior</NewTextValue>
  </TextCorrectedLine>
</TextCorrectedBlock>
<TextCorrectedBlock pageOID="AL19070705.1.3" blockID="P3_CB00003" userID="[redacted]">
  <TextCorrectedLine lineID="P3_TL01014">
    <OldTextValue>§ Made from a Superior grade of Pure Cream of Tartar ,; if</OldTextValue>
    <NewTextValue>Made from a Superior grade of Pure Cream of Tartar</NewTextValue>
  </TextCorrectedLine>
</TextCorrectedBlock>
