<TextCorrectedBlock pageOID="AL19071220.1.1" blockID="P1_CB00003" userID="[redacted]">
  <TextCorrectedLine lineID="P1_TL00449">
    <OldTextValue>lij^fT^^V^ LAW YERS.</OldTextValue>
    <NewTextValue>LAWYERS.</NewTextValue>
  </TextCorrectedLine>
  <TextCorrectedLine lineID="P1_TL00450">
    <OldTextValue>'.\"rj|TM. G. SSYDEK,</OldTextValue>
    <NewTextValue>WM. G. SNYDER,</NewTextValue>
  </TextCorrectedLine>
  <TextCorrectedLine lineID="P1_TL00451">
    <OldTextValue>Att.orney-Ht-L.an-,</OldTextValue>
    <NewTextValue>Attorney-at-Law,</NewTextValue>
  </TextCorrectedLine>
  <TextCorrectedLine lineID="P1_TL00452">
    <OldTextValue>I JACKSOX, CAL.</OldTextValue>
    <NewTextValue>JACKSON, CAL.</NewTextValue>
  </TextCorrectedLine>
  <TextCorrectedLine lineID="P1_TL00453">
    <OldTextValue>■■' Office in Marelia Building, Court street.</OldTextValue>
    <NewTextValue>Office in Marelia Building, Court street.</NewTextValue>
  </TextCorrectedLine>
  <TextCorrectedLine lineID="P1_TL00454">
    <OldTextValue>Will practice in all the courts of the state, fe</OldTextValue>
    <NewTextValue>Will practice in all the courts of the state.</NewTextValue>
  </TextCorrectedLine>
  <TextCorrectedLine lineID="P1_TL00456">
    <OldTextValue>TTI , E. ENDICOTT, M. D.</OldTextValue>
    <NewTextValue>E. E. ENDICOTT, M. D.</NewTextValue>
  </TextCorrectedLine>
  <TextCorrectedLine lineID="P1_TL00457">
    <OldTextValue>'■■ Physician and Surgeon</OldTextValue>
    <NewTextValue>Physician and Surgeon</NewTextValue>
  </TextCorrectedLine>
  <TextCorrectedLine lineID="P1_TL00458">
    <OldTextValue>; ;',' JACKSON, CAL. "</OldTextValue>
    <NewTextValue>JACKSON, CAL.</NewTextValue>
  </TextCorrectedLine>
  <TextCorrectedLine lineID="P1_TL00460">
    <OldTextValue>attended to at all times, '.</OldTextValue>
    <NewTextValue>attended to at all times,</NewTextValue>
  </TextCorrectedLine>
  <TextCorrectedLine lineID="P1_TL00461">
    <OldTextValue>r\B. L. K. PHILXIPS . .</OldTextValue>
    <NewTextValue>Dr.  L. E. PHILLIPS</NewTextValue>
  </TextCorrectedLine>
  <TextCorrectedLine lineID="P1_TL00462">
    <OldTextValue>' ' . rhyslcisn and Surgeon</OldTextValue>
    <NewTextValue>Physician and Surgeon</NewTextValue>
  </TextCorrectedLine>
  <TextCorrectedLine lineID="P1_TL00463">
    <OldTextValue>I. JACKSOW. CAL.</OldTextValue>
    <NewTextValue>JACKSON, CAL.</NewTextValue>
  </TextCorrectedLine>
  <TextCorrectedLine lineID="P1_TL00464">
    <OldTextValue>1 S-£ay used in Practice.</OldTextValue>
    <NewTextValue>X - Ray used in Practice.</NewTextValue>
  </TextCorrectedLine>
  <TextCorrectedLine lineID="P1_TL00465">
    <OldTextValue>Oitic«— Moved to next door to Besldenoe,</OldTextValue>
    <NewTextValue>Office - Moved to next door to Resldenoe,</NewTextValue>
  </TextCorrectedLine>
  <TextCorrectedLine lineID="P1_TL00466">
    <OldTextValue>- north Main i street, opposite • California</OldTextValue>
    <NewTextValue>north Main  street, opposite  California</NewTextValue>
  </TextCorrectedLine>
  <TextCorrectedLine lineID="P1_TL00467">
    <OldTextValue>'Hotel. ' • •■'- ■---■ ■■■ ■• •; • ■ :■-</OldTextValue>
    <NewTextValue>Hotel.</NewTextValue>
  </TextCorrectedLine>
  <TextCorrectedLine lineID="P1_TL00468">
    <OldTextValue>"'-' •-;.». Telephone No. 401. . • '- r , :-.. ;</OldTextValue>
    <NewTextValue>Telephone No. 401.</NewTextValue>
  </TextCorrectedLine>
  <TextCorrectedLine lineID="P1_TL00469">
    <OldTextValue>,«i^|V» ■ Phy«lclan and Sorgeoa £0&amp;</OldTextValue>
    <NewTextValue>Physician and Surgeon</NewTextValue>
  </TextCorrectedLine>
  <TextCorrectedLine lineID="P1_TL00470">
    <OldTextValue>Jackson. Cai&lt;</OldTextValue>
    <NewTextValue>Jackson. Cal</NewTextValue>
  </TextCorrectedLine>
  <TextCorrectedLine lineID="P1_TL00471">
    <OldTextValue>Office in Marelia bulldlnK. Main Street.</OldTextValue>
    <NewTextValue>Office in Marelia bulldlng,   Main Street.</NewTextValue>
  </TextCorrectedLine>
  <TextCorrectedLine lineID="P1_TL00472">
    <OldTextValue>rt ; H. GIBBONS M. D.</OldTextValue>
    <NewTextValue>C. H. GIBBONS M. D.</NewTextValue>
  </TextCorrectedLine>
  <TextCorrectedLine lineID="P1_TL00473">
    <OldTextValue>J : • *-'•:!• PJhyßictan and Surgeon</OldTextValue>
    <NewTextValue>Physician and Surgeon</NewTextValue>
  </TextCorrectedLine>
  <TextCorrectedLine lineID="P1_TL00474">
    <OldTextValue>■_' i ■■■•?.■ JjkCssoH. Cal. ' . ■</OldTextValue>
    <NewTextValue>Jackson, Cal.</NewTextValue>
  </TextCorrectedLine>
  <TextCorrectedLine lineID="P1_TL00475">
    <OldTextValue>Office and residence: ■ Weil building.' ■■ ;". ,; ;</OldTextValue>
    <NewTextValue>Office and residence:   Weil building.</NewTextValue>
  </TextCorrectedLine>
  <TextCorrectedLine lineID="P1_TL00478">
    <OldTextValue>,'. rr \ ■■.&gt;...■•.,.', ;.. .•..;:' , , ' '..*. ':;?;'</OldTextValue>
    <NewTextValue></NewTextValue>
  </TextCorrectedLine>
  <TextCorrectedLine lineID="P1_TL00479">
    <OldTextValue>p*. GOODMAN -81. ».</OldTextValue>
    <NewTextValue>P. S. GOODMAN  M. D.</NewTextValue>
  </TextCorrectedLine>
  <TextCorrectedLine lineID="P1_TL00480">
    <OldTextValue>PrtyOolan and S««e«i</OldTextValue>
    <NewTextValue>Physician and Surgeon</NewTextValue>
  </TextCorrectedLine>
  <TextCorrectedLine lineID="P1_TL00481">
    <OldTextValue>Settee Ceeek, Cal. \</OldTextValue>
    <NewTextValue>Sutter Creek, Cal.</NewTextValue>
  </TextCorrectedLine>
  <TextCorrectedLine lineID="P1_TL00482">
    <OldTextValue>dentists.</OldTextValue>
    <NewTextValue>Dentists.</NewTextValue>
  </TextCorrectedLine>
  <TextCorrectedLine lineID="P1_TL00497">
    <OldTextValue>talcing, of Unal proofs and all other Land</OldTextValue>
    <NewTextValue>taking, of final proofs and all other Land</NewTextValue>
  </TextCorrectedLine>
  <TextCorrectedLine lineID="P1_TL00499">
    <OldTextValue>Deeds and other legal documents drawn up. i</OldTextValue>
    <NewTextValue>Deeds and other legal documents drawn up.</NewTextValue>
  </TextCorrectedLine>
  <TextCorrectedLine lineID="P1_TL00501">
    <OldTextValue>" ' MARYBVILUE, CALIFORNIA.</OldTextValue>
    <NewTextValue>MARYSVILLE, CALIFORNIA.</NewTextValue>
  </TextCorrectedLine>
  <TextCorrectedLine lineID="P1_TL00502">
    <OldTextValue>Boaraing and Day School conducted by the Sis-</OldTextValue>
    <NewTextValue>Boarding and Day School conducted by the Sis-</NewTextValue>
  </TextCorrectedLine>
  <TextCorrectedLine lineID="P1_TL00503">
    <OldTextValue>ters of Notre Dame (Namur). Fouudeu in 185*</OldTextValue>
    <NewTextValue>ters of Notre Dame (Namur). Founded in 1856</NewTextValue>
  </TextCorrectedLine>
  <TextCorrectedLine lineID="P1_TL00506">
    <OldTextValue>i advanced courses In art. language and music</OldTextValue>
    <NewTextValue>advanced courses In art. language and music</NewTextValue>
  </TextCorrectedLine>
  <TextCorrectedLine lineID="P1_TL00507">
    <OldTextValue>"&gt;:;;;-; V;~. - ' .' .. ~~ ''</OldTextValue>
    <NewTextValue></NewTextValue>
  </TextCorrectedLine>
</TextCorrectedBlock>
<TextCorrectedBlock pageOID="AL19071220.1.1" blockID="P1_TB00018" userID="[redacted]">
  <TextCorrectedLine lineID="P1_TL00163">
    <OldTextValue>W. Bright took place on l'riday after-</OldTextValue>
    <NewTextValue>W. Bright took place on Friday after-</NewTextValue>
  </TextCorrectedLine>
  <TextCorrectedLine lineID="P1_TL00166">
    <OldTextValue>the Key. J. B. .Nicholas officiating.</OldTextValue>
    <NewTextValue>the Key. J. B. Nicholas officiating.</NewTextValue>
  </TextCorrectedLine>
  <TextCorrectedLine lineID="P1_TL00169">
    <OldTextValue>ters'turned out in respect for the</OldTextValue>
    <NewTextValue>ters turned out in respect for the</NewTextValue>
  </TextCorrectedLine>
  <TextCorrectedLine lineID="P1_TL00171">
    <OldTextValue>this section, and a large- number of</OldTextValue>
    <NewTextValue>this section, and a large number of</NewTextValue>
  </TextCorrectedLine>
  <TextCorrectedLine lineID="P1_TL00172">
    <OldTextValue>other j citizens followed the proces-</OldTextValue>
    <NewTextValue>other  citizens followed the proces-</NewTextValue>
  </TextCorrectedLine>
  <TextCorrectedLine lineID="P1_TL00175">
    <OldTextValue>family plot. • . V</OldTextValue>
    <NewTextValue>family plot.</NewTextValue>
  </TextCorrectedLine>
</TextCorrectedBlock>
