<TextCorrectedBlock pageOID="AL19060907.1.2" blockID="P2_CB00026" userID="[redacted]">
  <TextCorrectedLine lineID="P2_TL01017">
    <OldTextValue>HILiL-ln Nevada City, September 1,</OldTextValue>
    <NewTextValue>HILL-ln Nevada City, September 1,</NewTextValue>
  </TextCorrectedLine>
  <TextCorrectedLine lineID="P2_TL01018">
    <OldTextValue>1900, to the wife ot J. Hill, a</OldTextValue>
    <NewTextValue>1906, to the wife ot J. Hill, a</NewTextValue>
  </TextCorrectedLine>
  <TextCorrectedLine lineID="P2_TL01021">
    <OldTextValue>ber 4, 1006, to the wife of L. Rotto,</OldTextValue>
    <NewTextValue>ber 4, 1906, to the wife of L. Rotto,</NewTextValue>
  </TextCorrectedLine>
</TextCorrectedBlock>
<TextCorrectedBlock pageOID="AL19060907.1.2" blockID="P2_CB00026" userID="[redacted]">
  <TextCorrectedLine lineID="P2_TL01018">
    <OldTextValue>1906, to the wife ot J. Hill, a</OldTextValue>
    <NewTextValue>1906, to the wife of J. Hill, a</NewTextValue>
  </TextCorrectedLine>
</TextCorrectedBlock>
<TextCorrectedBlock pageOID="AL19060907.1.2" blockID="P2_CB00005" userID="[redacted]">
  <TextCorrectedLine lineID="P2_TL00777">
    <OldTextValue>GAKBARINI— In Jackson, September</OldTextValue>
    <NewTextValue>GARBARINI— In Jackson, September</NewTextValue>
  </TextCorrectedLine>
  <TextCorrectedLine lineID="P2_TL00778">
    <OldTextValue>4, 1906, Mrs B. M. Uarbarini, a</OldTextValue>
    <NewTextValue>4, 1906, Mrs B. M. Garbarini, a</NewTextValue>
  </TextCorrectedLine>
  <TextCorrectedLine lineID="P2_TL00779">
    <OldTextValue>native of Italy, aged 69 yeara 11</OldTextValue>
    <NewTextValue>native of Italy, aged 69 years 11</NewTextValue>
  </TextCorrectedLine>
  <TextCorrectedLine lineID="P2_TL00781">
    <OldTextValue>KAY— Li Jackson, September (i, 190G,</OldTextValue>
    <NewTextValue>KAY— In Jackson, September 6, 1906,</NewTextValue>
  </TextCorrectedLine>
</TextCorrectedBlock>
<TextCorrectedBlock pageOID="AL19060907.1.2" blockID="P2_TB00043" userID="[redacted]">
  <TextCorrectedLine lineID="P2_TL00186">
    <OldTextValue>DRYTQWN.</OldTextValue>
    <NewTextValue>DRYTOWN.</NewTextValue>
  </TextCorrectedLine>
</TextCorrectedBlock>
