<TextCorrectedBlock pageOID="AL19110707.1.1" blockID="P1_TB00058" userID="[redacted]">
  <TextCorrectedLine lineID="P1_TL00548">
    <OldTextValue>Early Thursday morning it was diß-</OldTextValue>
    <NewTextValue>Early Thursday morning it was dis-</NewTextValue>
  </TextCorrectedLine>
  <TextCorrectedLine lineID="P1_TL00563">
    <OldTextValue>worn. The first skip load of miners—</OldTextValue>
    <NewTextValue>work. The first skip load of miners—</NewTextValue>
  </TextCorrectedLine>
</TextCorrectedBlock>
<TextCorrectedBlock pageOID="AL19110707.1.1" blockID="P1_TB00004" userID="[redacted]">
  <TextCorrectedLine lineID="P1_TL00026">
    <OldTextValue>allow Judge Wood time to ■ make</OldTextValue>
    <NewTextValue>allow Judge Wood time to  make</NewTextValue>
  </TextCorrectedLine>
  <TextCorrectedLine lineID="P1_TL00028">
    <OldTextValue>he has been culled to preside over the</OldTextValue>
    <NewTextValue>he has been called to preside over the</NewTextValue>
  </TextCorrectedLine>
  <TextCorrectedLine lineID="P1_TL00033">
    <OldTextValue>pects to be away until the 19th of. this</OldTextValue>
    <NewTextValue>pects to be away until the 19th of this</NewTextValue>
  </TextCorrectedLine>
</TextCorrectedBlock>
<TextCorrectedBlock pageOID="AL19110707.1.1" blockID="P1_TB00050" userID="[redacted]">
  <TextCorrectedLine lineID="P1_TL00443">
    <OldTextValue>a' minute the roar of several large</OldTextValue>
    <NewTextValue>a minute the roar of several large</NewTextValue>
  </TextCorrectedLine>
</TextCorrectedBlock>
<TextCorrectedBlock pageOID="AL19110707.1.1" blockID="P1_TB00026" userID="[redacted]">
  <TextCorrectedLine lineID="P1_TL00254">
    <OldTextValue>silver coin . without choking. Time</OldTextValue>
    <NewTextValue>silver coin without choking. Time</NewTextValue>
  </TextCorrectedLine>
  <TextCorrectedLine lineID="P1_TL00256">
    <OldTextValue>time getting their' cramums a little</OldTextValue>
    <NewTextValue>time getting their craniums a little</NewTextValue>
  </TextCorrectedLine>
</TextCorrectedBlock>
<TextCorrectedBlock pageOID="AL19110707.1.1" blockID="P1_TB00009" userID="[redacted]">
  <TextCorrectedLine lineID="P1_TL00062">
    <OldTextValue>shake manufacturer. «&gt;'" near Cook's</OldTextValue>
    <NewTextValue>shake manufacturer of near Cook's</NewTextValue>
  </TextCorrectedLine>
  <TextCorrectedLine lineID="P1_TL00066">
    <OldTextValue>attempting to cross the {Josumnea</OldTextValue>
    <NewTextValue>attempting to cross the Cosumnes</NewTextValue>
  </TextCorrectedLine>
  <TextCorrectedLine lineID="P1_TL00067">
    <OldTextValue>river. In compay wRh the forest ran-</OldTextValue>
    <NewTextValue>river. In compay with the forest ran-</NewTextValue>
  </TextCorrectedLine>
  <TextCorrectedLine lineID="P1_TL00093">
    <OldTextValue>rolled over on Brad ley's side, he would</OldTextValue>
    <NewTextValue>rolled over on Bradley's side, he would</NewTextValue>
  </TextCorrectedLine>
  <TextCorrectedLine lineID="P1_TL00097">
    <OldTextValue>up to their middle and.. frequently</OldTextValue>
    <NewTextValue>up to their middle and frequently</NewTextValue>
  </TextCorrectedLine>
  <TextCorrectedLine lineID="P1_TL00106">
    <OldTextValue>river," the man on shore could haul</OldTextValue>
    <NewTextValue>river, the man on shore could haul</NewTextValue>
  </TextCorrectedLine>
  <TextCorrectedLine lineID="P1_TL00122">
    <OldTextValue>and ankle in his leg, and the leg 13</OldTextValue>
    <NewTextValue>and ankle in his leg, and the leg is</NewTextValue>
  </TextCorrectedLine>
</TextCorrectedBlock>
<TextCorrectedBlock pageOID="AL19110707.1.2" blockID="P2_TB00006" userID="[redacted]">
  <TextCorrectedLine lineID="P2_TL00072">
    <OldTextValue>; reciprocity with Canada has been fostered by the big news-</OldTextValue>
    <NewTextValue>reciprocity with Canada has been fostered by the big news-</NewTextValue>
  </TextCorrectedLine>
  <TextCorrectedLine lineID="P2_TL00079">
    <OldTextValue>supply of this kind of wood is nearing exhaustion .^except at</OldTextValue>
    <NewTextValue>supply of this kind of wood is nearing exhaustion, except at</NewTextValue>
  </TextCorrectedLine>
</TextCorrectedBlock>
