<TextCorrectedBlock pageOID="AL19000209.1.2" blockID="P2_CB00001" userID="[redacted]">
  <TextCorrectedLine lineID="P2_TL00535">
    <OldTextValue>-^Jj;. " . LIVE BUSINESS HOUSES.</OldTextValue>
    <NewTextValue>LIVE BUSINESS HOUSES.</NewTextValue>
  </TextCorrectedLine>
  <TextCorrectedLine lineID="P2_TL00536">
    <OldTextValue>t"""""&lt; — — - — _ — :: — _ —^^</OldTextValue>
    <NewTextValue></NewTextValue>
  </TextCorrectedLine>
</TextCorrectedBlock>
<TextCorrectedBlock pageOID="AL19000209.1.1" blockID="P1_TB00041" userID="[redacted]">
  <TextCorrectedLine lineID="P1_TL00395">
    <OldTextValue>■ Ex-Sheriff Cunningham, who, the</OldTextValue>
    <NewTextValue>Ex-Sheriff Cunningham, who, the</NewTextValue>
  </TextCorrectedLine>
  <TextCorrectedLine lineID="P1_TL00399">
    <OldTextValue>quin Murietta, the jj famous bandit, re-</OldTextValue>
    <NewTextValue>quin Murietta, the famous bandit, re-</NewTextValue>
  </TextCorrectedLine>
  <TextCorrectedLine lineID="P1_TL00401">
    <OldTextValue>well.; :■ £ ; t</OldTextValue>
    <NewTextValue>well.</NewTextValue>
  </TextCorrectedLine>
</TextCorrectedBlock>
<TextCorrectedBlock pageOID="AL19000209.1.1" blockID="P1_TB00040" userID="[redacted]">
  <TextCorrectedLine lineID="P1_TL00384">
    <OldTextValue>He was over six feet in height,' pow-</OldTextValue>
    <NewTextValue>He was over six feet in height, pow-</NewTextValue>
  </TextCorrectedLine>
  <TextCorrectedLine lineID="P1_TL00394">
    <OldTextValue>of his time in San Jose. -</OldTextValue>
    <NewTextValue>of his time in San Jose.</NewTextValue>
  </TextCorrectedLine>
</TextCorrectedBlock>
<TextCorrectedBlock pageOID="AL19000209.1.1" blockID="P1_TB00039" userID="[redacted]">
  <TextCorrectedLine lineID="P1_TL00370">
    <OldTextValue>lawsuits, separation, rcconcilliation</OldTextValue>
    <NewTextValue>lawsuits, separation, reconcilliation</NewTextValue>
  </TextCorrectedLine>
  <TextCorrectedLine lineID="P1_TL00373">
    <OldTextValue>Chris Ericson and died from" the</OldTextValue>
    <NewTextValue>Chris Ericson and died from the</NewTextValue>
  </TextCorrectedLine>
</TextCorrectedBlock>
<TextCorrectedBlock pageOID="AL19000209.1.1" blockID="P1_TB00016" userID="[redacted]">
  <TextCorrectedLine lineID="P1_TL00093">
    <OldTextValue>1620, landing on Plymouth Hock. *</OldTextValue>
    <NewTextValue>1620, landing on Plymouth Rock.</NewTextValue>
  </TextCorrectedLine>
  <TextCorrectedLine lineID="P1_TL00094">
    <OldTextValue>1621, first Thanksgiving Day; "no</OldTextValue>
    <NewTextValue>1621, first Thanksgiving Day; no turkey.</NewTextValue>
  </TextCorrectedLine>
  <TextCorrectedLine lineID="P1_TL00100">
    <OldTextValue>1702, Yale College founded in New'</OldTextValue>
    <NewTextValue>1702, Yale College founded in New</NewTextValue>
  </TextCorrectedLine>
  <TextCorrectedLine lineID="P1_TL00101">
    <OldTextValue>Haven.-</OldTextValue>
    <NewTextValue>Haven.</NewTextValue>
  </TextCorrectedLine>
  <TextCorrectedLine lineID="P1_TL00103">
    <OldTextValue>ton. r</OldTextValue>
    <NewTextValue>ton.</NewTextValue>
  </TextCorrectedLine>
  <TextCorrectedLine lineID="P1_TL00107">
    <OldTextValue>J _ . ...</OldTextValue>
    <NewTextValue></NewTextValue>
  </TextCorrectedLine>
</TextCorrectedBlock>
<TextCorrectedBlock pageOID="AL19000209.1.1" blockID="P1_CB00001" userID="[redacted]">
  <TextCorrectedLine lineID="P1_TL00790">
    <OldTextValue>••••••••••</OldTextValue>
    <NewTextValue></NewTextValue>
  </TextCorrectedLine>
  <TextCorrectedLine lineID="P1_TL00791">
    <OldTextValue>• ■ ;■•</OldTextValue>
    <NewTextValue></NewTextValue>
  </TextCorrectedLine>
  <TextCorrectedLine lineID="P1_TL00792">
    <OldTextValue>: W :</OldTextValue>
    <NewTextValue></NewTextValue>
  </TextCorrectedLine>
  <TextCorrectedLine lineID="P1_TL00793">
    <OldTextValue>••••••••• •••••••••</OldTextValue>
    <NewTextValue></NewTextValue>
  </TextCorrectedLine>
  <TextCorrectedLine lineID="P1_TL00794">
    <OldTextValue>I lill!</OldTextValue>
    <NewTextValue>THE COFFEE HOUSE</NewTextValue>
  </TextCorrectedLine>
  <TextCorrectedLine lineID="P1_TL00795">
    <OldTextValue>• ■■ - •</OldTextValue>
    <NewTextValue></NewTextValue>
  </TextCorrectedLine>
  <TextCorrectedLine lineID="P1_TL00796">
    <OldTextValue>•••••••••••••••••••••••••a</OldTextValue>
    <NewTextValue></NewTextValue>
  </TextCorrectedLine>
  <TextCorrectedLine lineID="P1_TL00797">
    <OldTextValue>'| ' n§ ■</OldTextValue>
    <NewTextValue></NewTextValue>
  </TextCorrectedLine>
  <TextCorrectedLine lineID="P1_TL00800">
    <OldTextValue>"-■ ■■ • • '</OldTextValue>
    <NewTextValue></NewTextValue>
  </TextCorrectedLine>
  <TextCorrectedLine lineID="P1_TL00801">
    <OldTextValue>Everything New, Neat and</OldTextValue>
    <NewTextValue>Everything New, Neat and Clean</NewTextValue>
  </TextCorrectedLine>
  <TextCorrectedLine lineID="P1_TL00803">
    <OldTextValue>. " THfcBEST ' ' '</OldTextValue>
    <NewTextValue>THE BEST</NewTextValue>
  </TextCorrectedLine>
  <TextCorrectedLine lineID="P1_TL00804">
    <OldTextValue>• .-: &gt;;. •=- . THE MARKET</OldTextValue>
    <NewTextValue>THE MARKET</NewTextValue>
  </TextCorrectedLine>
  <TextCorrectedLine lineID="P1_TL00807">
    <OldTextValue>• ON HAND • * . . *</OldTextValue>
    <NewTextValue>ON HAND</NewTextValue>
  </TextCorrectedLine>
  <TextCorrectedLine lineID="P1_TL00811">
    <OldTextValue>;^-. 1 -;'i.' ; *:'-" :^ HAMBRIC &amp; CARLEY. 1</OldTextValue>
    <NewTextValue>HAMBRIC &amp; CARLEY.</NewTextValue>
  </TextCorrectedLine>
  <TextCorrectedLine lineID="P1_TL00812">
    <OldTextValue>k.'A. MAILS</OldTextValue>
    <NewTextValue>M. A.  MAILS</NewTextValue>
  </TextCorrectedLine>
  <TextCorrectedLine lineID="P1_TL00818">
    <OldTextValue>Furnishing -:- Goods</OldTextValue>
    <NewTextValue>Furnishing   Goods</NewTextValue>
  </TextCorrectedLine>
  <TextCorrectedLine lineID="P1_TL00820">
    <OldTextValue>For Ladies!</OldTextValue>
    <NewTextValue>For Ladies</NewTextValue>
  </TextCorrectedLine>
</TextCorrectedBlock>
<TextCorrectedBlock pageOID="AL19000209.1.1" blockID="P1_CB00002" userID="[redacted]">
  <TextCorrectedLine lineID="P1_TL00919">
    <OldTextValue>"Cl A. FREEMAN</OldTextValue>
    <NewTextValue>E. A. FREEMAN</NewTextValue>
  </TextCorrectedLine>
  <TextCorrectedLine lineID="P1_TL00921">
    <OldTextValue>Court streets. :-.&gt;.</OldTextValue>
    <NewTextValue>Court streets.</NewTextValue>
  </TextCorrectedLine>
  <TextCorrectedLine lineID="P1_TL00922">
    <OldTextValue>TV B. SPAtJNOUI</OldTextValue>
    <NewTextValue>D. B. SPAGNOLI</NewTextValue>
  </TextCorrectedLine>
  <TextCorrectedLine lineID="P1_TL00923">
    <OldTextValue>jPjgaK Attorney and Counselor at Ij»w</OldTextValue>
    <NewTextValue>Attorney and Counselor at Law</NewTextValue>
  </TextCorrectedLine>
  <TextCorrectedLine lineID="P1_TL00924">
    <OldTextValue>' . ■- ■ . «■■•■..-</OldTextValue>
    <NewTextValue></NewTextValue>
  </TextCorrectedLine>
  <TextCorrectedLine lineID="P1_TL00925">
    <OldTextValue>.' Jackson. Cal.</OldTextValue>
    <NewTextValue>Jackson. Cal.</NewTextValue>
  </TextCorrectedLine>
  <TextCorrectedLine lineID="P1_TL00929">
    <OldTextValue>A CAMINETTI</OldTextValue>
    <NewTextValue>A. CAMINETTI</NewTextValue>
  </TextCorrectedLine>
  <TextCorrectedLine lineID="P1_TL00933">
    <OldTextValue>TJOBEKT C. BOLE</OldTextValue>
    <NewTextValue>ROBERT C. BOLE</NewTextValue>
  </TextCorrectedLine>
  <TextCorrectedLine lineID="P1_TL00935">
    <OldTextValue>• Jackson, Cal.</OldTextValue>
    <NewTextValue>Jackson, Cal.</NewTextValue>
  </TextCorrectedLine>
  <TextCorrectedLine lineID="P1_TL00937">
    <OldTextValue>' ■ ! " "</OldTextValue>
    <NewTextValue></NewTextValue>
  </TextCorrectedLine>
</TextCorrectedBlock>
<TextCorrectedBlock pageOID="AL19000209.1.1" blockID="P1_CB00002" userID="[redacted]">
  <TextCorrectedLine lineID="P1_TL00928">
    <OldTextValue>Records. .</OldTextValue>
    <NewTextValue>Records.</NewTextValue>
  </TextCorrectedLine>
</TextCorrectedBlock>
<TextCorrectedBlock pageOID="AL19000209.1.1" blockID="P1_TB00073" userID="[redacted]">
  <TextCorrectedLine lineID="P1_TL00674">
    <OldTextValue>Harry Harchand Under Treatment.</OldTextValue>
    <NewTextValue>Harry Marchand Under Treatment.</NewTextValue>
  </TextCorrectedLine>
</TextCorrectedBlock>
<TextCorrectedBlock pageOID="AL19000209.1.1" blockID="P1_TB00083" userID="[redacted]">
  <TextCorrectedLine lineID="P1_TL00719">
    <OldTextValue>dress pretty high In the neck?</OldTextValue>
    <NewTextValue>dress pretty high in the neck?</NewTextValue>
  </TextCorrectedLine>
</TextCorrectedBlock>
<TextCorrectedBlock pageOID="AL19000209.1.1" blockID="P1_TB00086" userID="[redacted]">
  <TextCorrectedLine lineID="P1_TL00726">
    <OldTextValue>Maude,— "Ob, yes; several times."</OldTextValue>
    <NewTextValue>Maude,— "Oh, yes; several times."</NewTextValue>
  </TextCorrectedLine>
</TextCorrectedBlock>
