<TextCorrectedBlock pageOID="AL19081106.1.3" blockID="P3_TB00020" userID="[redacted]">
  <TextCorrectedLine lineID="P3_TL00244">
    <OldTextValue>Cornea Fear, but That Soon Paste*</OldTextValue>
    <NewTextValue>Comes Fear, but That Soon Passes</NewTextValue>
  </TextCorrectedLine>
</TextCorrectedBlock>
<TextCorrectedBlock pageOID="AL19081106.1.1" blockID="P1_CB00002" userID="[redacted]">
  <TextCorrectedLine lineID="P1_TL00526">
    <OldTextValue>VyM. &lt;». »NYI)KU.</OldTextValue>
    <NewTextValue>WM. G. SNYDER</NewTextValue>
  </TextCorrectedLine>
  <TextCorrectedLine lineID="P1_TL00527">
    <OldTextValue>Attornrjr^it-l.ntT,</OldTextValue>
    <NewTextValue>Attorney-at-Law,</NewTextValue>
  </TextCorrectedLine>
  <TextCorrectedLine lineID="P1_TL00528">
    <OldTextValue>JACKBO.V, CAL.</OldTextValue>
    <NewTextValue>JACKSON, CAL.</NewTextValue>
  </TextCorrectedLine>
  <TextCorrectedLine lineID="P1_TL00529">
    <OldTextValue>Ofllce In Murnlla Iluildlng, Court streot.</OldTextValue>
    <NewTextValue>Office in Marelia Building, Court street.</NewTextValue>
  </TextCorrectedLine>
  <TextCorrectedLine lineID="P1_TL00532">
    <OldTextValue>■J7I K. KNDICOTT, At, D.</OldTextValue>
    <NewTextValue>E. E. ENDICOTT,  M. D.</NewTextValue>
  </TextCorrectedLine>
  <TextCorrectedLine lineID="P1_TL00533">
    <OldTextValue>I'liyitlrlnn nn&lt;l Nurgeon</OldTextValue>
    <NewTextValue>Physician and SUrgeon</NewTextValue>
  </TextCorrectedLine>
  <TextCorrectedLine lineID="P1_TL00534">
    <OldTextValue>Jackson, Cat,.</OldTextValue>
    <NewTextValue>Jackson, Cal,.</NewTextValue>
  </TextCorrectedLine>
  <TextCorrectedLine lineID="P1_TL00535">
    <OldTextValue>nmoe: Webb building. All calls promptly</OldTextValue>
    <NewTextValue>office:   Webb building. All calls promptly</NewTextValue>
  </TextCorrectedLine>
</TextCorrectedBlock>
