<TextCorrectedBlock pageOID="AL19021010.1.3" blockID="P3_TB00013" userID="[redacted]">
  <TextCorrectedLine lineID="P3_TL00068">
    <OldTextValue>amounting to $60. Constable ■ Kay</OldTextValue>
    <NewTextValue>amounting to $60. Constable Kay</NewTextValue>
  </TextCorrectedLine>
  <TextCorrectedLine lineID="P3_TL00073">
    <OldTextValue>district attorney having . ordered the</OldTextValue>
    <NewTextValue>district attorney having ordered the</NewTextValue>
  </TextCorrectedLine>
</TextCorrectedBlock>
<TextCorrectedBlock pageOID="AL19021010.1.2" blockID="P2_CB00007" userID="[redacted]">
  <TextCorrectedLine lineID="P2_TL00992">
    <OldTextValue>Governor,, and - - - -</OldTextValue>
    <NewTextValue>Governor, and - - - -</NewTextValue>
  </TextCorrectedLine>
  <TextCorrectedLine lineID="P2_TL01000">
    <OldTextValue>Committee.- &lt;.;..,•</OldTextValue>
    <NewTextValue>Committee.</NewTextValue>
  </TextCorrectedLine>
</TextCorrectedBlock>
<TextCorrectedBlock pageOID="AL19021010.1.3" blockID="P3_TB00051" userID="[redacted]">
  <TextCorrectedLine lineID="P3_TL00523">
    <OldTextValue>f Pants bargains at Redlick's.</OldTextValue>
    <NewTextValue>Pants bargains at Redlick's.</NewTextValue>
  </TextCorrectedLine>
  <TextCorrectedLine lineID="P3_TL00526">
    <OldTextValue>Red Front. • : •</OldTextValue>
    <NewTextValue>Red Front.</NewTextValue>
  </TextCorrectedLine>
</TextCorrectedBlock>
<TextCorrectedBlock pageOID="AL19021010.1.2" blockID="P2_CB00008" userID="[redacted]">
  <TextCorrectedLine lineID="P2_TL01059">
    <OldTextValue>Judge of Superior C0urt ..... .F. D. STEWART</OldTextValue>
    <NewTextValue>Judge of Superior Court ..... .F. D. STEWART</NewTextValue>
  </TextCorrectedLine>
  <TextCorrectedLine lineID="P2_TL01060">
    <OldTextValue>State Senator * : W. C." RALSTON</OldTextValue>
    <NewTextValue>State Senator .......  W. C. RALSTON</NewTextValue>
  </TextCorrectedLine>
  <TextCorrectedLine lineID="P2_TL01061">
    <OldTextValue>Assemblyman. ." .-.;. . .C. H. McKENNEY</OldTextValue>
    <NewTextValue>Assemblyman ........ C. H. McKENNEY</NewTextValue>
  </TextCorrectedLine>
  <TextCorrectedLine lineID="P2_TL01062">
    <OldTextValue>Sheriff and Tax Collector T. K. NORMAN</OldTextValue>
    <NewTextValue>Sheriff and Tax Collector ...... T. K. NORMAN</NewTextValue>
  </TextCorrectedLine>
  <TextCorrectedLine lineID="P2_TL01063">
    <OldTextValue>County Clerk ..JOHNF. CLUTE</OldTextValue>
    <NewTextValue>County Clerk ...... JOHN F. CLUTE</NewTextValue>
  </TextCorrectedLine>
  <TextCorrectedLine lineID="P2_TL01064">
    <OldTextValue>District Attorney J. W. CALDWELL</OldTextValue>
    <NewTextValue>District Attorney ........ J. W. CALDWELL</NewTextValue>
  </TextCorrectedLine>
  <TextCorrectedLine lineID="P2_TL01065">
    <OldTextValue>Treasurer S. G. SPAGNOLI</OldTextValue>
    <NewTextValue>Treasurer ..... S. G. SPAGNOLI</NewTextValue>
  </TextCorrectedLine>
  <TextCorrectedLine lineID="P2_TL01066">
    <OldTextValue>Assessor J. MARCHANT</OldTextValue>
    <NewTextValue>Assessor ..... J. MARCHANT</NewTextValue>
  </TextCorrectedLine>
  <TextCorrectedLine lineID="P2_TL01067">
    <OldTextValue>Superintendent of 5ch0015 ...... GEO. F. M ACK</OldTextValue>
    <NewTextValue>Superintendent of Schools .......... GEO. F. MACK</NewTextValue>
  </TextCorrectedLine>
</TextCorrectedBlock>
<TextCorrectedBlock pageOID="AL19021010.1.2" blockID="P2_TB00004" userID="[redacted]">
  <TextCorrectedLine lineID="P2_TL00020">
    <OldTextValue>bouse; judges, M Hartigan, C Cramer;</OldTextValue>
    <NewTextValue>house; judges, M Hartigan, C Cramer;</NewTextValue>
  </TextCorrectedLine>
  <TextCorrectedLine lineID="P2_TL00024">
    <OldTextValue>Meiss. • -.*.</OldTextValue>
    <NewTextValue>Meiss.</NewTextValue>
  </TextCorrectedLine>
  <TextCorrectedLine lineID="P2_TL00029">
    <OldTextValue>jr; ballot clerks, E Dennison, S X</OldTextValue>
    <NewTextValue>jr; ballot clerks, E Dennison, S K</NewTextValue>
  </TextCorrectedLine>
</TextCorrectedBlock>
<TextCorrectedBlock pageOID="AL19021010.1.2" blockID="P2_TB00011" userID="[redacted]">
  <TextCorrectedLine lineID="P2_TL00078">
    <OldTextValue>- Amador City, Oct. 7.— Josie Isa-</OldTextValue>
    <NewTextValue>Amador City, Oct. 7.— Josie Isa-</NewTextValue>
  </TextCorrectedLine>
  <TextCorrectedLine lineID="P2_TL00085">
    <OldTextValue>mothrr until thoir house is completed</OldTextValue>
    <NewTextValue>mother until their house is completed</NewTextValue>
  </TextCorrectedLine>
  <TextCorrectedLine lineID="P2_TL00086">
    <OldTextValue>in Jaclison.'</OldTextValue>
    <NewTextValue>in Jackson.</NewTextValue>
  </TextCorrectedLine>
</TextCorrectedBlock>
<TextCorrectedBlock pageOID="AL19021010.1.2" blockID="P2_TB00051" userID="[redacted]">
  <TextCorrectedLine lineID="P2_TL00556">
    <OldTextValue>No. 4. - ■ • i.</OldTextValue>
    <NewTextValue>No. 4.</NewTextValue>
  </TextCorrectedLine>
  <TextCorrectedLine lineID="P2_TL00558">
    <OldTextValue>No. 18. . _ i ■-</OldTextValue>
    <NewTextValue>No. 18.</NewTextValue>
  </TextCorrectedLine>
  <TextCorrectedLine lineID="P2_TL00560">
    <OldTextValue>No. 3. c^ :-:;■</OldTextValue>
    <NewTextValue>No. 3.</NewTextValue>
  </TextCorrectedLine>
  <TextCorrectedLine lineID="P2_TL00562">
    <OldTextValue>No. 6. - .</OldTextValue>
    <NewTextValue>No. 6.</NewTextValue>
  </TextCorrectedLine>
  <TextCorrectedLine lineID="P2_TL00566">
    <OldTextValue>No. 20. '</OldTextValue>
    <NewTextValue>No. 20.</NewTextValue>
  </TextCorrectedLine>
  <TextCorrectedLine lineID="P2_TL00567">
    <OldTextValue>Senate ■ Constitutional Amendment</OldTextValue>
    <NewTextValue>Senate  Constitutional Amendment</NewTextValue>
  </TextCorrectedLine>
  <TextCorrectedLine lineID="P2_TL00570">
    <OldTextValue>No. 25. ■-.-■ i-2 •..„•• ■-.• .. .</OldTextValue>
    <NewTextValue>No. 25.</NewTextValue>
  </TextCorrectedLine>
  <TextCorrectedLine lineID="P2_TL00579">
    <OldTextValue>wit: . •</OldTextValue>
    <NewTextValue>wit:</NewTextValue>
  </TextCorrectedLine>
  <TextCorrectedLine lineID="P2_TL00580">
    <OldTextValue>TOWNSHIP ONE.-. . •</OldTextValue>
    <NewTextValue>TOWNSHIP ONE.</NewTextValue>
  </TextCorrectedLine>
  <TextCorrectedLine lineID="P2_TL00598">
    <OldTextValue>witt; Dan J Murphy. ' : "</OldTextValue>
    <NewTextValue>witt; Dan J Murphy.</NewTextValue>
  </TextCorrectedLine>
</TextCorrectedBlock>
<TextCorrectedBlock pageOID="AL19021010.1.2" blockID="P2_TB00038" userID="[redacted]">
  <TextCorrectedLine lineID="P2_TL00431">
    <OldTextValue>i November, A. D 1902, at which elec-</OldTextValue>
    <NewTextValue>November, A. D 1902, at which elec-</NewTextValue>
  </TextCorrectedLine>
  <TextCorrectedLine lineID="P2_TL00439">
    <OldTextValue>from each Congressional District \a</OldTextValue>
    <NewTextValue>from each Congressional District in</NewTextValue>
  </TextCorrectedLine>
  <TextCorrectedLine lineID="P2_TL00441">
    <OldTextValue>Also, tbe following State officers,</OldTextValue>
    <NewTextValue>Also, the following State officers,</NewTextValue>
  </TextCorrectedLine>
  <TextCorrectedLine lineID="P2_TL00443">
    <OldTextValue>■ Governor. 1 ' , ;</OldTextValue>
    <NewTextValue>Governor.</NewTextValue>
  </TextCorrectedLine>
  <TextCorrectedLine lineID="P2_TL00447">
    <OldTextValue>Treasurer. »</OldTextValue>
    <NewTextValue>Treasurer.</NewTextValue>
  </TextCorrectedLine>
  <TextCorrectedLine lineID="P2_TL00451">
    <OldTextValue>M Superintendent of Public Instruction.</OldTextValue>
    <NewTextValue>Superintendent of Public Instruction.</NewTextValue>
  </TextCorrectedLine>
  <TextCorrectedLine lineID="P2_TL00452">
    <OldTextValue>~ Superintendent of Stato Printing.</OldTextValue>
    <NewTextValue>Superintendent of Stato Printing.</NewTextValue>
  </TextCorrectedLine>
  <TextCorrectedLine lineID="P2_TL00454">
    <OldTextValue>Court of the State of California. . -</OldTextValue>
    <NewTextValue>Court of the State of California.</NewTextValue>
  </TextCorrectedLine>
</TextCorrectedBlock>
