<TextCorrectedBlock pageOID="AL19110217.1.6" blockID="P6_TB00058" userID="[redacted]">
  <TextCorrectedLine lineID="P6_TL00410">
    <OldTextValue>B*nsibl* Man.</OldTextValue>
    <NewTextValue>Sensible Man.</NewTextValue>
  </TextCorrectedLine>
</TextCorrectedBlock>
<TextCorrectedBlock pageOID="AL19110217.1.6" blockID="P6_TB00059" userID="[redacted]">
  <TextCorrectedLine lineID="P6_TL00413">
    <OldTextValue>My tbat I do, but I've found out It*</OldTextValue>
    <NewTextValue>say that I do, but I've found out it's</NewTextValue>
  </TextCorrectedLine>
</TextCorrectedBlock>
<TextCorrectedBlock pageOID="AL19110217.1.6" blockID="P6_TB00063" userID="[redacted]">
  <TextCorrectedLine lineID="P6_TL00422">
    <OldTextValue>There are iome who bear a grudge</OldTextValue>
    <NewTextValue>There are some who bear a grudge</NewTextValue>
  </TextCorrectedLine>
  <TextCorrectedLine lineID="P6_TL00423">
    <OldTextValue>•rea to tbow tbat da them good.— l'll*</OldTextValue>
    <NewTextValue>even to those that do them good.— Pil-</NewTextValue>
  </TextCorrectedLine>
</TextCorrectedBlock>
<TextCorrectedBlock pageOID="AL19110217.1.2" blockID="P2_TB00020" userID="[redacted]">
  <TextCorrectedLine lineID="P2_TL00285">
    <OldTextValue>; On looking over the Bulletin of</OldTextValue>
    <NewTextValue>On looking over the Bulletin of</NewTextValue>
  </TextCorrectedLine>
  <TextCorrectedLine lineID="P2_TL00286">
    <OldTextValue>J January 29, I noted the announcement</OldTextValue>
    <NewTextValue>January 29, I noted the announcement</NewTextValue>
  </TextCorrectedLine>
  <TextCorrectedLine lineID="P2_TL00287">
    <OldTextValue>o of the death of Lizzie E. Pratt, wife</OldTextValue>
    <NewTextValue>of the death of Lizzie E. Pratt, wife</NewTextValue>
  </TextCorrectedLine>
  <TextCorrectedLine lineID="P2_TL00288">
    <OldTextValue>o of the late Orville C. Pratt, (Judge</OldTextValue>
    <NewTextValue>of the late Orville C. Pratt, (Judge</NewTextValue>
  </TextCorrectedLine>
  <TextCorrectedLine lineID="P2_TL00290">
    <OldTextValue>c cident of 1863, when Judge Pratt was</OldTextValue>
    <NewTextValue>cident of 1863, when Judge Pratt was</NewTextValue>
  </TextCorrectedLine>
  <TextCorrectedLine lineID="P2_TL00291">
    <OldTextValue>c called here to preside for the district</OldTextValue>
    <NewTextValue>called here to preside for the district</NewTextValue>
  </TextCorrectedLine>
  <TextCorrectedLine lineID="P2_TL00292">
    <OldTextValue>j judge of this judicial district. For</OldTextValue>
    <NewTextValue>judge of this judicial district. For</NewTextValue>
  </TextCorrectedLine>
  <TextCorrectedLine lineID="P2_TL00293">
    <OldTextValue>s some reason, the judge of the eleventh</OldTextValue>
    <NewTextValue>some reason, the judge of the eleventh</NewTextValue>
  </TextCorrectedLine>
  <TextCorrectedLine lineID="P2_TL00294">
    <OldTextValue>j judicial district as this was called, was</OldTextValue>
    <NewTextValue>judicial district as this was called, was</NewTextValue>
  </TextCorrectedLine>
  <TextCorrectedLine lineID="P2_TL00295">
    <OldTextValue>d disqualified to try the case of E. M.</OldTextValue>
    <NewTextValue>disqualified to try the case of E. M.</NewTextValue>
  </TextCorrectedLine>
  <TextCorrectedLine lineID="P2_TL00296">
    <OldTextValue>H Hadsell, who had killed his father-in-</OldTextValue>
    <NewTextValue>Hadsell, who had killed his father-in-</NewTextValue>
  </TextCorrectedLine>
  <TextCorrectedLine lineID="P2_TL00297">
    <OldTextValue>l law, C. W. Hinkson of Drytown, and</OldTextValue>
    <NewTextValue>law, C. W. Hinkson of Drytown, and</NewTextValue>
  </TextCorrectedLine>
  <TextCorrectedLine lineID="P2_TL00298">
    <OldTextValue>t the father of ex-superior judge, A. C.</OldTextValue>
    <NewTextValue>the father of ex-superior judge, A. C.</NewTextValue>
  </TextCorrectedLine>
  <TextCorrectedLine lineID="P2_TL00299">
    <OldTextValue>H Hinkson, now of Sacramento. I at-</OldTextValue>
    <NewTextValue>Hinkson, now of Sacramento. I at-</NewTextValue>
  </TextCorrectedLine>
  <TextCorrectedLine lineID="P2_TL00300">
    <OldTextValue>ttended the trial, being a lifelong friend</OldTextValue>
    <NewTextValue>tended the trial, being a lifelong friend</NewTextValue>
  </TextCorrectedLine>
  <TextCorrectedLine lineID="P2_TL00301">
    <OldTextValue>o of the Hinksons. James T. Farley</OldTextValue>
    <NewTextValue>of the Hinksons. James T. Farley</NewTextValue>
  </TextCorrectedLine>
  <TextCorrectedLine lineID="P2_TL00302">
    <OldTextValue>v volunteered to prosecute the case, al-</OldTextValue>
    <NewTextValue>volunteered to prosecute the case, al-</NewTextValue>
  </TextCorrectedLine>
  <TextCorrectedLine lineID="P2_TL00303">
    <OldTextValue>tthough Hadsell's relatives offered him</OldTextValue>
    <NewTextValue>though Hadsell's relatives offered him</NewTextValue>
  </TextCorrectedLine>
  <TextCorrectedLine lineID="P2_TL00304">
    <OldTextValue>a a large sum to defend. Hinkson, up</OldTextValue>
    <NewTextValue>a large sum to defend. Hinkson, up</NewTextValue>
  </TextCorrectedLine>
  <TextCorrectedLine lineID="P2_TL00305">
    <OldTextValue>t to the time of his death was the jus-</OldTextValue>
    <NewTextValue>to the time of his death was the jus-</NewTextValue>
  </TextCorrectedLine>
  <TextCorrectedLine lineID="P2_TL00306">
    <OldTextValue>ttice of the peace at Drytown and he</OldTextValue>
    <NewTextValue>tice of the peace at Drytown and he</NewTextValue>
  </TextCorrectedLine>
  <TextCorrectedLine lineID="P2_TL00307">
    <OldTextValue>a and. Farley were warm personal friends</OldTextValue>
    <NewTextValue>and. Farley were warm personal friends</NewTextValue>
  </TextCorrectedLine>
  <TextCorrectedLine lineID="P2_TL00308">
    <OldTextValue>h hence the favor. Pratt was a dark</OldTextValue>
    <NewTextValue>hence the favor. Pratt was a dark</NewTextValue>
  </TextCorrectedLine>
  <TextCorrectedLine lineID="P2_TL00309">
    <OldTextValue>c complexioned man, classic in mold of</OldTextValue>
    <NewTextValue>complexioned man, classic in mold of</NewTextValue>
  </TextCorrectedLine>
  <TextCorrectedLine lineID="P2_TL00310">
    <OldTextValue>a appearance, and impressed me as a</OldTextValue>
    <NewTextValue>appearance, and impressed me as a</NewTextValue>
  </TextCorrectedLine>
  <TextCorrectedLine lineID="P2_TL00311">
    <OldTextValue>m man of probity and honor, and a man</OldTextValue>
    <NewTextValue>man of probity and honor, and a man</NewTextValue>
  </TextCorrectedLine>
  <TextCorrectedLine lineID="P2_TL00312">
    <OldTextValue>w worthy to wear the judicial ermine.</OldTextValue>
    <NewTextValue>worthy to wear the judicial ermine.</NewTextValue>
  </TextCorrectedLine>
  <TextCorrectedLine lineID="P2_TL00313">
    <OldTextValue>I In politics he was republican. The</OldTextValue>
    <NewTextValue>In politics he was republican. The</NewTextValue>
  </TextCorrectedLine>
  <TextCorrectedLine lineID="P2_TL00314">
    <OldTextValue>n noted Bill Dudley defended. The dis-</OldTextValue>
    <NewTextValue>noted Bill Dudley defended. The dis-</NewTextValue>
  </TextCorrectedLine>
  <TextCorrectedLine lineID="P2_TL00315">
    <OldTextValue>t trict attorney had given away to Far-</OldTextValue>
    <NewTextValue>trict attorney had given away to Far-</NewTextValue>
  </TextCorrectedLine>
  <TextCorrectedLine lineID="P2_TL00316">
    <OldTextValue>l ley foi the defense. Dudley was fi|{ht-</OldTextValue>
    <NewTextValue>ley for the defense. Dudley was fight-</NewTextValue>
  </TextCorrectedLine>
  <TextCorrectedLine lineID="P2_TL00317">
    <OldTextValue>i ing for money; Farley through person-</OldTextValue>
    <NewTextValue>ing for money; Farley through person-</NewTextValue>
  </TextCorrectedLine>
  <TextCorrectedLine lineID="P2_TL00318">
    <OldTextValue>a al friendship. Both lawyers were</OldTextValue>
    <NewTextValue>al friendship. Both lawyers were</NewTextValue>
  </TextCorrectedLine>
  <TextCorrectedLine lineID="P2_TL00319">
    <OldTextValue>g great criminal lawyers. It was a</OldTextValue>
    <NewTextValue>great criminal lawyers. It was a</NewTextValue>
  </TextCorrectedLine>
  <TextCorrectedLine lineID="P2_TL00320">
    <OldTextValue>b battle of astute generalship, and for-</OldTextValue>
    <NewTextValue>battle of astute generalship, and for-</NewTextValue>
  </TextCorrectedLine>
  <TextCorrectedLine lineID="P2_TL00321">
    <OldTextValue>ensic reconnoitcr. They fought it inch</OldTextValue>
    <NewTextValue>ensic reconnoiter. They fought it inch</NewTextValue>
  </TextCorrectedLine>
  <TextCorrectedLine lineID="P2_TL00322">
    <OldTextValue>f ie reconnoiter. They fought There</OldTextValue>
    <NewTextValue>by</NewTextValue>
  </TextCorrectedLine>
  <TextCorrectedLine lineID="P2_TL00324">
    <OldTextValue>w was a darkey called as a witness for</OldTextValue>
    <NewTextValue>was a darkey called as a witness for</NewTextValue>
  </TextCorrectedLine>
  <TextCorrectedLine lineID="P2_TL00325">
    <OldTextValue>t the prosecution. The impression had</OldTextValue>
    <NewTextValue>the prosecution. The impression had</NewTextValue>
  </TextCorrectedLine>
  <TextCorrectedLine lineID="P2_TL00326">
    <OldTextValue>g gone about that he was a hired wit-</OldTextValue>
    <NewTextValue>gone about that he was a hired wit-</NewTextValue>
  </TextCorrectedLine>
  <TextCorrectedLine lineID="P2_TL00327">
    <OldTextValue>n ness. Hinkson lived about half a mile</OldTextValue>
    <NewTextValue>ness. Hinkson lived about half a mile</NewTextValue>
  </TextCorrectedLine>
  <TextCorrectedLine lineID="P2_TL00328">
    <OldTextValue>f from Drytown. Farley asked the</OldTextValue>
    <NewTextValue>from Drytown. Farley asked the</NewTextValue>
  </TextCorrectedLine>
  <TextCorrectedLine lineID="P2_TL00329">
    <OldTextValue>d darkey if he saw the killing. "No,</OldTextValue>
    <NewTextValue>darkey if he saw the killing. "No,</NewTextValue>
  </TextCorrectedLine>
  <TextCorrectedLine lineID="P2_TL00330">
    <OldTextValue>s sah," said the witness: "I 6aw de</OldTextValue>
    <NewTextValue>sah," said the witness: "I saw de</NewTextValue>
  </TextCorrectedLine>
  <TextCorrectedLine lineID="P2_TL00331">
    <OldTextValue>m man lobe de house." "Were you so</OldTextValue>
    <NewTextValue>man lebe de house." "Were you so</NewTextValue>
  </TextCorrectedLine>
  <TextCorrectedLine lineID="P2_TL00332">
    <OldTextValue>y you could see him enter the town?"</OldTextValue>
    <NewTextValue>you could see him enter the town?"</NewTextValue>
  </TextCorrectedLine>
  <TextCorrectedLine lineID="P2_TL00333">
    <OldTextValue>" "Yas sail, I could." "Was he moving</OldTextValue>
    <NewTextValue>"Yas sah, I could." "Was he moving</NewTextValue>
  </TextCorrectedLine>
  <TextCorrectedLine lineID="P2_TL00334">
    <OldTextValue>f fast?" "No. sah; Ide call it slow."</OldTextValue>
    <NewTextValue>fast?" "No, sah; I'de call it slow."</NewTextValue>
  </TextCorrectedLine>
  <TextCorrectedLine lineID="P2_TL00335">
    <OldTextValue>" "About how long was he making the</OldTextValue>
    <NewTextValue>"About how long was he making the</NewTextValue>
  </TextCorrectedLine>
  <TextCorrectedLine lineID="P2_TL00336">
    <OldTextValue>t trip from Hinkson's to Drytown?"</OldTextValue>
    <NewTextValue>trip from Hinkson's to Drytown?"</NewTextValue>
  </TextCorrectedLine>
  <TextCorrectedLine lineID="P2_TL00337">
    <OldTextValue>" "Fifteen minutes, sah." Farley</OldTextValue>
    <NewTextValue>"Fifteen minutes, sah." Farley</NewTextValue>
  </TextCorrectedLine>
  <TextCorrectedLine lineID="P2_TL00338">
    <OldTextValue>a arose took out his gold watch and ap-</OldTextValue>
    <NewTextValue>arose took out his gold watch and ap-</NewTextValue>
  </TextCorrectedLine>
  <TextCorrectedLine lineID="P2_TL00339">
    <OldTextValue>p proached the judge and said. "Wil.l</OldTextValue>
    <NewTextValue>proached the judge and said. "Will</NewTextValue>
  </TextCorrectedLine>
  <TextCorrectedLine lineID="P2_TL00340">
    <OldTextValue>y your honor pIMM time this man?"</OldTextValue>
    <NewTextValue>your honor please time this man?"</NewTextValue>
  </TextCorrectedLine>
  <TextCorrectedLine lineID="P2_TL00341">
    <OldTextValue>T Turning to the darkey, Farley said:</OldTextValue>
    <NewTextValue>Turning to the darkey, Farley said:</NewTextValue>
  </TextCorrectedLine>
  <TextCorrectedLine lineID="P2_TL00342">
    <OldTextValue>"Now you Bay it was fifteen minutes;</OldTextValue>
    <NewTextValue>"Now you say it was fifteen minutes;</NewTextValue>
  </TextCorrectedLine>
  <TextCorrectedLine lineID="P2_TL00343">
    <OldTextValue>s sit there and when you thtnk it about</OldTextValue>
    <NewTextValue>sit there and when you think it about</NewTextValue>
  </TextCorrectedLine>
  <TextCorrectedLine lineID="P2_TL00344">
    <OldTextValue>there and when you think it about</OldTextValue>
    <NewTextValue></NewTextValue>
  </TextCorrectedLine>
  <TextCorrectedLine lineID="P2_TL00345">
    <OldTextValue>t that time, say bo." The darkey looked</OldTextValue>
    <NewTextValue>that time, say so." The darkey looked</NewTextValue>
  </TextCorrectedLine>
  <TextCorrectedLine lineID="P2_TL00346">
    <OldTextValue>s serious; Farley triumphant. Suddenly</OldTextValue>
    <NewTextValue>serious; Farley triumphant. Suddenly</NewTextValue>
  </TextCorrectedLine>
  <TextCorrectedLine lineID="P2_TL00347">
    <OldTextValue>F Farley noticed that the darkey was</OldTextValue>
    <NewTextValue>Farley noticed that the darkey was</NewTextValue>
  </TextCorrectedLine>
  <TextCorrectedLine lineID="P2_TL00348">
    <OldTextValue>s sitting so lie could see the laige clock</OldTextValue>
    <NewTextValue>sitting so he could see the large clock</NewTextValue>
  </TextCorrectedLine>
  <TextCorrectedLine lineID="P2_TL00349">
    <OldTextValue>o on the wall in front of his. "That</OldTextValue>
    <NewTextValue>on the wall in front of his. "That</NewTextValue>
  </TextCorrectedLine>
  <TextCorrectedLine lineID="P2_TL00350">
    <OldTextValue>w won't do," he said; turn round. The</OldTextValue>
    <NewTextValue>won't do," he said; turn round. The</NewTextValue>
  </TextCorrectedLine>
  <TextCorrectedLine lineID="P2_TL00351">
    <OldTextValue>d darkey did bo. "Now, noit the time,</OldTextValue>
    <NewTextValue>darkey did so. "Now, note the time,</NewTextValue>
  </TextCorrectedLine>
  <TextCorrectedLine lineID="P2_TL00352">
    <OldTextValue>y your honor," said Farley. Every one</OldTextValue>
    <NewTextValue>your honor," said Farley. Every one</NewTextValue>
  </TextCorrectedLine>
  <TextCorrectedLine lineID="P2_TL00353">
    <OldTextValue>h held their breath in curious suspend".</OldTextValue>
    <NewTextValue>held their breath in curious suspense".</NewTextValue>
  </TextCorrectedLine>
  <TextCorrectedLine lineID="P2_TL00354">
    <OldTextValue>F Finally the daikey said, "I think j■"</OldTextValue>
    <NewTextValue>Finally the darkey said, "I think j■"</NewTextValue>
  </TextCorrectedLine>
  <TextCorrectedLine lineID="P2_TL00355">
    <OldTextValue>a about dat time." "Just three minut i</OldTextValue>
    <NewTextValue>about dat time." "Just three minutes</NewTextValue>
  </TextCorrectedLine>
  <TextCorrectedLine lineID="P2_TL00356">
    <OldTextValue>e end a half." »aid the judge ninilii.r.</OldTextValue>
    <NewTextValue>and a half," said the judge smiling.</NewTextValue>
  </TextCorrectedLine>
  <TextCorrectedLine lineID="P2_TL00357">
    <OldTextValue>F Farley i" hia terititu- way shi t</OldTextValue>
    <NewTextValue>Farley in his characteristic way shut</NewTextValue>
  </TextCorrectedLine>
  <TextCorrectedLine lineID="P2_TL00358">
    <OldTextValue>o one eye and cocked the other for v</OldTextValue>
    <NewTextValue>one eye and cocked the other for a</NewTextValue>
  </TextCorrectedLine>
  <TextCorrectedLine lineID="P2_TL00359">
    <OldTextValue>s second upon the iUieml dtltUS</OldTextValue>
    <NewTextValue>second upon the bewildered drakey</NewTextValue>
  </TextCorrectedLine>
</TextCorrectedBlock>
<TextCorrectedBlock pageOID="AL19110217.1.2" blockID="P2_TB00001" userID="[redacted]">
  <TextCorrectedLine lineID="P2_TL00001">
    <OldTextValue>a and with a look of perfect triumph j</OldTextValue>
    <NewTextValue>and with a look of perfect triumph</NewTextValue>
  </TextCorrectedLine>
  <TextCorrectedLine lineID="P2_TL00002">
    <OldTextValue>p pervading his countenance. It was</OldTextValue>
    <NewTextValue>pervading his countenance. It was</NewTextValue>
  </TextCorrectedLine>
  <TextCorrectedLine lineID="P2_TL00003">
    <OldTextValue>n not only a legal battle, but one of</OldTextValue>
    <NewTextValue>not only a legal battle, but one of</NewTextValue>
  </TextCorrectedLine>
  <TextCorrectedLine lineID="P2_TL00004">
    <OldTextValue>f factious prejudice. The booming Of</OldTextValue>
    <NewTextValue>factious prejudice. The booming of</NewTextValue>
  </TextCorrectedLine>
  <TextCorrectedLine lineID="P2_TL00005">
    <OldTextValue>c cannon in the East was belching in</OldTextValue>
    <NewTextValue>cannon in the East was belching in</NewTextValue>
  </TextCorrectedLine>
  <TextCorrectedLine lineID="P2_TL00006">
    <OldTextValue>s hlvoh of terriffio - slaughter. Captain</OldTextValue>
    <NewTextValue>salvos of terriffic slaughter. Captain</NewTextValue>
  </TextCorrectedLine>
  <TextCorrectedLine lineID="P2_TL00007">
    <OldTextValue>K Knight rode with his company of blue</OldTextValue>
    <NewTextValue>Knight rode with his company of blue</NewTextValue>
  </TextCorrectedLine>
  <TextCorrectedLine lineID="P2_TL00008">
    <OldTextValue>c coats over the county to quell any re-</OldTextValue>
    <NewTextValue>coats over the county to quell any re-</NewTextValue>
  </TextCorrectedLine>
  <TextCorrectedLine lineID="P2_TL00009">
    <OldTextValue>bbellious uprising that might occur.</OldTextValue>
    <NewTextValue>bellious uprising that might occur.</NewTextValue>
  </TextCorrectedLine>
  <TextCorrectedLine lineID="P2_TL00010">
    <OldTextValue>T The sentiment figured in the trial.</OldTextValue>
    <NewTextValue>The sentiment figured in the trial.</NewTextValue>
  </TextCorrectedLine>
  <TextCorrectedLine lineID="P2_TL00011">
    <OldTextValue>F Farley asked a witneßs, "Do you be-</OldTextValue>
    <NewTextValue>Farley asked a witness, "Do you be-</NewTextValue>
  </TextCorrectedLine>
  <TextCorrectedLine lineID="P2_TL00012">
    <OldTextValue>l long to any political secret organiza-</OldTextValue>
    <NewTextValue>long to any political secret organiza-</NewTextValue>
  </TextCorrectedLine>
  <TextCorrectedLine lineID="P2_TL00013">
    <OldTextValue>ttion known as the Union League?"</OldTextValue>
    <NewTextValue>tion known as the Union League?"</NewTextValue>
  </TextCorrectedLine>
  <TextCorrectedLine lineID="P2_TL00014">
    <OldTextValue>D Dudley springing to his feet screamed, |</OldTextValue>
    <NewTextValue>Dudley springing to his feet screamed,</NewTextValue>
  </TextCorrectedLine>
  <TextCorrectedLine lineID="P2_TL00015">
    <OldTextValue>" "Your honor, I object." The witness</OldTextValue>
    <NewTextValue>"Your honor, I object." The witness</NewTextValue>
  </TextCorrectedLine>
  <TextCorrectedLine lineID="P2_TL00016">
    <OldTextValue>m must answer tho question," said the</OldTextValue>
    <NewTextValue>must answer the question," said the</NewTextValue>
  </TextCorrectedLine>
  <TextCorrectedLine lineID="P2_TL00017">
    <OldTextValue>j judge solemnly. "The witness answer-</OldTextValue>
    <NewTextValue>judge solemnly. "The witness answer-</NewTextValue>
  </TextCorrectedLine>
  <TextCorrectedLine lineID="P2_TL00018">
    <OldTextValue>e ed, "I do not." Dudley watched his</OldTextValue>
    <NewTextValue>ed, "I do not." Dudley watched his</NewTextValue>
  </TextCorrectedLine>
  <TextCorrectedLine lineID="P2_TL00019">
    <OldTextValue>c chance and then questioning a witness</OldTextValue>
    <NewTextValue>chance and then questioning a witness</NewTextValue>
  </TextCorrectedLine>
  <TextCorrectedLine lineID="P2_TL00020">
    <OldTextValue>f for the defense said, "Do you belong</OldTextValue>
    <NewTextValue>for the defense said, "Do you belong</NewTextValue>
  </TextCorrectedLine>
  <TextCorrectedLine lineID="P2_TL00021">
    <OldTextValue>t to a rebel organization known as the</OldTextValue>
    <NewTextValue>to a rebel organization known as the</NewTextValue>
  </TextCorrectedLine>
  <TextCorrectedLine lineID="P2_TL00022">
    <OldTextValue>K Knights of the Golden Circle" he</OldTextValue>
    <NewTextValue>Knights of the Golden Circle" he</NewTextValue>
  </TextCorrectedLine>
  <TextCorrectedLine lineID="P2_TL00023">
    <OldTextValue>t thundered, in sentonian voice. Farley</OldTextValue>
    <NewTextValue>thundered, in sentonian voice. Farley</NewTextValue>
  </TextCorrectedLine>
  <TextCorrectedLine lineID="P2_TL00024">
    <OldTextValue>m made no objection and the witness I</OldTextValue>
    <NewTextValue>made no objection and the witness I</NewTextValue>
  </TextCorrectedLine>
  <TextCorrectedLine lineID="P2_TL00025">
    <OldTextValue>a answered, "I do not." The jury</OldTextValue>
    <NewTextValue>answered, "I do not." The jury</NewTextValue>
  </TextCorrectedLine>
  <TextCorrectedLine lineID="P2_TL00026">
    <OldTextValue>b brought a verdict of murder in second</OldTextValue>
    <NewTextValue>brought a verdict of murder in second</NewTextValue>
  </TextCorrectedLine>
  <TextCorrectedLine lineID="P2_TL00027">
    <OldTextValue>d degree, and the convicted man was</OldTextValue>
    <NewTextValue>degree, and the convicted man was</NewTextValue>
  </TextCorrectedLine>
  <TextCorrectedLine lineID="P2_TL00028">
    <OldTextValue>s sentenced to serve ten years in San |</OldTextValue>
    <NewTextValue>sentenced to serve ten years in San</NewTextValue>
  </TextCorrectedLine>
  <TextCorrectedLine lineID="P2_TL00029">
    <OldTextValue>Q Quentin.</OldTextValue>
    <NewTextValue>Quentin.</NewTextValue>
  </TextCorrectedLine>
</TextCorrectedBlock>
