<TextCorrectedBlock pageOID="AL19050526.1.1" blockID="P2_CB00001" userID="[redacted]">
  <TextCorrectedLine lineID="P2_TL00764">
    <OldTextValue>THE RED FKONT THE RED FRONT</OldTextValue>
    <NewTextValue>THE RED FRONT     THE RED FRONT</NewTextValue>
  </TextCorrectedLine>
  <TextCorrectedLine lineID="P2_TL00765">
    <OldTextValue>t</OldTextValue>
    <NewTextValue></NewTextValue>
  </TextCorrectedLine>
  <TextCorrectedLine lineID="P2_TL00766">
    <OldTextValue>! Jackson's Cheapest Dry Goods Store</OldTextValue>
    <NewTextValue>Jackson's Cheapest Dry Goods Store</NewTextValue>
  </TextCorrectedLine>
  <TextCorrectedLine lineID="P2_TL00768">
    <OldTextValue>No talk this week; ".</OldTextValue>
    <NewTextValue>No talk this week;</NewTextValue>
  </TextCorrectedLine>
</TextCorrectedBlock>
<TextCorrectedBlock pageOID="AL19050526.1.1" blockID="P2_TB00011" userID="[redacted]">
  <TextCorrectedLine lineID="P2_TL00062">
    <OldTextValue>as expiessive ;.f his views of the</OldTextValue>
    <NewTextValue>as expressive of his views of the</NewTextValue>
  </TextCorrectedLine>
  <TextCorrectedLine lineID="P2_TL00065">
    <OldTextValue>By some strange accident iv con-</OldTextValue>
    <NewTextValue>By some strange accident in con-</NewTextValue>
  </TextCorrectedLine>
  <TextCorrectedLine lineID="P2_TL00074">
    <OldTextValue>-..The ugly creatures,</OldTextValue>
    <NewTextValue>The ugly creatures,</NewTextValue>
  </TextCorrectedLine>
  <TextCorrectedLine lineID="P2_TL00075">
    <OldTextValue>■ Deaf and dumb aud blind, "■ '</OldTextValue>
    <NewTextValue>Deaf and dumb and blind,</NewTextValue>
  </TextCorrectedLine>
  <TextCorrectedLine lineID="P2_TL00077">
    <OldTextValue>That adorn umukind,</OldTextValue>
    <NewTextValue>That adorn mankind,</NewTextValue>
  </TextCorrectedLine>
  <TextCorrectedLine lineID="P2_TL00078">
    <OldTextValue>Were vain enough, iv dull and world-</OldTextValue>
    <NewTextValue>Were vain enough, in dull and world-</NewTextValue>
  </TextCorrectedLine>
</TextCorrectedBlock>
