<TextCorrectedBlock pageOID="AL19001221.1.1" blockID="P1_CB00003" userID="[redacted]">
  <TextCorrectedLine lineID="P1_TL00965">
    <OldTextValue>- ■ . ■■' ~ ."</OldTextValue>
    <NewTextValue></NewTextValue>
  </TextCorrectedLine>
  <TextCorrectedLine lineID="P1_TL00966">
    <OldTextValue>. / EVERYTHING , _ . ■ : -.</OldTextValue>
    <NewTextValue>EVERYTHING</NewTextValue>
  </TextCorrectedLine>
  <TextCorrectedLine lineID="P1_TL00967">
    <OldTextValue>.... ,i~, ;^V- -THE MARKET .'. • -</OldTextValue>
    <NewTextValue>THE MARKET</NewTextValue>
  </TextCorrectedLine>
  <TextCorrectedLine lineID="P1_TL00968">
    <OldTextValue>..-..:,; ,- : - -PRODUCES-;--</OldTextValue>
    <NewTextValue>PRODUCES</NewTextValue>
  </TextCorrectedLine>
  <TextCorrectedLine lineID="P1_TL00970">
    <OldTextValue>* . ■ «</OldTextValue>
    <NewTextValue></NewTextValue>
  </TextCorrectedLine>
  <TextCorrectedLine lineID="P1_TL00974">
    <OldTextValue>. NED T ABASH,</OldTextValue>
    <NewTextValue>NED TARASH,</NewTextValue>
  </TextCorrectedLine>
  <TextCorrectedLine lineID="P1_TL00975">
    <OldTextValue>Proprietor. - •</OldTextValue>
    <NewTextValue>Proprietor.</NewTextValue>
  </TextCorrectedLine>
  <TextCorrectedLine lineID="P1_TL00981">
    <OldTextValue>6LOBE^ HOTEL</OldTextValue>
    <NewTextValue>GLOBE HOTEL</NewTextValue>
  </TextCorrectedLine>
  <TextCorrectedLine lineID="P1_TL00982">
    <OldTextValue>. Corner Main and Court Streets</OldTextValue>
    <NewTextValue>Corner Main and Court Streets</NewTextValue>
  </TextCorrectedLine>
  <TextCorrectedLine lineID="P1_TL00983">
    <OldTextValue>:-• JACKSON, CAL. . . V :</OldTextValue>
    <NewTextValue>JACKSON, CAL.</NewTextValue>
  </TextCorrectedLine>
  <TextCorrectedLine lineID="P1_TL00984">
    <OldTextValue>■ 'i?&amp; '. ' &lt;;:* 4; ■-</OldTextValue>
    <NewTextValue></NewTextValue>
  </TextCorrectedLine>
  <TextCorrectedLine lineID="P1_TL00990">
    <OldTextValue>vice guaranteed to patrons. ■</OldTextValue>
    <NewTextValue>vice guaranteed to patrons.</NewTextValue>
  </TextCorrectedLine>
  <TextCorrectedLine lineID="P1_TL00991">
    <OldTextValue>. :6ood Meals, 29 Cents</OldTextValue>
    <NewTextValue>Good Meals, 25 Cents</NewTextValue>
  </TextCorrectedLine>
  <TextCorrectedLine lineID="P1_TL00992">
    <OldTextValue>Abstracts of Mining Properties a Specialty. I</OldTextValue>
    <NewTextValue>Abstracts of Mining Properties a Specialty.</NewTextValue>
  </TextCorrectedLine>
  <TextCorrectedLine lineID="P1_TL00995">
    <OldTextValue>6EO. I. WRIGHT &amp; SON</OldTextValue>
    <NewTextValue>GEO. I. WRIGHT &amp; SON</NewTextValue>
  </TextCorrectedLine>
  <TextCorrectedLine lineID="P1_TL00996">
    <OldTextValue>. SEAECHEES OF;EECOBDS.</OldTextValue>
    <NewTextValue>SEARCHERS OF RECORDS.</NewTextValue>
  </TextCorrectedLine>
  <TextCorrectedLine lineID="P1_TL01004">
    <OldTextValue>JACKSON, - - '- AMADOR CO., CAL.</OldTextValue>
    <NewTextValue>JACKSON, - - - AMADOR CO., CAL.</NewTextValue>
  </TextCorrectedLine>
  <TextCorrectedLine lineID="P1_TL01005">
    <OldTextValue>M-tt '-'PP. O. BOX 14</OldTextValue>
    <NewTextValue>5-4-tf            P. O. BOX 14</NewTextValue>
  </TextCorrectedLine>
  <TextCorrectedLine lineID="P1_TL01007">
    <OldTextValue>Mines and Mining Stock '</OldTextValue>
    <NewTextValue>Mines and Mining Stock</NewTextValue>
  </TextCorrectedLine>
  <TextCorrectedLine lineID="P1_TL01009">
    <OldTextValue>' \ ' "i " - Corporations Organized</OldTextValue>
    <NewTextValue>Corporations Organized</NewTextValue>
  </TextCorrectedLine>
  <TextCorrectedLine lineID="P1_TL01010">
    <OldTextValue>We make a specialty of unlisted - - ;</OldTextValue>
    <NewTextValue>We make a specialty of unlisted - -</NewTextValue>
  </TextCorrectedLine>
  <TextCorrectedLine lineID="P1_TL01027">
    <OldTextValue>of prateoting your valuables. ■■ ■ .-</OldTextValue>
    <NewTextValue>of protecting your valuables.</NewTextValue>
  </TextCorrectedLine>
  <TextCorrectedLine lineID="P1_TL01041">
    <OldTextValue>when you die it oan't be found and you are lia-</OldTextValue>
    <NewTextValue>when you die it can't be found and you are lia-</NewTextValue>
  </TextCorrectedLine>
  <TextCorrectedLine lineID="P1_TL01043">
    <OldTextValue>;;♦♦•♦♦•»♦♦♦♦&gt;#»»♦♦♦♦♦♦••#•</OldTextValue>
    <NewTextValue></NewTextValue>
  </TextCorrectedLine>
  <TextCorrectedLine lineID="P1_TL01044">
    <OldTextValue>&lt; ' ' * ■ ■ i \</OldTextValue>
    <NewTextValue></NewTextValue>
  </TextCorrectedLine>
  <TextCorrectedLine lineID="P1_TL01045">
    <OldTextValue>i: Holiday Goods:</OldTextValue>
    <NewTextValue>Holiday Goods:</NewTextValue>
  </TextCorrectedLine>
  <TextCorrectedLine lineID="P1_TL01046">
    <OldTextValue>I: FOR EVERYONE I:</OldTextValue>
    <NewTextValue>FOR EVERYONE</NewTextValue>
  </TextCorrectedLine>
  <TextCorrectedLine lineID="P1_TL01047">
    <OldTextValue>&lt;■ - ■</OldTextValue>
    <NewTextValue></NewTextValue>
  </TextCorrectedLine>
  <TextCorrectedLine lineID="P1_TL01048">
    <OldTextValue>| ; We have an elegant &lt;</OldTextValue>
    <NewTextValue>We have an elegant</NewTextValue>
  </TextCorrectedLine>
  <TextCorrectedLine lineID="P1_TL01049">
    <OldTextValue>j ; display of goods that will &lt;</OldTextValue>
    <NewTextValue>display of goods that will</NewTextValue>
  </TextCorrectedLine>
  <TextCorrectedLine lineID="P1_TL01050">
    <OldTextValue>&lt; ; suit old, young or middle- '&lt;</OldTextValue>
    <NewTextValue>suit old, young or middle-</NewTextValue>
  </TextCorrectedLine>
  <TextCorrectedLine lineID="P1_TL01051">
    <OldTextValue>&lt; | aged. They will make !</OldTextValue>
    <NewTextValue>aged. They will make</NewTextValue>
  </TextCorrectedLine>
  <TextCorrectedLine lineID="P1_TL01052">
    <OldTextValue>j ; pretty and appropriate «</OldTextValue>
    <NewTextValue>pretty and appropriate</NewTextValue>
  </TextCorrectedLine>
  <TextCorrectedLine lineID="P1_TL01053">
    <OldTextValue>i: XMAS I</OldTextValue>
    <NewTextValue>XMAS</NewTextValue>
  </TextCorrectedLine>
  <TextCorrectedLine lineID="P1_TL01054">
    <OldTextValue>&lt; ; presents. Our Holiday j</OldTextValue>
    <NewTextValue>presents. Our Holiday</NewTextValue>
  </TextCorrectedLine>
  <TextCorrectedLine lineID="P1_TL01055">
    <OldTextValue>&lt; ; Stock consists of beauti- &lt;</OldTextValue>
    <NewTextValue>Stock consists of beauti-</NewTextValue>
  </TextCorrectedLine>
  <TextCorrectedLine lineID="P1_TL01056">
    <OldTextValue>&lt; ; ful medallions in various &lt;</OldTextValue>
    <NewTextValue>ful medallions in various</NewTextValue>
  </TextCorrectedLine>
  <TextCorrectedLine lineID="P1_TL01057">
    <OldTextValue>&lt; ; designs, perfumery, toilet &lt;</OldTextValue>
    <NewTextValue>designs, perfumery, toilet</NewTextValue>
  </TextCorrectedLine>
  <TextCorrectedLine lineID="P1_TL01058">
    <OldTextValue>&lt; ; and manicuring sets, puff j</OldTextValue>
    <NewTextValue>and manicuring sets, puff</NewTextValue>
  </TextCorrectedLine>
  <TextCorrectedLine lineID="P1_TL01059">
    <OldTextValue>j ; boxes,* jewel cases, travel- &lt;</OldTextValue>
    <NewTextValue>boxes, jewel cases, travel-</NewTextValue>
  </TextCorrectedLine>
  <TextCorrectedLine lineID="P1_TL01060">
    <OldTextValue>&lt; | ing cases, ladies' purses, «</OldTextValue>
    <NewTextValue>ing cases, ladies' purses,</NewTextValue>
  </TextCorrectedLine>
  <TextCorrectedLine lineID="P1_TL01061">
    <OldTextValue>&lt; ; etc., etc. &lt;</OldTextValue>
    <NewTextValue>etc., etc.</NewTextValue>
  </TextCorrectedLine>
  <TextCorrectedLine lineID="P1_TL01062">
    <OldTextValue>! ; buy at^£&gt; ; :</OldTextValue>
    <NewTextValue>buy at</NewTextValue>
  </TextCorrectedLine>
  <TextCorrectedLine lineID="P1_TL01063">
    <OldTextValue>j ! THE GITY PHfIRMfIGY. i i</OldTextValue>
    <NewTextValue>THE CITY PHARMACY.</NewTextValue>
  </TextCorrectedLine>
  <TextCorrectedLine lineID="P1_TL01064">
    <OldTextValue>I ! BOBEET I. KERB ] \</OldTextValue>
    <NewTextValue>ROBERT I. KERR</NewTextValue>
  </TextCorrectedLine>
  <TextCorrectedLine lineID="P1_TL01065">
    <OldTextValue>\ \ Main Street - JACKSON ' \</OldTextValue>
    <NewTextValue>Main Street - JACKSON</NewTextValue>
  </TextCorrectedLine>
</TextCorrectedBlock>
<TextCorrectedBlock pageOID="AL19001221.1.1" blockID="P1_CB00002" userID="[redacted]">
  <TextCorrectedLine lineID="P1_TL00872">
    <OldTextValue>w-^?.. Sleep."</OldTextValue>
    <NewTextValue>"Could Not Sleep."</NewTextValue>
  </TextCorrectedLine>
  <TextCorrectedLine lineID="P1_TL00873">
    <OldTextValue>Sleeplessness marks the very riinm-r</OldTextValue>
    <NewTextValue>Sleeplessness marks the very climax</NewTextValue>
  </TextCorrectedLine>
  <TextCorrectedLine lineID="P1_TL00874">
    <OldTextValue>of human suffering. llt is only a step</OldTextValue>
    <NewTextValue>of human suffering. lt is only a step</NewTextValue>
  </TextCorrectedLine>
  <TextCorrectedLine lineID="P1_TL00880">
    <OldTextValue>sleeplessness, is ganerally a diseased</OldTextValue>
    <NewTextValue>sleeplessness, is generally a diseased</NewTextValue>
  </TextCorrectedLine>
  <TextCorrectedLine lineID="P1_TL00887">
    <OldTextValue>anly organs. ■ It stops the drains which</OldTextValue>
    <NewTextValue>anly organs.  It stops the drains which</NewTextValue>
  </TextCorrectedLine>
  <TextCorrectedLine lineID="P1_TL00890">
    <OldTextValue>weakness. .</OldTextValue>
    <NewTextValue>weakness.</NewTextValue>
  </TextCorrectedLine>
  <TextCorrectedLine lineID="P1_TL00900">
    <OldTextValue>■could not sltep. I wrote to Dr. Pierce and he</OldTextValue>
    <NewTextValue>could not sleep. I wrote to Dr. Pierce and he</NewTextValue>
  </TextCorrectedLine>
  <TextCorrectedLine lineID="P1_TL00901">
    <OldTextValue>kindly advised me to take his ■Favorite Pre-</OldTextValue>
    <NewTextValue>kindly advised me to take his "Favorite Pre-</NewTextValue>
  </TextCorrectedLine>
  <TextCorrectedLine lineID="P1_TL00902">
    <OldTextValue>■cripaon.* I took, five bottles of the * Prescrip-</OldTextValue>
    <NewTextValue>scription."  I took, five bottles of the * Prescrip-</NewTextValue>
  </TextCorrectedLine>
</TextCorrectedBlock>
<TextCorrectedBlock pageOID="AL19001221.1.1" blockID="P1_CB00004" userID="[redacted]">
  <TextCorrectedLine lineID="P1_TL01067">
    <OldTextValue>"El A. FREEMAN</OldTextValue>
    <NewTextValue>E. A. FREEMAN</NewTextValue>
  </TextCorrectedLine>
  <TextCorrectedLine lineID="P1_TL01071">
    <OldTextValue>Court streets. x ■ . .</OldTextValue>
    <NewTextValue>Court streets.</NewTextValue>
  </TextCorrectedLine>
  <TextCorrectedLine lineID="P1_TL01072">
    <OldTextValue>DB. SPAGNOLI</OldTextValue>
    <NewTextValue>D. B. SPAGNOLI</NewTextValue>
  </TextCorrectedLine>
  <TextCorrectedLine lineID="P1_TL01073">
    <OldTextValue>Attorney and.C ounselor at Law</OldTextValue>
    <NewTextValue>Attorney and Counselor at Law</NewTextValue>
  </TextCorrectedLine>
  <TextCorrectedLine lineID="P1_TL01084">
    <OldTextValue>iUi- ■■ ■■ : ■ ■■ : :- / r-^.-'- . ; --.:... .</OldTextValue>
    <NewTextValue></NewTextValue>
  </TextCorrectedLine>
  <TextCorrectedLine lineID="P1_TL01085">
    <OldTextValue>" ' . Attoraey-at-Law ' "</OldTextValue>
    <NewTextValue>Attorney-at-Law</NewTextValue>
  </TextCorrectedLine>
  <TextCorrectedLine lineID="P1_TL01086">
    <OldTextValue>?&gt;-• .;;■ Jackson, Cal.«</OldTextValue>
    <NewTextValue>Jackson, Cal</NewTextValue>
  </TextCorrectedLine>
  <TextCorrectedLine lineID="P1_TL01088">
    <OldTextValue>"MTEHi . 'A. MACQVABBIE ' '-'.V</OldTextValue>
    <NewTextValue>NEIL A. MACQUARRIE</NewTextValue>
  </TextCorrectedLine>
  <TextCorrectedLine lineID="P1_TL01090">
    <OldTextValue>i Jackson, Cal.</OldTextValue>
    <NewTextValue>Jackson, Cal.</NewTextValue>
  </TextCorrectedLine>
  <TextCorrectedLine lineID="P1_TL01092">
    <OldTextValue>T TV. CALDWEU .</OldTextValue>
    <NewTextValue>J. W. CALDWELL</NewTextValue>
  </TextCorrectedLine>
  <TextCorrectedLine lineID="P1_TL01093">
    <OldTextValue>.■-.- Attorney-atJjiw</OldTextValue>
    <NewTextValue>Attorney-at-Law</NewTextValue>
  </TextCorrectedLine>
  <TextCorrectedLine lineID="P1_TL01094">
    <OldTextValue>Will practice in all courts ot the State, '</OldTextValue>
    <NewTextValue>Will practice in all courts ot the State,</NewTextValue>
  </TextCorrectedLine>
  <TextCorrectedLine lineID="P1_TL01098">
    <OldTextValue>JACOB Li SARGENT *-'■,-'</OldTextValue>
    <NewTextValue>JACOB L. SARGENT</NewTextValue>
  </TextCorrectedLine>
  <TextCorrectedLine lineID="P1_TL01099">
    <OldTextValue>--7- ATTORNEY —-^</OldTextValue>
    <NewTextValue>-- ATTORNEY —-</NewTextValue>
  </TextCorrectedLine>
  <TextCorrectedLine lineID="P1_TL01100">
    <OldTextValue>' Jackson, Cal. &lt;.; .</OldTextValue>
    <NewTextValue>Jackson, Cal.</NewTextValue>
  </TextCorrectedLine>
  <TextCorrectedLine lineID="P1_TL01102">
    <OldTextValue>NOTARIES. "«^;</OldTextValue>
    <NewTextValue>NOTARIES.</NewTextValue>
  </TextCorrectedLine>
  <TextCorrectedLine lineID="P1_TL01107">
    <OldTextValue>Tjl E. ENDICOTT, M. D.</OldTextValue>
    <NewTextValue>E. E. ENDICOTT, M. D.</NewTextValue>
  </TextCorrectedLine>
  <TextCorrectedLine lineID="P1_TL01109">
    <OldTextValue>: Jackson, Cal.</OldTextValue>
    <NewTextValue>Jackson, Cal.</NewTextValue>
  </TextCorrectedLine>
  <TextCorrectedLine lineID="P1_TL01110">
    <OldTextValue>"t\r. c. v. . lonigo</OldTextValue>
    <NewTextValue>DR. E. V. LONIGO</NewTextValue>
  </TextCorrectedLine>
  <TextCorrectedLine lineID="P1_TL01112">
    <OldTextValue>:■ ■ ■ Jackson, Cal.</OldTextValue>
    <NewTextValue>Jackson, Cal.</NewTextValue>
  </TextCorrectedLine>
  <TextCorrectedLine lineID="P1_TL01115">
    <OldTextValue>T\R. A. M. GALL',,</OldTextValue>
    <NewTextValue>DR. A. M. GALL</NewTextValue>
  </TextCorrectedLine>
  <TextCorrectedLine lineID="P1_TL01116">
    <OldTextValue>•"' Physician and Surgeon ■ '</OldTextValue>
    <NewTextValue>Physician and Surgeon</NewTextValue>
  </TextCorrectedLine>
  <TextCorrectedLine lineID="P1_TL01122">
    <OldTextValue>Office: Richards building. Residence : Smt-</OldTextValue>
    <NewTextValue>Office: Richards building. Residence : Sut-</NewTextValue>
  </TextCorrectedLine>
  <TextCorrectedLine lineID="P1_TL01123">
    <OldTextValue>ter Hotel. - -</OldTextValue>
    <NewTextValue>ter Hotel.</NewTextValue>
  </TextCorrectedLine>
  <TextCorrectedLine lineID="P1_TL01124">
    <OldTextValue>"T\R. J. H. GILES</OldTextValue>
    <NewTextValue>DR. J. H. GILES</NewTextValue>
  </TextCorrectedLine>
  <TextCorrectedLine lineID="P1_TL01126">
    <OldTextValue>. ■ Suites Creek, Cal.</OldTextValue>
    <NewTextValue>Suitter Creek, Cal.</NewTextValue>
  </TextCorrectedLine>
  <TextCorrectedLine lineID="P1_TL01127">
    <OldTextValue>Office: Eureka Street, one block east of Mala'</OldTextValue>
    <NewTextValue>Office: Eureka Street, one block east of Main</NewTextValue>
  </TextCorrectedLine>
  <TextCorrectedLine lineID="P1_TL01128">
    <OldTextValue>. DENTISTS.</OldTextValue>
    <NewTextValue>DENTISTS.</NewTextValue>
  </TextCorrectedLine>
  <TextCorrectedLine lineID="P1_TL01129">
    <OldTextValue>-^ ~ — -~ —^-^U^^^U^ -^.</OldTextValue>
    <NewTextValue></NewTextValue>
  </TextCorrectedLine>
  <TextCorrectedLine lineID="P1_TL01130">
    <OldTextValue>TV^ . C. ' A. HERBICK. t, V.</OldTextValue>
    <NewTextValue>DR. C.  A. HERRICK.</NewTextValue>
  </TextCorrectedLine>
  <TextCorrectedLine lineID="P1_TL01134">
    <OldTextValue>:,, . . MISCELLANEOUS.</OldTextValue>
    <NewTextValue>MISCELLANEOUS.</NewTextValue>
  </TextCorrectedLine>
  <TextCorrectedLine lineID="P1_TL01135">
    <OldTextValue>BfSajf Union Stables</OldTextValue>
    <NewTextValue>Union Stables</NewTextValue>
  </TextCorrectedLine>
  <TextCorrectedLine lineID="P1_TL01136">
    <OldTextValue>tMSsSii Under Webb Hall : *</OldTextValue>
    <NewTextValue>Under Webb Hall</NewTextValue>
  </TextCorrectedLine>
  <TextCorrectedLine lineID="P1_TL01137">
    <OldTextValue>MAIN STREET - - JACKSON,' CAL.</OldTextValue>
    <NewTextValue>MAIN STREET - - JACKSON, CAL.</NewTextValue>
  </TextCorrectedLine>
  <TextCorrectedLine lineID="P1_TL01138">
    <OldTextValue>• - — M. NEWMAN, Prop.</OldTextValue>
    <NewTextValue>M. NEWMAN, Prop.</NewTextValue>
  </TextCorrectedLine>
  <TextCorrectedLine lineID="P1_TL01139">
    <OldTextValue>The Stable equipped with flrst-elass stock</OldTextValue>
    <NewTextValue>The Stable equipped with first-class stock</NewTextValue>
  </TextCorrectedLine>
  <TextCorrectedLine lineID="P1_TL01142">
    <OldTextValue>Special Attention Paid *</OldTextValue>
    <NewTextValue>Special Attention Paid</NewTextValue>
  </TextCorrectedLine>
  <TextCorrectedLine lineID="P1_TL01143">
    <OldTextValue>* to Transient Stock.</OldTextValue>
    <NewTextValue>to Transient Stock.</NewTextValue>
  </TextCorrectedLine>
  <TextCorrectedLine lineID="P1_TL01146">
    <OldTextValue>L. OBTTINQKB ' S. N. KNIGHT</OldTextValue>
    <NewTextValue>L. OETTINGER    S. N. KNIGHT</NewTextValue>
  </TextCorrectedLine>
  <TextCorrectedLine lineID="P1_TL01147">
    <OldTextValue>KNI6HT &amp; CO.</OldTextValue>
    <NewTextValue>KNIGHT &amp; CO.</NewTextValue>
  </TextCorrectedLine>
  <TextCorrectedLine lineID="P1_TL01148">
    <OldTextValue>Foundry? Machine Shop</OldTextValue>
    <NewTextValue>Foundry and Machine Shop</NewTextValue>
  </TextCorrectedLine>
</TextCorrectedBlock>
