<TextCorrectedBlock pageOID="AL19110106.1.1" blockID="P1_TB00052" userID="[redacted]">
  <TextCorrectedLine lineID="P1_TL00351">
    <OldTextValue>mass will be held at 10 a. in.</OldTextValue>
    <NewTextValue>mass will be held at 10 a. m.</NewTextValue>
  </TextCorrectedLine>
</TextCorrectedBlock>
<TextCorrectedBlock pageOID="AL19110106.1.1" blockID="P1_TB00056" userID="[redacted]">
  <TextCorrectedLine lineID="P1_TL00372">
    <OldTextValue>at 730 p. m.</OldTextValue>
    <NewTextValue>at 7:30 p. m.</NewTextValue>
  </TextCorrectedLine>
  <TextCorrectedLine lineID="P1_TL00373">
    <OldTextValue>RuV. J. O. DUNCAN,</OldTextValue>
    <NewTextValue>REV. J. O. DUNCAN</NewTextValue>
  </TextCorrectedLine>
</TextCorrectedBlock>
<TextCorrectedBlock pageOID="AL19110106.1.1" blockID="P1_TB00068" userID="[redacted]">
  <TextCorrectedLine lineID="P1_TL00424">
    <OldTextValue>St. Augustines, Jackson Ist and 3rd</OldTextValue>
    <NewTextValue>St. Augustines, Jackson 1st and 3rd</NewTextValue>
  </TextCorrectedLine>
  <TextCorrectedLine lineID="P1_TL00425">
    <OldTextValue>Sunday of the month service at 11" a.</OldTextValue>
    <NewTextValue>Sunday of the month service at 11 a. m.</NewTextValue>
  </TextCorrectedLine>
  <TextCorrectedLine lineID="P1_TL00426">
    <OldTextValue>2nd and 4th Sunday of* the month,</OldTextValue>
    <NewTextValue>2nd and 4th Sunday of  the month</NewTextValue>
  </TextCorrectedLine>
  <TextCorrectedLine lineID="P1_TL00428">
    <OldTextValue>Trinity, Suiter Creek, Ist and 3rd</OldTextValue>
    <NewTextValue>Trinity, Sutter Creek, 1st and 3rd</NewTextValue>
  </TextCorrectedLine>
  <TextCorrectedLine lineID="P1_TL00433">
    <OldTextValue>JOHN E. SHEA,</OldTextValue>
    <NewTextValue>JOHN E. SHEA, Rector</NewTextValue>
  </TextCorrectedLine>
</TextCorrectedBlock>
<TextCorrectedBlock pageOID="AL19110106.1.1" blockID="P1_TB00079" userID="[redacted]">
  <TextCorrectedLine lineID="P1_TL00500">
    <OldTextValue>and third Sundays of each', month at</OldTextValue>
    <NewTextValue>and third Sundays of each month at</NewTextValue>
  </TextCorrectedLine>
  <TextCorrectedLine lineID="P1_TL00501">
    <OldTextValue>10 o'clock a. m., ajid 7 o'clock p. m.;</OldTextValue>
    <NewTextValue>10 o'clock a. m., and 7 o'clock p. m.;</NewTextValue>
  </TextCorrectedLine>
  <TextCorrectedLine lineID="P1_TL00503">
    <OldTextValue>• ing« at 7 d'clocVC'i "■: ; ■■■■:&lt;:-■</OldTextValue>
    <NewTextValue>• ing at 7 o'clock.</NewTextValue>
  </TextCorrectedLine>
  <TextCorrectedLine lineID="P1_TL00504">
    <OldTextValue>A. P. KASHEVAROFF, P««tor.</OldTextValue>
    <NewTextValue>A. P. KASHEVAROFF, Pastor.</NewTextValue>
  </TextCorrectedLine>
</TextCorrectedBlock>
