<TextCorrectedBlock pageOID="AL19081204.1.4" blockID="P4_CB00003" userID="[redacted]">
  <TextCorrectedLine lineID="P4_TL00441">
    <OldTextValue>PUBLIC LAND BALE.</OldTextValue>
    <NewTextValue>PUBLIC LAND SALE.</NewTextValue>
  </TextCorrectedLine>
  <TextCorrectedLine lineID="P4_TL00442">
    <OldTextValue>Serial No. 0231.</OldTextValue>
    <NewTextValue>Serial No. 0234.</NewTextValue>
  </TextCorrectedLine>
  <TextCorrectedLine lineID="P4_TL00443">
    <OldTextValue>Sacramento Laud Ollice. Oct. 24. IUOB.</OldTextValue>
    <NewTextValue>Sacramento Land Office. Oct. 24.1908.</NewTextValue>
  </TextCorrectedLine>
  <TextCorrectedLine lineID="P4_TL00444">
    <OldTextValue>Notice is hereby given tbat, as</OldTextValue>
    <NewTextValue>Notice is hereby given that, as</NewTextValue>
  </TextCorrectedLine>
  <TextCorrectedLine lineID="P4_TL00445">
    <OldTextValue>directed by the Commissioner of tbe</OldTextValue>
    <NewTextValue>directed by the Commissioner of the</NewTextValue>
  </TextCorrectedLine>
  <TextCorrectedLine lineID="P4_TL00446">
    <OldTextValue>Ueneral Land Ollice, under provisions</OldTextValue>
    <NewTextValue>General Land Office, under provisions</NewTextValue>
  </TextCorrectedLine>
  <TextCorrectedLine lineID="P4_TL00448">
    <OldTextValue>190U, Public-No. 303, we will offer</OldTextValue>
    <NewTextValue>1906, Public-No. 303, we will offer</NewTextValue>
  </TextCorrectedLine>
  <TextCorrectedLine lineID="P4_TL00449">
    <OldTextValue>at public sale, to tbe highest bidder,</OldTextValue>
    <NewTextValue>at public sale, to the highest bidder,</NewTextValue>
  </TextCorrectedLine>
  <TextCorrectedLine lineID="P4_TL00451">
    <OldTextValue>of December next, at tbis office, the</OldTextValue>
    <NewTextValue>of December next, at this office, the</NewTextValue>
  </TextCorrectedLine>
  <TextCorrectedLine lineID="P4_TL00452">
    <OldTextValue>following tract ot land, to wit: SKkJ</OldTextValue>
    <NewTextValue>following tract of land, to wit: SE 1/4</NewTextValue>
  </TextCorrectedLine>
  <TextCorrectedLine lineID="P4_TL00460">
    <OldTextValue>JOHN F. ARMSTRONG, Kegister.</OldTextValue>
    <NewTextValue>JOHN F. ARMSTRONG, Register.</NewTextValue>
  </TextCorrectedLine>
  <TextCorrectedLine lineID="P4_TL00461">
    <OldTextValue>0ct.30 WILL A. NEWCUM,Receiver.</OldTextValue>
    <NewTextValue>Oct.30 WILL A. NEWCUM, Receiver.</NewTextValue>
  </TextCorrectedLine>
</TextCorrectedBlock>
<TextCorrectedBlock pageOID="AL19081204.1.4" blockID="P4_TB00037" userID="[redacted]">
  <TextCorrectedLine lineID="P4_TL00258">
    <OldTextValue>of the late Judge Kust to San Fran-</OldTextValue>
    <NewTextValue>of the late Judge Rust to San Fran-</NewTextValue>
  </TextCorrectedLine>
  <TextCorrectedLine lineID="P4_TL00259">
    <OldTextValue>cisco last Friday ..returned honi^ Sun-</OldTextValue>
    <NewTextValue>cisco last Friday, returned home Sun-</NewTextValue>
  </TextCorrectedLine>
  <TextCorrectedLine lineID="P4_TL00261">
    <OldTextValue>Mrs Frank Johnson and Miss Kiiith</OldTextValue>
    <NewTextValue>Mrs Frank Johnson and MissEdith</NewTextValue>
  </TextCorrectedLine>
  <TextCorrectedLine lineID="P4_TL00262">
    <OldTextValue>Daneri returned Monday eveuiDg</OldTextValue>
    <NewTextValue>Daneri returned Monday evening</NewTextValue>
  </TextCorrectedLine>
  <TextCorrectedLine lineID="P4_TL00265">
    <OldTextValue>Mrs Antone Kontenrose and children</OldTextValue>
    <NewTextValue>Mrs Antone Fontenrose and children</NewTextValue>
  </TextCorrectedLine>
  <TextCorrectedLine lineID="P4_TL00269">
    <OldTextValue>Ueo. Uilliok, Carrie Amelia, almost</OldTextValue>
    <NewTextValue>Geo. Gillick, Carrie Amelia, almost</NewTextValue>
  </TextCorrectedLine>
  <TextCorrectedLine lineID="P4_TL00273">
    <OldTextValue>her little life is done almost ■ before</OldTextValue>
    <NewTextValue>her little life is done almost before</NewTextValue>
  </TextCorrectedLine>
</TextCorrectedBlock>
<TextCorrectedBlock pageOID="AL19081204.1.3" blockID="P3_CB00002" userID="[redacted]">
  <TextCorrectedLine lineID="P3_TL00634">
    <OldTextValue>CASTOR I A</OldTextValue>
    <NewTextValue>CASTORIA</NewTextValue>
  </TextCorrectedLine>
  <TextCorrectedLine lineID="P3_TL00636">
    <OldTextValue>The Kind You Have Always Bough)</OldTextValue>
    <NewTextValue>The Kind You Have Always Bought</NewTextValue>
  </TextCorrectedLine>
  <TextCorrectedLine lineID="P3_TL00642">
    <OldTextValue>I INSURE YOUR HEALTH"</OldTextValue>
    <NewTextValue>I INSURE YOUR HEALTH</NewTextValue>
  </TextCorrectedLine>
  <TextCorrectedLine lineID="P3_TL00643">
    <OldTextValue>;■}£* COMFORT</OldTextValue>
    <NewTextValue>AND COMFORT</NewTextValue>
  </TextCorrectedLine>
  <TextCorrectedLine lineID="P3_TL00645">
    <OldTextValue>i\V \ ;ln'\v\ ky wearing a</OldTextValue>
    <NewTextValue>by wearing a</NewTextValue>
  </TextCorrectedLine>
  <TextCorrectedLine lineID="P3_TL00646">
    <OldTextValue>raKSLICKER</OldTextValue>
    <NewTextValue>SLICKER</NewTextValue>
  </TextCorrectedLine>
  <TextCorrectedLine lineID="P3_TL00647">
    <OldTextValue>■Srl^fi Durable</OldTextValue>
    <NewTextValue>Durable</NewTextValue>
  </TextCorrectedLine>
  <TextCorrectedLine lineID="P3_TL00648">
    <OldTextValue>P'V iJ^w Guaranteed</OldTextValue>
    <NewTextValue>Guaranteed</NewTextValue>
  </TextCorrectedLine>
  <TextCorrectedLine lineID="P3_TL00649">
    <OldTextValue>■njjSfr' Watorprool</OldTextValue>
    <NewTextValue>Waterproof</NewTextValue>
  </TextCorrectedLine>
  <TextCorrectedLine lineID="P3_TL00650">
    <OldTextValue>Th^jKrf( r v'.'" »3Q9 Everywhere</OldTextValue>
    <NewTextValue>$3.00 Everywhere</NewTextValue>
  </TextCorrectedLine>
</TextCorrectedBlock>
<TextCorrectedBlock pageOID="AL19081204.1.3" blockID="P3_TB00037" userID="[redacted]">
  <TextCorrectedLine lineID="P3_TL00418">
    <OldTextValue>MH square miles. It lies on the- wes-</OldTextValue>
    <NewTextValue>MH square miles. It lies on the wes-</NewTextValue>
  </TextCorrectedLine>
  <TextCorrectedLine lineID="P3_TL00421">
    <OldTextValue>tho diversity of valley, foothill, nnd</OldTextValue>
    <NewTextValue>the diversity of valley, foothill, nnd</NewTextValue>
  </TextCorrectedLine>
  <TextCorrectedLine lineID="P3_TL00423">
    <OldTextValue>Climate— The cllmato of tho popu-</OldTextValue>
    <NewTextValue>Climate— The climate of the popu-</NewTextValue>
  </TextCorrectedLine>
  <TextCorrectedLine lineID="P3_TL00424">
    <OldTextValue>lous portions of tho county ii as genial</OldTextValue>
    <NewTextValue>lous portions of the county is as genial</NewTextValue>
  </TextCorrectedLine>
  <TextCorrectedLine lineID="P3_TL00426">
    <OldTextValue>In California. As cllmato is one of tho</OldTextValue>
    <NewTextValue>In California. As climate is one of the</NewTextValue>
  </TextCorrectedLine>
  <TextCorrectedLine lineID="P3_TL00428">
    <OldTextValue>state In attracting 1 population, Amador</OldTextValue>
    <NewTextValue>state In attracting population, Amador</NewTextValue>
  </TextCorrectedLine>
  <TextCorrectedLine lineID="P3_TL00436">
    <OldTextValue>California. Tho tomperaturo alone tho</OldTextValue>
    <NewTextValue>California. The temperature alone the</NewTextValue>
  </TextCorrectedLine>
</TextCorrectedBlock>
<TextCorrectedBlock pageOID="AL19081204.1.3" blockID="P3_TB00037" userID="[redacted]">
  <TextCorrectedLine lineID="P3_TL00418">
    <OldTextValue>MH square miles. It lies on the wes-</OldTextValue>
    <NewTextValue>548 square miles. It lies on the wes-</NewTextValue>
  </TextCorrectedLine>
  <TextCorrectedLine lineID="P3_TL00419">
    <OldTextValue>tern slope of Sierra Novada mountains,</OldTextValue>
    <NewTextValue>tern slope of Sierra Nevada mountains,</NewTextValue>
  </TextCorrectedLine>
  <TextCorrectedLine lineID="P3_TL00420">
    <OldTextValue>nnd emorapes within its territory all</OldTextValue>
    <NewTextValue>and embraces within its territory all</NewTextValue>
  </TextCorrectedLine>
  <TextCorrectedLine lineID="P3_TL00428">
    <OldTextValue>state In attracting population, Amador</OldTextValue>
    <NewTextValue>state in attracting population, Amador</NewTextValue>
  </TextCorrectedLine>
  <TextCorrectedLine lineID="P3_TL00434">
    <OldTextValue>only for thoso In loss favored states,</OldTextValue>
    <NewTextValue>only for those in less favored states,</NewTextValue>
  </TextCorrectedLine>
  <TextCorrectedLine lineID="P3_TL00435">
    <OldTextValue>but for tho residents of othor parts of</OldTextValue>
    <NewTextValue>but for the residents of other parts of</NewTextValue>
  </TextCorrectedLine>
</TextCorrectedBlock>
<TextCorrectedBlock pageOID="AL19081204.1.2" blockID="P2_TB00038" userID="[redacted]">
  <TextCorrectedLine lineID="P2_TL00210">
    <OldTextValue>AMADDR LEDBER</OldTextValue>
    <NewTextValue>AMADOR LEDGER</NewTextValue>
  </TextCorrectedLine>
  <TextCorrectedLine lineID="P2_TL00211">
    <OldTextValue>■</OldTextValue>
    <NewTextValue></NewTextValue>
  </TextCorrectedLine>
  <TextCorrectedLine lineID="P2_TL00213">
    <OldTextValue>'.;■■</OldTextValue>
    <NewTextValue></NewTextValue>
  </TextCorrectedLine>
  <TextCorrectedLine lineID="P2_TL00214">
    <OldTextValue>RICHARD WEBB Editor and Proprietor</OldTextValue>
    <NewTextValue>RICHARD WEBB........  Editor and Proprietor</NewTextValue>
  </TextCorrectedLine>
  <TextCorrectedLine lineID="P2_TL00215">
    <OldTextValue>SUBSCRIPTION RATES)</OldTextValue>
    <NewTextValue>SUBSCRIPTION RATES:</NewTextValue>
  </TextCorrectedLine>
  <TextCorrectedLine lineID="P2_TL00216">
    <OldTextValue>Odo yc at (Id Advnncc ■• • ■ mut *•■ • ■ ( « • • • ..,,*' m i</OldTextValue>
    <NewTextValue>One year (in advance) ..... $2 00</NewTextValue>
  </TextCorrectedLine>
  <TextCorrectedLine lineID="P2_TL00220">
    <OldTextValue>Ono or morn copies, each 0 6</OldTextValue>
    <NewTextValue>One or more copies, each  0 5</NewTextValue>
  </TextCorrectedLine>
</TextCorrectedBlock>
<TextCorrectedBlock pageOID="AL19081204.1.1" blockID="P1_TB00002" userID="[redacted]">
  <TextCorrectedLine lineID="P1_TL00002">
    <OldTextValue>The body of Judge li. C. Kuat waa</OldTextValue>
    <NewTextValue>The body of Judge J. C, Rust was</NewTextValue>
  </TextCorrectedLine>
</TextCorrectedBlock>
<TextCorrectedBlock pageOID="AL19081204.1.1" blockID="P1_CB00002" userID="[redacted]">
  <TextCorrectedLine lineID="P1_TL00536">
    <OldTextValue>- '</OldTextValue>
    <NewTextValue></NewTextValue>
  </TextCorrectedLine>
  <TextCorrectedLine lineID="P1_TL00537">
    <OldTextValue>WWi o&gt; BNVI&gt;KH&lt;</OldTextValue>
    <NewTextValue>WM. G. SNYDER</NewTextValue>
  </TextCorrectedLine>
  <TextCorrectedLine lineID="P1_TL00538">
    <OldTextValue>1 Atl.ornry-nt-l.nw,</OldTextValue>
    <NewTextValue>Attorney-at-Law,</NewTextValue>
  </TextCorrectedLine>
  <TextCorrectedLine lineID="P1_TL00539">
    <OldTextValue>\. .JACKSON, CAL.</OldTextValue>
    <NewTextValue>JACKSON, CAL.</NewTextValue>
  </TextCorrectedLine>
  <TextCorrectedLine lineID="P1_TL00543">
    <OldTextValue>TJI;. K. KNDICOTT, M. D.</OldTextValue>
    <NewTextValue>E. E. ENDICOTT, M. D.</NewTextValue>
  </TextCorrectedLine>
  <TextCorrectedLine lineID="P1_TL00544">
    <OldTextValue>l'hydolan nnrt Snrgeon</OldTextValue>
    <NewTextValue>Physician and Surgeon</NewTextValue>
  </TextCorrectedLine>
  <TextCorrectedLine lineID="P1_TL00545">
    <OldTextValue>Jackson, OAt.</OldTextValue>
    <NewTextValue>Jackson, CAL.</NewTextValue>
  </TextCorrectedLine>
  <TextCorrectedLine lineID="P1_TL00548">
    <OldTextValue>. ■ . ■ __:</OldTextValue>
    <NewTextValue></NewTextValue>
  </TextCorrectedLine>
  <TextCorrectedLine lineID="P1_TL00549">
    <OldTextValue>pwll. FKKU F. SritAXJUE</OldTextValue>
    <NewTextValue>DR. FRED F. SPRAGUE</NewTextValue>
  </TextCorrectedLine>
  <TextCorrectedLine lineID="P1_TL00550">
    <OldTextValue>Pliyslclnn nnd Snrgaon</OldTextValue>
    <NewTextValue>Physician and Surgeon</NewTextValue>
  </TextCorrectedLine>
</TextCorrectedBlock>
<TextCorrectedBlock pageOID="AL19081204.1.3" blockID="P3_TB00004" userID="[redacted]">
  <TextCorrectedLine lineID="P3_TL00005">
    <OldTextValue>"Sometime? your city nierchnut</OldTextValue>
    <NewTextValue>"Sometimes your city merchant</NewTextValue>
  </TextCorrectedLine>
  <TextCorrectedLine lineID="P3_TL00006">
    <OldTextValue>could rlo worse than go out in the</OldTextValue>
    <NewTextValue>could do worse than go out in the</NewTextValue>
  </TextCorrectedLine>
  <TextCorrectedLine lineID="P3_TL00007">
    <OldTextValue>suburbs to llnd a perfect example of</OldTextValue>
    <NewTextValue>suburbs to find a perfect example of</NewTextValue>
  </TextCorrectedLine>
  <TextCorrectedLine lineID="P3_TL00008">
    <OldTextValue>the power of advertising," said tho</OldTextValue>
    <NewTextValue>the power of advertising," said the</NewTextValue>
  </TextCorrectedLine>
</TextCorrectedBlock>
<TextCorrectedBlock pageOID="AL19081204.1.3" blockID="P3_CB00001" userID="[redacted]">
  <TextCorrectedLine lineID="P3_TL00562">
    <OldTextValue>■ _</OldTextValue>
    <NewTextValue></NewTextValue>
  </TextCorrectedLine>
  <TextCorrectedLine lineID="P3_TL00564">
    <OldTextValue>until you havo seen our New</OldTextValue>
    <NewTextValue>until you have seen our New</NewTextValue>
  </TextCorrectedLine>
  <TextCorrectedLine lineID="P3_TL00565">
    <OldTextValue>IDouMe Barrel Models fitted</OldTextValue>
    <NewTextValue>Double Barrel Models fitted</NewTextValue>
  </TextCorrectedLine>
  <TextCorrectedLine lineID="P3_TL00566">
    <OldTextValue>witl i Stevens Compressed Forged</OldTextValue>
    <NewTextValue>with Stevens Compressed Forged</NewTextValue>
  </TextCorrectedLine>
  <TextCorrectedLine lineID="P3_TL00567">
    <OldTextValue>j Steel Barrels—</OldTextValue>
    <NewTextValue>Steel Barrels—</NewTextValue>
  </TextCorrectedLine>
  <TextCorrectedLine lineID="P3_TL00569">
    <OldTextValue>Tho morto of constructing thoso</OldTextValue>
    <NewTextValue>The mode of constructing these</NewTextValue>
  </TextCorrectedLine>
  <TextCorrectedLine lineID="P3_TL00570">
    <OldTextValue>1 superb Trap nnd FioM Guns is</OldTextValue>
    <NewTextValue>superb Trap and Field Guns is</NewTextValue>
  </TextCorrectedLine>
  <TextCorrectedLine lineID="P3_TL00575">
    <OldTextValue>■^ljSpw* -fr* 81 ' B ' on our ma^ c -</OldTextValue>
    <NewTextValue>Insist on our make.-</NewTextValue>
  </TextCorrectedLine>
  <TextCorrectedLine lineID="P3_TL00576">
    <OldTextValue>B^S^Kf J.STEVENS</OldTextValue>
    <NewTextValue>J.STEVENS</NewTextValue>
  </TextCorrectedLine>
  <TextCorrectedLine lineID="P3_TL00577">
    <OldTextValue>IJk^Pay ARMS &amp; TOOL CO.</OldTextValue>
    <NewTextValue>ARMS &amp; TOOL CO.</NewTextValue>
  </TextCorrectedLine>
  <TextCorrectedLine lineID="P3_TL00578">
    <OldTextValue>OT M^wM Cbi»p«e Falli, Mia.</OldTextValue>
    <NewTextValue>Chicopee Falls, Mass.</NewTextValue>
  </TextCorrectedLine>
  <TextCorrectedLine lineID="P3_TL00580">
    <OldTextValue>KNIGHT « CO.</OldTextValue>
    <NewTextValue>KNIGHT &amp; CO.</NewTextValue>
  </TextCorrectedLine>
  <TextCorrectedLine lineID="P3_TL00592">
    <OldTextValue>soil nt tli« LOWKBT OASH PRICKS.</OldTextValue>
    <NewTextValue>sell at the LOWEST CASH PRICES.</NewTextValue>
  </TextCorrectedLine>
  <TextCorrectedLine lineID="P3_TL00594">
    <OldTextValue>75,000</OldTextValue>
    <NewTextValue>75,000   SHINGLES</NewTextValue>
  </TextCorrectedLine>
  <TextCorrectedLine lineID="P3_TL00595">
    <OldTextValue>Tn first-class condition</OldTextValue>
    <NewTextValue>In first-class condition</NewTextValue>
  </TextCorrectedLine>
  <TextCorrectedLine lineID="P3_TL00598">
    <OldTextValue>*</OldTextValue>
    <NewTextValue></NewTextValue>
  </TextCorrectedLine>
  <TextCorrectedLine lineID="P3_TL00599">
    <OldTextValue>Apply to f</OldTextValue>
    <NewTextValue>Apply to</NewTextValue>
  </TextCorrectedLine>
  <TextCorrectedLine lineID="P3_TL00602">
    <OldTextValue>OOO««0O0C O«J&gt;»*OO» MtCMtt</OldTextValue>
    <NewTextValue></NewTextValue>
  </TextCorrectedLine>
  <TextCorrectedLine lineID="P3_TL00603">
    <OldTextValue>• FOR THE BEST WORK J</OldTextValue>
    <NewTextValue>FOR THE BEST WORK</NewTextValue>
  </TextCorrectedLine>
  <TextCorrectedLine lineID="P3_TL00604">
    <OldTextValue>*; Send Youj Clothes to the J</OldTextValue>
    <NewTextValue>Send Your Clothes to the</NewTextValue>
  </TextCorrectedLine>
  <TextCorrectedLine lineID="P3_TL00605">
    <OldTextValue>| RfIURL GUEJUDNG S DYHHG GO. |</OldTextValue>
    <NewTextValue>ROUAL CLEANING &amp; DYEING CO.</NewTextValue>
  </TextCorrectedLine>
  <TextCorrectedLine lineID="P3_TL00607">
    <OldTextValue>I STGCKTON, CALIF. I</OldTextValue>
    <NewTextValue>STOCKTON, CALIF.</NewTextValue>
  </TextCorrectedLine>
  <TextCorrectedLine lineID="P3_TL00608">
    <OldTextValue>k«u«(««o«gia »»ao« •••c tots</OldTextValue>
    <NewTextValue></NewTextValue>
  </TextCorrectedLine>
  <TextCorrectedLine lineID="P3_TL00610">
    <OldTextValue>JJepartmout of tbo iutenor,</OldTextValue>
    <NewTextValue>Department of the Interior,</NewTextValue>
  </TextCorrectedLine>
</TextCorrectedBlock>
<TextCorrectedBlock pageOID="AL19081204.1.3" blockID="P3_TB00014" userID="[redacted]">
  <TextCorrectedLine lineID="P3_TL00238">
    <OldTextValue>bo many lives depended might be kin-</OldTextValue>
    <NewTextValue>so many lives depended might be kin-</NewTextValue>
  </TextCorrectedLine>
  <TextCorrectedLine lineID="P3_TL00240">
    <OldTextValue>day lie signaled to tho shore for help</OldTextValue>
    <NewTextValue>day he signaled to tho shore for help</NewTextValue>
  </TextCorrectedLine>
  <TextCorrectedLine lineID="P3_TL00241">
    <OldTextValue>nnd gave himself up to the police, tell-</OldTextValue>
    <NewTextValue>and gave himself up to the police, tell-</NewTextValue>
  </TextCorrectedLine>
  <TextCorrectedLine lineID="P3_TL00242">
    <OldTextValue>ing what lie had done.</OldTextValue>
    <NewTextValue>ing what he had done.</NewTextValue>
  </TextCorrectedLine>
</TextCorrectedBlock>
<TextCorrectedBlock pageOID="AL19081204.1.3" blockID="P3_CB00002" userID="[redacted]">
  <TextCorrectedLine lineID="P3_TL00684">
    <OldTextValue>• Prompt delivery of packages. ■ •</OldTextValue>
    <NewTextValue>Prompt delivery of packages.</NewTextValue>
  </TextCorrectedLine>
  <TextCorrectedLine lineID="P3_TL00685">
    <OldTextValue>■J This line connects with passenger •</OldTextValue>
    <NewTextValue>This line connects with passenger</NewTextValue>
  </TextCorrectedLine>
  <TextCorrectedLine lineID="P3_TL00686">
    <OldTextValue>• trains to and from Placerville. •</OldTextValue>
    <NewTextValue>trains to and from Placerville.</NewTextValue>
  </TextCorrectedLine>
  <TextCorrectedLine lineID="P3_TL00687">
    <OldTextValue>• THROUCH FARE • ■ • ■ $2.50 *</OldTextValue>
    <NewTextValue>THROUCH FARE  $2.50</NewTextValue>
  </TextCorrectedLine>
  <TextCorrectedLine lineID="P3_TL00688">
    <OldTextValue>• Fifty pounds of baggage free. m</OldTextValue>
    <NewTextValue>Fifty pounds of baggage free.</NewTextValue>
  </TextCorrectedLine>
  <TextCorrectedLine lineID="P3_TL00689">
    <OldTextValue>• ••■(!«••••••••••••«•••*•••</OldTextValue>
    <NewTextValue></NewTextValue>
  </TextCorrectedLine>
</TextCorrectedBlock>
<TextCorrectedBlock pageOID="AL19081204.1.3" blockID="P3_CB00002" userID="[redacted]">
  <TextCorrectedLine lineID="P3_TL00692">
    <OldTextValue>Hoarding and day school conducted by tho</OldTextValue>
    <NewTextValue>Boarding and day school conducted by the</NewTextValue>
  </TextCorrectedLine>
  <TextCorrectedLine lineID="P3_TL00693">
    <OldTextValue>Sisters of Notru Daine(Namur). Founded</OldTextValue>
    <NewTextValue>Sisters of Notre Dame (Namur). Founded</NewTextValue>
  </TextCorrectedLine>
  <TextCorrectedLine lineID="P3_TL00695">
    <OldTextValue>Tho curiculura embraces all tho branches of v</OldTextValue>
    <NewTextValue>The curiculum embraces all the branches of a</NewTextValue>
  </TextCorrectedLine>
  <TextCorrectedLine lineID="P3_TL00699">
    <OldTextValue>mli SISTER SUPERIOR</OldTextValue>
    <NewTextValue>SISTER SUPERIOR</NewTextValue>
  </TextCorrectedLine>
  <TextCorrectedLine lineID="P3_TL00701">
    <OldTextValue>Wo havo the most assort-</OldTextValue>
    <NewTextValue>We have the most assort-</NewTextValue>
  </TextCorrectedLine>
  <TextCorrectedLine lineID="P3_TL00702">
    <OldTextValue>ed and comploto stock of</OldTextValue>
    <NewTextValue>ed and complete stock of</NewTextValue>
  </TextCorrectedLine>
  <TextCorrectedLine lineID="P3_TL00703">
    <OldTextValue>goods outsiclo of San</OldTextValue>
    <NewTextValue>goods outside of San</NewTextValue>
  </TextCorrectedLine>
</TextCorrectedBlock>
<TextCorrectedBlock pageOID="AL19081204.1.4" blockID="P4_CB00001" userID="[redacted]">
  <TextCorrectedLine lineID="P4_TL00348">
    <OldTextValue>Riihstaller's</OldTextValue>
    <NewTextValue>Ruhstaller's</NewTextValue>
  </TextCorrectedLine>
  <TextCorrectedLine lineID="P4_TL00354">
    <OldTextValue>CALIFORNIA. my 29</OldTextValue>
    <NewTextValue>CALIFORNIA.</NewTextValue>
  </TextCorrectedLine>
  <TextCorrectedLine lineID="P4_TL00355">
    <OldTextValue>jDiTHIYOURMWii</OldTextValue>
    <NewTextValue>DON'T HIDE YOUR MONEY</NewTextValue>
  </TextCorrectedLine>
  <TextCorrectedLine lineID="P4_TL00356">
    <OldTextValue>&lt; i I'be man who bides bis money ' '</OldTextValue>
    <NewTextValue>The man who hides his money</NewTextValue>
  </TextCorrectedLine>
  <TextCorrectedLine lineID="P4_TL00357">
    <OldTextValue>&lt;• because he assumes to be afraid '</OldTextValue>
    <NewTextValue>because he assumes to be afraid</NewTextValue>
  </TextCorrectedLine>
  <TextCorrectedLine lineID="P4_TL00358">
    <OldTextValue>T of banks forgets that It was tbe ♦</OldTextValue>
    <NewTextValue>of banks forgets that it was the</NewTextValue>
  </TextCorrectedLine>
  <TextCorrectedLine lineID="P4_TL00359">
    <OldTextValue>4 &gt; bank tbat perhaps made the ' '</OldTextValue>
    <NewTextValue>bank that perhaps made the</NewTextValue>
  </TextCorrectedLine>
  <TextCorrectedLine lineID="P4_TL00376">
    <OldTextValue>* | bring your money to tbe bank. ' '</OldTextValue>
    <NewTextValue>bring your money to tbe bank. ' '</NewTextValue>
  </TextCorrectedLine>
  <TextCorrectedLine lineID="P4_TL00377">
    <OldTextValue>t Bank of Amador County *</OldTextValue>
    <NewTextValue>Bank of Amador County</NewTextValue>
  </TextCorrectedLine>
  <TextCorrectedLine lineID="P4_TL00378">
    <OldTextValue>&lt; &gt; Jackson. California. ! !</OldTextValue>
    <NewTextValue>Jackson. California.</NewTextValue>
  </TextCorrectedLine>
  <TextCorrectedLine lineID="P4_TL00379">
    <OldTextValue>♦♦»••♦♦•♦•♦♦»»♦»♦»♦♦♦♦»»♦»</OldTextValue>
    <NewTextValue></NewTextValue>
  </TextCorrectedLine>
  <TextCorrectedLine lineID="P4_TL00380">
    <OldTextValue>• —GO TO THE •</OldTextValue>
    <NewTextValue>GO TO THE</NewTextValue>
  </TextCorrectedLine>
  <TextCorrectedLine lineID="P4_TL00381">
    <OldTextValue>j lIS BAKERY 1</OldTextValue>
    <NewTextValue>AMADOR  BAKERY</NewTextValue>
  </TextCorrectedLine>
  <TextCorrectedLine lineID="P4_TL00383">
    <OldTextValue>j H. DHL POBTQ S CO- PRO'RS- 1</OldTextValue>
    <NewTextValue>A. DAL PORTO &amp; CO. PRO'RS</NewTextValue>
  </TextCorrectedLine>
  <TextCorrectedLine lineID="P4_TL00384">
    <OldTextValue>• We alsojkoep a large stock of Staple •</OldTextValue>
    <NewTextValue>We also keep a large stock of Staple</NewTextValue>
  </TextCorrectedLine>
  <TextCorrectedLine lineID="P4_TL00385">
    <OldTextValue>r and Fancy •</OldTextValue>
    <NewTextValue>and Fancy</NewTextValue>
  </TextCorrectedLine>
  <TextCorrectedLine lineID="P4_TL00386">
    <OldTextValue>1 GROCERIES i</OldTextValue>
    <NewTextValue>GROCERIES</NewTextValue>
  </TextCorrectedLine>
  <TextCorrectedLine lineID="P4_TL00387">
    <OldTextValue>» Our Specialty-Freshißreadtevery day 2</OldTextValue>
    <NewTextValue>Our Specialty-Fresh Bread every day</NewTextValue>
  </TextCorrectedLine>
  <TextCorrectedLine lineID="P4_TL00388">
    <OldTextValue>• except Sn»doy * . •</OldTextValue>
    <NewTextValue>except Sunday</NewTextValue>
  </TextCorrectedLine>
  <TextCorrectedLine lineID="P4_TL00389">
    <OldTextValue>••••«••••••••••••••«••«««£</OldTextValue>
    <NewTextValue></NewTextValue>
  </TextCorrectedLine>
  <TextCorrectedLine lineID="P4_TL00390">
    <OldTextValue>■■•- -•■ (/■.■■■■</OldTextValue>
    <NewTextValue></NewTextValue>
  </TextCorrectedLine>
</TextCorrectedBlock>
<TextCorrectedBlock pageOID="AL19081204.1.4" blockID="P4_CB00001" userID="[redacted]">
  <TextCorrectedLine lineID="P4_TL00392">
    <OldTextValue>#ahe Photographers</OldTextValue>
    <NewTextValue>The Photographer</NewTextValue>
  </TextCorrectedLine>
  <TextCorrectedLine lineID="P4_TL00399">
    <OldTextValue>The A. Van der Nailcn School</OldTextValue>
    <NewTextValue>The A. Van der Nailen School</NewTextValue>
  </TextCorrectedLine>
  <TextCorrectedLine lineID="P4_TL00402">
    <OldTextValue>Occupying their own largo bulluing, work-</OldTextValue>
    <NewTextValue>Occupying their own large building,  work-</NewTextValue>
  </TextCorrectedLine>
  <TextCorrectedLine lineID="P4_TL00403">
    <OldTextValue>shop und laboratories.</OldTextValue>
    <NewTextValue>shop and laboratories.</NewTextValue>
  </TextCorrectedLine>
  <TextCorrectedLine lineID="P4_TL00405">
    <OldTextValue>New students should enroll at once. •</OldTextValue>
    <NewTextValue>New students should enroll at once.</NewTextValue>
  </TextCorrectedLine>
  <TextCorrectedLine lineID="P4_TL00407">
    <OldTextValue>OAKLAND, CAL. my is</OldTextValue>
    <NewTextValue>OAKLAND, CAL.</NewTextValue>
  </TextCorrectedLine>
  <TextCorrectedLine lineID="P4_TL00409">
    <OldTextValue>Absolutely the lightest-run nlog lock-</OldTextValue>
    <NewTextValue>Absolutely the lightest-running lock-</NewTextValue>
  </TextCorrectedLine>
  <TextCorrectedLine lineID="P4_TL00411">
    <OldTextValue>M^^ The SINGER</OldTextValue>
    <NewTextValue>The SINGER</NewTextValue>
  </TextCorrectedLine>
  <TextCorrectedLine lineID="P4_TL00413">
    <OldTextValue>perienco in making Sewing machines</OldTextValue>
    <NewTextValue>perience in making Sewing machines</NewTextValue>
  </TextCorrectedLine>
  <TextCorrectedLine lineID="P4_TL00417">
    <OldTextValue>au«2B JACKSON, CAL.</OldTextValue>
    <NewTextValue>JACKSON, CAL.</NewTextValue>
  </TextCorrectedLine>
  <TextCorrectedLine lineID="P4_TL00418">
    <OldTextValue>rj/LB'l'Ortlii..</OldTextValue>
    <NewTextValue>CASTORIA.</NewTextValue>
  </TextCorrectedLine>
  <TextCorrectedLine lineID="P4_TL00419">
    <OldTextValue>Boar« tfco *&gt; '^ KM Vcu Have Always Bought</OldTextValue>
    <NewTextValue>Bears the  The Kind You Have Always Bought</NewTextValue>
  </TextCorrectedLine>
</TextCorrectedBlock>
<TextCorrectedBlock pageOID="AL19081204.1.5" blockID="P5_TB00047" userID="[redacted]">
  <TextCorrectedLine lineID="P5_TL00576">
    <OldTextValue>Tbe season for -' coughs and colds</OldTextValue>
    <NewTextValue>Tbe season for coughs and colds</NewTextValue>
  </TextCorrectedLine>
  <TextCorrectedLine lineID="P5_TL00577">
    <OldTextValue>is now at band and too muoh cure</OldTextValue>
    <NewTextValue>is now at hand and too much care</NewTextValue>
  </TextCorrectedLine>
  <TextCorrectedLine lineID="P5_TL00578">
    <OldTextValue>cannot be used tojprotect the child-</OldTextValue>
    <NewTextValue>cannot be used to protect the child-</NewTextValue>
  </TextCorrectedLine>
  <TextCorrectedLine lineID="P5_TL00579">
    <OldTextValue>reu. A child 'ia much numi likely</OldTextValue>
    <NewTextValue>ren. A child is much more likely</NewTextValue>
  </TextCorrectedLine>
  <TextCorrectedLine lineID="P5_TL00581">
    <OldTextValue>wlion be has a cold. The quicker</OldTextValue>
    <NewTextValue>when he has a cold. The quicker</NewTextValue>
  </TextCorrectedLine>
</TextCorrectedBlock>
