<TextCorrectedBlock pageOID="AL19040930.1.1" blockID="P1_CB00002" userID="[redacted]">
  <TextCorrectedLine lineID="P1_TL00457">
    <OldTextValue>rpAHOB * TAItOR</OldTextValue>
    <NewTextValue>TABOR &amp; TABOR</NewTextValue>
  </TextCorrectedLine>
  <TextCorrectedLine lineID="P1_TL00458">
    <OldTextValue>Attorneys at Ijxvr — -</OldTextValue>
    <NewTextValue>Attorneys at Law -</NewTextValue>
  </TextCorrectedLine>
  <TextCorrectedLine lineID="P1_TL00459">
    <OldTextValue>Stoll Building, Sacramekto, Cal.</OldTextValue>
    <NewTextValue>Stoll Building, Sacramento, Cal.</NewTextValue>
  </TextCorrectedLine>
  <TextCorrectedLine lineID="P1_TL00463">
    <OldTextValue>DI». SPAGNOLI</OldTextValue>
    <NewTextValue>D. B. SPAGNOLI</NewTextValue>
  </TextCorrectedLine>
  <TextCorrectedLine lineID="P1_TL00464">
    <OldTextValue>Attorney anil Cnnnsrlor at l.uu</OldTextValue>
    <NewTextValue>Attorney and Counselor at Law</NewTextValue>
  </TextCorrectedLine>
  <TextCorrectedLine lineID="P1_TL00465">
    <OldTextValue>• Jackson, Cal.</OldTextValue>
    <NewTextValue>Jackson, Cal.</NewTextValue>
  </TextCorrectedLine>
  <TextCorrectedLine lineID="P1_TL00466">
    <OldTextValue>Practice in all tho States and Federal courts</OldTextValue>
    <NewTextValue>Practice in all the States and Federal courts</NewTextValue>
  </TextCorrectedLine>
  <TextCorrectedLine lineID="P1_TL00468">
    <OldTextValue>Records. ' ', '•</OldTextValue>
    <NewTextValue>Records.</NewTextValue>
  </TextCorrectedLine>
</TextCorrectedBlock>
<TextCorrectedBlock pageOID="AL19040930.1.1" blockID="P1_CB00002" userID="[redacted]">
  <TextCorrectedLine lineID="P1_TL00467">
    <OldTextValue>Office: Spagnoli building, opposite Hall ol</OldTextValue>
    <NewTextValue>Office: Spagnoli building, opposite Hall of</NewTextValue>
  </TextCorrectedLine>
</TextCorrectedBlock>
<TextCorrectedBlock pageOID="AL19040930.1.1" blockID="P1_TB00006" userID="[redacted]">
  <TextCorrectedLine lineID="P1_TL00015">
    <OldTextValue>tained j in these objects the peasants</OldTextValue>
    <NewTextValue>tained in these objects the peasants</NewTextValue>
  </TextCorrectedLine>
</TextCorrectedBlock>
<TextCorrectedBlock pageOID="AL19040930.1.1" blockID="P1_TB00017" userID="[redacted]">
  <TextCorrectedLine lineID="P1_TL00080">
    <OldTextValue>Just how the White House curve tc</OldTextValue>
    <NewTextValue>Just how the White House came to</NewTextValue>
  </TextCorrectedLine>
  <TextCorrectedLine lineID="P1_TL00081">
    <OldTextValue>be so designated is a question on wliieL</OldTextValue>
    <NewTextValue>be so designated is a question on which</NewTextValue>
  </TextCorrectedLine>
  <TextCorrectedLine lineID="P1_TL00083">
    <OldTextValue>Washington .thinks that the bunion ol</OldTextValue>
    <NewTextValue>Washington thinks that the burden of</NewTextValue>
  </TextCorrectedLine>
  <TextCorrectedLine lineID="P1_TL00084">
    <OldTextValue>proof tends to jjive credit for the nanif</OldTextValue>
    <NewTextValue>proof tends to give credit for the nane</NewTextValue>
  </TextCorrectedLine>
  <TextCorrectedLine lineID="P1_TL00085">
    <OldTextValue>to President Vadison.</OldTextValue>
    <NewTextValue>to President Madison.</NewTextValue>
  </TextCorrectedLine>
</TextCorrectedBlock>
<TextCorrectedBlock pageOID="AL19040930.1.1" blockID="P1_CB00003" userID="[redacted]">
  <TextCorrectedLine lineID="P1_TL00530">
    <OldTextValue>fi^Just solid pack. |</OldTextValue>
    <NewTextValue>Just solid pack.</NewTextValue>
  </TextCorrectedLine>
  <TextCorrectedLine lineID="P1_TL00531">
    <OldTextValue>I Early in seasontperfect I</OldTextValue>
    <NewTextValue>Early in seasont perfect</NewTextValue>
  </TextCorrectedLine>
  <TextCorrectedLine lineID="P1_TL00532">
    <OldTextValue>1 color— fine flavor. B</OldTextValue>
    <NewTextValue>color— fine flavor.</NewTextValue>
  </TextCorrectedLine>
  <TextCorrectedLine lineID="P1_TL00534">
    <OldTextValue>• WboleMk OroteA . f</OldTextValue>
    <NewTextValue>Wholesale Grocers</NewTextValue>
  </TextCorrectedLine>
  <TextCorrectedLine lineID="P1_TL00535">
    <OldTextValue>Saoraflt***t&lt;»</OldTextValue>
    <NewTextValue>Sacramento</NewTextValue>
  </TextCorrectedLine>
  <TextCorrectedLine lineID="P1_TL00544">
    <OldTextValue>on the lath day of September, 19U4. an assess-</OldTextValue>
    <NewTextValue>on the 15th day of September, 1904. an assess-</NewTextValue>
  </TextCorrectedLine>
  <TextCorrectedLine lineID="P1_TL00548">
    <OldTextValue>coin to the Secretary, at the oltice of the Com-</OldTextValue>
    <NewTextValue>coin to the Secretary, at the office of the Com-</NewTextValue>
  </TextCorrectedLine>
  <TextCorrectedLine lineID="P1_TL00549">
    <OldTextValue>pany, sixth floor, Rialto building, San Fran-'</OldTextValue>
    <NewTextValue>pany, sixth floor, Rialto building, San Fran-</NewTextValue>
  </TextCorrectedLine>
  <TextCorrectedLine lineID="P1_TL00550">
    <OldTextValue>Cisco, California.</OldTextValue>
    <NewTextValue>csco, California.</NewTextValue>
  </TextCorrectedLine>
  <TextCorrectedLine lineID="P1_TL00553">
    <OldTextValue>October, |!itn, will be delinquent and advertis-</OldTextValue>
    <NewTextValue>October, 1904, will be delinquent and advertis-</NewTextValue>
  </TextCorrectedLine>
  <TextCorrectedLine lineID="P1_TL00554">
    <OldTextValue>ed for sale at publip anction; and unless pay-</OldTextValue>
    <NewTextValue>ed for sale at public auction; and unless pay-</NewTextValue>
  </TextCorrectedLine>
</TextCorrectedBlock>
