<TextCorrectedBlock pageOID="AL19030515.1.1" blockID="P1_CB00010" userID="[redacted]">
  <TextCorrectedLine lineID="P1_TL00987">
    <OldTextValue>-AND GET TOUR PREMIUM- i</OldTextValue>
    <NewTextValue>-AND GET TOUR PREMIUM-</NewTextValue>
  </TextCorrectedLine>
  <TextCorrectedLine lineID="P1_TL00988">
    <OldTextValue>Beautiful gold stamped and decorated •:</OldTextValue>
    <NewTextValue>Beautiful gold stamped and decorated</NewTextValue>
  </TextCorrectedLine>
  <TextCorrectedLine lineID="P1_TL00990">
    <OldTextValue>. .^^^^ I '•■'■;.</OldTextValue>
    <NewTextValue></NewTextValue>
  </TextCorrectedLine>
  <TextCorrectedLine lineID="P1_TL00992">
    <OldTextValue>Trade with us and for every cent you spend you get '!</OldTextValue>
    <NewTextValue>Trade with us and for every cent you spend you get</NewTextValue>
  </TextCorrectedLine>
  <TextCorrectedLine lineID="P1_TL00993">
    <OldTextValue>a coupon that is redeemable in chinaware; !</OldTextValue>
    <NewTextValue>a coupon that is redeemable in chinaware;</NewTextValue>
  </TextCorrectedLine>
  <TextCorrectedLine lineID="P1_TL00994">
    <OldTextValue>a thing that ladies like. . ■ ',</OldTextValue>
    <NewTextValue>a thing that ladies like.</NewTextValue>
  </TextCorrectedLine>
</TextCorrectedBlock>
<TextCorrectedBlock pageOID="AL19030515.1.1" blockID="P1_CB00010" userID="[redacted]">
  <TextCorrectedLine lineID="P1_TL00986">
    <OldTextValue>Bring in Your Coupons I</OldTextValue>
    <NewTextValue>Bring in Your Coupons</NewTextValue>
  </TextCorrectedLine>
</TextCorrectedBlock>
<TextCorrectedBlock pageOID="AL19030515.1.2" blockID="P2_CB00003" userID="[redacted]">
  <TextCorrectedLine lineID="P2_TL00766">
    <OldTextValue>| A Nice Baby Buggy</OldTextValue>
    <NewTextValue>A Nice Baby Buggy</NewTextValue>
  </TextCorrectedLine>
  <TextCorrectedLine lineID="P2_TL00767">
    <OldTextValue>H Is just what you need as the Baby</OldTextValue>
    <NewTextValue>Is just what you need as the Baby</NewTextValue>
  </TextCorrectedLine>
  <TextCorrectedLine lineID="P2_TL00768">
    <OldTextValue>J likes to be out of doors this lovely</OldTextValue>
    <NewTextValue>likes to be out of doors this lovely</NewTextValue>
  </TextCorrectedLine>
  <TextCorrectedLine lineID="P2_TL00769">
    <OldTextValue>U Spring weather. Some very pretty</OldTextValue>
    <NewTextValue>Spring weather. Some very pretty</NewTextValue>
  </TextCorrectedLine>
  <TextCorrectedLine lineID="P2_TL00770">
    <OldTextValue>g ones at- all prices can be had at</OldTextValue>
    <NewTextValue>ones at- all prices can be had at</NewTextValue>
  </TextCorrectedLine>
  <TextCorrectedLine lineID="P2_TL00771">
    <OldTextValue>H And while we are talking about</OldTextValue>
    <NewTextValue>And while we are talking about</NewTextValue>
  </TextCorrectedLine>
  <TextCorrectedLine lineID="P2_TL00772">
    <OldTextValue>m Spring don't you need a Refrig-</OldTextValue>
    <NewTextValue>Spring don't you need a Refrig-</NewTextValue>
  </TextCorrectedLine>
  <TextCorrectedLine lineID="P2_TL00773">
    <OldTextValue>8 erator? we have them. Also</OldTextValue>
    <NewTextValue>erator? we have them. Also</NewTextValue>
  </TextCorrectedLine>
  <TextCorrectedLine lineID="P2_TL00774">
    <OldTextValue>J good Ice Cream Freezers.</OldTextValue>
    <NewTextValue>good Ice Cream Freezers.</NewTextValue>
  </TextCorrectedLine>
  <TextCorrectedLine lineID="P2_TL00775">
    <OldTextValue>Is. Corner Main and Water Sts. - - Jackson.</OldTextValue>
    <NewTextValue>Corner Main and Water Sts. - - Jackson.</NewTextValue>
  </TextCorrectedLine>
  <TextCorrectedLine lineID="P2_TL00776">
    <OldTextValue>I Would You Like</OldTextValue>
    <NewTextValue>Would You Like</NewTextValue>
  </TextCorrectedLine>
  <TextCorrectedLine lineID="P2_TL00777">
    <OldTextValue>I; a Fancy Silk Vest for Nothing?</OldTextValue>
    <NewTextValue>a Fancy Silk Vest for Nothing?</NewTextValue>
  </TextCorrectedLine>
  <TextCorrectedLine lineID="P2_TL00778">
    <OldTextValue>; ; I am going to give one to every gentleman</OldTextValue>
    <NewTextValue>I am going to give one to every gentleman</NewTextValue>
  </TextCorrectedLine>
  <TextCorrectedLine lineID="P2_TL00779">
    <OldTextValue>1 1 who has a dress suit made to order by</OldTextValue>
    <NewTextValue>who has a dress suit made to order by</NewTextValue>
  </TextCorrectedLine>
  <TextCorrectedLine lineID="P2_TL00780">
    <OldTextValue>I! me between now and June i, 1903. I have</OldTextValue>
    <NewTextValue>me between now and June 1, 1903. I have</NewTextValue>
  </TextCorrectedLine>
  <TextCorrectedLine lineID="P2_TL00781">
    <OldTextValue>|j § been selling these vests at $2.so. each.' It</OldTextValue>
    <NewTextValue>been selling these vests at $2.50 each.  It</NewTextValue>
  </TextCorrectedLine>
  <TextCorrectedLine lineID="P2_TL00782">
    <OldTextValue>!! % cost more than that to manufacture them,</OldTextValue>
    <NewTextValue>cost more than that to manufacture them,</NewTextValue>
  </TextCorrectedLine>
  <TextCorrectedLine lineID="P2_TL00783">
    <OldTextValue>! \ but I made a hit in ; buying, and will give</OldTextValue>
    <NewTextValue>but I made a hit in  buying, and will give</NewTextValue>
  </TextCorrectedLine>
  <TextCorrectedLine lineID="P2_TL00784">
    <OldTextValue>;i you the benefit of a good bargain. Remem- 1</OldTextValue>
    <NewTextValue>you the benefit of a good bargain. Remem-</NewTextValue>
  </TextCorrectedLine>
  <TextCorrectedLine lineID="P2_TL00785">
    <OldTextValue>! I ber this offer is until June 1 only. Jack-</OldTextValue>
    <NewTextValue>ber this offer is until June 1 only. Jack-</NewTextValue>
  </TextCorrectedLine>
  <TextCorrectedLine lineID="P2_TL00786">
    <OldTextValue>1 1 son's Exclusive Clothing and Tail-.'.</OldTextValue>
    <NewTextValue>son's Exclusive Clothing and Tail-</NewTextValue>
  </TextCorrectedLine>
  <TextCorrectedLine lineID="P2_TL00787">
    <OldTextValue>! i oring Store, &lt;*?'&lt; - - ; v'-''' : : \- r Jvi?£</OldTextValue>
    <NewTextValue>oring Store,</NewTextValue>
  </TextCorrectedLine>
  <TextCorrectedLine lineID="P2_TL00788">
    <OldTextValue>I MAX LADAR, The Tailor</OldTextValue>
    <NewTextValue>MAX LADAR, The Tailor</NewTextValue>
  </TextCorrectedLine>
  <TextCorrectedLine lineID="P2_TL00789">
    <OldTextValue>♦♦»•»•••• •••»♦♦♦•»»«»«»»»♦♦— ♦—^•♦•••♦♦♦•••••♦•»</OldTextValue>
    <NewTextValue></NewTextValue>
  </TextCorrectedLine>
  <TextCorrectedLine lineID="P2_TL00794">
    <OldTextValue>centrates Tested by any Process. Analysis of Ores. \</OldTextValue>
    <NewTextValue>centrates Tested by any Process. Analysis of Ores.</NewTextValue>
  </TextCorrectedLine>
  <TextCorrectedLine lineID="P2_TL00797">
    <OldTextValue>apswta Near Montgomery. San Francisco, Cal.</OldTextValue>
    <NewTextValue>ap24-3m    Near Montgomery. San Francisco, Cal.</NewTextValue>
  </TextCorrectedLine>
  <TextCorrectedLine lineID="P2_TL00798">
    <OldTextValue>I THE NEW J</OldTextValue>
    <NewTextValue>THE NEW</NewTextValue>
  </TextCorrectedLine>
  <TextCorrectedLine lineID="P2_TL00799">
    <OldTextValue>NATIONAL HOTEL - &gt;* »&gt;</OldTextValue>
    <NewTextValue>NATIONAL HOTEL</NewTextValue>
  </TextCorrectedLine>
  <TextCorrectedLine lineID="P2_TL00800">
    <OldTextValue>v9J™^ Foot of Main Street</OldTextValue>
    <NewTextValue>Foot of Main Street</NewTextValue>
  </TextCorrectedLine>
  <TextCorrectedLine lineID="P2_TL00801">
    <OldTextValue>o o o o o o FIRST-CUSS ACCOIIODJITIOtiS FOR TRAVELERS JIT RUSOMBLE PRICE</OldTextValue>
    <NewTextValue>FIRST-CLASS ACCOMMODATIONS FOR TRAVELERS AT REASONABLE PRICE</NewTextValue>
  </TextCorrectedLine>
  <TextCorrectedLine lineID="P2_TL00802">
    <OldTextValue>Srf; 4^ ■■ ■ ''V: ''■■•'/-■/: '. ■ i</OldTextValue>
    <NewTextValue></NewTextValue>
  </TextCorrectedLine>
  <TextCorrectedLine lineID="P2_TL00803">
    <OldTextValue>„£« — 1 Sample Room for Commercial Travelers ..</OldTextValue>
    <NewTextValue>Sample Room for Commercial Travelers</NewTextValue>
  </TextCorrectedLine>
  <TextCorrectedLine lineID="P2_TL00804">
    <OldTextValue>f V Rooms Newly Furnished Throughout A</OldTextValue>
    <NewTextValue>Rooms Newly Furnished Throughout</NewTextValue>
  </TextCorrectedLine>
  <TextCorrectedLine lineID="P2_TL00805">
    <OldTextValue>■ Tablo Supplied With the Best is the Market y&amp;~</OldTextValue>
    <NewTextValue>Table Supplied With the Best is the Market</NewTextValue>
  </TextCorrectedLine>
  <TextCorrectedLine lineID="P2_TL00806">
    <OldTextValue>\ 6 " BrandS °' T i</OldTextValue>
    <NewTextValue>BAR Supplied with the Finest Brands of Wines Liquors and Cigars</NewTextValue>
  </TextCorrectedLine>
</TextCorrectedBlock>
<TextCorrectedBlock pageOID="AL19030515.1.2" blockID="P2_CB00003" userID="[redacted]">
  <TextCorrectedLine lineID="P2_TL00807">
    <OldTextValue>F- -A.. TTOOIEeHIIEXS, ZE^opxietoa</OldTextValue>
    <NewTextValue>F. A.. VOORHEIS, Proprietor</NewTextValue>
  </TextCorrectedLine>
</TextCorrectedBlock>
