<TextCorrectedBlock pageOID="AL19000105.1.1" blockID="P5_TB00040" userID="[redacted]">
  <TextCorrectedLine lineID="P5_TL00234">
    <OldTextValue>largest Plant in the World.</OldTextValue>
    <NewTextValue>Largest Plant in the World.</NewTextValue>
  </TextCorrectedLine>
</TextCorrectedBlock>
<TextCorrectedBlock pageOID="AL19000105.1.1" blockID="P5_TB00045" userID="[redacted]">
  <TextCorrectedLine lineID="P5_TL00272">
    <OldTextValue>stem of tho plant is as strong as an or-</OldTextValue>
    <NewTextValue>stem of the plant is as strong as an or-</NewTextValue>
  </TextCorrectedLine>
  <TextCorrectedLine lineID="P5_TL00275">
    <OldTextValue>habitants of tho South Sea Islands,</OldTextValue>
    <NewTextValue>habitants of the South Sea Islands,</NewTextValue>
  </TextCorrectedLine>
  <TextCorrectedLine lineID="P5_TL00278">
    <OldTextValue>a depth of from 200 to 300 foet. As</OldTextValue>
    <NewTextValue>a depth of from 200 to 300 feet. As</NewTextValue>
  </TextCorrectedLine>
  <TextCorrectedLine lineID="P5_TL00279">
    <OldTextValue>soon -as the : plant takes root a spear-</OldTextValue>
    <NewTextValue>soon as the  plant takes root a spear-</NewTextValue>
  </TextCorrectedLine>
</TextCorrectedBlock>
<TextCorrectedBlock pageOID="AL19000105.1.1" blockID="P5_TB00015" userID="[redacted]">
  <TextCorrectedLine lineID="P5_TL00037">
    <OldTextValue>... . ... ■-■^iiy.</OldTextValue>
    <NewTextValue></NewTextValue>
  </TextCorrectedLine>
</TextCorrectedBlock>
<TextCorrectedBlock pageOID="AL19000105.1.1" blockID="P5_TB00022" userID="[redacted]">
  <TextCorrectedLine lineID="P5_TL00125">
    <OldTextValue>* ■•". ' 'Happy Tom Burrell ' was ' arrested</OldTextValue>
    <NewTextValue>"Happy Tom" Burrell was arrested</NewTextValue>
  </TextCorrectedLine>
  <TextCorrectedLine lineID="P5_TL00127">
    <OldTextValue>sworn out by Tom Irvine. V. His case</OldTextValue>
    <NewTextValue>sworn out by Tom Irvine.  His case</NewTextValue>
  </TextCorrectedLine>
  <TextCorrectedLine lineID="P5_TL00128">
    <OldTextValue>came up -in Justice Carpender's court</OldTextValue>
    <NewTextValue>came up in Justice Carpender's court</NewTextValue>
  </TextCorrectedLine>
  <TextCorrectedLine lineID="P5_TL00130">
    <OldTextValue>rell was acquitted. . ,</OldTextValue>
    <NewTextValue>rell was acquitted.</NewTextValue>
  </TextCorrectedLine>
</TextCorrectedBlock>
