<TextCorrectedBlock pageOID="AL19040520.1.1" blockID="P1_CB00002" userID="[redacted]">
  <TextCorrectedLine lineID="P1_TL00582">
    <OldTextValue>\ Taste"</OldTextValue>
    <NewTextValue>"Our Taste"</NewTextValue>
  </TextCorrectedLine>
  <TextCorrectedLine lineID="P1_TL00583">
    <OldTextValue>AOysters^Y</OldTextValue>
    <NewTextValue>Oysters</NewTextValue>
  </TextCorrectedLine>
  <TextCorrectedLine lineID="P1_TL00584">
    <OldTextValue>■ are large, fat, luscipus \</OldTextValue>
    <NewTextValue>are large, fat, luscious</NewTextValue>
  </TextCorrectedLine>
  <TextCorrectedLine lineID="P1_TL00585">
    <OldTextValue>I Chesapeakes. The B</OldTextValue>
    <NewTextValue>Chesapeakes. The</NewTextValue>
  </TextCorrectedLine>
  <TextCorrectedLine lineID="P1_TL00586">
    <OldTextValue>J very choicest— packed %</OldTextValue>
    <NewTextValue>very choicest— packed</NewTextValue>
  </TextCorrectedLine>
  <TextCorrectedLine lineID="P1_TL00587">
    <OldTextValue>S expressly for our trade. I</OldTextValue>
    <NewTextValue>expressly for our trade.</NewTextValue>
  </TextCorrectedLine>
  <TextCorrectedLine lineID="P1_TL00588">
    <OldTextValue>V° ur g focer sel1 ' " Om T ** u " I</OldTextValue>
    <NewTextValue>Your grocer sells "Our Taste"</NewTextValue>
  </TextCorrectedLine>
  <TextCorrectedLine lineID="P1_TL00589">
    <OldTextValue>Vegctiblei, Fruits, Ham», I</OldTextValue>
    <NewTextValue>Vegetables, Fruits, Hams,</NewTextValue>
  </TextCorrectedLine>
  <TextCorrectedLine lineID="P1_TL00590">
    <OldTextValue>Bacon, Oy»ter« E</OldTextValue>
    <NewTextValue>Bacon, Oysters</NewTextValue>
  </TextCorrectedLine>
  <TextCorrectedLine lineID="P1_TL00591">
    <OldTextValue>H»U. L«Hr» &lt;XX Co. M</OldTextValue>
    <NewTextValue>Hall, Luhrs &amp; Co.</NewTextValue>
  </TextCorrectedLine>
  <TextCorrectedLine lineID="P1_TL00592">
    <OldTextValue>VftSSlh- WhoUtaH Crocir* jS</OldTextValue>
    <NewTextValue>Wholesale Grocers</NewTextValue>
  </TextCorrectedLine>
  <TextCorrectedLine lineID="P1_TL00593">
    <OldTextValue>Sacrimento^fir</OldTextValue>
    <NewTextValue>Sacrimento</NewTextValue>
  </TextCorrectedLine>
</TextCorrectedBlock>
<TextCorrectedBlock pageOID="AL19040520.1.1" blockID="P1_CB00006" userID="[redacted]">
  <TextCorrectedLine lineID="P1_TL00824">
    <OldTextValue>T~V 11. SPAGNOLI</OldTextValue>
    <NewTextValue>D. B. SPAGNOLI</NewTextValue>
  </TextCorrectedLine>
  <TextCorrectedLine lineID="P1_TL00825">
    <OldTextValue>{Attorney and Counselor at l,a»</OldTextValue>
    <NewTextValue>Attorney and Counselor at Law</NewTextValue>
  </TextCorrectedLine>
  <TextCorrectedLine lineID="P1_TL00828">
    <OldTextValue>Office: Spagnoli building, opposite 1 1 « I' (■'</OldTextValue>
    <NewTextValue>Office: Spagnoli building, opposite Hall of</NewTextValue>
  </TextCorrectedLine>
  <TextCorrectedLine lineID="P1_TL00830">
    <OldTextValue>J.W. CAL.DWEIX.</OldTextValue>
    <NewTextValue>J.W. CALDWELL</NewTextValue>
  </TextCorrectedLine>
  <TextCorrectedLine lineID="P1_TL00831">
    <OldTextValue>Attorney-Ht-I.aw</OldTextValue>
    <NewTextValue>Attorney-at-Law</NewTextValue>
  </TextCorrectedLine>
  <TextCorrectedLine lineID="P1_TL00832">
    <OldTextValue>Jackson, Cau</OldTextValue>
    <NewTextValue>Jackson, Cal</NewTextValue>
  </TextCorrectedLine>
</TextCorrectedBlock>
