<TextCorrectedBlock pageOID="AL19111222.1.1" blockID="P1_CB00001" userID="[redacted]">
  <TextCorrectedLine lineID="P1_TL00601">
    <OldTextValue>■VyM. O. •BNYOKB,</OldTextValue>
    <NewTextValue>WM. G. SNYDER,</NewTextValue>
  </TextCorrectedLine>
  <TextCorrectedLine lineID="P1_TL00602">
    <OldTextValue>Atloniny-iil-l.ftw,</OldTextValue>
    <NewTextValue>Attorney-at-Law.</NewTextValue>
  </TextCorrectedLine>
  <TextCorrectedLine lineID="P1_TL00604">
    <OldTextValue>Offloe in Marella Building, Court atreet.</OldTextValue>
    <NewTextValue>Office in Marella Building, Court atreet.</NewTextValue>
  </TextCorrectedLine>
  <TextCorrectedLine lineID="P1_TL00605">
    <OldTextValue>Will praetloe In all the courtnof the state, fe</OldTextValue>
    <NewTextValue>Will practice in all the courts of the state.</NewTextValue>
  </TextCorrectedLine>
  <TextCorrectedLine lineID="P1_TL00606">
    <OldTextValue>J- AW T. FKKITAM</OldTextValue>
    <NewTextValue>LAW T. FREITAS</NewTextValue>
  </TextCorrectedLine>
  <TextCorrectedLine lineID="P1_TL00607">
    <OldTextValue>• Alliirnrv-ul-l.atv</OldTextValue>
    <NewTextValue>Attorney-at-Law.</NewTextValue>
  </TextCorrectedLine>
  <TextCorrectedLine lineID="P1_TL00608">
    <OldTextValue>Specials — Commercial law and colec-</OldTextValue>
    <NewTextValue>Specials — Commercial law and colections.</NewTextValue>
  </TextCorrectedLine>
  <TextCorrectedLine lineID="P1_TL00609">
    <OldTextValue>Credit attorney Stoskton Retail Mer-</OldTextValue>
    <NewTextValue>Credit attorney Stockton Retail Mer-</NewTextValue>
  </TextCorrectedLine>
  <TextCorrectedLine lineID="P1_TL00610">
    <OldTextValue>chant's Association . .</OldTextValue>
    <NewTextValue>chant's Association .</NewTextValue>
  </TextCorrectedLine>
  <TextCorrectedLine lineID="P1_TL00611">
    <OldTextValue>Suit No 210, Saving &amp; Loan Bank Bid*?</OldTextValue>
    <NewTextValue>Suit No 210, Saving &amp; Loan Bank Bldg</NewTextValue>
  </TextCorrectedLine>
  <TextCorrectedLine lineID="P1_TL00612">
    <OldTextValue>' vcl STOCKTON. CAL. . .i</OldTextValue>
    <NewTextValue>STOCKTON. CAL.</NewTextValue>
  </TextCorrectedLine>
  <TextCorrectedLine lineID="P1_TL00613">
    <OldTextValue>pi K. ENUICOTT,- M. D.</OldTextValue>
    <NewTextValue>E. E. ENDICOTT,  M. D.</NewTextValue>
  </TextCorrectedLine>
  <TextCorrectedLine lineID="P1_TL00614">
    <OldTextValue>Physician nntt Surgeon</OldTextValue>
    <NewTextValue>Physician and Surgeon</NewTextValue>
  </TextCorrectedLine>
  <TextCorrectedLine lineID="P1_TL00616">
    <OldTextValue>sfflce: Webb building. Alt calls promptly</OldTextValue>
    <NewTextValue>offlce: Webb building. All calls promptly</NewTextValue>
  </TextCorrectedLine>
  <TextCorrectedLine lineID="P1_TL00618">
    <OldTextValue>r\K. A. »f. OALL</OldTextValue>
    <NewTextValue>DR.  A. M. CALL</NewTextValue>
  </TextCorrectedLine>
  <TextCorrectedLine lineID="P1_TL00619">
    <OldTextValue>;,._■( riiynlolan »nd Surgeon</OldTextValue>
    <NewTextValue>Physician and Surgeon</NewTextValue>
  </TextCorrectedLine>
  <TextCorrectedLine lineID="P1_TL00622">
    <OldTextValue>j-vn. ULAKK FRANK I. IN</OldTextValue>
    <NewTextValue>DR. BLAKE FRANKLIN</NewTextValue>
  </TextCorrectedLine>
</TextCorrectedBlock>
