<TextCorrectedBlock pageOID="AL19040701.1.1" blockID="P1_CB00002" userID="[redacted]">
  <TextCorrectedLine lineID="P1_TL00713">
    <OldTextValue>; .;r— DEALERS IN— 5</OldTextValue>
    <NewTextValue>— DEALERS IN—</NewTextValue>
  </TextCorrectedLine>
  <TextCorrectedLine lineID="P1_TL00725">
    <OldTextValue>baby too-th sugar corn-</OldTextValue>
    <NewTextValue>baby tooth sugar corn-</NewTextValue>
  </TextCorrectedLine>
  <TextCorrectedLine lineID="P1_TL00726">
    <OldTextValue>grown in Maine. ■</OldTextValue>
    <NewTextValue>grown in Maine.</NewTextValue>
  </TextCorrectedLine>
  <TextCorrectedLine lineID="P1_TL00728">
    <OldTextValue>the right time expressly:</OldTextValue>
    <NewTextValue>the right time expressly</NewTextValue>
  </TextCorrectedLine>
  <TextCorrectedLine lineID="P1_TL00729">
    <OldTextValue>Your grocer sells "Our T«»U"Vege- I</OldTextValue>
    <NewTextValue>Your grocer sells "Our Taste" Vege-</NewTextValue>
  </TextCorrectedLine>
  <TextCorrectedLine lineID="P1_TL00730">
    <OldTextValue>Hbles, Fruits, Hims, Bacon, Oysters I</OldTextValue>
    <NewTextValue>tables, Fruits, Hams, Bacon, Oysters</NewTextValue>
  </TextCorrectedLine>
  <TextCorrectedLine lineID="P1_TL00731">
    <OldTextValue>v Hall/ Luhrt QX Co. I</OldTextValue>
    <NewTextValue>Hall, Luhrs &amp; Co.</NewTextValue>
  </TextCorrectedLine>
  <TextCorrectedLine lineID="P1_TL00732">
    <OldTextValue>I wwi..ii. croc*™ , Sacramento 9</OldTextValue>
    <NewTextValue>Wholesale Grocers , Sacramento</NewTextValue>
  </TextCorrectedLine>
</TextCorrectedBlock>
