<TextCorrectedBlock pageOID="AL19000309.1.1" blockID="P1_TB00002" userID="[redacted]">
  <TextCorrectedLine lineID="P1_TL00004">
    <OldTextValue>Mine, : .</OldTextValue>
    <NewTextValue>Mine, .</NewTextValue>
  </TextCorrectedLine>
</TextCorrectedBlock>
<TextCorrectedBlock pageOID="AL19000309.1.1" blockID="P1_TB00003" userID="[redacted]">
  <TextCorrectedLine lineID="P1_TL00005">
    <OldTextValue>A LITTLE GIRL ESCfIPES A HORRIBLE DEATH</OldTextValue>
    <NewTextValue>A LITTLE GIRL ESCAPES A HORRIBLE DEATH</NewTextValue>
  </TextCorrectedLine>
</TextCorrectedBlock>
<TextCorrectedBlock pageOID="AL19000309.1.1" blockID="P1_TB00005" userID="[redacted]">
  <TextCorrectedLine lineID="P1_TL00008">
    <OldTextValue>On the Removal of the Cala- '*</OldTextValue>
    <NewTextValue>On the Removal of the Cala- '</NewTextValue>
  </TextCorrectedLine>
</TextCorrectedBlock>
<TextCorrectedBlock pageOID="AL19000309.1.1" blockID="P1_TB00020" userID="[redacted]">
  <TextCorrectedLine lineID="P1_TL00106">
    <OldTextValue>Nugget, Plaoerville, March 3, IMO.</OldTextValue>
    <NewTextValue>Nugget, Plaoerville, March 3, 1900</NewTextValue>
  </TextCorrectedLine>
</TextCorrectedBlock>
<TextCorrectedBlock pageOID="AL19000309.1.1" blockID="P1_TB00020" userID="[redacted]">
  <TextCorrectedLine lineID="P1_TL00106">
    <OldTextValue>Nugget, Plaoerville, March 3, 1900</OldTextValue>
    <NewTextValue>Nugget, Placerville, March 2, 1900</NewTextValue>
  </TextCorrectedLine>
</TextCorrectedBlock>
<TextCorrectedBlock pageOID="AL19000309.1.1" blockID="P1_TB00020" userID="[redacted]">
  <TextCorrectedLine lineID="P1_TL00115">
    <OldTextValue>eyes. :: -.'.\-'</OldTextValue>
    <NewTextValue>eyes.</NewTextValue>
  </TextCorrectedLine>
</TextCorrectedBlock>
<TextCorrectedBlock pageOID="AL19000309.1.1" blockID="P1_TB00024" userID="[redacted]">
  <TextCorrectedLine lineID="P1_TL00178">
    <OldTextValue>:a&lt;ro, and to take part ." in . the great</OldTextValue>
    <NewTextValue>ago, and to take part in the great</NewTextValue>
  </TextCorrectedLine>
  <TextCorrectedLine lineID="P1_TL00180">
    <OldTextValue>Association at Chicago. j Pi-inoeton has</OldTextValue>
    <NewTextValue>Association at Chicago.  Princeton has</NewTextValue>
  </TextCorrectedLine>
  <TextCorrectedLine lineID="P1_TL00181">
    <OldTextValue>offeivd its track (or training. I</OldTextValue>
    <NewTextValue>offeredd its track for training.</NewTextValue>
  </TextCorrectedLine>
  <TextCorrectedLine lineID="P1_TL00183">
    <OldTextValue>t^.ira beon sent east— in 1.8J15, when the</OldTextValue>
    <NewTextValue>team been sent east— in 1895, when the</NewTextValue>
  </TextCorrectedLine>
  <TextCorrectedLine lineID="P1_TL00184">
    <OldTextValue>Berkeley athletes won. the . Western</OldTextValue>
    <NewTextValue>Berkeley athletes won the  Western</NewTextValue>
  </TextCorrectedLine>
  <TextCorrectedLine lineID="P1_TL00186">
    <OldTextValue>Princeton, tie-1 Pennsylvania, and dis-</OldTextValue>
    <NewTextValue>Princeton, tied Pennsylvania, and dis-</NewTextValue>
  </TextCorrectedLine>
  <TextCorrectedLine lineID="P1_TL00187">
    <OldTextValue>lh&gt;£tiished themselves at Mott Haven.'</OldTextValue>
    <NewTextValue>tinguished themselves at Mott Haven.'</NewTextValue>
  </TextCorrectedLine>
  <TextCorrectedLine lineID="P1_TL00188">
    <OldTextValue>■ Among the athletes who are most</OldTextValue>
    <NewTextValue>Among the athletes who are most</NewTextValue>
  </TextCorrectedLine>
</TextCorrectedBlock>
<TextCorrectedBlock pageOID="AL19000309.1.1" blockID="P1_TB00026" userID="[redacted]">
  <TextCorrectedLine lineID="P1_TL00280">
    <OldTextValue>by A. Goldner, Drnggist. *</OldTextValue>
    <NewTextValue>by A. Goldner, Druggist.</NewTextValue>
  </TextCorrectedLine>
</TextCorrectedBlock>
<TextCorrectedBlock pageOID="AL19000309.1.1" blockID="P1_TB00053" userID="[redacted]">
  <TextCorrectedLine lineID="P1_TL00531">
    <OldTextValue>Sued on the Result of Scientific Re-</OldTextValue>
    <NewTextValue>Based on the Result of Scientific Re-</NewTextValue>
  </TextCorrectedLine>
</TextCorrectedBlock>
<TextCorrectedBlock pageOID="AL19000309.1.1" blockID="P1_TB00056" userID="[redacted]">
  <TextCorrectedLine lineID="P1_TL00566">
    <OldTextValue>counterfeits. City Pharmacy. * i</OldTextValue>
    <NewTextValue>counterfeits. City Pharmacy.</NewTextValue>
  </TextCorrectedLine>
</TextCorrectedBlock>
