<TextCorrectedBlock pageOID="AL19030731.1.2" blockID="P2_TB00006" userID="[redacted]">
  <TextCorrectedLine lineID="P2_TL00069">
    <OldTextValue>Pine Grove, July 27.— The Indies'</OldTextValue>
    <NewTextValue>Pine Grove, July 27.— The Ladies</NewTextValue>
  </TextCorrectedLine>
</TextCorrectedBlock>
<TextCorrectedBlock pageOID="AL19030731.1.2" blockID="P2_TB00005" userID="[redacted]">
  <TextCorrectedLine lineID="P2_TL00019">
    <OldTextValue>Sacramento, after over a two monthV.</OldTextValue>
    <NewTextValue>Sacramento, after over a two months'</NewTextValue>
  </TextCorrectedLine>
  <TextCorrectedLine lineID="P2_TL00021">
    <OldTextValue>who has been very ill. She- brought</OldTextValue>
    <NewTextValue>who has been very ill. She brought</NewTextValue>
  </TextCorrectedLine>
  <TextCorrectedLine lineID="P2_TL00023">
    <OldTextValue>Norma, Thelma. and Oda Worley.</OldTextValue>
    <NewTextValue>Norma, Thelma. and Oda Worley (Ola Werly).</NewTextValue>
  </TextCorrectedLine>
  <TextCorrectedLine lineID="P2_TL00024">
    <OldTextValue>We hear Mr. Worley has gone to</OldTextValue>
    <NewTextValue>We hear Mr. Worley (Werly) has gone to</NewTextValue>
  </TextCorrectedLine>
  <TextCorrectedLine lineID="P2_TL00025">
    <OldTextValue>Alaska again. Mrs. Worley is work-</OldTextValue>
    <NewTextValue>Alaska again. Mrs. Worley (Werly) is work-</NewTextValue>
  </TextCorrectedLine>
</TextCorrectedBlock>
