<TextCorrectedBlock pageOID="AL19020509.1.1" blockID="P1_CB00001" userID="[redacted]">
  <TextCorrectedLine lineID="P1_TL01017">
    <OldTextValue>[M: t LAWYERS.</OldTextValue>
    <NewTextValue>LAWYERS.</NewTextValue>
  </TextCorrectedLine>
</TextCorrectedBlock>
<TextCorrectedBlock pageOID="AL19020509.1.1" blockID="P1_TB00103" userID="[redacted]">
  <TextCorrectedLine lineID="P1_TL00880">
    <OldTextValue>Doves and Coronation!.</OldTextValue>
    <NewTextValue>Doves and Coronations.</NewTextValue>
  </TextCorrectedLine>
</TextCorrectedBlock>
<TextCorrectedBlock pageOID="AL19020509.1.1" blockID="P1_TB00102" userID="[redacted]">
  <TextCorrectedLine lineID="P1_TL00867">
    <OldTextValue>white doves were let 'loose In the</OldTextValue>
    <NewTextValue>white doves were let loose in the</NewTextValue>
  </TextCorrectedLine>
  <TextCorrectedLine lineID="P1_TL00869">
    <OldTextValue>ize the power of the Holy GhostMn di-</OldTextValue>
    <NewTextValue>ize the power of the Holy Ghost in di-</NewTextValue>
  </TextCorrectedLine>
  <TextCorrectedLine lineID="P1_TL00871">
    <OldTextValue>Idea seems to have inspired all early</OldTextValue>
    <NewTextValue>idea seems to have inspired all early</NewTextValue>
  </TextCorrectedLine>
  <TextCorrectedLine lineID="P1_TL00874">
    <OldTextValue>the dove. This Is simply a golden rod</OldTextValue>
    <NewTextValue>the dove. This is simply a golden rod</NewTextValue>
  </TextCorrectedLine>
  <TextCorrectedLine lineID="P1_TL00876">
    <OldTextValue>ports a cross. On this cross Is a dove,</OldTextValue>
    <NewTextValue>ports a cross. On this cross is a dove,</NewTextValue>
  </TextCorrectedLine>
  <TextCorrectedLine lineID="P1_TL00879">
    <OldTextValue>ornament the rod In various placet.</OldTextValue>
    <NewTextValue>ornament the rod in various places.</NewTextValue>
  </TextCorrectedLine>
</TextCorrectedBlock>
