<TextCorrectedBlock pageOID="AL19100527.1.2" blockID="P2_CB00001" userID="[redacted]">
  <TextCorrectedLine lineID="P2_TL00348">
    <OldTextValue>Tho Kind You Havo Always Bought, and which has been</OldTextValue>
    <NewTextValue>Tho Kind You Have Always Bought, and which has been</NewTextValue>
  </TextCorrectedLine>
  <TextCorrectedLine lineID="P2_TL00349">
    <OldTextValue>In uso for over 30 years, lias ! borno tho signature of</OldTextValue>
    <NewTextValue>in use for over 30 years, has borne the signature of</NewTextValue>
  </TextCorrectedLine>
</TextCorrectedBlock>
<TextCorrectedBlock pageOID="AL19100527.1.3" blockID="P3_CB00002" userID="[redacted]">
  <TextCorrectedLine lineID="P3_TL00001">
    <OldTextValue>The •</OldTextValue>
    <NewTextValue>The</NewTextValue>
  </TextCorrectedLine>
  <TextCorrectedLine lineID="P3_TL00006">
    <OldTextValue>c, and if an Ad</OldTextValue>
    <NewTextValue>week, and if an Ad</NewTextValue>
  </TextCorrectedLine>
</TextCorrectedBlock>
<TextCorrectedBlock pageOID="AL19100527.1.3" blockID="P3_CB00003" userID="[redacted]">
  <TextCorrectedLine lineID="P3_TL00011">
    <OldTextValue>JMYERSJ</OldTextValue>
    <NewTextValue>MYERS</NewTextValue>
  </TextCorrectedLine>
  <TextCorrectedLine lineID="P3_TL00012">
    <OldTextValue>DRY GOODS STORB !</OldTextValue>
    <NewTextValue>DRY GOODS STORE</NewTextValue>
  </TextCorrectedLine>
  <TextCorrectedLine lineID="P3_TL00013">
    <OldTextValue>33 Main St. dackson !</OldTextValue>
    <NewTextValue>33 Main St. Jackson</NewTextValue>
  </TextCorrectedLine>
  <TextCorrectedLine lineID="P3_TL00014">
    <OldTextValue>: Please Call and IS ;</OldTextValue>
    <NewTextValue>Please Call and In-</NewTextValue>
  </TextCorrectedLine>
  <TextCorrectedLine lineID="P3_TL00015">
    <OldTextValue>sped Our Full Line (</OldTextValue>
    <NewTextValue>spect Our Full Line</NewTextValue>
  </TextCorrectedLine>
  <TextCorrectedLine lineID="P3_TL00016">
    <OldTextValue>: of Latest Dry Goods</OldTextValue>
    <NewTextValue>of Latest Dry Goods</NewTextValue>
  </TextCorrectedLine>
  <TextCorrectedLine lineID="P3_TL00017">
    <OldTextValue>I Styles. Full Line of |</OldTextValue>
    <NewTextValue>Styles. Full Line of</NewTextValue>
  </TextCorrectedLine>
  <TextCorrectedLine lineID="P3_TL00018">
    <OldTextValue>; Ladies' and Gents'</OldTextValue>
    <NewTextValue>Ladies' and Gents'</NewTextValue>
  </TextCorrectedLine>
  <TextCorrectedLine lineID="P3_TL00019">
    <OldTextValue>Furnishings on Hand '</OldTextValue>
    <NewTextValue>Furnishings on Hand</NewTextValue>
  </TextCorrectedLine>
  <TextCorrectedLine lineID="P3_TL00020">
    <OldTextValue>";, prices RHB honest:</OldTextValue>
    <NewTextValue>PRICES ARE HONEST</NewTextValue>
  </TextCorrectedLine>
  <TextCorrectedLine lineID="P3_TL00021">
    <OldTextValue>' Give Us a Trial and be !</OldTextValue>
    <NewTextValue>Give Us a Trial and be</NewTextValue>
  </TextCorrectedLine>
  <TextCorrectedLine lineID="P3_TL00022">
    <OldTextValue>| Convinced of Our Claim I</OldTextValue>
    <NewTextValue>Convinced of Our Claim</NewTextValue>
  </TextCorrectedLine>
  <TextCorrectedLine lineID="P3_TL00023">
    <OldTextValue>ii .</OldTextValue>
    <NewTextValue></NewTextValue>
  </TextCorrectedLine>
</TextCorrectedBlock>
<TextCorrectedBlock pageOID="AL19100527.1.3" blockID="P3_CB00005" userID="[redacted]">
  <TextCorrectedLine lineID="P3_TL00039">
    <OldTextValue>j VELA &amp; PICCARDO }</OldTextValue>
    <NewTextValue>VELA &amp; PICCARDO</NewTextValue>
  </TextCorrectedLine>
  <TextCorrectedLine lineID="P3_TL00040">
    <OldTextValue>| Phono Main 63 '</OldTextValue>
    <NewTextValue>Phone Main 53</NewTextValue>
  </TextCorrectedLine>
  <TextCorrectedLine lineID="P3_TL00041">
    <OldTextValue>! Keenkutter Knivea— HeHt In the '</OldTextValue>
    <NewTextValue>Keenkutter Knives —  Best in the</NewTextValue>
  </TextCorrectedLine>
  <TextCorrectedLine lineID="P3_TL00042">
    <OldTextValue>( worlil—better mitilc, of hetter material '</OldTextValue>
    <NewTextValue>world —better made, of better material</NewTextValue>
  </TextCorrectedLine>
  <TextCorrectedLine lineID="P3_TL00043">
    <OldTextValue>ii&lt;?T** mill llnlslicil</OldTextValue>
    <NewTextValue>and finished</NewTextValue>
  </TextCorrectedLine>
  <TextCorrectedLine lineID="P3_TL00044">
    <OldTextValue>i r*v"l L hnlter thnn "</OldTextValue>
    <NewTextValue>better than</NewTextValue>
  </TextCorrectedLine>
  <TextCorrectedLine lineID="P3_TL00045">
    <OldTextValue>/ Jh ,ij others. Com-</OldTextValue>
    <NewTextValue>others. Com-</NewTextValue>
  </TextCorrectedLine>
  <TextCorrectedLine lineID="P3_TL00046">
    <OldTextValue>I /&amp; f ', t \ ,S prllllK With "i</OldTextValue>
    <NewTextValue>peting with</NewTextValue>
  </TextCorrectedLine>
  <TextCorrectedLine lineID="P3_TL00047">
    <OldTextValue>£&amp;. \\'\ i«'i * iho' world's</OldTextValue>
    <NewTextValue>the world's</NewTextValue>
  </TextCorrectedLine>
  <TextCorrectedLine lineID="P3_TL00048">
    <OldTextValue>JKgSf t|m| best mnkes. '</OldTextValue>
    <NewTextValue>best mnkes.</NewTextValue>
  </TextCorrectedLine>
  <TextCorrectedLine lineID="P3_TL00049">
    <OldTextValue>Mn?(ii 'i"i»i'i Kcon Kuttor</OldTextValue>
    <NewTextValue>Keen Kutter</NewTextValue>
  </TextCorrectedLine>
  <TextCorrectedLine lineID="P3_TL00050">
    <OldTextValue>Aftwar • 'M 1M 1 ' 1 ' l{nlveH &gt;'o- '</OldTextValue>
    <NewTextValue>Knives re-</NewTextValue>
  </TextCorrectedLine>
  <TextCorrectedLine lineID="P3_TL00051">
    <OldTextValue>£$f\Rr 'TOir; colvedOnly (</OldTextValue>
    <NewTextValue>ceived Only</NewTextValue>
  </TextCorrectedLine>
  <TextCorrectedLine lineID="P3_TL00052">
    <OldTextValue>/A\T/ '.Wft: 'iriHiil I'rizo</OldTextValue>
    <NewTextValue>Grand Prize</NewTextValue>
  </TextCorrectedLine>
  <TextCorrectedLine lineID="P3_TL00053">
    <OldTextValue>i , eA^iEv * 'Ii 1 J nwnrdod m</OldTextValue>
    <NewTextValue>awarded</NewTextValue>
  </TextCorrectedLine>
  <TextCorrectedLine lineID="P3_TL00054">
    <OldTextValue>/Vw9r fey !' ' ""J-I 1 : * n y oo m-</OldTextValue>
    <NewTextValue>any com-</NewTextValue>
  </TextCorrectedLine>
  <TextCorrectedLine lineID="P3_TL00055">
    <OldTextValue>//y^jjr »\ .' ■*&lt; P'cto Una of M</OldTextValue>
    <NewTextValue>plete line of</NewTextValue>
  </TextCorrectedLine>
  <TextCorrectedLine lineID="P3_TL00056">
    <OldTextValue>Y'tA |  | lon o c of</OldTextValue>
    <NewTextValue>Knives for excellence of quality</NewTextValue>
  </TextCorrectedLine>
  <TextCorrectedLine lineID="P3_TL00057">
    <OldTextValue>! ' 1 -ii 1 ""* 25 cenU v</OldTextValue>
    <NewTextValue>25 cents</NewTextValue>
  </TextCorrectedLine>
  <TextCorrectedLine lineID="P3_TL00058">
    <OldTextValue>YKP:'ifl Kiill Una of</OldTextValue>
    <NewTextValue>Full line of</NewTextValue>
  </TextCorrectedLine>
  <TextCorrectedLine lineID="P3_TL00059">
    <OldTextValue>M i h1 K h Krnde</OldTextValue>
    <NewTextValue>high grade</NewTextValue>
  </TextCorrectedLine>
  <TextCorrectedLine lineID="P3_TL00060">
    <OldTextValue>\|ii»B sporting "</OldTextValue>
    <NewTextValue>sporting</NewTextValue>
  </TextCorrectedLine>
  <TextCorrectedLine lineID="P3_TL00061">
    <OldTextValue>M Vv.WhJ ßoods at the M</OldTextValue>
    <NewTextValue>goods at the</NewTextValue>
  </TextCorrectedLine>
  <TextCorrectedLine lineID="P3_TL00062">
    <OldTextValue>Nnw" cheapeHt</OldTextValue>
    <NewTextValue>cheapest</NewTextValue>
  </TextCorrectedLine>
  <TextCorrectedLine lineID="P3_TL00063">
    <OldTextValue>n prlcoH. ThlHla tho best stocked sport-</OldTextValue>
    <NewTextValue>prices.  This is the best stocked sport-</NewTextValue>
  </TextCorrectedLine>
  <TextCorrectedLine lineID="P3_TL00064">
    <OldTextValue>Ing house In Amador County,</OldTextValue>
    <NewTextValue>ing house in Amador County,</NewTextValue>
  </TextCorrectedLine>
  <TextCorrectedLine lineID="P3_TL00065">
    <OldTextValue>: 15 Main St. Jackson</OldTextValue>
    <NewTextValue>15 Main St. Jackson</NewTextValue>
  </TextCorrectedLine>
  <TextCorrectedLine lineID="P3_TL00066">
    <OldTextValue>m Watch Our Window ■*■■&gt;</OldTextValue>
    <NewTextValue>Watch Our Window</NewTextValue>
  </TextCorrectedLine>
</TextCorrectedBlock>
<TextCorrectedBlock pageOID="AL19100527.1.3" blockID="P3_CB00004" userID="[redacted]">
  <TextCorrectedLine lineID="P3_TL00027">
    <OldTextValue>jj The three essentials \\</OldTextValue>
    <NewTextValue>The three essentials</NewTextValue>
  </TextCorrectedLine>
  <TextCorrectedLine lineID="P3_TL00028">
    <OldTextValue>« to a perfect slice, are &gt;</OldTextValue>
    <NewTextValue>to a perfect shoe, are</NewTextValue>
  </TextCorrectedLine>
  <TextCorrectedLine lineID="P3_TL00029">
    <OldTextValue>(} all to be found in the \</OldTextValue>
    <NewTextValue>all to be found in the</NewTextValue>
  </TextCorrectedLine>
  <TextCorrectedLine lineID="P3_TL00032">
    <OldTextValue>$3.50 $4.00 $S.OO</OldTextValue>
    <NewTextValue>$3.50  $4.00  $5.00</NewTextValue>
  </TextCorrectedLine>
  <TextCorrectedLine lineID="P3_TL00033">
    <OldTextValue>i| Also a eoniplete hue</OldTextValue>
    <NewTextValue>Also a eoniplete line</NewTextValue>
  </TextCorrectedLine>
  <TextCorrectedLine lineID="P3_TL00034">
    <OldTextValue>i of children shoes ir- &lt;&lt;</OldTextValue>
    <NewTextValue>of children shoes in-</NewTextValue>
  </TextCorrectedLine>
  <TextCorrectedLine lineID="P3_TL00035">
    <OldTextValue>I! eluding the genuine j|</OldTextValue>
    <NewTextValue>cluding the genuine</NewTextValue>
  </TextCorrectedLine>
  <TextCorrectedLine lineID="P3_TL00037">
    <OldTextValue>46 Main Street Jackson</OldTextValue>
    <NewTextValue>R. S. BIERCE   46 Main Street Jackson</NewTextValue>
  </TextCorrectedLine>
  <TextCorrectedLine lineID="P3_TL00038">
    <OldTextValue>Phone Black 213 ■</OldTextValue>
    <NewTextValue>Phone Black 213</NewTextValue>
  </TextCorrectedLine>
</TextCorrectedBlock>
<TextCorrectedBlock pageOID="AL19100527.1.3" blockID="P3_CB00004" userID="[redacted]">
  <TextCorrectedLine lineID="P3_TL00033">
    <OldTextValue>Also a eoniplete line</OldTextValue>
    <NewTextValue>Also a complete line</NewTextValue>
  </TextCorrectedLine>
</TextCorrectedBlock>
<TextCorrectedBlock pageOID="AL19100527.1.3" blockID="P3_CB00007" userID="[redacted]">
  <TextCorrectedLine lineID="P3_TL00081">
    <OldTextValue>"|f The Prettiest and most Novel line of Brooches X _</OldTextValue>
    <NewTextValue>The Prettiest and most Novel line of Brooches</NewTextValue>
  </TextCorrectedLine>
  <TextCorrectedLine lineID="P3_TL00083">
    <OldTextValue>j&amp; are now on sale here, from $1.00 down to ***"*'</OldTextValue>
    <NewTextValue>are now on sale here, from $1.00 down to  25c</NewTextValue>
  </TextCorrectedLine>
  <TextCorrectedLine lineID="P3_TL00084">
    <OldTextValue>'We just received a large stock of Dainty Baby Dresses i</OldTextValue>
    <NewTextValue>We just received a large stock of Dainty Baby Dresses</NewTextValue>
  </TextCorrectedLine>
  <TextCorrectedLine lineID="P3_TL00085">
    <OldTextValue>be sure and ask to see them -— DCri?!? *^I TMl7ffc</OldTextValue>
    <NewTextValue>be sure and ask to see them -—  PETER CUNEO</NewTextValue>
  </TextCorrectedLine>
  <TextCorrectedLine lineID="P3_TL00086">
    <OldTextValue>i 3T MAIN ST. phone Black 47S * r *^ * IllK -</OldTextValue>
    <NewTextValue>37 MAIN ST. phone Black 475</NewTextValue>
  </TextCorrectedLine>
</TextCorrectedBlock>
<TextCorrectedBlock pageOID="AL19100527.1.3" blockID="P3_CB00010" userID="[redacted]">
  <TextCorrectedLine lineID="P3_TL00097">
    <OldTextValue>I PETER PICCARDO |</OldTextValue>
    <NewTextValue>PETER PICCARDO</NewTextValue>
  </TextCorrectedLine>
  <TextCorrectedLine lineID="P3_TL00098">
    <OldTextValue>i Buggy Harness - $15 up Whips, Collars, Pads, etc. g</OldTextValue>
    <NewTextValue>Buggy Harness - $15 up    Whips, Collars, Pads, etc.</NewTextValue>
  </TextCorrectedLine>
  <TextCorrectedLine lineID="P3_TL00099">
    <OldTextValue>i Chain Harness - - 16 up A complete line of fur- f</OldTextValue>
    <NewTextValue>Chain Harness - - 16 up    A complete line of fur-</NewTextValue>
  </TextCorrectedLine>
  <TextCorrectedLine lineID="P3_TL00100">
    <OldTextValue>I Express Harness -25 up nishings for Horses, at §</OldTextValue>
    <NewTextValue>Express Harness -25 up    nishings for Horses, at</NewTextValue>
  </TextCorrectedLine>
  <TextCorrectedLine lineID="P3_TL00101">
    <OldTextValue>| Oregon Saddles ■- 25 up Strictly. • Honest Prices |</OldTextValue>
    <NewTextValue>Oregon Saddles - - 25 up    Strictly Honest Prices</NewTextValue>
  </TextCorrectedLine>
  <TextCorrectedLine lineID="P3_TL00102">
    <OldTextValue>|14 Main St. Phone Black 443 Jackson,- Cal. |</OldTextValue>
    <NewTextValue>14 Main St.    Phone Black 443    Jackson, Cal.</NewTextValue>
  </TextCorrectedLine>
</TextCorrectedBlock>
<TextCorrectedBlock pageOID="AL19100527.1.3" blockID="P3_CB00011" userID="[redacted]">
  <TextCorrectedLine lineID="P3_TL00103">
    <OldTextValue>j; DONT HIDE YOUR MONEY j;</OldTextValue>
    <NewTextValue>DONT HIDE YOUR MONEY</NewTextValue>
  </TextCorrectedLine>
  <TextCorrectedLine lineID="P3_TL00104">
    <OldTextValue>&lt; &gt; The man who hides his money &lt; •</OldTextValue>
    <NewTextValue>The man who hides his money</NewTextValue>
  </TextCorrectedLine>
  <TextCorrectedLine lineID="P3_TL00105">
    <OldTextValue>] I because he assumes to be afraid J [</OldTextValue>
    <NewTextValue>because he assumes to be afraid</NewTextValue>
  </TextCorrectedLine>
  <TextCorrectedLine lineID="P3_TL00106">
    <OldTextValue>* of banks forgets that it was the &lt;t</OldTextValue>
    <NewTextValue>of banks forgets that it was the</NewTextValue>
  </TextCorrectedLine>
  <TextCorrectedLine lineID="P3_TL00107">
    <OldTextValue>♦ bank that perhaps made the pros- "</OldTextValue>
    <NewTextValue>bank that perhaps made the pros-</NewTextValue>
  </TextCorrectedLine>
  <TextCorrectedLine lineID="P3_TL00108">
    <OldTextValue>J | perity possible which gave him J</OldTextValue>
    <NewTextValue>perity possible which gave him</NewTextValue>
  </TextCorrectedLine>
  <TextCorrectedLine lineID="P3_TL00109">
    <OldTextValue>4i his money making opportunities. 4</OldTextValue>
    <NewTextValue>his money making opportunities.</NewTextValue>
  </TextCorrectedLine>
  <TextCorrectedLine lineID="P3_TL00110">
    <OldTextValue>♦ Without the bank there would be J</OldTextValue>
    <NewTextValue>Without the bank there would be</NewTextValue>
  </TextCorrectedLine>
  <TextCorrectedLine lineID="P3_TL00111">
    <OldTextValue>W no large commercial or business J|</OldTextValue>
    <NewTextValue>no large commercial or business</NewTextValue>
  </TextCorrectedLine>
  <TextCorrectedLine lineID="P3_TL00112">
    <OldTextValue>&lt;&gt; enterprises possible, salaries snd &lt;&gt;</OldTextValue>
    <NewTextValue>enterprises possible, salaries and</NewTextValue>
  </TextCorrectedLine>
  <TextCorrectedLine lineID="P3_TL00113">
    <OldTextValue>&lt; ' wages would be low, and money ♦</OldTextValue>
    <NewTextValue>wages would be low, and money</NewTextValue>
  </TextCorrectedLine>
  <TextCorrectedLine lineID="P3_TL00114">
    <OldTextValue>5| making impossible. It is the 5</OldTextValue>
    <NewTextValue>making impossible. It is the</NewTextValue>
  </TextCorrectedLine>
  <TextCorrectedLine lineID="P3_TL00115">
    <OldTextValue>&lt;i bank in the exercise of its Func- &lt;&gt;</OldTextValue>
    <NewTextValue>bank in the exercise of its Func-</NewTextValue>
  </TextCorrectedLine>
  <TextCorrectedLine lineID="P3_TL00116">
    <OldTextValue>-| tion in gathering together the &lt;•</OldTextValue>
    <NewTextValue>tion in gathering together the</NewTextValue>
  </TextCorrectedLine>
  <TextCorrectedLine lineID="P3_TL00117">
    <OldTextValue>] \ funds of a community and putting J |</OldTextValue>
    <NewTextValue>funds of a community and putting</NewTextValue>
  </TextCorrectedLine>
  <TextCorrectedLine lineID="P3_TL00118">
    <OldTextValue>4 them into active use that has +</OldTextValue>
    <NewTextValue>them into active use that has</NewTextValue>
  </TextCorrectedLine>
  <TextCorrectedLine lineID="P3_TL00119">
    <OldTextValue>&lt; &gt; brought prosperity. &lt; &gt;</OldTextValue>
    <NewTextValue>brought prosperity.</NewTextValue>
  </TextCorrectedLine>
  <TextCorrectedLine lineID="P3_TL00120">
    <OldTextValue>][ To hide money is to hinder and ]|</OldTextValue>
    <NewTextValue>To hide money is to hinder and</NewTextValue>
  </TextCorrectedLine>
  <TextCorrectedLine lineID="P3_TL00121">
    <OldTextValue>4 hurt prosperity by restricting the *</OldTextValue>
    <NewTextValue>hurt prosperity by restricting the</NewTextValue>
  </TextCorrectedLine>
  <TextCorrectedLine lineID="P3_TL00122">
    <OldTextValue>&lt;• circulation of money. Bring your &lt;•</OldTextValue>
    <NewTextValue>circulation of money. Bring your</NewTextValue>
  </TextCorrectedLine>
  <TextCorrectedLine lineID="P3_TL00123">
    <OldTextValue>] [ money to the bank. J [</OldTextValue>
    <NewTextValue>money to the bank.</NewTextValue>
  </TextCorrectedLine>
  <TextCorrectedLine lineID="P3_TL00124">
    <OldTextValue>• Bank of Amador County jj</OldTextValue>
    <NewTextValue>Bank of Amador County</NewTextValue>
  </TextCorrectedLine>
  <TextCorrectedLine lineID="P3_TL00125">
    <OldTextValue>1 Jackson. California 2&gt;</OldTextValue>
    <NewTextValue>Jackson, California</NewTextValue>
  </TextCorrectedLine>
</TextCorrectedBlock>
<TextCorrectedBlock pageOID="AL19100527.1.2" blockID="P2_CB00004" userID="[redacted]">
  <TextCorrectedLine lineID="P2_TL00420">
    <OldTextValue>Sunset Vale l"l Capital 6XI</OldTextValue>
    <NewTextValue>Sunset Vale 1771    Capital 633</NewTextValue>
  </TextCorrectedLine>
  <TextCorrectedLine lineID="P2_TL00421">
    <OldTextValue>The F. THOMAS*</OldTextValue>
    <NewTextValue>The F. THOMAS'</NewTextValue>
  </TextCorrectedLine>
  <TextCorrectedLine lineID="P2_TL00422">
    <OldTextValue>Parisian $</OldTextValue>
    <NewTextValue>Parisian</NewTextValue>
  </TextCorrectedLine>
  <TextCorrectedLine lineID="P2_TL00430">
    <OldTextValue>Butter 5c p , e b r</OldTextValue>
    <NewTextValue>Butter 5c  per lb.</NewTextValue>
  </TextCorrectedLine>
  <TextCorrectedLine lineID="P2_TL00436">
    <OldTextValue>Think what that saves in ono year.</OldTextValue>
    <NewTextValue>Think what that saves in one year.</NewTextValue>
  </TextCorrectedLine>
  <TextCorrectedLine lineID="P2_TL00444">
    <OldTextValue>CALL. FOIt .</OldTextValue>
    <NewTextValue>CALL. FOR</NewTextValue>
  </TextCorrectedLine>
  <TextCorrectedLine lineID="P2_TL00448">
    <OldTextValue>Sacramento's famous Boors</OldTextValue>
    <NewTextValue>Sacramento's famous Beers</NewTextValue>
  </TextCorrectedLine>
  <TextCorrectedLine lineID="P2_TL00449">
    <OldTextValue>On draught o very where.</OldTextValue>
    <NewTextValue>On draught every where.</NewTextValue>
  </TextCorrectedLine>
  <TextCorrectedLine lineID="P2_TL00452">
    <OldTextValue>P. J. RUHSTALLEIi, Mgr</OldTextValue>
    <NewTextValue>P. J. RUHSTALLER, Mgr</NewTextValue>
  </TextCorrectedLine>
</TextCorrectedBlock>
<TextCorrectedBlock pageOID="AL19100527.1.2" blockID="P2_CB00002" userID="[redacted]">
  <TextCorrectedLine lineID="P2_TL00373">
    <OldTextValue>"| Full Term Opens A uy. 30. &gt;</OldTextValue>
    <NewTextValue>Full Term Opens Aug. 30.</NewTextValue>
  </TextCorrectedLine>
  <TextCorrectedLine lineID="P2_TL00374">
    <OldTextValue>! Write for Information. I</OldTextValue>
    <NewTextValue>Write for Information.</NewTextValue>
  </TextCorrectedLine>
  <TextCorrectedLine lineID="P2_TL00375">
    <OldTextValue>S t</OldTextValue>
    <NewTextValue></NewTextValue>
  </TextCorrectedLine>
  <TextCorrectedLine lineID="P2_TL00376">
    <OldTextValue>j HEALD'S |;</OldTextValue>
    <NewTextValue>HEALD'S</NewTextValue>
  </TextCorrectedLine>
  <TextCorrectedLine lineID="P2_TL00377">
    <OldTextValue>Stockton. Cal. &amp;</OldTextValue>
    <NewTextValue>Stockton. Cal.</NewTextValue>
  </TextCorrectedLine>
  <TextCorrectedLine lineID="P2_TL00378">
    <OldTextValue>Succeed 'when everything else fails. M</OldTextValue>
    <NewTextValue>Electric Bitters  Succeed when everything else fails.</NewTextValue>
  </TextCorrectedLine>
  <TextCorrectedLine lineID="P2_TL00388">
    <OldTextValue>Foundry! Machine Shop</OldTextValue>
    <NewTextValue>Foundry and Machine Shop</NewTextValue>
  </TextCorrectedLine>
  <TextCorrectedLine lineID="P2_TL00390">
    <OldTextValue>BUILD EUS OF WATER WHEELS OF</OldTextValue>
    <NewTextValue>BUILDERS OF WATER WHEELS OF</NewTextValue>
  </TextCorrectedLine>
  <TextCorrectedLine lineID="P2_TL00391">
    <OldTextValue>latest and most approved patterns, ami</OldTextValue>
    <NewTextValue>latest and most approved patterns, and</NewTextValue>
  </TextCorrectedLine>
  <TextCorrectedLine lineID="P2_TL00392">
    <OldTextValue>all kinds of sheet Iron pipe. Every description</OldTextValue>
    <NewTextValue>all kinds of sheet iron pipe. Every description</NewTextValue>
  </TextCorrectedLine>
  <TextCorrectedLine lineID="P2_TL00393">
    <OldTextValue>of mining and milliuß raiichimiry made at the</OldTextValue>
    <NewTextValue>of mining and milling machinery made at the</NewTextValue>
  </TextCorrectedLine>
  <TextCorrectedLine lineID="P2_TL00395">
    <OldTextValue>of blacksmiths and other workers In iron to (be</OldTextValue>
    <NewTextValue>of blacksmiths and other workers In iron to the</NewTextValue>
  </TextCorrectedLine>
  <TextCorrectedLine lineID="P2_TL00396">
    <OldTextValue>fact that wo keep constantly on hand h larpe</OldTextValue>
    <NewTextValue>fact that we keep constantly on hand a larpe</NewTextValue>
  </TextCorrectedLine>
  <TextCorrectedLine lineID="P2_TL00397">
    <OldTextValue>and oomplote stock of bar, refined and Norway</OldTextValue>
    <NewTextValue>and complote stock of bar, refined and Norway</NewTextValue>
  </TextCorrectedLine>
  <TextCorrectedLine lineID="P2_TL00398">
    <OldTextValue>1-on, gas pipe, pas tlttlriL's. eic which we will</OldTextValue>
    <NewTextValue>iron, gas pipe, gas fittings, etc., which we will</NewTextValue>
  </TextCorrectedLine>
  <TextCorrectedLine lineID="P2_TL00399">
    <OldTextValue>sell at thd LOWEST CASH PBICFS.</OldTextValue>
    <NewTextValue>sell at the LOWEST CASH PRICES.</NewTextValue>
  </TextCorrectedLine>
  <TextCorrectedLine lineID="P2_TL00402">
    <OldTextValue>■11, UK 8 SEA IRE</OldTextValue>
    <NewTextValue>MOUNTAIN, LAKE &amp; SEA SHORE</NewTextValue>
  </TextCorrectedLine>
  <TextCorrectedLine lineID="P2_TL00403">
    <OldTextValue>Yosomito, Shasta, Tahoe,</OldTextValue>
    <NewTextValue>Yosemite, Shasta, Tahoe,</NewTextValue>
  </TextCorrectedLine>
</TextCorrectedBlock>
<TextCorrectedBlock pageOID="AL19100527.1.2" blockID="P2_CB00002" userID="[redacted]">
  <TextCorrectedLine lineID="P2_TL00394">
    <OldTextValue>shortest notice. We desire to call tho attention</OldTextValue>
    <NewTextValue>shortest notice. We desire to call the attention</NewTextValue>
  </TextCorrectedLine>
  <TextCorrectedLine lineID="P2_TL00395">
    <OldTextValue>of blacksmiths and other workers In iron to the</OldTextValue>
    <NewTextValue>of blacksmiths and other workers in iron to the</NewTextValue>
  </TextCorrectedLine>
  <TextCorrectedLine lineID="P2_TL00396">
    <OldTextValue>fact that we keep constantly on hand a larpe</OldTextValue>
    <NewTextValue>fact that we keep constantly on hand a large</NewTextValue>
  </TextCorrectedLine>
  <TextCorrectedLine lineID="P2_TL00397">
    <OldTextValue>and complote stock of bar, refined and Norway</OldTextValue>
    <NewTextValue>and complete stock of bar, refined and Norway</NewTextValue>
  </TextCorrectedLine>
</TextCorrectedBlock>
<TextCorrectedBlock pageOID="AL19100527.1.3" blockID="P3_CB00014" userID="[redacted]">
  <TextCorrectedLine lineID="P3_TL00223">
    <OldTextValue>• *■</OldTextValue>
    <NewTextValue></NewTextValue>
  </TextCorrectedLine>
  <TextCorrectedLine lineID="P3_TL00224">
    <OldTextValue>• GO TO THE •</OldTextValue>
    <NewTextValue>GO TO THE</NewTextValue>
  </TextCorrectedLine>
  <TextCorrectedLine lineID="P3_TL00225">
    <OldTextValue>2 S</OldTextValue>
    <NewTextValue></NewTextValue>
  </TextCorrectedLine>
  <TextCorrectedLine lineID="P3_TL00226">
    <OldTextValue>i lie n I</OldTextValue>
    <NewTextValue>AMADOR NAKERY</NewTextValue>
  </TextCorrectedLine>
  <TextCorrectedLine lineID="P3_TL00227">
    <OldTextValue>• When You "RUT? All •</OldTextValue>
    <NewTextValue>When You</NewTextValue>
  </TextCorrectedLine>
  <TextCorrectedLine lineID="P3_TL00228">
    <OldTextValue>• Want Fresh ±Jl\JiiJ\.U «</OldTextValue>
    <NewTextValue>Want Fresh BREAD</NewTextValue>
  </TextCorrectedLine>
  <TextCorrectedLine lineID="P3_TL00229">
    <OldTextValue>j a. Dm porno i co. prors- j</OldTextValue>
    <NewTextValue>A. DAL PORTO &amp; CO. PRO'RS.</NewTextValue>
  </TextCorrectedLine>
  <TextCorrectedLine lineID="P3_TL00230">
    <OldTextValue>• We also keep a large stock of Hiauio 2</OldTextValue>
    <NewTextValue>We also keep a large stock of Staple</NewTextValue>
  </TextCorrectedLine>
  <TextCorrectedLine lineID="P3_TL00231">
    <OldTextValue>• and Fancy ■</OldTextValue>
    <NewTextValue>and Fancy</NewTextValue>
  </TextCorrectedLine>
  <TextCorrectedLine lineID="P3_TL00232">
    <OldTextValue>f GROCERIES 2</OldTextValue>
    <NewTextValue>GROCERIES</NewTextValue>
  </TextCorrectedLine>
  <TextCorrectedLine lineID="P3_TL00233">
    <OldTextValue>j Our Specialty— Freehlßread every day *</OldTextValue>
    <NewTextValue>Our Specialty— Freeh Bread every day</NewTextValue>
  </TextCorrectedLine>
  <TextCorrectedLine lineID="P3_TL00234">
    <OldTextValue>• except Su»doy *</OldTextValue>
    <NewTextValue>except Sunday</NewTextValue>
  </TextCorrectedLine>
  <TextCorrectedLine lineID="P3_TL00238">
    <OldTextValue>LTp-to-Date Stores—</OldTextValue>
    <NewTextValue>Up-to-Date Stores—</NewTextValue>
  </TextCorrectedLine>
  <TextCorrectedLine lineID="P3_TL00241">
    <OldTextValue>I WELLER'S |</OldTextValue>
    <NewTextValue>WELLER'S</NewTextValue>
  </TextCorrectedLine>
  <TextCorrectedLine lineID="P3_TL00242">
    <OldTextValue>»«M HARDWARE STORE HOKS</OldTextValue>
    <NewTextValue>HARDWARE STORE</NewTextValue>
  </TextCorrectedLine>
  <TextCorrectedLine lineID="P3_TL00243">
    <OldTextValue>S Stoves, &amp; Tinware. Hard" w</OldTextValue>
    <NewTextValue>Stoves, &amp; Tinware, Hard-</NewTextValue>
  </TextCorrectedLine>
  <TextCorrectedLine lineID="P3_TL00244">
    <OldTextValue>* ware. Cutlery, Crockery, $</OldTextValue>
    <NewTextValue>ware. Cutlery, Crockery,</NewTextValue>
  </TextCorrectedLine>
  <TextCorrectedLine lineID="P3_TL00245">
    <OldTextValue>3 Paints, Oils and Glass %</OldTextValue>
    <NewTextValue>Paints, Oils and Glass</NewTextValue>
  </TextCorrectedLine>
  <TextCorrectedLine lineID="P3_TL00246">
    <OldTextValue>| Tinning and Plumbing 1</OldTextValue>
    <NewTextValue>Tinning and Plumbing</NewTextValue>
  </TextCorrectedLine>
  <TextCorrectedLine lineID="P3_TL00247">
    <OldTextValue>*** All Work Is Guaranteed ***</OldTextValue>
    <NewTextValue>All Work Is Guaranteed</NewTextValue>
  </TextCorrectedLine>
</TextCorrectedBlock>
<TextCorrectedBlock pageOID="AL19100527.1.3" blockID="P3_CB00016" userID="[redacted]">
  <TextCorrectedLine lineID="P3_TL00260">
    <OldTextValue>Best Refrigerators on /*./ *. / -^"* r\ s\</OldTextValue>
    <NewTextValue>Best Refrigerators on</NewTextValue>
  </TextCorrectedLine>
  <TextCorrectedLine lineID="P3_TL00261">
    <OldTextValue>Market, built strictly U" %J llf I</OldTextValue>
    <NewTextValue>Market, built strictly</NewTextValue>
  </TextCorrectedLine>
  <TextCorrectedLine lineID="P3_TL00262">
    <OldTextValue>Sanitary, and highly W(\ 111 I</OldTextValue>
    <NewTextValue>Sanitary, and highly</NewTextValue>
  </TextCorrectedLine>
  <TextCorrectedLine lineID="P3_TL00263">
    <OldTextValue>finished, sold as low as M 7^* v v</OldTextValue>
    <NewTextValue>finished, sold as low as  $8.00</NewTextValue>
  </TextCorrectedLine>
  <TextCorrectedLine lineID="P3_TL00264">
    <OldTextValue>Art Squares — Latest thing 1 in floor</OldTextValue>
    <NewTextValue>Art Squares — Latest thing in floor</NewTextValue>
  </TextCorrectedLine>
  <TextCorrectedLine lineID="P3_TL00265">
    <OldTextValue>-+v mrn^ ft coverings. A large lot</OldTextValue>
    <NewTextValue>coverings. A large lot</NewTextValue>
  </TextCorrectedLine>
  <TextCorrectedLine lineID="P3_TL00266">
    <OldTextValue>t | |fl I just, received. Many</OldTextValue>
    <NewTextValue>just, received. Many</NewTextValue>
  </TextCorrectedLine>
  <TextCorrectedLine lineID="P3_TL00267">
    <OldTextValue>Hi 1 111 people prefer them to</OldTextValue>
    <NewTextValue>people prefer them to</NewTextValue>
  </TextCorrectedLine>
  <TextCorrectedLine lineID="P3_TL00268">
    <OldTextValue>M^ v carpets. Sell as low as</OldTextValue>
    <NewTextValue>carpets. Sell as low as  $5.00</NewTextValue>
  </TextCorrectedLine>
  <TextCorrectedLine lineID="P3_TL00269">
    <OldTextValue>Come in standard room sizes We also</OldTextValue>
    <NewTextValue>Come in standard room sizes  We also</NewTextValue>
  </TextCorrectedLine>
  <TextCorrectedLine lineID="P3_TL00270">
    <OldTextValue>carry them mattings aa low as $2.50</OldTextValue>
    <NewTextValue>carry them mattings as low as $2.50</NewTextValue>
  </TextCorrectedLine>
  <TextCorrectedLine lineID="P3_TL00271">
    <OldTextValue>Go Carts, the latest / + 4/ &gt;^ i\i\</OldTextValue>
    <NewTextValue>Go Carts, the latest</NewTextValue>
  </TextCorrectedLine>
  <TextCorrectedLine lineID="P3_TL00272">
    <OldTextValue>styles and solidly con- W f 111 I</OldTextValue>
    <NewTextValue>styles and solidly con-</NewTextValue>
  </TextCorrectedLine>
  <TextCorrectedLine lineID="P3_TL00273">
    <OldTextValue>ptructed, sell usually at «n^,_l |I I</OldTextValue>
    <NewTextValue>ptructed, sell usually at</NewTextValue>
  </TextCorrectedLine>
  <TextCorrectedLine lineID="P3_TL00274">
    <OldTextValue>$3.50 and $4.00 to go at M 7M 7^ I^* v v</OldTextValue>
    <NewTextValue>$3.50 and $4.00 to go at  $2.00</NewTextValue>
  </TextCorrectedLine>
  <TextCorrectedLine lineID="P3_TL00275">
    <OldTextValue>stL/^ m* g^i Buys a beautiful brass</OldTextValue>
    <NewTextValue>$3.50 Buys a beautiful brass</NewTextValue>
  </TextCorrectedLine>
  <TextCorrectedLine lineID="P3_TL00276">
    <OldTextValue>U 2 LI I bed, and good chairs go</OldTextValue>
    <NewTextValue>bed, and good chairs go</NewTextValue>
  </TextCorrectedLine>
  <TextCorrectedLine lineID="P3_TL00277">
    <OldTextValue>.jl^J "Jl las low as (id cents apiece.</OldTextValue>
    <NewTextValue>as low as 60 cents apiece.</NewTextValue>
  </TextCorrectedLine>
  <TextCorrectedLine lineID="P3_TL00278">
    <OldTextValue>\y^*m\jr \s These p r i ces are intend-</OldTextValue>
    <NewTextValue>These prices are intend-</NewTextValue>
  </TextCorrectedLine>
  <TextCorrectedLine lineID="P3_TL00279">
    <OldTextValue>ed to keep Jackson's trado at home.</OldTextValue>
    <NewTextValue>ed to keep Jackson's trade at home.</NewTextValue>
  </TextCorrectedLine>
  <TextCorrectedLine lineID="P3_TL00282">
    <OldTextValue>| JEWELRY STORE |</OldTextValue>
    <NewTextValue>Vogeli JEWELRY STORE</NewTextValue>
  </TextCorrectedLine>
  <TextCorrectedLine lineID="P3_TL00283">
    <OldTextValue>* We Invite the public to call and in- %</OldTextValue>
    <NewTextValue>We Invite the public to call and in-</NewTextValue>
  </TextCorrectedLine>
  <TextCorrectedLine lineID="P3_TL00284">
    <OldTextValue>S Kjiect our maynijicient line of</OldTextValue>
    <NewTextValue>spect our magnificent line of</NewTextValue>
  </TextCorrectedLine>
  <TextCorrectedLine lineID="P3_TL00285">
    <OldTextValue>« Silverware. Laryest assort- •*</OldTextValue>
    <NewTextValue>Silverware. Largest assort-</NewTextValue>
  </TextCorrectedLine>
  <TextCorrectedLine lineID="P3_TL00286">
    <OldTextValue>g ment in Amador Co. *</OldTextValue>
    <NewTextValue>ment in Amador Co.</NewTextValue>
  </TextCorrectedLine>
  <TextCorrectedLine lineID="P3_TL00287">
    <OldTextValue>I » Children's Dinner Sets A-C%r&gt; ¥</OldTextValue>
    <NewTextValue>Children's Dinner Sets</NewTextValue>
  </TextCorrectedLine>
  <TextCorrectedLine lineID="P3_TL00288">
    <OldTextValue>j % from $8. down to **v/*- 3</OldTextValue>
    <NewTextValue>from $6. down to   40c</NewTextValue>
  </TextCorrectedLine>
  <TextCorrectedLine lineID="P3_TL00289">
    <OldTextValue>* Beautiful Baby Cups CA P *</OldTextValue>
    <NewTextValue>Beautiful Baby Cups</NewTextValue>
  </TextCorrectedLine>
  <TextCorrectedLine lineID="P3_TL00290">
    <OldTextValue>* from $1O down to OVM-</OldTextValue>
    <NewTextValue>from $10 down to 50c</NewTextValue>
  </TextCorrectedLine>
  <TextCorrectedLine lineID="P3_TL00291">
    <OldTextValue>% 4O MAIN ST. |</OldTextValue>
    <NewTextValue>40 MAIN ST.</NewTextValue>
  </TextCorrectedLine>
  <TextCorrectedLine lineID="P3_TL00292">
    <OldTextValue>******»**sr»**#***** *******</OldTextValue>
    <NewTextValue></NewTextValue>
  </TextCorrectedLine>
  <TextCorrectedLine lineID="P3_TL00295">
    <OldTextValue>" —OF—</OldTextValue>
    <NewTextValue>—OF—</NewTextValue>
  </TextCorrectedLine>
  <TextCorrectedLine lineID="P3_TL00309">
    <OldTextValue>The Capitol Tailors, Chicago, 111</OldTextValue>
    <NewTextValue>The Capitol Tailors, Chicago, Ill</NewTextValue>
  </TextCorrectedLine>
</TextCorrectedBlock>
<TextCorrectedBlock pageOID="AL19100527.1.3" blockID="P3_CB00019" userID="[redacted]">
  <TextCorrectedLine lineID="P3_TL00329">
    <OldTextValue>|Schroeder's|</OldTextValue>
    <NewTextValue>Schroeder's</NewTextValue>
  </TextCorrectedLine>
  <TextCorrectedLine lineID="P3_TL00330">
    <OldTextValue>I STORE B</OldTextValue>
    <NewTextValue>STORE</NewTextValue>
  </TextCorrectedLine>
  <TextCorrectedLine lineID="P3_TL00331">
    <OldTextValue>I Supplies Jackson's H</OldTextValue>
    <NewTextValue>Supplies Jackson's</NewTextValue>
  </TextCorrectedLine>
  <TextCorrectedLine lineID="P3_TL00332">
    <OldTextValue>jf Wo Carry a complete B</OldTextValue>
    <NewTextValue>We Carry a complete</NewTextValue>
  </TextCorrectedLine>
  <TextCorrectedLine lineID="P3_TL00333">
    <OldTextValue>|U line of fancy groceries ffi</OldTextValue>
    <NewTextValue>line of fancy groceries</NewTextValue>
  </TextCorrectedLine>
  <TextCorrectedLine lineID="P3_TL00334">
    <OldTextValue>PI and our prices will be ||</OldTextValue>
    <NewTextValue>and our prices will be</NewTextValue>
  </TextCorrectedLine>
  <TextCorrectedLine lineID="P3_TL00335">
    <OldTextValue>H sure to please you. f|</OldTextValue>
    <NewTextValue>sure to please you.</NewTextValue>
  </TextCorrectedLine>
  <TextCorrectedLine lineID="P3_TL00336">
    <OldTextValue>M Give us a Trial Order j|</OldTextValue>
    <NewTextValue>Give us a Trial Order</NewTextValue>
  </TextCorrectedLine>
  <TextCorrectedLine lineID="P3_TL00337">
    <OldTextValue>ga TELEPHONE-BLACK 414 =</OldTextValue>
    <NewTextValue>TELEPHONE-BLACK 414</NewTextValue>
  </TextCorrectedLine>
  <TextCorrectedLine lineID="P3_TL00338">
    <OldTextValue>pp Orders Promptly Delivered |</OldTextValue>
    <NewTextValue>Orders Promptly Delivered</NewTextValue>
  </TextCorrectedLine>
  <TextCorrectedLine lineID="P3_TL00339">
    <OldTextValue>|| Jackson f?^jjj*-B</OldTextValue>
    <NewTextValue>Jackson   Calif.</NewTextValue>
  </TextCorrectedLine>
  <TextCorrectedLine lineID="P3_TL00340">
    <OldTextValue>HMHMliBill^^ilHll''l!!lllli:^^l</OldTextValue>
    <NewTextValue></NewTextValue>
  </TextCorrectedLine>
</TextCorrectedBlock>
<TextCorrectedBlock pageOID="AL19100527.1.4" blockID="P4_TB00031" userID="[redacted]">
  <TextCorrectedLine lineID="P4_TL00222">
    <OldTextValue>Miss JEdith Harmon arrived here</OldTextValue>
    <NewTextValue>Miss Edith Harmon arrived here</NewTextValue>
  </TextCorrectedLine>
</TextCorrectedBlock>
<TextCorrectedBlock pageOID="AL19100527.1.4" blockID="P4_CB00002" userID="[redacted]">
  <TextCorrectedLine lineID="P4_TL00550">
    <OldTextValue>Of Carson Hill, Cala»era« county, an-</OldTextValue>
    <NewTextValue>Of Carson Hill, Calaveras county, an-</NewTextValue>
  </TextCorrectedLine>
  <TextCorrectedLine lineID="P4_TL00552">
    <OldTextValue>forthcomlojr Primary Election for tho</OldTextValue>
    <NewTextValue>forthcoming Primary Election for the</NewTextValue>
  </TextCorrectedLine>
  <TextCorrectedLine lineID="P4_TL00556">
    <OldTextValue>counties of Amador, Alpine, Calaveraa</OldTextValue>
    <NewTextValue>counties of Amador, Alpine, Calaveras</NewTextValue>
  </TextCorrectedLine>
  <TextCorrectedLine lineID="P4_TL00560">
    <OldTextValue>Is a Candidates for nomination on the ■</OldTextValue>
    <NewTextValue>Is a Candidates for nomination on the</NewTextValue>
  </TextCorrectedLine>
  <TextCorrectedLine lineID="P4_TL00562">
    <OldTextValue>COUONKR &amp; PUBLIC ADMINIS-</OldTextValue>
    <NewTextValue>CORONER &amp; PUBLIC ADMINIS-</NewTextValue>
  </TextCorrectedLine>
  <TextCorrectedLine lineID="P4_TL00565">
    <OldTextValue>Of the law firm of Spaguoh &amp; Spaijnoll</OldTextValue>
    <NewTextValue>Of the law firm of Spagnoli &amp; Spagnoli</NewTextValue>
  </TextCorrectedLine>
  <TextCorrectedLine lineID="P4_TL00567">
    <OldTextValue>tho Democratic Nomination for</OldTextValue>
    <NewTextValue>the Democratic Nomination for</NewTextValue>
  </TextCorrectedLine>
  <TextCorrectedLine lineID="P4_TL00574">
    <OldTextValue>for the ottico of</OldTextValue>
    <NewTextValue>for the office of</NewTextValue>
  </TextCorrectedLine>
  <TextCorrectedLine lineID="P4_TL00583">
    <OldTextValue>.WM. G. SNYDER.</OldTextValue>
    <NewTextValue>WM. G. SNYDER.</NewTextValue>
  </TextCorrectedLine>
  <TextCorrectedLine lineID="P4_TL00587">
    <OldTextValue>Supervisor District No's, subject to the</OldTextValue>
    <NewTextValue>Supervisor District No 3, subject to the</NewTextValue>
  </TextCorrectedLine>
</TextCorrectedBlock>
