<TextCorrectedBlock pageOID="AL19090305.1.1" blockID="P1_CB00002" userID="[redacted]">
  <TextCorrectedLine lineID="P1_TL00586">
    <OldTextValue>vyaft^. Bnti&gt;kb,</OldTextValue>
    <NewTextValue>WM. G SNYDER,</NewTextValue>
  </TextCorrectedLine>
  <TextCorrectedLine lineID="P1_TL00587">
    <OldTextValue>VAttorner-at-I^w,</OldTextValue>
    <NewTextValue>Attorney-at-Law</NewTextValue>
  </TextCorrectedLine>
  <TextCorrectedLine lineID="P1_TL00588">
    <OldTextValue>JACKSON, OAL.</OldTextValue>
    <NewTextValue>JACKSON, CAL.</NewTextValue>
  </TextCorrectedLine>
  <TextCorrectedLine lineID="P1_TL00589">
    <OldTextValue>Office In Mnrelta Building, Oourt street.</OldTextValue>
    <NewTextValue>Office In Marelia Building, Court street.</NewTextValue>
  </TextCorrectedLine>
  <TextCorrectedLine lineID="P1_TL00590">
    <OldTextValue>Will practice In all the oourti ot the state, fe</OldTextValue>
    <NewTextValue>Will practice In all the courts of the state,</NewTextValue>
  </TextCorrectedLine>
  <TextCorrectedLine lineID="P1_TL00591">
    <OldTextValue>, ; DOCTORS. \</OldTextValue>
    <NewTextValue>DOCTORS.</NewTextValue>
  </TextCorrectedLine>
  <TextCorrectedLine lineID="P1_TL00592">
    <OldTextValue>TTI E. KNDIOOTT, M. D.</OldTextValue>
    <NewTextValue>E. E. KNDIOOTT, M. D.</NewTextValue>
  </TextCorrectedLine>
  <TextCorrectedLine lineID="P1_TL00593">
    <OldTextValue>Fbyilolnn and Bargeon</OldTextValue>
    <NewTextValue>Physician and Surgeon</NewTextValue>
  </TextCorrectedLine>
  <TextCorrectedLine lineID="P1_TL00594">
    <OldTextValue>Jackson, Cat..</OldTextValue>
    <NewTextValue>Jackson, Cal..</NewTextValue>
  </TextCorrectedLine>
  <TextCorrectedLine lineID="P1_TL00595">
    <OldTextValue>offloe! Webb building. AU calls promptly</OldTextValue>
    <NewTextValue>office :  Webb building. All calls promptly</NewTextValue>
  </TextCorrectedLine>
  <TextCorrectedLine lineID="P1_TL00596">
    <OldTextValue>attended to at nil tlmos,</OldTextValue>
    <NewTextValue>attended to at all tlmes,</NewTextValue>
  </TextCorrectedLine>
  <TextCorrectedLine lineID="P1_TL00597">
    <OldTextValue>|-VR. FUEU F. SPItAGUK</OldTextValue>
    <NewTextValue>Dr. Fred F. Sprague</NewTextValue>
  </TextCorrectedLine>
  <TextCorrectedLine lineID="P1_TL00598">
    <OldTextValue>. ■ l'hynlciiin un«l Surgeon</OldTextValue>
    <NewTextValue>Physician and Surgeon</NewTextValue>
  </TextCorrectedLine>
  <TextCorrectedLine lineID="P1_TL00599">
    <OldTextValue>v, V( -; JACKSON, CAL.</OldTextValue>
    <NewTextValue>JACKSON, CAL.</NewTextValue>
  </TextCorrectedLine>
  <TextCorrectedLine lineID="P1_TL00600">
    <OldTextValue>OrFiOß— Next door to residence, north Main</OldTextValue>
    <NewTextValue>OFFICE— Next door to residence, north Main</NewTextValue>
  </TextCorrectedLine>
  <TextCorrectedLine lineID="P1_TL00603">
    <OldTextValue>•pvn. A. M. OALL</OldTextValue>
    <NewTextValue>DR.  A. M. GALL</NewTextValue>
  </TextCorrectedLine>
  <TextCorrectedLine lineID="P1_TL00604">
    <OldTextValue>i. . v Fhyslolan and Burgeon</OldTextValue>
    <NewTextValue>Physician and Surgeon</NewTextValue>
  </TextCorrectedLine>
  <TextCorrectedLine lineID="P1_TL00605">
    <OldTextValue>JACKSON, OAI.</OldTextValue>
    <NewTextValue>JACKSON, Cal.</NewTextValue>
  </TextCorrectedLine>
  <TextCorrectedLine lineID="P1_TL00607">
    <OldTextValue>PS. GOODMAN Al D.</OldTextValue>
    <NewTextValue>P. S. GOODMAN M. D.</NewTextValue>
  </TextCorrectedLine>
  <TextCorrectedLine lineID="P1_TL00608">
    <OldTextValue>• - ■&gt; &gt;</OldTextValue>
    <NewTextValue></NewTextValue>
  </TextCorrectedLine>
  <TextCorrectedLine lineID="P1_TL00609">
    <OldTextValue>- '■ Physician and .Surgeon</OldTextValue>
    <NewTextValue>Physician and .Surgeon</NewTextValue>
  </TextCorrectedLine>
  <TextCorrectedLine lineID="P1_TL00610">
    <OldTextValue>■ '• Sutter Creek, Cal.</OldTextValue>
    <NewTextValue>Sutter Creek, Cal.</NewTextValue>
  </TextCorrectedLine>
  <TextCorrectedLine lineID="P1_TL00611">
    <OldTextValue>•pvlt. L O. LYNCH ..;</OldTextValue>
    <NewTextValue>Dr. L G. LYNCH</NewTextValue>
  </TextCorrectedLine>
  <TextCorrectedLine lineID="P1_TL00612">
    <OldTextValue>. Physician and Bariceon</OldTextValue>
    <NewTextValue>Physician and Surgeon</NewTextValue>
  </TextCorrectedLine>
  <TextCorrectedLine lineID="P1_TL00613">
    <OldTextValue>m , Office, Main 28 </OldTextValue>
    <NewTextValue>TEL. Office, Main 28 </NewTextValue>
  </TextCorrectedLine>
  <TextCorrectedLine lineID="P1_TL00615">
    <OldTextValue>. . ■- ■;;■'-; Amaaor City, Cal.,.</OldTextValue>
    <NewTextValue>Amaaor City, Cal.,</NewTextValue>
  </TextCorrectedLine>
  <TextCorrectedLine lineID="P1_TL00616">
    <OldTextValue>T) F,. WALKER, M. D. •</OldTextValue>
    <NewTextValue>B. F. WALKER, M. D.</NewTextValue>
  </TextCorrectedLine>
  <TextCorrectedLine lineID="P1_TL00617">
    <OldTextValue>• V practice limited to diseases ot</OldTextValue>
    <NewTextValue>practice limited to diseases ot</NewTextValue>
  </TextCorrectedLine>
  <TextCorrectedLine lineID="P1_TL00618">
    <OldTextValue>EYU, EAR, NOSE AitD THROAT</OldTextValue>
    <NewTextValue>EYE, EAR, NOSE AND THROAT</NewTextValue>
  </TextCorrectedLine>
  <TextCorrectedLine lineID="P1_TL00619">
    <OldTextValue>Offloe— ELK'S BUILDIHG, ' j •</OldTextValue>
    <NewTextValue>Office— ELK'S BUILDING,</NewTextValue>
  </TextCorrectedLine>
</TextCorrectedBlock>
