<TextCorrectedBlock pageOID="AL19070920.1.2" blockID="P2_CB00011" userID="[redacted]">
  <TextCorrectedLine lineID="P2_TL00506">
    <OldTextValue>re^kb^^alet!" 10^ fUrDltUre repair[Dg ' "'l"* l»yl«&gt;* and cleaningetc. at</OldTextValue>
    <NewTextValue>Also, upholstering, furniture repairing, carpet laying and cleaning etc. at reasonable rates.</NewTextValue>
  </TextCorrectedLine>
  <TextCorrectedLine lineID="P2_TL00507">
    <OldTextValue>Calls from the country promptly responded to. . 8u39</OldTextValue>
    <NewTextValue>Calls from the country promptly responded to.</NewTextValue>
  </TextCorrectedLine>
</TextCorrectedBlock>
<TextCorrectedBlock pageOID="AL19070920.1.2" blockID="P2_CB00016" userID="[redacted]">
  <TextCorrectedLine lineID="P2_TL00551">
    <OldTextValue>1 6IN0CCHI0 BROS.I</OldTextValue>
    <NewTextValue>GINOCCHIO BROS.</NewTextValue>
  </TextCorrectedLine>
  <TextCorrectedLine lineID="P2_TL00552">
    <OldTextValue>**; DEALERS IN</OldTextValue>
    <NewTextValue>DEALERS IN</NewTextValue>
  </TextCorrectedLine>
  <TextCorrectedLine lineID="P2_TL00553">
    <OldTextValue>I £ General Merchandise I</OldTextValue>
    <NewTextValue>General Merchandise</NewTextValue>
  </TextCorrectedLine>
  <TextCorrectedLine lineID="P2_TL00554">
    <OldTextValue>M Groceries, Furnishing Goods, Shoes, j</OldTextValue>
    <NewTextValue>Groceries, Furnishing Goods, Shoes,</NewTextValue>
  </TextCorrectedLine>
  <TextCorrectedLine lineID="P2_TL00555">
    <OldTextValue>aliS Boots ' Paints, Oils, Varnishes. Mining f</OldTextValue>
    <NewTextValue>Boots,  Paints, Oils, Varnishes. Mining</NewTextValue>
  </TextCorrectedLine>
  <TextCorrectedLine lineID="P2_TL00556">
    <OldTextValue>Supplies, Lumber, Hardware, Hay, M</OldTextValue>
    <NewTextValue>Supplies, Lumber, Hardware, Hay,</NewTextValue>
  </TextCorrectedLine>
  <TextCorrectedLine lineID="P2_TL00557">
    <OldTextValue>H _____ Grain, etc., etc.</OldTextValue>
    <NewTextValue>Grain, etc., etc.</NewTextValue>
  </TextCorrectedLine>
  <TextCorrectedLine lineID="P2_TL00558">
    <OldTextValue>gj . Corner Main and Water St. ' E</OldTextValue>
    <NewTextValue>Corner Main and Water St.</NewTextValue>
  </TextCorrectedLine>
  <TextCorrectedLine lineID="P2_TL00559">
    <OldTextValue>| JACKSON - - - CALIFORNIA I</OldTextValue>
    <NewTextValue>JACKSON - - - CALIFORNIA</NewTextValue>
  </TextCorrectedLine>
</TextCorrectedBlock>
<TextCorrectedBlock pageOID="AL19070920.1.2" blockID="P2_CB00028" userID="[redacted]">
  <TextCorrectedLine lineID="P2_TL00668">
    <OldTextValue>• &gt; McCALL •* T V &gt;V| • •</OldTextValue>
    <NewTextValue>McCALL   Bazaar Patterns</NewTextValue>
  </TextCorrectedLine>
  <TextCorrectedLine lineID="P2_TL00669">
    <OldTextValue>i"-**"! L J. Glavmovicli |</OldTextValue>
    <NewTextValue>L J. Glavinovich</NewTextValue>
  </TextCorrectedLine>
  <TextCorrectedLine lineID="P2_TL00670">
    <OldTextValue>i LEADING GROCERY STORE [</OldTextValue>
    <NewTextValue>LEADING GROCERY STORE</NewTextValue>
  </TextCorrectedLine>
  <TextCorrectedLine lineID="P2_TL00671">
    <OldTextValue>• l3II? Groceries, Dry Goods, I</OldTextValue>
    <NewTextValue>Groceries, Dry Goods,</NewTextValue>
  </TextCorrectedLine>
  <TextCorrectedLine lineID="P2_TL00672">
    <OldTextValue>• d . Furnishing Goods, Boots, •</OldTextValue>
    <NewTextValue>Furnishing Goods, Boots,</NewTextValue>
  </TextCorrectedLine>
  <TextCorrectedLine lineID="P2_TL00673">
    <OldTextValue>• a Shoes, Toilet Articles, •</OldTextValue>
    <NewTextValue>Shoes, Toilet Articles,</NewTextValue>
  </TextCorrectedLine>
  <TextCorrectedLine lineID="P2_TL00674">
    <OldTextValue>• ■.:&gt;. | -." # ■' Hardware, Miners' Sup- •</OldTextValue>
    <NewTextValue>Hardware, Miners' Sup-</NewTextValue>
  </TextCorrectedLine>
  <TextCorrectedLine lineID="P2_TL00675">
    <OldTextValue>• : -^ \ ; g plies, Hay, Grain, Etc. •</OldTextValue>
    <NewTextValue>plies, Hay, Grain, Etc.</NewTextValue>
  </TextCorrectedLine>
  <TextCorrectedLine lineID="P2_TL00676">
    <OldTextValue>• " Cor. ' Main &amp; Court Streets --' - '■'•■'"' :': '~ w - "■'*</OldTextValue>
    <NewTextValue>Cor. ' Main &amp; Court Streets</NewTextValue>
  </TextCorrectedLine>
  <TextCorrectedLine lineID="P2_TL00677">
    <OldTextValue>•JACKSON, *«■ gal: L* ™ \</OldTextValue>
    <NewTextValue>JACKSON,  - -  CAL.</NewTextValue>
  </TextCorrectedLine>
  <TextCorrectedLine lineID="P2_TL00678">
    <OldTextValue>Im, - v ■"' Patterns*</OldTextValue>
    <NewTextValue>McCall Bazaar Patterns</NewTextValue>
  </TextCorrectedLine>
</TextCorrectedBlock>
<TextCorrectedBlock pageOID="AL19070920.1.2" blockID="P2_CB00028" userID="[redacted]">
  <TextCorrectedLine lineID="P2_TL00671">
    <OldTextValue>Groceries, Dry Goods,</OldTextValue>
    <NewTextValue>DEALER IN     Groceries, Dry Goods,</NewTextValue>
  </TextCorrectedLine>
</TextCorrectedBlock>
<TextCorrectedBlock pageOID="AL19070920.1.3" blockID="P3_TB00102" userID="[redacted]">
  <TextCorrectedLine lineID="P3_TL00935">
    <OldTextValue>the com lug winter, in order to be</OldTextValue>
    <NewTextValue>the coming winter, in order to be</NewTextValue>
  </TextCorrectedLine>
  <TextCorrectedLine lineID="P3_TL00938">
    <OldTextValue>For Sale— Sam JLoree runob, 120</OldTextValue>
    <NewTextValue>For Sale— Sam Loree ranch, 120</NewTextValue>
  </TextCorrectedLine>
</TextCorrectedBlock>
<TextCorrectedBlock pageOID="AL19070920.1.3" blockID="P3_TB00088" userID="[redacted]">
  <TextCorrectedLine lineID="P3_TL00688">
    <OldTextValue>i'be tax levy for tbe current year</OldTextValue>
    <NewTextValue>The tax levy for the current year</NewTextValue>
  </TextCorrectedLine>
  <TextCorrectedLine lineID="P3_TL00689">
    <OldTextValue>was established on each 8100 of tax-</OldTextValue>
    <NewTextValue>was established on each $100 of tax-</NewTextValue>
  </TextCorrectedLine>
  <TextCorrectedLine lineID="P3_TL00691">
    <OldTextValue>State fund .... £44.5</OldTextValue>
    <NewTextValue>State fund .... $44.5</NewTextValue>
  </TextCorrectedLine>
  <TextCorrectedLine lineID="P3_TL00694">
    <OldTextValue>Road 33.0</OldTextValue>
    <NewTextValue>Road  -  -  -  33.0</NewTextValue>
  </TextCorrectedLine>
  <TextCorrectedLine lineID="P3_TL00697">
    <OldTextValue>Total W.OO</OldTextValue>
    <NewTextValue>Total  $2.00</NewTextValue>
  </TextCorrectedLine>
  <TextCorrectedLine lineID="P3_TL00698">
    <OldTextValue>lone Union high school - 280</OldTextValue>
    <NewTextValue>lone Union high school - 28c</NewTextValue>
  </TextCorrectedLine>
</TextCorrectedBlock>
<TextCorrectedBlock pageOID="AL19070920.1.3" blockID="P3_TB00017" userID="[redacted]">
  <TextCorrectedLine lineID="P3_TL00055">
    <OldTextValue>Wm. Gable, 54, Ohio, Urights dis-</OldTextValue>
    <NewTextValue>Wm. Gable, 54, Ohio, Brights dis-</NewTextValue>
  </TextCorrectedLine>
  <TextCorrectedLine lineID="P3_TL00057">
    <OldTextValue>. Mrs M. M. Olmstead, 77, Arkansas,</OldTextValue>
    <NewTextValue>Mrs M. M. Olmstead, 77, Arkansas,</NewTextValue>
  </TextCorrectedLine>
</TextCorrectedBlock>
<TextCorrectedBlock pageOID="AL19070920.1.3" blockID="P3_CB00005" userID="[redacted]">
  <TextCorrectedLine lineID="P3_TL01018">
    <OldTextValue>| CLEVELAND'S I</OldTextValue>
    <NewTextValue>CLEVELAND'S</NewTextValue>
  </TextCorrectedLine>
  <TextCorrectedLine lineID="P3_TL01019">
    <OldTextValue>1 SUPERIOR 1</OldTextValue>
    <NewTextValue>SUPERIOR</NewTextValue>
  </TextCorrectedLine>
  <TextCorrectedLine lineID="P3_TL01020">
    <OldTextValue>I BAKING POWDER I</OldTextValue>
    <NewTextValue>BAKING POWDER</NewTextValue>
  </TextCorrectedLine>
</TextCorrectedBlock>
<TextCorrectedBlock pageOID="AL19070920.1.3" blockID="P3_TB00030" userID="[redacted]">
  <TextCorrectedLine lineID="P3_TL00140">
    <OldTextValue>them being Austrians. It seems tbat</OldTextValue>
    <NewTextValue>them being Austrians. It seems that</NewTextValue>
  </TextCorrectedLine>
  <TextCorrectedLine lineID="P3_TL00142">
    <OldTextValue>shift abont six o'clock, they were</OldTextValue>
    <NewTextValue>shift about six o'clock, they were</NewTextValue>
  </TextCorrectedLine>
  <TextCorrectedLine lineID="P3_TL00144">
    <OldTextValue>were in tbe way. Ibis is a frequent</OldTextValue>
    <NewTextValue>were in the way. This is a frequent</NewTextValue>
  </TextCorrectedLine>
  <TextCorrectedLine lineID="P3_TL00148">
    <OldTextValue>ground ot night time. It was bright</OldTextValue>
    <NewTextValue>ground of night time. It was bright</NewTextValue>
  </TextCorrectedLine>
  <TextCorrectedLine lineID="P3_TL00149">
    <OldTextValue>moonlight. Mr Detert told tbem</OldTextValue>
    <NewTextValue>moonlight. Mr Detert told them</NewTextValue>
  </TextCorrectedLine>
  <TextCorrectedLine lineID="P3_TL00150">
    <OldTextValue>they could either do tbe work tbey</OldTextValue>
    <NewTextValue>they could either do the work they</NewTextValue>
  </TextCorrectedLine>
  <TextCorrectedLine lineID="P3_TL00153">
    <OldTextValue>unce paid off. The Italians made no</OldTextValue>
    <NewTextValue>once paid off. The Italians made no</NewTextValue>
  </TextCorrectedLine>
  <TextCorrectedLine lineID="P3_TL00154">
    <OldTextValue>objections .to tbe work.</OldTextValue>
    <NewTextValue>objections to the work.</NewTextValue>
  </TextCorrectedLine>
</TextCorrectedBlock>
<TextCorrectedBlock pageOID="AL19070920.1.2" blockID="P2_CB00011" userID="[redacted]">
  <TextCorrectedLine lineID="P2_TL00503">
    <OldTextValue>. Webb Building, Jackson,</OldTextValue>
    <NewTextValue>Webb Building, Jackson,</NewTextValue>
  </TextCorrectedLine>
</TextCorrectedBlock>
<TextCorrectedBlock pageOID="AL19070920.1.3" blockID="P3_TB00086" userID="[redacted]">
  <TextCorrectedLine lineID="P3_TL00683">
    <OldTextValue>work at tbe Camp Seco copper mine,</OldTextValue>
    <NewTextValue>work at the Camp Seco copper mine,</NewTextValue>
  </TextCorrectedLine>
</TextCorrectedBlock>
<TextCorrectedBlock pageOID="AL19070920.1.3" blockID="P3_TB00086" userID="[redacted]">
  <TextCorrectedLine lineID="P3_TL00681">
    <OldTextValue>W. Varcoe, Geo. Kustis and Sam</OldTextValue>
    <NewTextValue>W. Varcoe, Geo. Eustis and Sam</NewTextValue>
  </TextCorrectedLine>
  <TextCorrectedLine lineID="P3_TL00682">
    <OldTextValue>Growden Jelt Wednesday morning to</OldTextValue>
    <NewTextValue>Growden left Wednesday morning to</NewTextValue>
  </TextCorrectedLine>
</TextCorrectedBlock>
<TextCorrectedBlock pageOID="AL19070920.1.3" blockID="P3_TB00084" userID="[redacted]">
  <TextCorrectedLine lineID="P3_TL00672">
    <OldTextValue>Dr. E. Li. Phillips office is at his</OldTextValue>
    <NewTextValue>Dr. E. L. Phillips office is at his</NewTextValue>
  </TextCorrectedLine>
</TextCorrectedBlock>
<TextCorrectedBlock pageOID="AL19070920.1.3" blockID="P3_TB00083" userID="[redacted]">
  <TextCorrectedLine lineID="P3_TL00666">
    <OldTextValue>Mrs Cbas. S. bell of Mt. Aukum</OldTextValue>
    <NewTextValue>Mrs Chas. S. Bell of Mt. Aukum</NewTextValue>
  </TextCorrectedLine>
  <TextCorrectedLine lineID="P3_TL00669">
    <OldTextValue>last week, whiob leaves her in a very</OldTextValue>
    <NewTextValue>last week, which leaves her in a very</NewTextValue>
  </TextCorrectedLine>
</TextCorrectedBlock>
<TextCorrectedBlock pageOID="AL19070920.1.3" blockID="P3_TB00107" userID="[redacted]">
  <TextCorrectedLine lineID="P3_TL00957">
    <OldTextValue>town Jaut Tuesday, driving their</OldTextValue>
    <NewTextValue>town last Tuesday, driving their</NewTextValue>
  </TextCorrectedLine>
  <TextCorrectedLine lineID="P3_TL00960">
    <OldTextValue>arrival.— Angels Kecord.</OldTextValue>
    <NewTextValue>arrival.— Angels Record.</NewTextValue>
  </TextCorrectedLine>
</TextCorrectedBlock>
<TextCorrectedBlock pageOID="AL19070920.1.3" blockID="P3_TB00028" userID="[redacted]">
  <TextCorrectedLine lineID="P3_TL00113">
    <OldTextValue>last Sunday. The buntera were H. E.</OldTextValue>
    <NewTextValue>last Sunday. The hunters were H. E.</NewTextValue>
  </TextCorrectedLine>
  <TextCorrectedLine lineID="P3_TL00119">
    <OldTextValue>hired from tbe Union livery stable.</OldTextValue>
    <NewTextValue>hired from the Union livery stable.</NewTextValue>
  </TextCorrectedLine>
  <TextCorrectedLine lineID="P3_TL00121">
    <OldTextValue>to rustle up the game. Tbey went</OldTextValue>
    <NewTextValue>to rustle up the game. They went</NewTextValue>
  </TextCorrectedLine>
  <TextCorrectedLine lineID="P3_TL00122">
    <OldTextValue>tbree or four miles south of town.</OldTextValue>
    <NewTextValue>three or four miles south of town.</NewTextValue>
  </TextCorrectedLine>
</TextCorrectedBlock>
<TextCorrectedBlock pageOID="AL19070920.1.3" blockID="P3_TB00015" userID="[redacted]">
  <TextCorrectedLine lineID="P3_TL00045">
    <OldTextValue>Died.— Eleanor Petty, Kudolpn</OldTextValue>
    <NewTextValue>Died.— Eleanor Petty, Rudolph</NewTextValue>
  </TextCorrectedLine>
</TextCorrectedBlock>
<TextCorrectedBlock pageOID="AL19070920.1.3" blockID="P3_TB00048" userID="[redacted]">
  <TextCorrectedLine lineID="P3_TL00262">
    <OldTextValue>ore. Tha output was 497 ounces of</OldTextValue>
    <NewTextValue>ore. The output was 497 ounces of</NewTextValue>
  </TextCorrectedLine>
  <TextCorrectedLine lineID="P3_TL00266">
    <OldTextValue>The expenses, including $034.44 tor</OldTextValue>
    <NewTextValue>The expenses, including $634.44 for</NewTextValue>
  </TextCorrectedLine>
  <TextCorrectedLine lineID="P3_TL00269">
    <OldTextValue>was declared, amounting to 86000.</OldTextValue>
    <NewTextValue>was declared, amounting to $6000.</NewTextValue>
  </TextCorrectedLine>
  <TextCorrectedLine lineID="P3_TL00270">
    <OldTextValue>Surplus in tbe treasury September 1,</OldTextValue>
    <NewTextValue>Surplus in the treasury September 1,</NewTextValue>
  </TextCorrectedLine>
  <TextCorrectedLine lineID="P3_TL00271">
    <OldTextValue>$67,578.26. Tbe mill bas been runn-</OldTextValue>
    <NewTextValue>$67,578.26. The mill has been runn-</NewTextValue>
  </TextCorrectedLine>
  <TextCorrectedLine lineID="P3_TL00272">
    <OldTextValue>ing for tbe past two months largely</OldTextValue>
    <NewTextValue>ing for the past two months largely</NewTextValue>
  </TextCorrectedLine>
  <TextCorrectedLine lineID="P3_TL00273">
    <OldTextValue>on low grade rook, th^t bad to be got</OldTextValue>
    <NewTextValue>on low grade rook, that had to be got</NewTextValue>
  </TextCorrectedLine>
  <TextCorrectedLine lineID="P3_TL00277">
    <OldTextValue>material increase in tbe yield, that is</OldTextValue>
    <NewTextValue>material increase in the yield, that is</NewTextValue>
  </TextCorrectedLine>
  <TextCorrectedLine lineID="P3_TL00278">
    <OldTextValue>if tbe mill is not interfered with on</OldTextValue>
    <NewTextValue>if the mill is not interfered with on</NewTextValue>
  </TextCorrectedLine>
</TextCorrectedBlock>
<TextCorrectedBlock pageOID="AL19070920.1.3" blockID="P3_TB00048" userID="[redacted]">
  <TextCorrectedLine lineID="P3_TL00268">
    <OldTextValue>Dividend No. 9 ot 3 cents per share</OldTextValue>
    <NewTextValue>Dividend No. 9 of 3 cents per share</NewTextValue>
  </TextCorrectedLine>
</TextCorrectedBlock>
<TextCorrectedBlock pageOID="AL19070920.1.3" blockID="P3_TB00030" userID="[redacted]">
  <TextCorrectedLine lineID="P3_TL00138">
    <OldTextValue>Monday evening about fcuiteen</OldTextValue>
    <NewTextValue>Monday evening about fourteen</NewTextValue>
  </TextCorrectedLine>
  <TextCorrectedLine lineID="P3_TL00141">
    <OldTextValue>when tbe men went to work night</OldTextValue>
    <NewTextValue>when the men went to work night</NewTextValue>
  </TextCorrectedLine>
</TextCorrectedBlock>
