<TextCorrectedBlock pageOID="AL19041209.1.2" blockID="P2_TB00006" userID="[redacted]">
  <TextCorrectedLine lineID="P2_TL00057">
    <OldTextValue>addition to tho mill was started up last</OldTextValue>
    <NewTextValue>addition to the mill was started up last</NewTextValue>
  </TextCorrectedLine>
  <TextCorrectedLine lineID="P2_TL00058">
    <OldTextValue>Monday.' Like all new machinery 'of</OldTextValue>
    <NewTextValue>Monday.  Like all new machinery of</NewTextValue>
  </TextCorrectedLine>
</TextCorrectedBlock>
<TextCorrectedBlock pageOID="AL19041209.1.2" blockID="P2_TB00006" userID="[redacted]">
  <TextCorrectedLine lineID="P2_TL00063">
    <OldTextValue>probably before these lines aro read the</OldTextValue>
    <NewTextValue>probably before these lines are read the</NewTextValue>
  </TextCorrectedLine>
</TextCorrectedBlock>
<TextCorrectedBlock pageOID="AL19041209.1.2" blockID="P2_CB00001" userID="[redacted]">
  <TextCorrectedLine lineID="P2_TL00901">
    <OldTextValue>**** It t 111 II 11 1 | M»f</OldTextValue>
    <NewTextValue></NewTextValue>
  </TextCorrectedLine>
  <TextCorrectedLine lineID="P2_TL00902">
    <OldTextValue>( -' -■'■■"' -"■ " '■'-*■•'' ■ i '</OldTextValue>
    <NewTextValue></NewTextValue>
  </TextCorrectedLine>
  <TextCorrectedLine lineID="P2_TL00903">
    <OldTextValue>|| 8ru5he5,,..,,..,,, |</OldTextValue>
    <NewTextValue>BRUSHES</NewTextValue>
  </TextCorrectedLine>
  <TextCorrectedLine lineID="P2_TL00904">
    <OldTextValue>I! . FOR THE TEETH : ;</OldTextValue>
    <NewTextValue>FOR THE TEETH</NewTextValue>
  </TextCorrectedLine>
  <TextCorrectedLine lineID="P2_TL00905">
    <OldTextValue>{ i for the hair &gt; &gt;</OldTextValue>
    <NewTextValue>for the hair</NewTextValue>
  </TextCorrectedLine>
  <TextCorrectedLine lineID="P2_TL00906">
    <OldTextValue>;: for the hands . ■ :;</OldTextValue>
    <NewTextValue>for the hands</NewTextValue>
  </TextCorrectedLine>
  <TextCorrectedLine lineID="P2_TL00907">
    <OldTextValue>j : for the nails ; :</OldTextValue>
    <NewTextValue>for the nails</NewTextValue>
  </TextCorrectedLine>
  <TextCorrectedLine lineID="P2_TL00908">
    <OldTextValue>! ! FOR THE BATH : :</OldTextValue>
    <NewTextValue>FOR THE BATH</NewTextValue>
  </TextCorrectedLine>
  <TextCorrectedLine lineID="P2_TL00909">
    <OldTextValue>! I FOR THE HAT ; ;</OldTextValue>
    <NewTextValue>FOR THE HAT</NewTextValue>
  </TextCorrectedLine>
  <TextCorrectedLine lineID="P2_TL00910">
    <OldTextValue>♦ . FOR THE CLOTHES | ;</OldTextValue>
    <NewTextValue>FOR THE CLOTHES</NewTextValue>
  </TextCorrectedLine>
  <TextCorrectedLine lineID="P2_TL00911">
    <OldTextValue>| ! A Large Variety of Styles and Prices. I;</OldTextValue>
    <NewTextValue>A Large Variety of Styles and Prices.</NewTextValue>
  </TextCorrectedLine>
  <TextCorrectedLine lineID="P2_TL00912">
    <OldTextValue>| ' EXCELLENT VALUES ! :</OldTextValue>
    <NewTextValue>EXCELLENT VALUES</NewTextValue>
  </TextCorrectedLine>
  <TextCorrectedLine lineID="P2_TL00913">
    <OldTextValue>1 1 all of them. glad ; ;</OldTextValue>
    <NewTextValue>all of them. glad</NewTextValue>
  </TextCorrectedLine>
  <TextCorrectedLine lineID="P2_TL00914">
    <OldTextValue>: : to show them whether ;</OldTextValue>
    <NewTextValue>to show them whether</NewTextValue>
  </TextCorrectedLine>
  <TextCorrectedLine lineID="P2_TL00915">
    <OldTextValue>I PURCHASE IS MADE OR NOT | ;</OldTextValue>
    <NewTextValue>PURCHASE IS MADE OR NOT</NewTextValue>
  </TextCorrectedLine>
  <TextCorrectedLine lineID="P2_TL00916">
    <OldTextValue>ii City Pharmacy - Willis H. Boydston, Prop, j</OldTextValue>
    <NewTextValue>City Pharmacy - Willis H. Boydston, Prop,</NewTextValue>
  </TextCorrectedLine>
  <TextCorrectedLine lineID="P2_TL00917">
    <OldTextValue>*• • ;</OldTextValue>
    <NewTextValue></NewTextValue>
  </TextCorrectedLine>
  <TextCorrectedLine lineID="P2_TL00918">
    <OldTextValue>FiTllTiiiniil</OldTextValue>
    <NewTextValue>A CALL TO CHRISTMAS BUYERS</NewTextValue>
  </TextCorrectedLine>
</TextCorrectedBlock>
