<TextCorrectedBlock pageOID="AL19000316.1.1" blockID="P1_TB00004" userID="[redacted]">
  <TextCorrectedLine lineID="P1_TL00004">
    <OldTextValue>Would-be Slayer ; pf Joseph</OldTextValue>
    <NewTextValue>Would-be Slayer of Joseph</NewTextValue>
  </TextCorrectedLine>
</TextCorrectedBlock>
<TextCorrectedBlock pageOID="AL19000316.1.1" blockID="P1_TB00008" userID="[redacted]">
  <TextCorrectedLine lineID="P1_TL00015">
    <OldTextValue>BRADY ESCAPES FROM THE COUNTY . HOSPITAL</OldTextValue>
    <NewTextValue>BRADY ESCAPES FROM THE COUNTY  HOSPITAL</NewTextValue>
  </TextCorrectedLine>
</TextCorrectedBlock>
<TextCorrectedBlock pageOID="AL19000316.1.1" blockID="P1_TB00034" userID="[redacted]">
  <TextCorrectedLine lineID="P1_TL00180">
    <OldTextValue>ed near Milton, j has had a varied and</OldTextValue>
    <NewTextValue>ed near Milton,  has had a varied and</NewTextValue>
  </TextCorrectedLine>
  <TextCorrectedLine lineID="P1_TL00182">
    <OldTextValue>pened to him this* V«ek,* as related by</OldTextValue>
    <NewTextValue>pened to him this week as related by</NewTextValue>
  </TextCorrectedLine>
  <TextCorrectedLine lineID="P1_TL00184">
    <OldTextValue>ably as interesting as any r&gt; single hap-</OldTextValue>
    <NewTextValue>ably as interesting as any single hap-</NewTextValue>
  </TextCorrectedLine>
  <TextCorrectedLine lineID="P1_TL00186">
    <OldTextValue>years. ago he taft ~ his home in Illinois</OldTextValue>
    <NewTextValue>years. ago he left  his home in Illinois</NewTextValue>
  </TextCorrectedLine>
</TextCorrectedBlock>
<TextCorrectedBlock pageOID="AL19000316.1.1" blockID="P1_TB00069" userID="[redacted]">
  <TextCorrectedLine lineID="P1_TL00555">
    <OldTextValue>?- AU Others.</OldTextValue>
    <NewTextValue>All Others.</NewTextValue>
  </TextCorrectedLine>
</TextCorrectedBlock>
<TextCorrectedBlock pageOID="AL19000316.1.1" blockID="P1_TB00068" userID="[redacted]">
  <TextCorrectedLine lineID="P1_TL00488">
    <OldTextValue>1900 — -Bernard Moses, Professor ;of</OldTextValue>
    <NewTextValue>1900 — -Bernard Moses, Professor of</NewTextValue>
  </TextCorrectedLine>
  <TextCorrectedLine lineID="P1_TL00490">
    <OldTextValue>University of California, who has betjn</OldTextValue>
    <NewTextValue>University of California, who has been</NewTextValue>
  </TextCorrectedLine>
  <TextCorrectedLine lineID="P1_TL00498">
    <OldTextValue>a year. Tho special subject of Profos-</OldTextValue>
    <NewTextValue>a year. Tho special subject of Profes-</NewTextValue>
  </TextCorrectedLine>
</TextCorrectedBlock>
<TextCorrectedBlock pageOID="AL19000316.1.1" blockID="P1_TB00028" userID="[redacted]">
  <TextCorrectedLine lineID="P1_TL00148">
    <OldTextValue>confession that the . government was</OldTextValue>
    <NewTextValue>confession that the government was</NewTextValue>
  </TextCorrectedLine>
</TextCorrectedBlock>
<TextCorrectedBlock pageOID="AL19000316.1.1" blockID="P1_TB00046" userID="[redacted]">
  <TextCorrectedLine lineID="P1_TL00326">
    <OldTextValue>General Fnrlonar'a Charity.</OldTextValue>
    <NewTextValue>General Furlong's Charity.</NewTextValue>
  </TextCorrectedLine>
</TextCorrectedBlock>
<TextCorrectedBlock pageOID="AL19000316.1.1" blockID="P1_TB00045" userID="[redacted]">
  <TextCorrectedLine lineID="P1_TL00313">
    <OldTextValue>..There goes General Charles B. Pur-</OldTextValue>
    <NewTextValue>There goes General Charles B. Pur-</NewTextValue>
  </TextCorrectedLine>
  <TextCorrectedLine lineID="P1_TL00317">
    <OldTextValue>his hand is a $10 and as 6 bill. He</OldTextValue>
    <NewTextValue>his hand is a $10 and as $5 bill. He</NewTextValue>
  </TextCorrectedLine>
</TextCorrectedBlock>
<TextCorrectedBlock pageOID="AL19000316.1.1" blockID="P1_TB00040" userID="[redacted]">
  <TextCorrectedLine lineID="P1_TL00282">
    <OldTextValue>"The late John McCullougb. the tra-</OldTextValue>
    <NewTextValue>"The late John McCullough. the tra-</NewTextValue>
  </TextCorrectedLine>
  <TextCorrectedLine lineID="P1_TL00286">
    <OldTextValue>the Gllsey House. . • One day I went</OldTextValue>
    <NewTextValue>the Gllsey House. One day I went</NewTextValue>
  </TextCorrectedLine>
  <TextCorrectedLine lineID="P1_TL00287">
    <OldTextValue>there to call on him ) and, he ' being</OldTextValue>
    <NewTextValue>there to call on him  and, he  being</NewTextValue>
  </TextCorrectedLine>
  <TextCorrectedLine lineID="P1_TL00291">
    <OldTextValue>word .'Actor.' The next day .-; I . was</OldTextValue>
    <NewTextValue>word .'Actor.' The next day I . was</NewTextValue>
  </TextCorrectedLine>
  <TextCorrectedLine lineID="P1_TL00292">
    <OldTextValue>passing McCullougb on the street when</OldTextValue>
    <NewTextValue>passing McCullough on the street when</NewTextValue>
  </TextCorrectedLine>
</TextCorrectedBlock>
<TextCorrectedBlock pageOID="AL19000316.1.1" blockID="P1_TB00032" userID="[redacted]">
  <TextCorrectedLine lineID="P1_TL00169">
    <OldTextValue>The most. ■ ancient s dictionary and</OldTextValue>
    <NewTextValue>The most. ancient s dictionary and</NewTextValue>
  </TextCorrectedLine>
</TextCorrectedBlock>
<TextCorrectedBlock pageOID="AL19000316.1.1" blockID="P1_CB00003" userID="[redacted]">
  <TextCorrectedLine lineID="P1_TL01007">
    <OldTextValue>"El A. , FREEMAN . , ..  .</OldTextValue>
    <NewTextValue>E. A. Freeman</NewTextValue>
  </TextCorrectedLine>
  <TextCorrectedLine lineID="P1_TL01008">
    <OldTextValue>- ■ Att orney-at-lji w .".</OldTextValue>
    <NewTextValue>Attorney-at-Law</NewTextValue>
  </TextCorrectedLine>
  <TextCorrectedLine lineID="P1_TL01009">
    <OldTextValue>Jacksor'.C.^ -*2ll J 'l}jJ'</OldTextValue>
    <NewTextValue>Jackson, Cal.</NewTextValue>
  </TextCorrectedLine>
  <TextCorrectedLine lineID="P1_TL01011">
    <OldTextValue>Court streets. ■ -■■ . ■</OldTextValue>
    <NewTextValue>Court streets.</NewTextValue>
  </TextCorrectedLine>
  <TextCorrectedLine lineID="P1_TL01012">
    <OldTextValue>TV" .'■•" BPAONOLI '."</OldTextValue>
    <NewTextValue>D.B. SPAGNOLI</NewTextValue>
  </TextCorrectedLine>
  <TextCorrectedLine lineID="P1_TL01013">
    <OldTextValue>'- " ; . . Attorney sad Counselor «t Law</OldTextValue>
    <NewTextValue>Attorney sad Counselor «t Law</NewTextValue>
  </TextCorrectedLine>
  <TextCorrectedLine lineID="P1_TL01014">
    <OldTextValue>V;* JACKBOW,'CAL. !ii :»- '•"• .!;•'■■-</OldTextValue>
    <NewTextValue>Jackson, Cal.</NewTextValue>
  </TextCorrectedLine>
  <TextCorrectedLine lineID="P1_TL01017">
    <OldTextValue>;V '; CAMINBTTI ; ..,.</OldTextValue>
    <NewTextValue>A. CAMINETTI</NewTextValue>
  </TextCorrectedLine>
</TextCorrectedBlock>
<TextCorrectedBlock pageOID="AL19000316.1.2" blockID="P2_TB00056" userID="[redacted]">
  <TextCorrectedLine lineID="P2_TL00425">
    <OldTextValue>P. BUFFIN6TON -. : ; : i Editor and Manager</OldTextValue>
    <NewTextValue>P. BUFFINGTON -. : ; :  Editor and Manager</NewTextValue>
  </TextCorrectedLine>
</TextCorrectedBlock>
<TextCorrectedBlock pageOID="AL19000316.1.2" blockID="P2_TB00057" userID="[redacted]">
  <TextCorrectedLine lineID="P2_TL00427">
    <OldTextValue>- March B.^-General Joe Wheeler and</OldTextValue>
    <NewTextValue>March 8. --General Joe Wheeler and</NewTextValue>
  </TextCorrectedLine>
  <TextCorrectedLine lineID="P2_TL00428">
    <OldTextValue>daughter, , Miss Annie Wheolor have</OldTextValue>
    <NewTextValue>daughter,  Miss Annie Wheeler have</NewTextValue>
  </TextCorrectedLine>
  <TextCorrectedLine lineID="P2_TL00436">
    <OldTextValue>force. ■. . .</OldTextValue>
    <NewTextValue>force.</NewTextValue>
  </TextCorrectedLine>
</TextCorrectedBlock>
<TextCorrectedBlock pageOID="AL19000316.1.2" blockID="P2_CB00001" userID="[redacted]">
  <TextCorrectedLine lineID="P2_TL00470">
    <OldTextValue>■ n :. V LIVE BUSINESS HOUSES.</OldTextValue>
    <NewTextValue>LIVE BUSINESS HOUSES.</NewTextValue>
  </TextCorrectedLine>
  <TextCorrectedLine lineID="P2_TL00471">
    <OldTextValue>S$ b r\ tn r\ 1 /\lf\</OldTextValue>
    <NewTextValue>Complete</NewTextValue>
  </TextCorrectedLine>
  <TextCorrectedLine lineID="P2_TL00472">
    <OldTextValue>1 1 New Stock Received</OldTextValue>
    <NewTextValue>New Stock Received</NewTextValue>
  </TextCorrectedLine>
  <TextCorrectedLine lineID="P2_TL00473">
    <OldTextValue>q, , Composed of all kinds of goods for Winter Wear</OldTextValue>
    <NewTextValue>Composed of all kinds of goods for Winter Wear</NewTextValue>
  </TextCorrectedLine>
  <TextCorrectedLine lineID="P2_TL00474">
    <OldTextValue>By : ; Vicuna Wool Underclothing</OldTextValue>
    <NewTextValue>Vicuna Wool Underclothing</NewTextValue>
  </TextCorrectedLine>
  <TextCorrectedLine lineID="P2_TL00475">
    <OldTextValue>.. ; Ready-Made Garments for Ladies</OldTextValue>
    <NewTextValue>Ready-Made Garments for Ladies</NewTextValue>
  </TextCorrectedLine>
  <TextCorrectedLine lineID="P2_TL00476">
    <OldTextValue>a rlanTiplpttp^</OldTextValue>
    <NewTextValue>Flannelettes</NewTextValue>
  </TextCorrectedLine>
  <TextCorrectedLine lineID="P2_TL00479">
    <OldTextValue>• •. .county' ■ -</OldTextValue>
    <NewTextValue>• •. .county'</NewTextValue>
  </TextCorrectedLine>
  <TextCorrectedLine lineID="P2_TL00480">
    <OldTextValue>A Fresh and new stock of , '•■■.."' l'"' t</OldTextValue>
    <NewTextValue>A Fresh and new stock of</NewTextValue>
  </TextCorrectedLine>
  <TextCorrectedLine lineID="P2_TL00481">
    <OldTextValue>• ' .GROCERIES AND , PROVISIONS</OldTextValue>
    <NewTextValue>GROCERIES AND , PROVISIONS</NewTextValue>
  </TextCorrectedLine>
</TextCorrectedBlock>
