<TextCorrectedBlock pageOID="AL19080313.1.5" blockID="P5_TB00042" userID="[redacted]">
  <TextCorrectedLine lineID="P5_TL00398">
    <OldTextValue>Steve A. Werley camo down from</OldTextValue>
    <NewTextValue>Steve A. Werley (Werly) came down from</NewTextValue>
  </TextCorrectedLine>
  <TextCorrectedLine lineID="P5_TL00400">
    <OldTextValue>wife, who has been eiittoring from</OldTextValue>
    <NewTextValue>wife, who has been suffering from</NewTextValue>
  </TextCorrectedLine>
  <TextCorrectedLine lineID="P5_TL00403">
    <OldTextValue>attention. Mr Worley is a ditch</OldTextValue>
    <NewTextValue>attention. Mr Worley (Werly) is a ditch</NewTextValue>
  </TextCorrectedLine>
  <TextCorrectedLine lineID="P5_TL00404">
    <OldTextValue>tender in tho mountains, and had not</OldTextValue>
    <NewTextValue>tender in the mountains, and had not</NewTextValue>
  </TextCorrectedLine>
  <TextCorrectedLine lineID="P5_TL00405">
    <OldTextValue>visited the county seat beforo for</OldTextValue>
    <NewTextValue>visited the county seat before for</NewTextValue>
  </TextCorrectedLine>
  <TextCorrectedLine lineID="P5_TL00407">
    <OldTextValue>*The farmers report that notwith-</OldTextValue>
    <NewTextValue>The farmers report that notwith-</NewTextValue>
  </TextCorrectedLine>
</TextCorrectedBlock>
