<TextCorrectedBlock pageOID="AL19091203.1.1" blockID="P1_CB00002" userID="[redacted]">
  <TextCorrectedLine lineID="P1_TL00506">
    <OldTextValue>LAWYKUS.</OldTextValue>
    <NewTextValue>LAWYERS.</NewTextValue>
  </TextCorrectedLine>
  <TextCorrectedLine lineID="P1_TL00507">
    <OldTextValue>v\T M&lt; •'• »nvi&gt;ki»,</OldTextValue>
    <NewTextValue>WM. G. Snyder</NewTextValue>
  </TextCorrectedLine>
  <TextCorrectedLine lineID="P1_TL00508">
    <OldTextValue>,\HnriH\V-'»t-I.nw,</OldTextValue>
    <NewTextValue>Attorney-at-Law,</NewTextValue>
  </TextCorrectedLine>
  <TextCorrectedLine lineID="P1_TL00512">
    <OldTextValue>T AW, T. FKKITAM</OldTextValue>
    <NewTextValue>LAW. T. FREITAS</NewTextValue>
  </TextCorrectedLine>
  <TextCorrectedLine lineID="P1_TL00513">
    <OldTextValue>AHornny-uM.nw</OldTextValue>
    <NewTextValue>Attorney-at-Law</NewTextValue>
  </TextCorrectedLine>
  <TextCorrectedLine lineID="P1_TL00515">
    <OldTextValue>tlona.</OldTextValue>
    <NewTextValue>tions.</NewTextValue>
  </TextCorrectedLine>
</TextCorrectedBlock>
<TextCorrectedBlock pageOID="AL19091203.1.1" blockID="P1_TB00026" userID="[redacted]">
  <TextCorrectedLine lineID="P1_TL00277">
    <OldTextValue>complaint was Hied December 1, and</OldTextValue>
    <NewTextValue>complaint was filed December 1, and</NewTextValue>
  </TextCorrectedLine>
</TextCorrectedBlock>
<TextCorrectedBlock pageOID="AL19091203.1.1" blockID="P1_TB00017" userID="[redacted]">
  <TextCorrectedLine lineID="P1_TL00121">
    <OldTextValue>land within six months Immediately</OldTextValue>
    <NewTextValue>land within six months immediately</NewTextValue>
  </TextCorrectedLine>
  <TextCorrectedLine lineID="P1_TL00124">
    <OldTextValue>such operations from people working In</OldTextValue>
    <NewTextValue>such operations from people working in</NewTextValue>
  </TextCorrectedLine>
  <TextCorrectedLine lineID="P1_TL00129">
    <OldTextValue>tions and the examination of the -same</OldTextValue>
    <NewTextValue>tions and the examination of the same</NewTextValue>
  </TextCorrectedLine>
</TextCorrectedBlock>
<TextCorrectedBlock pageOID="AL19091203.1.2" blockID="P2_TB00007" userID="[redacted]">
  <TextCorrectedLine lineID="P2_TL00043">
    <OldTextValue>on the evuiiing of March 2(5,</OldTextValue>
    <NewTextValue>on the evening of March 26,</NewTextValue>
  </TextCorrectedLine>
  <TextCorrectedLine lineID="P2_TL00044">
    <OldTextValue>with a pedometer mxl other method</OldTextValue>
    <NewTextValue>with a pedometer and other method</NewTextValue>
  </TextCorrectedLine>
  <TextCorrectedLine lineID="P2_TL00046">
    <OldTextValue>were placed nt latitude $4 degrees</OldTextValue>
    <NewTextValue>were placed at latitude 84 degrees</NewTextValue>
  </TextCorrectedLine>
  <TextCorrectedLine lineID="P2_TL00047">
    <OldTextValue>S3 minutes. The western horizon re-</OldTextValue>
    <NewTextValue>53 minutes. The western horizon re-</NewTextValue>
  </TextCorrectedLine>
  <TextCorrectedLine lineID="P2_TL00049">
    <OldTextValue>brisk storm, It seemed, was gathering,</OldTextValue>
    <NewTextValue>brisk storm, it seemed, was gathering,</NewTextValue>
  </TextCorrectedLine>
  <TextCorrectedLine lineID="P2_TL00050">
    <OldTextValue>but it wns a long time in coming</OldTextValue>
    <NewTextValue>but it was a long time in coming</NewTextValue>
  </TextCorrectedLine>
  <TextCorrectedLine lineID="P2_TL00051">
    <OldTextValue>tasiv.i;:d. On Hie evening of the 20th</OldTextValue>
    <NewTextValue>eastward.  On the evening of the 26th</NewTextValue>
  </TextCorrectedLine>
  <TextCorrectedLine lineID="P2_TL00052">
    <OldTextValue>•we pl'epiired for tho blast and built the</OldTextValue>
    <NewTextValue>we prepared for the blast and built the</NewTextValue>
  </TextCorrectedLine>
  <TextCorrectedLine lineID="P2_TL00055">
    <OldTextValue>Mow i:i the morrow and afford us a</OldTextValue>
    <NewTextValue>blow the morrow and afford us a</NewTextValue>
  </TextCorrectedLine>
  <TextCorrectedLine lineID="P2_TL00056">
    <OldTextValue>day of rest. The loiig. steady marches,</OldTextValue>
    <NewTextValue>day of rest. The long, steady marches,</NewTextValue>
  </TextCorrectedLine>
  <TextCorrectedLine lineID="P2_TL00057">
    <OldTextValue>without lluie for recuperation, had be-</OldTextValue>
    <NewTextValue>without time for recuperation, had be-</NewTextValue>
  </TextCorrectedLine>
</TextCorrectedBlock>
<TextCorrectedBlock pageOID="AL19091203.1.2" blockID="P2_TB00011" userID="[redacted]">
  <TextCorrectedLine lineID="P2_TL00069">
    <OldTextValue>Ed the hummocks and piled up the</OldTextValue>
    <NewTextValue>ed the hummocks and piled up the</NewTextValue>
  </TextCorrectedLine>
  <TextCorrectedLine lineID="P2_TL00071">
    <OldTextValue>homo shores.</OldTextValue>
    <NewTextValue>home shores.</NewTextValue>
  </TextCorrectedLine>
  <TextCorrectedLine lineID="P2_TL00074">
    <OldTextValue>not seem to indicate danger, nnd. fur-</OldTextValue>
    <NewTextValue>not seem to indicate danger, and, fur-</NewTextValue>
  </TextCorrectedLine>
  <TextCorrectedLine lineID="P2_TL00077">
    <OldTextValue>We therefore did not deem It pru-</OldTextValue>
    <NewTextValue>We therefore did not deem it pru-</NewTextValue>
  </TextCorrectedLine>
  <TextCorrectedLine lineID="P2_TL00085">
    <OldTextValue>Duried Under the Snow.</OldTextValue>
    <NewTextValue>Buried Under the Snow.</NewTextValue>
  </TextCorrectedLine>
  <TextCorrectedLine lineID="P2_TL00089">
    <OldTextValue>rowed holes In the weak spots through</OldTextValue>
    <NewTextValue>rowed holes in the weak spots through</NewTextValue>
  </TextCorrectedLine>
  <TextCorrectedLine lineID="P2_TL00090">
    <OldTextValue>tho snow wall. Still, we were bound</OldTextValue>
    <NewTextValue>the snow wall. Still, we were bound</NewTextValue>
  </TextCorrectedLine>
  <TextCorrectedLine lineID="P2_TL00091">
    <OldTextValue>not to be cheated out of n few hours'</OldTextValue>
    <NewTextValue>not to be cheated out of a few hours'</NewTextValue>
  </TextCorrectedLine>
</TextCorrectedBlock>
