<TextCorrectedBlock pageOID="AL19030313.1.1" blockID="P1_TB00002" userID="[redacted]">
  <TextCorrectedLine lineID="P1_TL00002">
    <OldTextValue>AROMATIC ANP PUNGENT.</OldTextValue>
    <NewTextValue>AROMATIC AND PUNGENT.</NewTextValue>
  </TextCorrectedLine>
</TextCorrectedBlock>
<TextCorrectedBlock pageOID="AL19030313.1.1" blockID="P1_TB00078" userID="[redacted]">
  <TextCorrectedLine lineID="P1_TL00588">
    <OldTextValue>Cinnamon is in Itself unquestionably</OldTextValue>
    <NewTextValue>Cinnamon is in itself unquestionably</NewTextValue>
  </TextCorrectedLine>
  <TextCorrectedLine lineID="P1_TL00591">
    <OldTextValue>gent Many thousands of pounds are</OldTextValue>
    <NewTextValue>gent. Many thousands of pounds are</NewTextValue>
  </TextCorrectedLine>
  <TextCorrectedLine lineID="P1_TL00592">
    <OldTextValue>consumed annually In every civilized</OldTextValue>
    <NewTextValue>consumed annually in every civilized</NewTextValue>
  </TextCorrectedLine>
  <TextCorrectedLine lineID="P1_TL00593">
    <OldTextValue>country, and it Is also highly appreci-</OldTextValue>
    <NewTextValue>country, and it is also highly appreci-</NewTextValue>
  </TextCorrectedLine>
  <TextCorrectedLine lineID="P1_TL00594">
    <OldTextValue>ated by even semlcivilized and bar-</OldTextValue>
    <NewTextValue>ated by even semicivilized and bar-</NewTextValue>
  </TextCorrectedLine>
  <TextCorrectedLine lineID="P1_TL00597">
    <OldTextValue>ress. :-</OldTextValue>
    <NewTextValue>ress.</NewTextValue>
  </TextCorrectedLine>
</TextCorrectedBlock>
<TextCorrectedBlock pageOID="AL19030313.1.1" blockID="P1_TB00012" userID="[redacted]">
  <TextCorrectedLine lineID="P1_TL00120">
    <OldTextValue>some reason. ' A major in the army</OldTextValue>
    <NewTextValue>some reason.   A major in the army</NewTextValue>
  </TextCorrectedLine>
  <TextCorrectedLine lineID="P1_TL00126">
    <OldTextValue>It was. Yet, after six or eight battles</OldTextValue>
    <NewTextValue>it was. Yet, after six or eight battles</NewTextValue>
  </TextCorrectedLine>
  <TextCorrectedLine lineID="P1_TL00127">
    <OldTextValue>and after being won:: J-.\l a couple of</OldTextValue>
    <NewTextValue>and after being wounded a couple of</NewTextValue>
  </TextCorrectedLine>
  <TextCorrectedLine lineID="P1_TL00129">
    <OldTextValue>08 people berealKMit regard the evening</OldTextValue>
    <NewTextValue>as people hereabout regard the evening</NewTextValue>
  </TextCorrectedLine>
</TextCorrectedBlock>
<TextCorrectedBlock pageOID="AL19030313.1.1" blockID="P1_TB00012" userID="[redacted]">
  <TextCorrectedLine lineID="P1_TL00122">
    <OldTextValue>into action for the first time be was so</OldTextValue>
    <NewTextValue>into action for the first time he was so</NewTextValue>
  </TextCorrectedLine>
  <TextCorrectedLine lineID="P1_TL00123">
    <OldTextValue>scared that lie did not know which</OldTextValue>
    <NewTextValue>scared that he did not know which</NewTextValue>
  </TextCorrectedLine>
  <TextCorrectedLine lineID="P1_TL00124">
    <OldTextValue>way was north, but be had an over-</OldTextValue>
    <NewTextValue>way was north, but he had an over-</NewTextValue>
  </TextCorrectedLine>
</TextCorrectedBlock>
<TextCorrectedBlock pageOID="AL19030313.1.1" blockID="P1_TB00006" userID="[redacted]">
  <TextCorrectedLine lineID="P1_TL00010">
    <OldTextValue>ljifi a hand in a game of poker, and</OldTextValue>
    <NewTextValue>ing a hand in a game of poker, and</NewTextValue>
  </TextCorrectedLine>
  <TextCorrectedLine lineID="P1_TL00013">
    <OldTextValue>His j back was scarcely turned when</OldTextValue>
    <NewTextValue>His back was scarcely turned when</NewTextValue>
  </TextCorrectedLine>
  <TextCorrectedLine lineID="P1_TL00014">
    <OldTextValue>Pete laid down his cards, pulled hla</OldTextValue>
    <NewTextValue>Pete laid down his cards, pulled hls</NewTextValue>
  </TextCorrectedLine>
  <TextCorrectedLine lineID="P1_TL00016">
    <OldTextValue>fliger could pull the trigger. Thesherifl</OldTextValue>
    <NewTextValue>finger could pull the trigger. The sherifl</NewTextValue>
  </TextCorrectedLine>
  <TextCorrectedLine lineID="P1_TL00017">
    <OldTextValue>never moved. When the smoke bad</OldTextValue>
    <NewTextValue>never moved. When the smoke had</NewTextValue>
  </TextCorrectedLine>
  <TextCorrectedLine lineID="P1_TL00018">
    <OldTextValue>nlled out of the open door and we</OldTextValue>
    <NewTextValue>rolled out of the open door and we</NewTextValue>
  </TextCorrectedLine>
  <TextCorrectedLine lineID="P1_TL00019">
    <OldTextValue>epuld see, the sheriff stood in the same</OldTextValue>
    <NewTextValue>could see, the sheriff stood in the same</NewTextValue>
  </TextCorrectedLine>
  <TextCorrectedLine lineID="P1_TL00021">
    <OldTextValue>bullet had burned bis cheek; a second</OldTextValue>
    <NewTextValue>bullet had burned his cheek; a second</NewTextValue>
  </TextCorrectedLine>
  <TextCorrectedLine lineID="P1_TL00022">
    <OldTextValue>hnd grazed his ear; a third had cut</OldTextValue>
    <NewTextValue>had grazed his ear; a third had cut</NewTextValue>
  </TextCorrectedLine>
  <TextCorrectedLine lineID="P1_TL00024">
    <OldTextValue>etr.; Big Pete was a dead shot, and</OldTextValue>
    <NewTextValue>ear. Big Pete was a dead shot, and</NewTextValue>
  </TextCorrectedLine>
  <TextCorrectedLine lineID="P1_TL00025">
    <OldTextValue>yit he had missed his man at fifteen</OldTextValue>
    <NewTextValue>yet he had missed his man at fifteen</NewTextValue>
  </TextCorrectedLine>
</TextCorrectedBlock>
<TextCorrectedBlock pageOID="AL19030313.1.1" blockID="P1_TB00006" userID="[redacted]">
  <TextCorrectedLine lineID="P1_TL00027">
    <OldTextValue>•^t through, Pete?" asked the sher-</OldTextValue>
    <NewTextValue>Got through, Pete?" asked the sher-</NewTextValue>
  </TextCorrectedLine>
  <TextCorrectedLine lineID="P1_TL00038">
    <OldTextValue>table before him' and walked to the</OldTextValue>
    <NewTextValue>table before him and walked to the</NewTextValue>
  </TextCorrectedLine>
  <TextCorrectedLine lineID="P1_TL00039">
    <OldTextValue>door and out into the street His horse</OldTextValue>
    <NewTextValue>door and out into the street.  His horse</NewTextValue>
  </TextCorrectedLine>
  <TextCorrectedLine lineID="P1_TL00047">
    <OldTextValue>{he barkeeper, who had come to the</OldTextValue>
    <NewTextValue>the barkeeper, who had come to the</NewTextValue>
  </TextCorrectedLine>
  <TextCorrectedLine lineID="P1_TL00050">
    <OldTextValue>plied. - -</OldTextValue>
    <NewTextValue>plied.</NewTextValue>
  </TextCorrectedLine>
  <TextCorrectedLine lineID="P1_TL00052">
    <OldTextValue>"Why, the sheriff coming withont a</OldTextValue>
    <NewTextValue>"Why, the sheriff coming without a</NewTextValue>
  </TextCorrectedLine>
  <TextCorrectedLine lineID="P1_TL00059">
    <OldTextValue>iiad been buried and said:</OldTextValue>
    <NewTextValue>had been buried and said:</NewTextValue>
  </TextCorrectedLine>
</TextCorrectedBlock>
