<TextCorrectedBlock pageOID="AL19101125.1.4" blockID="P4_TB00055" userID="[redacted]">
  <TextCorrectedLine lineID="P4_TL00244">
    <OldTextValue>commence in the superior court r.ext</OldTextValue>
    <NewTextValue>commence in the superior court next</NewTextValue>
  </TextCorrectedLine>
  <TextCorrectedLine lineID="P4_TL00245">
    <OldTextValue>Monday. . There are two cases from</OldTextValue>
    <NewTextValue>Monday.  There are two cases from</NewTextValue>
  </TextCorrectedLine>
</TextCorrectedBlock>
<TextCorrectedBlock pageOID="AL19101125.1.4" blockID="P4_TB00058" userID="[redacted]">
  <TextCorrectedLine lineID="P4_TL00253">
    <OldTextValue>a half bad Idea. Father, mother, lover,</OldTextValue>
    <NewTextValue>a half bad idea. Father, mother, lover,</NewTextValue>
  </TextCorrectedLine>
</TextCorrectedBlock>
<TextCorrectedBlock pageOID="AL19101125.1.4" blockID="P4_TB00065" userID="[redacted]">
  <TextCorrectedLine lineID="P4_TL00294">
    <OldTextValue>D. Kremmel, Miss Agnes. Hultado,</OldTextValue>
    <NewTextValue>D. Kremmel, Miss Agnes Hultado,</NewTextValue>
  </TextCorrectedLine>
  <TextCorrectedLine lineID="P4_TL00296">
    <OldTextValue>and Jack Wylie, Joe Maryland, Wal-</OldTextValue>
    <NewTextValue>and Jack Wylie, Joe Machand, Wal-</NewTextValue>
  </TextCorrectedLine>
</TextCorrectedBlock>
<TextCorrectedBlock pageOID="AL19101125.1.4" blockID="P4_CB00005" userID="[redacted]">
  <TextCorrectedLine lineID="P4_TL00543">
    <OldTextValue>Notice of Guardian's Sale of Heal</OldTextValue>
    <NewTextValue>Notice of Guardian's Sale of Real</NewTextValue>
  </TextCorrectedLine>
</TextCorrectedBlock>
<TextCorrectedBlock pageOID="AL19101125.1.4" blockID="P4_CB00003" userID="[redacted]">
  <TextCorrectedLine lineID="P4_TL00470">
    <OldTextValue>Advertisements under tins lioad, not exceed-</OldTextValue>
    <NewTextValue>Advertisements under this head, not exceed-</NewTextValue>
  </TextCorrectedLine>
  <TextCorrectedLine lineID="P4_TL00471">
    <OldTextValue>ing S lines, will be inserted at 50c per month, 5</OldTextValue>
    <NewTextValue>ing 5 lines, will be inserted at 50c per month, 5</NewTextValue>
  </TextCorrectedLine>
  <TextCorrectedLine lineID="P4_TL00472">
    <OldTextValue>cents ser lino for less than one month</OldTextValue>
    <NewTextValue>cents per line for less than one month</NewTextValue>
  </TextCorrectedLine>
  <TextCorrectedLine lineID="P4_TL00478">
    <OldTextValue>For Sale or Reut— The Pino Grove</OldTextValue>
    <NewTextValue>For Sale or Rent— The Pine Grove</NewTextValue>
  </TextCorrectedLine>
  <TextCorrectedLine lineID="P4_TL00481">
    <OldTextValue>road to tho mountains, ten milos east</OldTextValue>
    <NewTextValue>road to the mountains, ten miles east</NewTextValue>
  </TextCorrectedLine>
  <TextCorrectedLine lineID="P4_TL00485">
    <OldTextValue>orchard;, a line opportunity for tho</OldTextValue>
    <NewTextValue>orchard;, a fine opportunity for the</NewTextValue>
  </TextCorrectedLine>
  <TextCorrectedLine lineID="P4_TL00488">
    <OldTextValue>The bißgest clubbing otter ever</OldTextValue>
    <NewTextValue>The biggest clubbing offer ever</NewTextValue>
  </TextCorrectedLine>
</TextCorrectedBlock>
<TextCorrectedBlock pageOID="AL19101125.1.4" blockID="P4_CB00004" userID="[redacted]">
  <TextCorrectedLine lineID="P4_TL00526">
    <OldTextValue>1012-lOth st Sacramento</OldTextValue>
    <NewTextValue>1012- 10th st Sacramento</NewTextValue>
  </TextCorrectedLine>
  <TextCorrectedLine lineID="P4_TL00528">
    <OldTextValue>When your valuables aro stolen</OldTextValue>
    <NewTextValue>When your valuables are stolen</NewTextValue>
  </TextCorrectedLine>
  <TextCorrectedLine lineID="P4_TL00533">
    <OldTextValue>Safe Deposit Vaults. A email</OldTextValue>
    <NewTextValue>Safe Deposit Vaults. A small</NewTextValue>
  </TextCorrectedLine>
  <TextCorrectedLine lineID="P4_TL00534">
    <OldTextValue>turn each year will provide you</OldTextValue>
    <NewTextValue>sum each year will provide you</NewTextValue>
  </TextCorrectedLine>
  <TextCorrectedLine lineID="P4_TL00536">
    <OldTextValue>opened by yourself* v</OldTextValue>
    <NewTextValue>opened by yourself.</NewTextValue>
  </TextCorrectedLine>
</TextCorrectedBlock>
