<TextCorrectedBlock pageOID="AL19110728.1.3" blockID="P3_CB00024" userID="[redacted]">
  <TextCorrectedLine lineID="P3_TL00271">
    <OldTextValue>. New Brew</OldTextValue>
    <NewTextValue>New Brew</NewTextValue>
  </TextCorrectedLine>
  <TextCorrectedLine lineID="P3_TL00272">
    <OldTextValue>This Browery Is one of the oldest</OldTextValue>
    <NewTextValue>This Browery is one of the oldest</NewTextValue>
  </TextCorrectedLine>
</TextCorrectedBlock>
<TextCorrectedBlock pageOID="AL19110728.1.3" blockID="P3_CB00026" userID="[redacted]">
  <TextCorrectedLine lineID="P3_TL00287">
    <OldTextValue>ooaooooooooooo ooooooeooooo</OldTextValue>
    <NewTextValue></NewTextValue>
  </TextCorrectedLine>
  <TextCorrectedLine lineID="P3_TL00288">
    <OldTextValue>t What the Merchant S</OldTextValue>
    <NewTextValue>What the Merchant</NewTextValue>
  </TextCorrectedLine>
  <TextCorrectedLine lineID="P3_TL00289">
    <OldTextValue>Tailor Means to You •</OldTextValue>
    <NewTextValue>Tailor Means to You</NewTextValue>
  </TextCorrectedLine>
  <TextCorrectedLine lineID="P3_TL00290">
    <OldTextValue>M T Gco. Raymond's— Tho London Tailor Q</OldTextValue>
    <NewTextValue>AT Geo. Raymond's— The London Tailor</NewTextValue>
  </TextCorrectedLine>
  <TextCorrectedLine lineID="P3_TL00291">
    <OldTextValue>f\ —you aret the individual attention of an</OldTextValue>
    <NewTextValue>—you aret the individual attention of an</NewTextValue>
  </TextCorrectedLine>
  <TextCorrectedLine lineID="P3_TL00292">
    <OldTextValue>' ■ artist who has made tailoring a life w</OldTextValue>
    <NewTextValue>artist who has made tailoring a life</NewTextValue>
  </TextCorrectedLine>
  <TextCorrectedLine lineID="P3_TL00293">
    <OldTextValue>long study. ©</OldTextValue>
    <NewTextValue>long study.</NewTextValue>
  </TextCorrectedLine>
  <TextCorrectedLine lineID="P3_TL00294">
    <OldTextValue>You get the personal care, the skilled q</OldTextValue>
    <NewTextValue>You get the personal care, the skilled</NewTextValue>
  </TextCorrectedLine>
  <TextCorrectedLine lineID="P3_TL00296">
    <OldTextValue>givos to clothes the distinction Instantly 9</OldTextValue>
    <NewTextValue>gives to clothes the distinction instantly</NewTextValue>
  </TextCorrectedLine>
  <TextCorrectedLine lineID="P3_TL00297">
    <OldTextValue>recognized by every man and every woman. «*</OldTextValue>
    <NewTextValue>recognized by every man and every woman.</NewTextValue>
  </TextCorrectedLine>
  <TextCorrectedLine lineID="P3_TL00298">
    <OldTextValue>Fabrics of inferior quality and out-of-date S</OldTextValue>
    <NewTextValue>Fabrics of inferior quality and out-of-date</NewTextValue>
  </TextCorrectedLine>
  <TextCorrectedLine lineID="P3_TL00299">
    <OldTextValue>patterns are as falal to a tailor's reputation w</OldTextValue>
    <NewTextValue>patterns are as fatal to a tailor's reputation</NewTextValue>
  </TextCorrectedLine>
  <TextCorrectedLine lineID="P3_TL00300">
    <OldTextValue>us outlandish styles and defective lit. 0k</OldTextValue>
    <NewTextValue>as outlandish styles and defective fit.</NewTextValue>
  </TextCorrectedLine>
  <TextCorrectedLine lineID="P3_TL00301">
    <OldTextValue>Only high class merchant tailoring will be q</OldTextValue>
    <NewTextValue>Only high class merchant tailoring will be</NewTextValue>
  </TextCorrectedLine>
  <TextCorrectedLine lineID="P3_TL00302">
    <OldTextValue>Geo. Raymond %</OldTextValue>
    <NewTextValue>Geo. Raymond</NewTextValue>
  </TextCorrectedLine>
  <TextCorrectedLine lineID="P3_TL00303">
    <OldTextValue>THE LONDON TAYLOR •</OldTextValue>
    <NewTextValue>THE LONDON TAYLOR</NewTextValue>
  </TextCorrectedLine>
  <TextCorrectedLine lineID="P3_TL00304">
    <OldTextValue>Opon Evenings Phono Black 444 **</OldTextValue>
    <NewTextValue>Opon Evenings     Phone Black 444</NewTextValue>
  </TextCorrectedLine>
</TextCorrectedBlock>
<TextCorrectedBlock pageOID="AL19110728.1.3" blockID="P3_CB00005" userID="[redacted]">
  <TextCorrectedLine lineID="P3_TL00047">
    <OldTextValue>■S. F. DAL PORTO 2^LCias_s gj</OldTextValue>
    <NewTextValue>S. F. DAL PORTO       First Class</NewTextValue>
  </TextCorrectedLine>
  <TextCorrectedLine lineID="P3_TL00048">
    <OldTextValue>| Contractor and Builder |</OldTextValue>
    <NewTextValue>Contractor and Builder</NewTextValue>
  </TextCorrectedLine>
  <TextCorrectedLine lineID="P3_TL00049">
    <OldTextValue>All Work Satisfactory Estimates Cheerfully Furnished g|</OldTextValue>
    <NewTextValue>All Work Satisfactory Estimates Cheerfully Furnished</NewTextValue>
  </TextCorrectedLine>
  <TextCorrectedLine lineID="P3_TL00050">
    <OldTextValue>Q 24 Main St JACKSON Phone Main 37 ■</OldTextValue>
    <NewTextValue>24 Main St   JACKSON    Phone Main 37 ■</NewTextValue>
  </TextCorrectedLine>
</TextCorrectedBlock>
<TextCorrectedBlock pageOID="AL19110728.1.3" blockID="P3_CB00009" userID="[redacted]">
  <TextCorrectedLine lineID="P3_TL00069">
    <OldTextValue>•••••••••••••••••••••••••j</OldTextValue>
    <NewTextValue></NewTextValue>
  </TextCorrectedLine>
  <TextCorrectedLine lineID="P3_TL00070">
    <OldTextValue>0 ■ - 'QQ TO THE — *</OldTextValue>
    <NewTextValue>GO TO THE</NewTextValue>
  </TextCorrectedLine>
  <TextCorrectedLine lineID="P3_TL00071">
    <OldTextValue>| II II !</OldTextValue>
    <NewTextValue>AMADOR BAKERY</NewTextValue>
  </TextCorrectedLine>
  <TextCorrectedLine lineID="P3_TL00072">
    <OldTextValue>: &amp;8&amp; bread :</OldTextValue>
    <NewTextValue>When you want fresh BREAD</NewTextValue>
  </TextCorrectedLine>
  <TextCorrectedLine lineID="P3_TL00073">
    <OldTextValue>! H. ML PORTO I CO- PRORS- 1</OldTextValue>
    <NewTextValue>A. DAL PORTO &amp; CO- PRO'RS.</NewTextValue>
  </TextCorrectedLine>
  <TextCorrectedLine lineID="P3_TL00074">
    <OldTextValue>2 Wo also keep a large stock ot Staple 2</OldTextValue>
    <NewTextValue>We also keep a large stock of Staple</NewTextValue>
  </TextCorrectedLine>
  <TextCorrectedLine lineID="P3_TL00075">
    <OldTextValue>• and Fancy "</OldTextValue>
    <NewTextValue>and Fancy</NewTextValue>
  </TextCorrectedLine>
  <TextCorrectedLine lineID="P3_TL00076">
    <OldTextValue>• GROCERIES •</OldTextValue>
    <NewTextValue>GROCERIES</NewTextValue>
  </TextCorrectedLine>
  <TextCorrectedLine lineID="P3_TL00077">
    <OldTextValue>» Onr Specialty— Fresh Bread every day m</OldTextValue>
    <NewTextValue>Our Specialty— Fresh Bread every day</NewTextValue>
  </TextCorrectedLine>
  <TextCorrectedLine lineID="P3_TL00078">
    <OldTextValue>• except Suadoy *</OldTextValue>
    <NewTextValue>except Sunday</NewTextValue>
  </TextCorrectedLine>
</TextCorrectedBlock>
<TextCorrectedBlock pageOID="AL19110728.1.3" blockID="P3_CB00005" userID="[redacted]">
  <TextCorrectedLine lineID="P3_TL00050">
    <OldTextValue>24 Main St   JACKSON    Phone Main 37 ■</OldTextValue>
    <NewTextValue>24 Main St   JACKSON    Phone Main 37</NewTextValue>
  </TextCorrectedLine>
</TextCorrectedBlock>
<TextCorrectedBlock pageOID="AL19110728.1.3" blockID="P3_CB00008" userID="[redacted]">
  <TextCorrectedLine lineID="P3_TL00060">
    <OldTextValue>■</OldTextValue>
    <NewTextValue></NewTextValue>
  </TextCorrectedLine>
  <TextCorrectedLine lineID="P3_TL00061">
    <OldTextValue>ACAIE CANDY</OldTextValue>
    <NewTextValue>ACME CANDY</NewTextValue>
  </TextCorrectedLine>
  <TextCorrectedLine lineID="P3_TL00062">
    <OldTextValue>And Ice Creai Parlors</OldTextValue>
    <NewTextValue>And Ice Cream Parlors</NewTextValue>
  </TextCorrectedLine>
  <TextCorrectedLine lineID="P3_TL00063">
    <OldTextValue>MAIN STRPET JACKSON</OldTextValue>
    <NewTextValue>MAIN STREET ....  JACKSON</NewTextValue>
  </TextCorrectedLine>
  <TextCorrectedLine lineID="P3_TL00068">
    <OldTextValue>Call aud judge for yourself. myl3</OldTextValue>
    <NewTextValue>Call and judge for yourself.          my13</NewTextValue>
  </TextCorrectedLine>
</TextCorrectedBlock>
<TextCorrectedBlock pageOID="AL19110728.1.3" blockID="P3_CB00007" userID="[redacted]">
  <TextCorrectedLine lineID="P3_TL00053">
    <OldTextValue>King up Sam Fbear for prompt de-</OldTextValue>
    <NewTextValue>Ring up Sam Phear for prompt de-</NewTextValue>
  </TextCorrectedLine>
  <TextCorrectedLine lineID="P3_TL00054">
    <OldTextValue>livery ot trunks, baggape and express</OldTextValue>
    <NewTextValue>livery ot trunks, baggage and express</NewTextValue>
  </TextCorrectedLine>
  <TextCorrectedLine lineID="P3_TL00055">
    <OldTextValue>packages. Kates reasonable. Leave</OldTextValue>
    <NewTextValue>packages. Rates reasonable. Leave</NewTextValue>
  </TextCorrectedLine>
</TextCorrectedBlock>
<TextCorrectedBlock pageOID="AL19110728.1.3" blockID="P3_CB00007" userID="[redacted]">
  <TextCorrectedLine lineID="P3_TL00053">
    <OldTextValue>Ring up Sam Phear for prompt de-</OldTextValue>
    <NewTextValue>PHEARS' EXPRESS    Ring up Sam Phear for prompt de-</NewTextValue>
  </TextCorrectedLine>
</TextCorrectedBlock>
<TextCorrectedBlock pageOID="AL19110728.1.3" blockID="P3_CB00002" userID="[redacted]">
  <TextCorrectedLine lineID="P3_TL00020">
    <OldTextValue>3 HOCKS 1</OldTextValue>
    <NewTextValue>HAMMOCKS</NewTextValue>
  </TextCorrectedLine>
  <TextCorrectedLine lineID="P3_TL00029">
    <OldTextValue>( Watch Our Window »</OldTextValue>
    <NewTextValue>Watch Our Window</NewTextValue>
  </TextCorrectedLine>
</TextCorrectedBlock>
<TextCorrectedBlock pageOID="AL19110728.1.3" blockID="P3_CB00003" userID="[redacted]">
  <TextCorrectedLine lineID="P3_TL00036">
    <OldTextValue>I Carry tho Largest and Best Line of</OldTextValue>
    <NewTextValue>I Carry the Largest and Best Line of</NewTextValue>
  </TextCorrectedLine>
  <TextCorrectedLine lineID="P3_TL00038">
    <OldTextValue>will pleaso .you</OldTextValue>
    <NewTextValue>will please you</NewTextValue>
  </TextCorrectedLine>
  <TextCorrectedLine lineID="P3_TL00040">
    <OldTextValue>Phone A/lain 35</OldTextValue>
    <NewTextValue>Phone Main 35</NewTextValue>
  </TextCorrectedLine>
</TextCorrectedBlock>
