<TextCorrectedBlock pageOID="AL19100916.1.3" blockID="P3_CB00008" userID="[redacted]">
  <TextCorrectedLine lineID="P3_TL00147">
    <OldTextValue>| Big Sale At |</OldTextValue>
    <NewTextValue>Big Sale At</NewTextValue>
  </TextCorrectedLine>
  <TextCorrectedLine lineID="P3_TL00148">
    <OldTextValue>| McGARVS I</OldTextValue>
    <NewTextValue>McGARY'S</NewTextValue>
  </TextCorrectedLine>
  <TextCorrectedLine lineID="P3_TL00150">
    <OldTextValue>_ ~</OldTextValue>
    <NewTextValue></NewTextValue>
  </TextCorrectedLine>
  <TextCorrectedLine lineID="P3_TL00151">
    <OldTextValue>fa A full lino of Ladies' ono-picco Dresses, S</OldTextValue>
    <NewTextValue>A full line of Ladies' one-piece Dresses,</NewTextValue>
  </TextCorrectedLine>
  <TextCorrectedLine lineID="P3_TL00152">
    <OldTextValue>S Coats, and two-piece Suits, Hats, and Now, Largo</OldTextValue>
    <NewTextValue>Coats, and two-piece Suits, Hats, and New, Large</NewTextValue>
  </TextCorrectedLine>
  <TextCorrectedLine lineID="P3_TL00153">
    <OldTextValue>fcj? Lino of Dross Good, Wo beat tho band for cheap 5</OldTextValue>
    <NewTextValue>Line of Dress Good, Wo beat tho band for cheap</NewTextValue>
  </TextCorrectedLine>
  <TextCorrectedLine lineID="P3_TL00154">
    <OldTextValue>5^ and reliable Ladies' Tailored Waists and Sweaters %J</OldTextValue>
    <NewTextValue>and reliable Ladies' Tailored Waists and Sweaters</NewTextValue>
  </TextCorrectedLine>
</TextCorrectedBlock>
<TextCorrectedBlock pageOID="AL19100916.1.3" blockID="P3_CB00008" userID="[redacted]">
  <TextCorrectedLine lineID="P3_TL00153">
    <OldTextValue>Line of Dress Good, Wo beat tho band for cheap</OldTextValue>
    <NewTextValue>Line of Dress Good, We beat the band for cheap</NewTextValue>
  </TextCorrectedLine>
</TextCorrectedBlock>
