<TextCorrectedBlock pageOID="AL19051201.1.4" blockID="P4_TB00022" userID="[redacted]">
  <TextCorrectedLine lineID="P4_TL00237">
    <OldTextValue>Slam is negotiating for a loan ol</OldTextValue>
    <NewTextValue>Slam is negotiating for a loan of</NewTextValue>
  </TextCorrectedLine>
  <TextCorrectedLine lineID="P4_TL00243">
    <OldTextValue>works and an electric railroad. Thi</OldTextValue>
    <NewTextValue>works and an electric railroad. The</NewTextValue>
  </TextCorrectedLine>
  <TextCorrectedLine lineID="P4_TL00244">
    <OldTextValue>working capital of the company if</OldTextValue>
    <NewTextValue>working capital of the company is</NewTextValue>
  </TextCorrectedLine>
  <TextCorrectedLine lineID="P4_TL00245">
    <OldTextValue>11,250,000.</OldTextValue>
    <NewTextValue>$1,250,000.</NewTextValue>
  </TextCorrectedLine>
  <TextCorrectedLine lineID="P4_TL00246">
    <OldTextValue>Priceless art' treasures, pictures and</OldTextValue>
    <NewTextValue>Priceless art treasures, pictures and</NewTextValue>
  </TextCorrectedLine>
  <TextCorrectedLine lineID="P4_TL00247">
    <OldTextValue>a library have been destroyed by fl«</OldTextValue>
    <NewTextValue>a library have been destroyed by fire</NewTextValue>
  </TextCorrectedLine>
  <TextCorrectedLine lineID="P4_TL00248">
    <OldTextValue>at the Castle of Lichtenwalde, neai</OldTextValue>
    <NewTextValue>at the Castle of Lichtenwalde, near</NewTextValue>
  </TextCorrectedLine>
  <TextCorrectedLine lineID="P4_TL00250">
    <OldTextValue>Initial steps are already being takes</OldTextValue>
    <NewTextValue>Initial steps are already being taken</NewTextValue>
  </TextCorrectedLine>
  <TextCorrectedLine lineID="P4_TL00253">
    <OldTextValue>In 1913.</OldTextValue>
    <NewTextValue>in 1913.</NewTextValue>
  </TextCorrectedLine>
  <TextCorrectedLine lineID="P4_TL00255">
    <OldTextValue>ting news in the newspapers on file Id</OldTextValue>
    <NewTextValue>ting news in the newspapers on file in</NewTextValue>
  </TextCorrectedLine>
  <TextCorrectedLine lineID="P4_TL00257">
    <OldTextValue>England. • -</OldTextValue>
    <NewTextValue>England.</NewTextValue>
  </TextCorrectedLine>
  <TextCorrectedLine lineID="P4_TL00261">
    <OldTextValue>and cakes. . .</OldTextValue>
    <NewTextValue>and cakes.</NewTextValue>
  </TextCorrectedLine>
  <TextCorrectedLine lineID="P4_TL00273">
    <OldTextValue>poor, as large numbers of coolies how</OldTextValue>
    <NewTextValue>poor, as large numbers of coolies now</NewTextValue>
  </TextCorrectedLine>
  <TextCorrectedLine lineID="P4_TL00284">
    <OldTextValue>horses." . x •</OldTextValue>
    <NewTextValue>horses."</NewTextValue>
  </TextCorrectedLine>
  <TextCorrectedLine lineID="P4_TL00287">
    <OldTextValue>viding private early morning cars' for</OldTextValue>
    <NewTextValue>viding private early morning cars for</NewTextValue>
  </TextCorrectedLine>
</TextCorrectedBlock>
<TextCorrectedBlock pageOID="AL19051201.1.4" blockID="P4_TB00022" userID="[redacted]">
  <TextCorrectedLine lineID="P4_TL00240">
    <OldTextValue>by Tolstoi against militariasm have</OldTextValue>
    <NewTextValue>by Tolstoi against militarism have</NewTextValue>
  </TextCorrectedLine>
  <TextCorrectedLine lineID="P4_TL00241">
    <OldTextValue>been destroyed by the Berlin police</OldTextValue>
    <NewTextValue>been destroyed by the Berlin police.</NewTextValue>
  </TextCorrectedLine>
</TextCorrectedBlock>
