<TextCorrectedBlock pageOID="AL19000615.1.1" blockID="P1_TB00098" userID="[redacted]">
  <TextCorrectedLine lineID="P1_TL00757">
    <OldTextValue>E. 0, Fxcell Will Lead the</OldTextValue>
    <NewTextValue>E.O. Fxcell Will Lead the</NewTextValue>
  </TextCorrectedLine>
</TextCorrectedBlock>
<TextCorrectedBlock pageOID="AL19000615.1.1" blockID="P1_TB00012" userID="[redacted]">
  <TextCorrectedLine lineID="P1_TL00025">
    <OldTextValue>The W. C. T. V. Will Give an Ice-</OldTextValue>
    <NewTextValue>The W. C. T. U. Will Give an Ice-</NewTextValue>
  </TextCorrectedLine>
  <TextCorrectedLine lineID="P1_TL00027">
    <OldTextValue>■So Festival.</OldTextValue>
    <NewTextValue>Festival.</NewTextValue>
  </TextCorrectedLine>
</TextCorrectedBlock>
<TextCorrectedBlock pageOID="AL19000615.1.1" blockID="P1_TB00044" userID="[redacted]">
  <TextCorrectedLine lineID="P1_TL00302">
    <OldTextValue>the International Sunday School! As-</OldTextValue>
    <NewTextValue>the International Sunday School As-</NewTextValue>
  </TextCorrectedLine>
  <TextCorrectedLine lineID="P1_TL00306">
    <OldTextValue>spread interest. The ; meetings they</OldTextValue>
    <NewTextValue>spread interest. The meetings they</NewTextValue>
  </TextCorrectedLine>
</TextCorrectedBlock>
<TextCorrectedBlock pageOID="AL19000615.1.1" blockID="P1_TB00034" userID="[redacted]">
  <TextCorrectedLine lineID="P1_TL00141">
    <OldTextValue>to perforate the brakeman. Ho told</OldTextValue>
    <NewTextValue>to perforate the brakeman. He told</NewTextValue>
  </TextCorrectedLine>
</TextCorrectedBlock>
<TextCorrectedBlock pageOID="AL19000615.1.1" blockID="P1_TB00074" userID="[redacted]">
  <TextCorrectedLine lineID="P1_TL00533">
    <OldTextValue>eastern State of . Connecticut, yet its</OldTextValue>
    <NewTextValue>eastern State of  Connecticut, yet its</NewTextValue>
  </TextCorrectedLine>
  <TextCorrectedLine lineID="P1_TL00535">
    <OldTextValue>a variati&amp;n^a ratnfall^asVare the ex-</OldTextValue>
    <NewTextValue>a variation in rainfall as are the ex-</NewTextValue>
  </TextCorrectedLine>
</TextCorrectedBlock>
<TextCorrectedBlock pageOID="AL19000615.1.1" blockID="P1_TB00024" userID="[redacted]">
  <TextCorrectedLine lineID="P1_TL00077">
    <OldTextValue>v Preaching every Sunday at 11 a m and 7:30</OldTextValue>
    <NewTextValue>Preaching every Sunday at 11 a m and 7:30</NewTextValue>
  </TextCorrectedLine>
  <TextCorrectedLine lineID="P1_TL00078">
    <OldTextValue>p. m. ( Sunday school,' %p. m. ; Epworth Leagu»,</OldTextValue>
    <NewTextValue>p. m.  Sunday school, 2 p. m. ; Epworth League</NewTextValue>
  </TextCorrectedLine>
  <TextCorrectedLine lineID="P1_TL00079">
    <OldTextValue>8:45 p. m. Prayer meeting % every Thursday,</OldTextValue>
    <NewTextValue>8:45 p. m. Prayer meeting  every Thursday,</NewTextValue>
  </TextCorrectedLine>
  <TextCorrectedLine lineID="P1_TL00080">
    <OldTextValue>7:30. F. A. Morrow, pastor. -'V ' t</OldTextValue>
    <NewTextValue>7:30. F. A. Morrow, pastor. -</NewTextValue>
  </TextCorrectedLine>
</TextCorrectedBlock>
<TextCorrectedBlock pageOID="AL19000615.1.1" blockID="P1_CB00001" userID="[redacted]">
  <TextCorrectedLine lineID="P1_TL00759">
    <OldTextValue>HHBBBSBBEIhM Achilles was in-</OldTextValue>
    <NewTextValue>Achilles was in-</NewTextValue>
  </TextCorrectedLine>
  <TextCorrectedLine lineID="P1_TL00760">
    <OldTextValue>wfilils_lf£3__' vulnerable in every</OldTextValue>
    <NewTextValue>vulnerable in every paty oart of the body</NewTextValue>
  </TextCorrectedLine>
  <TextCorrectedLine lineID="P1_TL00761">
    <OldTextValue>jSjjjflSfiggyS save *" s heel. The</OldTextValue>
    <NewTextValue>save his heel. The</NewTextValue>
  </TextCorrectedLine>
  <TextCorrectedLine lineID="P1_TL00762">
    <OldTextValue>B«SeBiBi&gt; j myth runs that he</OldTextValue>
    <NewTextValue>myth runs that he</NewTextValue>
  </TextCorrectedLine>
  <TextCorrectedLine lineID="P1_TL00763">
    <OldTextValue>ipljpS^B^^^f was rendered invul-</OldTextValue>
    <NewTextValue>was rendered invul-</NewTextValue>
  </TextCorrectedLine>
  <TextCorrectedLine lineID="P1_TL00764">
    <OldTextValue>iiiiiHrytJvJV nerable by being</OldTextValue>
    <NewTextValue>nerable by being</NewTextValue>
  </TextCorrectedLine>
  <TextCorrectedLine lineID="P1_TL00765">
    <OldTextValue>'jiTg^VHiU/yyX dipped in the river</OldTextValue>
    <NewTextValue>dipped in the river Styx in infancy, the</NewTextValue>
  </TextCorrectedLine>
  <TextCorrectedLine lineID="P1_TL00766">
    <OldTextValue>WTWi Sfi \\ heel by which he</OldTextValue>
    <NewTextValue>heel by which he</NewTextValue>
  </TextCorrectedLine>
  <TextCorrectedLine lineID="P1_TL00767">
    <OldTextValue>K/ffj V \ \\ was held being</OldTextValue>
    <NewTextValue>was held being</NewTextValue>
  </TextCorrectedLine>
  <TextCorrectedLine lineID="P1_TL00768">
    <OldTextValue>jFj \ y&gt;. j Tw. not submerged</OldTextValue>
    <NewTextValue>not submerged and therefore retaining its mortal weakness.</NewTextValue>
  </TextCorrectedLine>
  <TextCorrectedLine lineID="P1_TL00769">
    <OldTextValue>_==£ 2^*^S_p* "V*» Everyone</OldTextValue>
    <NewTextValue>Everyone</NewTextValue>
  </TextCorrectedLine>
  <TextCorrectedLine lineID="P1_TL00770">
    <OldTextValue>r^§cZJsr" l *c=y?^ar -vT has some</OldTextValue>
    <NewTextValue>has some</NewTextValue>
  </TextCorrectedLine>
  <TextCorrectedLine lineID="P1_TL00771">
    <OldTextValue>"■^^a^SjC-r weak spot</OldTextValue>
    <NewTextValue>weak spot</NewTextValue>
  </TextCorrectedLine>
  <TextCorrectedLine lineID="P1_TL00772">
    <OldTextValue>. • in his pny-</OldTextValue>
    <NewTextValue>in his phy-</NewTextValue>
  </TextCorrectedLine>
</TextCorrectedBlock>
<TextCorrectedBlock pageOID="AL19000615.1.1" blockID="P1_TB00067" userID="[redacted]">
  <TextCorrectedLine lineID="P1_TL00442">
    <OldTextValue>construction are th.q mfnar distribu-</OldTextValue>
    <NewTextValue>construction are the minor distribu-</NewTextValue>
  </TextCorrectedLine>
  <TextCorrectedLine lineID="P1_TL00452">
    <OldTextValue>shallow wp,qden fpughs or gutters</OldTextValue>
    <NewTextValue>shallow wooden troughs or gutters</NewTextValue>
  </TextCorrectedLine>
  <TextCorrectedLine lineID="P1_TL00453">
    <OldTextValue>made pf lumber brought frpm America.</OldTextValue>
    <NewTextValue>made of lumber brought from America.</NewTextValue>
  </TextCorrectedLine>
</TextCorrectedBlock>
<TextCorrectedBlock pageOID="AL19000615.1.1" blockID="P1_CB00003" userID="[redacted]">
  <TextCorrectedLine lineID="P1_TL00999">
    <OldTextValue>••••••••••</OldTextValue>
    <NewTextValue></NewTextValue>
  </TextCorrectedLine>
  <TextCorrectedLine lineID="P1_TL01000">
    <OldTextValue>• • ■:■</OldTextValue>
    <NewTextValue></NewTextValue>
  </TextCorrectedLine>
  <TextCorrectedLine lineID="P1_TL01001">
    <OldTextValue>• Wj •</OldTextValue>
    <NewTextValue></NewTextValue>
  </TextCorrectedLine>
  <TextCorrectedLine lineID="P1_TL01003">
    <OldTextValue>w Hi</OldTextValue>
    <NewTextValue>THE COFFEE HOUSE</NewTextValue>
  </TextCorrectedLine>
  <TextCorrectedLine lineID="P1_TL01004">
    <OldTextValue>••••••••••••••••••••••••a!</OldTextValue>
    <NewTextValue>••••••••••••••••••••••••</NewTextValue>
  </TextCorrectedLine>
  <TextCorrectedLine lineID="P1_TL01010">
    <OldTextValue>Guests treated with consideration ana re.</OldTextValue>
    <NewTextValue>Guests treated with consideration and re.</NewTextValue>
  </TextCorrectedLine>
  <TextCorrectedLine lineID="P1_TL01012">
    <OldTextValue>Beit Liquors and Cigars at the Bar</OldTextValue>
    <NewTextValue>Best Liquors and Cigars at the Bar</NewTextValue>
  </TextCorrectedLine>
  <TextCorrectedLine lineID="P1_TL01014">
    <OldTextValue>L. OETTINGEB 8. N. KNIGHT</OldTextValue>
    <NewTextValue>L. OETTINGER  S. N. KNIGHT</NewTextValue>
  </TextCorrectedLine>
  <TextCorrectedLine lineID="P1_TL01015">
    <OldTextValue>KNIGHT H CO.</OldTextValue>
    <NewTextValue>KNIGHT &amp; CO.</NewTextValue>
  </TextCorrectedLine>
  <TextCorrectedLine lineID="P1_TL01018">
    <OldTextValue>BUILDERS OF WATER WHESLS OF</OldTextValue>
    <NewTextValue>BUILDERS OF WATER WHEELS OF</NewTextValue>
  </TextCorrectedLine>
  <TextCorrectedLine lineID="P1_TL01027">
    <OldTextValue>sell aVthe COWEST CA^H PRICES.</OldTextValue>
    <NewTextValue>sell at the LOWEST CASH PRICES.</NewTextValue>
  </TextCorrectedLine>
</TextCorrectedBlock>
<TextCorrectedBlock pageOID="AL19000615.1.1" blockID="P1_CB00002" userID="[redacted]">
  <TextCorrectedLine lineID="P1_TL00892">
    <OldTextValue>EA. FREEMAN O</OldTextValue>
    <NewTextValue>E. A. FREEMAN</NewTextValue>
  </TextCorrectedLine>
  <TextCorrectedLine lineID="P1_TL00893">
    <OldTextValue>Attorney.at-_aw . ;</OldTextValue>
    <NewTextValue>Attorney-at-Law</NewTextValue>
  </TextCorrectedLine>
  <TextCorrectedLine lineID="P1_TL00894">
    <OldTextValue>Jack&amp;on, Cal.</OldTextValue>
    <NewTextValue>Jackson, Cal.</NewTextValue>
  </TextCorrectedLine>
  <TextCorrectedLine lineID="P1_TL00895">
    <OldTextValue>--•-&lt; - . •■::--'■■ '</OldTextValue>
    <NewTextValue></NewTextValue>
  </TextCorrectedLine>
  <TextCorrectedLine lineID="P1_TL00898">
    <OldTextValue>DB. SPAGNOLI</OldTextValue>
    <NewTextValue>D. B. SPAGNOLI</NewTextValue>
  </TextCorrectedLine>
  <TextCorrectedLine lineID="P1_TL00903">
    <OldTextValue>Records. . - - ..-</OldTextValue>
    <NewTextValue>Records. . -</NewTextValue>
  </TextCorrectedLine>
</TextCorrectedBlock>
<TextCorrectedBlock pageOID="AL19000615.1.2" blockID="P2_TB00017" userID="[redacted]">
  <TextCorrectedLine lineID="P2_TL00134">
    <OldTextValue>• tion State wide and of National distinction. To Miss Lillie</OldTextValue>
    <NewTextValue>tion State wide and of National distinction. To Miss Lillie</NewTextValue>
  </TextCorrectedLine>
</TextCorrectedBlock>
<TextCorrectedBlock pageOID="AL19000615.1.2" blockID="P2_TB00031" userID="[redacted]">
  <TextCorrectedLine lineID="P2_TL00216">
    <OldTextValue>..'.._. The Senate by uuanimous consent agreed that the Nic-</OldTextValue>
    <NewTextValue>The Senate by uuanimous consent agreed that the Nic-</NewTextValue>
  </TextCorrectedLine>
</TextCorrectedBlock>
<TextCorrectedBlock pageOID="AL19000615.1.2" blockID="P2_TB00065" userID="[redacted]">
  <TextCorrectedLine lineID="P2_TL00417">
    <OldTextValue>■-..-■</OldTextValue>
    <NewTextValue></NewTextValue>
  </TextCorrectedLine>
</TextCorrectedBlock>
<TextCorrectedBlock pageOID="AL19000615.1.2" blockID="P2_TB00064" userID="[redacted]">
  <TextCorrectedLine lineID="P2_TL00413">
    <OldTextValue>«■ now claimed by these gentlemen. The practical effect of the</OldTextValue>
    <NewTextValue>now claimed by these gentlemen. The practical effect of the</NewTextValue>
  </TextCorrectedLine>
</TextCorrectedBlock>
<TextCorrectedBlock pageOID="AL19000615.1.2" blockID="P2_TB00067" userID="[redacted]">
  <TextCorrectedLine lineID="P2_TL00424">
    <OldTextValue>__ Before our next issue the next President of the United</OldTextValue>
    <NewTextValue>Before our next issue the next President of the United</NewTextValue>
  </TextCorrectedLine>
  <TextCorrectedLine lineID="P2_TL00425">
    <OldTextValue>■■" States, William McKink}', will have been nominated in Phil-</OldTextValue>
    <NewTextValue>States, William McKinley, will have been nominated in Phil-</NewTextValue>
  </TextCorrectedLine>
</TextCorrectedBlock>
<TextCorrectedBlock pageOID="AL19000615.1.2" blockID="P2_TB00002" userID="[redacted]">
  <TextCorrectedLine lineID="P2_TL00002">
    <OldTextValue>THE AM ADOB 3LED&amp;EB; JACKSOS-, UAJLIFORyiA; IPBIDAT. JUNE 15, 1900.</OldTextValue>
    <NewTextValue>THE AMADOR LEDGER; JACKSON, CALIFORNIA. JUNE 15, 1900.</NewTextValue>
  </TextCorrectedLine>
</TextCorrectedBlock>
<TextCorrectedBlock pageOID="AL19000615.1.2" blockID="P2_TB00028" userID="[redacted]">
  <TextCorrectedLine lineID="P2_TL00205">
    <OldTextValue>Amadok City,. June 13.U900.</OldTextValue>
    <NewTextValue>Amador City,. June 13.1900.</NewTextValue>
  </TextCorrectedLine>
</TextCorrectedBlock>
<TextCorrectedBlock pageOID="AL19000615.1.2" blockID="P2_TB00027" userID="[redacted]">
  <TextCorrectedLine lineID="P2_TL00195">
    <OldTextValue>Professor T. 'B:i Rutherford "gave an</OldTextValue>
    <NewTextValue>Professor T. 'B. Rutherford gave an</NewTextValue>
  </TextCorrectedLine>
  <TextCorrectedLine lineID="P2_TL00200">
    <OldTextValue>audience. " Subject: ."The 'process of</OldTextValue>
    <NewTextValue>audience.  Subject: ."The 'process of</NewTextValue>
  </TextCorrectedLine>
  <TextCorrectedLine lineID="P2_TL00202">
    <OldTextValue>members of the Ladtos Aid Society</OldTextValue>
    <NewTextValue>members of the Ladies Aid Society</NewTextValue>
  </TextCorrectedLine>
  <TextCorrectedLine lineID="P2_TL00204">
    <OldTextValue>ments, v:</OldTextValue>
    <NewTextValue>ments,</NewTextValue>
  </TextCorrectedLine>
</TextCorrectedBlock>
<TextCorrectedBlock pageOID="AL19000615.1.2" blockID="P2_TB00021" userID="[redacted]">
  <TextCorrectedLine lineID="P2_TL00177">
    <OldTextValue>oil' next Sunday at the Fallen grounds,</OldTextValue>
    <NewTextValue>off next Sunday at the Fullen grounds,</NewTextValue>
  </TextCorrectedLine>
  <TextCorrectedLine lineID="P2_TL00178">
    <OldTextValue>between tho Jackson" and "Amador</OldTextValue>
    <NewTextValue>between the Jackson and Amador</NewTextValue>
  </TextCorrectedLine>
  <TextCorrectedLine lineID="P2_TL00179">
    <OldTextValue>nines, has boon postponed until the</OldTextValue>
    <NewTextValue>nines, has been postponed until the</NewTextValue>
  </TextCorrectedLine>
</TextCorrectedBlock>
<TextCorrectedBlock pageOID="AL19000615.1.2" blockID="P2_TB00020" userID="[redacted]">
  <TextCorrectedLine lineID="P2_TL00150">
    <OldTextValue>Joseph Nielsoivcame near meeting</OldTextValue>
    <NewTextValue>Joseph Nielson came near meeting</NewTextValue>
  </TextCorrectedLine>
  <TextCorrectedLine lineID="P2_TL00152">
    <OldTextValue>the Keystone mine last Thursday, ' a</OldTextValue>
    <NewTextValue>the Keystone mine last Thursday, a</NewTextValue>
  </TextCorrectedLine>
  <TextCorrectedLine lineID="P2_TL00156">
    <OldTextValue>Mr. Bunker, who has' been sojour.n-</OldTextValue>
    <NewTextValue>Mr. Bunker, who has been sojourn-</NewTextValue>
  </TextCorrectedLine>
  <TextCorrectedLine lineID="P2_TL00159">
    <OldTextValue>Miss F. H v Coun, who has been visit-</OldTextValue>
    <NewTextValue>Miss F. H. Conn, who has been visit-</NewTextValue>
  </TextCorrectedLine>
  <TextCorrectedLine lineID="P2_TL00161">
    <OldTextValue>ford, returned .to -her home at Sacra-</OldTextValue>
    <NewTextValue>ford, returned .to her home at Sacra-</NewTextValue>
  </TextCorrectedLine>
  <TextCorrectedLine lineID="P2_TL00162">
    <OldTextValue>mento on Tuesday. •</OldTextValue>
    <NewTextValue>mento on Tuesday.</NewTextValue>
  </TextCorrectedLine>
</TextCorrectedBlock>
<TextCorrectedBlock pageOID="AL19000615.1.2" blockID="P2_TB00039" userID="[redacted]">
  <TextCorrectedLine lineID="P2_TL00257">
    <OldTextValue>June J 6.— Great 'activity against</OldTextValue>
    <NewTextValue>June 6.— Great activity against</NewTextValue>
  </TextCorrectedLine>
</TextCorrectedBlock>
<TextCorrectedBlock pageOID="AL19000615.1.2" blockID="P2_TB00038" userID="[redacted]">
  <TextCorrectedLine lineID="P2_TL00251">
    <OldTextValue>under General : March _ are intense.</OldTextValue>
    <NewTextValue>under General March are intense.</NewTextValue>
  </TextCorrectedLine>
  <TextCorrectedLine lineID="P2_TL00254">
    <OldTextValue>June 3-— American troops 'are led</OldTextValue>
    <NewTextValue>June 8-— American troops'are led</NewTextValue>
  </TextCorrectedLine>
  <TextCorrectedLine lineID="P2_TL00256">
    <OldTextValue>A Captain and a private are 'wounded.</OldTextValue>
    <NewTextValue>A Captain and a private are wounded.</NewTextValue>
  </TextCorrectedLine>
</TextCorrectedBlock>
<TextCorrectedBlock pageOID="AL19000615.1.2" blockID="P2_TB00037" userID="[redacted]">
  <TextCorrectedLine lineID="P2_TL00246">
    <OldTextValue>June 9. — Throe Filipinos are convict-</OldTextValue>
    <NewTextValue>June 9. — Three Filipinos are convict-</NewTextValue>
  </TextCorrectedLine>
</TextCorrectedBlock>
<TextCorrectedBlock pageOID="AL19000615.1.2" blockID="P2_TB00036" userID="[redacted]">
  <TextCorrectedLine lineID="P2_TL00240">
    <OldTextValue>June 'lo. — Americans are again am-</OldTextValue>
    <NewTextValue>June10. — Americans are again am-</NewTextValue>
  </TextCorrectedLine>
  <TextCorrectedLine lineID="P2_TL00241">
    <OldTextValue>bushed. -^FiJipjno.s deliberately propose</OldTextValue>
    <NewTextValue>bushed.  Filipinos deliberately propose</NewTextValue>
  </TextCorrectedLine>
  <TextCorrectedLine lineID="P2_TL00245">
    <OldTextValue>gressive Filipino loader, is capturod.</OldTextValue>
    <NewTextValue>gressive Filipino leader, is captured.</NewTextValue>
  </TextCorrectedLine>
</TextCorrectedBlock>
