<TextCorrectedBlock pageOID="AL19050113.1.1" blockID="P1_CB00003" userID="[redacted]">
  <TextCorrectedLine lineID="P1_TL00851">
    <OldTextValue>"Nineteen Hundred arid Four"</OldTextValue>
    <NewTextValue>"Nineteen Hundred and Four"</NewTextValue>
  </TextCorrectedLine>
</TextCorrectedBlock>
<TextCorrectedBlock pageOID="AL19050113.1.1" blockID="P1_CB00003" userID="[redacted]">
  <TextCorrectedLine lineID="P1_TL00850">
    <OldTextValue>,Z "^ CHEAPEST. DRY GOODS. STORE )^^</OldTextValue>
    <NewTextValue>CHEAPEST. DRY GOODS. STORE</NewTextValue>
  </TextCorrectedLine>
</TextCorrectedBlock>
<TextCorrectedBlock pageOID="AL19050113.1.2" blockID="P2_CB00011" userID="[redacted]">
  <TextCorrectedLine lineID="P2_TL01096">
    <OldTextValue>* ♦#♦»♦</OldTextValue>
    <NewTextValue></NewTextValue>
  </TextCorrectedLine>
  <TextCorrectedLine lineID="P2_TL01097">
    <OldTextValue>i [holiday perfumes]</OldTextValue>
    <NewTextValue>[holiday perfumes]</NewTextValue>
  </TextCorrectedLine>
  <TextCorrectedLine lineID="P2_TL01098">
    <OldTextValue>i NEW ODORS</OldTextValue>
    <NewTextValue>NEW ODORS</NewTextValue>
  </TextCorrectedLine>
  <TextCorrectedLine lineID="P2_TL01099">
    <OldTextValue>: PASADENA ROSE,</OldTextValue>
    <NewTextValue>PASADENA ROSE,</NewTextValue>
  </TextCorrectedLine>
  <TextCorrectedLine lineID="P2_TL01100">
    <OldTextValue>! SWEET MARGERY,</OldTextValue>
    <NewTextValue>SWEET MARGERY,</NewTextValue>
  </TextCorrectedLine>
  <TextCorrectedLine lineID="P2_TL01101">
    <OldTextValue>: -CALIFORNIA CLOVER,</OldTextValue>
    <NewTextValue>-CALIFORNIA CLOVER,</NewTextValue>
  </TextCorrectedLine>
  <TextCorrectedLine lineID="P2_TL01102">
    <OldTextValue>: PALO ALTO PINK,</OldTextValue>
    <NewTextValue>PALO ALTO PINK,</NewTextValue>
  </TextCorrectedLine>
  <TextCorrectedLine lineID="P2_TL01103">
    <OldTextValue>; . VIOLETS OF SICILY,</OldTextValue>
    <NewTextValue>VIOLETS OF SICILY,</NewTextValue>
  </TextCorrectedLine>
  <TextCorrectedLine lineID="P2_TL01104">
    <OldTextValue>; PING PANG.</OldTextValue>
    <NewTextValue>PING PANG.</NewTextValue>
  </TextCorrectedLine>
  <TextCorrectedLine lineID="P2_TL01105">
    <OldTextValue>. Bring yonr Handkerchief and we'll give it a whiff-If yon like it and</OldTextValue>
    <NewTextValue>Bring your Handkerchief and we'll give it a whiff-If you like it and</NewTextValue>
  </TextCorrectedLine>
  <TextCorrectedLine lineID="P2_TL01106">
    <OldTextValue>, want to bny, 5Jc and 75c per ounce.</OldTextValue>
    <NewTextValue>want to buy, 50c and 75c per ounce.</NewTextValue>
  </TextCorrectedLine>
  <TextCorrectedLine lineID="P2_TL01107">
    <OldTextValue>; Also an excellent line of Holiday Goods</OldTextValue>
    <NewTextValue>Also an excellent line of Holiday Goods</NewTextValue>
  </TextCorrectedLine>
  <TextCorrectedLine lineID="P2_TL01108">
    <OldTextValue>| Come and have a look even if yon have no intention of buying.</OldTextValue>
    <NewTextValue>Come and have a look even if yon have no intention of buying.</NewTextValue>
  </TextCorrectedLine>
  <TextCorrectedLine lineID="P2_TL01110">
    <OldTextValue>&gt;♦•»*»»»»»«,»♦♦«»»&gt;«» &gt;t „</OldTextValue>
    <NewTextValue></NewTextValue>
  </TextCorrectedLine>
  <TextCorrectedLine lineID="P2_TL01111">
    <OldTextValue>jfGINOCCHIO BRo£j</OldTextValue>
    <NewTextValue>GINOCCHIO BRO'S.</NewTextValue>
  </TextCorrectedLine>
  <TextCorrectedLine lineID="P2_TL01112">
    <OldTextValue>H| DEALERS IN -^ |</OldTextValue>
    <NewTextValue>DEALERS IN</NewTextValue>
  </TextCorrectedLine>
  <TextCorrectedLine lineID="P2_TL01113">
    <OldTextValue>| .'£.■■. General Merchandise 1</OldTextValue>
    <NewTextValue>General Merchandise</NewTextValue>
  </TextCorrectedLine>
  <TextCorrectedLine lineID="P2_TL01114">
    <OldTextValue>|| tS© Groceries, Furnishing Goods, Shoes, |</OldTextValue>
    <NewTextValue>Groceries, Furnishing Goods, Shoes,</NewTextValue>
  </TextCorrectedLine>
  <TextCorrectedLine lineID="P2_TL01115">
    <OldTextValue>H Js§!| Boots, Paints, Oils, Varnishes, Mining I</OldTextValue>
    <NewTextValue>Boots, Paints, Oils, Varnishes, Mining</NewTextValue>
  </TextCorrectedLine>
  <TextCorrectedLine lineID="P2_TL01116">
    <OldTextValue>•m n^ Supplies, Lumber, Hardware. Hay, I</OldTextValue>
    <NewTextValue>Supplies, Lumber, Hardware. Hay,</NewTextValue>
  </TextCorrectedLine>
  <TextCorrectedLine lineID="P2_TL01117">
    <OldTextValue>HI Grain, etc., etc. • |</OldTextValue>
    <NewTextValue>Grain, etc., etc.</NewTextValue>
  </TextCorrectedLine>
  <TextCorrectedLine lineID="P2_TL01118">
    <OldTextValue>H Corner Main and Water St. |</OldTextValue>
    <NewTextValue>Corner Main and Water St.</NewTextValue>
  </TextCorrectedLine>
  <TextCorrectedLine lineID="P2_TL01119">
    <OldTextValue>|. JACKSON - - - CALIFORNIA I</OldTextValue>
    <NewTextValue>JACKSON - - - CALIFORNIA</NewTextValue>
  </TextCorrectedLine>
  <TextCorrectedLine lineID="P2_TL01120">
    <OldTextValue>:&gt;^ McCALL * T T /&gt;1 . .</OldTextValue>
    <NewTextValue>McCALL  Bazaar Patterns</NewTextValue>
  </TextCorrectedLine>
  <TextCorrectedLine lineID="P2_TL01121">
    <OldTextValue>iwpatte™ L J. wavinovich</OldTextValue>
    <NewTextValue>L J. wavinovich</NewTextValue>
  </TextCorrectedLine>
  <TextCorrectedLine lineID="P2_TL01122">
    <OldTextValue>5 LEADING GROCERY STORE</OldTextValue>
    <NewTextValue>LEADING GROCERY STORE</NewTextValue>
  </TextCorrectedLine>
  <TextCorrectedLine lineID="P2_TL01123">
    <OldTextValue>• IPI^ Groceries, Dry Goods,</OldTextValue>
    <NewTextValue>Groceries, Dry Goods,</NewTextValue>
  </TextCorrectedLine>
  <TextCorrectedLine lineID="P2_TL01124">
    <OldTextValue>I D Furnishing Goods, Boots, %</OldTextValue>
    <NewTextValue>Furnishing Goods, Boots,</NewTextValue>
  </TextCorrectedLine>
  <TextCorrectedLine lineID="P2_TL01125">
    <OldTextValue>S a Shoes, Toilet Articles,</OldTextValue>
    <NewTextValue>Shoes, Toilet Articles,</NewTextValue>
  </TextCorrectedLine>
</TextCorrectedBlock>
