<TextCorrectedBlock pageOID="AL19080814.1.1" blockID="P1_CB00001" userID="[redacted]">
  <TextCorrectedLine lineID="P1_TL00644">
    <OldTextValue>AttorneyH»t-t.»w,</OldTextValue>
    <NewTextValue>Attorney-at-Law,</NewTextValue>
  </TextCorrectedLine>
  <TextCorrectedLine lineID="P1_TL00646">
    <OldTextValue>Office in Marella nuildln?, Ctourt itreet.</OldTextValue>
    <NewTextValue>Office in Marelia building, Court street.</NewTextValue>
  </TextCorrectedLine>
  <TextCorrectedLine lineID="P1_TL00647">
    <OldTextValue>Will practice In all tho courts of tho state, fe</OldTextValue>
    <NewTextValue>Will practice in all the courts of the state.</NewTextValue>
  </TextCorrectedLine>
  <TextCorrectedLine lineID="P1_TL00648">
    <OldTextValue>' DOCTORS.</OldTextValue>
    <NewTextValue>DOCTORS.</NewTextValue>
  </TextCorrectedLine>
  <TextCorrectedLine lineID="P1_TL00649">
    <OldTextValue>-|71 K. KNDIOOTT, M. I&gt;.</OldTextValue>
    <NewTextValue>E. E. ENDICOTT, M.D.</NewTextValue>
  </TextCorrectedLine>
  <TextCorrectedLine lineID="P1_TL00650">
    <OldTextValue>I'lijmlclnn »n&lt;l Sargeon</OldTextValue>
    <NewTextValue>Physician and Surgeon</NewTextValue>
  </TextCorrectedLine>
  <TextCorrectedLine lineID="P1_TL00651">
    <OldTextValue>Jackson, Cai,. .</OldTextValue>
    <NewTextValue>Jackson, Cal, .</NewTextValue>
  </TextCorrectedLine>
  <TextCorrectedLine lineID="P1_TL00652">
    <OldTextValue>■offloes Webb bulldlnj. All calls promptly</OldTextValue>
    <NewTextValue>office: Webb building.  All calls promptly</NewTextValue>
  </TextCorrectedLine>
  <TextCorrectedLine lineID="P1_TL00654">
    <OldTextValue>pvlt. rilEl&gt; F. BPBAOVB</OldTextValue>
    <NewTextValue>Dr. Fred F. Sprague</NewTextValue>
  </TextCorrectedLine>
  <TextCorrectedLine lineID="P1_TL00655">
    <OldTextValue>"^ l'hjrslolan »iul Surßoon t</OldTextValue>
    <NewTextValue>Physician and Surgeon</NewTextValue>
  </TextCorrectedLine>
  <TextCorrectedLine lineID="P1_TL00657">
    <OldTextValue>■OrFicE— Next door to residence, north Main</OldTextValue>
    <NewTextValue>OFFICE — Next door to residence, north Main</NewTextValue>
  </TextCorrectedLine>
  <TextCorrectedLine lineID="P1_TL00658">
    <OldTextValue>street, opposlto Cnllforula hotel.</OldTextValue>
    <NewTextValue>street, opposite to California hotel.</NewTextValue>
  </TextCorrectedLine>
  <TextCorrectedLine lineID="P1_TL00659">
    <OldTextValue>Tolophone Mnlu 32</OldTextValue>
    <NewTextValue>Telephone Main 32</NewTextValue>
  </TextCorrectedLine>
  <TextCorrectedLine lineID="P1_TL00660">
    <OldTextValue>Pliyglclan and Surgeon</OldTextValue>
    <NewTextValue>Physician and Surgeon</NewTextValue>
  </TextCorrectedLine>
  <TextCorrectedLine lineID="P1_TL00661">
    <OldTextValue>JACKSOS, CAL</OldTextValue>
    <NewTextValue>JACKSON, CAL</NewTextValue>
  </TextCorrectedLine>
  <TextCorrectedLine lineID="P1_TL00662">
    <OldTextValue>Otllce in Marolla bulldlnK, Main Street.</OldTextValue>
    <NewTextValue>Office in Marelia building, Main Street.</NewTextValue>
  </TextCorrectedLine>
  <TextCorrectedLine lineID="P1_TL00663">
    <OldTextValue>-v&gt; S. iJOODMAN M I&gt;.</OldTextValue>
    <NewTextValue>D. S. GOODMAN  M.D.</NewTextValue>
  </TextCorrectedLine>
  <TextCorrectedLine lineID="P1_TL00664">
    <OldTextValue>l'hy»l&lt;l:»n and Surgeon</OldTextValue>
    <NewTextValue>Physician and Surgeon</NewTextValue>
  </TextCorrectedLine>
  <TextCorrectedLine lineID="P1_TL00665">
    <OldTextValue>■ SUTTKR CUKKK, CAL.</OldTextValue>
    <NewTextValue>Sutter Creek, CAL.</NewTextValue>
  </TextCorrectedLine>
  <TextCorrectedLine lineID="P1_TL00666">
    <OldTextValue>-pvis. £;gVltnoii</OldTextValue>
    <NewTextValue>Dr. L.G. Lynch</NewTextValue>
  </TextCorrectedLine>
  <TextCorrectedLine lineID="P1_TL00667">
    <OldTextValue>Pliy3ician and Surtreon</OldTextValue>
    <NewTextValue>Physician and Surgeon</NewTextValue>
  </TextCorrectedLine>
  <TextCorrectedLine lineID="P1_TL00669">
    <OldTextValue>Residence, Mutn 27</OldTextValue>
    <NewTextValue>Residence, Main 27</NewTextValue>
  </TextCorrectedLine>
  <TextCorrectedLine lineID="P1_TL00670">
    <OldTextValue>Amador City, Cai.</OldTextValue>
    <NewTextValue>Amador City, Cal.</NewTextValue>
  </TextCorrectedLine>
  <TextCorrectedLine lineID="P1_TL00671">
    <OldTextValue>T&gt; V. WALKIOIt. 31. I&gt;.</OldTextValue>
    <NewTextValue>B. F. WALKER, M.D.</NewTextValue>
  </TextCorrectedLine>
  <TextCorrectedLine lineID="P1_TL00672">
    <OldTextValue>Practli'e limited to disoasoH of</OldTextValue>
    <NewTextValue>Practice limited to diseases</NewTextValue>
  </TextCorrectedLine>
  <TextCorrectedLine lineID="P1_TL00675">
    <OldTextValue>STOCKTON, UA.L. 's a l</OldTextValue>
    <NewTextValue>STOCKTON, CAL.</NewTextValue>
  </TextCorrectedLine>
  <TextCorrectedLine lineID="P1_TL00677">
    <OldTextValue>-pK.J.n.KXi.VKTV</OldTextValue>
    <NewTextValue>DR. J.D. FOGARTY</NewTextValue>
  </TextCorrectedLine>
  <TextCorrectedLine lineID="P1_TL00678">
    <OldTextValue>DentlAt,</OldTextValue>
    <NewTextValue>Dentist,</NewTextValue>
  </TextCorrectedLine>
  <TextCorrectedLine lineID="P1_TL00682">
    <OldTextValue>T.yfi.' 'JOHN A. DELUCCHI</OldTextValue>
    <NewTextValue>DR. JOHN A. DELUCCHI</NewTextValue>
  </TextCorrectedLine>
  <TextCorrectedLine lineID="P1_TL00684">
    <OldTextValue>SUTTEE CKKEK, CAL.</OldTextValue>
    <NewTextValue>SUTTER CREEK, CAL.</NewTextValue>
  </TextCorrectedLine>
  <TextCorrectedLine lineID="P1_TL00685">
    <OldTextValue>Office nouns:— From 0 a. m. to 5 ». m.</OldTextValue>
    <NewTextValue>Office hours:— From 9 a. m. to 5 p. m.</NewTextValue>
  </TextCorrectedLine>
  <TextCorrectedLine lineID="P1_TL00686">
    <OldTextValue>ttJiciiakd wkuii</OldTextValue>
    <NewTextValue>RICHARD WEBB</NewTextValue>
  </TextCorrectedLine>
  <TextCorrectedLine lineID="P1_TL00689">
    <OldTextValue>Will attend to Homestead and other Mings;</OldTextValue>
    <NewTextValue>Will attend to Homestead and other filings;</NewTextValue>
  </TextCorrectedLine>
  <TextCorrectedLine lineID="P1_TL00690">
    <OldTextValue>tailing of tlnal proofs and all other Land</OldTextValue>
    <NewTextValue>taking of final proofs and all other Land</NewTextValue>
  </TextCorrectedLine>
  <TextCorrectedLine lineID="P1_TL00693">
    <OldTextValue>The A. Van derNailen School</OldTextValue>
    <NewTextValue>The A. Van der Nailen School</NewTextValue>
  </TextCorrectedLine>
  <TextCorrectedLine lineID="P1_TL00694">
    <OldTextValue>Of Civil, Electrical Mining EnKineorini?, etc.</OldTextValue>
    <NewTextValue>Of Civil, Electrical Mining Engineering, etc.</NewTextValue>
  </TextCorrectedLine>
  <TextCorrectedLine lineID="P1_TL00695">
    <OldTextValue>ESTABLISHED 188J.</OldTextValue>
    <NewTextValue>ESTABLISHED 1864</NewTextValue>
  </TextCorrectedLine>
  <TextCorrectedLine lineID="P1_TL00696">
    <OldTextValue>Occupying their own largo bullulnjr, work-</OldTextValue>
    <NewTextValue>Occupying their own large building, work-</NewTextValue>
  </TextCorrectedLine>
  <TextCorrectedLine lineID="P1_TL00697">
    <OldTextValue>shop ivnd laboratories. ,</OldTextValue>
    <NewTextValue>shop and laboratories. ,</NewTextValue>
  </TextCorrectedLine>
  <TextCorrectedLine lineID="P1_TL00698">
    <OldTextValue>Groat demand for ox-students In nil linos.</OldTextValue>
    <NewTextValue>Great demand for ex-students in all lines.</NewTextValue>
  </TextCorrectedLine>
  <TextCorrectedLine lineID="P1_TL00699">
    <OldTextValue>Nov.- students should enroll at once.</OldTextValue>
    <NewTextValue>New students should enroll at once.</NewTextValue>
  </TextCorrectedLine>
  <TextCorrectedLine lineID="P1_TL00701">
    <OldTextValue>OAKLAND, CAL. mylB</OldTextValue>
    <NewTextValue>OAKLAND, CAL.</NewTextValue>
  </TextCorrectedLine>
</TextCorrectedBlock>
<TextCorrectedBlock pageOID="AL19080814.1.1" blockID="P1_TB00081" userID="[redacted]">
  <TextCorrectedLine lineID="P1_TL00624">
    <OldTextValue>The city truateea met Monday mid</OldTextValue>
    <NewTextValue>The city trustees met Monday and</NewTextValue>
  </TextCorrectedLine>
  <TextCorrectedLine lineID="P1_TL00625">
    <OldTextValue>Tuesday ovenlnga :as n hoard of</OldTextValue>
    <NewTextValue>Tuesday evenings as a board of</NewTextValue>
  </TextCorrectedLine>
  <TextCorrectedLine lineID="P1_TL00627">
    <OldTextValue>the BBseftmout books were ncoepted</OldTextValue>
    <NewTextValue>the assessment books were accepted</NewTextValue>
  </TextCorrectedLine>
  <TextCorrectedLine lineID="P1_TL00628">
    <OldTextValue>as offered. The one applloatiou for</OldTextValue>
    <NewTextValue>as offered. The one application for</NewTextValue>
  </TextCorrectedLine>
  <TextCorrectedLine lineID="P1_TL00629">
    <OldTextValue>a reduction wna from the Anita</OldTextValue>
    <NewTextValue>a reduction was from the Anita</NewTextValue>
  </TextCorrectedLine>
  <TextCorrectedLine lineID="P1_TL00630">
    <OldTextValue>Mining Company, which aasesstnent</OldTextValue>
    <NewTextValue>Mining Company, which assesstment</NewTextValue>
  </TextCorrectedLine>
  <TextCorrectedLine lineID="P1_TL00631">
    <OldTextValue>waa leduced from SU'i'.o to 81250*7</OldTextValue>
    <NewTextValue>was reduced from $2250 to $1250.</NewTextValue>
  </TextCorrectedLine>
</TextCorrectedBlock>
<TextCorrectedBlock pageOID="AL19080814.1.1" blockID="P1_TB00037" userID="[redacted]">
  <TextCorrectedLine lineID="P1_TL00223">
    <OldTextValue>Peter Uobovicli, cashier of tho</OldTextValue>
    <NewTextValue>Peter Dabovich, cashier of the</NewTextValue>
  </TextCorrectedLine>
  <TextCorrectedLine lineID="P1_TL00224">
    <OldTextValue>Hutter Creek State Hunk up to tbe</OldTextValue>
    <NewTextValue>Sutter Creek State Bank up to the</NewTextValue>
  </TextCorrectedLine>
  <TextCorrectedLine lineID="P1_TL00225">
    <OldTextValue>time it closed, wan arrested in Butter</OldTextValue>
    <NewTextValue>time it closed, wan arrested in Sutter</NewTextValue>
  </TextCorrectedLine>
  <TextCorrectedLine lineID="P1_TL00227">
    <OldTextValue>Gregory, and brought to Jaokson.</OldTextValue>
    <NewTextValue>Gregory, and brought to Jackson.</NewTextValue>
  </TextCorrectedLine>
  <TextCorrectedLine lineID="P1_TL00228">
    <OldTextValue>Tbe complaint hud been sworn to</OldTextValue>
    <NewTextValue>The complaint had been sworn to</NewTextValue>
  </TextCorrectedLine>
  <TextCorrectedLine lineID="P1_TL00229">
    <OldTextValue>hafore Judge Utildner on the 27th of</OldTextValue>
    <NewTextValue>before Judge Goldner on the 27th of</NewTextValue>
  </TextCorrectedLine>
  <TextCorrectedLine lineID="P1_TL00230">
    <OldTextValue>July by Miohele Faoohiauo, a barber</OldTextValue>
    <NewTextValue>July by Michele Facchiano, a barber</NewTextValue>
  </TextCorrectedLine>
  <TextCorrectedLine lineID="P1_TL00232">
    <OldTextValue>he chnrges Dabovlch with the</OldTextValue>
    <NewTextValue>he charges Dabovlch with the</NewTextValue>
  </TextCorrectedLine>
  <TextCorrectedLine lineID="P1_TL00233">
    <OldTextValue>embezzlement of 8898.70. He alleges</OldTextValue>
    <NewTextValue>embezzlement of $898.70. He alleges</NewTextValue>
  </TextCorrectedLine>
  <TextCorrectedLine lineID="P1_TL00234">
    <OldTextValue>that he placed this' sum with the</OldTextValue>
    <NewTextValue>that he placed this sum with the</NewTextValue>
  </TextCorrectedLine>
  <TextCorrectedLine lineID="P1_TL00235">
    <OldTextValue>bank to bo sent to Italy, from which</OldTextValue>
    <NewTextValue>bank to be sent to Italy, from which</NewTextValue>
  </TextCorrectedLine>
  <TextCorrectedLine lineID="P1_TL00238">
    <OldTextValue>been kept in tbe hooks. As soon as</OldTextValue>
    <NewTextValue>been kept in tbe books. As soon as</NewTextValue>
  </TextCorrectedLine>
  <TextCorrectedLine lineID="P1_TL00239">
    <OldTextValue>they hoard of Dabovioh'a predica-</OldTextValue>
    <NewTextValue>they heard of Dabovich's predica-</NewTextValue>
  </TextCorrectedLine>
  <TextCorrectedLine lineID="P1_TL00241">
    <OldTextValue>Soracco camo over from Suitor Creek</OldTextValue>
    <NewTextValue>Soracco came over from Sutter Creek</NewTextValue>
  </TextCorrectedLine>
  <TextCorrectedLine lineID="P1_TL00242">
    <OldTextValue>and furuishod the required amount of</OldTextValue>
    <NewTextValue>and furnished the required amount of</NewTextValue>
  </TextCorrectedLine>
  <TextCorrectedLine lineID="P1_TL00243">
    <OldTextValue>bonds, 810,000, to restore the oecueed</OldTextValue>
    <NewTextValue>bonds, $10,000, to restore the accused</NewTextValue>
  </TextCorrectedLine>
  <TextCorrectedLine lineID="P1_TL00245">
    <OldTextValue>This criminal action ia the that of</OldTextValue>
    <NewTextValue>This criminal action is the first of</NewTextValue>
  </TextCorrectedLine>
  <TextCorrectedLine lineID="P1_TL00247">
    <OldTextValue>niudillod-up affairs of the defunct</OldTextValue>
    <NewTextValue>muddled-up affairs of the defunct</NewTextValue>
  </TextCorrectedLine>
  <TextCorrectedLine lineID="P1_TL00249">
    <OldTextValue>criminal tiiiit.s are to follow. Diibo-</OldTextValue>
    <NewTextValue>criminal suits are to follow. Dabo-</NewTextValue>
  </TextCorrectedLine>
  <TextCorrectedLine lineID="P1_TL00250">
    <OldTextValue>vloh has tho sympathy of mauy. . He</OldTextValue>
    <NewTextValue>vich has the sympathy of many. . He</NewTextValue>
  </TextCorrectedLine>
  <TextCorrectedLine lineID="P1_TL00251">
    <OldTextValue>was merely nn employe of the bank,</OldTextValue>
    <NewTextValue>was merely an employe of the bank,</NewTextValue>
  </TextCorrectedLine>
  <TextCorrectedLine lineID="P1_TL00252">
    <OldTextValue>subject to the orders of bis superior</OldTextValue>
    <NewTextValue>subject to the orders of his superior</NewTextValue>
  </TextCorrectedLine>
  <TextCorrectedLine lineID="P1_TL00253">
    <OldTextValue>olllcors. While bo must have known</OldTextValue>
    <NewTextValue>officers. While he must have known</NewTextValue>
  </TextCorrectedLine>
  <TextCorrectedLine lineID="P1_TL00254">
    <OldTextValue>of the tamino of cash, and the condi-</OldTextValue>
    <NewTextValue>of the famine of cash, and the condi-</NewTextValue>
  </TextCorrectedLine>
  <TextCorrectedLine lineID="P1_TL00255">
    <OldTextValue>tions of ntniHi generally, ho was</OldTextValue>
    <NewTextValue>tions of stress generally, he was</NewTextValue>
  </TextCorrectedLine>
  <TextCorrectedLine lineID="P1_TL00256">
    <OldTextValue>buoyed up by tho hope that every-</OldTextValue>
    <NewTextValue>buoyed up by the hope that every-</NewTextValue>
  </TextCorrectedLine>
  <TextCorrectedLine lineID="P1_TL00259">
    <OldTextValue>from tbe departures from strick bank-</OldTextValue>
    <NewTextValue>from the departures from strick bank-</NewTextValue>
  </TextCorrectedLine>
</TextCorrectedBlock>
<TextCorrectedBlock pageOID="AL19080814.1.1" blockID="P1_TB00041" userID="[redacted]">
  <TextCorrectedLine lineID="P1_TL00292">
    <OldTextValue>Marco Horello, who was also</OldTextValue>
    <NewTextValue>Marco Borello, who was also</NewTextValue>
  </TextCorrectedLine>
  <TextCorrectedLine lineID="P1_TL00293">
    <OldTextValue>accused of boing implicated in the</OldTextValue>
    <NewTextValue>accused of being implicated in the</NewTextValue>
  </TextCorrectedLine>
  <TextCorrectedLine lineID="P1_TL00294">
    <OldTextValue>sumo crime was set free Monday</OldTextValue>
    <NewTextValue>same crime was set free Monday</NewTextValue>
  </TextCorrectedLine>
  <TextCorrectedLine lineID="P1_TL00297">
    <OldTextValue>tho prosecution bad not been able to</OldTextValue>
    <NewTextValue>the prosecution had not been able to</NewTextValue>
  </TextCorrectedLine>
</TextCorrectedBlock>
<TextCorrectedBlock pageOID="AL19080814.1.1" blockID="P1_TB00053" userID="[redacted]">
  <TextCorrectedLine lineID="P1_TL00434">
    <OldTextValue>pieous ot timber from Oregon, which</OldTextValue>
    <NewTextValue>pieces of timber from Oregon, which</NewTextValue>
  </TextCorrectedLine>
  <TextCorrectedLine lineID="P1_TL00435">
    <OldTextValue>will be used In the erection of a</OldTextValue>
    <NewTextValue>will be used in the erection of a</NewTextValue>
  </TextCorrectedLine>
  <TextCorrectedLine lineID="P1_TL00438">
    <OldTextValue>aa soon aa they are in place about</OldTextValue>
    <NewTextValue>as soon as they are in place about</NewTextValue>
  </TextCorrectedLine>
  <TextCorrectedLine lineID="P1_TL00440">
    <OldTextValue>pairing tbe shaft, it will be some</OldTextValue>
    <NewTextValue>pairing the shaft, it will be some</NewTextValue>
  </TextCorrectedLine>
</TextCorrectedBlock>
