<TextCorrectedBlock pageOID="AL19070913.1.1" blockID="P1_TB00003" userID="[redacted]">
  <TextCorrectedLine lineID="P1_TL00007">
    <OldTextValue>Beported weekly for the Ledger.</OldTextValue>
    <NewTextValue>Reported weekly for the Ledger.</NewTextValue>
  </TextCorrectedLine>
</TextCorrectedBlock>
<TextCorrectedBlock pageOID="AL19070913.1.1" blockID="P1_TB00004" userID="[redacted]">
  <TextCorrectedLine lineID="P1_TL00008">
    <OldTextValue>Plating Metals With a lirush.-A</OldTextValue>
    <NewTextValue>Plating Metals With a Brush.-A</NewTextValue>
  </TextCorrectedLine>
  <TextCorrectedLine lineID="P1_TL00010">
    <OldTextValue>on Various Koads.— Electric Ke</OldTextValue>
    <NewTextValue>on Various Roads.— Electric Re</NewTextValue>
  </TextCorrectedLine>
  <TextCorrectedLine lineID="P1_TL00012">
    <OldTextValue>l'orest.— Stionger Rivets.— Tree-</OldTextValue>
    <NewTextValue>Forest.— Stronger Rivets.— Tree-</NewTextValue>
  </TextCorrectedLine>
  <TextCorrectedLine lineID="P1_TL00013">
    <OldTextValue>Frog Eugiueeriug. — Tellurium</OldTextValue>
    <NewTextValue>Frog Engineering. — Tellurium</NewTextValue>
  </TextCorrectedLine>
</TextCorrectedBlock>
<TextCorrectedBlock pageOID="AL19070913.1.1" blockID="P1_CB00006" userID="[redacted]">
  <TextCorrectedLine lineID="P1_TL01050">
    <OldTextValue>LAWYERS.;</OldTextValue>
    <NewTextValue>LAWYERS.</NewTextValue>
  </TextCorrectedLine>
  <TextCorrectedLine lineID="P1_TL01051">
    <OldTextValue>ITTM- .G. SXYDEK,</OldTextValue>
    <NewTextValue>WM. G. Snyder,</NewTextValue>
  </TextCorrectedLine>
  <TextCorrectedLine lineID="P1_TL01052">
    <OldTextValue>, Attorney</OldTextValue>
    <NewTextValue>Attorney-at-Law</NewTextValue>
  </TextCorrectedLine>
  <TextCorrectedLine lineID="P1_TL01055">
    <OldTextValue>nil practice in all the courts of the stale, fe</OldTextValue>
    <NewTextValue>Will practice in all the courts of the stale.</NewTextValue>
  </TextCorrectedLine>
  <TextCorrectedLine lineID="P1_TL01056">
    <OldTextValue>doctors.;</OldTextValue>
    <NewTextValue>doctors</NewTextValue>
  </TextCorrectedLine>
  <TextCorrectedLine lineID="P1_TL01057">
    <OldTextValue>7^ E. KNDICOTT, M. D. -</OldTextValue>
    <NewTextValue>E. E. KNDICOTT, M. D.</NewTextValue>
  </TextCorrectedLine>
  <TextCorrectedLine lineID="P1_TL01060">
    <OldTextValue>Rice: Webb building. All calls promptly</OldTextValue>
    <NewTextValue>Office: Webb building. All calls promptly</NewTextValue>
  </TextCorrectedLine>
</TextCorrectedBlock>
