<TextCorrectedBlock pageOID="AL19030410.1.2" blockID="P2_CB00003" userID="[redacted]">
  <TextCorrectedLine lineID="P2_TL00594">
    <OldTextValue># The proprietor of this establishment takes this opportunity</OldTextValue>
    <NewTextValue>The proprietor of this establishment takes this opportunity</NewTextValue>
  </TextCorrectedLine>
  <TextCorrectedLine lineID="P2_TL00595">
    <OldTextValue>f of informing his patrons that on and after April 10th, 1903,</OldTextValue>
    <NewTextValue>of informing his patrons that on and after April 10th, 1903,</NewTextValue>
  </TextCorrectedLine>
  <TextCorrectedLine lineID="P2_TL00596">
    <OldTextValue>X there will be a change of management in this business.</OldTextValue>
    <NewTextValue>there will be a change of management in this business.</NewTextValue>
  </TextCorrectedLine>
  <TextCorrectedLine lineID="P2_TL00597">
    <OldTextValue>♦ After the above date this business will be conducted under</OldTextValue>
    <NewTextValue>After the above date this business will be conducted under</NewTextValue>
  </TextCorrectedLine>
  <TextCorrectedLine lineID="P2_TL00598">
    <OldTextValue>X thehoading of</OldTextValue>
    <NewTextValue>the heading of  THE WHITE HOUSE DEPARTMENT STORE</NewTextValue>
  </TextCorrectedLine>
  <TextCorrectedLine lineID="P2_TL00599">
    <OldTextValue>&lt; &gt; The agents are now purchasing for the new establishment</OldTextValue>
    <NewTextValue>The agents are now purchasing for the new establishment</NewTextValue>
  </TextCorrectedLine>
  <TextCorrectedLine lineID="P2_TL00600">
    <OldTextValue>; ; New and Complete Up-to-Date Stock for Summer from</OldTextValue>
    <NewTextValue>New and Complete Up-to-Date Stock for Summer from</NewTextValue>
  </TextCorrectedLine>
  <TextCorrectedLine lineID="P2_TL00601">
    <OldTextValue>; j the eastern market. The Retiring Sale of Henry Weil will</OldTextValue>
    <NewTextValue>the eastern market. The Retiring Sale of Henry Weil will</NewTextValue>
  </TextCorrectedLine>
  <TextCorrectedLine lineID="P2_TL00602">
    <OldTextValue>« . continue until April 10th, and during this time the balance</OldTextValue>
    <NewTextValue>continue until April 10th, and during this time the balance</NewTextValue>
  </TextCorrectedLine>
  <TextCorrectedLine lineID="P2_TL00603">
    <OldTextValue>; | /.v 0 ' our stock consisting of</OldTextValue>
    <NewTextValue>our stock consisting of</NewTextValue>
  </TextCorrectedLine>
  <TextCorrectedLine lineID="P2_TL00604">
    <OldTextValue>| ; Dry Goods. Clothing. Boots and Shoes,</OldTextValue>
    <NewTextValue>Dry Goods. Clothing,  Boots and Shoes,</NewTextValue>
  </TextCorrectedLine>
  <TextCorrectedLine lineID="P2_TL00605">
    <OldTextValue>:; Rubber and Oil Clothing, etc.,</OldTextValue>
    <NewTextValue>Rubber and Oil Clothing, etc.,</NewTextValue>
  </TextCorrectedLine>
  <TextCorrectedLine lineID="P2_TL00606">
    <OldTextValue>&lt; | Must be sold out by the above date regardless of cost, so</OldTextValue>
    <NewTextValue>Must be sold out by the above date regardless of cost, so</NewTextValue>
  </TextCorrectedLine>
  <TextCorrectedLine lineID="P2_TL00607">
    <OldTextValue>( ; come early and secure bargains. N. B. — This is a Genu-</OldTextValue>
    <NewTextValue>come early and secure bargains. N. B. — This is a Genuine Sale.</NewTextValue>
  </TextCorrectedLine>
  <TextCorrectedLine lineID="P2_TL00608">
    <OldTextValue>; ; 1 lot of Picture Frames, size 1*3x20. 5 Inches wide, outside In</OldTextValue>
    <NewTextValue>1 lot of Picture Frames, size 1*3x20. 5 Inches wide, outside In</NewTextValue>
  </TextCorrectedLine>
</TextCorrectedBlock>
<TextCorrectedBlock pageOID="AL19030410.1.2" blockID="P2_CB00003" userID="[redacted]">
  <TextCorrectedLine lineID="P2_TL00608">
    <OldTextValue>1 lot of Picture Frames, size 1*3x20. 5 Inches wide, outside In</OldTextValue>
    <NewTextValue>1 lot of Picture Frames, size 16 x20. 5 Inches wide, outside in</NewTextValue>
  </TextCorrectedLine>
  <TextCorrectedLine lineID="P2_TL00609">
    <OldTextValue>■ ornamental gilt, receding panel, polished white, reeded lin-</OldTextValue>
    <NewTextValue>ornamental gilt, receding panel, polished white, reeded lin-</NewTextValue>
  </TextCorrectedLine>
  <TextCorrectedLine lineID="P2_TL00610">
    <OldTextValue>! ; Ing all gilt, well worth $2.50 and $3.00, now ...$l.OO</OldTextValue>
    <NewTextValue>ing all gilt, well worth $2.50 and $3.00, now ...$l.00</NewTextValue>
  </TextCorrectedLine>
  <TextCorrectedLine lineID="P2_TL00611">
    <OldTextValue>j; ?, 1 lot of Window Shades, in green and gray, worth 50c,</OldTextValue>
    <NewTextValue>1 lot of Window Shades, in green and gray, worth 50c,</NewTextValue>
  </TextCorrectedLine>
  <TextCorrectedLine lineID="P2_TL00612">
    <OldTextValue>J , n0w... ...........:...:.................... _.25c</OldTextValue>
    <NewTextValue>now... ...........:...:....................  .25c</NewTextValue>
  </TextCorrectedLine>
  <TextCorrectedLine lineID="P2_TL00613">
    <OldTextValue>| 1 lot of Chair Bottom Seats; worth 10c, n0w. ....... :.J. 6c</OldTextValue>
    <NewTextValue>1 lot of Chair Bottom Seats; worth 10c, now. .......  5c</NewTextValue>
  </TextCorrectedLine>
  <TextCorrectedLine lineID="P2_TL00615">
    <OldTextValue>J; medium patterns, 36 inch; worth 40c, now ..25c</OldTextValue>
    <NewTextValue>medium patterns, 36 inch; worth 40c, now ..25c</NewTextValue>
  </TextCorrectedLine>
  <TextCorrectedLine lineID="P2_TL00616">
    <OldTextValue>, , 1 lot of Feather Pillows; worth 75c, now :...... Asc</OldTextValue>
    <NewTextValue>1 lot of Feather Pillows; worth 75c, now :...... 45c</NewTextValue>
  </TextCorrectedLine>
  <TextCorrectedLine lineID="P2_TL00617">
    <OldTextValue>\ ! ■ , 1 lot of Kitchen Chairs; worth 75c, now ...........'.. ...Asc</OldTextValue>
    <NewTextValue>1 lot of Kitchen Chairs; worth 75c, now ........... 45c</NewTextValue>
  </TextCorrectedLine>
</TextCorrectedBlock>
