<TextCorrectedBlock pageOID="AL19000525.1.1" blockID="P1_CB00001" userID="[redacted]">
  <TextCorrectedLine lineID="P1_TL00803">
    <OldTextValue>* * iioJc * in '- uic</OldTextValue>
    <NewTextValue>He saw the hole in the</NewTextValue>
  </TextCorrectedLine>
  <TextCorrectedLine lineID="P1_TL00804">
    <OldTextValue>sai^ when he</OldTextValue>
    <NewTextValue>sack when he</NewTextValue>
  </TextCorrectedLine>
  <TextCorrectedLine lineID="P1_TL00805">
    <OldTextValue>/rTj&gt; J&amp;M Vf was filling it</OldTextValue>
    <NewTextValue>was filling it</NewTextValue>
  </TextCorrectedLine>
  <TextCorrectedLine lineID="P1_TL00806">
    <OldTextValue>[W&gt; mr^ But it was</OldTextValue>
    <NewTextValue>But it was</NewTextValue>
  </TextCorrectedLine>
  <TextCorrectedLine lineID="P1_TL00807">
    <OldTextValue>AJ&gt; ~¥%h. sAh a little</OldTextValue>
    <NewTextValue>such a little</NewTextValue>
  </TextCorrectedLine>
  <TextCorrectedLine lineID="P1_TL00808">
    <OldTextValue>7 '"'''' lsjm^ hole that he</OldTextValue>
    <NewTextValue>hole that he</NewTextValue>
  </TextCorrectedLine>
  <TextCorrectedLine lineID="P1_TL00809">
    <OldTextValue>I M'^^^^ldi^mlt-</OldTextValue>
    <NewTextValue>thought it wouldn't matter.  Out of</NewTextValue>
  </TextCorrectedLine>
  <TextCorrectedLine lineID="P1_TL00810">
    <OldTextValue>I &gt;«i|\ that little hol . e</OldTextValue>
    <NewTextValue>that little hole</NewTextValue>
  </TextCorrectedLine>
  <TextCorrectedLine lineID="P1_TL00811">
    <OldTextValue>\ he lost his</OldTextValue>
    <NewTextValue>he lost his</NewTextValue>
  </TextCorrectedLine>
  <TextCorrectedLine lineID="P1_TL00812">
    <OldTextValue>■?! \ ' El 3E 13 ! 11 while</OldTextValue>
    <NewTextValue>grain while</NewTextValue>
  </TextCorrectedLine>
  <TextCorrectedLine lineID="P1_TL00813">
    <OldTextValue>, jf l taking it : to</OldTextValue>
    <NewTextValue>taking it to</NewTextValue>
  </TextCorrectedLine>
  <TextCorrectedLine lineID="P1_TL00814">
    <OldTextValue>:; * V' il -J*- market. ...</OldTextValue>
    <NewTextValue>market. ...</NewTextValue>
  </TextCorrectedLine>
  <TextCorrectedLine lineID="P1_TL00815">
    <OldTextValue>* : i i I ' - It&gt;s at wa y</OldTextValue>
    <NewTextValue>It's that way</NewTextValue>
  </TextCorrectedLine>
  <TextCorrectedLine lineID="P1_TL00816">
    <OldTextValue>*"• li f il "I (rti itt.</OldTextValue>
    <NewTextValue>with holes in</NewTextValue>
  </TextCorrectedLine>
  <TextCorrectedLine lineID="P1_TL00817">
    <OldTextValue>V 1 'I 'I ' "' : '' the 'health.</OldTextValue>
    <NewTextValue>the health.</NewTextValue>
  </TextCorrectedLine>
  <TextCorrectedLine lineID="P1_TL00818">
    <OldTextValue>• f' 1 I If • . None are so</OldTextValue>
    <NewTextValue>None are so</NewTextValue>
  </TextCorrectedLine>
  <TextCorrectedLine lineID="P1_TL00819">
    <OldTextValue>'•&gt; \ ..A, Wa. small bnt Ufc</OldTextValue>
    <NewTextValue>small but life</NewTextValue>
  </TextCorrectedLine>
  <TextCorrectedLine lineID="P1_TL00820">
    <OldTextValue>•('.'&gt; i*MK&gt; lFß^^y C an leak out</OldTextValue>
    <NewTextValue>can leak out</NewTextValue>
  </TextCorrectedLine>
  <TextCorrectedLine lineID="P1_TL00821">
    <OldTextValue>' o f : ! ' t h em .</OldTextValue>
    <NewTextValue>of them.</NewTextValue>
  </TextCorrectedLine>
</TextCorrectedBlock>
<TextCorrectedBlock pageOID="AL19000525.1.1" blockID="P1_CB00002" userID="[redacted]">
  <TextCorrectedLine lineID="P1_TL01041">
    <OldTextValue>Office in Kay building. Hours from oa. m. to</OldTextValue>
    <NewTextValue>Office in Kay building. Hours from 9 a.m. to</NewTextValue>
  </TextCorrectedLine>
  <TextCorrectedLine lineID="P1_TL01042">
    <OldTextValue>sp.m. f ,</OldTextValue>
    <NewTextValue>5 p.m.</NewTextValue>
  </TextCorrectedLine>
  <TextCorrectedLine lineID="P1_TL01047">
    <OldTextValue>• 'MONUMENTS</OldTextValue>
    <NewTextValue>MONUMENTS</NewTextValue>
  </TextCorrectedLine>
  <TextCorrectedLine lineID="P1_TL01061">
    <OldTextValue>most skillful manner. ■ Window Screens and</OldTextValue>
    <NewTextValue>most skillful manner.  Window Screens and</NewTextValue>
  </TextCorrectedLine>
  <TextCorrectedLine lineID="P1_TL01064">
    <OldTextValue>■</OldTextValue>
    <NewTextValue></NewTextValue>
  </TextCorrectedLine>
  <TextCorrectedLine lineID="P1_TL01066">
    <OldTextValue>I . ■■,?',:■-.■ . ■ ■ : ','■ ( i j ■ " i ; ' " : '</OldTextValue>
    <NewTextValue></NewTextValue>
  </TextCorrectedLine>
  <TextCorrectedLine lineID="P1_TL01072">
    <OldTextValue>530 California Strwt, San Francisco.</OldTextValue>
    <NewTextValue>530 California Street, San Francisco.</NewTextValue>
  </TextCorrectedLine>
</TextCorrectedBlock>
