<TextCorrectedBlock pageOID="AL19030619.1.1" blockID="P1_CB00007" userID="[redacted]">
  <TextCorrectedLine lineID="P1_TL00982">
    <OldTextValue>Wines*Liquors*Cigars</OldTextValue>
    <NewTextValue>Wines * Liquors * Cigars</NewTextValue>
  </TextCorrectedLine>
  <TextCorrectedLine lineID="P1_TL00985">
    <OldTextValue>tell Coguac. M.iet &amp; Chaudon. White Seal</OldTextValue>
    <NewTextValue>tell Coguac. Moet &amp; Chaudon. White Seal</NewTextValue>
  </TextCorrectedLine>
  <TextCorrectedLine lineID="P1_TL00986">
    <OldTextValue>and Private Cuvcp Champagne; Morgan Bros.,</OldTextValue>
    <NewTextValue>and Private Cuvee Champagne; Morgan Bros.,</NewTextValue>
  </TextCorrectedLine>
  <TextCorrectedLine lineID="P1_TL01003">
    <OldTextValue>*A«ERICAN HATCHES, CLOCKS Mlltf*</OldTextValue>
    <NewTextValue>AMERICAN HATCHES, CLOCKS JEWELRY</NewTextValue>
  </TextCorrectedLine>
  <TextCorrectedLine lineID="P1_TL01005">
    <OldTextValue>- *» All goods varranted as represented</OldTextValue>
    <NewTextValue>All goods varranted as represented</NewTextValue>
  </TextCorrectedLine>
  <TextCorrectedLine lineID="P1_TL01026">
    <OldTextValue>&lt;ip':.-ious and . beneficial qualities of</OldTextValue>
    <NewTextValue>delicious and  beneficial qualities of</NewTextValue>
  </TextCorrectedLine>
  <TextCorrectedLine lineID="P1_TL01033">
    <OldTextValue>•••••••••••••••••••••••A**</OldTextValue>
    <NewTextValue></NewTextValue>
  </TextCorrectedLine>
  <TextCorrectedLine lineID="P1_TL01034">
    <OldTextValue>{ NATIONAL j</OldTextValue>
    <NewTextValue>NATIONAL</NewTextValue>
  </TextCorrectedLine>
  <TextCorrectedLine lineID="P1_TL01035">
    <OldTextValue>• JACKSON, CAL. £</OldTextValue>
    <NewTextValue>JACKSON, CAL.</NewTextValue>
  </TextCorrectedLine>
  <TextCorrectedLine lineID="P1_TL01036">
    <OldTextValue>I BEST OF. IGGOHMOOITIONS |</OldTextValue>
    <NewTextValue>BEST OFACCOMMODATIONS</NewTextValue>
  </TextCorrectedLine>
  <TextCorrectedLine lineID="P1_TL01037">
    <OldTextValue>5 -«•*"%'. *</OldTextValue>
    <NewTextValue></NewTextValue>
  </TextCorrectedLine>
  <TextCorrectedLine lineID="P1_TL01038">
    <OldTextValue>S Rates $1.00 to $3.00 a Day 5</OldTextValue>
    <NewTextValue>Rates $1.00 to $3.00 a Day</NewTextValue>
  </TextCorrectedLine>
  <TextCorrectedLine lineID="P1_TL01039">
    <OldTextValue>J -OFFICE FOR ALL- «</OldTextValue>
    <NewTextValue>-OFFICE FOR ALL-</NewTextValue>
  </TextCorrectedLine>
  <TextCorrectedLine lineID="P1_TL01040">
    <OldTextValue>5 STAGE LINES *</OldTextValue>
    <NewTextValue>STAGE LINES</NewTextValue>
  </TextCorrectedLine>
  <TextCorrectedLine lineID="P1_TL01041">
    <OldTextValue>• F. A. VOORHEIS - Prop. •</OldTextValue>
    <NewTextValue>F. A. VOORHEIS - Prop.</NewTextValue>
  </TextCorrectedLine>
  <TextCorrectedLine lineID="P1_TL01042">
    <OldTextValue>•••••••••••••••••••••••••a</OldTextValue>
    <NewTextValue></NewTextValue>
  </TextCorrectedLine>
  <TextCorrectedLine lineID="P1_TL01045">
    <OldTextValue>. , proved Drop-head SINGER.</OldTextValue>
    <NewTextValue>proved Drop-head SINGER.  Machines Rented and Sold on Easy Terms</NewTextValue>
  </TextCorrectedLine>
  <TextCorrectedLine lineID="P1_TL01046">
    <OldTextValue>MifhinAC They are finished in several</OldTextValue>
    <NewTextValue>They are finished in several</NewTextValue>
  </TextCorrectedLine>
  <TextCorrectedLine lineID="P1_TL01047">
    <OldTextValue>mailillltd different styles, designed to</OldTextValue>
    <NewTextValue>different styles, designed to</NewTextValue>
  </TextCorrectedLine>
  <TextCorrectedLine lineID="P1_TL01048">
    <OldTextValue>_ please all. As to material,</OldTextValue>
    <NewTextValue>please all. As to material,</NewTextValue>
  </TextCorrectedLine>
  <TextCorrectedLine lineID="P1_TL01051">
    <OldTextValue>o, 1( 1 Q,-,lrl ber, we guarantee each and</OldTextValue>
    <NewTextValue>ber, we guarantee each and</NewTextValue>
  </TextCorrectedLine>
  <TextCorrectedLine lineID="P1_TL01052">
    <OldTextValue>aim OUIU every machine, keep itinor-</OldTextValue>
    <NewTextValue>every machine, keep it in or-</NewTextValue>
  </TextCorrectedLine>
  <TextCorrectedLine lineID="P1_TL01053">
    <OldTextValue>ta der. and teach you to thor-</OldTextValue>
    <NewTextValue>der and teach you to thor-</NewTextValue>
  </TextCorrectedLine>
  <TextCorrectedLine lineID="P1_TL01054">
    <OldTextValue>011 liaSV oughly understand all at-</OldTextValue>
    <NewTextValue>oughly understand all at-</NewTextValue>
  </TextCorrectedLine>
  <TextCorrectedLine lineID="P1_TL01055">
    <OldTextValue>, „ tachmeuts, and make all</OldTextValue>
    <NewTextValue>tachments, and make all</NewTextValue>
  </TextCorrectedLine>
  <TextCorrectedLine lineID="P1_TL01056">
    <OldTextValue>leriUS. kinds of work free of charge.</OldTextValue>
    <NewTextValue>kinds of work free of charge.</NewTextValue>
  </TextCorrectedLine>
  <TextCorrectedLine lineID="P1_TL01057">
    <OldTextValue>It pays to deaf with a good</OldTextValue>
    <NewTextValue>It pays to deal with a good</NewTextValue>
  </TextCorrectedLine>
  <TextCorrectedLine lineID="P1_TL01062">
    <OldTextValue>Repairing neatly done and workjguar-</OldTextValue>
    <NewTextValue>Repairing neatly done and work guar-</NewTextValue>
  </TextCorrectedLine>
  <TextCorrectedLine lineID="P1_TL01065">
    <OldTextValue>del 9 Sutter Creek, Cal.</OldTextValue>
    <NewTextValue>Sutter Creek, Cal.</NewTextValue>
  </TextCorrectedLine>
  <TextCorrectedLine lineID="P1_TL01066">
    <OldTextValue>•••••••••••••••••••••••••a</OldTextValue>
    <NewTextValue></NewTextValue>
  </TextCorrectedLine>
  <TextCorrectedLine lineID="P1_TL01067">
    <OldTextValue>\ State House f</OldTextValue>
    <NewTextValue>State House</NewTextValue>
  </TextCorrectedLine>
  <TextCorrectedLine lineID="P1_TL01068">
    <OldTextValue>• ••••••• llv/lvl ••••••• •</OldTextValue>
    <NewTextValue>HOTEL</NewTextValue>
  </TextCorrectedLine>
  <TextCorrectedLine lineID="P1_TL01069">
    <OldTextValue>S 10th &amp;KSts., Sacramento £</OldTextValue>
    <NewTextValue>10th &amp; KSts., Sacramento</NewTextValue>
  </TextCorrectedLine>
  <TextCorrectedLine lineID="P1_TL01070">
    <OldTextValue>9 Froo Bus to and from Hotel. 2</OldTextValue>
    <NewTextValue>Free Bus to and from Hotel.</NewTextValue>
  </TextCorrectedLine>
  <TextCorrectedLine lineID="P1_TL01071">
    <OldTextValue>• S|&gt;ecial rates to families and •</OldTextValue>
    <NewTextValue>Special rates to families and</NewTextValue>
  </TextCorrectedLine>
  <TextCorrectedLine lineID="P1_TL01072">
    <OldTextValue>1 Rates $1.00, $1.25, $1.50 &amp; •</OldTextValue>
    <NewTextValue>Rates $1.00, $1.25, $1.50 &amp;</NewTextValue>
  </TextCorrectedLine>
  <TextCorrectedLine lineID="P1_TL01073">
    <OldTextValue>2 $2.00 per day. . 2</OldTextValue>
    <NewTextValue>$2.00 per day. .</NewTextValue>
  </TextCorrectedLine>
  <TextCorrectedLine lineID="P1_TL01074">
    <OldTextValue>2 Headquarters for Amador county ?</OldTextValue>
    <NewTextValue>Headquarters for Amador county</NewTextValue>
  </TextCorrectedLine>
  <TextCorrectedLine lineID="P1_TL01075">
    <OldTextValue>0 peoplo. Packages cared for 2</OldTextValue>
    <NewTextValue>people. Packages cared for</NewTextValue>
  </TextCorrectedLine>
  <TextCorrectedLine lineID="P1_TL01076">
    <OldTextValue>• free of charge. •</OldTextValue>
    <NewTextValue>free of charge.</NewTextValue>
  </TextCorrectedLine>
  <TextCorrectedLine lineID="P1_TL01077">
    <OldTextValue>2 -5- MEALS 25 CENTS -J- 2</OldTextValue>
    <NewTextValue>MEALS 25 CENTS</NewTextValue>
  </TextCorrectedLine>
  <TextCorrectedLine lineID="P1_TL01078">
    <OldTextValue>• Amador Ledger received every •</OldTextValue>
    <NewTextValue>Amador Ledger received every</NewTextValue>
  </TextCorrectedLine>
  <TextCorrectedLine lineID="P1_TL01079">
    <OldTextValue>2 Sunday. Phone No. 101. 2</OldTextValue>
    <NewTextValue>Sunday. Phone No. 101.</NewTextValue>
  </TextCorrectedLine>
  <TextCorrectedLine lineID="P1_TL01080">
    <OldTextValue>2 J. L. Flanagan, Manager !</OldTextValue>
    <NewTextValue>J. L. Flanagan, Manager</NewTextValue>
  </TextCorrectedLine>
  <TextCorrectedLine lineID="P1_TL01081">
    <OldTextValue>0 ■ my 29 •</OldTextValue>
    <NewTextValue></NewTextValue>
  </TextCorrectedLine>
  <TextCorrectedLine lineID="P1_TL01082">
    <OldTextValue>•••••«#§•••••••••••••••«•«</OldTextValue>
    <NewTextValue></NewTextValue>
  </TextCorrectedLine>
</TextCorrectedBlock>
<TextCorrectedBlock pageOID="AL19030619.1.1" blockID="P1_CB00006" userID="[redacted]">
  <TextCorrectedLine lineID="P1_TL00965">
    <OldTextValue>i»r-&amp;3 $BrK I m Dumps found Mrs. Dumps ■</OldTextValue>
    <NewTextValue>Jim Dumps found Mrs. Dumps distressed</NewTextValue>
  </TextCorrectedLine>
  <TextCorrectedLine lineID="P1_TL00966">
    <OldTextValue>B«B&amp; /L ("MvW^V About an unexpected guest.</OldTextValue>
    <NewTextValue>About an unexpected guest.</NewTextValue>
  </TextCorrectedLine>
  <TextCorrectedLine lineID="P1_TL00967">
    <OldTextValue>BtßatSf'' TLj&amp;s c" %r\ " There's nothing in the house</OldTextValue>
    <NewTextValue>There's nothing in the house to eat!"</NewTextValue>
  </TextCorrectedLine>
  <TextCorrectedLine lineID="P1_TL00968">
    <OldTextValue>fl^nrf J^VfYs' " There ' Ssomethin 8 better far</OldTextValue>
    <NewTextValue>There  Somethin better far than meat."</NewTextValue>
  </TextCorrectedLine>
  <TextCorrectedLine lineID="P1_TL00969">
    <OldTextValue>JpSry \ S^n f^tfzk *^' le S uest endorsed Jim's tUw</OldTextValue>
    <NewTextValue>The guest endorsed Jim's view with him</NewTextValue>
  </TextCorrectedLine>
  <TextCorrectedLine lineID="P1_TL00970">
    <OldTextValue>I Vi ] KTii&amp;sPr^ When helped to "Force" by</OldTextValue>
    <NewTextValue>When helped to "Force" by "Sunny Jim."   "FORCE"</NewTextValue>
  </TextCorrectedLine>
  <TextCorrectedLine lineID="P1_TL00971">
    <OldTextValue>The ReadT-to-Serre Cereil</OldTextValue>
    <NewTextValue>The Ready-to-Serve Cereal</NewTextValue>
  </TextCorrectedLine>
  <TextCorrectedLine lineID="P1_TL00972">
    <OldTextValue>any emergency. Ijjfjjgfl (fo^Jv^Ja</OldTextValue>
    <NewTextValue>ready for any emergency.</NewTextValue>
  </TextCorrectedLine>
  <TextCorrectedLine lineID="P1_TL00973">
    <OldTextValue>Farmers b.re Eatlog " Foro»." mmi U-^^lf^r^S</OldTextValue>
    <NewTextValue>Farmers are Eating " Force."</NewTextValue>
  </TextCorrectedLine>
  <TextCorrectedLine lineID="P1_TL00974">
    <OldTextValue>"Thanks for 'Force.' I eat it thrw K*_TT — ffiff&amp;l</OldTextValue>
    <NewTextValue>"Thanks for 'Force.' I eat it three</NewTextValue>
  </TextCorrectedLine>
  <TextCorrectedLine lineID="P1_TL00975">
    <OldTextValue>times a day. Folks call me ' Sonny Jim.' ' l\ ' Ly*l</OldTextValue>
    <NewTextValue>times a day. Folks call me ' Sonny Jim.'</NewTextValue>
  </TextCorrectedLine>
  <TextCorrectedLine lineID="P1_TL00976">
    <OldTextValue>Took some to the country with me on a w^^Wv S</OldTextValue>
    <NewTextValue>Took some to the country with me on a</NewTextValue>
  </TextCorrectedLine>
  <TextCorrectedLine lineID="P1_TL00977">
    <OldTextValue>Lk visit and the farmers out there are I&amp;\3O| 9</OldTextValue>
    <NewTextValue>visit and the farmers out there are</NewTextValue>
  </TextCorrectedLine>
  <TextCorrectedLine lineID="P1_TL00978">
    <OldTextValue>eating orce now. ,, Wi^ RnrF _,, ~^j^ma^\ \ J) 1</OldTextValue>
    <NewTextValue>eating orce now.</NewTextValue>
  </TextCorrectedLine>
</TextCorrectedBlock>
<TextCorrectedBlock pageOID="AL19030619.1.1" blockID="P1_TB00047" userID="[redacted]">
  <TextCorrectedLine lineID="P1_TL00444">
    <OldTextValue>ditches on the middle fork of * '</OldTextValue>
    <NewTextValue>ditches on the middle fork of</NewTextValue>
  </TextCorrectedLine>
  <TextCorrectedLine lineID="P1_TL00445">
    <OldTextValue>Jackson creek 55 32</OldTextValue>
    <NewTextValue>Jackson creek  ...... 55 32</NewTextValue>
  </TextCorrectedLine>
</TextCorrectedBlock>
<TextCorrectedBlock pageOID="AL19030619.1.1" blockID="P1_CB00001" userID="[redacted]">
  <TextCorrectedLine lineID="P1_TL00759">
    <OldTextValue>One Price jjXHE RED FRONT i! Strictly Cast</OldTextValue>
    <NewTextValue>One Price   THE RED FRONT    Strictly Cash</NewTextValue>
  </TextCorrectedLine>
  <TextCorrectedLine lineID="P1_TL00760">
    <OldTextValue>j^SSSJ-i] • TaclcsorL's i&gt;^«^«^</OldTextValue>
    <NewTextValue>Jackson's Cheapest Drygoods Store</NewTextValue>
  </TextCorrectedLine>
  <TextCorrectedLine lineID="P1_TL00761">
    <OldTextValue>► Agents . I &lt;, :. - - !! Agents for !</OldTextValue>
    <NewTextValue>Agents for the Orthepedic Shoes.</NewTextValue>
  </TextCorrectedLine>
  <TextCorrectedLine lineID="P1_TL00762">
    <OldTextValue>; oShVSaic i - Cheapest Drygoods Store | : S l^? Z£^</OldTextValue>
    <NewTextValue>Agents for Belasco &amp; Harris Co., best tailors of S. F.</NewTextValue>
  </TextCorrectedLine>
  <TextCorrectedLine lineID="P1_TL00763">
    <OldTextValue>• Bh ";?M»MM,M,nMM.MMMM»»t tailOra y^</OldTextValue>
    <NewTextValue></NewTextValue>
  </TextCorrectedLine>
  <TextCorrectedLine lineID="P1_TL00764">
    <OldTextValue>I June Rediiction Sale I</OldTextValue>
    <NewTextValue>June Reduction Sale   of</NewTextValue>
  </TextCorrectedLine>
  <TextCorrectedLine lineID="P1_TL00765">
    <OldTextValue>i Ladies' Muslin Underwear!</OldTextValue>
    <NewTextValue>Ladies' Muslin Underwear</NewTextValue>
  </TextCorrectedLine>
  <TextCorrectedLine lineID="P1_TL00766">
    <OldTextValue>! . Beginning from today, %to the last day of:'</OldTextValue>
    <NewTextValue>Beginning from today, and up to the last day of</NewTextValue>
  </TextCorrectedLine>
  <TextCorrectedLine lineID="P1_TL00767">
    <OldTextValue>; : this month we will sell Ladies' IJnderwear at !</OldTextValue>
    <NewTextValue>this month we will sell Ladies' IJnderwear at</NewTextValue>
  </TextCorrectedLine>
  <TextCorrectedLine lineID="P1_TL00768">
    <OldTextValue>j unusual reduced prices. We have a nice assortment of •!</OldTextValue>
    <NewTextValue>unusual reduced prices. We have a nice assortment of</NewTextValue>
  </TextCorrectedLine>
  <TextCorrectedLine lineID="P1_TL00769">
    <OldTextValue>; everything that pertains to this line and we feel confident;</OldTextValue>
    <NewTextValue>everything that pertains to this line and we feel confident;</NewTextValue>
  </TextCorrectedLine>
  <TextCorrectedLine lineID="P1_TL00770">
    <OldTextValue>; that they will give entire satisfaction to the purchaser. «</OldTextValue>
    <NewTextValue>that they will give entire satisfaction to the purchaser.</NewTextValue>
  </TextCorrectedLine>
  <TextCorrectedLine lineID="P1_TL00771">
    <OldTextValue>• Ladles' Muslin Drawers— Good Ladles' Muslin Skirts — Good l\</OldTextValue>
    <NewTextValue>Ladles' Muslin Drawers— Good Ladles' Muslin Skirts — Good l\</NewTextValue>
  </TextCorrectedLine>
  <TextCorrectedLine lineID="P1_TL00772">
    <OldTextValue>&gt; muslin, nice embroidery; worth muslin; nicely made; worth 75c; &lt;</OldTextValue>
    <NewTextValue>muslin, nice embroidery; worth muslin; nicely made; worth 75c; &lt;</NewTextValue>
  </TextCorrectedLine>
  <TextCorrectedLine lineID="P1_TL00773">
    <OldTextValue>i 50c;onsale 25c on 5a1e...... ....... ...........45c.'</OldTextValue>
    <NewTextValue>50c;onsale 25c on 5a1e...... ....... ...........45c.'</NewTextValue>
  </TextCorrectedLine>
</TextCorrectedBlock>
<TextCorrectedBlock pageOID="AL19030619.1.1" blockID="P1_CB00001" userID="[redacted]">
  <TextCorrectedLine lineID="P1_TL00767">
    <OldTextValue>this month we will sell Ladies' IJnderwear at</OldTextValue>
    <NewTextValue>this month we will sell Ladies' Underwear at</NewTextValue>
  </TextCorrectedLine>
</TextCorrectedBlock>
<TextCorrectedBlock pageOID="AL19030619.1.2" blockID="P2_TB00002" userID="[redacted]">
  <TextCorrectedLine lineID="P2_TL00047">
    <OldTextValue>Yon Know What Ton Are Taking</OldTextValue>
    <NewTextValue>You Know What You Are Taking</NewTextValue>
  </TextCorrectedLine>
</TextCorrectedBlock>
