<TextCorrectedBlock pageOID="AL19021114.1.1" blockID="P1_CB00005" userID="[redacted]">
  <TextCorrectedLine lineID="P1_TL00901">
    <OldTextValue>Attorney ami Cnuiwrlor at Law</OldTextValue>
    <NewTextValue>Attorney and Counselor at Law</NewTextValue>
  </TextCorrectedLine>
  <TextCorrectedLine lineID="P1_TL00902">
    <OldTextValue>JACKSON, CAU</OldTextValue>
    <NewTextValue>JACKSON, CAL</NewTextValue>
  </TextCorrectedLine>
  <TextCorrectedLine lineID="P1_TL00907">
    <OldTextValue>Att orney-Hl-I.it w</OldTextValue>
    <NewTextValue>Attorney-at-Law</NewTextValue>
  </TextCorrectedLine>
  <TextCorrectedLine lineID="P1_TL00908">
    <OldTextValue>Jackson, Cal. 11111</OldTextValue>
    <NewTextValue>Jackson, Cal.</NewTextValue>
  </TextCorrectedLine>
  <TextCorrectedLine lineID="P1_TL00909">
    <OldTextValue>11 practice in all courts of the State.</OldTextValue>
    <NewTextValue>Will practice in all courts of the State.</NewTextValue>
  </TextCorrectedLine>
  <TextCorrectedLine lineID="P1_TL00910">
    <OldTextValue>OUN F. DAVIS</OldTextValue>
    <NewTextValue>JOHN F. DAVIS</NewTextValue>
  </TextCorrectedLine>
</TextCorrectedBlock>
<TextCorrectedBlock pageOID="AL19021114.1.1" blockID="P1_CB00005" userID="[redacted]">
  <TextCorrectedLine lineID="P1_TL00903">
    <OldTextValue>kctice in all tbe States and Federal courts</OldTextValue>
    <NewTextValue>Practice in all the States and Federal courts</NewTextValue>
  </TextCorrectedLine>
  <TextCorrectedLine lineID="P1_TL00904">
    <OldTextValue>Ice: Spagnoli building, opposite Hall cl</OldTextValue>
    <NewTextValue>office: Spagnoli building, opposite Hall of</NewTextValue>
  </TextCorrectedLine>
  <TextCorrectedLine lineID="P1_TL00905">
    <OldTextValue>o&gt;rds.</OldTextValue>
    <NewTextValue>records.</NewTextValue>
  </TextCorrectedLine>
</TextCorrectedBlock>
<TextCorrectedBlock pageOID="AL19021114.1.1" blockID="P1_TB00023" userID="[redacted]">
  <TextCorrectedLine lineID="P1_TL00155">
    <OldTextValue>c c c</OldTextValue>
    <NewTextValue></NewTextValue>
  </TextCorrectedLine>
  <TextCorrectedLine lineID="P1_TL00156">
    <OldTextValue>State Senator Hon. John F. Davis</OldTextValue>
    <NewTextValue>State Senator ..... Hon. John F. Davis</NewTextValue>
  </TextCorrectedLine>
  <TextCorrectedLine lineID="P1_TL00157">
    <OldTextValue>Assemblyman Hon. Fred L. Stewart</OldTextValue>
    <NewTextValue>Assemblyman ..... Hon. Fred L. Stewart</NewTextValue>
  </TextCorrectedLine>
  <TextCorrectedLine lineID="P1_TL00158">
    <OldTextValue>Superior Judge Hon. R. C. Rust</OldTextValue>
    <NewTextValue>Superior Judge ....  Hon. R. C. Rust</NewTextValue>
  </TextCorrectedLine>
  <TextCorrectedLine lineID="P1_TL00159">
    <OldTextValue>Sheriff and Tax Collector U. S. Gregory</OldTextValue>
    <NewTextValue>Sheriff and Tax Collector  .... U. S. Gregory</NewTextValue>
  </TextCorrectedLine>
  <TextCorrectedLine lineID="P1_TL00160">
    <OldTextValue>Deputy' Sheriff J. Podesta</OldTextValue>
    <NewTextValue>Deputy' Sheriff  ...... J. Podesta</NewTextValue>
  </TextCorrectedLine>
  <TextCorrectedLine lineID="P1_TL00163">
    <OldTextValue>District Attorney C. P. Vicini</OldTextValue>
    <NewTextValue>District Attorney .....  C. P. Vicini</NewTextValue>
  </TextCorrectedLine>
</TextCorrectedBlock>
<TextCorrectedBlock pageOID="AL19021114.1.1" blockID="P1_TB00003" userID="[redacted]">
  <TextCorrectedLine lineID="P1_TL00019">
    <OldTextValue>A lake with a Bait roof Isn't frozej?</OldTextValue>
    <NewTextValue>A lake with a salt roof isn't frozen</NewTextValue>
  </TextCorrectedLine>
  <TextCorrectedLine lineID="P1_TL00020">
    <OldTextValue>salt aud it Isn't underground. On tho</OldTextValue>
    <NewTextValue>salt and it isn't underground. On the</NewTextValue>
  </TextCorrectedLine>
  <TextCorrectedLine lineID="P1_TL00024">
    <OldTextValue>the sun Is shining directly upon It,</OldTextValue>
    <NewTextValue>the sun is shining directly upon it.</NewTextValue>
  </TextCorrectedLine>
  <TextCorrectedLine lineID="P1_TL00025">
    <OldTextValue>This wonderful body of water Is one of</OldTextValue>
    <NewTextValue>This wonderful body of water is one of</NewTextValue>
  </TextCorrectedLine>
  <TextCorrectedLine lineID="P1_TL00026">
    <OldTextValue>the saltest of the salt lakes and Is sit-</OldTextValue>
    <NewTextValue>the saltest of the salt lakes and is sit-</NewTextValue>
  </TextCorrectedLine>
  <TextCorrectedLine lineID="P1_TL00028">
    <OldTextValue>Is nine miles wide and seventeen long</OldTextValue>
    <NewTextValue>is nine miles wide and seventeen long</NewTextValue>
  </TextCorrectedLine>
  <TextCorrectedLine lineID="P1_TL00029">
    <OldTextValue>iukl within the memory of man was</OldTextValue>
    <NewTextValue>and within the memory of man was</NewTextValue>
  </TextCorrectedLine>
</TextCorrectedBlock>
<TextCorrectedBlock pageOID="AL19021114.1.1" blockID="P1_TB00006" userID="[redacted]">
  <TextCorrectedLine lineID="P1_TL00040">
    <OldTextValue>tlne. "a man's wife Is In renlity his</OldTextValue>
    <NewTextValue>tlne. "a man's wife is in reality his</NewTextValue>
  </TextCorrectedLine>
  <TextCorrectedLine lineID="P1_TL00042">
    <OldTextValue>are In harmony with each other In af-</OldTextValue>
    <NewTextValue>are in harmony with each other in af-</NewTextValue>
  </TextCorrectedLine>
  <TextCorrectedLine lineID="P1_TL00043">
    <OldTextValue>fection In all material things they rec-</OldTextValue>
    <NewTextValue>fection in all material things they rec-</NewTextValue>
  </TextCorrectedLine>
  <TextCorrectedLine lineID="P1_TL00044">
    <OldTextValue>pgnize that then? fortunes are Irrevoca-</OldTextValue>
    <NewTextValue>ognize that their fortunes are irrevoca-</NewTextValue>
  </TextCorrectedLine>
  <TextCorrectedLine lineID="P1_TL00045">
    <OldTextValue>bly bouud together, that the interests</OldTextValue>
    <NewTextValue>bly bound together, that the interests</NewTextValue>
  </TextCorrectedLine>
  <TextCorrectedLine lineID="P1_TL00047">
    <OldTextValue>each lias just as strong a motive for</OldTextValue>
    <NewTextValue>each has just as strong a motive for</NewTextValue>
  </TextCorrectedLine>
  <TextCorrectedLine lineID="P1_TL00048">
    <OldTextValue>making things go well as has tbe other,</OldTextValue>
    <NewTextValue>making things go well as has the other,</NewTextValue>
  </TextCorrectedLine>
  <TextCorrectedLine lineID="P1_TL00051">
    <OldTextValue>then- private disagreements, but they</OldTextValue>
    <NewTextValue>their private disagreements, but they</NewTextValue>
  </TextCorrectedLine>
</TextCorrectedBlock>
<TextCorrectedBlock pageOID="AL19021114.1.1" blockID="P1_CB00009" userID="[redacted]">
  <TextCorrectedLine lineID="P1_TL01011">
    <OldTextValue>i^HIiIHHSiHiMBRIi</OldTextValue>
    <NewTextValue>THE RED FRONT</NewTextValue>
  </TextCorrectedLine>
  <TextCorrectedLine lineID="P1_TL01012">
    <OldTextValue>Ktt S »■■■—( B m»_4L/ A HVI ' 1 - &lt;rw</OldTextValue>
    <NewTextValue>Jackson's     One Price</NewTextValue>
  </TextCorrectedLine>
  <TextCorrectedLine lineID="P1_TL01013">
    <OldTextValue>H ; ] Cheapest Drygoods. Store: . jig</OldTextValue>
    <NewTextValue>Cheapest Drygoods Store</NewTextValue>
  </TextCorrectedLine>
  <TextCorrectedLine lineID="P1_TL01014">
    <OldTextValue>j| This is the place for square dealings i|</OldTextValue>
    <NewTextValue>This is the place for square dealings</NewTextValue>
  </TextCorrectedLine>
  <TextCorrectedLine lineID="P1_TL01015">
    <OldTextValue>HI We stand on a reputation built up by honest efforts. ':W&gt;</OldTextValue>
    <NewTextValue>We stand on a reputation built up by honest efforts.</NewTextValue>
  </TextCorrectedLine>
  <TextCorrectedLine lineID="P1_TL01016">
    <OldTextValue>H NO BETTER PLAGE FOR SHOES THAN HERE Men's Working . Superb. Showing of !j|</OldTextValue>
    <NewTextValue>NO BETTER PLACE FOR SHOES THAN HERE Men's Working . Superb. Showing of !j|</NewTextValue>
  </TextCorrectedLine>
</TextCorrectedBlock>
