<TextCorrectedBlock pageOID="AL19001207.1.1" blockID="P1_CB00002" userID="[redacted]">
  <TextCorrectedLine lineID="P1_TL00869">
    <OldTextValue>iißiisn</OldTextValue>
    <NewTextValue>OLYMPUS Restaurant and Saloon</NewTextValue>
  </TextCorrectedLine>
  <TextCorrectedLine lineID="P1_TL00874">
    <OldTextValue>THE MARKET -</OldTextValue>
    <NewTextValue>THE MARKET</NewTextValue>
  </TextCorrectedLine>
  <TextCorrectedLine lineID="P1_TL00877">
    <OldTextValue>, ON HAND I '.</OldTextValue>
    <NewTextValue>ON HAND</NewTextValue>
  </TextCorrectedLine>
  <TextCorrectedLine lineID="P1_TL00878">
    <OldTextValue>Cpoi, Sharp Beer 5c a . Glass</OldTextValue>
    <NewTextValue>Cool, Sharp Beer 5c a Glass</NewTextValue>
  </TextCorrectedLine>
  <TextCorrectedLine lineID="P1_TL00880">
    <OldTextValue>for private famlUes.\^</OldTextValue>
    <NewTextValue>for private families.</NewTextValue>
  </TextCorrectedLine>
  <TextCorrectedLine lineID="P1_TL00881">
    <OldTextValue>.</OldTextValue>
    <NewTextValue></NewTextValue>
  </TextCorrectedLine>
  <TextCorrectedLine lineID="P1_TL00882">
    <OldTextValue>Opposite Fostoffiee, Webb Building, Jackson.</OldTextValue>
    <NewTextValue>Opposite Post office, Webb Building, Jackson.</NewTextValue>
  </TextCorrectedLine>
  <TextCorrectedLine lineID="P1_TL00883">
    <OldTextValue>UED TABASH, ,: t .</OldTextValue>
    <NewTextValue>NED TARASH,</NewTextValue>
  </TextCorrectedLine>
  <TextCorrectedLine lineID="P1_TL00885">
    <OldTextValue>F'BE ' ACCIDENT LIFE</OldTextValue>
    <NewTextValue>FIRE  -   ACCIDENT  - LIFE</NewTextValue>
  </TextCorrectedLine>
  <TextCorrectedLine lineID="P1_TL00887">
    <OldTextValue>General Insurance Agent'</OldTextValue>
    <NewTextValue>General Insurance Agent</NewTextValue>
  </TextCorrectedLine>
  <TextCorrectedLine lineID="P1_TL00888">
    <OldTextValue>. " and Searcher of Records</OldTextValue>
    <NewTextValue>and Searcher of Records</NewTextValue>
  </TextCorrectedLine>
  <TextCorrectedLine lineID="P1_TL00889">
    <OldTextValue>i -</OldTextValue>
    <NewTextValue></NewTextValue>
  </TextCorrectedLine>
  <TextCorrectedLine lineID="P1_TL00891">
    <OldTextValue>GLOBE-fIioTEL</OldTextValue>
    <NewTextValue>GLOBE HOTEL</NewTextValue>
  </TextCorrectedLine>
  <TextCorrectedLine lineID="P1_TL00892">
    <OldTextValue>■■ . ■ * '</OldTextValue>
    <NewTextValue></NewTextValue>
  </TextCorrectedLine>
  <TextCorrectedLine lineID="P1_TL00893">
    <OldTextValue>' Corner Main and Court Streets</OldTextValue>
    <NewTextValue>Corner Main and Court Streets</NewTextValue>
  </TextCorrectedLine>
  <TextCorrectedLine lineID="P1_TL00895">
    <OldTextValue>rirst-L-lass m Every Respect</OldTextValue>
    <NewTextValue>First=Class in Every Respect</NewTextValue>
  </TextCorrectedLine>
  <TextCorrectedLine lineID="P1_TL00901">
    <OldTextValue>Abstracts of Mining Properties a Specialty. '</OldTextValue>
    <NewTextValue>Abstracts of Mining Properties a Specialty.</NewTextValue>
  </TextCorrectedLine>
  <TextCorrectedLine lineID="P1_TL00904">
    <OldTextValue>&lt;JAS. JAY WRIGHT</OldTextValue>
    <NewTextValue>JAS. JAY WRIGHT</NewTextValue>
  </TextCorrectedLine>
  <TextCorrectedLine lineID="P1_TL00906">
    <OldTextValue>Plats, Tracings and Blue Prints made • -</OldTextValue>
    <NewTextValue>Plats, Tracings and Blue Prints made</NewTextValue>
  </TextCorrectedLine>
  <TextCorrectedLine lineID="P1_TL00912">
    <OldTextValue>. M-tf | ' ■ p. o. BOX 14</OldTextValue>
    <NewTextValue>P. O. BOX 14</NewTextValue>
  </TextCorrectedLine>
  <TextCorrectedLine lineID="P1_TL00915">
    <OldTextValue>Mines. Bought and Sold - .-" »&gt;'■%*</OldTextValue>
    <NewTextValue>Mines. Bought and Sold  - - -</NewTextValue>
  </TextCorrectedLine>
  <TextCorrectedLine lineID="P1_TL00917">
    <OldTextValue>We make a specialty of unlisted - - ;</OldTextValue>
    <NewTextValue>We make a specialty of unlisted - -</NewTextValue>
  </TextCorrectedLine>
  <TextCorrectedLine lineID="P1_TL00920">
    <OldTextValue>INK OF fIMADOR COUNTY</OldTextValue>
    <NewTextValue>BANK OF AMADOR COUNTY</NewTextValue>
  </TextCorrectedLine>
  <TextCorrectedLine lineID="P1_TL00923">
    <OldTextValue>President. Henry Eudey</OldTextValue>
    <NewTextValue>President. ....  Henry Eudey</NewTextValue>
  </TextCorrectedLine>
  <TextCorrectedLine lineID="P1_TL00924">
    <OldTextValue>Vice-Presldent s. Q. Spagnoll</OldTextValue>
    <NewTextValue>Vice-Presldent ...... S. G. Spagnoli</NewTextValue>
  </TextCorrectedLine>
  <TextCorrectedLine lineID="P1_TL00925">
    <OldTextValue>Secretary and Cashier Frederick Eudey</OldTextValue>
    <NewTextValue>Secretary and Cashier  ..... Frederick Eudey</NewTextValue>
  </TextCorrectedLine>
  <TextCorrectedLine lineID="P1_TL00926">
    <OldTextValue>BOARD OF DIRECTORS: -</OldTextValue>
    <NewTextValue>BOARD OF DIRECTORS:</NewTextValue>
  </TextCorrectedLine>
  <TextCorrectedLine lineID="P1_TL00927">
    <OldTextValue>Henry Eudey, S. G. Spagnoll, John Strohm, C.</OldTextValue>
    <NewTextValue>Henry Eudey, S. G. Spagnoli, John Strohm, C.</NewTextValue>
  </TextCorrectedLine>
  <TextCorrectedLine lineID="P1_TL00932">
    <OldTextValue>curing you against any possible loss from Ore</OldTextValue>
    <NewTextValue>curing you against any possible loss from fire</NewTextValue>
  </TextCorrectedLine>
  <TextCorrectedLine lineID="P1_TL00934">
    <OldTextValue>of jiroteoting your valuables. . : .</OldTextValue>
    <NewTextValue>of protecting your valuables.</NewTextValue>
  </TextCorrectedLine>
  <TextCorrectedLine lineID="P1_TL00941">
    <OldTextValue>tions on foreign exchange. -• . .</OldTextValue>
    <NewTextValue>tions on foreign exchange.</NewTextValue>
  </TextCorrectedLine>
  <TextCorrectedLine lineID="P1_TL00944">
    <OldTextValue>They receive deposits from tSup. Commence</OldTextValue>
    <NewTextValue>They receive deposits from $5 up. Commence</NewTextValue>
  </TextCorrectedLine>
  <TextCorrectedLine lineID="P1_TL00950">
    <OldTextValue>; ;♦♦»♦♦•»•♦♦»•••»♦♦♦♦♦♦•♦)»•</OldTextValue>
    <NewTextValue></NewTextValue>
  </TextCorrectedLine>
  <TextCorrectedLine lineID="P1_TL00951">
    <OldTextValue>4 Jssis^ M. '</OldTextValue>
    <NewTextValue>BUY</NewTextValue>
  </TextCorrectedLine>
  <TextCorrectedLine lineID="P1_TL00952">
    <OldTextValue>i : PURE DRUGS i</OldTextValue>
    <NewTextValue>PURE DRUGS</NewTextValue>
  </TextCorrectedLine>
  <TextCorrectedLine lineID="P1_TL00953">
    <OldTextValue>|j ALWAYS j:</OldTextValue>
    <NewTextValue>ALWAYS</NewTextValue>
  </TextCorrectedLine>
  <TextCorrectedLine lineID="P1_TL00954">
    <OldTextValue>\\ . i 5^ ' ' . ; ;</OldTextValue>
    <NewTextValue></NewTextValue>
  </TextCorrectedLine>
  <TextCorrectedLine lineID="P1_TL00955">
    <OldTextValue>;; Otherwise your ;</OldTextValue>
    <NewTextValue>Otherwise your</NewTextValue>
  </TextCorrectedLine>
  <TextCorrectedLine lineID="P1_TL00956">
    <OldTextValue>;; money is worse than J</OldTextValue>
    <NewTextValue>money is worse than</NewTextValue>
  </TextCorrectedLine>
  <TextCorrectedLine lineID="P1_TL00957">
    <OldTextValue>; ; thrown away. J</OldTextValue>
    <NewTextValue>thrown away.</NewTextValue>
  </TextCorrectedLine>
  <TextCorrectedLine lineID="P1_TL00958">
    <OldTextValue>;; We handle the best, ;</OldTextValue>
    <NewTextValue>We handle the best,</NewTextValue>
  </TextCorrectedLine>
  <TextCorrectedLine lineID="P1_TL00959">
    <OldTextValue>;; the PUREST in the j</OldTextValue>
    <NewTextValue>the PUREST in the</NewTextValue>
  </TextCorrectedLine>
  <TextCorrectedLine lineID="P1_TL00960">
    <OldTextValue>J ; market. We also keep ]</OldTextValue>
    <NewTextValue>market. We also keep</NewTextValue>
  </TextCorrectedLine>
  <TextCorrectedLine lineID="P1_TL00961">
    <OldTextValue>; I a fine large stock of all {</OldTextValue>
    <NewTextValue>a fine large stock of all</NewTextValue>
  </TextCorrectedLine>
  <TextCorrectedLine lineID="P1_TL00962">
    <OldTextValue>{ ; goods usually found J</OldTextValue>
    <NewTextValue>goods usually found</NewTextValue>
  </TextCorrectedLine>
  <TextCorrectedLine lineID="P1_TL00963">
    <OldTextValue>J ; in drug stores; reason- ]</OldTextValue>
    <NewTextValue>in drug stores; reason-</NewTextValue>
  </TextCorrectedLine>
  <TextCorrectedLine lineID="P1_TL00964">
    <OldTextValue>j;' able prices. J</OldTextValue>
    <NewTextValue>able prices.</NewTextValue>
  </TextCorrectedLine>
  <TextCorrectedLine lineID="P1_TL00965">
    <OldTextValue>J ; All the latest maga- J</OldTextValue>
    <NewTextValue>All the latest maga-</NewTextValue>
  </TextCorrectedLine>
  <TextCorrectedLine lineID="P1_TL00966">
    <OldTextValue>J ; zincs and periodicals. ;</OldTextValue>
    <NewTextValue>zines and periodicals.</NewTextValue>
  </TextCorrectedLine>
  <TextCorrectedLine lineID="P1_TL00967">
    <OldTextValue>; I buy at^^&gt; ;</OldTextValue>
    <NewTextValue>Buy at;</NewTextValue>
  </TextCorrectedLine>
  <TextCorrectedLine lineID="P1_TL00968">
    <OldTextValue>iITHE CITY PHARMACY, j</OldTextValue>
    <NewTextValue>THE CITY PHARMACY,</NewTextValue>
  </TextCorrectedLine>
  <TextCorrectedLine lineID="P1_TL00969">
    <OldTextValue>! I HOBEET I. KEEB ',</OldTextValue>
    <NewTextValue>ROBERT I. KERR</NewTextValue>
  </TextCorrectedLine>
  <TextCorrectedLine lineID="P1_TL00970">
    <OldTextValue>! \ Main Street — — JACKSON ] '</OldTextValue>
    <NewTextValue>Main Street — — JACKSON</NewTextValue>
  </TextCorrectedLine>
</TextCorrectedBlock>
<TextCorrectedBlock pageOID="AL19001207.1.1" blockID="P1_CB00003" userID="[redacted]">
  <TextCorrectedLine lineID="P1_TL00974">
    <OldTextValue>:"..V Jackson, Cal. v</OldTextValue>
    <NewTextValue>Jackson, Cal.</NewTextValue>
  </TextCorrectedLine>
  <TextCorrectedLine lineID="P1_TL00975">
    <OldTextValue>Office in Marelia building, corner Msln and</OldTextValue>
    <NewTextValue>Office in Marelia building, corner Main and Court streets</NewTextValue>
  </TextCorrectedLine>
  <TextCorrectedLine lineID="P1_TL00976">
    <OldTextValue>T\ B. SPAGNOLI</OldTextValue>
    <NewTextValue>D. B. SPAGNOLI</NewTextValue>
  </TextCorrectedLine>
  <TextCorrectedLine lineID="P1_TL00978">
    <OldTextValue>Jackson, Cai*. • .</OldTextValue>
    <NewTextValue>Jackson, Cal.</NewTextValue>
  </TextCorrectedLine>
  <TextCorrectedLine lineID="P1_TL00979">
    <OldTextValue>•■■"*. . ■ - - '!.''-</OldTextValue>
    <NewTextValue></NewTextValue>
  </TextCorrectedLine>
  <TextCorrectedLine lineID="P1_TL00981">
    <OldTextValue>Offlw^ Spagnoli building, opposite Hallof</OldTextValue>
    <NewTextValue>Office : Spagnoli building, opposite Hall of Records</NewTextValue>
  </TextCorrectedLine>
  <TextCorrectedLine lineID="P1_TL00982">
    <OldTextValue>a' caminetti</OldTextValue>
    <NewTextValue>A. CAMINETTI</NewTextValue>
  </TextCorrectedLine>
  <TextCorrectedLine lineID="P1_TL00983">
    <OldTextValue>Attorney mnd Counselor at Law</OldTextValue>
    <NewTextValue>Attorney and Counselor at Law</NewTextValue>
  </TextCorrectedLine>
  <TextCorrectedLine lineID="P1_TL00986">
    <OldTextValue>T3OBEKT C. BOLE ■■'■'</OldTextValue>
    <NewTextValue>ROBERT C. BOLE</NewTextValue>
  </TextCorrectedLine>
  <TextCorrectedLine lineID="P1_TL00987">
    <OldTextValue>&gt; Attoraay-at.Law .</OldTextValue>
    <NewTextValue>Attorney-at.Law .</NewTextValue>
  </TextCorrectedLine>
  <TextCorrectedLine lineID="P1_TL00988">
    <OldTextValue>: Jackson, Cal.</OldTextValue>
    <NewTextValue>Jackson, Cal.</NewTextValue>
  </TextCorrectedLine>
  <TextCorrectedLine lineID="P1_TL00989">
    <OldTextValue>O?? 8 : Farley building, Summit street.</OldTextValue>
    <NewTextValue>Office  : Farley building, Summit street.</NewTextValue>
  </TextCorrectedLine>
  <TextCorrectedLine lineID="P1_TL00990">
    <OldTextValue>jq-Eii. a. BtAvgvAßßiK ',' ~,;v</OldTextValue>
    <NewTextValue>NEIL A. MACQUARRIE</NewTextValue>
  </TextCorrectedLine>
  <TextCorrectedLine lineID="P1_TL00992">
    <OldTextValue>' Jacksoh, Cal. '</OldTextValue>
    <NewTextValue>Jackson, Cal.</NewTextValue>
  </TextCorrectedLine>
  <TextCorrectedLine lineID="P1_TL00993">
    <OldTextValue>Office: ; Spagnoll block, Courthoiiie square.</OldTextValue>
    <NewTextValue>Office: Spagnoll block, Courthouse square.</NewTextValue>
  </TextCorrectedLine>
  <TextCorrectedLine lineID="P1_TL00994">
    <OldTextValue>X W. CALDWBIX,^- . ,</OldTextValue>
    <NewTextValue>J. W. Caldwell</NewTextValue>
  </TextCorrectedLine>
  <TextCorrectedLine lineID="P1_TL00995">
    <OldTextValue>. , _;.; Attoraeyst-Idiw</OldTextValue>
    <NewTextValue>Attorney-at-Law</NewTextValue>
  </TextCorrectedLine>
  <TextCorrectedLine lineID="P1_TL00996">
    <OldTextValue> Jacksoh, Cal. '</OldTextValue>
    <NewTextValue> Jackson, Cal.</NewTextValue>
  </TextCorrectedLine>
  <TextCorrectedLine lineID="P1_TL00998">
    <OldTextValue>TOHM '. F. DAVIS «</OldTextValue>
    <NewTextValue>JOHN  F. DAVIS</NewTextValue>
  </TextCorrectedLine>
  <TextCorrectedLine lineID="P1_TL01000">
    <OldTextValue>Jackson, Cal. a</OldTextValue>
    <NewTextValue>Jackson, Cal.</NewTextValue>
  </TextCorrectedLine>
  <TextCorrectedLine lineID="P1_TL01001">
    <OldTextValue>- . . . . - .■ 1</OldTextValue>
    <NewTextValue></NewTextValue>
  </TextCorrectedLine>
  <TextCorrectedLine lineID="P1_TL01003">
    <OldTextValue>JACOB t. : SARGENT</OldTextValue>
    <NewTextValue>JACOB L. SARGENT</NewTextValue>
  </TextCorrectedLine>
  <TextCorrectedLine lineID="P1_TL01004">
    <OldTextValue>'V* ——ATTORNEY ''" ;</OldTextValue>
    <NewTextValue>—— ATTORNEY --</NewTextValue>
  </TextCorrectedLine>
  <TextCorrectedLine lineID="P1_TL01005">
    <OldTextValue>jackson, Cal.' '</OldTextValue>
    <NewTextValue>jackson, Cal.</NewTextValue>
  </TextCorrectedLine>
  <TextCorrectedLine lineID="P1_TL01007">
    <OldTextValue>-■»^-^^ J^~.. . ■ ■,r&gt;Ai-w-&gt;r&gt;'n&gt;o ( n.r&gt;.i^i ILi-i_i-«jo».1 Li-i_i-«jo».</OldTextValue>
    <NewTextValue></NewTextValue>
  </TextCorrectedLine>
  <TextCorrectedLine lineID="P1_TL01008">
    <OldTextValue>TTIUJA CLOCOH ,■'. ■■ ._ , [ ,</OldTextValue>
    <NewTextValue>HILDA CLOUGH</NewTextValue>
  </TextCorrectedLine>
  <TextCorrectedLine lineID="P1_TL01009">
    <OldTextValue>Stenographer and Notary PnbUe</OldTextValue>
    <NewTextValue>Stenographer and Notary Public</NewTextValue>
  </TextCorrectedLine>
  <TextCorrectedLine lineID="P1_TL01010">
    <OldTextValue>Jackson, cal. . ;</OldTextValue>
    <NewTextValue>Jackson, Cal.</NewTextValue>
  </TextCorrectedLine>
  <TextCorrectedLine lineID="P1_TL01012">
    <OldTextValue>..:;|.-..r.; % .-.r. fli- !■• _■</OldTextValue>
    <NewTextValue></NewTextValue>
  </TextCorrectedLine>
  <TextCorrectedLine lineID="P1_TL01013">
    <OldTextValue>DOCTORS. I</OldTextValue>
    <NewTextValue>DOCTORS.</NewTextValue>
  </TextCorrectedLine>
  <TextCorrectedLine lineID="P1_TL01014">
    <OldTextValue>JJ E. ENDICOTT.M. D. , L</OldTextValue>
    <NewTextValue>E.  E. ENDICOTT.M. D.</NewTextValue>
  </TextCorrectedLine>
  <TextCorrectedLine lineID="P1_TL01015">
    <OldTextValue>: .' • : ''- Physician and Surgeon ;</OldTextValue>
    <NewTextValue>Physician and Surgeon</NewTextValue>
  </TextCorrectedLine>
  <TextCorrectedLine lineID="P1_TL01017">
    <OldTextValue>T\B. E. V. LONIGO</OldTextValue>
    <NewTextValue>DR. E. V. LONIGO</NewTextValue>
  </TextCorrectedLine>
  <TextCorrectedLine lineID="P1_TL01019">
    <OldTextValue>Jackson, Cal. '</OldTextValue>
    <NewTextValue>Jackson, Cal.</NewTextValue>
  </TextCorrectedLine>
</TextCorrectedBlock>
