<TextCorrectedBlock pageOID="C18470128.1.1" blockID="P1_TB00002" userID="[redacted]">
  <TextCorrectedLine lineID="P1_TL00002">
    <OldTextValue>MONTEREY, THURSD AY, .JAM'JiKY Sa ifcH</OldTextValue>
    <NewTextValue>MONTEREY, THURSDAY, JANUARY 28, 1847.</NewTextValue>
  </TextCorrectedLine>
</TextCorrectedBlock>
<TextCorrectedBlock pageOID="C18470128.1.1" blockID="P1_TB00003" userID="[redacted]">
  <TextCorrectedLine lineID="P1_TL00003">
    <OldTextValue>NEWS FROM THE SEAT OF WA R.</OldTextValue>
    <NewTextValue>NEWS FROM THE SEAT OF WAR.</NewTextValue>
  </TextCorrectedLine>
</TextCorrectedBlock>
<TextCorrectedBlock pageOID="C18470128.1.1" blockID="P1_TB00004" userID="[redacted]">
  <TextCorrectedLine lineID="P1_TL00004">
    <OldTextValue>|' We Lavs reo«iv«d by -special, messenger , th* result of I</OldTextValue>
    <NewTextValue>We have received by special messenger the result of</NewTextValue>
  </TextCorrectedLine>
  <TextCorrectedLine lineID="P1_TL00005">
    <OldTextValue>: the engagement near lbs Pueblo de los Aagcios, between!</OldTextValue>
    <NewTextValue>the engagement near the Pueblo de los Angelos, between</NewTextValue>
  </TextCorrectedLine>
  <TextCorrectedLine lineID="P1_TL00006">
    <OldTextValue>the American Forces under command of .Commodore •</OldTextValue>
    <NewTextValue>the American Forces under command of Commodore</NewTextValue>
  </TextCorrectedLine>
  <TextCorrectedLine lineID="P1_TL00007">
    <OldTextValue>Stork ton 'and the Calilorniaot, commended by General,</OldTextValue>
    <NewTextValue>Stockton and the Californians, commanded by General</NewTextValue>
  </TextCorrectedLine>
  <TextCorrectedLine lineID="P1_TL00008">
    <OldTextValue>Flnre*. We consider the war in California at' an end</OldTextValue>
    <NewTextValue>Flores. We consider the war in California at an end.</NewTextValue>
  </TextCorrectedLine>
  <TextCorrectedLine lineID="P1_TL00009">
    <OldTextValue>It viill I*be1 *be the!ir.':t effort of Commodore Shubri«k, now</OldTextValue>
    <NewTextValue>It will be the the first effort of Commodore Shubrick, now</NewTextValue>
  </TextCorrectedLine>
  <TextCorrectedLine lineID="P1_TL00010">
    <OldTextValue>Commander-in-Chief,' to establish a civil government, a</OldTextValue>
    <NewTextValue>Commander-in-Chief, to establish a civil government, a</NewTextValue>
  </TextCorrectedLine>
  <TextCorrectedLine lineID="P1_TL00011">
    <OldTextValue>duty for which .he is. emir.en tly . qualified, fciwrwrnoßore</OldTextValue>
    <NewTextValue>duty for which he is eminently qualified. Commodore</NewTextValue>
  </TextCorrectedLine>
  <TextCorrectedLine lineID="P1_TL00012">
    <OldTextValue>Stockton has performed a brilliant - achievement in f bis</OldTextValue>
    <NewTextValue>Stockton has performed a brilliant  achievement in his</NewTextValue>
  </TextCorrectedLine>
  <TextCorrectedLine lineID="P1_TL00013">
    <OldTextValue>march front San Diego to the Pueblo de lot Angelas, and</OldTextValue>
    <NewTextValue>march from San Diego to the Pueblo de los Angelos, and</NewTextValue>
  </TextCorrectedLine>
  <TextCorrectedLine lineID="P1_TL00014">
    <OldTextValue>in Ins signal sueccss orer a resolute enemy. The following</OldTextValue>
    <NewTextValue>in his signal success over a resolute enemy. The following</NewTextValue>
  </TextCorrectedLine>
  <TextCorrectedLine lineID="P1_TL00015">
    <OldTextValue>is hit • -■:-'■■ : : \ ■ . //'';&gt;</OldTextValue>
    <NewTextValue>is his</NewTextValue>
  </TextCorrectedLine>
</TextCorrectedBlock>
<TextCorrectedBlock pageOID="C18470128.1.1" blockID="P1_TB00004" userID="[redacted]">
  <TextCorrectedLine lineID="P1_TL00017">
    <OldTextValue>Tho Commander-in-Chief congratulates the Officers and</OldTextValue>
    <NewTextValue>The Commander-in-Chief congratulates the Officers and</NewTextValue>
  </TextCorrectedLine>
  <TextCorrectedLine lineID="P1_TL00018">
    <OldTextValue>Men •( the Southern Division •) the U. S. Forces in</OldTextValue>
    <NewTextValue>Men of the Southern Division of the U. S. Forces in</NewTextValue>
  </TextCorrectedLine>
  <TextCorrectedLine lineID="P1_TL00019">
    <OldTextValue>California, or,ik» briliant victories obtained fey then over'</OldTextValue>
    <NewTextValue>California, on the brilliant victories obtained by them over</NewTextValue>
  </TextCorrectedLine>
  <TextCorrectedLine lineID="P1_TL00020">
    <OldTextValue>the enemy en the Bth and 9th .iiut.,' and &lt;*■ once more</OldTextValue>
    <NewTextValue>the enemy on the 8th and 9th inst., and on once more</NewTextValue>
  </TextCorrectedLine>
  <TextCorrectedLine lineID="P1_TL00021">
    <OldTextValue>taking p*s*es»i«n of the. "Ciudad de lot lug*lei." ' ■' .</OldTextValue>
    <NewTextValue>taking possession of the "Ciudad de los Angelos."</NewTextValue>
  </TextCorrectedLine>
  <TextCorrectedLine lineID="P1_TL00022">
    <OldTextValue>. He takes th« earliest moment to commend their ga!-</OldTextValue>
    <NewTextValue>He takes the earliest moment to commend their gal-</NewTextValue>
  </TextCorrectedLine>
  <TextCorrectedLine lineID="P1_TL00023">
    <OldTextValue>let-try and good coducl both in the battle fought on; the</OldTextValue>
    <NewTextValue>lantry and good coduct both in the battle fought on the</NewTextValue>
  </TextCorrectedLine>
  <TextCorrectedLine lineID="P1_TL00024">
    <OldTextValue>Btb inst., nn the bunks of the "Rio Saa Gabriel," and no</OldTextValue>
    <NewTextValue>8th inst., on the banks of the "Rio San Gabriel," and on</NewTextValue>
  </TextCorrectedLine>
  <TextCorrectedLine lineID="P1_TL00025">
    <OldTextValue>the 9th inst, en the plains «&gt;f the 'Mesa." . ■ . '.; |</OldTextValue>
    <NewTextValue>the 9th inst, on the plains of the "Mesa."</NewTextValue>
  </TextCorrectedLine>
  <TextCorrectedLine lineID="P1_TL00026">
    <OldTextValue>%] he steady'courage of the troops iii forcing their paaa-j</OldTextValue>
    <NewTextValue>The steady courage of the troops in forcing their pass-</NewTextValue>
  </TextCorrectedLine>
  <TextCorrectedLine lineID="P1_TL00027">
    <OldTextValue>agjfc afrmpth^ '\Ki», S«.n Gagriti.'fvwhjero -Officers -antjj'</OldTextValue>
    <NewTextValue>age across "Rio San Gagriel," where Officers and</NewTextValue>
  </TextCorrectedLine>
  <TextCorrectedLine lineID="P1_TL00028">
    <OldTextValue>men were alike employed in dragging the guns through j</OldTextValue>
    <NewTextValue>men were alike employed in dragging the guns through</NewTextValue>
  </TextCorrectedLine>
  <TextCorrectedLine lineID="P1_TL00029">
    <OldTextValue>.the water against the ; galling fire of the en*my without</OldTextValue>
    <NewTextValue>the water against the galling fire of the enemy without</NewTextValue>
  </TextCorrectedLine>
  <TextCorrectedLine lineID="P1_TL00030">
    <OldTextValue>exeliangeing a f hot, and their gallent charge up the bank*</OldTextValue>
    <NewTextValue>exchanging a shot, and their gallant charge up the banks</NewTextValue>
  </TextCorrectedLine>
  <TextCorrectedLine lineID="P1_TL00031">
    <OldTextValue>against the enemy* cavalry, ha* perhaps never been sur- .</OldTextValue>
    <NewTextValue>against the enemy's cavalry, has perhaps never been sur-</NewTextValue>
  </TextCorrectedLine>
  <TextCorrectedLine lineID="P1_TL00032">
    <OldTextValue>paired— anil the cool d«teniii«etion nitliwkith in thej</OldTextValue>
    <NewTextValue>passed— and the cool determination with which in the</NewTextValue>
  </TextCorrectedLine>
  <TextCorrectedLine lineID="P1_TL00033">
    <OldTextValue>battle of the 9th they J repulsed &gt; the charge of cavalry j</OldTextValue>
    <NewTextValue>battle of the 9th they repulsed the charge of cavalry</NewTextValue>
  </TextCorrectedLine>
  <TextCorrectedLine lineID="P1_TL00034">
    <OldTextValue>made by ilic enemy tit the snme time on their frent and</OldTextValue>
    <NewTextValue>made by the enemy at the same time on their front and</NewTextValue>
  </TextCorrectedLine>
  <TextCorrectedLine lineID="P1_TL00035">
    <OldTextValue>rear, »a* exturtetMjio admiration of the #n*:.-y, and des-</OldTextValue>
    <NewTextValue>rear, has extorted the admiration of the enemy, and des-</NewTextValue>
  </TextCorrectedLine>
  <TextCorrectedLine lineID="P1_TL00036">
    <OldTextValue>erve* the bust thank* of theii, countrymen! </OldTextValue>
    <NewTextValue>erves the best thanks of their countrymen.</NewTextValue>
  </TextCorrectedLine>
  <TextCorrectedLine lineID="P1_TL00037">
    <OldTextValue>Head Quarter*, ; '" "R. F. STOCKTON, .": 'i</OldTextValue>
    <NewTextValue>Head Quarters,                       R. F. STOCKTON,</NewTextValue>
  </TextCorrectedLine>
  <TextCorrectedLine lineID="P1_TL00038">
    <OldTextValue>Ciudap de lo* Angelo*-, i • Governor and, 'j; '.O':.|</OldTextValue>
    <NewTextValue>Ciudad de los Angelos,      Governor and</NewTextValue>
  </TextCorrectedLine>
  <TextCorrectedLine lineID="P1_TL00039">
    <OldTextValue>January IMb 1847. . Commander in Chief j</OldTextValue>
    <NewTextValue>January 11th 1847.                Commander in Chief</NewTextValue>
  </TextCorrectedLine>
  <TextCorrectedLine lineID="P1_TL00040">
    <OldTextValue>••:•-.* j, :;-i:: ;-i: ! .of the Tot ritary of California.</OldTextValue>
    <NewTextValue>of the Territory of California.</NewTextValue>
  </TextCorrectedLine>
</TextCorrectedBlock>
<TextCorrectedBlock pageOID="C18470128.1.1" blockID="P1_TB00004" userID="[redacted]">
  <TextCorrectedLine lineID="P1_TL00041">
    <OldTextValue>The following lettej i* from an .Officer attaehenJo the</OldTextValue>
    <NewTextValue>The following letter is from an Officer attached to the</NewTextValue>
  </TextCorrectedLine>
  <TextCorrectedLine lineID="P1_TL00042">
    <OldTextValue>commasd of Kominodere Stockton and describes with</OldTextValue>
    <NewTextValue>command of Commodore Stockton and describes with</NewTextValue>
  </TextCorrectedLine>
  <TextCorrectedLine lineID="P1_TL00043">
    <OldTextValue>graphir force the engagement which took: place on the</OldTextValue>
    <NewTextValue>graphic force the engagement which took place on the</NewTextValue>
  </TextCorrectedLine>
  <TextCorrectedLine lineID="P1_TL00044">
    <OldTextValue>march to : jhe Pueblo: /" ' J</OldTextValue>
    <NewTextValue>march to the Pueblo:</NewTextValue>
  </TextCorrectedLine>
  <TextCorrectedLine lineID="P1_TL00045">
    <OldTextValue>CIDDAD,i)I LOS ANGELES, Jan'y. 14, 1847.</OldTextValue>
    <NewTextValue>CIUDAD DE LOS ANGELES, Jan'y. 14, 1847.</NewTextValue>
  </TextCorrectedLine>
  <TextCorrectedLine lineID="P1_TL00046">
    <OldTextValue>I seue'the moment to write you a few'ha»ty lines which</OldTextValue>
    <NewTextValue>I seize the moment to write you a few' hasty lines which</NewTextValue>
  </TextCorrectedLine>
  <TextCorrectedLine lineID="P1_TL00047">
    <OldTextValue>way possibly reach you through the agency of i friend.—</OldTextValue>
    <NewTextValue>may possibly reach you through the agency of a friend.</NewTextValue>
  </TextCorrectedLine>
  <TextCorrectedLine lineID="P1_TL00048">
    <OldTextValue>In my lmt you were informed of the .outbreak of the in-</OldTextValue>
    <NewTextValue>In my last you were informed of the outbreak of the in-</NewTextValue>
  </TextCorrectedLine>
  <TextCorrectedLine lineID="P1_TL00049">
    <OldTextValue>surgents of California and the trouble ne should have</OldTextValue>
    <NewTextValue>surgents of California and the trouble we should have</NewTextValue>
  </TextCorrectedLine>
  <TextCorrectedLine lineID="P1_TL00050">
    <OldTextValue>for our Con medore to quell 'thtm. The plsa e»i</OldTextValue>
    <NewTextValue>for our Commodore to quell them. The plan of</NewTextValue>
  </TextCorrectedLine>
  <TextCorrectedLine lineID="P1_TL00051">
    <OldTextValue>Commodore Stockton «&gt;f which i informed you a few</OldTextValue>
    <NewTextValue>Commodore Stockton of which l informed you a few</NewTextValue>
  </TextCorrectedLine>
  <TextCorrectedLine lineID="P1_TL00053">
    <OldTextValue>oes at hi*&gt; aommnnd amounting to about 600, including' tin</OldTextValue>
    <NewTextValue>ces at his command amounting to about 600, including the</NewTextValue>
  </TextCorrectedLine>
  <TextCorrectedLine lineID="P1_TL00054">
    <OldTextValue>detachment of the Ist Regiment of U. S. Dragoons undei</OldTextValue>
    <NewTextValue>detachment of the 1st Regiment of U. S. Dragoons under</NewTextValue>
  </TextCorrectedLine>
  <TextCorrectedLine lineID="P1_TL00055">
    <OldTextValue>Gen. Kearney, he left - Sin f)i«&lt;g« on the morning ef the</OldTextValue>
    <NewTextValue>Gen. Kearney, he left San Diego on the morning of the</NewTextValue>
  </TextCorrectedLine>
  <TextCorrectedLine lineID="P1_TL00056">
    <OldTextValue>29th December tieterminail nguin to .'enUr the t'apilal</OldTextValue>
    <NewTextValue>29th December determined again to entr the Capital</NewTextValue>
  </TextCorrectedLine>
  <TextCorrectedLine lineID="P1_TL00057">
    <OldTextValue>take possession and put down' the iHsuircetien. Our lino</OldTextValue>
    <NewTextValue>take possession and put down the insurrection. Our line</NewTextValue>
  </TextCorrectedLine>
  <TextCorrectedLine lineID="P1_TL00058">
    <OldTextValue>of march was tbiough a rough und mounuineous cenntiy</OldTextValue>
    <NewTextValue>of march was though a rough and mountainous country</NewTextValue>
  </TextCorrectedLine>
  <TextCorrectedLine lineID="P1_TL00059">
    <OldTextValue>of nearly 150 miles with impediments on «very side, to *ay</OldTextValue>
    <NewTextValue>of nearly 150 miles with impediments on every side, to say</NewTextValue>
  </TextCorrectedLine>
  <TextCorrectedLine lineID="P1_TL00060">
    <OldTextValue>Birthing of the constant apprehen»ions of atu&lt; k both day</OldTextValue>
    <NewTextValue>nothing of the constant apprehensions of attack both day</NewTextValue>
  </TextCorrectedLine>
  <TextCorrectedLine lineID="P1_TL00061">
    <OldTextValue>and nighl by our eucmy, on the nay our marvb was n«&gt;t-</OldTextValue>
    <NewTextValue>and night by our enemy, on the way our march was not</NewTextValue>
  </TextCorrectedLine>
  <TextCorrectedLine lineID="P1_TL00062">
    <OldTextValue>withttandii'g rapid, mid • (though perfoiinud mostly by nai-</OldTextValue>
    <NewTextValue>withstanding rapid, and although performed mostly by sai-</NewTextValue>
  </TextCorrectedLine>
  <TextCorrectedLine lineID="P1_TL00063">
    <OldTextValue>|»&gt;r troops, would hwv* 1 don« credit to the b&gt;&lt;st trxiiitd army</OldTextValue>
    <NewTextValue>lor troops, would have done credit to the best trained army</NewTextValue>
  </TextCorrectedLine>
  <TextCorrectedLine lineID="P1_TL00064">
    <OldTextValue>im the world. On the morning «f the $th Jhnuar», we</OldTextValue>
    <NewTextValue>in the world. On the morning of the 8th January, we</NewTextValue>
  </TextCorrectedLine>
  <TextCorrectedLine lineID="P1_TL00065">
    <OldTextValue>ftiunil ourn-lvfs after several cays hard Wan hing and fa-</OldTextValue>
    <NewTextValue>found ourselves after several days hard marching and fa-</NewTextValue>
  </TextCorrectedLine>
  <TextCorrectedLine lineID="P1_TL00066">
    <OldTextValue>tigue in llie viciiMty of the river of S»r Gabriel) »rt the</OldTextValue>
    <NewTextValue>tigue in the vicinity of the river of San Gabriel, on the</NewTextValue>
  </TextCorrectedLine>
  <TextCorrectedLine lineID="P1_TL00067">
    <OldTextValue>noah hank of which" the et-etny bad f&lt;.rtifi*o th»m»&lt;»lve» to</OldTextValue>
    <NewTextValue>north bank of which the enemy had fortified themselves to</NewTextValue>
  </TextCorrectedLine>
  <TextCorrectedLine lineID="P1_TL00068">
    <OldTextValue>the nuu.brr of 6(,0 u«-ll n&gt;ountrd men, with 4 [Meets of</OldTextValue>
    <NewTextValue>the number of 500 well mounted men, with 4 pieces of</NewTextValue>
  </TextCorrectedLine>
  <TextCorrectedLine lineID="P1_TL00069">
    <OldTextValue>muik-iy,6r.d in a n&gt;fiti(;u *° n.u:cij.j; that it !tci»;e«l</OldTextValue>
    <NewTextValue>artillery, and in a position so commanding that it seemed</NewTextValue>
  </TextCorrectedLine>
</TextCorrectedBlock>
<TextCorrectedBlock pageOID="C18470128.1.1" blockID="P1_TB00005" userID="[redacted]">
  <TextCorrectedLine lineID="P1_TL00071">
    <OldTextValue>protected from the most galling- firo of their artillery, they</OldTextValue>
    <NewTextValue>protected from the most galling fire of their artillery, they</NewTextValue>
  </TextCorrectedLine>
  <TextCorrectedLine lineID="P1_TL00076">
    <OldTextValue>wboie tine advanced while a skirmish was kept up by a</OldTextValue>
    <NewTextValue>whole line advanced while a skirmish was kept up by a</NewTextValue>
  </TextCorrectedLine>
  <TextCorrectedLine lineID="P1_TL00077">
    <OldTextValue>party of th« enemy aid a detachment of our riflemen. On</OldTextValue>
    <NewTextValue>party of the enemy and a detachment of our riflemen. On</NewTextValue>
  </TextCorrectedLine>
  <TextCorrectedLine lineID="P1_TL00078">
    <OldTextValue>reaching the south side of the |river, the Commodore</OldTextValue>
    <NewTextValue>reaching the south side of the river, the Commodore</NewTextValue>
  </TextCorrectedLine>
  <TextCorrectedLine lineID="P1_TL00080">
    <OldTextValue>pars over, which they did promptly, tinder the brisk fire</OldTextValue>
    <NewTextValue>pass over, which they did promptly, under the brisk fire</NewTextValue>
  </TextCorrectedLine>
  <TextCorrectedLine lineID="P1_TL00081">
    <OldTextValue>of -the'enemy'sgartillery en the opposite bank. The Com-</OldTextValue>
    <NewTextValue>of the enemy's artillery on the opposite bank. The Com-</NewTextValue>
  </TextCorrectedLine>
</TextCorrectedBlock>
<TextCorrectedBlock pageOID="C18470128.1.1" blockID="P1_TB00005" userID="[redacted]">
  <TextCorrectedLine lineID="P1_TL00083">
    <OldTextValue>til the opposite side of the liver wat gained, soon as that</OldTextValue>
    <NewTextValue>til the opposite side of the river was gained, as soon as that</NewTextValue>
  </TextCorrectedLine>
  <TextCorrectedLine lineID="P1_TL00085">
    <OldTextValue>in the te«th of the enemy's gnus, which coon resulted in</OldTextValue>
    <NewTextValue>in the teeth of the enemy's guns, which soon resulted in</NewTextValue>
  </TextCorrectedLine>
  <TextCorrectedLine lineID="P1_TL00086">
    <OldTextValue>the entire possession1 of the prominent point they lud just</OldTextValue>
    <NewTextValue>the entire possession of the prominent point they had just</NewTextValue>
  </TextCorrectedLine>
  <TextCorrectedLine lineID="P1_TL00087">
    <OldTextValue>occupied. A a attempt was made by the 4'ahforniani to</OldTextValue>
    <NewTextValue>occupied. An attempt was made by the Californians to</NewTextValue>
  </TextCorrectedLine>
  <TextCorrectedLine lineID="P1_TL00088">
    <OldTextValue>cut off «ur pack horses and cattle ■■ the rear. All of</OldTextValue>
    <NewTextValue>cut off our pack horses and cattle in the rear. All of</NewTextValue>
  </TextCorrectedLine>
  <TextCorrectedLine lineID="P1_TL00089">
    <OldTextValue>which, however, with the exception of a few borset, were</OldTextValue>
    <NewTextValue>which, however, with the exception of a few horses, were</NewTextValue>
  </TextCorrectedLine>
  <TextCorrectedLine lineID="P1_TL00091">
    <OldTextValue>am not surlieiontly skilled in military tactics to give a defi-</OldTextValue>
    <NewTextValue>am not sufficiently skilled in military tactics to give a defi-</NewTextValue>
  </TextCorrectedLine>
  <TextCorrectedLine lineID="P1_TL00092">
    <OldTextValue>nite aocount of the battle; but the skill in maiiSgeaicat and</OldTextValue>
    <NewTextValue>nite aocount of the battle; but the skill in management and</NewTextValue>
  </TextCorrectedLine>
  <TextCorrectedLine lineID="P1_TL00093">
    <OldTextValue>determined courage and bravity ef our Commodore gave</OldTextValue>
    <NewTextValue>determined courage and bravity of our Commodore gave</NewTextValue>
  </TextCorrectedLine>
  <TextCorrectedLine lineID="P1_TL00094">
    <OldTextValue>to all the fullest confidence of a vietoricus result of this</OldTextValue>
    <NewTextValue>to all the fullest confidence of a victorious result of this</NewTextValue>
  </TextCorrectedLine>
  <TextCorrectedLine lineID="P1_TL00097">
    <OldTextValue>rior skill in gunnery aim fondness] ef exercising "big guns"</OldTextValue>
    <NewTextValue>rior skill in gunnery and fondness of exercising "big guns"</NewTextValue>
  </TextCorrectedLine>
  <TextCorrectedLine lineID="P1_TL00098">
    <OldTextValue>never 'appeared to greater vantage than on this occasion,)</OldTextValue>
    <NewTextValue>never appeared to greater advantage than on this occasion,)</NewTextValue>
  </TextCorrectedLine>
  <TextCorrectedLine lineID="P1_TL00100">
    <OldTextValue>its thunder in our mid«t; finding the hill in our possession</OldTextValue>
    <NewTextValue>its thunder in our midst; finding the hill in our possession</NewTextValue>
  </TextCorrectedLine>
  <TextCorrectedLine lineID="P1_TL00101">
    <OldTextValue>and our artillery having gained tho desired point a can-</OldTextValue>
    <NewTextValue>and our artillery having gained the desired point a can-</NewTextValue>
  </TextCorrectedLine>
  <TextCorrectedLine lineID="P1_TL00102">
    <OldTextValue>noi «uii;g mas now kept U|&gt; for some time: th* Commodoro</OldTextValue>
    <NewTextValue>nonading was now kept up for some time: the Commodore</NewTextValue>
  </TextCorrectedLine>
  <TextCorrectedLine lineID="P1_TL00103">
    <OldTextValue>cftiuiruing to aim the guns, ordering hi« men to lay down</OldTextValue>
    <NewTextValue>continuing to aim the guns, ordering his men to lay down</NewTextValue>
  </TextCorrectedLine>
  <TextCorrectedLine lineID="P1_TL00104">
    <OldTextValue>until the moment he was ready to fire, by''whieh mtnns</OldTextValue>
    <NewTextValue>until the moment he was ready to fire, by which means</NewTextValue>
  </TextCorrectedLine>
  <TextCorrectedLine lineID="P1_TL00105">
    <OldTextValue>many,valuable and brave fellows' lives were »aved, as the</OldTextValue>
    <NewTextValue>many valuable and brave fellows' lives were saved, as the</NewTextValue>
  </TextCorrectedLine>
  <TextCorrectedLine lineID="P1_TL00106">
    <OldTextValue>CuliforuU'us.'coiitiriued for tome tin« to fire their artillery</OldTextValue>
    <NewTextValue>Californians continued for some time to fire their artillery</NewTextValue>
  </TextCorrectedLine>
  <TextCorrectedLine lineID="P1_TL00107">
    <OldTextValue>with'much offtrut. For brevity I must leave out many</OldTextValue>
    <NewTextValue>with much efftect. For brevity I must leave out many</NewTextValue>
  </TextCorrectedLine>
  <TextCorrectedLine lineID="P1_TL00108">
    <OldTextValue>particulars. Having driven our enemy before us, we. now</OldTextValue>
    <NewTextValue>particulars. Having driven our enemy before us, we now</NewTextValue>
  </TextCorrectedLine>
  <TextCorrectedLine lineID="P1_TL00109">
    <OldTextValue>made our camp for the nighi the very hill th»y had</OldTextValue>
    <NewTextValue>made our camp for the night on the very hill they had</NewTextValue>
  </TextCorrectedLine>
  <TextCorrectedLine lineID="P1_TL00110">
    <OldTextValue>fried so hard to defend, and where they" in left (as they</OldTextValue>
    <NewTextValue>tried so hard to defend, and where they intended (as they</NewTextValue>
  </TextCorrectedLine>
  <TextCorrectedLine lineID="P1_TL00111">
    <OldTextValue>said) "to eat us; «p." The number of their killed anil</OldTextValue>
    <NewTextValue>said) "to eat us up." The number of their killed and</NewTextValue>
  </TextCorrectedLine>
  <TextCorrectedLine lineID="P1_TL00112">
    <OldTextValue>wourdetl it wns not possible for us in ascertain ni they ear-</OldTextValue>
    <NewTextValue>wounded it was not possible for us in ascertain as they car-</NewTextValue>
  </TextCorrectedLine>
  <TextCorrectedLine lineID="P1_TL00113">
    <OldTextValue>ned immediately on their hursea all who Ml, Onr loss did</OldTextValue>
    <NewTextValue>ried immediately on their horses all who fell. Our loss did</NewTextValue>
  </TextCorrectedLine>
  <TextCorrectedLine lineID="P1_TL00114">
    <OldTextValue>not e'xe*&gt;»d 20 killed and wounded in both fights.</OldTextValue>
    <NewTextValue>not exceed 20 killed and wounded in both fights.</NewTextValue>
  </TextCorrectedLine>
</TextCorrectedBlock>
<TextCorrectedBlock pageOID="C18470128.1.1" blockID="P1_TB00005" userID="[redacted]">
  <TextCorrectedLine lineID="P1_TL00115">
    <OldTextValue>9th January.—The-. enemy met us again to day on the</OldTextValue>
    <NewTextValue>9th January.—The enemy met us again to day on the</NewTextValue>
  </TextCorrectedLine>
  <TextCorrectedLine lineID="P1_TL00116">
    <OldTextValue>plains of the "Mesa," nenr the city,and with bold and de-</OldTextValue>
    <NewTextValue>plains of the "Mesa," near the city, and with bold and de-</NewTextValue>
  </TextCorrectedLine>
  <TextCorrectedLine lineID="P1_TL00117">
    <OldTextValue>termini d effort tried our lines on every &amp;ide in a brisk can-</OldTextValue>
    <NewTextValue>termined effort tried our lines on every side in a brisk can-</NewTextValue>
  </TextCorrectedLine>
  <TextCorrectedLine lineID="P1_TL00118">
    <OldTextValue>nonading, with several, attempts to charge in upon us.—</OldTextValue>
    <NewTextValue>nonading, with several attempts to charge in upon us.</NewTextValue>
  </TextCorrectedLine>
  <TextCorrectedLine lineID="P1_TL00119">
    <OldTextValue>Toe battle was kept up spiritedly for 2 hours mid a hnlf.</OldTextValue>
    <NewTextValue>The battle was kept up spiritedly for 2 hours and a half,</NewTextValue>
  </TextCorrectedLine>
  <TextCorrectedLine lineID="P1_TL00120">
    <OldTextValue>when Gt-n. Flores (aid to his men, "I have but another</OldTextValue>
    <NewTextValue>when Gen. Flores said to his men, "I have but another</NewTextValue>
  </TextCorrectedLine>
  <TextCorrectedLine lineID="P1_TL00121">
    <OldTextValue>di»rharge of urtillory to make and my last request is, that</OldTextValue>
    <NewTextValue>discharge of artillery to make and my last request is, that</NewTextValue>
  </TextCorrectedLine>
  <TextCorrectedLine lineID="P1_TL00122">
    <OldTextValue>)ou will mnke a bald end determined charge as our la.-i</OldTextValue>
    <NewTextValue>you will make a bold end determined charge as our last</NewTextValue>
  </TextCorrectedLine>
  <TextCorrectedLine lineID="P1_TL00123">
    <OldTextValue>resort." This they attempted, but the fnm and stsady</OldTextValue>
    <NewTextValue>resort." This they attempted, but the firm and steady</NewTextValue>
  </TextCorrectedLine>
  <TextCorrectedLine lineID="P1_TL00124">
    <OldTextValue>course i" which our tr«&gt;4«p» continued to defend themselves</OldTextValue>
    <NewTextValue>course in which our troops continued to defend themselves</NewTextValue>
  </TextCorrectedLine>
  <TextCorrectedLine lineID="P1_TL00126">
    <OldTextValue>agnin victorious in the second dny's light. The first day's</OldTextValue>
    <NewTextValue>again victorious in the second day's light. The first day's</NewTextValue>
  </TextCorrectedLine>
  <TextCorrectedLine lineID="P1_TL00128">
    <OldTextValue>near the battle ground, and on tho morning of the lOili,</OldTextValue>
    <NewTextValue>near the battle ground, and on the morning of the 10th,</NewTextValue>
  </TextCorrectedLine>
  <TextCorrectedLine lineID="P1_TL00129">
    <OldTextValue>marched into th« eitv, and took i;oisse&gt;.«ion, while the Dajn-</OldTextValue>
    <NewTextValue>marched into the city, and took possession, while the adja-</NewTextValue>
  </TextCorrectedLine>
  <TextCorrectedLine lineID="P1_TL00130">
    <OldTextValue>cent bills wrre glistnu&gt;g with the lances of *ur enemies,</OldTextValue>
    <NewTextValue>cent hills were glistening with the lances of our enemies,</NewTextValue>
  </TextCorrectedLine>
  <TextCorrectedLine lineID="P1_TL00131">
    <OldTextValue>who we forced to disperse. When} it |ja recollected that</OldTextValue>
    <NewTextValue>who we forced to disperse. When it is recollected that</NewTextValue>
  </TextCorrectedLine>
  <TextCorrectedLine lineID="P1_TL00132">
    <OldTextValue>iili our work to defend ourselves, our bnggsga wagons, cat-</OldTextValue>
    <NewTextValue>all our work to defend ourselves, our baggage wagons, cat-</NewTextValue>
  </TextCorrectedLine>
  <TextCorrectedLine lineID="P1_TL00133">
    <OldTextValue>tie, horses and pack mules, had to be done on f«"t. white</OldTextValue>
    <NewTextValue>tle, horses and pack mules, had to be done on foot, while</NewTextValue>
  </TextCorrectedLine>
  <TextCorrectedLine lineID="P1_TL00134">
    <OldTextValue>our enemie* were mounted on hot rate horses i.- it not</OldTextValue>
    <NewTextValue>our enemies were mounted on firs,t rate horses, is it not</NewTextValue>
  </TextCorrectedLine>
  <TextCorrectedLine lineID="P1_TL00135">
    <OldTextValue>rrcfltikittilct that' ; we should have Ik en so eucc-.PfS-lul; It I</OldTextValue>
    <NewTextValue>remarkable that we should have been so successful? But</NewTextValue>
  </TextCorrectedLine>
  <TextCorrectedLine lineID="P1_TL00136">
    <OldTextValue>it was done «n the glorious Sth January, tt-g^lhci vvitli tl.'t</OldTextValue>
    <NewTextValue>it was done on the glorious 8th January, together with the</NewTextValue>
  </TextCorrectedLine>
  <TextCorrectedLine lineID="P1_TL00137">
    <OldTextValue>following day, of the- result of both day* we arc.■ proud.i«</OldTextValue>
    <NewTextValue>following day, of the result of both days we are proud to</NewTextValue>
  </TextCorrectedLine>
  <TextCorrectedLine lineID="P1_TL00138">
    <OldTextValue>bf'Bst.kut the Mh vvjis indeed a brilliant at!..ii; u\it \u\r ui'j</OldTextValue>
    <NewTextValue>boast, but the 8th was indeed a brilliant affair; our war cry</NewTextValue>
  </TextCorrectedLine>
  <TextCorrectedLine lineID="P1_TL00139">
    <OldTextValue>wa» "Njjw Orleans " I ci.ti tsy notbios heiei of tljs «flict;i;</OldTextValue>
    <NewTextValue>was "New Orleans" I can say nothing here of the officers</NewTextValue>
  </TextCorrectedLine>
  <TextCorrectedLine lineID="P1_TL00140">
    <OldTextValue>Bi&lt;d tut* individually, bu*-iw» di übt full ju&gt;tice&gt; will cour</OldTextValue>
    <NewTextValue>and men individually, but no doubt full justice will come</NewTextValue>
  </TextCorrectedLine>
  <TextCorrectedLine lineID="P1_TL00141">
    <OldTextValue>to sAI by the t.fficii.l npVrt of the Con n.ciiore,</OldTextValue>
    <NewTextValue>to alI by the official report of the Commodore.</NewTextValue>
  </TextCorrectedLine>
</TextCorrectedBlock>
<TextCorrectedBlock pageOID="C18470128.1.2" blockID="P2_TB00001" userID="[redacted]">
  <TextCorrectedLine lineID="P2_TL00001">
    <OldTextValue>• give tEi« iitove factt, being myself an eye Witness t«</OldTextValue>
    <NewTextValue>l give the above facts, being myself an eye Witness to</NewTextValue>
  </TextCorrectedLine>
  <TextCorrectedLine lineID="P2_TL00002">
    <OldTextValue>Ibe events of the two liin .*, and glad that I live to write</OldTextValue>
    <NewTextValue>the events of the two days, and glad that I live to write</NewTextValue>
  </TextCorrectedLine>
  <TextCorrectedLine lineID="P2_TL00004">
    <OldTextValue>The nieces* aiteading the Californiaas ut thnir fi^bt</OldTextValue>
    <NewTextValue>The success attending the Californians in their fight</NewTextValue>
  </TextCorrectedLine>
  <TextCorrectedLine lineID="P2_TL00005">
    <OldTextValue>with Capt. M«mne ut San Pedro, and afterwards with</OldTextValue>
    <NewTextValue>with Capt. Mervinne at San Pedro, and afterwards with</NewTextValue>
  </TextCorrectedLine>
  <TextCorrectedLine lineID="P2_TL00006">
    <OldTextValue>General K«»iney at San Pas Cual, ma&lt;&gt;« them very bold</OldTextValue>
    <NewTextValue>General Kearney at San Pas Cual, made them very bold</NewTextValue>
  </TextCorrectedLine>
  <TextCorrectedLine lineID="P2_TL00007">
    <OldTextValue>and atrognnt, and every man of as^ wnt determined to re-</OldTextValue>
    <NewTextValue>and arrogant, and every man of us was determined to re-</NewTextValue>
  </TextCorrectedLine>
  <TextCorrectedLine lineID="P2_TL00008">
    <OldTextValue>trieve if possible the credit of the American Amu is this</OldTextValue>
    <NewTextValue>trieve if possible the credit of the American Arms in this</NewTextValue>
  </TextCorrectedLine>
  <TextCorrectedLine lineID="P2_TL00009">
    <OldTextValue>-ounlry. Yours, &lt;fee. .</OldTextValue>
    <NewTextValue>country. Yours, &amp;c.</NewTextValue>
  </TextCorrectedLine>
</TextCorrectedBlock>
<TextCorrectedBlock pageOID="C18470128.1.2" blockID="P2_TB00001" userID="[redacted]">
  <TextCorrectedLine lineID="P2_TL00001">
    <OldTextValue>l give the above facts, being myself an eye Witness to</OldTextValue>
    <NewTextValue>l give the above facts, being myself an eye witness to</NewTextValue>
  </TextCorrectedLine>
</TextCorrectedBlock>
<TextCorrectedBlock pageOID="C18470128.1.2" blockID="P2_TB00001" userID="[redacted]">
  <TextCorrectedLine lineID="P2_TL00005">
    <OldTextValue>with Capt. Mervinne at San Pedro, and afterwards with</OldTextValue>
    <NewTextValue>with Capt. Mervine at San Pedro, and afterwards with</NewTextValue>
  </TextCorrectedLine>
</TextCorrectedBlock>
<TextCorrectedBlock pageOID="C18470128.1.2" blockID="P2_TB00003" userID="[redacted]">
  <TextCorrectedLine lineID="P2_TL00011">
    <OldTextValue>,'i The following is taken from ilia letter of an America^</OldTextValue>
    <NewTextValue>The following is taken from the letter of an American,</NewTextValue>
  </TextCorrectedLine>
  <TextCorrectedLine lineID="P2_TL00012">
    <OldTextValue>who was rupture.! near here, by the California!!* and de-</OldTextValue>
    <NewTextValue>who was captured near here, by the Californians and de-</NewTextValue>
  </TextCorrectedLine>
  <TextCorrectedLine lineID="P2_TL00013">
    <OldTextValue>tained as n hoatago.</OldTextValue>
    <NewTextValue>tained as a hostage.</NewTextValue>
  </TextCorrectedLine>
  <TextCorrectedLine lineID="P2_TL00014">
    <OldTextValue>'CITY OF "THE ANGELS, January 17th, 1847.</OldTextValue>
    <NewTextValue>CITY OF THE ANGELS, January 17th, 1847.</NewTextValue>
  </TextCorrectedLine>
  <TextCorrectedLine lineID="P2_TL00015">
    <OldTextValue>Two diys back Col. Frsuiont and Don Andres, entered</OldTextValue>
    <NewTextValue>Two days back Col. Frsuiont and Don Andres, entered</NewTextValue>
  </TextCorrectedLine>
</TextCorrectedBlock>
<TextCorrectedBlock pageOID="C18470128.1.2" blockID="P2_TB00003" userID="[redacted]">
  <TextCorrectedLine lineID="P2_TL00015">
    <OldTextValue>Two days back Col. Frsuiont and Don Andres, entered</OldTextValue>
    <NewTextValue>Two days back Col. Fremont and Don Andres, entered</NewTextValue>
  </TextCorrectedLine>
  <TextCorrectedLine lineID="P2_TL00016">
    <OldTextValue>iuto treaty, which put an end te the war Three days</OldTextValue>
    <NewTextValue>into treaty, which put an end to the war Three days</NewTextValue>
  </TextCorrectedLine>
  <TextCorrectedLine lineID="P2_TL00017">
    <OldTextValue>back, thii Mciiutn Officer* quit the camp, and I)«n An-</OldTextValue>
    <NewTextValue>back, the Mexican Officers quit the camp, and Don An-</NewTextValue>
  </TextCorrectedLine>
  <TextCorrectedLine lineID="P2_TL00018">
    <OldTextValue>dres Pico is now in •omrn.iMi. Floras, Garsias, M. Castro,</OldTextValue>
    <NewTextValue>dres Pico is now in command. Flores, Garsias, M. Castro,</NewTextValue>
  </TextCorrectedLine>
  <TextCorrectedLine lineID="P2_TL00019">
    <OldTextValue>Juan and Toman S»b»randss, with 10 to 30 others had</OldTextValue>
    <NewTextValue>Juan and Tomas Soborandes, with 10 to 20 others had</NewTextValue>
  </TextCorrectedLine>
  <TextCorrectedLine lineID="P2_TL00020">
    <OldTextValue>started for S»n«rn, in Mexico. Should they hear of the</OldTextValue>
    <NewTextValue>started for Sonora, in Mexico. Should they hear of the</NewTextValue>
  </TextCorrectedLine>
  <TextCorrectedLine lineID="P2_TL00021">
    <OldTextValue>treaty tliey way return. The Califofnians appeared eo»-</OldTextValue>
    <NewTextValue>treaty they way return. The Californians appeared com-</NewTextValue>
  </TextCorrectedLine>
  <TextCorrectedLine lineID="P2_TL00022">
    <OldTextValue>-pletely tired ■■■•( the affair. It is bow impossible to «ny who</OldTextValue>
    <NewTextValue>pletely tired of the affair. It is now impossible to say who</NewTextValue>
  </TextCorrectedLine>
  <TextCorrectedLine lineID="P2_TL00023">
    <OldTextValue>or how many th«y bnv« lost. The American forotts here</OldTextValue>
    <NewTextValue>or how many they have lost. The American forces here</NewTextValue>
  </TextCorrectedLine>
  <TextCorrectedLine lineID="P2_TL00024">
    <OldTextValue>now, are or«r One Th"U»nnd ! While I was in confine-</OldTextValue>
    <NewTextValue>now, are over One Thousand ! While I was in confine-</NewTextValue>
  </TextCorrectedLine>
  <TextCorrectedLine lineID="P2_TL00025">
    <OldTextValue>ment, th« native troops used to desert every eight; «om-</OldTextValue>
    <NewTextValue>ment, the native troops used to desert every night; som-</NewTextValue>
  </TextCorrectedLine>
  <TextCorrectedLine lineID="P2_TL00026">
    <OldTextValue>vvere re-CRtiglit, end again, went off. Under Floret there</OldTextValue>
    <NewTextValue>were re-caught, and again went off. Under Flores there</NewTextValue>
  </TextCorrectedLine>
  <TextCorrectedLine lineID="P2_TL00027">
    <OldTextValue>T!-'i continued robbing, and a murder every two or three</OldTextValue>
    <NewTextValue>was continued robbing, and a murder every two or three</NewTextValue>
  </TextCorrectedLine>
  <TextCorrectedLine lineID="P2_TL00029">
    <OldTextValue>The Malek Adel has arrived at Sub Diego from Mazat-</OldTextValue>
    <NewTextValue>The Malek Adel has arrived at San Diego from Mazat-</NewTextValue>
  </TextCorrectedLine>
  <TextCorrectedLine lineID="P2_TL00030">
    <OldTextValue>ran. Teliae is second in command at Mszatlan wits a</OldTextValue>
    <NewTextValue>lan. Tellas is second in command at Mazatlan with a</NewTextValue>
  </TextCorrectedLine>
  <TextCorrectedLine lineID="P2_TL00031">
    <OldTextValue>few troops. General Kearney now here, expects $00</OldTextValue>
    <NewTextValue>few troops. General Kearney now here, expects 600</NewTextValue>
  </TextCorrectedLine>
  <TextCorrectedLine lineID="P2_TL00032">
    <OldTextValue>tr«ops by land, this mouth 500; 80 days after, hit inxtrtie</OldTextValue>
    <NewTextValue>troops by land, this month 500; 20 days after, his insrtuc-</NewTextValue>
  </TextCorrectedLine>
  <TextCorrectedLine lineID="P2_TL00033">
    <OldTextValue>lions for California are very full. He is man ef about 55,</OldTextValue>
    <NewTextValue>tions for California are very full. He is man of about 55,</NewTextValue>
  </TextCorrectedLine>
  <TextCorrectedLine lineID="P2_TL00035">
    <OldTextValue>or show, listening with all patience te every one. He ha*</OldTextValue>
    <NewTextValue>or show, listening with all patience to every one. He has</NewTextValue>
  </TextCorrectedLine>
  <TextCorrectedLine lineID="P2_TL00038">
    <OldTextValue>on horse, yvbo had left the parties, and run directly in</OldTextValue>
    <NewTextValue>on horse, who had left the parties, and run directly in</NewTextValue>
  </TextCorrectedLine>
  <TextCorrectedLine lineID="P2_TL00039">
    <OldTextValue>among the California**. The mules with one gun did tie</OldTextValue>
    <NewTextValue>among the Californians. The mules with one gun did the</NewTextValue>
  </TextCorrectedLine>
  <TextCorrectedLine lineID="P2_TL00040">
    <OldTextValue>sane and were taken. Gen. Kearney lost 17 men, inclu-</OldTextValue>
    <NewTextValue>same and were taken. Gen. Kearney lost 17 men, inclu-</NewTextValue>
  </TextCorrectedLine>
  <TextCorrectedLine lineID="P2_TL00041">
    <OldTextValue>ding 2 ('•plains The less of the natives is not known.</OldTextValue>
    <NewTextValue>ding 2 Captains. The loss of the natives is not known.</NewTextValue>
  </TextCorrectedLine>
  <TextCorrectedLine lineID="P2_TL00043">
    <OldTextValue>who were surrounded in 2 or 3 days anarch by the Na-</OldTextValue>
    <NewTextValue>who were surrounded in 2 or 3 days march by the Na-</NewTextValue>
  </TextCorrectedLine>
  <TextCorrectedLine lineID="P2_TL00044">
    <OldTextValue>tives with 4 cannons, thej never b/eke their solid square,</OldTextValue>
    <NewTextValue>tives with 4 cannons, they never broke their solid square,</NewTextValue>
  </TextCorrectedLine>
  <TextCorrectedLine lineID="P2_TL00045">
    <OldTextValue>or left th« road. 1 was token on tee field the 24 day of</OldTextValue>
    <NewTextValue>or left the road. l was taken on the field the 2nd day of</NewTextValue>
  </TextCorrectedLine>
  <TextCorrectedLine lineID="P2_TL00046">
    <OldTextValue>the action, and saw'the American force* «Use to in their</OldTextValue>
    <NewTextValue>the action, and saw the American forces close to in their</NewTextValue>
  </TextCorrectedLine>
  <TextCorrectedLine lineID="P2_TL00048">
    <OldTextValue>musket. . *£■</OldTextValue>
    <NewTextValue>musket.</NewTextValue>
  </TextCorrectedLine>
</TextCorrectedBlock>
<TextCorrectedBlock pageOID="C18470128.1.2" blockID="P2_TB00004" userID="[redacted]">
  <TextCorrectedLine lineID="P2_TL00050">
    <OldTextValue>outbreak in California. The lust is a legion tbat will not</OldTextValue>
    <NewTextValue>outbreak in California. The last is a lesson that will not</NewTextValue>
  </TextCorrectedLine>
  <TextCorrectedLine lineID="P2_TL00052">
    <OldTextValue>bui and through adventurers, rallied itself up into quite a</OldTextValue>
    <NewTextValue>but and through adventurers, rallied itself up into quite a</NewTextValue>
  </TextCorrectedLine>
  <TextCorrectedLine lineID="P2_TL00054">
    <OldTextValue>gaged in it arc returning to their homes. Ho violent snea-</OldTextValue>
    <NewTextValue>gaged in it are returning to their homes. No violent mea-</NewTextValue>
  </TextCorrectedLine>
  <TextCorrectedLine lineID="P2_TL00055">
    <OldTextValue>auros nave been taken with them. They have had their</OldTextValue>
    <NewTextValue>sures have been taken with them. They have had their</NewTextValue>
  </TextCorrectedLine>
  <TextCorrectedLine lineID="P2_TL00056">
    <OldTextValue>frolic and fight aod that seems pretty nrach all they</OldTextValue>
    <NewTextValue>frolic and fight and that seems pretty much all they</NewTextValue>
  </TextCorrectedLine>
</TextCorrectedBlock>
<TextCorrectedBlock pageOID="C18470128.1.2" blockID="P2_TB00005" userID="[redacted]">
  <TextCorrectedLine lineID="P2_TL00058">
    <OldTextValue>The friend* of order and all who aro interested in the</OldTextValue>
    <NewTextValue>The friends of order and all who are interested in the</NewTextValue>
  </TextCorrectedLine>
  <TextCorrectedLine lineID="P2_TL00059">
    <OldTextValue>coil are in favor of oar flag. They do not wish to go</OldTextValue>
    <NewTextValue>soil are in favor of our flag. They do not wish to go</NewTextValue>
  </TextCorrectedLine>
  <TextCorrectedLine lineID="P2_TL00060">
    <OldTextValue>baok to Mexico. They d«nire to sec California a terri-</OldTextValue>
    <NewTextValue>back to Mexico. They desire to see California a terri-</NewTextValue>
  </TextCorrectedLine>
  <TextCorrectedLine lineID="P2_TL00061">
    <OldTextValue>tory of tho Unitsd Stales, and at length n memoor of the</OldTextValue>
    <NewTextValue>tory of the Unitsd Stales, and at length a member of the</NewTextValue>
  </TextCorrectedLine>
  <TextCorrectedLine lineID="P2_TL00062">
    <OldTextValue>Glorious confederacy. VTe can assure our friends at</OldTextValue>
    <NewTextValue>Glorious confederacy. We can assure our friends at</NewTextValue>
  </TextCorrectedLine>
  <TextCorrectedLine lineID="P2_TL00063">
    <OldTextValue>home, aud aur government at Wathing.an that if they</OldTextValue>
    <NewTextValue>home, and our government at Washington that if they</NewTextValue>
  </TextCorrectedLine>
  <TextCorrectedLine lineID="P2_TL00064">
    <OldTextValue>wish to haul down our flag here it wont stayhauled down.</OldTextValue>
    <NewTextValue>wish to haul down our flag here it wont stay hauled down.</NewTextValue>
  </TextCorrectedLine>
  <TextCorrectedLine lineID="P2_TL00065">
    <OldTextValue>It will go up nguia io twenty four hours, as it wave* now</OldTextValue>
    <NewTextValue>It will go up again in twenty four hours, as it waves now</NewTextValue>
  </TextCorrectedLine>
  <TextCorrectedLine lineID="P2_TL00066">
    <OldTextValue>it will continue to nave when they who read this are iv</OldTextValue>
    <NewTextValue>it will continue to wave when they who read this are in</NewTextValue>
  </TextCorrectedLine>
  <TextCorrectedLine lineID="P2_TL00069">
    <OldTextValue>California on paper as they pJcase. They may surrender</OldTextValue>
    <NewTextValue>California on paper as they please. They may surrender</NewTextValue>
  </TextCorrectedLine>
  <TextCorrectedLine lineID="P2_TL00070">
    <OldTextValue>her to Mexico tut the will net b« surrendered, she hold-</OldTextValue>
    <NewTextValue>her to Mexico but she will not be surrendered, she holds</NewTextValue>
  </TextCorrectedLine>
  <TextCorrectedLine lineID="P2_TL00071">
    <OldTextValue>tier de.stiny in her own bands, and gees with her whol.</OldTextValue>
    <NewTextValue>her destiny in her own hands, and goes with her whole</NewTextValue>
  </TextCorrectedLine>
  <TextCorrectedLine lineID="P2_TL00072">
    <OldTextValue>h'eajt for union with the United Slates, a faw who k-,v.</OldTextValue>
    <NewTextValue>heart for union with the United States, a few who have</NewTextValue>
  </TextCorrectedLine>
  <TextCorrectedLine lineID="P2_TL00073">
    <OldTextValue>lost office by a change of flag moy as they have done.</OldTextValue>
    <NewTextValue>lost office by a change of flag may as they have done,</NewTextValue>
  </TextCorrectedLine>
</TextCorrectedBlock>
<TextCorrectedBlock pageOID="C18470128.1.2" blockID="P2_TB00004" userID="[redacted]">
  <TextCorrectedLine lineID="P2_TL00051">
    <OldTextValue>be soon forgotten. It was stated by a few restless spirits,</OldTextValue>
    <NewTextValue>be soon forgotten. It was started by a few restless spirits,</NewTextValue>
  </TextCorrectedLine>
</TextCorrectedBlock>
<TextCorrectedBlock pageOID="C18470128.1.2" blockID="P2_TB00006" userID="[redacted]">
  <TextCorrectedLine lineID="P2_TL00074">
    <OldTextValue>nppoie it, but. they will be ovcrpo'-vcxaei by the Hltii of 1</OldTextValue>
    <NewTextValue>oppose it, but they will be overpowered by the mass of</NewTextValue>
  </TextCorrectedLine>
  <TextCorrectedLine lineID="P2_TL00075">
    <OldTextValue>those who are interested in the soil. .","'•</OldTextValue>
    <NewTextValue>those who are interested in the soil.</NewTextValue>
  </TextCorrectedLine>
  <TextCorrectedLine lineID="P2_TL00076">
    <OldTextValue>We have all the intelligence, industry and' •afe'rprise</OldTextValue>
    <NewTextValue>We have all the intelligence, industry and enterprise</NewTextValue>
  </TextCorrectedLine>
  <TextCorrectedLine lineID="P2_TL00077">
    <OldTextValue>of California with, us. :„;•...</OldTextValue>
    <NewTextValue>of California with us.</NewTextValue>
  </TextCorrectedLine>
</TextCorrectedBlock>
<TextCorrectedBlock pageOID="C18470128.1.2" blockID="P2_TB00007" userID="[redacted]">
  <TextCorrectedLine lineID="P2_TL00078">
    <OldTextValue>The U. S. Sloop of War Dale leaves to-day for Panam.i,</OldTextValue>
    <NewTextValue>The U. S. Sloop of War Dale leaves to-day for Panama,</NewTextValue>
  </TextCorrectedLine>
  <TextCorrectedLine lineID="P2_TL00079">
    <OldTextValue>where sho will land her commander W. W. MtKean</OldTextValue>
    <NewTextValue>where she will land her commander W. W. McKean</NewTextValue>
  </TextCorrectedLine>
  <TextCorrectedLine lineID="P2_TL00080">
    <OldTextValue>Esq. whose health compel* hi* return homo. We part</OldTextValue>
    <NewTextValue>Esq. whose health compels his return home. We part</NewTextValue>
  </TextCorrectedLine>
  <TextCorrectedLine lineID="P2_TL00081">
    <OldTextValue>with him with no little reluctance. Still wo know it is his</OldTextValue>
    <NewTextValue>with him with no little reluctance. Still we know it is his</NewTextValue>
  </TextCorrectedLine>
  <TextCorrectedLine lineID="P2_TL00082">
    <OldTextValue>duty to return. It is apperntly the only means of caving,</OldTextValue>
    <NewTextValue>duty to return. It is apparently the only means of saving</NewTextValue>
  </TextCorrectedLine>
  <TextCorrectedLine lineID="P2_TL00083">
    <OldTextValue>his life aiid tit en this may fail.</OldTextValue>
    <NewTextValue>his life and even this may fail.</NewTextValue>
  </TextCorrectedLine>
</TextCorrectedBlock>
<TextCorrectedBlock pageOID="C18470128.1.2" blockID="P2_TB00008" userID="[redacted]">
  <TextCorrectedLine lineID="P2_TL00084">
    <OldTextValue>Capt. Ma.ooox, with his mounted volunteers and ma-</OldTextValue>
    <NewTextValue>Capt. Maddox, with his mounted volunteers and ma-</NewTextValue>
  </TextCorrectedLine>
  <TextCorrectedLine lineID="P2_TL00085">
    <OldTextValue>rines returned lust Saturday evening from hi* expedition</OldTextValue>
    <NewTextValue>rines returned last Saturday evening from his expedition</NewTextValue>
  </TextCorrectedLine>
  <TextCorrectedLine lineID="P2_TL00086">
    <OldTextValue>to Santa Cruz, and Santa Clem and the Pueblo above.-—</OldTextValue>
    <NewTextValue>to Santa Cruz, and Santa Clora and the Pueblo above.</NewTextValue>
  </TextCorrectedLine>
  <TextCorrectedLine lineID="P2_TL00087">
    <OldTextValue>The expedition waa nrosceutcd with untiring nnergy tbror-</OldTextValue>
    <NewTextValue>The expedition was prosecuted with untiring energy thro-</NewTextValue>
  </TextCorrectedLine>
  <TextCorrectedLine lineID="P2_TL00088">
    <OldTextValue>thirty days in tbe must inclement saason of the year, and</OldTextValue>
    <NewTextValue>thirty days in the must inclement season of the year, and</NewTextValue>
  </TextCorrectedLine>
  <TextCorrectedLine lineID="P2_TL00089">
    <OldTextValue>contributed essentially to the amicable adjustment of t.'io</OldTextValue>
    <NewTextValue>contributed essentially to the amicable adjustment of the</NewTextValue>
  </TextCorrectedLine>
  <TextCorrectedLine lineID="P2_TL00090">
    <OldTextValue>difficuitics which had aiiena in the North..</OldTextValue>
    <NewTextValue>difficulties which had arisen in the North..</NewTextValue>
  </TextCorrectedLine>
  <TextCorrectedLine lineID="P2_TL00091">
    <OldTextValue>AKRIVAL OF THE U.S. SHIP INDEPENDENCE</OldTextValue>
    <NewTextValue>ARRIVAL OF THE U.S. SHIP INDEPENDENCE</NewTextValue>
  </TextCorrectedLine>
  <TextCorrectedLine lineID="P2_TL00092">
    <OldTextValue>This noble (hip, bearing the broad pennant *&gt;f Cwkimo*</OldTextValue>
    <NewTextValue>This noble ship, bearing the broad pennant of Commo-</NewTextValue>
  </TextCorrectedLine>
  <TextCorrectedLine lineID="P2_TL00093">
    <OldTextValue>dore Bhubrirk, cam* to annhcr in cur harbor on Friday</OldTextValue>
    <NewTextValue>dore Shubrirk, came to anchor in our harbor on Friday</NewTextValue>
  </TextCorrectedLine>
  <TextCorrectedLine lineID="P2_TL00094">
    <OldTextValue>evading lbs &gt;&gt;x2d init. Silo sailed frenrßoston on the K9th</OldTextValue>
    <NewTextValue>evening the 22d inst. She sailed from Boston on the 29th</NewTextValue>
  </TextCorrectedLine>
</TextCorrectedBlock>
<TextCorrectedBlock pageOID="C18470128.1.2" blockID="P2_TB00009" userID="[redacted]">
  <TextCorrectedLine lineID="P2_TL00097">
    <OldTextValue>there 7 day«, and arrived h«rs in 40 days. - This is splen-</OldTextValue>
    <NewTextValue>there 7 days, and arrived here in 40 days. This is splen-</NewTextValue>
  </TextCorrectedLine>
  <TextCorrectedLine lineID="P2_TL00098">
    <OldTextValue>did sailing, but the Independence is one of the laste*t</OldTextValue>
    <NewTextValue>did sailing, but the Independence is one of the fastest</NewTextValue>
  </TextCorrectedLine>
  <TextCorrectedLine lineID="P2_TL00099">
    <OldTextValue>ships in our sorvies as well as one of most powerful. ■ We</OldTextValue>
    <NewTextValue>ships in our service as well as one of most powerful. We</NewTextValue>
  </TextCorrectedLine>
  <TextCorrectedLine lineID="P2_TL00100">
    <OldTextValue>welaeme her on our waters, aod recognize anting her</OldTextValue>
    <NewTextValue>welcome her on our waters, and recognize among her</NewTextValue>
  </TextCorrectedLine>
  <TextCorrectedLine lineID="P2_TL00101">
    <OldTextValue>officers some of the choice spirits of the navy. Comme«</OldTextValue>
    <NewTextValue>officers some of the choice spirits of the navy. Commo-</NewTextValue>
  </TextCorrectedLine>
  <TextCorrectedLine lineID="P2_TL00102">
    <OldTextValue>dere Shubrick, in virtue of his rank, takes command</OldTextValue>
    <NewTextValue>dore Shubrick, in virtue of his rank, takes command</NewTextValue>
  </TextCorrectedLine>
  <TextCorrectedLine lineID="P2_TL00103">
    <OldTextValue>of all iho Naval and Land ' foreos here., Ha will wo un-</OldTextValue>
    <NewTextValue>of all the Naval and Land forces here. He will we un-</NewTextValue>
  </TextCorrectedLine>
  <TextCorrectedLine lineID="P2_TL00104">
    <OldTextValue>derstand, make a vigorevs effort to establish at once a</OldTextValue>
    <NewTextValue>derstand, make a vigorous effort to establish at once a</NewTextValue>
  </TextCorrectedLine>
  <TextCorrectedLine lineID="P2_TL00105">
    <OldTextValue>civil government in Califo ins</OldTextValue>
    <NewTextValue>civil government in California.</NewTextValue>
  </TextCorrectedLine>
</TextCorrectedBlock>
<TextCorrectedBlock pageOID="C18470128.1.2" blockID="P2_TB00009" userID="[redacted]">
  <TextCorrectedLine lineID="P2_TL00107">
    <OldTextValue>bread pennant of Oonunodora Biddlo, at Valparaiso.! She</OldTextValue>
    <NewTextValue>broad pennant of Commodore Biddle, at Valparaiso. She</NewTextValue>
  </TextCorrectedLine>
  <TextCorrectedLine lineID="P2_TL00109">
    <OldTextValue>a f«w months on this aoasl previous to her departure for</OldTextValue>
    <NewTextValue>a few months on this coast previous to her departure for</NewTextValue>
  </TextCorrectedLine>
  <TextCorrectedLine lineID="P2_TL00110">
    <OldTextValue>the United States. Her crow have recovered/ from the</OldTextValue>
    <NewTextValue>the United States. Her crew have recovered from the</NewTextValue>
  </TextCorrectedLine>
  <TextCorrectedLine lineID="P2_TL00111">
    <OldTextValue>sioknesi' which she had on board. X-&lt; rr. :.vv</OldTextValue>
    <NewTextValue>sickness which she had on board.</NewTextValue>
  </TextCorrectedLine>
  <TextCorrectedLine lineID="P2_TL00112">
    <OldTextValue>The U. S. Ship Lexington Theodore Bailey in command</OldTextValue>
    <NewTextValue>The U. S. Ship Lexington, Theodore Bailey in command</NewTextValue>
  </TextCorrectedLine>
  <TextCorrectedLine lineID="P2_TL00113">
    <OldTextValue>with U; S. Tioops kas just arrived. •"</OldTextValue>
    <NewTextValue>with U. S. Troops has just arrived.</NewTextValue>
  </TextCorrectedLine>
  <TextCorrectedLine lineID="P2_TL00114">
    <OldTextValue>OUR ALPHABET.—Our type is a Spanish font pick*</OldTextValue>
    <NewTextValue>OUR ALPHABET.—Our type is a Spanish font pick-</NewTextValue>
  </TextCorrectedLine>
  <TextCorrectedLine lineID="P2_TL00115">
    <OldTextValue>ed up here in a cloister and has nojjW's in it as there is</OldTextValue>
    <NewTextValue>ed up here in a cloister and has no W's in it as there is</NewTextValue>
  </TextCorrectedLine>
  <TextCorrectedLine lineID="P2_TL00116">
    <OldTextValue>none in the Spanish alphabet. I have scat to the Sand-</OldTextValue>
    <NewTextValue>none in the Spanish alphabet. I have sent to the Sand-</NewTextValue>
  </TextCorrectedLine>
  <TextCorrectedLine lineID="P2_TL00117">
    <OldTextValue>wich Islands for this letter, in tha mean time we must Us*</OldTextValue>
    <NewTextValue>wich Islands for this letter, in the mean time we must use</NewTextValue>
  </TextCorrectedLine>
  <TextCorrectedLine lineID="P2_TL00118">
    <OldTextValue>two V'i. Our paper at present is that used .fur wrapping</OldTextValue>
    <NewTextValue>two V's. Our paper at present is that used for wrapping</NewTextValue>
  </TextCorrectedLine>
  <TextCorrectedLine lineID="P2_TL00119">
    <OldTextValue>cigars; in due time wo will have something bettor, our</OldTextValue>
    <NewTextValue>cigars; in due time we will have something better, our</NewTextValue>
  </TextCorrectedLine>
  <TextCorrectedLine lineID="P2_TL00120">
    <OldTextValue>object is to cstablite a press in » California, ami this we</OldTextValue>
    <NewTextValue>object is to establish a press in California, and this we</NewTextValue>
  </TextCorrectedLine>
  <TextCorrectedLine lineID="P2_TL00121">
    <OldTextValue>shall in all probability bo able te accomplish. The absence</OldTextValue>
    <NewTextValue>shall in all probability be able to accomplish. The absence</NewTextValue>
  </TextCorrectedLine>
  <TextCorrectedLine lineID="P2_TL00122">
    <OldTextValue>of my partner for the last three months and my buties as</OldTextValue>
    <NewTextValue>of my partner for the last three months and my duties as</NewTextValue>
  </TextCorrectedLine>
  <TextCorrectedLine lineID="P2_TL00123">
    <OldTextValue>Alcalde 1 here bare deprived our little papea of some of</OldTextValue>
    <NewTextValue>Alcalde here have deprived our little paper of some of</NewTextValue>
  </TextCorrectedLine>
  <TextCorrectedLine lineID="P2_TL00124">
    <OldTextValue>those attentions which I«ope it will hereafter receive.</OldTextValue>
    <NewTextValue>those attentions which I hope it will hereafter receive.</NewTextValue>
  </TextCorrectedLine>
</TextCorrectedBlock>
<TextCorrectedBlock pageOID="C18470128.1.2" blockID="P2_CB00001" userID="[redacted]">
  <TextCorrectedLine lineID="P2_TL00126">
    <OldTextValue>MAGISTRATE'S OFFICE, &gt;</OldTextValue>
    <NewTextValue>MAGISTRATE'S OFFICE,</NewTextValue>
  </TextCorrectedLine>
  <TextCorrectedLine lineID="P2_TL00127">
    <OldTextValue>" Monterey, Jan. llth, 1847. &lt; ,</OldTextValue>
    <NewTextValue>Monterey, Jan. llth, 1847.</NewTextValue>
  </TextCorrectedLine>
  <TextCorrectedLine lineID="P2_TL00129">
    <OldTextValue>MENT OF INDIANS.—Be It known to all persons reti-</OldTextValue>
    <NewTextValue>MENT OF INDIANS.—Be it known to all persons resi-</NewTextValue>
  </TextCorrectedLine>
  <TextCorrectedLine lineID="P2_TL00130">
    <OldTextValue>ring in the jurisdiction of Monterey, that the Magistrate</OldTextValue>
    <NewTextValue>ding in the jurisdiction of Monterey, that the Magistrate</NewTextValue>
  </TextCorrectedLine>
  <TextCorrectedLine lineID="P2_TL00132">
    <OldTextValue>the following: . :■'..■■.....••::.</OldTextValue>
    <NewTextValue>the following:</NewTextValue>
  </TextCorrectedLine>
  <TextCorrectedLine lineID="P2_TL00133">
    <OldTextValue>That no person whatever shall from hencefortn, hire of</OldTextValue>
    <NewTextValue>That no person whatever shall from henceforth, hire or</NewTextValue>
  </TextCorrectedLine>
  <TextCorrectedLine lineID="P2_TL00134">
    <OldTextValue>lake into his service any Indian without asertificHte from</OldTextValue>
    <NewTextValue>take into his service any Indian without a certificate from</NewTextValue>
  </TextCorrectedLine>
  <TextCorrectedLine lineID="P2_TL00135">
    <OldTextValue>the former employer of that Indian slitting that the said:</OldTextValue>
    <NewTextValue>the former employer of that Indian stating that the said</NewTextValue>
  </TextCorrectedLine>
  <TextCorrectedLine lineID="P2_TL00136">
    <OldTextValue>employer has no claims on the services el' that Indian for</OldTextValue>
    <NewTextValue>employer has no claims on the services of that Indian for</NewTextValue>
  </TextCorrectedLine>
  <TextCorrectedLine lineID="P2_TL00137">
    <OldTextValue>wages advanced. V.; ,&gt;? "■'■' :/ ■•■</OldTextValue>
    <NewTextValue>wages advanced.</NewTextValue>
  </TextCorrectedLine>
  <TextCorrectedLine lineID="P2_TL00139">
    <OldTextValue>out such certificate, and ad van. ing any money «r property</OldTextValue>
    <NewTextValue>out such certificate, and advancing any money or property</NewTextValue>
  </TextCorrectedLine>
  <TextCorrectedLine lineID="P2_TL00140">
    <OldTextValue>t« the said liidiau, &gt;hall forfeit any money or property *^</OldTextValue>
    <NewTextValue>to the said lndian, shall forfeit any money or property so</NewTextValue>
  </TextCorrectedLine>
  <TextCorrectedLine lineID="P2_TL00141">
    <OldTextValue>tdvanced, and if it should be proved rh»l any Indian h 5</OldTextValue>
    <NewTextValue>advanced, and if it should be proved that any Indian has</NewTextValue>
  </TextCorrectedLine>
  <TextCorrectedLine lineID="P2_TL00142">
    <OldTextValue>been enticed away from the service of his master,, the per*</OldTextValue>
    <NewTextValue>been enticed away from the service of his master, the per-</NewTextValue>
  </TextCorrectedLine>
  <TextCorrectedLine lineID="P2_TL00143">
    <OldTextValue>son convicted of having so enticed him shall be liable it» a</OldTextValue>
    <NewTextValue>son convicted of having so enticed him shall be liable to a</NewTextValue>
  </TextCorrectedLine>
  <TextCorrectedLine lineID="P2_TL00144">
    <OldTextValue>fine not exceeding twenty dollar* nor less than iv« dollar^;</OldTextValue>
    <NewTextValue>fine not exceeding twenty dollars nor less than five dollars.</NewTextValue>
  </TextCorrectedLine>
  <TextCorrectedLine lineID="P2_TL00145">
    <OldTextValue>88-tf VV ALTEH COLTON, Chkf M^i.tiatej,</OldTextValue>
    <NewTextValue>WALTER COLTON, Chief Magistrate.</NewTextValue>
  </TextCorrectedLine>
</TextCorrectedBlock>
<TextCorrectedBlock pageOID="C18470128.1.2" blockID="P2_CB00001" userID="[redacted]">
  <TextCorrectedLine lineID="P2_TL00127">
    <OldTextValue>Monterey, Jan. llth, 1847.</OldTextValue>
    <NewTextValue>Monterey, Jan. 11th, 1847.</NewTextValue>
  </TextCorrectedLine>
</TextCorrectedBlock>
<TextCorrectedBlock pageOID="C18470128.1.1" blockID="P1_TB00004" userID="[redacted]">
  <TextCorrectedLine lineID="P1_TL00023">
    <OldTextValue>lantry and good coduct both in the battle fought on the</OldTextValue>
    <NewTextValue>lantry and good conduct both in the battle fought on the</NewTextValue>
  </TextCorrectedLine>
</TextCorrectedBlock>
<TextCorrectedBlock pageOID="C18470128.1.1" blockID="P1_TB00004" userID="[redacted]">
  <TextCorrectedLine lineID="P1_TL00046">
    <OldTextValue>I seize the moment to write you a few' hasty lines which</OldTextValue>
    <NewTextValue>I seize the moment to write you a few hasty lines which</NewTextValue>
  </TextCorrectedLine>
</TextCorrectedBlock>
<TextCorrectedBlock pageOID="C18470128.1.1" blockID="P1_TB00004" userID="[redacted]">
  <TextCorrectedLine lineID="P1_TL00056">
    <OldTextValue>29th December determined again to entr the Capital</OldTextValue>
    <NewTextValue>29th December determined again to enter the Capital</NewTextValue>
  </TextCorrectedLine>
</TextCorrectedBlock>
<TextCorrectedBlock pageOID="C18470128.1.1" blockID="P1_TB00004" userID="[redacted]">
  <TextCorrectedLine lineID="P1_TL00058">
    <OldTextValue>of march was though a rough and mountainous country</OldTextValue>
    <NewTextValue>of march was through a rough and mountainous country</NewTextValue>
  </TextCorrectedLine>
</TextCorrectedBlock>
<TextCorrectedBlock pageOID="C18470128.1.1" blockID="P1_TB00004" userID="[redacted]">
  <TextCorrectedLine lineID="P1_TL00061">
    <OldTextValue>and night by our enemy, on the way our march was not</OldTextValue>
    <NewTextValue>and night by our enemy, on the way our march was not-</NewTextValue>
  </TextCorrectedLine>
</TextCorrectedBlock>
<TextCorrectedBlock pageOID="C18470128.1.1" blockID="P1_TB00005" userID="[redacted]">
  <TextCorrectedLine lineID="P1_TL00092">
    <OldTextValue>nite aocount of the battle; but the skill in management and</OldTextValue>
    <NewTextValue>nite account of the battle; but the skill in management and</NewTextValue>
  </TextCorrectedLine>
</TextCorrectedBlock>
<TextCorrectedBlock pageOID="C18470128.1.1" blockID="P1_TB00005" userID="[redacted]">
  <TextCorrectedLine lineID="P1_TL00107">
    <OldTextValue>with much efftect. For brevity I must leave out many</OldTextValue>
    <NewTextValue>with much effect. For brevity I must leave out many</NewTextValue>
  </TextCorrectedLine>
</TextCorrectedBlock>
<TextCorrectedBlock pageOID="C18470128.1.1" blockID="P1_TB00005" userID="[redacted]">
  <TextCorrectedLine lineID="P1_TL00112">
    <OldTextValue>wounded it was not possible for us in ascertain as they car-</OldTextValue>
    <NewTextValue>wounded it was not possible for us to ascertain as they car-</NewTextValue>
  </TextCorrectedLine>
</TextCorrectedBlock>
<TextCorrectedBlock pageOID="C18470128.1.1" blockID="P1_TB00005" userID="[redacted]">
  <TextCorrectedLine lineID="P1_TL00122">
    <OldTextValue>you will make a bold end determined charge as our last</OldTextValue>
    <NewTextValue>you will make a bold and determined charge as our last</NewTextValue>
  </TextCorrectedLine>
</TextCorrectedBlock>
<TextCorrectedBlock pageOID="C18470128.1.1" blockID="P1_TB00005" userID="[redacted]">
  <TextCorrectedLine lineID="P1_TL00134">
    <OldTextValue>our enemies were mounted on firs,t rate horses, is it not</OldTextValue>
    <NewTextValue>our enemies were mounted on first rate horses, is it not</NewTextValue>
  </TextCorrectedLine>
</TextCorrectedBlock>
<TextCorrectedBlock pageOID="C18470128.1.2" blockID="P2_TB00003" userID="[redacted]">
  <TextCorrectedLine lineID="P2_TL00016">
    <OldTextValue>into treaty, which put an end to the war Three days</OldTextValue>
    <NewTextValue>into treaty, which put an end to the war. Three days</NewTextValue>
  </TextCorrectedLine>
</TextCorrectedBlock>
<TextCorrectedBlock pageOID="C18470128.1.2" blockID="P2_TB00003" userID="[redacted]">
  <TextCorrectedLine lineID="P2_TL00021">
    <OldTextValue>treaty they way return. The Californians appeared com-</OldTextValue>
    <NewTextValue>treaty they may return. The Californians appeared com-</NewTextValue>
  </TextCorrectedLine>
</TextCorrectedBlock>
<TextCorrectedBlock pageOID="C18470128.1.2" blockID="P2_TB00003" userID="[redacted]">
  <TextCorrectedLine lineID="P2_TL00025">
    <OldTextValue>ment, the native troops used to desert every night; som-</OldTextValue>
    <NewTextValue>ment, the native troops used to desert every night; some</NewTextValue>
  </TextCorrectedLine>
</TextCorrectedBlock>
<TextCorrectedBlock pageOID="C18470128.1.2" blockID="P2_TB00003" userID="[redacted]">
  <TextCorrectedLine lineID="P2_TL00032">
    <OldTextValue>troops by land, this month 500; 20 days after, his insrtuc-</OldTextValue>
    <NewTextValue>troops by land, this month 500; 20 days after, his instruc-</NewTextValue>
  </TextCorrectedLine>
</TextCorrectedBlock>
<TextCorrectedBlock pageOID="C18470128.1.2" blockID="P2_TB00005" userID="[redacted]">
  <TextCorrectedLine lineID="P2_TL00061">
    <OldTextValue>tory of the Unitsd Stales, and at length a member of the</OldTextValue>
    <NewTextValue>tory of the Unitsd States, and at length a member of the</NewTextValue>
  </TextCorrectedLine>
</TextCorrectedBlock>
<TextCorrectedBlock pageOID="C18470128.1.2" blockID="P2_TB00008" userID="[redacted]">
  <TextCorrectedLine lineID="P2_TL00087">
    <OldTextValue>The expedition was prosecuted with untiring energy thro-</OldTextValue>
    <NewTextValue>The expedition was prosecuted with untiring energy thro'</NewTextValue>
  </TextCorrectedLine>
  <TextCorrectedLine lineID="P2_TL00088">
    <OldTextValue>thirty days in the must inclement season of the year, and</OldTextValue>
    <NewTextValue>thirty days in the most inclement season of the year, and</NewTextValue>
  </TextCorrectedLine>
</TextCorrectedBlock>
<TextCorrectedBlock pageOID="C18470128.1.2" blockID="P2_TB00008" userID="[redacted]">
  <TextCorrectedLine lineID="P2_TL00093">
    <OldTextValue>dore Shubrirk, came to anchor in our harbor on Friday</OldTextValue>
    <NewTextValue>dore Shubrick, came to anchor in our harbor on Friday</NewTextValue>
  </TextCorrectedLine>
</TextCorrectedBlock>
