<TextCorrectedBlock pageOID="C18470206.1.2" blockID="P2_TB00001" userID="[redacted]">
  <TextCorrectedLine lineID="P2_TL00001">
    <OldTextValue>THE LEXINGTON.—We had space in our last en I)</OldTextValue>
    <NewTextValue>THE LEXINGTON.—We had space in our last only</NewTextValue>
  </TextCorrectedLine>
</TextCorrectedBlock>
<TextCorrectedBlock pageOID="C18470206.1.2" blockID="P2_TB00001" userID="[redacted]">
  <TextCorrectedLine lineID="P2_TL00003">
    <OldTextValue>command of Lieutenant Bailey. Capt. Tom] kins with</OldTextValue>
    <NewTextValue>command of Lieutenant Bailey. Capt. Tompkins with</NewTextValue>
  </TextCorrectedLine>
</TextCorrectedBlock>
<TextCorrectedBlock pageOID="C18470206.1.1" blockID="P1_TB00002" userID="[redacted]">
  <TextCorrectedLine lineID="P1_TL00002">
    <OldTextValue>Vol. 1</OldTextValue>
    <NewTextValue>Vol. l</NewTextValue>
  </TextCorrectedLine>
</TextCorrectedBlock>
<TextCorrectedBlock pageOID="C18470206.1.1" blockID="P1_TB00003" userID="[redacted]">
  <TextCorrectedLine lineID="P1_TL00003">
    <OldTextValue>MONTEREY, SATURDAY, FEBRUARY 6, 1b47.</OldTextValue>
    <NewTextValue>MONTEREY, SATURDAY, FEBRUARY 6, 1847.</NewTextValue>
  </TextCorrectedLine>
</TextCorrectedBlock>
<TextCorrectedBlock pageOID="C18470206.1.1" blockID="P1_TB00013" userID="[redacted]">
  <TextCorrectedLine lineID="P1_TL00127">
    <OldTextValue>'lin. C.alih /&lt; ■/ ■vi.ii.ihtii tvmy Saturday morning.</OldTextValue>
    <NewTextValue>The Californian-Is published every Saturday morning.</NewTextValue>
  </TextCorrectedLine>
  <TextCorrectedLine lineID="P1_TL00128">
    <OldTextValue>;:'% Br COLTOJM &amp;. SEMPLE.</OldTextValue>
    <NewTextValue>By COLTON &amp; SEMPLE.</NewTextValue>
  </TextCorrectedLine>
  <TextCorrectedLine lineID="P1_TL00129">
    <OldTextValue>liimt — SfESCRII'TION, ONE YEAR in dvakce $5 00</OldTextValue>
    <NewTextValue>Terms — SUBSCRIPTION, ONE YEAR in advance $5 00</NewTextValue>
  </TextCorrectedLine>
  <TextCorrectedLine lineID="P1_TL00130">
    <OldTextValue>" SIX MONTHS 2 50</OldTextValue>
    <NewTextValue>"    SIX MONTHS 2 50</NewTextValue>
  </TextCorrectedLine>
  <TextCorrectedLine lineID="P1_TL00131">
    <OldTextValue>Sinuce Copies, I^4</OldTextValue>
    <NewTextValue>Single Copies,   I2½</NewTextValue>
  </TextCorrectedLine>
</TextCorrectedBlock>
<TextCorrectedBlock pageOID="C18470206.1.1" blockID="P1_TB00005" userID="[redacted]">
  <TextCorrectedLine lineID="P1_TL00006">
    <OldTextValue>Of CAPT. WARD MARSTON, U. S. M CORPS,</OldTextValue>
    <NewTextValue>OF CAPT. WARD MARSTON, U. S. M CORPS,</NewTextValue>
  </TextCorrectedLine>
</TextCorrectedBlock>
<TextCorrectedBlock pageOID="C18470206.1.1" blockID="P1_TB00006" userID="[redacted]">
  <TextCorrectedLine lineID="P1_TL00008">
    <OldTextValue>Assistant Surgeon J. Duvall, Aid Je Camp.—A detach-</OldTextValue>
    <NewTextValue>Assistant Surgeon J. Duvall, Aid de Camp.—A detach-</NewTextValue>
  </TextCorrectedLine>
  <TextCorrectedLine lineID="P1_TL00010">
    <OldTextValue>'44 men— Artillery consisting of one field piece, tinder the</OldTextValue>
    <NewTextValue>34 men— Artillery consisting of one field piece, under the</NewTextValue>
  </TextCorrectedLine>
  <TextCorrectedLine lineID="P1_TL00011">
    <OldTextValue>charge of Master m. F. De fongh assisted by Mid. John</OldTextValue>
    <NewTextValue>charge of Master Wm. F. De Longh assisted by Mid. John</NewTextValue>
  </TextCorrectedLine>
  <TextCorrectedLine lineID="P1_TL00012">
    <OldTextValue>M. Kelt, 10 Man—lnterpreter, John Pray—Mounted com-</OldTextValue>
    <NewTextValue>M. Kell, 10 Men—lnterpreter, John Pray—Mounted com-</NewTextValue>
  </TextCorrectedLine>
  <TextCorrectedLine lineID="P1_TL00013">
    <OldTextValue>pany of San Jose Volunteers under command ef Capt. C.</OldTextValue>
    <NewTextValue>pany of San Jose Volunteers under command of Capt. C.</NewTextValue>
  </TextCorrectedLine>
  <TextCorrectedLine lineID="P1_TL00015">
    <OldTextValue>33 men—Mounted Company of Yerbn Buena Volunteers</OldTextValue>
    <NewTextValue>33 men—Mounted Company of Yerba Buena Volunteers</NewTextValue>
  </TextCorrectedLine>
  <TextCorrectedLine lineID="P1_TL00016">
    <OldTextValue>under command of Capt. Win. M. Smith, Lieut. John</OldTextValue>
    <NewTextValue>under command of Capt. Wm. M. Smith, Lieut. John</NewTextValue>
  </TextCorrectedLine>
  <TextCorrectedLine lineID="P1_TL00017">
    <OldTextValue>Rose with a small detachment under Captain J. Martin,' 12</OldTextValue>
    <NewTextValue>Rose with a small detachment under Captain J. Martin, 12</NewTextValue>
  </TextCorrectedLine>
</TextCorrectedBlock>
<TextCorrectedBlock pageOID="C18470206.1.1" blockID="P1_TB00006" userID="[redacted]">
  <TextCorrectedLine lineID="P1_TL00019">
    <OldTextValue>j The above, total 101, left Yerba Bucna on the 991h De-</OldTextValue>
    <NewTextValue>The above, total 101, left Yerba Buena on the 29th De-</NewTextValue>
  </TextCorrectedLine>
  <TextCorrectedLine lineID="P1_TL00020">
    <OldTextValue>cember in'search of the enemy, which they discovered en</OldTextValue>
    <NewTextValue>cember in search of the enemy, which they discovered on</NewTextValue>
  </TextCorrectedLine>
  <TextCorrectedLine lineID="P1_TL00022">
    <OldTextValue>Clara, uuder the command of Francisco Sanchez. An at-</OldTextValue>
    <NewTextValue>Clara, under the command of Francisco Sanchez. An at-</NewTextValue>
  </TextCorrectedLine>
  <TextCorrectedLine lineID="P1_TL00023">
    <OldTextValue>tack wa* immediately ordered, the enemy was forced to</OldTextValue>
    <NewTextValue>tack was immediately ordered, the enemy was forced to</NewTextValue>
  </TextCorrectedLine>
  <TextCorrectedLine lineID="P1_TL00024">
    <OldTextValue>retire, which they were able to do in safety, after some re*</OldTextValue>
    <NewTextValue>retire, which they were able to do in safety, after some re-</NewTextValue>
  </TextCorrectedLine>
  <TextCorrectedLine lineID="P1_TL00025">
    <OldTextValue>•istanee,in consequencr of their superior horses. The tl</OldTextValue>
    <NewTextValue>sistance,in consequence of their superior horses. The af-</NewTextValue>
  </TextCorrectedLine>
  <TextCorrectedLine lineID="P1_TL00026">
    <OldTextValue>fair lasted about an hour during winch ; time we had one</OldTextValue>
    <NewTextValue>fair lasted about an hour during which time we had one</NewTextValue>
  </TextCorrectedLine>
  <TextCorrectedLine lineID="P1_TL00028">
    <OldTextValue>Capt. Weber's in the leg, and the" enemy had "one horse</OldTextValue>
    <NewTextValue>Capt. Weber's in the leg, and the enemy had one horse</NewTextValue>
  </TextCorrectedLine>
  <TextCorrectedLine lineID="P1_TL00029">
    <OldTextValue>killed, and some of 'their.force BUpposed to be killed or</OldTextValue>
    <NewTextValue>killed, and some of their force supposed to be killed or</NewTextValue>
  </TextCorrectedLine>
  <TextCorrectedLine lineID="P1_TL00030">
    <OldTextValue>wounded. In the evening the enemy,vent in--o Flag of</OldTextValue>
    <NewTextValue>wounded. In the evening the enemy sent in a Flag of</NewTextValue>
  </TextCorrectedLine>
  <TextCorrectedLine lineID="P1_TL00031">
    <OldTextValue>Ttuce, with a communication, requesting a. interview</OldTextValue>
    <NewTextValue>Truce, with a communication, requesting an interview</NewTextValue>
  </TextCorrectedLine>
  <TextCorrectedLine lineID="P1_TL00032">
    <OldTextValue>with the commanding officer t&gt;f tlun cxp^di,t!on the |nex"t</OldTextValue>
    <NewTextValue>with the commanding officer of the expedition the next</NewTextValue>
  </TextCorrectedLine>
  <TextCorrectedLine lineID="P1_TL00033">
    <OldTextValue>day, which was gianted, whsn an armistice was entered</OldTextValue>
    <NewTextValue>day, which was granted, when an armistice was entered</NewTextValue>
  </TextCorrectedLine>
  <TextCorrectedLine lineID="P1_TL00034">
    <OldTextValue>into, preparatory to a settlement of the diftjcullie?. On</OldTextValue>
    <NewTextValue>into, preparatory to a settlement of the difficulties. On</NewTextValue>
  </TextCorrectedLine>
  <TextCorrectedLine lineID="P1_TL00035">
    <OldTextValue>the ad, the expedition was reinforced by the Mounted</OldTextValue>
    <NewTextValue>the 3d, the expedition was reinforced by the Mounted</NewTextValue>
  </TextCorrectedLine>
  <TextCorrectedLine lineID="P1_TL00036">
    <OldTextValue>Monterey Volunteers, 55 men, under commnud ofC*Hf)!ain</OldTextValue>
    <NewTextValue>Monterey Volunteers, 55 men, under command of Captain</NewTextValue>
  </TextCorrectedLine>
  <TextCorrectedLine lineID="P1_TL00037">
    <OldTextValue>Win. A. T. Maddox, and on the 7th by the arriral of Lt.</OldTextValue>
    <NewTextValue>Wm. A. T. Maddox, and on the 7th by the arriral of Lt.</NewTextValue>
  </TextCorrectedLine>
  <TextCorrectedLine lineID="P1_TL00039">
    <OldTextValue>ny. On the Bth a treaty was concluded by which the en</OldTextValue>
    <NewTextValue>ny. On the 8th a treaty was concluded by which the en-</NewTextValue>
  </TextCorrectedLine>
  <TextCorrectedLine lineID="P1_TL00040">
    <OldTextValue>«my surrendered Lieut. Burtlett, and the other prisoners,</OldTextValue>
    <NewTextValue>emy surrendered Lieut. Bartlett, and the other prisoners,</NewTextValue>
  </TextCorrectedLine>
  <TextCorrectedLine lineID="P1_TL00041">
    <OldTextValue>as well as nil their arms, including one small field piece,</OldTextValue>
    <NewTextValue>as well as all their arms, including one small field piece,</NewTextValue>
  </TextCorrectedLine>
  <TextCorrectedLine lineID="P1_TL00043">
    <OldTextValue>to return peaceably to their homes,' and the expedition to</OldTextValue>
    <NewTextValue>to return peaceably to their homes, and the expedition to</NewTextValue>
  </TextCorrectedLine>
</TextCorrectedBlock>
<TextCorrectedBlock pageOID="C18470206.1.1" blockID="P1_TB00008" userID="[redacted]">
  <TextCorrectedLine lineID="P1_TL00046">
    <OldTextValue>Th« commanding officer ot the U. S. Farces in this</OldTextValue>
    <NewTextValue>The commanding officer ot the U. S. Forces in this</NewTextValue>
  </TextCorrectedLine>
  <TextCorrectedLine lineID="P1_TL00050">
    <OldTextValue>the iate expedition against the Insurgents, which they</OldTextValue>
    <NewTextValue>the late expedition against the Insurgents, which they</NewTextValue>
  </TextCorrectedLine>
  <TextCorrectedLine lineID="P1_TL00051">
    <OldTextValue>have ho effectually and expeditiously brought to a close.</OldTextValue>
    <NewTextValue>have so effectually and expeditiously brought to a close.</NewTextValue>
  </TextCorrectedLine>
  <TextCorrectedLine lineID="P1_TL00052">
    <OldTextValue>" It is a novel instance in the hi-tory of California* that</OldTextValue>
    <NewTextValue>It is a novel instance in the history of California, that</NewTextValue>
  </TextCorrectedLine>
  <TextCorrectedLine lineID="P1_TL00053">
    <OldTextValue>her unrivalled Cavalry were obliged to surrender and l.&gt;y</OldTextValue>
    <NewTextValue>her unrivalled Cavalry were obliged to surrender and lay</NewTextValue>
  </TextCorrectedLine>
  <TextCorrectedLine lineID="P1_TL00054">
    <OldTextValue>down their arms, in «onsequence of being so effectually</OldTextValue>
    <NewTextValue>down their arms, in consequence of being so effectually</NewTextValue>
  </TextCorrectedLine>
  <TextCorrectedLine lineID="P1_TL00055">
    <OldTextValue>entrapped as to deprive them of their, usual alternative,ami</OldTextValue>
    <NewTextValue>entrapped as to deprive them of their usual alternative, and</NewTextValue>
  </TextCorrectedLine>
  <TextCorrectedLine lineID="P1_TL00057">
    <OldTextValue>To the patriotic citizen Volunteers of Ytrba Buena, un-</OldTextValue>
    <NewTextValue>To the patriotic citizen Volunteers of Yerba Buena, un-</NewTextValue>
  </TextCorrectedLine>
  <TextCorrectedLine lineID="P1_TL00058">
    <OldTextValue>der command of Captain W M. Smith, his thank* are es-</OldTextValue>
    <NewTextValue>der command of Captain W. M. Smith, his thanks are es-</NewTextValue>
  </TextCorrectedLine>
  <TextCorrectedLine lineID="P1_TL00059">
    <OldTextValue>pecially due for their efficient en-operation on this occasion;</OldTextValue>
    <NewTextValue>pecially due for their efficient co-operation on this occasion;</NewTextValue>
  </TextCorrectedLine>
  <TextCorrectedLine lineID="P1_TL00060">
    <OldTextValue>find tender of services, regardless of sacrifices they were</OldTextValue>
    <NewTextValue>and tender of services, regardless of sacrifices they were</NewTextValue>
  </TextCorrectedLine>
  <TextCorrectedLine lineID="P1_TL00062">
    <OldTextValue>U, S. Frigate Savannah, Buj of San Francisco, Jan. 12,]</OldTextValue>
    <NewTextValue>U, S. Frigate Savannah, Bay of San Francisco, Jan. 12,</NewTextValue>
  </TextCorrectedLine>
  <TextCorrectedLine lineID="P1_TL00063">
    <OldTextValue>1647. WM. MERVIiMK. I</OldTextValue>
    <NewTextValue>1847. WM. MERVINE.</NewTextValue>
  </TextCorrectedLine>
</TextCorrectedBlock>
<TextCorrectedBlock pageOID="C18470206.1.1" blockID="P1_TB00009" userID="[redacted]">
  <TextCorrectedLine lineID="P1_TL00064">
    <OldTextValue>YERBA BUENA, Jan'y. 13, 1d47.</OldTextValue>
    <NewTextValue>YERBA BUENA, Jan'y. 13, 1847.</NewTextValue>
  </TextCorrectedLine>
</TextCorrectedBlock>
<TextCorrectedBlock pageOID="C18470206.1.1" blockID="P1_TB00013" userID="[redacted]">
  <TextCorrectedLine lineID="P1_TL00129">
    <OldTextValue>Terms — SUBSCRIPTION, ONE YEAR in advance $5 00</OldTextValue>
    <NewTextValue>Terms — Subscription, one year in advance $5 00</NewTextValue>
  </TextCorrectedLine>
  <TextCorrectedLine lineID="P1_TL00130">
    <OldTextValue>"    SIX MONTHS 2 50</OldTextValue>
    <NewTextValue>"    six months      2 50</NewTextValue>
  </TextCorrectedLine>
</TextCorrectedBlock>
<TextCorrectedBlock pageOID="C18470206.1.1" blockID="P1_TB00010" userID="[redacted]">
  <TextCorrectedLine lineID="P1_TL00066">
    <OldTextValue>your very flattering letter ef thanks, addressed to the offi-</OldTextValue>
    <NewTextValue>your very flattering letter of thanks, addressed to the offi-</NewTextValue>
  </TextCorrectedLine>
  <TextCorrectedLine lineID="P1_TL00067">
    <OldTextValue>cers ami men of the Yerba Buena Rifle Company, under</OldTextValue>
    <NewTextValue>cers and men of the Yerba Buena Rifle Company, under</NewTextValue>
  </TextCorrectedLine>
  <TextCorrectedLine lineID="P1_TL00069">
    <OldTextValue>We arc proud to find that our conduct on the occasion</OldTextValue>
    <NewTextValue>We are proud to find that our conduct on the occasion</NewTextValue>
  </TextCorrectedLine>
  <TextCorrectedLine lineID="P1_TL00071">
    <OldTextValue>pleased to give to it. Our watchwotd is inscribed upon</OldTextValue>
    <NewTextValue>pleased to give to it. Our watchword is inscribed upon</NewTextValue>
  </TextCorrectedLine>
  <TextCorrectedLine lineID="P1_TL00073">
    <OldTextValue>tents, and as we ever wish to be—"Semp*rparatut."</OldTextValue>
    <NewTextValue>sents, and as we ever wish to be—"Semper paratus."</NewTextValue>
  </TextCorrectedLine>
  <TextCorrectedLine lineID="P1_TL00074">
    <OldTextValue>Ace.«'pt therefore our grateful acknowledgements in re-</OldTextValue>
    <NewTextValue>Accept therefore our grateful acknowledgements in re-</NewTextValue>
  </TextCorrectedLine>
  <TextCorrectedLine lineID="P1_TL00075">
    <OldTextValue>turn, with our united wunes for your continued health and</OldTextValue>
    <NewTextValue>turn, with our united wishes for your continued health and</NewTextValue>
  </TextCorrectedLine>
  <TextCorrectedLine lineID="P1_TL00077">
    <OldTextValue>W. N. SMITH, Capt. Y. B. R. c-</OldTextValue>
    <NewTextValue>W. N. SMITH, Capt. Y. B. R. C.</NewTextValue>
  </TextCorrectedLine>
</TextCorrectedBlock>
<TextCorrectedBlock pageOID="C18470206.1.1" blockID="P1_TB00010" userID="[redacted]">
  <TextCorrectedLine lineID="P1_TL00082">
    <OldTextValue>as a rote, and the day is not far distant, when the lively</OldTextValue>
    <NewTextValue>as a rose, and the day is not far distant, when the lively</NewTextValue>
  </TextCorrectedLine>
  <TextCorrectedLine lineID="P1_TL00083">
    <OldTextValue>batiks el'the Sacramento will be dotted and beautified witii</OldTextValue>
    <NewTextValue>banks of the Sacramento will be dotted and beautified with</NewTextValue>
  </TextCorrectedLine>
  <TextCorrectedLine lineID="P1_TL00086">
    <OldTextValue>The brond bosom of its waters, which has for ages upon</OldTextValue>
    <NewTextValue>The broad bosom of its waters, which has for ages upon</NewTextValue>
  </TextCorrectedLine>
  <TextCorrectedLine lineID="P1_TL00087">
    <OldTextValue>ages "Kiiomii no sound, save its own dashing waters," and</OldTextValue>
    <NewTextValue>ages "known no sound, save its own dashing waters," and</NewTextValue>
  </TextCorrectedLine>
  <TextCorrectedLine lineID="P1_TL00090">
    <OldTextValue>&gt;ail», or darkened by the smoke of adventurous commerce</OldTextValue>
    <NewTextValue>sails, or darkened by the smoke of adventurous commerce.</NewTextValue>
  </TextCorrectedLine>
  <TextCorrectedLine lineID="P1_TL00091">
    <OldTextValue>.fn after years when our children are reaping the fruit* of</OldTextValue>
    <NewTextValue>ln after years when our children are reaping the fruits of</NewTextValue>
  </TextCorrectedLine>
  <TextCorrectedLine lineID="P1_TL00093">
    <OldTextValue>piness, purchased with their father's blood, and are repe-</OldTextValue>
    <NewTextValue>piness, purchased with their father's blood, and are repo-</NewTextValue>
  </TextCorrectedLine>
  <TextCorrectedLine lineID="P1_TL00094">
    <OldTextValue>.sing in security beneath the broad folds of "the Star Span-</OldTextValue>
    <NewTextValue>sing in security beneath the broad folds of "the Star Span-</NewTextValue>
  </TextCorrectedLine>
  <TextCorrectedLine lineID="P1_TL00095">
    <OldTextValue>gled Banner. Some curious person mny usk, who first</OldTextValue>
    <NewTextValue>gled Banner." Some curious person may ask, who first</NewTextValue>
  </TextCorrectedLine>
  <TextCorrectedLine lineID="P1_TL00096">
    <OldTextValue>displaced the glorious emblem on these fair waters. For</OldTextValue>
    <NewTextValue>displayed the glorious emblem on these fair waters. For</NewTextValue>
  </TextCorrectedLine>
  <TextCorrectedLine lineID="P1_TL00097">
    <OldTextValue>the edification ni such, we would inloim them that Captain</OldTextValue>
    <NewTextValue>the edification of such, we would inform them that Captain</NewTextValue>
  </TextCorrectedLine>
  <TextCorrectedLine lineID="P1_TL00098">
    <OldTextValue>\Wm D. Phelps, of the good ship Alert, of Bostcn, and</OldTextValue>
    <NewTextValue>Wm D. Phelps, of the good ship Alert, of Boston, and</NewTextValue>
  </TextCorrectedLine>
  <TextCorrectedLine lineID="P1_TL00099">
    <OldTextValue>owned by Messrs B&gt;yant&amp; Sturges, with a boat from that</OldTextValue>
    <NewTextValue>owned by Messrs Bryant &amp; Sturges, with a boat from that</NewTextValue>
  </TextCorrectedLine>
  <TextCorrectedLine lineID="P1_TL00100">
    <OldTextValue>i.-.hip, for the purpose of trade and discovery, was the first</OldTextValue>
    <NewTextValue>ship, for the purpose of trade and discovery, was the first</NewTextValue>
  </TextCorrectedLine>
  <TextCorrectedLine lineID="P1_TL00101">
    <OldTextValue>ship* boat that ascended the river to any considerrble dis-</OldTextValue>
    <NewTextValue>ship's boat that ascended the river to any considerable dis-</NewTextValue>
  </TextCorrectedLine>
</TextCorrectedBlock>
<TextCorrectedBlock pageOID="C18470206.1.1" blockID="P1_TB00012" userID="[redacted]">
  <TextCorrectedLine lineID="P1_TL00120">
    <OldTextValue>NO DOUBT.—"I see," said a young lady to her'mothei</OldTextValue>
    <NewTextValue>NO DOUBT.—"I see," said a young lady to her mother</NewTextValue>
  </TextCorrectedLine>
  <TextCorrectedLine lineID="P1_TL00121">
    <OldTextValue>''that some booksellers advertise blank liutlaraiious lor tale.</OldTextValue>
    <NewTextValue>''that some booksellers advertise blank dectlarations for sale.</NewTextValue>
  </TextCorrectedLine>
  <TextCorrectedLine lineID="P1_TL00122">
    <OldTextValue>I wish I ceuld get one."</OldTextValue>
    <NewTextValue>I wish I could get one."</NewTextValue>
  </TextCorrectedLine>
  <TextCorrectedLine lineID="P1_TL00124">
    <OldTextValue>"Because Mr. B is to© modest to ask me to marry</OldTextValue>
    <NewTextValue>"Because Mr. B--- is too modest to ask me to marry</NewTextValue>
  </TextCorrectedLine>
  <TextCorrectedLine lineID="P1_TL00125">
    <OldTextValue>him, and perhaps it' I could fill a blank declaration, with</OldTextValue>
    <NewTextValue>him, and perhaps if I could fill a blank declaration, with</NewTextValue>
  </TextCorrectedLine>
  <TextCorrectedLine lineID="P1_TL00126">
    <OldTextValue>|the "question," he would sign it."</OldTextValue>
    <NewTextValue>the "question," he would sign it."</NewTextValue>
  </TextCorrectedLine>
</TextCorrectedBlock>
<TextCorrectedBlock pageOID="C18470206.1.2" blockID="P2_TB00010" userID="[redacted]">
  <TextCorrectedLine lineID="P2_TL00129">
    <OldTextValue>SATURDAY, FEBRUARY, 6, mi.</OldTextValue>
    <NewTextValue>SATURDAY, FEBRUARY, 6, 1847.</NewTextValue>
  </TextCorrectedLine>
</TextCorrectedBlock>
<TextCorrectedBlock pageOID="C18470206.1.2" blockID="P2_TB00001" userID="[redacted]">
  <TextCorrectedLine lineID="P2_TL00004">
    <OldTextValue>his company Bnd fiteld train of artillery eHtne out in her.</OldTextValue>
    <NewTextValue>his company and field train of artillery came out in her.</NewTextValue>
  </TextCorrectedLine>
  <TextCorrectedLine lineID="P2_TL00005">
    <OldTextValue>He has since taken up his port at Fort Mervine, and given</OldTextValue>
    <NewTextValue>He has since taken up his post at Fort Mervine, and given</NewTextValue>
  </TextCorrectedLine>
  <TextCorrectedLine lineID="P2_TL00006">
    <OldTextValue>lo the fortilication qui;e a military aspect. His company</OldTextValue>
    <NewTextValue>to the fortification quite a military aspect. His company</NewTextValue>
  </TextCorrectedLine>
  <TextCorrectedLine lineID="P2_TL00008">
    <OldTextValue>Lieut. Henry VV. Hallock t.f the U. S. Engineer corps</OldTextValue>
    <NewTextValue>Lieut. Henry W. Hallock of the U. S. Engineer corps</NewTextValue>
  </TextCorrectedLine>
  <TextCorrectedLine lineID="P2_TL00009">
    <OldTextValue>has also come out in the Lexington. Ho is entrusted with</OldTextValue>
    <NewTextValue>has also come out in the Lexington. He is entrusted with</NewTextValue>
  </TextCorrectedLine>
  <TextCorrectedLine lineID="P2_TL00010">
    <OldTextValue>the erectieN of permiinent fortifications: at themo-t impor-</OldTextValue>
    <NewTextValue>the erection of permanent fortifications at the most impor-</NewTextValue>
  </TextCorrectedLine>
  <TextCorrectedLine lineID="P2_TL00011">
    <OldTextValue>tant points on tiie sea board. He is well provided with</OldTextValue>
    <NewTextValue>tant points on the sea board. He is well provided with</NewTextValue>
  </TextCorrectedLine>
  <TextCorrectedLine lineID="P2_TL00012">
    <OldTextValue>shovels, spades, pick-axes, ploughs, and all the implement*</OldTextValue>
    <NewTextValue>shovels, spades, pick-axes, ploughs, and all the implements</NewTextValue>
  </TextCorrectedLine>
  <TextCorrectedLine lineID="P2_TL00013">
    <OldTextValue>used in the construction #f formications, ami brings aUo</OldTextValue>
    <NewTextValue>used in the construction of fortifications, and brings also</NewTextValue>
  </TextCorrectedLine>
</TextCorrectedBlock>
<TextCorrectedBlock pageOID="C18470206.1.2" blockID="P2_TB00001" userID="[redacted]">
  <TextCorrectedLine lineID="P2_TL00016">
    <OldTextValue>tery guns, 2-1 pounders, mortars, shot, shells, musket?, pu-</OldTextValue>
    <NewTextValue>tery guns, 24 pounders, mortars, shot, shells, muskets, pis-</NewTextValue>
  </TextCorrectedLine>
  <TextCorrectedLine lineID="P2_TL00017">
    <OldTextValue>tols, swords, fixed ammunition, several hundred barrels ef</OldTextValue>
    <NewTextValue>tols, swords, fixed ammunition, several hundred barrels of</NewTextValue>
  </TextCorrectedLine>
  <TextCorrectedLine lineID="P2_TL00018">
    <OldTextValue>powder, iLe. &amp;c.</OldTextValue>
    <NewTextValue>powder, &amp;c. &amp;c.</NewTextValue>
  </TextCorrectedLine>
  <TextCorrectedLine lineID="P2_TL00019">
    <OldTextValue>Three other transports from New York arc shortly ex-</OldTextValue>
    <NewTextValue>Three other transports from New York are shortly ex-</NewTextValue>
  </TextCorrectedLine>
  <TextCorrectedLine lineID="P2_TL00022">
    <OldTextValue>their Msrch by the Santa Fe route will mske a large</OldTextValue>
    <NewTextValue>their March by the Santa Fe route will make a large</NewTextValue>
  </TextCorrectedLine>
  <TextCorrectedLine lineID="P2_TL00023">
    <OldTextValue>fo»ce, sufl'icitnt to secure California as a territory of the</OldTextValue>
    <NewTextValue>force, sufficient to secure California as a territory of the</NewTextValue>
  </TextCorrectedLine>
  <TextCorrectedLine lineID="P2_TL00025">
    <OldTextValue>FORTIFICATION.-It U believed that a fortification</OldTextValue>
    <NewTextValue>FORTIFICATION.-It is believed that a fortification</NewTextValue>
  </TextCorrectedLine>
  <TextCorrectedLine lineID="P2_TL00026">
    <OldTextValue>will be oommenoed at tbe Hay of San Fiancisoo as soon a»</OldTextValue>
    <NewTextValue>will be commenced at the Hay of San Fiancisco as soon as</NewTextValue>
  </TextCorrectedLine>
  <TextCorrectedLine lineID="P2_TL00028">
    <OldTextValue>portant point •■ the c»a»t, ns it must continue to bo thr</OldTextValue>
    <NewTextValue>portant point on the coast, as it must continue to be the</NewTextValue>
  </TextCorrectedLine>
  <TextCorrectedLine lineID="P2_TL00029">
    <OldTextValue>resting place for the whalers, and a IVavy yard and arsen-</OldTextValue>
    <NewTextValue>resting place for the whalers, and a Navy yard and arsen-</NewTextValue>
  </TextCorrectedLine>
  <TextCorrectedLine lineID="P2_TL00031">
    <OldTextValue>ofj Carquir ez is a point admirably adapted for bath.</OldTextValue>
    <NewTextValue>of Carquinez is a point admirably adapted for both.</NewTextValue>
  </TextCorrectedLine>
  <TextCorrectedLine lineID="P2_TL00032">
    <OldTextValue>There is an abundance of timber up the Sacramen</OldTextValue>
    <NewTextValue>There is an abundance of timber up the Sacramen-</NewTextValue>
  </TextCorrectedLine>
  <TextCorrectedLine lineID="P2_TL00036">
    <OldTextValue>the power will use some moana to open a communication</OldTextValue>
    <NewTextValue>the power will use some means to open a communication</NewTextValue>
  </TextCorrectedLine>
  <TextCorrectedLine lineID="P2_TL00037">
    <OldTextValue>through the couutry. It is &amp; melancholy sight for a poor</OldTextValue>
    <NewTextValue>through the country. It is a melancholy sight for a poor</NewTextValue>
  </TextCorrectedLine>
  <TextCorrectedLine lineID="P2_TL00038">
    <OldTextValue>Editor t» look over the packages of eight weeks of his little</OldTextValue>
    <NewTextValue>Editor to look over the packages of eight weeks of his little</NewTextValue>
  </TextCorrectedLine>
  <TextCorrectedLine lineID="P2_TL00042">
    <OldTextValue>The officers *f the lodependence and Lexington have</OldTextValue>
    <NewTextValue>The officers of the lndependence and Lexington have</NewTextValue>
  </TextCorrectedLine>
  <TextCorrectedLine lineID="P2_TL00043">
    <OldTextValue>furnuhed us with severel )!) !t te American paper., but they</OldTextValue>
    <NewTextValue>furnished us with several late American papers, but they</NewTextValue>
  </TextCorrectedLine>
  <TextCorrectedLine lineID="P2_TL00044">
    <OldTextValue>eontnin little else than heated purty politic. We hope it</OldTextValue>
    <NewTextValue>contain little else than heated party politics. We hope it</NewTextValue>
  </TextCorrectedLine>
  <TextCorrectedLine lineID="P2_TL00045">
    <OldTextValue>will be long b.fore such a state of thing! shall oe.ur in</OldTextValue>
    <NewTextValue>will be long before such a state of things shall occur in</NewTextValue>
  </TextCorrectedLine>
  <TextCorrectedLine lineID="P2_TL00046">
    <OldTextValue>California. The new tariff, will »t least n. t be a subject</OldTextValue>
    <NewTextValue>California. The new tariff, will at least not be a subject</NewTextValue>
  </TextCorrectedLine>
  <TextCorrectedLine lineID="P2_TL00047">
    <OldTextValue>of quarrel here, for every mov,- towards "nu: E tradb" will</OldTextValue>
    <NewTextValue>of quarrel here, for every move towards "Free Trade" will</NewTextValue>
  </TextCorrectedLine>
  <TextCorrectedLine lineID="P2_TL00048">
    <OldTextValue>be on advantage tv this country. We have wither far</OldTextValue>
    <NewTextValue>be an advantage to this country. We have neither far-</NewTextValue>
  </TextCorrectedLine>
  <TextCorrectedLine lineID="P2_TL00049">
    <OldTextValue>ming utensils or mechanics tools/and it is important to</OldTextValue>
    <NewTextValue>ming utensils or mechanics tools, and it is important to</NewTextValue>
  </TextCorrectedLine>
  <TextCorrectedLine lineID="P2_TL00050">
    <OldTextValue>get them at the lowest possible rai*-.</OldTextValue>
    <NewTextValue>get them at the lowest possible rate.</NewTextValue>
  </TextCorrectedLine>
</TextCorrectedBlock>
<TextCorrectedBlock pageOID="C18470206.1.2" blockID="P2_TB00003" userID="[redacted]">
  <TextCorrectedLine lineID="P2_TL00052">
    <OldTextValue>It i« with the deepest rearetTTTTnVoin^vrirauther</OldTextValue>
    <NewTextValue>It is with the deepest regret we learn from a well authen-</NewTextValue>
  </TextCorrectedLine>
  <TextCorrectedLine lineID="P2_TL00053">
    <OldTextValue>t.cated source, that the U. S Schooner Shark i..hS?v</OldTextValue>
    <NewTextValue>ticated source, that the U. S Schooner Shark has lately</NewTextValue>
  </TextCorrectedLine>
  <TextCorrectedLine lineID="P2_TL00054">
    <OldTextValue>become totally reeked .1 the meufh of the Colombia "</OldTextValue>
    <NewTextValue>become totally wrecked at the mouth of the Colombia riv-</NewTextValue>
  </TextCorrectedLine>
  <TextCorrectedLine lineID="P2_TL00055">
    <OldTextValue>et. We hnv« favored with the privilege of making</OldTextValue>
    <NewTextValue>er. We have been favored with the privilege of making</NewTextValue>
  </TextCorrectedLine>
</TextCorrectedBlock>
<TextCorrectedBlock pageOID="C18470206.1.2" blockID="P2_TB00004" userID="[redacted]">
  <TextCorrectedLine lineID="P2_TL00056">
    <OldTextValue>itie following extract from a private letter received by an</OldTextValue>
    <NewTextValue>the following extract from a private letter received by an</NewTextValue>
  </TextCorrectedLine>
  <TextCorrectedLine lineID="P2_TL00059">
    <OldTextValue>.' EXTRACT OF A LITTER DATED, ,"\V'.</OldTextValue>
    <NewTextValue>EXTRACT OF A LETTER DATED,</NewTextValue>
  </TextCorrectedLine>
  <TextCorrectedLine lineID="P2_TL00060">
    <OldTextValue>Vancouver Sept. M, 1846.</OldTextValue>
    <NewTextValue>Vancouver Sept. 14, 1846.</NewTextValue>
  </TextCorrectedLine>
  <TextCorrectedLine lineID="P2_TL00061">
    <OldTextValue>"TMs morning we hoard from Mr. Pi.sk, who Ims arrived</OldTextValue>
    <NewTextValue>"This morning we heard from Mr. Pisk, who has arrived</NewTextValue>
  </TextCorrectedLine>
  <TextCorrectedLine lineID="P2_TL00062">
    <OldTextValue>from Fort George, that the U. S. Schr, Shark is totally</OldTextValue>
    <NewTextValue>from Fort George, that the U. S. Schr. Shark is totally</NewTextValue>
  </TextCorrectedLine>
  <TextCorrectedLine lineID="P2_TL00063">
    <OldTextValue>wrecked. She gut on the south spit nearly two miles out-</OldTextValue>
    <NewTextValue>wrecked. She got on the south spit nearly two miles out-</NewTextValue>
  </TextCorrectedLine>
  <TextCorrectedLine lineID="P2_TL00065">
    <OldTextValue>all she could in vain, the boats were sent on share with a»</OldTextValue>
    <NewTextValue>all she could in vain, the boats were sent on shore with as</NewTextValue>
  </TextCorrectedLine>
  <TextCorrectedLine lineID="P2_TL00066">
    <OldTextValue>many of the crew as they could carry;:those on board hois-</OldTextValue>
    <NewTextValue>many of the crew as they could carry; those on board hois-</NewTextValue>
  </TextCorrectedLine>
  <TextCorrectedLine lineID="P2_TL00067">
    <OldTextValue>ted a light and kept firing guns through the nigiit. The</OldTextValue>
    <NewTextValue>ted a light and kept firing guns through the night. The</NewTextValue>
  </TextCorrectedLine>
  <TextCorrectedLine lineID="P2_TL00068">
    <OldTextValue>light could bartly be seen by our people on the cape, and</OldTextValue>
    <NewTextValue>light could barely be seen by our people on the cape, and</NewTextValue>
  </TextCorrectedLine>
  <TextCorrectedLine lineID="P2_TL00069">
    <OldTextValue>if they had been »v the water in a canoe, they co«ld uot</OldTextValue>
    <NewTextValue>if they had been on the water in a canoe, they could not</NewTextValue>
  </TextCorrectedLine>
  <TextCorrectedLine lineID="P2_TL00070">
    <OldTextValue>have seen it at all, and there would have been'no chance</OldTextValue>
    <NewTextValue>have seen it at all, and there would have been no chance</NewTextValue>
  </TextCorrectedLine>
  <TextCorrectedLine lineID="P2_TL00071">
    <OldTextValue>&lt;&gt;f reaching them. At day light, a number of men could</OldTextValue>
    <NewTextValue>of reaching them. At day light, a number of men could</NewTextValue>
  </TextCorrectedLine>
  <TextCorrectedLine lineID="P2_TL00072">
    <OldTextValue>he seen on the poop; shortly afterward, two boats were</OldTextValue>
    <NewTextValue>be seen on the poop; shortly afterward, two boats were</NewTextValue>
  </TextCorrectedLine>
  <TextCorrectedLine lineID="P2_TL00073">
    <OldTextValue>seen opprvachifig the vessel, as.they soon left after getting</OldTextValue>
    <NewTextValue>seen opproaching the vessel, as they soon left after getting</NewTextValue>
  </TextCorrectedLine>
  <TextCorrectedLine lineID="P2_TL00074">
    <OldTextValue>to the vessel, and all hand* were seemingly removed from</OldTextValue>
    <NewTextValue>to the vessel, and all hands were seemingly removed from</NewTextValue>
  </TextCorrectedLine>
  <TextCorrectedLine lineID="P2_TL00076">
    <OldTextValue>Adams, on the Claisop shore, ,in safety. Her B. M. S.</OldTextValue>
    <NewTextValue>Adams, on the Clatsop shore, in safety. Her B. M. S.</NewTextValue>
  </TextCorrectedLine>
  <TextCorrectedLine lineID="P2_TL00077">
    <OldTextValue>Modest*'* fust cutter leaves tomorrow with a present sup-</OldTextValue>
    <NewTextValue>Modesto's first cutter leaves tomorrow with a present sup-</NewTextValue>
  </TextCorrectedLine>
  <TextCorrectedLine lineID="P2_TL00078">
    <OldTextValue>ply &lt;&gt;f provision?. At the hour the canoe, was leaving, Mr.</OldTextValue>
    <NewTextValue>ply of provisions. At the hour the canoe was leaving, Mr.</NewTextValue>
  </TextCorrectedLine>
  <TextCorrectedLine lineID="P2_TL00079">
    <OldTextValue>rVers writes, "the wind is now blowing fresh from the S.</OldTextValue>
    <NewTextValue>Peers writes, "the wind is now blowing fresh from the S.</NewTextValue>
  </TextCorrectedLine>
  <TextCorrectedLine lineID="P2_TL00080">
    <OldTextValue>VV and the sea is making a fair breach over the unfortu-</OldTextValue>
    <NewTextValue>W. and the sea is making a fair breach over the unfortu-</NewTextValue>
  </TextCorrectedLine>
  <TextCorrectedLine lineID="P2_TL00081">
    <OldTextValue>nate Shaik."— Oregon Spectator</OldTextValue>
    <NewTextValue>nate Shark."— Oregon Spectator</NewTextValue>
  </TextCorrectedLine>
</TextCorrectedBlock>
<TextCorrectedBlock pageOID="C18470206.1.2" blockID="P2_TB00006" userID="[redacted]">
  <TextCorrectedLine lineID="P2_TL00084">
    <OldTextValue>nouncing to the inhabitant* of Monterey, that from infor-</OldTextValue>
    <NewTextValue>nouncing to the inhabitants of Monterey, that from infor-</NewTextValue>
  </TextCorrectedLine>
  <TextCorrectedLine lineID="P2_TL00085">
    <OldTextValue>mation received from various sources, he hag every reason</OldTextValue>
    <NewTextValue>mation received from various sources, he has every reason</NewTextValue>
  </TextCorrectedLine>
  <TextCorrectedLine lineID="P2_TL00086">
    <OldTextValue>to believe that the (disorders which have recently disturbed</OldTextValue>
    <NewTextValue>to believe that the disorders which have recently disturbed</NewTextValue>
  </TextCorrectedLine>
  <TextCorrectedLine lineID="P2_TL00088">
    <OldTextValue>and »ecurity an: restored, to this district oertainh, and ha</OldTextValue>
    <NewTextValue>and security are restored, to this district certainly, and he</NewTextValue>
  </TextCorrectedLine>
  <TextCorrectedLine lineID="P2_TL00090">
    <OldTextValue>M he in.proved Mate of nriairs in the district and the arri.</OldTextValue>
    <NewTextValue>The improved state of affairs in the district and the arri-</NewTextValue>
  </TextCorrectedLine>
  <TextCorrectedLine lineID="P2_TL00091">
    <OldTextValue>val of a company of U. S. Artillery, under Capt. Tocrtp-</OldTextValue>
    <NewTextValue>val of a company of U. S. Artillery, under Capt. Tomp-</NewTextValue>
  </TextCorrectedLine>
  <TextCorrectedLine lineID="P2_TL00092">
    <OldTextValue>!&lt;ms, has enabled the Comtnandei-in Chief to dispense</OldTextValue>
    <NewTextValue>kins, has enabled the Commander-in Chief to dispense</NewTextValue>
  </TextCorrectedLine>
  <TextCorrectedLine lineID="P2_TL00095">
    <OldTextValue>t.iotie settlers who composed this company, nobly stepped</OldTextValue>
    <NewTextValue>triotic settlers who composed this company, nobly stepped</NewTextValue>
  </TextCorrectedLine>
  <TextCorrectedLine lineID="P2_TL00096">
    <OldTextValue>forward in time »f .langer, and stood between the Flag of</OldTextValue>
    <NewTextValue>forward in time of danger, and stood between the Flag of</NewTextValue>
  </TextCorrectedLine>
  <TextCorrectedLine lineID="P2_TL00098">
    <OldTextValue>of Monterey on the one hand, and the bands of lavvlesa</OldTextValue>
    <NewTextValue>of Monterey on the one hand, and the bands of lawless</NewTextValue>
  </TextCorrectedLine>
  <TextCorrectedLine lineID="P2_TL00101">
    <OldTextValue>ts d Volunteers under Lieutenant Maddox, of the Marine</OldTextValue>
    <NewTextValue>ted Volunteers under Lieutenant Maddox, of the Marine</NewTextValue>
  </TextCorrectedLine>
  <TextCorrectedLine lineID="P2_TL00102">
    <OldTextValue>Lorps, (acting as Captain,) is tendered the thanks of the</OldTextValue>
    <NewTextValue>Corps, (acting as Captain,) is tendered the thanks of the</NewTextValue>
  </TextCorrectedLine>
  <TextCorrectedLine lineID="P2_TL00103">
    <OldTextValue>Commander-m-Chief, and wi!l without doubt receive</OldTextValue>
    <NewTextValue>Commander-in-Chief, and will without doubt receive</NewTextValue>
  </TextCorrectedLine>
  <TextCorrectedLine lineID="P2_TL00104">
    <OldTextValue>commendation and due recompense fiom the General Gov-</OldTextValue>
    <NewTextValue>commendation and due recompense from the General Gov-</NewTextValue>
  </TextCorrectedLine>
  <TextCorrectedLine lineID="P2_TL00106">
    <OldTextValue>Given on bnnrd the U. S Sliip Independence, Harbor</OldTextValue>
    <NewTextValue>Given on board the U. S Ship Independence, Harbor</NewTextValue>
  </TextCorrectedLine>
  <TextCorrectedLine lineID="P2_TL00107">
    <OldTextValue>of Monterey, February Ist 1847.</OldTextValue>
    <NewTextValue>of Monterey, February 1st 1847.</NewTextValue>
  </TextCorrectedLine>
</TextCorrectedBlock>
<TextCorrectedBlock pageOID="C18470206.1.2" blockID="P2_TB00007" userID="[redacted]">
  <TextCorrectedLine lineID="P2_TL00108">
    <OldTextValue>VV. BRADFORD SHUBRICK,</OldTextValue>
    <NewTextValue>W. BRANFORD SHUBRICK,</NewTextValue>
  </TextCorrectedLine>
</TextCorrectedBlock>
<TextCorrectedBlock pageOID="C18470206.1.2" blockID="P2_TB00008" userID="[redacted]">
  <TextCorrectedLine lineID="P2_TL00109">
    <OldTextValue>Cemmander-in-Chief</OldTextValue>
    <NewTextValue>Commander-in-Chief.</NewTextValue>
  </TextCorrectedLine>
</TextCorrectedBlock>
<TextCorrectedBlock pageOID="C18470206.1.2" blockID="P2_TB00009" userID="[redacted]">
  <TextCorrectedLine lineID="P2_TL00110">
    <OldTextValue>We have received through the hand* of a correspondent,</OldTextValue>
    <NewTextValue>We have received through the hands of a correspondent,</NewTextValue>
  </TextCorrectedLine>
  <TextCorrectedLine lineID="P2_TL00111">
    <OldTextValue>the following circular issued by Col. Fremont, as civ.l Gov-</OldTextValue>
    <NewTextValue>the following circular issued by Col. Fremont, as civil Gov-</NewTextValue>
  </TextCorrectedLine>
  <TextCorrectedLine lineID="P2_TL00112">
    <OldTextValue>ernor of California. ' ■</OldTextValue>
    <NewTextValue>ernor of California.</NewTextValue>
  </TextCorrectedLine>
  <TextCorrectedLine lineID="P2_TL00114">
    <OldTextValue>' Mod.ire Shuhnck could not have been known. '</OldTextValue>
    <NewTextValue>modore Shubrick could not have been known.</NewTextValue>
  </TextCorrectedLine>
  <TextCorrectedLine lineID="P2_TL00115">
    <OldTextValue>•i:V» A. CIRCULAR.</OldTextValue>
    <NewTextValue>A CIRCULAR.</NewTextValue>
  </TextCorrectedLine>
  <TextCorrectedLine lineID="P2_TL00116">
    <OldTextValue>The peace or the country bei.g restored, and future</OldTextValue>
    <NewTextValue>The peace of the country being restored, and future</NewTextValue>
  </TextCorrectedLine>
  <TextCorrectedLine lineID="P2_TL00117">
    <OldTextValue>trMqujlity vouchsafe! by a treaty made and entered into</OldTextValue>
    <NewTextValue>tranquility vouchsafed by a treaty made and entered into</NewTextValue>
  </TextCorrectedLine>
  <TextCorrectedLine lineID="P2_TL00118">
    <OldTextValue>by Commoner* respectively appointed by the properly</OldTextValue>
    <NewTextValue>by Commissioners respectively appointed by the properly</NewTextValue>
  </TextCorrectedLine>
  <TextCorrectedLine lineID="P2_TL00119">
    <OldTextValue>authorized GHifornia Officers oh the one hand,,, a d by</OldTextValue>
    <NewTextValue>authorized California Officers on the one hand, and by</NewTextValue>
  </TextCorrectedLine>
  <TextCorrectedLine lineID="P2_TL00120">
    <OldTextValue>myself, as Military Commandant of the United Slate. For-</OldTextValue>
    <NewTextValue>myself, as Military Commandant of the United States For-</NewTextValue>
  </TextCorrectedLine>
  <TextCorrectedLine lineID="P2_TL00123">
    <OldTextValue>■change of «|| prisoners, Ac &amp;c, forthwith ensure to the</OldTextValue>
    <NewTextValue>change of all prisoners, &amp;c &amp;c, forthwith ensure to the</NewTextValue>
  </TextCorrectedLine>
  <TextCorrectedLine lineID="P2_TL00125">
    <OldTextValue>through.* the land. A «&gt;py of which said treaty will be</OldTextValue>
    <NewTextValue>throughout the land. A copy of which said treaty will be</NewTextValue>
  </TextCorrectedLine>
  <TextCorrectedLine lineID="P2_TL00126">
    <OldTextValue>immediately. published in the California newspaper, pub-</OldTextValue>
    <NewTextValue>immediately published in the California newspaper, pub-</NewTextValue>
  </TextCorrectedLine>
  <TextCorrectedLine lineID="P2_TL00127">
    <OldTextValue>lished (it Monterey. . v l ■"".;</OldTextValue>
    <NewTextValue>lished at Monterey.</NewTextValue>
  </TextCorrectedLine>
  <TextCorrectedLine lineID="P2_TL00128">
    <OldTextValue>Therefore, in virtue of the aforesaid treaty, a, well as</OldTextValue>
    <NewTextValue>Therefore, in virtue of the aforesaid treaty, as well as</NewTextValue>
  </TextCorrectedLine>
</TextCorrectedBlock>
<TextCorrectedBlock pageOID="C18470206.1.3" blockID="P3_TB00001" userID="[redacted]">
  <TextCorrectedLine lineID="P3_TL00001">
    <OldTextValue>the fuii'utioiid! tl.at in n.e rc»t as Civil Governor of Califor-</OldTextValue>
    <NewTextValue>the functional that in me rest as Civil Governor of Califor-</NewTextValue>
  </TextCorrectedLine>
  <TextCorrectedLine lineID="P3_TL00002">
    <OldTextValue>nia", I do hereby proclaim order and peace lestored to the</OldTextValue>
    <NewTextValue>nia, I do hereby proclaim order and peace restored to the</NewTextValue>
  </TextCorrectedLine>
  <TextCorrectedLine lineID="P3_TL00003">
    <OldTextValue>country, and require the immediate release: of all prisoner*,!</OldTextValue>
    <NewTextValue>country, and require the immediate release of all prisoners,</NewTextValue>
  </TextCorrectedLine>
  <TextCorrectedLine lineID="P3_TL00007">
    <OldTextValue>maintenance of good order when troops or« garrisoned.</OldTextValue>
    <NewTextValue>maintenance of good order when troops are garrisoned.</NewTextValue>
  </TextCorrectedLine>
  <TextCorrectedLine lineID="P3_TL00008">
    <OldTextValue>• Done at the Capitol of the Territory of California tern-</OldTextValue>
    <NewTextValue>Done at the Capitol of the Territory of California tem-</NewTextValue>
  </TextCorrectedLine>
  <TextCorrectedLine lineID="P3_TL00009">
    <OldTextValue>" porarily seated at the Ciudad de los Angeles this 22d clay</OldTextValue>
    <NewTextValue>porarily seated at the Ciudad de los Angeles this 22d day</NewTextValue>
  </TextCorrectedLine>
  <TextCorrectedLine lineID="P3_TL00010">
    <OldTextValue>of January, A. D.I 847. J. C. FREMONTi</OldTextValue>
    <NewTextValue>of January, A. D. 1847.   J. C. FREMONT,</NewTextValue>
  </TextCorrectedLine>
  <TextCorrectedLine lineID="P3_TL00011">
    <OldTextValue>Governor and Cornmnnder-in-Ciiief of California.</OldTextValue>
    <NewTextValue>Governor and Commander-in-Chief of California.</NewTextValue>
  </TextCorrectedLine>
  <TextCorrectedLine lineID="P3_TL00012">
    <OldTextValue>Witness: —Win. H. Russell, Secretary of State. 25-lt</OldTextValue>
    <NewTextValue>Witness: —Wm. H. Russell, Secretary of State.</NewTextValue>
  </TextCorrectedLine>
  <TextCorrectedLine lineID="P3_TL00013">
    <OldTextValue>,- ; ;i.n -:,v .CIRCULAR.</OldTextValue>
    <NewTextValue>CIRCULAR.</NewTextValue>
  </TextCorrectedLine>
</TextCorrectedBlock>
<TextCorrectedBlock pageOID="C18470206.1.3" blockID="P3_TB00003" userID="[redacted]">
  <TextCorrectedLine lineID="P3_TL00044">
    <OldTextValue>and Hubert Semple, the first ing the owner in fee of</OldTextValue>
    <NewTextValue>and Robert Semple, the first being the owner in fee of</NewTextValue>
  </TextCorrectedLine>
  <TextCorrectedLine lineID="P3_TL00045">
    <OldTextValue>Janet known by the name of Sotcol, in the Jurisdiction of</OldTextValue>
    <NewTextValue>land known by the name of Soscol, in the Jurisdiction of</NewTextValue>
  </TextCorrectedLine>
  <TextCorrectedLine lineID="P3_TL00046">
    <OldTextValue>■ah Francisco, have agreed npon »he following articles:</OldTextValue>
    <NewTextValue>San Francisco, have agreed upon the following articles:</NewTextValue>
  </TextCorrectedLine>
  <TextCorrectedLine lineID="P3_TL00047">
    <OldTextValue>Ist.-— That between them, of their free will and accord,</OldTextValue>
    <NewTextValue>1st.-— That between them, of their free will and accord,</NewTextValue>
  </TextCorrectedLine>
  <TextCorrectedLine lineID="P3_TL00049">
    <OldTextValue>(tailed "Franciica," comirencing the same as soon as pos-</OldTextValue>
    <NewTextValue>cailed "Francisca," commencing the same as soon as pos-</NewTextValue>
  </TextCorrectedLine>
  <TextCorrectedLine lineID="P3_TL00050">
    <OldTextValue>sible. U-- J ';, ,'.*", 1".</OldTextValue>
    <NewTextValue>sible.</NewTextValue>
  </TextCorrectedLine>
</TextCorrectedBlock>
<TextCorrectedBlock pageOID="C18470206.1.3" blockID="P3_TB00003" userID="[redacted]">
  <TextCorrectedLine lineID="P3_TL00051">
    <OldTextValue>2nd.—Said City to be built on the strait of Carquintz,</OldTextValue>
    <NewTextValue>2nd.—Said City to be built on the strait of Carquinez,</NewTextValue>
  </TextCorrectedLine>
  <TextCorrectedLine lineID="P3_TL00052">
    <OldTextValue>within the Bay of Ban Francisco, commencing at a ro«k</OldTextValue>
    <NewTextValue>within the Bay of San Francisco, commencing at a rock</NewTextValue>
  </TextCorrectedLine>
  <TextCorrectedLine lineID="P3_TL00054">
    <OldTextValue>"K. S. 1646," thence extending to the west five miles</OldTextValue>
    <NewTextValue>"R. S. 1846," thence extending to the west five miles</NewTextValue>
  </TextCorrectedLine>
  <TextCorrectedLine lineID="P3_TL00057">
    <OldTextValue>!3d .. T —The title to said land being now held by Mr. Val</OldTextValue>
    <NewTextValue>3d.—The title to said land being now held by Mr. Val-</NewTextValue>
  </TextCorrectedLine>
  <TextCorrectedLine lineID="P3_TL00058">
    <OldTextValue>lejn in legitimate possessor, he, by this agreement, grants</OldTextValue>
    <NewTextValue>lejo its legitimate possessor, he, by this agreement, grants</NewTextValue>
  </TextCorrectedLine>
  <TextCorrectedLine lineID="P3_TL00059">
    <OldTextValue>to Mr.'Semple in fen, and for hi» u*e, (en propriedad y</OldTextValue>
    <NewTextValue>to Mr. Semple in fee, and for his use, (en propriedad y</NewTextValue>
  </TextCorrectedLine>
  <TextCorrectedLine lineID="P3_TL00060">
    <OldTextValue>u«u fructe,) one individable half of said five miles of land,</OldTextValue>
    <NewTextValue>usu fructo,) one individable half of said five miles of land,</NewTextValue>
  </TextCorrectedLine>
  <TextCorrectedLine lineID="P3_TL00061">
    <OldTextValue>with the asndition that all of this said land (ennpreniion,)</OldTextValue>
    <NewTextValue>with the condition that all of this said land (conprension,)</NewTextValue>
  </TextCorrectedLine>
  <TextCorrectedLine lineID="P3_TL00062">
    <OldTextValue>■hall be dedicated to the building of the said «ity Framista</OldTextValue>
    <NewTextValue>shall be dedicated to the building of the said city Francisca.</NewTextValue>
  </TextCorrectedLine>
  <TextCorrectedLine lineID="P3_TL00063">
    <OldTextValue>*,44t, 44th—An soon as circumstances may require it, there</OldTextValue>
    <NewTextValue>4th—An soon as circumstances may require it, there</NewTextValue>
  </TextCorrectedLine>
  <TextCorrectedLine lineID="P3_TL00064">
    <OldTextValue>shall be established, at the cost, and on xccouut of the</OldTextValue>
    <NewTextValue>shall be established, at the cost, and on account of the</NewTextValue>
  </TextCorrectedLine>
  <TextCorrectedLine lineID="P3_TL00065">
    <OldTextValue>contracting ties, a Ferry, to facilitate the quick mid</OldTextValue>
    <NewTextValue>contracting parties, a Ferry, to facilitate the quick and</NewTextValue>
  </TextCorrectedLine>
  <TextCorrectedLine lineID="P3_TL00066">
    <OldTextValue>easy comnpiuioation between the two side* of the strait.</OldTextValue>
    <NewTextValue>easy communication between the two sides of the strait.</NewTextValue>
  </TextCorrectedLine>
  <TextCorrectedLine lineID="P3_TL00067">
    <OldTextValue>Also", whartes to expedite the loading and Unloading of</OldTextValue>
    <NewTextValue>Also, wharves to expedite the loading and unloading of</NewTextValue>
  </TextCorrectedLine>
  <TextCorrectedLine lineID="P3_TL00068">
    <OldTextValue>the vessels whi«h may trade there. ':v;v;</OldTextValue>
    <NewTextValue>the vessels which may trade there.</NewTextValue>
  </TextCorrectedLine>
  <TextCorrectedLine lineID="P3_TL00069">
    <OldTextValue>Sample, en his part, obliges himself to pay alone</OldTextValue>
    <NewTextValue>5th.-Sample, on his part, obliges himself to pay alone</NewTextValue>
  </TextCorrectedLine>
  <TextCorrectedLine lineID="P3_TL00070">
    <OldTextValue>the co»ts of the survey and plan of thai said place, and to</OldTextValue>
    <NewTextValue>the costs of the survey and plan of the said place, and to</NewTextValue>
  </TextCorrectedLine>
  <TextCorrectedLine lineID="P3_TL00072">
    <OldTextValue>6th.—All tin' benefits, privilege! and advantages which</OldTextValue>
    <NewTextValue>6th.—All the benefits, privileges and advantages which</NewTextValue>
  </TextCorrectedLine>
  <TextCorrectedLine lineID="P3_TL00073">
    <OldTextValue>may result from the sale and leasing; of Ms, wharves, &amp;.c.</OldTextValue>
    <NewTextValue>may result from the sale and leasing of lots, wharves, &amp;c.</NewTextValue>
  </TextCorrectedLine>
  <TextCorrectedLine lineID="P3_TL00074">
    <OldTextValue>&amp;.e , shall be divided equally between the two contracting</OldTextValue>
    <NewTextValue>&amp;c,, shall be divided equally between the two contracting</NewTextValue>
  </TextCorrectedLine>
  <TextCorrectedLine lineID="P3_TL00075">
    <OldTextValue>parties, when and- bow ih-y may judge «onvenieitt. *</OldTextValue>
    <NewTextValue>parties, when and how they may judge convenient.</NewTextValue>
  </TextCorrectedLine>
  <TextCorrectedLine lineID="P3_TL00076">
    <OldTextValue>Ilk.- As soon at the population ihall be pnpand for the</OldTextValue>
    <NewTextValue>7th..- As soon as the population shall be prepared for the</NewTextValue>
  </TextCorrectedLine>
</TextCorrectedBlock>
<TextCorrectedBlock pageOID="C18470206.1.3" blockID="P3_TB00004" userID="[redacted]">
  <TextCorrectedLine lineID="P3_TL00077">
    <OldTextValue>UstabJuhmant o/VUBLIC SCHOOLS, they will set apart</OldTextValue>
    <NewTextValue>establishment of PUBLIC SCHOOLS, they will set apart</NewTextValue>
  </TextCorrectedLine>
  <TextCorrectedLine lineID="P3_TL00078">
    <OldTextValue>for their vst ami the embellishment ej the City, nvtntij'fw</OldTextValue>
    <NewTextValue>for their use and the embellishment of the City, seventy-five</NewTextValue>
  </TextCorrectedLine>
  <TextCorrectedLine lineID="P3_TL00079">
    <OldTextValue>per ccvi of the ncit products of the FERRIES and</OldTextValue>
    <NewTextValue>per cent of the nett products of the FERRIES and</NewTextValue>
  </TextCorrectedLine>
  <TextCorrectedLine lineID="P3_TL00081">
    <OldTextValue>Bth.— Messrs. ValUjo and Semple reserve tkc right of</OldTextValue>
    <NewTextValue>8th.— Messrs. Vallejo and Semple reserve the right of</NewTextValue>
  </TextCorrectedLine>
  <TextCorrectedLine lineID="P3_TL00083">
    <OldTextValue>|n«iy deem necessary, which shall rot be contradictory to</OldTextValue>
    <NewTextValue>may deem necessary, which shall not be contradictory to</NewTextValue>
  </TextCorrectedLine>
  <TextCorrectedLine lineID="P3_TL00087">
    <OldTextValue>city and its population, It shall be necessary that the cob-</OldTextValue>
    <NewTextValue>city and its population, it shall be necessary that the con-</NewTextValue>
  </TextCorrectedLine>
  <TextCorrectedLine lineID="P3_TL00088">
    <OldTextValue>tmcling parties concur, and that both sign such contracts.</OldTextValue>
    <NewTextValue>tracting parties concur, and that both sign such contracts.</NewTextValue>
  </TextCorrectedLine>
  <TextCorrectedLine lineID="P3_TL00089">
    <OldTextValue>And that the preceding articles shall huve due force, and</OldTextValue>
    <NewTextValue>And that the preceding articles shall have due force, and</NewTextValue>
  </TextCorrectedLine>
  <TextCorrectedLine lineID="P3_TL00091">
    <OldTextValue>bind themselves and their successors/and their property</OldTextValue>
    <NewTextValue>bind themselves and their successors, and their property</NewTextValue>
  </TextCorrectedLine>
  <TextCorrectedLine lineID="P3_TL00093">
    <OldTextValue>Justice of the Pence of this jurisdiction, and the witnesses</OldTextValue>
    <NewTextValue>Justice of the Peace of this jurisdiction, and the witnesses</NewTextValue>
  </TextCorrectedLine>
  <TextCorrectedLine lineID="P3_TL00095">
    <OldTextValue>M. G. VALLEJO. R. SBMPLE.</OldTextValue>
    <NewTextValue>M. G. VALLEJO.    R. SEMPLE.</NewTextValue>
  </TextCorrectedLine>
  <TextCorrectedLine lineID="P3_TL00096">
    <OldTextValue>Witness. • ' Witness.</OldTextValue>
    <NewTextValue>Witness.                   Witness.</NewTextValue>
  </TextCorrectedLine>
  <TextCorrectedLine lineID="P3_TL00097">
    <OldTextValue>VOR. PUUDON. WM: M. SCOTT.</OldTextValue>
    <NewTextValue>VOR. PRUDON.   WM: M. SCOTT.</NewTextValue>
  </TextCorrectedLine>
  <TextCorrectedLine lineID="P3_TL00098">
    <OldTextValue>Daiic and executed in my presence this 23d day of De*</OldTextValue>
    <NewTextValue>Done and executed in my presence this 23d day of De-</NewTextValue>
  </TextCorrectedLine>
  <TextCorrectedLine lineID="P3_TL00099">
    <OldTextValue>cember, 1a46. [Signed,] JOHN 11. NASH, J. P.</OldTextValue>
    <NewTextValue>cember, 1846. [Signed,] JOHN H. NASH, J. P.</NewTextValue>
  </TextCorrectedLine>
  <TextCorrectedLine lineID="P3_TL00101">
    <OldTextValue>on p iges 27, 2*-, 29, 30, 31 &amp; 32, of the land records of</OldTextValue>
    <NewTextValue>on pages 27, 28, 29, 30, 31 &amp; 32, of the land records of</NewTextValue>
  </TextCorrectedLine>
</TextCorrectedBlock>
<TextCorrectedBlock pageOID="C18470206.1.3" blockID="P3_CB00001" userID="[redacted]">
  <TextCorrectedLine lineID="P3_TL00105">
    <OldTextValue>PORT OF MONTHREY, January 30, 1841.</OldTextValue>
    <NewTextValue>PORT OF MONTEREY, January 30, 1847.</NewTextValue>
  </TextCorrectedLine>
  <TextCorrectedLine lineID="P3_TL00107">
    <OldTextValue>Sailer) 26th, Brigantine Com. Stockton, Young, master,for</OldTextValue>
    <NewTextValue>Sailed 26th, Brigantine Com. Stockton, Young, master, for</NewTextValue>
  </TextCorrectedLine>
  <TextCorrectedLine lineID="P3_TL00108">
    <OldTextValue>Botlega. 29th. U. S Sloop of War Dale, Capt. McKean.</OldTextValue>
    <NewTextValue>Bodega. 29th, U. S Sloop of War Dale, Capt. McKean.</NewTextValue>
  </TextCorrectedLine>
  <TextCorrectedLine lineID="P3_TL00111">
    <OldTextValue>Colombia River, caigo flour and lumber, supercargo on</OldTextValue>
    <NewTextValue>Columbia River, cargo flour and lumber, supercargo on</NewTextValue>
  </TextCorrectedLine>
  <TextCorrectedLine lineID="P3_TL00112">
    <OldTextValue>board., sold out, and will return to the River in a few days.</OldTextValue>
    <NewTextValue>board, sold out, and will return to the River in a few days.</NewTextValue>
  </TextCorrectedLine>
  <TextCorrectedLine lineID="P3_TL00113">
    <OldTextValue>Hudson Bay Co's Brignntine Cadborough, with the offi-</OldTextValue>
    <NewTextValue>Hudson Bay Co's Brigantine Cadborough, with the offi-</NewTextValue>
  </TextCorrectedLine>
  <TextCorrectedLine lineID="P3_TL00115">
    <OldTextValue>lost in the Rivi-r some months since. ' Sailed, 2rith, Bark</OldTextValue>
    <NewTextValue>lost in the River some months since. Sailed, 26th, Bark</NewTextValue>
  </TextCorrectedLine>
  <TextCorrectedLine lineID="P3_TL00116">
    <OldTextValue>Moscow, Phulp*, master, for Bodega, for the purpose of</OldTextValue>
    <NewTextValue>Moscow, Phelps, master, for Bodega, for the purpose of</NewTextValue>
  </TextCorrectedLine>
  <TextCorrectedLine lineID="P3_TL00122">
    <OldTextValue>the coast of California. ' FRANK WARD.</OldTextValue>
    <NewTextValue>the coast of California. FRANK WARD.</NewTextValue>
  </TextCorrectedLine>
  <TextCorrectedLine lineID="P3_TL00123">
    <OldTextValue>1 WILLIAM M. SMITH.</OldTextValue>
    <NewTextValue>WILLIAM M. SMITH.</NewTextValue>
  </TextCorrectedLine>
  <TextCorrectedLine lineID="P3_TL00124">
    <OldTextValue>Yerba Baena, January 19th, 1847. 25-tf;</OldTextValue>
    <NewTextValue>Yerba Baena, January 19th, 1847.</NewTextValue>
  </TextCorrectedLine>
</TextCorrectedBlock>
<TextCorrectedBlock pageOID="C18470206.1.3" blockID="P3_CB00001" userID="[redacted]">
  <TextCorrectedLine lineID="P3_TL00127">
    <OldTextValue>offer at very reduced prices at their store on Montgomery-</OldTextValue>
    <NewTextValue>offer at very reduced prices at their store on Montgomery</NewTextValue>
  </TextCorrectedLine>
  <TextCorrectedLine lineID="P3_TL00128">
    <OldTextValue>street. Yerba Buena, January 19th, 1547. 25-tf</OldTextValue>
    <NewTextValue>street. Yerba Buena, January 19th, 1547.</NewTextValue>
  </TextCorrectedLine>
  <TextCorrectedLine lineID="P3_TL00131">
    <OldTextValue>Scott &amp;, Wilson, hug this day been dissolved by mutual</OldTextValue>
    <NewTextValue>Scott &amp; Wilson, has this day been dissolved by mutual</NewTextValue>
  </TextCorrectedLine>
  <TextCorrectedLine lineID="P3_TL00132">
    <OldTextValue>consent. All person* having accounts with the said firm,</OldTextValue>
    <NewTextValue>consent. All persons having accounts with the said firm,</NewTextValue>
  </TextCorrectedLine>
  <TextCorrectedLine lineID="P3_TL00133">
    <OldTextValue>are requested to present them. And'ihosn indebted to the</OldTextValue>
    <NewTextValue>are requested to present them. And those indebted to the</NewTextValue>
  </TextCorrectedLine>
  <TextCorrectedLine lineID="P3_TL00134">
    <OldTextValue>.anie. are hereby informed, that their accounts must be</OldTextValue>
    <NewTextValue>same. are hereby informed, that their accounts must be</NewTextValue>
  </TextCorrectedLine>
  <TextCorrectedLine lineID="P3_TL00135">
    <OldTextValue>paid, and cancelled before tight months; or they will be</OldTextValue>
    <NewTextValue>paid, and cancelled before eight months; or they will be</NewTextValue>
  </TextCorrectedLine>
</TextCorrectedBlock>
<TextCorrectedBlock pageOID="C18470206.1.4" blockID="P4_CB00001" userID="[redacted]">
  <TextCorrectedLine lineID="P4_TL00001">
    <OldTextValue>MAGISTRATE'S OFFICE, 3</OldTextValue>
    <NewTextValue>MAGISTRATE'S OFFICE,</NewTextValue>
  </TextCorrectedLine>
  <TextCorrectedLine lineID="P4_TL00002">
    <OldTextValue>, Monterey, Nov. 4th. \</OldTextValue>
    <NewTextValue>Monterey, Nov. 4th.</NewTextValue>
  </TextCorrectedLine>
  <TextCorrectedLine lineID="P4_TL00004">
    <OldTextValue>val and departure ef persons should be known at the office</OldTextValue>
    <NewTextValue>val and departure of persons should be known at the office</NewTextValue>
  </TextCorrectedLine>
  <TextCorrectedLine lineID="P4_TL00005">
    <OldTextValue>of the Military Commandant. All persons, therefore, arri- ,</OldTextValue>
    <NewTextValue>of the Military Commandant. All persons, therefore, arri-</NewTextValue>
  </TextCorrectedLine>
  <TextCorrectedLine lineID="P4_TL00008">
    <OldTextValue>la tf WALTER COLTON, Chiof Magistrate.</OldTextValue>
    <NewTextValue>WALTER COLTON, Chief Magistrate.</NewTextValue>
  </TextCorrectedLine>
  <TextCorrectedLine lineID="P4_TL00018">
    <OldTextValue>""NOTICE.—Wm . M. Smith having* [eoated~Bims«lf po7-</OldTextValue>
    <NewTextValue>NOTICE.—Wm . M. Smith having located himself per-</NewTextValue>
  </TextCorrectedLine>
  <TextCorrectedLine lineID="P4_TL00019">
    <OldTextValue>manently in the town of Y&gt;-rba Bu«nn, for the transaction</OldTextValue>
    <NewTextValue>manently in the town of Yerba Buena, for the transaction</NewTextValue>
  </TextCorrectedLine>
  <TextCorrectedLine lineID="P4_TL00020">
    <OldTextValue>of the AA.icti«n and Commiision bnmne»H, und ai&gt;»' us agsnS</OldTextValue>
    <NewTextValue>of the Auction and Commiision business, and also as agent</NewTextValue>
  </TextCorrectedLine>
  <TextCorrectedLine lineID="P4_TL00021">
    <OldTextValue>for Collecting mound the Bay of San Francisco, br.gslesv*</OldTextValue>
    <NewTextValue>for Collecting around the Bay of San Francisco, begs leave</NewTextValue>
  </TextCorrectedLine>
  <TextCorrectedLine lineID="P4_TL00022">
    <OldTextValue>to offer his »ervic9u to the public.</OldTextValue>
    <NewTextValue>to offer his services to the public.</NewTextValue>
  </TextCorrectedLine>
  <TextCorrectedLine lineID="P4_TL00023">
    <OldTextValue>P. S. Mr. S.i office, for the present, is at the Btc.rt of</OldTextValue>
    <NewTextValue>P. S. Mr. S.'s office, for the present, is at the store of</NewTextValue>
  </TextCorrectedLine>
  <TextCorrectedLine lineID="P4_TL00024">
    <OldTextValue>ftlr F Ward, Montgomery street, Yerba Buena.</OldTextValue>
    <NewTextValue>Mr. F Ward, Montgomery street, Yerba Buena.</NewTextValue>
  </TextCorrectedLine>
  <TextCorrectedLine lineID="P4_TL00025">
    <OldTextValue>REirKnENcus.-VMeiisrs. E. &amp; 11. Cirimeo, Oahu; Wm.j</OldTextValue>
    <NewTextValue>References.-Messrs. E. &amp; H. Grimes, Oahu; Wm.</NewTextValue>
  </TextCorrectedLine>
  <TextCorrectedLine lineID="P4_TL00026">
    <OldTextValue>H. Davis, Me!lus &amp;. : Howard, Yerba. Burna; T«lbot H</OldTextValue>
    <NewTextValue>H. Davis, Mellus &amp;. Howard, Yerba Buena; Talbot H</NewTextValue>
  </TextCorrectedLine>
  <TextCorrectedLine lineID="P4_TL00027">
    <OldTextValue>Green, Thomas 'O. Larkin, Monterey- Alexander &amp; Co.,</OldTextValue>
    <NewTextValue>Green, Thomas O. Larkin, Monterey; Alexander &amp; Co.,</NewTextValue>
  </TextCorrectedLine>
  <TextCorrectedLine lineID="P4_TL00028">
    <OldTextValue>Ban Pedro. Yerba Buena, 4th bee. 1846". 19-3 m</OldTextValue>
    <NewTextValue>San Pedro. Yerba Buena, 4th Dec. 1846.</NewTextValue>
  </TextCorrectedLine>
  <TextCorrectedLine lineID="P4_TL00041">
    <OldTextValue>.FOU.sALUUR kKNT.— A tw© story house ellgib^"</OldTextValue>
    <NewTextValue>FOR SALE OR RENT.— A two story house ellgibly</NewTextValue>
  </TextCorrectedLine>
  <TextCorrectedLine lineID="P4_TL00043">
    <OldTextValue>contains two bed rooms and a hall up stairs, and a dining</OldTextValue>
    <NewTextValue>containing two bed rooms and a hall up stairs, and a dining</NewTextValue>
  </TextCorrectedLine>
  <TextCorrectedLine lineID="P4_TL00046">
    <OldTextValue>whole establishment consists *f eighty-five yards front and</OldTextValue>
    <NewTextValue>whole establishment consists of eighty-five yards front and</NewTextValue>
  </TextCorrectedLine>
  <TextCorrectedLine lineID="P4_TL00048">
    <OldTextValue>Spence. Esq.. 7 If</OldTextValue>
    <NewTextValue>Spence. Esq..</NewTextValue>
  </TextCorrectedLine>
  <TextCorrectedLine lineID="P4_TL00049">
    <OldTextValue>' FOR BOSTON.—The A. I. fast nailing ship Vandalia</OldTextValue>
    <NewTextValue>FOR BOSTON.—The A. 1. fast sailing ship Vandalia</NewTextValue>
  </TextCorrectedLine>
  <TextCorrectedLine lineID="P4_TL00051">
    <OldTextValue>Boston, on, or about the 25th of January next. For freighi</OldTextValue>
    <NewTextValue>Boston, on, or about the 25th of January next. For freight</NewTextValue>
  </TextCorrectedLine>
  <TextCorrectedLine lineID="P4_TL00052">
    <OldTextValue>Or passage, (having superior accommodations,) apply to</OldTextValue>
    <NewTextValue>or passage, (having superior accommodations,) apply to</NewTextValue>
  </TextCorrectedLine>
  <TextCorrectedLine lineID="P4_TL00054">
    <OldTextValue>13 tf Yeiba Buena.</OldTextValue>
    <NewTextValue>Yerba Buena.</NewTextValue>
  </TextCorrectedLine>
</TextCorrectedBlock>
<TextCorrectedBlock pageOID="C18470206.1.4" blockID="P4_CB00001" userID="[redacted]">
  <TextCorrectedLine lineID="P4_TL00055">
    <OldTextValue>. PORTSMOUTH HOUSE—Yerba BuKNA.-The under-</OldTextValue>
    <NewTextValue>. PORTSMOUTH HOUSE—Yerba Buena.-The under-</NewTextValue>
  </TextCorrectedLine>
  <TextCorrectedLine lineID="P4_TL00057">
    <OldTextValue>where he is prepared to entertain all those wh*may plea»t</OldTextValue>
    <NewTextValue>where he is prepared to entertain all those who may please</NewTextValue>
  </TextCorrectedLine>
  <TextCorrectedLine lineID="P4_TL00058">
    <OldTextValue>to call ob him. His table will be furnished with the best</OldTextValue>
    <NewTextValue>to call on him. His table will be furnished with the best</NewTextValue>
  </TextCorrectedLine>
  <TextCorrectedLine lineID="P4_TL00060">
    <OldTextValue>Ye»ba Buena, Oct. 16, 1546. [10 tt| J. BKOWN</OldTextValue>
    <NewTextValue>Yerba Buena, Oct. 16, 1846. J. BROWN</NewTextValue>
  </TextCorrectedLine>
  <TextCorrectedLine lineID="P4_TL00062">
    <OldTextValue>of J. Stokes, and have on hand a splendid assortment ef</OldTextValue>
    <NewTextValue>of J. Stokes, and have on hand a splendid assortment of</NewTextValue>
  </TextCorrectedLine>
  <TextCorrectedLine lineID="P4_TL00063">
    <OldTextValue>goods just lauded from the Barque Don Quixote. 15 tf</OldTextValue>
    <NewTextValue>goods just lauded from the Barque Don Quixote.</NewTextValue>
  </TextCorrectedLine>
  <TextCorrectedLine lineID="P4_TL00068">
    <OldTextValue>FOR SALE OR. BAKTErT"</OldTextValue>
    <NewTextValue>FOR SALE OR BARTER.</NewTextValue>
  </TextCorrectedLine>
  <TextCorrectedLine lineID="P4_TL00069">
    <OldTextValue>A General assortment of Merchandise, also, a large lot ot</OldTextValue>
    <NewTextValue>A General assortment of Merchandise, also, a large lot of</NewTextValue>
  </TextCorrectedLine>
  <TextCorrectedLine lineID="P4_TL00070">
    <OldTextValue>Brown Mantn,for sate (on Jot cash, or hide*. •£&lt;</OldTextValue>
    <NewTextValue>Brown Mantas, for sale low for cash, or hides.</NewTextValue>
  </TextCorrectedLine>
  <TextCorrectedLine lineID="P4_TL00071">
    <OldTextValue>3 tf TALBOT 11. GREEN,</OldTextValue>
    <NewTextValue>TALBOT H. GREEN,</NewTextValue>
  </TextCorrectedLine>
</TextCorrectedBlock>
<TextCorrectedBlock pageOID="C18470206.1.4" blockID="P4_CB00002" userID="[redacted]">
  <TextCorrectedLine lineID="P4_TL00072">
    <OldTextValue>MAGISTRATE'S OFFICE, )</OldTextValue>
    <NewTextValue>MAGISTRATE'S OFFICE,</NewTextValue>
  </TextCorrectedLine>
  <TextCorrectedLine lineID="P4_TL00073">
    <OldTextValue>Monterey, Jan. lllh, 1817. J</OldTextValue>
    <NewTextValue>Monterey, Jan. 11th, 1847.</NewTextValue>
  </TextCorrectedLine>
  <TextCorrectedLine lineID="P4_TL00075">
    <OldTextValue>MENT OF INDIANS.—Be It known to all persons resi-</OldTextValue>
    <NewTextValue>MENT OF INDIANS.—Be it known to all persons resi-</NewTextValue>
  </TextCorrectedLine>
  <TextCorrectedLine lineID="P4_TL00077">
    <OldTextValue>of raid jurisdiction and the board of Council have decreed</OldTextValue>
    <NewTextValue>of said jurisdiction and the board of Council have decreed</NewTextValue>
  </TextCorrectedLine>
  <TextCorrectedLine lineID="P4_TL00078">
    <OldTextValue>the fallowing: t ft . :</OldTextValue>
    <NewTextValue>the following:</NewTextValue>
  </TextCorrectedLine>
  <TextCorrectedLine lineID="P4_TL00079">
    <OldTextValue>That no person whatever snail from henoefortn, hire or</OldTextValue>
    <NewTextValue>That no person whatever shall from henceforth, hire or</NewTextValue>
  </TextCorrectedLine>
  <TextCorrectedLine lineID="P4_TL00080">
    <OldTextValue>lake into his «ervice any Indian without a certificate from</OldTextValue>
    <NewTextValue>take into his service any Indian without a certificate from</NewTextValue>
  </TextCorrectedLine>
  <TextCorrectedLine lineID="P4_TL00081">
    <OldTextValue>he lorrmr employer of that Indian stilting that the said</OldTextValue>
    <NewTextValue>the former employer of that Indian stating that the said</NewTextValue>
  </TextCorrectedLine>
  <TextCorrectedLine lineID="P4_TL00082">
    <OldTextValue>nrplo) er lias no claims un the services ol that Indian for</OldTextValue>
    <NewTextValue>employer has no claims on the services of that Indian for</NewTextValue>
  </TextCorrectedLine>
  <TextCorrectedLine lineID="P4_TL00085">
    <OldTextValue>&gt;ut such certificate, and ad Vitnring any money or property</OldTextValue>
    <NewTextValue>out such certificate, and advancing any money or property</NewTextValue>
  </TextCorrectedLine>
  <TextCorrectedLine lineID="P4_TL00086">
    <OldTextValue>tt&gt; the said Indian, shall forfeit any money or property &gt;■•</OldTextValue>
    <NewTextValue>to the said Indian, shall forfeit any money or property so</NewTextValue>
  </TextCorrectedLine>
  <TextCorrectedLine lineID="P4_TL00087">
    <OldTextValue>idneed, and if it should be proved that any Indian has</OldTextValue>
    <NewTextValue>advanced, and if it should be proved that any Indian has</NewTextValue>
  </TextCorrectedLine>
  <TextCorrectedLine lineID="P4_TL00088">
    <OldTextValue>jeen enticed away from the service of his master, the per-</OldTextValue>
    <NewTextValue>been enticed away from the service of his master, the per-</NewTextValue>
  </TextCorrectedLine>
  <TextCorrectedLine lineID="P4_TL00090">
    <OldTextValue>fine not exceeding twenty dollar* nor less than rive dollars.</OldTextValue>
    <NewTextValue>fine not exceeding twenty dollars nor less than five dollars.</NewTextValue>
  </TextCorrectedLine>
  <TextCorrectedLine lineID="P4_TL00091">
    <OldTextValue>23-tf WALTER COLTON, Chief Magistrate. ;</OldTextValue>
    <NewTextValue>WALTER COLTON, Chief Magistrate.</NewTextValue>
  </TextCorrectedLine>
  <TextCorrectedLine lineID="P4_TL00115">
    <OldTextValue>ANORBINANCETO PREVENT THE SALE OP</OldTextValue>
    <NewTextValue>AN ORDINANCETO PREVENT THE SALE OF</NewTextValue>
  </TextCorrectedLine>
  <TextCorrectedLine lineID="P4_TL00119">
    <OldTextValue>brand the animal bears, «hall forfeit the animal so purchased</OldTextValue>
    <NewTextValue>brand the animal bears, shall forfeit the animal so purchased</NewTextValue>
  </TextCorrectedLine>
  <TextCorrectedLine lineID="P4_TL00121">
    <OldTextValue>dollars" at the discretion of the Chief Magistrate of this</OldTextValue>
    <NewTextValue>dollars at the discretion of the Chief Magistrate of this</NewTextValue>
  </TextCorrectedLine>
  <TextCorrectedLine lineID="P4_TL00123">
    <OldTextValue>17tf Chief Magistrate.</OldTextValue>
    <NewTextValue>Chief Magistrate.</NewTextValue>
  </TextCorrectedLine>
  <TextCorrectedLine lineID="P4_TL00135">
    <OldTextValue>FOR SALE.—A «ne story hoase, eligibly situated on</OldTextValue>
    <NewTextValue>FOR SALE.—A one story house, eligibly situated on</NewTextValue>
  </TextCorrectedLine>
  <TextCorrectedLine lineID="P4_TL00137">
    <OldTextValue>hall, a dining reom,a shop, a eook-hou**', a line well of</OldTextValue>
    <NewTextValue>hall, a dining room,a shop, a cook-house, a fine well of</NewTextValue>
  </TextCorrectedLine>
  <TextCorrectedLine lineID="P4_TL00138">
    <OldTextValue>water, and a coral walled with «to»e. The whole estab-</OldTextValue>
    <NewTextValue>water, and a coral walled with stone. The whole estab-</NewTextValue>
  </TextCorrectedLine>
  <TextCorrectedLine lineID="P4_TL00139">
    <OldTextValue>lishment with the household^ furniture i* oftVr*d for salo.</OldTextValue>
    <NewTextValue>lishment with the household furniture is offered for sale.</NewTextValue>
  </TextCorrectedLine>
  <TextCorrectedLine lineID="P4_TL00140">
    <OldTextValue>Per further partirulsrs enquire of J. F. DYB. 23 if</OldTextValue>
    <NewTextValue>For further partirulars enquire of J. F. DYE.</NewTextValue>
  </TextCorrectedLine>
  <TextCorrectedLine lineID="P4_TL00141">
    <OldTextValue>J AMES W ATSON keeps' constantly^on hand; a large</OldTextValue>
    <NewTextValue>JAMES WATSON keeps constantly on hand a large</NewTextValue>
  </TextCorrectedLine>
  <TextCorrectedLine lineID="P4_TL00142">
    <OldTextValue>assortment of Mer««afidizV, '.veil suited to the California</OldTextValue>
    <NewTextValue>assortment of Merchandize, well suited to the California</NewTextValue>
  </TextCorrectedLine>
  <TextCorrectedLine lineID="P4_TL00143">
    <OldTextValue>market, which he will sell for cash or the ee'rreot products</OldTextValue>
    <NewTextValue>market, which he will sell for cash or the current products</NewTextValue>
  </TextCorrectedLine>
  <TextCorrectedLine lineID="P4_TL00144">
    <OldTextValue>of the country. '2^-tf</OldTextValue>
    <NewTextValue>of the country.</NewTextValue>
  </TextCorrectedLine>
</TextCorrectedBlock>
<TextCorrectedBlock pageOID="C18470206.1.1" blockID="P1_TB00005" userID="[redacted]">
  <TextCorrectedLine lineID="P1_TL00006">
    <OldTextValue>OF CAPT. WARD MARSTON, U. S. M CORPS,</OldTextValue>
    <NewTextValue>OF CAPT. WARD MARSTON, U. S. M. CORPS,</NewTextValue>
  </TextCorrectedLine>
</TextCorrectedBlock>
<TextCorrectedBlock pageOID="C18470206.1.1" blockID="P1_TB00006" userID="[redacted]">
  <TextCorrectedLine lineID="P1_TL00013">
    <OldTextValue>pany of San Jose Volunteers under command of Capt. C.</OldTextValue>
    <NewTextValue>pany of San José Volunteers under command of Capt. C.</NewTextValue>
  </TextCorrectedLine>
  <TextCorrectedLine lineID="P1_TL00021">
    <OldTextValue>the 2d Jan'y. about 100 in number on the plains of Santa</OldTextValue>
    <NewTextValue>the 2d Jan'y, about 100 in number on the plains of Santa</NewTextValue>
  </TextCorrectedLine>
  <TextCorrectedLine lineID="P1_TL00025">
    <OldTextValue>sistance,in consequence of their superior horses. The af-</OldTextValue>
    <NewTextValue>sistance, in consequence of their superior horses. The af-</NewTextValue>
  </TextCorrectedLine>
</TextCorrectedBlock>
<TextCorrectedBlock pageOID="C18470206.1.1" blockID="P1_TB00006" userID="[redacted]">
  <TextCorrectedLine lineID="P1_TL00037">
    <OldTextValue>Wm. A. T. Maddox, and on the 7th by the arriral of Lt.</OldTextValue>
    <NewTextValue>Wm. A. T. Maddox, and on the 7th by the arrival of Lt.</NewTextValue>
  </TextCorrectedLine>
  <TextCorrectedLine lineID="P1_TL00044">
    <OldTextValue>. their respective posts.</OldTextValue>
    <NewTextValue>their respective posts.</NewTextValue>
  </TextCorrectedLine>
</TextCorrectedBlock>
<TextCorrectedBlock pageOID="C18470206.1.1" blockID="P1_TB00008" userID="[redacted]">
  <TextCorrectedLine lineID="P1_TL00046">
    <OldTextValue>The commanding officer ot the U. S. Forces in this</OldTextValue>
    <NewTextValue>The commanding officer of the U. S. Forces in this</NewTextValue>
  </TextCorrectedLine>
</TextCorrectedBlock>
<TextCorrectedBlock pageOID="C18470206.1.1" blockID="P1_TB00010" userID="[redacted]">
  <TextCorrectedLine lineID="P1_TL00079">
    <OldTextValue>The Sacramento Valley is new fast filling up with an</OldTextValue>
    <NewTextValue>The Sacramento Valley is now fast filling up with an</NewTextValue>
  </TextCorrectedLine>
</TextCorrectedBlock>
<TextCorrectedBlock pageOID="C18470206.1.1" blockID="P1_TB00012" userID="[redacted]">
  <TextCorrectedLine lineID="P1_TL00121">
    <OldTextValue>''that some booksellers advertise blank dectlarations for sale.</OldTextValue>
    <NewTextValue>''that some booksellers advertise blank declarations for sale.</NewTextValue>
  </TextCorrectedLine>
</TextCorrectedBlock>
<TextCorrectedBlock pageOID="C18470206.1.2" blockID="P2_TB00001" userID="[redacted]">
  <TextCorrectedLine lineID="P2_TL00026">
    <OldTextValue>will be commenced at the Hay of San Fiancisco as soon as</OldTextValue>
    <NewTextValue>will be commenced at the Bay of San Francisco as soon as</NewTextValue>
  </TextCorrectedLine>
</TextCorrectedBlock>
<TextCorrectedBlock pageOID="C18470206.1.2" blockID="P2_TB00003" userID="[redacted]">
  <TextCorrectedLine lineID="P2_TL00054">
    <OldTextValue>become totally wrecked at the mouth of the Colombia riv-</OldTextValue>
    <NewTextValue>become totally wrecked at the mouth of the Columbia riv-</NewTextValue>
  </TextCorrectedLine>
</TextCorrectedBlock>
<TextCorrectedBlock pageOID="C18470206.1.2" blockID="P2_TB00004" userID="[redacted]">
  <TextCorrectedLine lineID="P2_TL00058">
    <OldTextValue>at Vancouver..</OldTextValue>
    <NewTextValue>at Vancouver.</NewTextValue>
  </TextCorrectedLine>
</TextCorrectedBlock>
<TextCorrectedBlock pageOID="C18470206.1.2" blockID="P2_TB00004" userID="[redacted]">
  <TextCorrectedLine lineID="P2_TL00073">
    <OldTextValue>seen opproaching the vessel, as they soon left after getting</OldTextValue>
    <NewTextValue>seen approaching the vessel, as they soon left after getting</NewTextValue>
  </TextCorrectedLine>
</TextCorrectedBlock>
<TextCorrectedBlock pageOID="C18470206.1.2" blockID="P2_TB00006" userID="[redacted]">
  <TextCorrectedLine lineID="P2_TL00083">
    <OldTextValue>The Comanander-in-Chief has great satisfaction in an-</OldTextValue>
    <NewTextValue>The Commander-in-Chief has great satisfaction in an-</NewTextValue>
  </TextCorrectedLine>
</TextCorrectedBlock>
<TextCorrectedBlock pageOID="C18470206.1.2" blockID="P2_TB00006" userID="[redacted]">
  <TextCorrectedLine lineID="P2_TL00106">
    <OldTextValue>Given on board the U. S Ship Independence, Harbor</OldTextValue>
    <NewTextValue>Given on board the U. S. Ship Independence, Harbor</NewTextValue>
  </TextCorrectedLine>
</TextCorrectedBlock>
<TextCorrectedBlock pageOID="C18470206.1.3" blockID="P3_TB00003" userID="[redacted]">
  <TextCorrectedLine lineID="P3_TL00042">
    <OldTextValue>second day of the month of December, in the year, eigh-</OldTextValue>
    <NewTextValue>second day of the month of December, in the yea, eigh-</NewTextValue>
  </TextCorrectedLine>
</TextCorrectedBlock>
<TextCorrectedBlock pageOID="C18470206.1.3" blockID="P3_TB00003" userID="[redacted]">
  <TextCorrectedLine lineID="P3_TL00047">
    <OldTextValue>1st.-— That between them, of their free will and accord,</OldTextValue>
    <NewTextValue>1st.— That between them, of their free will and accord,</NewTextValue>
  </TextCorrectedLine>
</TextCorrectedBlock>
<TextCorrectedBlock pageOID="C18470206.1.3" blockID="P3_TB00003" userID="[redacted]">
  <TextCorrectedLine lineID="P3_TL00063">
    <OldTextValue>4th—An soon as circumstances may require it, there</OldTextValue>
    <NewTextValue>4th—As soon as circumstances may require it, there</NewTextValue>
  </TextCorrectedLine>
</TextCorrectedBlock>
<TextCorrectedBlock pageOID="C18470206.1.3" blockID="P3_TB00003" userID="[redacted]">
  <TextCorrectedLine lineID="P3_TL00074">
    <OldTextValue>&amp;c,, shall be divided equally between the two contracting</OldTextValue>
    <NewTextValue>&amp;c., shall be divided equally between the two contracting</NewTextValue>
  </TextCorrectedLine>
</TextCorrectedBlock>
<TextCorrectedBlock pageOID="C18470206.1.3" blockID="P3_CB00001" userID="[redacted]">
  <TextCorrectedLine lineID="P3_TL00110">
    <OldTextValue>Arrived 27th, Bark Toulon. Capt. Crosby, 9 days from</OldTextValue>
    <NewTextValue>Arrived 27th, Bark Toulon, Capt. Crosby, 9 days from</NewTextValue>
  </TextCorrectedLine>
</TextCorrectedBlock>
<TextCorrectedBlock pageOID="C18470206.1.3" blockID="P3_CB00001" userID="[redacted]">
  <TextCorrectedLine lineID="P3_TL00128">
    <OldTextValue>street. Yerba Buena, January 19th, 1547.</OldTextValue>
    <NewTextValue>street. Yerba Buena, January 19th, 1847.</NewTextValue>
  </TextCorrectedLine>
</TextCorrectedBlock>
<TextCorrectedBlock pageOID="C18470206.1.3" blockID="P3_CB00001" userID="[redacted]">
  <TextCorrectedLine lineID="P3_TL00134">
    <OldTextValue>same. are hereby informed, that their accounts must be</OldTextValue>
    <NewTextValue>same, are hereby informed, that their accounts must be</NewTextValue>
  </TextCorrectedLine>
</TextCorrectedBlock>
<TextCorrectedBlock pageOID="C18470206.1.4" blockID="P4_CB00001" userID="[redacted]">
  <TextCorrectedLine lineID="P4_TL00020">
    <OldTextValue>of the Auction and Commiision business, and also as agent</OldTextValue>
    <NewTextValue>of the Auction and Commission business, and also as agent</NewTextValue>
  </TextCorrectedLine>
</TextCorrectedBlock>
<TextCorrectedBlock pageOID="C18470206.1.4" blockID="P4_CB00001" userID="[redacted]">
  <TextCorrectedLine lineID="P4_TL00024">
    <OldTextValue>Mr. F Ward, Montgomery street, Yerba Buena.</OldTextValue>
    <NewTextValue>Mr. F. Ward, Montgomery street, Yerba Buena.</NewTextValue>
  </TextCorrectedLine>
</TextCorrectedBlock>
<TextCorrectedBlock pageOID="C18470206.1.4" blockID="P4_CB00001" userID="[redacted]">
  <TextCorrectedLine lineID="P4_TL00026">
    <OldTextValue>H. Davis, Mellus &amp;. Howard, Yerba Buena; Talbot H</OldTextValue>
    <NewTextValue>H. Davis, Mellus &amp; Howard, Yerba Buena; Talbot H.</NewTextValue>
  </TextCorrectedLine>
</TextCorrectedBlock>
<TextCorrectedBlock pageOID="C18470206.1.4" blockID="P4_CB00001" userID="[redacted]">
  <TextCorrectedLine lineID="P4_TL00044">
    <OldTextValue>room, sittimg room, office and shop below stairs, with good</OldTextValue>
    <NewTextValue>room, sitting room, office and shop below stairs, with good</NewTextValue>
  </TextCorrectedLine>
</TextCorrectedBlock>
<TextCorrectedBlock pageOID="C18470206.1.4" blockID="P4_CB00001" userID="[redacted]">
  <TextCorrectedLine lineID="P4_TL00047">
    <OldTextValue>fifty yards deep. For further information enquire of D</OldTextValue>
    <NewTextValue>fifty yards deep. For further information enquire of D.</NewTextValue>
  </TextCorrectedLine>
</TextCorrectedBlock>
<TextCorrectedBlock pageOID="C18470206.1.4" blockID="P4_CB00001" userID="[redacted]">
  <TextCorrectedLine lineID="P4_TL00055">
    <OldTextValue>. PORTSMOUTH HOUSE—Yerba Buena.-The under-</OldTextValue>
    <NewTextValue>PORTSMOUTH HOUSE—Yerba Buena.-The under-</NewTextValue>
  </TextCorrectedLine>
  <TextCorrectedLine lineID="P4_TL00063">
    <OldTextValue>goods just lauded from the Barque Don Quixote.</OldTextValue>
    <NewTextValue>goods just landed from the Barque Don Quixote.</NewTextValue>
  </TextCorrectedLine>
</TextCorrectedBlock>
<TextCorrectedBlock pageOID="C18470206.1.4" blockID="P4_CB00002" userID="[redacted]">
  <TextCorrectedLine lineID="P4_TL00122">
    <OldTextValue>jurisdiction WALTER COLTON,</OldTextValue>
    <NewTextValue>jurisdiction. WALTER COLTON,</NewTextValue>
  </TextCorrectedLine>
</TextCorrectedBlock>
<TextCorrectedBlock pageOID="C18470206.1.4" blockID="P4_CB00002" userID="[redacted]">
  <TextCorrectedLine lineID="P4_TL00137">
    <OldTextValue>hall, a dining room,a shop, a cook-house, a fine well of</OldTextValue>
    <NewTextValue>hall, a dining room, a shop, a cook-house, a fine well of</NewTextValue>
  </TextCorrectedLine>
  <TextCorrectedLine lineID="P4_TL00140">
    <OldTextValue>For further partirulars enquire of J. F. DYE.</OldTextValue>
    <NewTextValue>For further particulars enquire of J. F. DYE.</NewTextValue>
  </TextCorrectedLine>
</TextCorrectedBlock>
