<TextCorrectedBlock pageOID="C18460822.1.1" blockID="P1_TB00004" userID="[redacted]">
  <TextCorrectedLine lineID="P1_TL00004">
    <OldTextValue>MONTEREY, SATURDAY, AUGUST 22, H46.</OldTextValue>
    <NewTextValue>MONTEREY, SATURDAY, AUGUST 22, 1846.</NewTextValue>
  </TextCorrectedLine>
</TextCorrectedBlock>
<TextCorrectedBlock pageOID="C18460822.1.1" blockID="P1_TB00003" userID="[redacted]">
  <TextCorrectedLine lineID="P1_TL00003">
    <OldTextValue>Vol. I</OldTextValue>
    <NewTextValue>Vol. 1</NewTextValue>
  </TextCorrectedLine>
</TextCorrectedBlock>
<TextCorrectedBlock pageOID="C18460822.1.1" blockID="P1_TB00011" userID="[redacted]">
  <TextCorrectedLine lineID="P1_TL00132">
    <OldTextValue>The Califosnian-/* published every Saturday morning</OldTextValue>
    <NewTextValue>The Californian is published every Saturday morning</NewTextValue>
  </TextCorrectedLine>
  <TextCorrectedLine lineID="P1_TL00133">
    <OldTextValue>Br-COLTON &amp; BBMPLE. Sv!&gt;-</OldTextValue>
    <NewTextValue>By COLTON &amp; SEMPLE.</NewTextValue>
  </TextCorrectedLine>
  <TextCorrectedLine lineID="P1_TL00134">
    <OldTextValue>Terms —Subscription) one tear &lt;$5 00</OldTextValue>
    <NewTextValue>Terms —Subscription, one year $5 00</NewTextValue>
  </TextCorrectedLine>
  <TextCorrectedLine lineID="P1_TL00135">
    <OldTextValue>"■"•'.' ■ six months 2 50</OldTextValue>
    <NewTextValue>"               six months 2 50</NewTextValue>
  </TextCorrectedLine>
  <TextCorrectedLine lineID="P1_TL00136">
    <OldTextValue>'•:■'-■ -Single Copies, 12</OldTextValue>
    <NewTextValue>Single Copies, 12</NewTextValue>
  </TextCorrectedLine>
</TextCorrectedBlock>
<TextCorrectedBlock pageOID="C18460822.1.1" blockID="P1_TB00005" userID="[redacted]">
  <TextCorrectedLine lineID="P1_TL00007">
    <OldTextValue>S. and Perades ol the Mexican armies, up to the day pre-</OldTextValue>
    <NewTextValue>S. and Perades of the Mexican armies, up to the day pre-</NewTextValue>
  </TextCorrectedLine>
  <TextCorrectedLine lineID="P1_TL00008">
    <OldTextValue>ceding the battle. From other sources we have tho fuithei</OldTextValue>
    <NewTextValue>ceding the battle. From other sources we have the further</NewTextValue>
  </TextCorrectedLine>
  <TextCorrectedLine lineID="P1_TL00009">
    <OldTextValue>news "that Gen. Perades crossed the Rio Grande with about</OldTextValue>
    <NewTextValue>news that Gen. Perades crossed the Rio Grande with about</NewTextValue>
  </TextCorrectedLine>
  <TextCorrectedLine lineID="P1_TL00012">
    <OldTextValue>gnge and artillery.</OldTextValue>
    <NewTextValue>gage and artillery.</NewTextValue>
  </TextCorrectedLine>
  <TextCorrectedLine lineID="P1_TL00013">
    <OldTextValue>Correspondence •/ the New York Harold.</OldTextValue>
    <NewTextValue>Correspondence of the New York Herald.</NewTextValue>
  </TextCorrectedLine>
</TextCorrectedBlock>
<TextCorrectedBlock pageOID="C18460822.1.1" blockID="P1_TB00007" userID="[redacted]">
  <TextCorrectedLine lineID="P1_TL00015">
    <OldTextValue>General Taylor arrived at the Rio Grande on the 2sth</OldTextValue>
    <NewTextValue>General Taylor arrived at the Rio Grande on the 28th</NewTextValue>
  </TextCorrectedLine>
  <TextCorrectedLine lineID="P1_TL00016">
    <OldTextValue>instant, having, us his already been reported, on his march,</OldTextValue>
    <NewTextValue>instant, having, as has already been reported, on his march</NewTextValue>
  </TextCorrectedLine>
  <TextCorrectedLine lineID="P1_TL00017">
    <OldTextValue>met two boilies of Mexioan troops, who threatened to im-</OldTextValue>
    <NewTextValue>met two bodies of Mexican troops, who threatened to im-</NewTextValue>
  </TextCorrectedLine>
  <TextCorrectedLine lineID="P1_TL00020">
    <OldTextValue>by a deputation of civilians from the town of Matamoras,;</OldTextValue>
    <NewTextValue>by a deputation of civilians from the town of Matamoras</NewTextValue>
  </TextCorrectedLine>
  <TextCorrectedLine lineID="P1_TL00021">
    <OldTextValue>who protested against tha "invasion of the Mexican De-</OldTextValue>
    <NewTextValue>who protested against the "invasion of the Mexican De-</NewTextValue>
  </TextCorrectedLine>
  <TextCorrectedLine lineID="P1_TL00022">
    <OldTextValue>partment i'amaulipas," and on the 11th, General Am-</OldTextValue>
    <NewTextValue>partment of Tamaulipas," and on the 11th, General Am-</NewTextValue>
  </TextCorrectedLine>
  <TextCorrectedLine lineID="P1_TL00023">
    <OldTextValue>ptrtdia havii jj irrived at Matamoras, General Taylor was</OldTextValue>
    <NewTextValue>pudia having arrived at Matamoras, General Taylor was</NewTextValue>
  </TextCorrectedLine>
  <TextCorrectedLine lineID="P1_TL00024">
    <OldTextValue>BOtifiei ii.n to retire to the eastern bank of the Nueces. \</OldTextValue>
    <NewTextValue>notified by him to retire to the eastern bank of the Nueces.</NewTextValue>
  </TextCorrectedLine>
  <TextCorrectedLine lineID="P1_TL00026">
    <OldTextValue>regarded by Goneral Taylor as «f a belligerent nature, and!</OldTextValue>
    <NewTextValue>regarded by General Taylor as of a belligerent nature, and</NewTextValue>
  </TextCorrectedLine>
  <TextCorrectedLine lineID="P1_TL00028">
    <OldTextValue>Brazos to consider the Mexican army as in a host le attitude.</OldTextValue>
    <NewTextValue>Brazos to consider the Mexican army as in a hostile attitude.</NewTextValue>
  </TextCorrectedLine>
  <TextCorrectedLine lineID="P1_TL00029">
    <OldTextValue>A Mexican vessel, or perhaps two, from New Orleans, wjth</OldTextValue>
    <NewTextValue>A Mexican vessel, or perhaps two, from New Orleans, with</NewTextValue>
  </TextCorrectedLine>
  <TextCorrectedLine lineID="P1_TL00033">
    <OldTextValue>peared. To the notification of General Ampudia, General)</OldTextValue>
    <NewTextValue>peared. To the notification of General Ampudia, General</NewTextValue>
  </TextCorrectedLine>
  <TextCorrectedLine lineID="P1_TL00034">
    <OldTextValue>Taylor replied, that he was instructed by the President ofj</OldTextValue>
    <NewTextValue>Taylor replied, that he was instructed by the President of</NewTextValue>
  </TextCorrectedLine>
  <TextCorrectedLine lineID="P1_TL00036">
    <OldTextValue>Grande. lie came there, he said, without any hostile inten-</OldTextValue>
    <NewTextValue>Grande. He came there, he said, without any hostile inten-</NewTextValue>
  </TextCorrectedLine>
  <TextCorrectedLine lineID="P1_TL00040">
    <OldTextValue>the R.i« Grande, it would be considered a h*stiic act, and</OldTextValue>
    <NewTextValue>the Rio Grande, it would be considered a hostile act, and</NewTextValue>
  </TextCorrectedLine>
  <TextCorrectedLine lineID="P1_TL00044">
    <OldTextValue>tod with a muth larger force, but it was weakened by de-</OldTextValue>
    <NewTextValue>ted with a much larger force, but it was weakened by de-</NewTextValue>
  </TextCorrectedLine>
  <TextCorrectedLine lineID="P1_TL00045">
    <OldTextValue>sertions, during the march, t» the number, it was reported,</OldTextValue>
    <NewTextValue>sertions, during the march, to the number, it was reported</NewTextValue>
  </TextCorrectedLine>
  <TextCorrectedLine lineID="P1_TL00048">
    <OldTextValue>tlits Mexicans had placed a battery «f 18 field pieces, all the</OldTextValue>
    <NewTextValue>the Mexicans had placed a battery of 18 field pieces, all the</NewTextValue>
  </TextCorrectedLine>
  <TextCorrectedLine lineID="P1_TL00049">
    <OldTextValue>available nrtillery in their possession, in such a position a.«</OldTextValue>
    <NewTextValue>available artillery in their possession, in such a position as</NewTextValue>
  </TextCorrectedLine>
</TextCorrectedBlock>
<TextCorrectedBlock pageOID="C18460822.1.1" blockID="P1_TB00007" userID="[redacted]">
  <TextCorrectedLine lineID="P1_TL00047">
    <OldTextValue>rear of Metamoras. Previous to the arrival of Ampudia,</OldTextValue>
    <NewTextValue>rear of Matamoras. Previous to the arrival of Ampudia</NewTextValue>
  </TextCorrectedLine>
  <TextCorrectedLine lineID="P1_TL00050">
    <OldTextValue>to command tha Atnericati camp. To this Gen. Taylor</OldTextValue>
    <NewTextValue>to command tha American camp. To this Gen. Taylor</NewTextValue>
  </TextCorrectedLine>
  <TextCorrectedLine lineID="P1_TL00051">
    <OldTextValue>pnid no attention until he received Ampudia's communica-</OldTextValue>
    <NewTextValue>paid no attention until he received Ampudia's communica-</NewTextValue>
  </TextCorrectedLine>
  <TextCorrectedLine lineID="P1_TL00053">
    <OldTextValue>beyond the range of the battery, by moving up towards a!</OldTextValue>
    <NewTextValue>beyond the range of the battery, by moving up towards a</NewTextValue>
  </TextCorrectedLine>
  <TextCorrectedLine lineID="P1_TL00055">
    <OldTextValue>.Matamoras. By this means he rendered tlip Mexican brute-j</OldTextValue>
    <NewTextValue>Matamoras. By this means he rendered the Mexican batte-</NewTextValue>
  </TextCorrectedLine>
  <TextCorrectedLine lineID="P1_TL00057">
    <OldTextValue>people on the eastern bank of the. Rio Grande, that the</OldTextValue>
    <NewTextValue>people on the eastern bank of the Rio Grande, that the</NewTextValue>
  </TextCorrectedLine>
  <TextCorrectedLine lineID="P1_TL00059">
    <OldTextValue>if they remained, they would in all probability share its!</OldTextValue>
    <NewTextValue>if they remained, they would in all probability share its</NewTextValue>
  </TextCorrectedLine>
  <TextCorrectedLine lineID="P1_TL00060">
    <OldTextValue>fate. This inductd a majority of the inhabitants to cross the!</OldTextValue>
    <NewTextValue>fate. This induced a majority of the inhabitants to cross the</NewTextValue>
  </TextCorrectedLine>
  <TextCorrectedLine lineID="P1_TL00065">
    <OldTextValue>cape. Th'i., had the effect of checking further desertion.</OldTextValue>
    <NewTextValue>cape. This had the effect of checking further desertion.</NewTextValue>
  </TextCorrectedLine>
</TextCorrectedBlock>
<TextCorrectedBlock pageOID="C18460822.1.1" blockID="P1_TB00008" userID="[redacted]">
  <TextCorrectedLine lineID="P1_TL00066">
    <OldTextValue>On the 13th, General Ampudia fortified himself opposite</OldTextValue>
    <NewTextValue>On the 12th, General Ampudia fortified himself opposite</NewTextValue>
  </TextCorrectedLine>
  <TextCorrectedLine lineID="P1_TL00069">
    <OldTextValue>and the works rained by the Mexicans. So advantageously</OldTextValue>
    <NewTextValue>and the works raised by the Mexicans. So advantageously</NewTextValue>
  </TextCorrectedLine>
  <TextCorrectedLine lineID="P1_TL00071">
    <OldTextValue>at the aommand of the Maxican Gwneral could dislodge him;</OldTextValue>
    <NewTextValue>at the command of the Mexican General could dislodge him;</NewTextValue>
  </TextCorrectedLine>
  <TextCorrectedLine lineID="P1_TL00072">
    <OldTextValue>and on the Kith General Ampudia notified General Taylor</OldTextValue>
    <NewTextValue>and on the 13th General Ampudia notified General Taylor</NewTextValue>
  </TextCorrectedLine>
  <TextCorrectedLine lineID="P1_TL00076">
    <OldTextValue>two vessels off the mouth of the Rie Grande from this</OldTextValue>
    <NewTextValue>two vessels off the mouth of the Rio Grande from this</NewTextValue>
  </TextCorrectedLine>
  <TextCorrectedLine lineID="P1_TL00077">
    <OldTextValue>place, with provisions for the Mexican army at Mstßtnoras,</OldTextValue>
    <NewTextValue>place, with provisions for the Mexican army at Matamoras</NewTextValue>
  </TextCorrectedLine>
  <TextCorrectedLine lineID="P1_TL00078">
    <OldTextValue>despatched Lieut Renihaw of the U. S. brig Lawrcace,</OldTextValue>
    <NewTextValue>despatched Lieut Renshaw of the U. S. brig Lawrence</NewTextValue>
  </TextCorrectedLine>
  <TextCorrectedLine lineID="P1_TL00081">
    <OldTextValue>The army wa« in good health and fine spirits ardently</OldTextValue>
    <NewTextValue>The army was in good health and fine spirits ardently</NewTextValue>
  </TextCorrectedLine>
</TextCorrectedBlock>
<TextCorrectedBlock pageOID="C18460822.1.1" blockID="P1_TB00010" userID="[redacted]">
  <TextCorrectedLine lineID="P1_TL00084">
    <OldTextValue>This being the only paper published in California, it ii</OldTextValue>
    <NewTextValue>This being the only paper published in California, it is</NewTextValue>
  </TextCorrectedLine>
  <TextCorrectedLine lineID="P1_TL00085">
    <OldTextValue>desirable, (hat it should not only be interesting for iti news,</OldTextValue>
    <NewTextValue>desirable, that it should not only be interesting for its news</NewTextValue>
  </TextCorrectedLine>
  <TextCorrectedLine lineID="P1_TL00086">
    <OldTextValue>but conducted in such a manner as to make it useful as ;i</OldTextValue>
    <NewTextValue>but conducted in such a manner as to make it useful as a</NewTextValue>
  </TextCorrectedLine>
  <TextCorrectedLine lineID="P1_TL00087">
    <OldTextValue>history of the country, w« have therefore determined to</OldTextValue>
    <NewTextValue>history of the country, we have therefore determined to</NewTextValue>
  </TextCorrectedLine>
  <TextCorrectedLine lineID="P1_TL00089">
    <OldTextValue>[which will be embodied the stote of the country, public</OldTextValue>
    <NewTextValue>which will be embodied the stote of the country, public</NewTextValue>
  </TextCorrectedLine>
  <TextCorrectedLine lineID="P1_TL00090">
    <OldTextValue>'opinion, the ciroum&amp;tances which led &lt;o fhe present out-</OldTextValue>
    <NewTextValue>opinion, the circumstances which led to fhe present out-</NewTextValue>
  </TextCorrectedLine>
  <TextCorrectedLine lineID="P1_TL00091">
    <OldTextValue>break, and principles and conduct of the nct&lt;&gt;r«.</OldTextValue>
    <NewTextValue>break, and principles and conduct of the actors.</NewTextValue>
  </TextCorrectedLine>
</TextCorrectedBlock>
<TextCorrectedBlock pageOID="C18460822.1.1" blockID="P1_TB00010" userID="[redacted]">
  <TextCorrectedLine lineID="P1_TL00092">
    <OldTextValue>The population of California is estimated at about 10,0(!0,</OldTextValue>
    <NewTextValue>The population of California is estimated at about 10,000</NewTextValue>
  </TextCorrectedLine>
  <TextCorrectedLine lineID="P1_TL00095">
    <OldTextValue>the United Statci. The latter was rapidly increasing by</OldTextValue>
    <NewTextValue>the United States. The latter was rapidly increasing by</NewTextValue>
  </TextCorrectedLine>
  <TextCorrectedLine lineID="P1_TL00097">
    <OldTextValue>.slowly. The fact became evident, to a few men, that, undt.r</OldTextValue>
    <NewTextValue>slowly. The fact became evident, to a few men, that, under</NewTextValue>
  </TextCorrectedLine>
  <TextCorrectedLine lineID="P1_TL00099">
    <OldTextValue>[soon fill up the country, and probably chang? the very</OldTextValue>
    <NewTextValue>soon fill up the country, and probably change the very</NewTextValue>
  </TextCorrectedLine>
  <TextCorrectedLine lineID="P1_TL00100">
    <OldTextValue>jnaturo of their institutions, they were preparing to prev»nt</OldTextValue>
    <NewTextValue>nature of their institutions, they were preparing to prevent</NewTextValue>
  </TextCorrectedLine>
  <TextCorrectedLine lineID="P1_TL00102">
    <OldTextValue>ted, we shall premise a few fiicts in relation to the actors oh</OldTextValue>
    <NewTextValue>ted, we shall premise a few facts in relation to the actors on</NewTextValue>
  </TextCorrectedLine>
  <TextCorrectedLine lineID="P1_TL00103">
    <OldTextValue>the part* of the Californians.</OldTextValue>
    <NewTextValue>the part of the Californians.</NewTextValue>
  </TextCorrectedLine>
  <TextCorrectedLine lineID="P1_TL00105">
    <OldTextValue>nor appointed by the Government »f Mexico, w;i* in power.</OldTextValue>
    <NewTextValue>nor appointed by the Government of Mexico, was in power.</NewTextValue>
  </TextCorrectedLine>
  <TextCorrectedLine lineID="P1_TL00106">
    <OldTextValue>Don Jose Castro, Alverado, Pico an I others, complained of</OldTextValue>
    <NewTextValue>Don Jose Castro, Alverado, Pico and others, complained of</NewTextValue>
  </TextCorrectedLine>
  <TextCorrectedLine lineID="P1_TL00107">
    <OldTextValue>the oppressions of the governor, and accordingly got up n</OldTextValue>
    <NewTextValue>the oppressions of the governor, and accordingly got up a</NewTextValue>
  </TextCorrectedLine>
  <TextCorrectedLine lineID="P1_TL00108">
    <OldTextValue>pjirty to depose him, composed of Calaforniini and foreign-</OldTextValue>
    <NewTextValue>party to depose him, composed of Calafornians and foreign-</NewTextValue>
  </TextCorrectedLine>
  <TextCorrectedLine lineID="P1_TL00110">
    <OldTextValue>Much warlike preparation was made and seme lo:;g march-</OldTextValue>
    <NewTextValue>Much warlike preparation was made and seme long march-</NewTextValue>
  </TextCorrectedLine>
  <TextCorrectedLine lineID="P1_TL00112">
    <OldTextValue>man life, it finally resulted in Pico's Resuming the station of</OldTextValue>
    <NewTextValue>man life, it finally resulted in Pico's assuming the station of</NewTextValue>
  </TextCorrectedLine>
  <TextCorrectedLine lineID="P1_TL00115">
    <OldTextValue>icribed, than in the following paragraph from the N. Y.</OldTextValue>
    <NewTextValue>scribed, than in the following paragraph from the N. Y.</NewTextValue>
  </TextCorrectedLine>
  <TextCorrectedLine lineID="P1_TL00117">
    <OldTextValue>"The ftupidity and weakness of the people, and the sel-</OldTextValue>
    <NewTextValue>"The stupidity and weakness of the people, and the sel-</NewTextValue>
  </TextCorrectedLine>
  <TextCorrectedLine lineID="P1_TL00119">
    <OldTextValue>iment, have reduced Mexico to the lowest grade of degrada-</OldTextValue>
    <NewTextValue>ment, have reduced Mexico to the lowest grade of degrada-</NewTextValue>
  </TextCorrectedLine>
  <TextCorrectedLine lineID="P1_TL00121">
    <OldTextValue>jful country, and the God of Nature never dispensed his</OldTextValue>
    <NewTextValue>ful country, and the God of Nature never dispensed his</NewTextValue>
  </TextCorrectedLine>
  <TextCorrectedLine lineID="P1_TL00124">
    <OldTextValue>tage*, Mexic*, from certain causes, is now the meanest and</OldTextValue>
    <NewTextValue>tages, Mexico, from certain causes, is now the meanest and</NewTextValue>
  </TextCorrectedLine>
  <TextCorrectedLine lineID="P1_TL00125">
    <OldTextValue>lloweit in tho category of nations. Her people are ruled</OldTextValue>
    <NewTextValue>lowest in the category of nations. Her people are ruled</NewTextValue>
  </TextCorrectedLine>
  <TextCorrectedLine lineID="P1_TL00126">
    <OldTextValue>'with a rod of iron, and are sunk in'imbecility and infamy;</OldTextValue>
    <NewTextValue>with a rod of iron, and are sunk in imbecility and infamy;</NewTextValue>
  </TextCorrectedLine>
  <TextCorrectedLine lineID="P1_TL00128">
    <OldTextValue>that ever exercised p«wcr; through the effects of ■ucceasive</OldTextValue>
    <NewTextValue>that ever exercised power; through the effects of successive</NewTextValue>
  </TextCorrectedLine>
  <TextCorrectedLine lineID="P1_TL00129">
    <OldTextValue>revolutions, all confidence in government is gone—:-he is</OldTextValue>
    <NewTextValue>revolutions, all confidence in government is gone—she is</NewTextValue>
  </TextCorrectedLine>
  <TextCorrectedLine lineID="P1_TL00130">
    <OldTextValue>without an army or navy, and her coffers ate empty. There</OldTextValue>
    <NewTextValue>without an army or navy, and her coffers are empty. There</NewTextValue>
  </TextCorrectedLine>
  <TextCorrectedLine lineID="P1_TL00131">
    <OldTextValue>is a never-ending itruggle, by a set of designing men. to</OldTextValue>
    <NewTextValue>is a never-ending struggle, by a set of designing men, to</NewTextValue>
  </TextCorrectedLine>
</TextCorrectedBlock>
<TextCorrectedBlock pageOID="C18460822.1.2" blockID="P2_TB00001" userID="[redacted]">
  <TextCorrectedLine lineID="P2_TL00002">
    <OldTextValue>principal that guides them is self aggrandisement • Such is</OldTextValue>
    <NewTextValue>principal that guides them is self aggrandisement. Such is</NewTextValue>
  </TextCorrectedLine>
  <TextCorrectedLine lineID="P2_TL00003">
    <OldTextValue>the condition of Mexico nt the present time, and such it</OldTextValue>
    <NewTextValue>the condition of Mexico at the present time, and such it</NewTextValue>
  </TextCorrectedLine>
  <TextCorrectedLine lineID="P2_TL00004">
    <OldTextValue>lias been for a number of years</OldTextValue>
    <NewTextValue>has been for a number of years."</NewTextValue>
  </TextCorrectedLine>
  <TextCorrectedLine lineID="P2_TL00005">
    <OldTextValue>In this state of thing*, Gen. Castro issued one proclama-</OldTextValue>
    <NewTextValue>In this state of things, Gen. Castro issued one proclama-</NewTextValue>
  </TextCorrectedLine>
  <TextCorrectedLine lineID="P2_TL00007">
    <OldTextValue>try, and in some instance* without arms. The people well</OldTextValue>
    <NewTextValue>try, and in some instances without arms. The people well</NewTextValue>
  </TextCorrectedLine>
  <TextCorrectedLine lineID="P2_TL00008">
    <OldTextValue>1 lowing the character of the "Commandante," still remain-</OldTextValue>
    <NewTextValue>knowing the character of the "Commandante," still remain-</NewTextValue>
  </TextCorrectedLine>
  <TextCorrectedLine lineID="P2_TL00009">
    <OldTextValue>ed quiet, but at last the decisive Gli»W was struck, which</OldTextValue>
    <NewTextValue>ed quiet, but at last the decisive blow was struck, which</NewTextValue>
  </TextCorrectedLine>
  <TextCorrectedLine lineID="P2_TL00010">
    <OldTextValue>forced us to tally and defend ourselves, or run fur the moun-</OldTextValue>
    <NewTextValue>forced us to rally and defend ourselves, or run for the moun-</NewTextValue>
  </TextCorrectedLine>
  <TextCorrectedLine lineID="P2_TL00011">
    <OldTextValue>tains. . &gt;;.•■</OldTextValue>
    <NewTextValue>tains.</NewTextValue>
  </TextCorrectedLine>
</TextCorrectedBlock>
<TextCorrectedBlock pageOID="C18460822.1.2" blockID="P2_TB00002" userID="[redacted]">
  <TextCorrectedLine lineID="P2_TL00012">
    <OldTextValue>Mr. Wm. 11. Davis, has been appointed our n-rent for the</OldTextValue>
    <NewTextValue>Mr. Wm. H. Davis, has been appointed our agent for the</NewTextValue>
  </TextCorrectedLine>
  <TextCorrectedLine lineID="P2_TL00014">
    <OldTextValue>Txlbot 11. Grebn, Esq., hoi been appointud Collector,]</OldTextValue>
    <NewTextValue>Talbot H. Green, Esq., has been appointed Collector</NewTextValue>
  </TextCorrectedLine>
  <TextCorrectedLine lineID="P2_TL00016">
    <OldTextValue>We yesterday witnessed the "drill" of tho men quartered</OldTextValue>
    <NewTextValue>We yesterday witnessed the "drill" of the men quartered</NewTextValue>
  </TextCorrectedLine>
  <TextCorrectedLine lineID="P2_TL00017">
    <OldTextValue>at tho Upper Barracks, under the command of Lieut, (leo.</OldTextValue>
    <NewTextValue>at the Upper Barracks, under the command of Lieut. Geo.</NewTextValue>
  </TextCorrectedLine>
  <TextCorrectedLine lineID="P2_TL00018">
    <OldTextValue>Minor, we have never seen wleian soldiers move, and form</OldTextValue>
    <NewTextValue>Minor, we have never seen veteran soldiers move, and form</NewTextValue>
  </TextCorrectedLine>
  <TextCorrectedLine lineID="P2_TL00019">
    <OldTextValue>with more regular precision, their "light infantry"' exercise*</OldTextValue>
    <NewTextValue>with more regular precision, their "light infantry"' exercises</NewTextValue>
  </TextCorrectedLine>
  <TextCorrectedLine lineID="P2_TL00020">
    <OldTextValue>strike ns as being very perfect, and when they are nharg-</OldTextValue>
    <NewTextValue>strike us as being very perfect, and when they are charg-</NewTextValue>
  </TextCorrectedLine>
  <TextCorrectedLine lineID="P2_TL00022">
    <OldTextValue>they give would make an enemy quail, if n»t give way be-i</OldTextValue>
    <NewTextValue>they give would make an enemy quail, if not give way be-</NewTextValue>
  </TextCorrectedLine>
  <TextCorrectedLine lineID="P2_TL00023">
    <OldTextValue>fore these gallunt turs. In connection with Lt. Ms. com-</OldTextValue>
    <NewTextValue>fore these gallant tars. In connection with Lt. M's. com-</NewTextValue>
  </TextCorrectedLine>
  <TextCorrectedLine lineID="P2_TL00024">
    <OldTextValue>mand are ttn horsemen, well equipped, the number of pris-</OldTextValue>
    <NewTextValue>mand are ten horsemen, well equipped, the number of pris-</NewTextValue>
  </TextCorrectedLine>
  <TextCorrectedLine lineID="P2_TL00026">
    <OldTextValue>lance, it is a useful corps, and we hope to see it increasedJ;</OldTextValue>
    <NewTextValue>lance, it is a useful corps, and we hope to see it increased.</NewTextValue>
  </TextCorrectedLine>
  <TextCorrectedLine lineID="P2_TL00027">
    <OldTextValue>tireat credit is due Lieut. Minor for the prompt manner in!:</OldTextValue>
    <NewTextValue>Great credit is due Lieut. Minor for the prompt manner in</NewTextValue>
  </TextCorrectedLine>
  <TextCorrectedLine lineID="P2_TL00029">
    <OldTextValue>t</OldTextValue>
    <NewTextValue></NewTextValue>
  </TextCorrectedLine>
</TextCorrectedBlock>
<TextCorrectedBlock pageOID="C18460822.1.2" blockID="P2_TB00002" userID="[redacted]">
  <TextCorrectedLine lineID="P2_TL00030">
    <OldTextValue>Lieut. MoXano, of the Ist Dragoons, was in town yester-'</OldTextValue>
    <NewTextValue>Lieut. McLane, of the 1st Dragoons, was in town yester-</NewTextValue>
  </TextCorrectedLine>
  <TextCorrectedLine lineID="P2_TL00031">
    <OldTextValue>day. The company has just returned from another itidisin :</OldTextValue>
    <NewTextValue>day. The company has just returned from another indian</NewTextValue>
  </TextCorrectedLine>
  <TextCorrectedLine lineID="P2_TL00032">
    <OldTextValue>excur*ion to the mountains. The Indians are beginning to</OldTextValue>
    <NewTextValue>excursion to the mountains. The Indians are beginning to</NewTextValue>
  </TextCorrectedLine>
  <TextCorrectedLine lineID="P2_TL00033">
    <OldTextValue>find who has the country, they have divided into small par- '</OldTextValue>
    <NewTextValue>find who has the country, they have divided into small par-</NewTextValue>
  </TextCorrectedLine>
  <TextCorrectedLine lineID="P2_TL00034">
    <OldTextValue>tics, which renders it next to impossible for a company to '</OldTextValue>
    <NewTextValue>ties, which renders it next to impossible for a company to</NewTextValue>
  </TextCorrectedLine>
  <TextCorrectedLine lineID="P2_TL00035">
    <OldTextValue>find them. The only effectual means of slopping their in- '</OldTextValue>
    <NewTextValue>find them. The only effectual means of stopping their in-</NewTextValue>
  </TextCorrectedLine>
  <TextCorrectedLine lineID="P2_TL00036">
    <OldTextValue>loads upon the property of the country, will be to attack</OldTextValue>
    <NewTextValue>roads upon the property of the country, will be to attack</NewTextValue>
  </TextCorrectedLine>
  <TextCorrectedLine lineID="P2_TL00040">
    <OldTextValue>at the Boar River pass, to meet the emigration un the 10th</OldTextValue>
    <NewTextValue>at the Bear River pass, to meet the emigration on the 10th</NewTextValue>
  </TextCorrectedLine>
  <TextCorrectedLine lineID="P2_TL00042">
    <OldTextValue>bij sent, under command of Mr. MeLane, his suavity of</OldTextValue>
    <NewTextValue>be sent, under command of Mr. McLane, his suavity of</NewTextValue>
  </TextCorrectedLine>
  <TextCorrectedLine lineID="P2_TL00044">
    <OldTextValue>lie will have acquired of the country, will be of great ser-</OldTextValue>
    <NewTextValue>he will have acquired of the country, will be of great ser-</NewTextValue>
  </TextCorrectedLine>
  <TextCorrectedLine lineID="P2_TL00046">
    <OldTextValue>t FORT STOCKTON.— This i* a handsome fortification</OldTextValue>
    <NewTextValue>FORT STOCKTON.— This is a handsome fortification</NewTextValue>
  </TextCorrectedLine>
  <TextCorrectedLine lineID="P2_TL00047">
    <OldTextValue>situated at the north west snrner of thi« town, on an eleva-</OldTextValue>
    <NewTextValue>situated at the north west corner of this town, on an eleva-</NewTextValue>
  </TextCorrectedLine>
  <TextCorrectedLine lineID="P2_TL00049">
    <OldTextValue>fhe harbor, on the S. W. corner is a strong block house.</OldTextValue>
    <NewTextValue>fhe harbor, on the S. W. corner is a strong block house</NewTextValue>
  </TextCorrectedLine>
  <TextCorrectedLine lineID="P2_TL00051">
    <OldTextValue>circle fr«m N. W. to N, E. audis then continued to South</OldTextValue>
    <NewTextValue>circle from N. W. to N, E. and is then continued to South</NewTextValue>
  </TextCorrectedLine>
  <TextCorrectedLine lineID="P2_TL00052">
    <OldTextValue>in a regular circle, so that with tho block house, the whole</OldTextValue>
    <NewTextValue>in a regular circle, so that with the block house, the whole</NewTextValue>
  </TextCorrectedLine>
  <TextCorrectedLine lineID="P2_TL00053">
    <OldTextValue>oirela is well guarded. The intention is at present to mount</OldTextValue>
    <NewTextValue>circle is well guarded. The intention is at present to mount</NewTextValue>
  </TextCorrectedLine>
  <TextCorrectedLine lineID="P2_TL00054">
    <OldTextValue>ten heavy guns on the battery, 4 of them 66's, in all thir-</OldTextValue>
    <NewTextValue>ten heavy guns on the battery, 4 of them 68's, in all thir-</NewTextValue>
  </TextCorrectedLine>
  <TextCorrectedLine lineID="P2_TL00055">
    <OldTextValue>teen guns, and war ranged that they may bo moved and</OldTextValue>
    <NewTextValue>teen guns, and so arranged that they may be moved and</NewTextValue>
  </TextCorrectedLine>
  <TextCorrectedLine lineID="P2_TL00056">
    <OldTextValue>brought to bear nt any point. The whole will be surround-</OldTextValue>
    <NewTextValue>brought to bear at any point. The whole will be surround-</NewTextValue>
  </TextCorrectedLine>
  <TextCorrectedLine lineID="P2_TL00057">
    <OldTextValue>ed by n ditch sevau feet deep. The position and plan was</OldTextValue>
    <NewTextValue>ed by a ditch seven feet deep. The position and plan was</NewTextValue>
  </TextCorrectedLine>
  <TextCorrectedLine lineID="P2_TL00059">
    <OldTextValue>direction of Capt. Mcrvine. Mr. Cecil constructor.</OldTextValue>
    <NewTextValue>direction of Capt. Mervine. Mr. Cecil constructor.</NewTextValue>
  </TextCorrectedLine>
  <TextCorrectedLine lineID="P2_TL00060">
    <OldTextValue>NEWS FROM PELOW.</OldTextValue>
    <NewTextValue>NEWS FROM BELOW.</NewTextValue>
  </TextCorrectedLine>
</TextCorrectedBlock>
<TextCorrectedBlock pageOID="C18460822.1.2" blockID="P2_TB00002" userID="[redacted]">
  <TextCorrectedLine lineID="P2_TL00061">
    <OldTextValue>Officers, soldiers, and piisoners, have been arriving here</OldTextValue>
    <NewTextValue>Officers, soldiers, and prisoners, have been arriving here</NewTextValue>
  </TextCorrectedLine>
  <TextCorrectedLine lineID="P2_TL00062">
    <OldTextValue>all the week from Castro's camp- Capt. Goaquin De La</OldTextValue>
    <NewTextValue>all the week from Castro's camp. Capt. Goaquin De La</NewTextValue>
  </TextCorrectedLine>
  <TextCorrectedLine lineID="P2_TL00063">
    <OldTextValue>Torre camu in on Tuesday, from whom we gathered all the</OldTextValue>
    <NewTextValue>Torre came in on Tuesday, from whom we gathered all the</NewTextValue>
  </TextCorrectedLine>
  <TextCorrectedLine lineID="P2_TL00064">
    <OldTextValue>information we have. Mr. Wasliburn, an American, wh-</OldTextValue>
    <NewTextValue>information we have. Mr. Washburn, an American, who</NewTextValue>
  </TextCorrectedLine>
  <TextCorrectedLine lineID="P2_TL00066">
    <OldTextValue>being confined he bad but little opportunity of learning auy</OldTextValue>
    <NewTextValue>being confined he had but little opportunity of learning any</NewTextValue>
  </TextCorrectedLine>
  <TextCorrectedLine lineID="P2_TL00068">
    <OldTextValue>l)c La Torre lays, that when Caslr* learned that Capt.</OldTextValue>
    <NewTextValue>De La Torre sys, that when Castro learned that Capt.</NewTextValue>
  </TextCorrectedLine>
</TextCorrectedBlock>
<TextCorrectedBlock pageOID="C18460822.1.2" blockID="P2_TB00003" userID="[redacted]">
  <TextCorrectedLine lineID="P2_TL00069">
    <OldTextValue>■'-Fin nwiit had readied the town of Atigelei, about 112l l 2 hours</OldTextValue>
    <NewTextValue>Fremont had reached the town of Angeles, about 12 hours</NewTextValue>
  </TextCorrectedLine>
  <TextCorrectedLine lineID="P2_TL00070">
    <OldTextValue>i march from him, lie broke up camp in the night, buried his</OldTextValue>
    <NewTextValue>march from him, he broke up camp in the night, buried his</NewTextValue>
  </TextCorrectedLine>
  <TextCorrectedLine lineID="P2_TL00071">
    <OldTextValue>cannon, a«4 left in the direction of Sonpca. At hit lirst</OldTextValue>
    <NewTextValue>cannon, and left in the direction of Sonora. At his first</NewTextValue>
  </TextCorrectedLine>
  <TextCorrectedLine lineID="P2_TL00072">
    <OldTextValue>rnaip from Poeblo, ho gave permission to as many as chase,</OldTextValue>
    <NewTextValue>camp from Poeblo, he gave permission to as many as chose</NewTextValue>
  </TextCorrectedLine>
  <TextCorrectedLine lineID="P2_TL00073">
    <OldTextValue>,10 return home, the whole force Consisting of about 200.</OldTextValue>
    <NewTextValue>to return home, the whole force consisting of about 200.</NewTextValue>
  </TextCorrectedLine>
  <TextCorrectedLine lineID="P2_TL00075">
    <OldTextValue>Washburn .-ays tlmt he understood that there were but 16</OldTextValue>
    <NewTextValue>Washburn says that he understood that there were but 16</NewTextValue>
  </TextCorrectedLine>
  <TextCorrectedLine lineID="P2_TL00076">
    <OldTextValue>officers and soldiers, they kept Mr. Weaver, ona of the</OldTextValue>
    <NewTextValue>officers and soldiers, they kept Mr. Weaver, one of the</NewTextValue>
  </TextCorrectedLine>
  <TextCorrectedLine lineID="P2_TL00077">
    <OldTextValue>prisoners, with them. Mo*t of those who followed the</OldTextValue>
    <NewTextValue>prisoners, with them. Most of those who followed the</NewTextValue>
  </TextCorrectedLine>
  <TextCorrectedLine lineID="P2_TL00080">
    <OldTextValue>most, of tin; in returned to their ranches.</OldTextValue>
    <NewTextValue>most of them in returned to their ranches.</NewTextValue>
  </TextCorrectedLine>
  <TextCorrectedLine lineID="P2_TL00081">
    <OldTextValue>; ( So far as California is concerned, the war is at an end.</OldTextValue>
    <NewTextValue>So far as California is concerned, the war is at an end.</NewTextValue>
  </TextCorrectedLine>
  <TextCorrectedLine lineID="P2_TL00082">
    <OldTextValue>The n«\i thing is to tuka steps lor the organisation of a</OldTextValue>
    <NewTextValue>The next thing is to take steps for the organization of a</NewTextValue>
  </TextCorrectedLine>
  <TextCorrectedLine lineID="P2_TL00083">
    <OldTextValue>; It'niterial Government.</OldTextValue>
    <NewTextValue>Territoraal Government.</NewTextValue>
  </TextCorrectedLine>
  <TextCorrectedLine lineID="P2_TL00084">
    <OldTextValue>WAR, WITH ENGLAM&gt;.~In reviewing the Presi-</OldTextValue>
    <NewTextValue>WAR WITH ENGLAND.-In reviewing the Presi-</NewTextValue>
  </TextCorrectedLine>
  <TextCorrectedLine lineID="P2_TL00085">
    <OldTextValue>iJent's Proclamation, and the act of Congress authorizing h,</OldTextValue>
    <NewTextValue>dent's Proclamation, and the act of Congress authorizing it</NewTextValue>
  </TextCorrectedLine>
  <TextCorrectedLine lineID="P2_TL00086">
    <OldTextValue>!we could not help arriving at the conclusion, that there is,</OldTextValue>
    <NewTextValue>we could not help arriving at the conclusion, that there is</NewTextValue>
  </TextCorrectedLine>
  <TextCorrectedLine lineID="P2_TL00087">
    <OldTextValue>at ltast, a vciy Btron/t probability of a war with sonic other</OldTextValue>
    <NewTextValue>at least, a very strong probability of a war with some other</NewTextValue>
  </TextCorrectedLine>
  <TextCorrectedLine lineID="P2_TL00088">
    <OldTextValue>power than that of Mexico. Nina or ten years ago. when</OldTextValue>
    <NewTextValue>power than that of Mexico. Nine or ten years ago, when</NewTextValue>
  </TextCorrectedLine>
  <TextCorrectedLine lineID="P2_TL00089">
    <OldTextValue>Mexico was in n much bettor situation to maintain a war</OldTextValue>
    <NewTextValue>Mexico was in a much better situation to maintain a war</NewTextValue>
  </TextCorrectedLine>
  <TextCorrectedLine lineID="P2_TL00090">
    <OldTextValue>than at present; the little province of Texa*, without v navy</OldTextValue>
    <NewTextValue>than at present; the little province of Texas, without a navy</NewTextValue>
  </TextCorrectedLine>
  <TextCorrectedLine lineID="P2_TL00092">
    <OldTextValue>but defeated her best Generals, and her best v|-.pointed ar-</OldTextValue>
    <NewTextValue>but defeated her best Generals, and her best appointed ar-</NewTextValue>
  </TextCorrectedLine>
  <TextCorrectedLine lineID="P2_TL00093">
    <OldTextValue>mies. If no other power was likoly to take a part in the</OldTextValue>
    <NewTextValue>mies. If no other power was likely to take a part in the</NewTextValue>
  </TextCorrectedLine>
  <TextCorrectedLine lineID="P2_TL00094">
    <OldTextValue>present, war, the regular army and navy of the United States</OldTextValue>
    <NewTextValue>present war, the regular army and navy of the United States</NewTextValue>
  </TextCorrectedLine>
  <TextCorrectedLine lineID="P2_TL00097">
    <OldTextValue>izing the President to raise FIFTY THOUSAND troop*;</OldTextValue>
    <NewTextValue>izing the President to raise FIFTY THOUSAND troops;</NewTextValue>
  </TextCorrectedLine>
  <TextCorrectedLine lineID="P2_TL00098">
    <OldTextValue>to fini.sh all tin* war ship* and steamers previourly authori-</OldTextValue>
    <NewTextValue>to finish all the war ships and steamers previourly authori-</NewTextValue>
  </TextCorrectedLine>
  <TextCorrectedLine lineID="P2_TL00099">
    <OldTextValue>zed, and to purchase or hire all the merchant and</OldTextValue>
    <NewTextValue>zed, and to purchase or hire all the merchant ships and</NewTextValue>
  </TextCorrectedLine>
  <TextCorrectedLine lineID="P2_TL00100">
    <OldTextValue>steamers, which may be found serviceable, in</OldTextValue>
    <NewTextValue>steamers, which may be found serviceable, in sufficient</NewTextValue>
  </TextCorrectedLine>
  <TextCorrectedLine lineID="P2_TL00101">
    <OldTextValue>numbers to meet any emergency. All this is pcrtcntioiis.</OldTextValue>
    <NewTextValue>numbers to meet any emergency. All this is portentious</NewTextValue>
  </TextCorrectedLine>
  <TextCorrectedLine lineID="P2_TL00103">
    <OldTextValue>of Mexico We arc too well acquainted with the feeling*</OldTextValue>
    <NewTextValue>of Mexico We are too well acquainted with the feelings</NewTextValue>
  </TextCorrectedLine>
  <TextCorrectedLine lineID="P2_TL00106">
    <OldTextValue>question wliioh will bring about a war with England, we</OldTextValue>
    <NewTextValue>question which will bring about a war with England, we</NewTextValue>
  </TextCorrectedLine>
  <TextCorrectedLine lineID="P2_TL00111">
    <OldTextValue>know lodge of the immense injury which war would do to</OldTextValue>
    <NewTextValue>knowledge of the immense injury which war would do to</NewTextValue>
  </TextCorrectedLine>
  <TextCorrectedLine lineID="P2_TL00112">
    <OldTextValue>the commerce of both Rations, has prevented it for several</OldTextValue>
    <NewTextValue>the commerce of both nations, has prevented it for several</NewTextValue>
  </TextCorrectedLine>
  <TextCorrectedLine lineID="P2_TL00116">
    <OldTextValue>fornia was mortgaged lor its payment, she can make a very</OldTextValue>
    <NewTextValue>fornia was mortgaged for its payment, she can make a very</NewTextValue>
  </TextCorrectedLine>
  <TextCorrectedLine lineID="P2_TL00117">
    <OldTextValue>plausible objection to the hoisting of the stars and stripes.,</OldTextValue>
    <NewTextValue>plausible objection to the hoisting of the stars and stripes.</NewTextValue>
  </TextCorrectedLine>
</TextCorrectedBlock>
<TextCorrectedBlock pageOID="C18460822.1.3" blockID="P3_TB00007" userID="[redacted]">
  <TextCorrectedLine lineID="P3_TL00091">
    <OldTextValue>To the Editor of tho Californian:</OldTextValue>
    <NewTextValue>To the Editor of the Californian:</NewTextValue>
  </TextCorrectedLine>
  <TextCorrectedLine lineID="P3_TL00092">
    <OldTextValue>Happy 1 am to sec floating about the decks of our noble</OldTextValue>
    <NewTextValue>Happy I am to see floating about the decks of our noble</NewTextValue>
  </TextCorrectedLine>
  <TextCorrectedLine lineID="P3_TL00094">
    <OldTextValue>this land of plenty, but perhaps it is the first that over itp-</OldTextValue>
    <NewTextValue>this land of plenty, but perhaps it is the first that over ap-</NewTextValue>
  </TextCorrectedLine>
  <TextCorrectedLine lineID="P3_TL00095">
    <OldTextValue>pearcd in this land; that is lo be so highly appreciated ; and</OldTextValue>
    <NewTextValue>peared in this land; that is to be so highly appreciated ; and</NewTextValue>
  </TextCorrectedLine>
  <TextCorrectedLine lineID="P3_TL00100">
    <OldTextValue>Mexicans. It cuuld hardly be believed in strange eyes, that</OldTextValue>
    <NewTextValue>Mexicans. It could hardly be believed in strange eyes, that</NewTextValue>
  </TextCorrectedLine>
  <TextCorrectedLine lineID="P3_TL00101">
    <OldTextValue>in the present infancy and paralized state of a (lairs, that one</OldTextValue>
    <NewTextValue>in the present infancy and paralized state of a affairs, that one</NewTextValue>
  </TextCorrectedLine>
  <TextCorrectedLine lineID="P3_TL00102">
    <OldTextValue>would step forth amidst so hiuch confusion, to plant the</OldTextValue>
    <NewTextValue>would step forth amidst so much confusion, to plant the</NewTextValue>
  </TextCorrectedLine>
  <TextCorrectedLine lineID="P3_TL00105">
    <OldTextValue>no mode so ingeniously struck upon, and you vviil not enly</OldTextValue>
    <NewTextValue>no mode so ingeniously struck upon, and you will not only</NewTextValue>
  </TextCorrectedLine>
  <TextCorrectedLine lineID="P3_TL00106">
    <OldTextValue>have the prayers of all the Americans noV settled—but those</OldTextValue>
    <NewTextValue>have the prayers of all the Americans now settled—but those</NewTextValue>
  </TextCorrectedLine>
  <TextCorrectedLine lineID="P3_TL00107">
    <OldTextValue>whose wish and dosire it will be to hasten back to join</OldTextValue>
    <NewTextValue>whose wish and desire it will be to hasten back to join</NewTextValue>
  </TextCorrectedLine>
  <TextCorrectedLine lineID="P3_TL00108">
    <OldTextValue>in the emigration; and is to ba hoped that your sheet will</OldTextValue>
    <NewTextValue>in the emigration; and is to be hoped that your sheet will</NewTextValue>
  </TextCorrectedLine>
  <TextCorrectedLine lineID="P3_TL00109">
    <OldTextValue>be sufficiently large, «s not to be filled up with state matters,</OldTextValue>
    <NewTextValue>be sufficiently large, as not to be filled up with state matters</NewTextValue>
  </TextCorrectedLine>
  <TextCorrectedLine lineID="P3_TL00110">
    <OldTextValue>as perhaps a chance may be given to display it in a rnixod</OldTextValue>
    <NewTextValue>as perhaps a chance may be given to display it in a mixed</NewTextValue>
  </TextCorrectedLine>
  <TextCorrectedLine lineID="P3_TL00113">
    <OldTextValue>m»y express yourself in perfect reliance, as to the bravery</OldTextValue>
    <NewTextValue>may express yourself in perfect reliance, as to the bravery</NewTextValue>
  </TextCorrectedLine>
  <TextCorrectedLine lineID="P3_TL00114">
    <OldTextValue>■md firmness of "Yankee Tars," either on land or on sea, as</OldTextValue>
    <NewTextValue>and firmness of "Yankee Tars," either on land or on sea, as</NewTextValue>
  </TextCorrectedLine>
  <TextCorrectedLine lineID="P3_TL00115">
    <OldTextValue>whatever may be tha difficulties of our country, we shall</OldTextValue>
    <NewTextValue>whatever may be the difficulties of our country, we shall</NewTextValue>
  </TextCorrectedLine>
  <TextCorrectedLine lineID="P3_TL00120">
    <OldTextValue>iru,o to our trust, in the greatest hour jgf perils. As at pres-</OldTextValue>
    <NewTextValue>true to our trust, in the greatest hour of perils. As at pres-</NewTextValue>
  </TextCorrectedLine>
  <TextCorrectedLine lineID="P3_TL00121">
    <OldTextValue>ent enough cannot be snid in regard to the efficiency of the</OldTextValue>
    <NewTextValue>ent enough cannot be said in regard to the efficiency of the</NewTextValue>
  </TextCorrectedLine>
  <TextCorrectedLine lineID="P3_TL00128">
    <OldTextValue>most happy to find this correspondence entered upon tho</OldTextValue>
    <NewTextValue>most happy to find this correspondence entered upon the</NewTextValue>
  </TextCorrectedLine>
  <TextCorrectedLine lineID="P3_TL00129">
    <OldTextValue>files of your paper, and any assistanoe that nan be given, will</OldTextValue>
    <NewTextValue>files of your paper, and any assistance that can be given, will</NewTextValue>
  </TextCorrectedLine>
</TextCorrectedBlock>
<TextCorrectedBlock pageOID="C18460822.1.3" blockID="P3_TB00009" userID="[redacted]">
  <TextCorrectedLine lineID="P3_TL00133">
    <OldTextValue>Peruvian barque Guipazcoana, jn rived August 16lh, o'i</OldTextValue>
    <NewTextValue>Peruvian barque Guipazcoana, arrived August 16th, 55</NewTextValue>
  </TextCorrectedLine>
  <TextCorrectedLine lineID="P3_TL00134">
    <OldTextValue>(Is fin Calluo, with merchandise, consigned lo Jose Antonio</OldTextValue>
    <NewTextValue>ds fm Callao, with merchandise, consigned lo Jose Antonio</NewTextValue>
  </TextCorrectedLine>
  <TextCorrectedLine lineID="P3_TL00135">
    <OldTextValue>Aiguorre, San Di.'go; Caspar Orena, supercargo; FJoriu</OldTextValue>
    <NewTextValue>Aguerre, San Diego; Gaspar Orena, supercargo; Floria</NewTextValue>
  </TextCorrectedLine>
  <TextCorrectedLine lineID="P3_TL00136">
    <OldTextValue>ikanisaii, Passenger; Scott &amp; Wilson, Santa Barbara; pitch</OldTextValue>
    <NewTextValue>Branisan, Passenger; Scott &amp; Wilson, Santa Barbara; pitch</NewTextValue>
  </TextCorrectedLine>
  <TextCorrectedLine lineID="P3_TL00137">
    <OldTextValue>.•inrj tar, to Cspt. Cooper.</OldTextValue>
    <NewTextValue>and tar, to Capt. Cooper.</NewTextValue>
  </TextCorrectedLine>
  <TextCorrectedLine lineID="P3_TL00138">
    <OldTextValue>Euphemia, nrnved, August 19th, 1246, bound to Oahu,</OldTextValue>
    <NewTextValue>Euphemia, arrved, August 19th, 1846, bound to Oahu</NewTextValue>
  </TextCorrectedLine>
  <TextCorrectedLine lineID="P3_TL00139">
    <OldTextValue>cargo, luaiber, soap,«ea otter skins, land otter skins, bcr.ver.</OldTextValue>
    <NewTextValue>cargo, lumber, soap,sea otter skins, land otter skins, beaver</NewTextValue>
  </TextCorrectedLine>
  <TextCorrectedLine lineID="P3_TL00140">
    <OldTextValue>mexic'an dollars, old copper.</OldTextValue>
    <NewTextValue>mexican dollars, old copper.</NewTextValue>
  </TextCorrectedLine>
  <TextCorrectedLine lineID="P3_TL00141">
    <OldTextValue>PROPOSALS, for carrying a Mail from Monterey la</OldTextValue>
    <NewTextValue>PROPOSALS, for carrying a Mail from Monterey to</NewTextValue>
  </TextCorrectedLine>
  <TextCorrectedLine lineID="P3_TL00142">
    <OldTextValue>Yerbabur.o. there and back, once n week, will be received</OldTextValue>
    <NewTextValue>Yerbabuno. there and back, once a week, will be received</NewTextValue>
  </TextCorrectedLine>
  <TextCorrectedLine lineID="P3_TL00144">
    <OldTextValue>On aorse back, leave Monterey en Saturday morning- and</OldTextValue>
    <NewTextValue>On horse back, leave Monterey on Saturday morning and</NewTextValue>
  </TextCorrectedLine>
  <TextCorrectedLine lineID="P3_TL00148">
    <OldTextValue>Apdsbbs; R. SEMPLE, Mmterey.</OldTextValue>
    <NewTextValue>Address; R. SEMPLE, Monterey.</NewTextValue>
  </TextCorrectedLine>
</TextCorrectedBlock>
<TextCorrectedBlock pageOID="C18460822.1.4" blockID="P4_TB00001" userID="[redacted]">
  <TextCorrectedLine lineID="P4_TL00001">
    <OldTextValue>THE MORMONS. In making S'nuc extrr.cts from the</OldTextValue>
    <NewTextValue>THE MORMONS. In making some extracts from the</NewTextValue>
  </TextCorrectedLine>
  <TextCorrectedLine lineID="P4_TL00002">
    <OldTextValue>Friend,"' a paper published at Honolulu, we feel it our</OldTextValue>
    <NewTextValue>"Friend,"' a paper published at Honolulu, we feel it our</NewTextValue>
  </TextCorrectedLine>
  <TextCorrectedLine lineID="P4_TL00003">
    <OldTextValue>duty to state somo facts, which have occurred within the</OldTextValue>
    <NewTextValue>duty to state some facts, which have occurred within the</NewTextValue>
  </TextCorrectedLine>
  <TextCorrectedLine lineID="P4_TL00004">
    <OldTextValue>circle of our acquaintance. \\ v lived in Illinois, not fai</OldTextValue>
    <NewTextValue>circle of our acquaintance. We lived in Illinois, not far</NewTextValue>
  </TextCorrectedLine>
  <TextCorrectedLine lineID="P4_TL00005">
    <OldTextValue>from the mormon's nt the timo of Ihe last mormon war. there</OldTextValue>
    <NewTextValue>from the mormons at the time of the last mormon war, there</NewTextValue>
  </TextCorrectedLine>
  <TextCorrectedLine lineID="P4_TL00006">
    <OldTextValue>was a great many html things said again t them, probably</OldTextValue>
    <NewTextValue>was a great many hard things said against them, probably</NewTextValue>
  </TextCorrectedLine>
  <TextCorrectedLine lineID="P4_TL00008">
    <OldTextValue>colored. At all events, they have landed her?; this is to be</OldTextValue>
    <NewTextValue>colored. At all events, they have landed here; this is to be</NewTextValue>
  </TextCorrectedLine>
  <TextCorrectedLine lineID="P4_TL00009">
    <OldTextValue>(heir home; those; of as who have preceded them, have not</OldTextValue>
    <NewTextValue>their home; those of us who have preceded them, have not</NewTextValue>
  </TextCorrectedLine>
  <TextCorrectedLine lineID="P4_TL00011">
    <OldTextValue>heartily ui»h the 'Friend" in wishing that whatever errors]</OldTextValue>
    <NewTextValue>heartily with the "Friend" in wishing that whatever errors</NewTextValue>
  </TextCorrectedLine>
  <TextCorrectedLine lineID="P4_TL00012">
    <OldTextValue>of Government or ofcoadurt may havo led t&lt;&gt; iht.ir former</OldTextValue>
    <NewTextValue>of Government or of conduct may have led to their former</NewTextValue>
  </TextCorrectedLine>
  <TextCorrectedLine lineID="P4_TL00013">
    <OldTextValue>troubles, will be corrected here; that ihoy may see the vital</OldTextValue>
    <NewTextValue>troubles, will be corrected here; that they may see the vital</NewTextValue>
  </TextCorrectedLine>
  <TextCorrectedLine lineID="P4_TL00014">
    <OldTextValue>importance of pursui riff such a course as to insure their har-</OldTextValue>
    <NewTextValue>importance of pursuing such a course as to insure their har-</NewTextValue>
  </TextCorrectedLine>
  <TextCorrectedLine lineID="P4_TL00015">
    <OldTextValue>mony with others. May (ioil rule tin ir councils in Wisdom.</OldTextValue>
    <NewTextValue>mony with others. May God rule their councils in wisdom.</NewTextValue>
  </TextCorrectedLine>
  <TextCorrectedLine lineID="P4_TL00016">
    <OldTextValue>"Their present Condition and Protective plans, —As has</OldTextValue>
    <NewTextValue>"Their present Condition and Prospective plans, —As has</NewTextValue>
  </TextCorrectedLine>
  <TextCorrectedLine lineID="P4_TL00018">
    <OldTextValue>dreds of thousands, very many of whom have, come off /Vow</OldTextValue>
    <NewTextValue>dreds of thousands, very many of whom have come off from</NewTextValue>
  </TextCorrectedLine>
  <TextCorrectedLine lineID="P4_TL00019">
    <OldTextValue>other denominations. This is true: of the company on board</OldTextValue>
    <NewTextValue>other denominations. This is true of the company on board</NewTextValue>
  </TextCorrectedLine>
  <TextCorrectedLine lineID="P4_TL00020">
    <OldTextValue>the "Brooklyn." Some have conic from the Baptists, oth-</OldTextValue>
    <NewTextValue>the "Brooklyn." Some have come from the Baptists, oth-</NewTextValue>
  </TextCorrectedLine>
  <TextCorrectedLine lineID="P4_TL00021">
    <OldTextValue>ers from tho Methodists, a few from the Presbyterians,</OldTextValue>
    <NewTextValue>ers from the Methodists, a few from the Presbyterians</NewTextValue>
  </TextCorrectedLine>
  <TextCorrectedLine lineID="P4_TL00022">
    <OldTextValue>while almost every denomination hus its representative</OldTextValue>
    <NewTextValue>while almost every denomination has its representative</NewTextValue>
  </TextCorrectedLine>
  <TextCorrectedLine lineID="P4_TL00023">
    <OldTextValue>among them, So far as we are able to learn, California is</OldTextValue>
    <NewTextValue>among them. So far as we are able to learn, California is</NewTextValue>
  </TextCorrectedLine>
  <TextCorrectedLine lineID="P4_TL00024">
    <OldTextValue>daw to be their grand central rendezvous, while the beeuti-</OldTextValue>
    <NewTextValue>now to be their grand central rendezvous, while the beauti-</NewTextValue>
  </TextCorrectedLine>
  <TextCorrectedLine lineID="P4_TL00025">
    <OldTextValue>ful region around San Francisco Buy Is the chosen spot</OldTextValue>
    <NewTextValue>ful region around San Francisco Bay is the chosen spot</NewTextValue>
  </TextCorrectedLine>
  <TextCorrectedLine lineID="P4_TL00027">
    <OldTextValue>from the highly colored'descriptions rhich we have always</OldTextValue>
    <NewTextValue>from the highly colored descriptions which we have always</NewTextValue>
  </TextCorrectedLine>
  <TextCorrectedLine lineID="P4_TL00031">
    <OldTextValue>South American ten coast. The natural facilities of thr</OldTextValue>
    <NewTextValue>South American sea coast. The natural facilities of the</NewTextValue>
  </TextCorrectedLine>
  <TextCorrectedLine lineID="P4_TL00032">
    <OldTextValue>country and bay ooispire to render it certain, that many</OldTextValue>
    <NewTextValue>country and bay conspire to render it certain, that many</NewTextValue>
  </TextCorrectedLine>
  <TextCorrectedLine lineID="P4_TL00033">
    <OldTextValue>years cannot elapse befoi'e flourishing cities and villages</OldTextValue>
    <NewTextValue>years cannot elapse before flourishing cities and villages</NewTextValue>
  </TextCorrectedLine>
  <TextCorrectedLine lineID="P4_TL00038">
    <OldTextValue>these people found themselves ut Nauvoo, and other parts</OldTextValue>
    <NewTextValue>these people found themselves at Nauvoo, and other parts</NewTextValue>
  </TextCorrectedLine>
  <TextCorrectedLine lineID="P4_TL00039">
    <OldTextValue>of the states, have led to the resolution to '-break up" and</OldTextValue>
    <NewTextValue>of the states, have led to the resolution to "break up" and</NewTextValue>
  </TextCorrectedLine>
  <TextCorrectedLine lineID="P4_TL00040">
    <OldTextValue>'•be off" for California. From various reports, we conclude</OldTextValue>
    <NewTextValue>"be off" for California. From various reports, we conclude</NewTextValue>
  </TextCorrectedLine>
  <TextCorrectedLine lineID="P4_TL00041">
    <OldTextValue>that about 25,600 have left Nauvoo aud other parts of the</OldTextValue>
    <NewTextValue>that about 25,000 have left Nauvoo aud other parts of the</NewTextValue>
  </TextCorrectedLine>
  <TextCorrectedLine lineID="P4_TL00042">
    <OldTextValue>Mutes for California; while the report has reached us, that a</OldTextValue>
    <NewTextValue>states for California; while the report has reached us, that a</NewTextValue>
  </TextCorrectedLine>
  <TextCorrectedLine lineID="P4_TL00046">
    <OldTextValue>cians, may form of the dogmas and tenets of this people ;</OldTextValue>
    <NewTextValue>cians, may form of the dogmas and tenets of this people;</NewTextValue>
  </TextCorrectedLine>
  <TextCorrectedLine lineID="P4_TL00048">
    <OldTextValue>quarters of the globe, and rash for California, opens a new</OldTextValue>
    <NewTextValue>quarters of the globe, and rush for California, opens a new</NewTextValue>
  </TextCorrectedLine>
  <TextCorrectedLine lineID="P4_TL00049">
    <OldTextValue>chapter in the coUnizing and peopleing of a sparsely inhab-</OldTextValue>
    <NewTextValue>chapter in the colonizing and peopleing of a sparsely inhab-</NewTextValue>
  </TextCorrectedLine>
  <TextCorrectedLine lineID="P4_TL00050">
    <OldTextValue>ited and fruitful region of our globe. The inHuence in</OldTextValue>
    <NewTextValue>ited and fruitful region of our globe. The influence in</NewTextValue>
  </TextCorrectedLine>
  <TextCorrectedLine lineID="P4_TL00051">
    <OldTextValue>which thair arrival and settlement must have upon the pres-</OldTextValue>
    <NewTextValue>which their arrival and settlement must have upon the pres-</NewTextValue>
  </TextCorrectedLine>
  <TextCorrectedLine lineID="P4_TL00052">
    <OldTextValue>ent condition of California, is quite uncertain ; but shwuld</OldTextValue>
    <NewTextValue>ent condition of California, is quite uncertain ; but should</NewTextValue>
  </TextCorrectedLine>
  <TextCorrectedLine lineID="P4_TL00054">
    <OldTextValue>edly will) California must very soen become a very different</OldTextValue>
    <NewTextValue>edly will) California must very soon become a very different</NewTextValue>
  </TextCorrectedLine>
  <TextCorrectedLine lineID="P4_TL00056">
    <OldTextValue>and religiously. We csnnotbut hope for a brighter day.</OldTextValue>
    <NewTextValue>and religiously. We cannot but hope for a brighter day</NewTextValue>
  </TextCorrectedLine>
</TextCorrectedBlock>
<TextCorrectedBlock pageOID="C18460822.1.4" blockID="P4_TB00001" userID="[redacted]">
  <TextCorrectedLine lineID="P4_TL00059">
    <OldTextValue>Before closing our remaiks, we feel ourselves in duty</OldTextValue>
    <NewTextValue>Before closing our remarks, we feel ourselves in duty</NewTextValue>
  </TextCorrectedLine>
  <TextCorrectedLine lineID="P4_TL00060">
    <OldTextValue>bound to give publicity to the testimony of Copt. Richard-</OldTextValue>
    <NewTextValue>bound to give publicity to the testimony of Capt. Richard-</NewTextValue>
  </TextCorrectedLine>
  <TextCorrectedLine lineID="P4_TL00061">
    <OldTextValue>son, master o(the "Brooklyn" in regard to the general char-</OldTextValue>
    <NewTextValue>son, master of the "Brooklyn" in regard to the general char-</NewTextValue>
  </TextCorrectedLine>
  <TextCorrectedLine lineID="P4_TL00063">
    <OldTextValue>long voyage round Cape Horn. Of their g.-Heral behavior</OldTextValue>
    <NewTextValue>long voyage round Cape Horn. Of their general behavior</NewTextValue>
  </TextCorrectedLine>
  <TextCorrectedLine lineID="P4_TL00066">
    <OldTextValue>to be quiet and orderly. Tlmy arc going with the full de-</OldTextValue>
    <NewTextValue>to be quiet and orderly. They are going with the full de-</NewTextValue>
  </TextCorrectedLine>
  <TextCorrectedLine lineID="P4_TL00068">
    <OldTextValue>ploughs, caits, scythes and all kinds of husbandry imple-</OldTextValue>
    <NewTextValue>ploughs, carts, scythes and all kinds of husbandry imple-</NewTextValue>
  </TextCorrectedLine>
  <TextCorrectedLine lineID="P4_TL00070">
    <OldTextValue>no! lost sight of the means of promoting education and</OldTextValue>
    <NewTextValue>not lost sight of the means of promoting education and</NewTextValue>
  </TextCorrectedLine>
  <TextCorrectedLine lineID="P4_TL00071">
    <OldTextValue>schools. Many of the emigrants coming from New En</OldTextValue>
    <NewTextValue>schools. Many of the emigrants coming from New En-</NewTextValue>
  </TextCorrectedLine>
  <TextCorrectedLine lineID="P4_TL00072">
    <OldTextValue>eland and the middle stales, are inclined to transplant some</OldTextValue>
    <NewTextValue>gland and the middle states, are inclined to transplant some</NewTextValue>
  </TextCorrectedLine>
  <TextCorrectedLine lineID="P4_TL00073">
    <OldTextValue>•f the noble institutions of their native regions. Capt. R</OldTextValue>
    <NewTextValue>of the noble institutions of their native regions. Capt. R</NewTextValue>
  </TextCorrectedLine>
</TextCorrectedBlock>
<TextCorrectedBlock pageOID="C18460822.1.4" blockID="P4_TB00002" userID="[redacted]">
  <TextCorrectedLine lineID="P4_TL00077">
    <OldTextValue>During the passage of the "Brooklyn" there have Occur-</OldTextValue>
    <NewTextValue>During the passage of the "Brooklyn" there have occur-</NewTextValue>
  </TextCorrectedLine>
  <TextCorrectedLine lineID="P4_TL00078">
    <OldTextValue>red 10 deaths, (4 adults and 6 children,) and -2 births. A</OldTextValue>
    <NewTextValue>red 10 deaths, (4 adults and 6 children,) and 2 births. A</NewTextValue>
  </TextCorrectedLine>
  <TextCorrectedLine lineID="P4_TL00079">
    <OldTextValue>male child born before doubling tlie Cape, was called At-</OldTextValue>
    <NewTextValue>male child born before doubling the Cape, was called At-</NewTextValue>
  </TextCorrectedLine>
</TextCorrectedBlock>
<TextCorrectedBlock pageOID="C18460822.1.4" blockID="P4_TB00003" userID="[redacted]">
  <TextCorrectedLine lineID="P4_TL00081">
    <OldTextValue>This numerous company of emigrants are soon to lcnvo</OldTextValue>
    <NewTextValue>This numerous company of emigrants are soon to leave</NewTextValue>
  </TextCorrectedLine>
  <TextCorrectedLine lineID="P4_TL00083">
    <OldTextValue>one they left. So far as their minds rimy have been led to</OldTextValue>
    <NewTextValue>one they left. So far as their minds may have been led to</NewTextValue>
  </TextCorrectedLine>
  <TextCorrectedLine lineID="P4_TL00084">
    <OldTextValue>smbra«a error, may it be.renounced. Th;it we differ upon</OldTextValue>
    <NewTextValue>embrace error, may it be renounced. That we differ upon</NewTextValue>
  </TextCorrectedLine>
  <TextCorrectedLine lineID="P4_TL00085">
    <OldTextValue>many essential points of doctrine and practice is ckaily</OldTextValue>
    <NewTextValue>many essential points of doctrine and practice is clearly</NewTextValue>
  </TextCorrectedLine>
  <TextCorrectedLine lineID="P4_TL00086">
    <OldTextValue>manifest, yet our best withes and pra}crsgo with them.</OldTextValue>
    <NewTextValue>manifest, yet our best wishes and prayers go with them.</NewTextValue>
  </TextCorrectedLine>
  <TextCorrectedLine lineID="P4_TL00087">
    <OldTextValue>May the fostering smiles of 11 benignant Providence rest</OldTextValue>
    <NewTextValue>May the fostering smiles of a benignant Providence rest</NewTextValue>
  </TextCorrectedLine>
  <TextCorrectedLine lineID="P4_TL00089">
    <OldTextValue>institutions, social, civil ami religious. O, may they be t&gt;uch</OldTextValue>
    <NewTextValue>institutions, social, civil and religious. O, may they be such</NewTextValue>
  </TextCorrectedLine>
</TextCorrectedBlock>
<TextCorrectedBlock pageOID="C18460822.1.4" blockID="P4_TB00005" userID="[redacted]">
  <TextCorrectedLine lineID="P4_TL00092">
    <OldTextValue>Whereas, the. authorities of the United States deeming it</OldTextValue>
    <NewTextValue>Whereas, the authorities of the United States deeming it</NewTextValue>
  </TextCorrectedLine>
  <TextCorrectedLine lineID="P4_TL00093">
    <OldTextValue>of the Jlst importance lo maintain order and quiet, and to</OldTextValue>
    <NewTextValue>of the first importance to maintain order and quiet, and to</NewTextValue>
  </TextCorrectedLine>
</TextCorrectedBlock>
<TextCorrectedBlock pageOID="C18460822.1.4" blockID="P4_TB00005" userID="[redacted]">
  <TextCorrectedLine lineID="P4_TL00094">
    <OldTextValue>givt security to all persons, and (v pnvmt any riot or dis-</OldTextValue>
    <NewTextValue>give security to all persons, and to prevent any riot or dis-</NewTextValue>
  </TextCorrectedLine>
  <TextCorrectedLine lineID="P4_TL00097">
    <OldTextValue>ardent spirits. iV&lt;;twithstanding the order, the sailors and</OldTextValue>
    <NewTextValue>ardent spirits. Notwithstanding the order, the sailors and</NewTextValue>
  </TextCorrectedLine>
  <TextCorrectedLine lineID="P4_TL00098">
    <OldTextValue>soldiers of the United States, as well ai persons of this place,</OldTextValue>
    <NewTextValue>soldiers of the United States, as well as persons of this place</NewTextValue>
  </TextCorrectedLine>
  <TextCorrectedLine lineID="P4_TL00101">
    <OldTextValue>ordered that no one is to tell or dispose ef any intoxicating</OldTextValue>
    <NewTextValue>ordered that no one is to tell or dispose of any intoxicating</NewTextValue>
  </TextCorrectedLine>
  <TextCorrectedLine lineID="P4_TL00102">
    <OldTextValue>liqnirs whatever, and, ell persons that have formtrly vended</OldTextValue>
    <NewTextValue>liquors whatever, and all persons that have formerly vended</NewTextValue>
  </TextCorrectedLine>
  <TextCorrectedLine lineID="P4_TL00103">
    <OldTextValue>liquor, and vll store and shop keepers and keeper* qfpubli*</OldTextValue>
    <NewTextValue>liquor, and all store and shop keepers and keepers of public</NewTextValue>
  </TextCorrectedLine>
  <TextCorrectedLine lineID="P4_TL00104">
    <OldTextValue>houses arc prohibited from keeping any liquors for vines of</OldTextValue>
    <NewTextValue>houses are prohibited from keeping any liquors, or wines of</NewTextValue>
  </TextCorrectedLine>
  <TextCorrectedLine lineID="P4_TL00105">
    <OldTextValue>any kind or description in their shops or stores, s» doing wlil</OldTextValue>
    <NewTextValue>any kind or description in their shops or stores, so doing will</NewTextValue>
  </TextCorrectedLine>
  <TextCorrectedLine lineID="P4_TL00108">
    <OldTextValue>their liquors, fine and imprisonment at the discretion of tfil;</OldTextValue>
    <NewTextValue>their liquors, fine and imprisonment at the discretion of the</NewTextValue>
  </TextCorrectedLine>
  <TextCorrectedLine lineID="P4_TL00109">
    <OldTextValue>'Magistrate, Monterey. August 13th. 1846.</OldTextValue>
    <NewTextValue>Magistrate, Monterey. August 13th. 1846.</NewTextValue>
  </TextCorrectedLine>
  <TextCorrectedLine lineID="P4_TL00110">
    <OldTextValue>WALTEItCOLTON, ) f: « j ti</OldTextValue>
    <NewTextValue>WALTER COLTON, ) U.S. Justice</NewTextValue>
  </TextCorrectedLine>
  <TextCorrectedLine lineID="P4_TL00111">
    <OldTextValue>RODMAN M. PRICK, $</OldTextValue>
    <NewTextValue>RODMAN M. PRICE,)</NewTextValue>
  </TextCorrectedLine>
</TextCorrectedBlock>
<TextCorrectedBlock pageOID="C18460822.1.4" blockID="P4_TB00008" userID="[redacted]">
  <TextCorrectedLine lineID="P4_TL00138">
    <OldTextValue>RODMAN If. PRICE, &gt; p . .',</OldTextValue>
    <NewTextValue>RODMAN M. PRICE, ) Firmado</NewTextValue>
  </TextCorrectedLine>
  <TextCorrectedLine lineID="P4_TL00139">
    <OldTextValue>WALTER COLTON, \ imnaua</OldTextValue>
    <NewTextValue>WALTER COLTON,  )</NewTextValue>
  </TextCorrectedLine>
  <TextCorrectedLine lineID="P4_TL00140">
    <OldTextValue>2tf</OldTextValue>
    <NewTextValue></NewTextValue>
  </TextCorrectedLine>
  <TextCorrectedLine lineID="P4_TL00144">
    <OldTextValue>ltf W. E. P. HAK.TNELL.</OldTextValue>
    <NewTextValue>W. E. P. HARTNELL.</NewTextValue>
  </TextCorrectedLine>
</TextCorrectedBlock>
<TextCorrectedBlock pageOID="C18460822.1.4" blockID="P4_TB00009" userID="[redacted]">
  <TextCorrectedLine lineID="P4_TL00145">
    <OldTextValue>Single «opies of the Galifornian can be had at the office</OldTextValue>
    <NewTextValue>Single copies of the Californian can be had at the office</NewTextValue>
  </TextCorrectedLine>
  <TextCorrectedLine lineID="P4_TL00147">
    <OldTextValue>JOB MISTING:— CIRCULARS. HAND-BILLS, Ac.</OldTextValue>
    <NewTextValue>JOB PRISTING:— CIRCULARS. HAND-BILLS, &amp;c.</NewTextValue>
  </TextCorrectedLine>
  <TextCorrectedLine lineID="P4_TL00148">
    <OldTextValue>Executed with despach nt this OFFICE,</OldTextValue>
    <NewTextValue>Executed with despach at this OFFICE.</NewTextValue>
  </TextCorrectedLine>
</TextCorrectedBlock>
<TextCorrectedBlock pageOID="C18460822.1.3" blockID="P3_TB00009" userID="[redacted]">
  <TextCorrectedLine lineID="P3_TL00138">
    <OldTextValue>Euphemia, arrved, August 19th, 1846, bound to Oahu</OldTextValue>
    <NewTextValue>Euphemia, arrived, August 19th, 1846, bound to Oahu</NewTextValue>
  </TextCorrectedLine>
</TextCorrectedBlock>
<TextCorrectedBlock pageOID="C18460822.1.3" blockID="P3_TB00009" userID="[redacted]">
  <TextCorrectedLine lineID="P3_TL00139">
    <OldTextValue>cargo, lumber, soap,sea otter skins, land otter skins, beaver</OldTextValue>
    <NewTextValue>cargo, lumber, soap, sea otter skins, land otter skins, beaver</NewTextValue>
  </TextCorrectedLine>
</TextCorrectedBlock>
<TextCorrectedBlock pageOID="C18460822.1.1" blockID="P1_TB00003" userID="[redacted]">
  <TextCorrectedLine lineID="P1_TL00003">
    <OldTextValue>Vol. 1</OldTextValue>
    <NewTextValue>Vol. l</NewTextValue>
  </TextCorrectedLine>
</TextCorrectedBlock>
<TextCorrectedBlock pageOID="C18460822.1.1" blockID="P1_TB00007" userID="[redacted]">
  <TextCorrectedLine lineID="P1_TL00035">
    <OldTextValue>the United States to occupy the territory east of the Rio|</OldTextValue>
    <NewTextValue>the United States to occupy the territory east of the Rio</NewTextValue>
  </TextCorrectedLine>
</TextCorrectedBlock>
<TextCorrectedBlock pageOID="C18460822.1.1" blockID="P1_TB00007" userID="[redacted]">
  <TextCorrectedLine lineID="P1_TL00041">
    <OldTextValue>would be resisisted as such. Ampudia marched 2500 men</OldTextValue>
    <NewTextValue>would be resisted as such. Ampudia marched 2500 men</NewTextValue>
  </TextCorrectedLine>
</TextCorrectedBlock>
<TextCorrectedBlock pageOID="C18460822.1.1" blockID="P1_TB00007" userID="[redacted]">
  <TextCorrectedLine lineID="P1_TL00058">
    <OldTextValue>destruction of the American army was inevitable, arrd that</OldTextValue>
    <NewTextValue>destruction of the American army was inevitable, and that</NewTextValue>
  </TextCorrectedLine>
</TextCorrectedBlock>
<TextCorrectedBlock pageOID="C18460822.1.1" blockID="P1_TB00008" userID="[redacted]">
  <TextCorrectedLine lineID="P1_TL00067">
    <OldTextValue>to Gen. Taylor's position. Gen. Taylor ulso raised breast-</OldTextValue>
    <NewTextValue>to Gen. Taylor's position. Gen. Taylor also raised breast-</NewTextValue>
  </TextCorrectedLine>
</TextCorrectedBlock>
<TextCorrectedBlock pageOID="C18460822.1.1" blockID="P1_TB00010" userID="[redacted]">
  <TextCorrectedLine lineID="P1_TL00089">
    <OldTextValue>which will be embodied the stote of the country, public</OldTextValue>
    <NewTextValue>which will be embodied the state of the country, public</NewTextValue>
  </TextCorrectedLine>
</TextCorrectedBlock>
<TextCorrectedBlock pageOID="C18460822.1.1" blockID="P1_TB00010" userID="[redacted]">
  <TextCorrectedLine lineID="P1_TL00092">
    <OldTextValue>The population of California is estimated at about 10,000</OldTextValue>
    <NewTextValue>The population of California is estimated at about 10,000,</NewTextValue>
  </TextCorrectedLine>
</TextCorrectedBlock>
<TextCorrectedBlock pageOID="C18460822.1.1" blockID="P1_TB00010" userID="[redacted]">
  <TextCorrectedLine lineID="P1_TL00108">
    <OldTextValue>party to depose him, composed of Calafornians and foreign-</OldTextValue>
    <NewTextValue>party to depose him, composed of Californians and foreign-</NewTextValue>
  </TextCorrectedLine>
</TextCorrectedBlock>
<TextCorrectedBlock pageOID="C18460822.1.1" blockID="P1_TB00010" userID="[redacted]">
  <TextCorrectedLine lineID="P1_TL00110">
    <OldTextValue>Much warlike preparation was made and seme long march-</OldTextValue>
    <NewTextValue>Much warlike preparation was made and some long march-</NewTextValue>
  </TextCorrectedLine>
</TextCorrectedBlock>
<TextCorrectedBlock pageOID="C18460822.1.2" blockID="P2_TB00002" userID="[redacted]">
  <TextCorrectedLine lineID="P2_TL00049">
    <OldTextValue>fhe harbor, on the S. W. corner is a strong block house</OldTextValue>
    <NewTextValue>the harbor, on the S. W. corner is a strong block house</NewTextValue>
  </TextCorrectedLine>
</TextCorrectedBlock>
<TextCorrectedBlock pageOID="C18460822.1.2" blockID="P2_TB00002" userID="[redacted]">
  <TextCorrectedLine lineID="P2_TL00051">
    <OldTextValue>circle from N. W. to N, E. and is then continued to South</OldTextValue>
    <NewTextValue>circle from N. W. to N. E. and is then continued to South</NewTextValue>
  </TextCorrectedLine>
</TextCorrectedBlock>
<TextCorrectedBlock pageOID="C18460822.1.2" blockID="P2_TB00002" userID="[redacted]">
  <TextCorrectedLine lineID="P2_TL00068">
    <OldTextValue>De La Torre sys, that when Castro learned that Capt.</OldTextValue>
    <NewTextValue>De La Torre says, that when Castro learned that Capt.</NewTextValue>
  </TextCorrectedLine>
</TextCorrectedBlock>
<TextCorrectedBlock pageOID="C18460822.1.2" blockID="P2_TB00003" userID="[redacted]">
  <TextCorrectedLine lineID="P2_TL00083">
    <OldTextValue>Territoraal Government.</OldTextValue>
    <NewTextValue>Territorial Government.</NewTextValue>
  </TextCorrectedLine>
</TextCorrectedBlock>
<TextCorrectedBlock pageOID="C18460822.1.3" blockID="P3_TB00007" userID="[redacted]">
  <TextCorrectedLine lineID="P3_TL00094">
    <OldTextValue>this land of plenty, but perhaps it is the first that over ap-</OldTextValue>
    <NewTextValue>this land of plenty, but perhaps it is the first that ever ap-</NewTextValue>
  </TextCorrectedLine>
</TextCorrectedBlock>
<TextCorrectedBlock pageOID="C18460822.1.3" blockID="P3_TB00007" userID="[redacted]">
  <TextCorrectedLine lineID="P3_TL00095">
    <OldTextValue>peared in this land; that is to be so highly appreciated ; and</OldTextValue>
    <NewTextValue>peared in this land; that is to be so highly appreciated; and</NewTextValue>
  </TextCorrectedLine>
</TextCorrectedBlock>
<TextCorrectedBlock pageOID="C18460822.1.3" blockID="P3_TB00007" userID="[redacted]">
  <TextCorrectedLine lineID="P3_TL00101">
    <OldTextValue>in the present infancy and paralized state of a affairs, that one</OldTextValue>
    <NewTextValue>in the present infancy and paralized state of affairs, that one</NewTextValue>
  </TextCorrectedLine>
</TextCorrectedBlock>
<TextCorrectedBlock pageOID="C18460822.1.3" blockID="P3_TB00007" userID="[redacted]">
  <TextCorrectedLine lineID="P3_TL00124">
    <OldTextValue>As they may depend upon us always, as long as out brave</OldTextValue>
    <NewTextValue>As they may depend upon us always, as long as our brave</NewTextValue>
  </TextCorrectedLine>
</TextCorrectedBlock>
<TextCorrectedBlock pageOID="C18460822.1.3" blockID="P3_TB00009" userID="[redacted]">
  <TextCorrectedLine lineID="P3_TL00139">
    <OldTextValue>cargo, lumber, soap, sea otter skins, land otter skins, beaver</OldTextValue>
    <NewTextValue>cargo, lumber, soap, sea otter skins, land otter skins, beaver,</NewTextValue>
  </TextCorrectedLine>
</TextCorrectedBlock>
<TextCorrectedBlock pageOID="C18460822.1.4" blockID="P4_TB00001" userID="[redacted]">
  <TextCorrectedLine lineID="P4_TL00002">
    <OldTextValue>"Friend,"' a paper published at Honolulu, we feel it our</OldTextValue>
    <NewTextValue>"Friend," a paper published at Honolulu, we feel it our</NewTextValue>
  </TextCorrectedLine>
</TextCorrectedBlock>
<TextCorrectedBlock pageOID="C18460822.1.4" blockID="P4_TB00001" userID="[redacted]">
  <TextCorrectedLine lineID="P4_TL00047">
    <OldTextValue>one thing is certain,that this general movement in the four</OldTextValue>
    <NewTextValue>one thing is certain, that this general movement in the four</NewTextValue>
  </TextCorrectedLine>
</TextCorrectedBlock>
<TextCorrectedBlock pageOID="C18460822.1.4" blockID="P4_TB00001" userID="[redacted]">
  <TextCorrectedLine lineID="P4_TL00052">
    <OldTextValue>ent condition of California, is quite uncertain ; but should</OldTextValue>
    <NewTextValue>ent condition of California, is quite uncertain; but should</NewTextValue>
  </TextCorrectedLine>
</TextCorrectedBlock>
<TextCorrectedBlock pageOID="C18460822.1.4" blockID="P4_TB00005" userID="[redacted]">
  <TextCorrectedLine lineID="P4_TL00101">
    <OldTextValue>ordered that no one is to tell or dispose of any intoxicating</OldTextValue>
    <NewTextValue>ordered that no one is to sell or dispose of any intoxicating</NewTextValue>
  </TextCorrectedLine>
</TextCorrectedBlock>
<TextCorrectedBlock pageOID="C18460822.1.4" blockID="P4_TB00009" userID="[redacted]">
  <TextCorrectedLine lineID="P4_TL00146">
    <OldTextValue>Price 12 1-2 cents.</OldTextValue>
    <NewTextValue>Price 12 ½ cents.</NewTextValue>
  </TextCorrectedLine>
  <TextCorrectedLine lineID="P4_TL00147">
    <OldTextValue>JOB PRISTING:— CIRCULARS. HAND-BILLS, &amp;c.</OldTextValue>
    <NewTextValue>JOB PRINTING:— CIRCULARS. HAND-BILLS, &amp;c.</NewTextValue>
  </TextCorrectedLine>
  <TextCorrectedLine lineID="P4_TL00148">
    <OldTextValue>Executed with despach at this OFFICE.</OldTextValue>
    <NewTextValue>Executed with despatch at this OFFICE.</NewTextValue>
  </TextCorrectedLine>
</TextCorrectedBlock>
<TextCorrectedBlock pageOID="C18460822.1.3" blockID="P3_TB00005" userID="[redacted]">
  <TextCorrectedLine lineID="P3_TL00033">
    <OldTextValue>■•no, deben forzosamente sccarse. la California</OldTextValue>
    <NewTextValue>sano, deben forzosamente sccarse. ?Porque la California</NewTextValue>
  </TextCorrectedLine>
</TextCorrectedBlock>
