<TextCorrectedBlock pageOID="C18461010.1.1" blockID="P1_TB00002" userID="[redacted]">
  <TextCorrectedLine lineID="P1_TL00002">
    <OldTextValue>Vol. I</OldTextValue>
    <NewTextValue>Vol. 1</NewTextValue>
  </TextCorrectedLine>
</TextCorrectedBlock>
<TextCorrectedBlock pageOID="C18461010.1.1" blockID="P1_TB00008" userID="[redacted]">
  <TextCorrectedLine lineID="P1_TL00132">
    <OldTextValue>MONTEREY, SATURDAY. OCTOBER. 10, 1846.</OldTextValue>
    <NewTextValue>MONTEREY, SATURDAY, OCTOBER. 10, 1846.</NewTextValue>
  </TextCorrectedLine>
</TextCorrectedBlock>
<TextCorrectedBlock pageOID="C18461010.1.1" blockID="P1_TB00010" userID="[redacted]">
  <TextCorrectedLine lineID="P1_TL00134">
    <OldTextValue>Tut Cinfoiin published *very Saturday morning. *</OldTextValue>
    <NewTextValue>The Californian published every Saturday morning.</NewTextValue>
  </TextCorrectedLine>
  <TextCorrectedLine lineID="P1_TL00135">
    <OldTextValue>f€?^n^ ; By COLTOJV A 7 SEMPLE. : *•i-• i-:' '•*■'?; \-</OldTextValue>
    <NewTextValue>By COLTON &amp; SEMPLE.</NewTextValue>
  </TextCorrectedLine>
  <TextCorrectedLine lineID="P1_TL00136">
    <OldTextValue>"lcrjns—Subscription, one yeah m advance ■ 115 00 :</OldTextValue>
    <NewTextValue>Terms—Subscription, one year in advance $5 00</NewTextValue>
  </TextCorrectedLine>
  <TextCorrectedLine lineID="P1_TL00137">
    <OldTextValue>■M'^! I--'1 '-'- 1"'1 "' ■£ '--^ SIX MONTHS ■■&gt;::.&gt;;: 250</OldTextValue>
    <NewTextValue>" six months    2 50</NewTextValue>
  </TextCorrectedLine>
  <TextCorrectedLine lineID="P1_TL00138">
    <OldTextValue>• ;'^:'! l!;';' Single Copies, ; •/ .'- ;:■ , •' •■•••' '"•- 12£</OldTextValue>
    <NewTextValue>Single Copies,     12½</NewTextValue>
  </TextCorrectedLine>
</TextCorrectedBlock>
<TextCorrectedBlock pageOID="C18461010.1.1" blockID="P1_TB00004" userID="[redacted]">
  <TextCorrectedLine lineID="P1_TL00004">
    <OldTextValue>Further particulams ov the war in India.—A fourth</OldTextValue>
    <NewTextValue>Further particulars of the war in India.—A fourth</NewTextValue>
  </TextCorrectedLine>
  <TextCorrectedLine lineID="P1_TL00005">
    <OldTextValue>battle has been fought witHf'th.-v Seikhs on the British terri-</OldTextValue>
    <NewTextValue>battle has been fought with the Seikhs on the British terri-</NewTextValue>
  </TextCorrectedLine>
  <TextCorrectedLine lineID="P1_TL00006">
    <OldTextValue>tories, mor«j disastrous to th&amp;m, and mote triumphant on</OldTextValue>
    <NewTextValue>tories, more disastrous to them, and more triumphant on</NewTextValue>
  </TextCorrectedLine>
  <TextCorrectedLine lineID="P1_TL00007">
    <OldTextValue>our part than any of our prececding engagements.</OldTextValue>
    <NewTextValue>our part than any of our preceeding engagements.</NewTextValue>
  </TextCorrectedLine>
  <TextCorrectedLine lineID="P1_TL00008">
    <OldTextValue>On the morning af the 10th Feb., the troops were under</OldTextValue>
    <NewTextValue>On the morning of the 10th Feb., the troops were under</NewTextValue>
  </TextCorrectedLine>
  <TextCorrectedLine lineID="P1_TL00009">
    <OldTextValue>nrms at an early hour, and tht action began by a heavy</OldTextValue>
    <NewTextValue>arms at an early hour, and the action began by a heavy</NewTextValue>
  </TextCorrectedLine>
  <TextCorrectedLine lineID="P1_TL00013">
    <OldTextValue>in two hours; and then the Seikhs mnnued their work?, and</OldTextValue>
    <NewTextValue>in two hours; and then the Seikhs manned their works, and</NewTextValue>
  </TextCorrectedLine>
  <TextCorrectedLine lineID="P1_TL00015">
    <OldTextValue>net. It will net escape remark that throughout this wnr,</OldTextValue>
    <NewTextValue>onet. It will not escape remark that throughout this war,</NewTextValue>
  </TextCorrectedLine>
  <TextCorrectedLine lineID="P1_TL00018">
    <OldTextValue>by the superiority of the enemy's guns, and that our triumph</OldTextValue>
    <NewTextValue>by the superiority of the enemy's guns, and that our triumphs</NewTextValue>
  </TextCorrectedLine>
  <TextCorrectedLine lineID="P1_TL00019">
    <OldTextValue>have, been achieved by the bayonet, and the unflinching</OldTextValue>
    <NewTextValue>have been achieved by the bayonet, and the unflinching</NewTextValue>
  </TextCorrectedLine>
  <TextCorrectedLine lineID="P1_TL00021">
    <OldTextValue>ion it was found that the entrenchments of the Seikhs had</OldTextValue>
    <NewTextValue>sion it was found that the entrenchments of the Seikhs had</NewTextValue>
  </TextCorrectedLine>
  <TextCorrectedLine lineID="P1_TL00022">
    <OldTextValue>been conducted with the highest Inilitary skill, under thej</OldTextValue>
    <NewTextValue>been conducted with the highest military skill, under the</NewTextValue>
  </TextCorrectedLine>
  <TextCorrectedLine lineID="P1_TL00023">
    <OldTextValue>direction, it is supposed, of a Spanish officer, Col. de Al-i</OldTextValue>
    <NewTextValue>direction, it is supposed, of a Spanish officer, Col. de Al-</NewTextValue>
  </TextCorrectedLine>
  <TextCorrectedLine lineID="P1_TL00024">
    <OldTextValue>cantara. During the whole of our career in Irirlra our (</OldTextValue>
    <NewTextValue>cantara. During the whole of our career in India our</NewTextValue>
  </TextCorrectedLine>
  <TextCorrectedLine lineID="P1_TL00025">
    <OldTextValue>troops havcs'eldom, rf ever, been called to stor«i works so</OldTextValue>
    <NewTextValue>troops have seldom, if ever, been called to storm works so</NewTextValue>
  </TextCorrectedLine>
  <TextCorrectedLine lineID="P1_TL00026">
    <OldTextValue>formidable, and defended by snrh determined valor. A</OldTextValue>
    <NewTextValue>formidable, and defended by such determined valor. A</NewTextValue>
  </TextCorrectedLine>
  <TextCorrectedLine lineID="P1_TL00027">
    <OldTextValue>deep ditch in front effectually prevented the advance ofj</OldTextValue>
    <NewTextValue>deep ditch in front effectually prevented the advance of</NewTextValue>
  </TextCorrectedLine>
  <TextCorrectedLine lineID="P1_TL00028">
    <OldTextValue>Cavalry into the; Seikh encampment, and the glory of the</OldTextValue>
    <NewTextValue>Cavalry into the Seikh encampment, and the glory of the</NewTextValue>
  </TextCorrectedLine>
  <TextCorrectedLine lineID="P1_TL00029">
    <OldTextValue>day wa« thus left to the Infantry. While the battle was</OldTextValue>
    <NewTextValue>day was thus left to the Infantry. While the battle was</NewTextValue>
  </TextCorrectedLine>
  <TextCorrectedLine lineID="P1_TL00034">
    <OldTextValue>ankle deep through the sands of Sutlcclge, and advanced</OldTextValue>
    <NewTextValue>ankle deep through the sands of Sutledge, and advanced</NewTextValue>
  </TextCorrectedLine>
  <TextCorrectedLine lineID="P1_TL00035">
    <OldTextValue>amidst a tempest of balls with the most admirable* steadiness</OldTextValue>
    <NewTextValue>amidst a tempest of balls with the most admirable steadiness</NewTextValue>
  </TextCorrectedLine>
</TextCorrectedBlock>
<TextCorrectedBlock pageOID="C18461010.1.1" blockID="P1_TB00005" userID="[redacted]">
  <TextCorrectedLine lineID="P1_TL00036">
    <OldTextValue>to their object An attempt was made by the Seikh Cav-</OldTextValue>
    <NewTextValue>to their object.  An attempt was made by the Seikh Cav-</NewTextValue>
  </TextCorrectedLine>
  <TextCorrectedLine lineID="P1_TL00041">
    <OldTextValue>pressed at thesame time by our divisions in front, were</OldTextValue>
    <NewTextValue>pressed at the same time by our divisions in front, were</NewTextValue>
  </TextCorrectedLine>
  <TextCorrectedLine lineID="P1_TL00042">
    <OldTextValue>seized with a panic, abandoned their works and made foi</OldTextValue>
    <NewTextValue>seized with a panic, abandoned their works and made for</NewTextValue>
  </TextCorrectedLine>
  <TextCorrectedLine lineID="P1_TL00045">
    <OldTextValue>unge such as no fHd in India has presented since the</OldTextValue>
    <NewTextValue>nage such as no field in India has presented since the</NewTextValue>
  </TextCorrectedLine>
  <TextCorrectedLine lineID="P1_TL00046">
    <OldTextValue>♦Tattle of Pauipat. Our Infantry exhausted t!u:ir ammunition</OldTextValue>
    <NewTextValue>Battle of Panipat. Our Infantry exhausted their ammunition</NewTextValue>
  </TextCorrectedLine>
  <TextCorrectedLine lineID="P1_TL00048">
    <OldTextValue>pleted the work of destruction. The Seikhs fell like stnlk</OldTextValue>
    <NewTextValue>pleted the work of destruction. The Seikhs fell like stalks</NewTextValue>
  </TextCorrectedLine>
  <TextCorrectedLine lineID="P1_TL00049">
    <OldTextValue>of wheat under the stroke of a sickle. The entrenchment*</OldTextValue>
    <NewTextValue>of wheat under the stroke of a sickle. The entrenchments</NewTextValue>
  </TextCorrectedLine>
  <TextCorrectedLine lineID="P1_TL00050">
    <OldTextValue>•were fiHed with henps of slain, and the SutledgeTwaß choked</OldTextValue>
    <NewTextValue>were filled with heaps of slain, and the Sutledgewas choked</NewTextValue>
  </TextCorrectedLine>
  <TextCorrectedLine lineID="P1_TL00053">
    <OldTextValue>The mute was complete. The whole of tin• ir encampment,</OldTextValue>
    <NewTextValue>The route was complete. The whole of their encampment,</NewTextValue>
  </TextCorrectedLine>
  <TextCorrectedLine lineID="P1_TL00056">
    <OldTextValue>with that wn sustained at the less auspicious batllf of Fe-</OldTextValue>
    <NewTextValue>with that we sustained at the less auspicious batlle of Fe-</NewTextValue>
  </TextCorrectedLine>
  <TextCorrectedLine lineID="P1_TL00057">
    <OldTextValue>rozeshuhf, had also been very severe. The number of ofH</OldTextValue>
    <NewTextValue>rozeshuh, had also been very severe. The number of offi-</NewTextValue>
  </TextCorrectedLine>
  <TextCorrectedLine lineID="P1_TL00058">
    <OldTextValue>cers killed ii said to have amounted to fifieon, among whom</OldTextValue>
    <NewTextValue>cers killed is said to have amounted to fifteen, among whom</NewTextValue>
  </TextCorrectedLine>
  <TextCorrectedLine lineID="P1_TL00059">
    <OldTextValue>fire Sir Robert Dick nnd Col. Taylor of H. M 29th, and</OldTextValue>
    <NewTextValue>are Sir Robert Dick and Col. Taylor of H. M. 29th, and</NewTextValue>
  </TextCorrectedLine>
  <TextCorrectedLine lineID="P1_TL00061">
    <OldTextValue>number .cannot be ascertained till the despatches are pub-</OldTextValue>
    <NewTextValue>number cannot be ascertained till the despatches are pub-</NewTextValue>
  </TextCorrectedLine>
  <TextCorrectedLine lineID="P1_TL00062">
    <OldTextValue>lished. The number of rank and file and non-coHirsisfiioneH</OldTextValue>
    <NewTextValue>lished. The number of rank and file and non-commissioned</NewTextValue>
  </TextCorrectedLine>
  <TextCorrectedLine lineID="P1_TL00063">
    <OldTextValue>officers killed and wounded is by some given nt only five</OldTextValue>
    <NewTextValue>officers killed and wounded is by some given at only five</NewTextValue>
  </TextCorrectedLine>
  <TextCorrectedLine lineID="P1_TL00064">
    <OldTextValue>hundred, while others swell it to two thousand. '</OldTextValue>
    <NewTextValue>hundred, while others swell it to two thousand.</NewTextValue>
  </TextCorrectedLine>
</TextCorrectedBlock>
<TextCorrectedBlock pageOID="C18461010.1.1" blockID="P1_TB00006" userID="[redacted]">
  <TextCorrectedLine lineID="P1_TL00065">
    <OldTextValue>N4ViL Couhtesies.—A letter from an officer on board</OldTextValue>
    <NewTextValue>NAVAL COURTESIES.—A letter from an officer on board</NewTextValue>
  </TextCorrectedLine>
  <TextCorrectedLine lineID="P1_TL00066">
    <OldTextValue>the O. S. Frigate Constitution, when in the Pacific, relates</OldTextValue>
    <NewTextValue>the U. S. Frigate Constitution, when in the Pacific, relates</NewTextValue>
  </TextCorrectedLine>
  <TextCorrectedLine lineID="P1_TL00068">
    <OldTextValue>Constitution wan about ten days from Macao, on her way</OldTextValue>
    <NewTextValue>Constitution was about ten days from Macao, on her way</NewTextValue>
  </TextCorrectedLine>
  <TextCorrectedLine lineID="P1_TL00071">
    <OldTextValue>"A few light cat's-paw fanned us along Until we were</OldTextValue>
    <NewTextValue>"A few light cat's-paw fanned us along until we were</NewTextValue>
  </TextCorrectedLine>
  <TextCorrectedLine lineID="P1_TL00072">
    <OldTextValue>within two miles of them, and then the wind left ur. Wft</OldTextValue>
    <NewTextValue>within two miles of them, and then the wind left us. We</NewTextValue>
  </TextCorrectedLine>
  <TextCorrectedLine lineID="P1_TL00073">
    <OldTextValue>were all thui becalmed in sight of each other. We made</OldTextValue>
    <NewTextValue>were all thus becalmed in sight of each other. We made</NewTextValue>
  </TextCorrectedLine>
  <TextCorrectedLine lineID="P1_TL00074">
    <OldTextValue>them out be a large lin* of battle ship, two frigates, one brig,</OldTextValue>
    <NewTextValue>them out be a large line of battle ship, two frigates, one brig,</NewTextValue>
  </TextCorrectedLine>
  <TextCorrectedLine lineID="P1_TL00075">
    <OldTextValue>and- tw* steamers; their nation as yet unknown, as there</OldTextValue>
    <NewTextValue>and two steamers; their nation as yet unknown, as there</NewTextValue>
  </TextCorrectedLine>
  <TextCorrectedLine lineID="P1_TL00077">
    <OldTextValue>the steamers begun firing up, and shortly afterward bore</OldTextValue>
    <NewTextValue>the steamers began firing up, and shortly afterward bore</NewTextValue>
  </TextCorrectedLine>
  <TextCorrectedLine lineID="P1_TL00078">
    <OldTextValue>down for us. We wert just exercising our crew at general</OldTextValue>
    <NewTextValue>down for us. We were just exercising our crew at general</NewTextValue>
  </TextCorrectedLine>
  <TextCorrectedLine lineID="P1_TL00079">
    <OldTextValue>quarters- -always keeping up cur discipline, when sho came</OldTextValue>
    <NewTextValue>quarters - always keeping up our discipline, when she came</NewTextValue>
  </TextCorrectedLine>
  <TextCorrectedLine lineID="P1_TL00080">
    <OldTextValue>within hail. From her w« learnt that the vessel* composed</OldTextValue>
    <NewTextValue>within hail. From her we learnt that the vessels composed</NewTextValue>
  </TextCorrectedLine>
  <TextCorrectedLine lineID="P1_TL00081">
    <OldTextValue>the East India squadron -of 11. B. M., under the command</OldTextValue>
    <NewTextValue>the East India squadron of H. B. M., under the command</NewTextValue>
  </TextCorrectedLine>
  <TextCorrectedLine lineID="P1_TL00082">
    <OldTextValue>ef Rear Admiral Sir Thomas Cockran, K. C. B.; that they</OldTextValue>
    <NewTextValue>of Rear Admiral Sir Thomas Cockran, K. C. B.; that they</NewTextValue>
  </TextCorrectedLine>
  <TextCorrectedLine lineID="P1_TL00085">
    <OldTextValue>necessaries, and they desired to know if we couU furnish</OldTextValue>
    <NewTextValue>necessaries, and they desired to know if we could furnish</NewTextValue>
  </TextCorrectedLine>
  <TextCorrectedLine lineID="P1_TL00088">
    <OldTextValue>ever itops to count the buseuit in his locker when he sees</OldTextValue>
    <NewTextValue>ever stops to count the buscuit in his locker when he sees</NewTextValue>
  </TextCorrectedLine>
  <TextCorrectedLine lineID="P1_TL00090">
    <OldTextValue>|ing, I assure you, on b«th sides. Our guns had to bo se-</OldTextValue>
    <NewTextValue>ing, I assure you, on both sides. Our guns had to be se-</NewTextValue>
  </TextCorrectedLine>
  <TextCorrectedLine lineID="P1_TL00091">
    <OldTextValue>cured, and, indeed, we musthuve presented ralfcer a hostile</OldTextValue>
    <NewTextValue>cured, and, indeed, we must have presented rather a hostile</NewTextValue>
  </TextCorrectedLine>
  <TextCorrectedLine lineID="P1_TL00092">
    <OldTextValue>'appearance to Mr. Bull: in fact, one of the officers good</OldTextValue>
    <NewTextValue>appearance to Mr. Bull: in fact, one of the officers good</NewTextValue>
  </TextCorrectedLine>
  <TextCorrectedLine lineID="P1_TL00093">
    <OldTextValue>ihumoredly observed, he 'thought we were 'going to blow</OldTextValue>
    <NewTextValue>humoredly observed, he 'thought we were going to blow</NewTextValue>
  </TextCorrectedLine>
  <TextCorrectedLine lineID="P1_TL00094">
    <OldTextValue>|him out of the tvater.' We turned to with light hearts, and</OldTextValue>
    <NewTextValue>him out of the water.' We turned to with light hearts, and</NewTextValue>
  </TextCorrectedLine>
  <TextCorrectedLine lineID="P1_TL00095">
    <OldTextValue>broke out the provisions and sent them on board, while wo</OldTextValue>
    <NewTextValue>broke out the provisions and sent them on board, while we</NewTextValue>
  </TextCorrectedLine>
  <TextCorrectedLine lineID="P1_TL00096">
    <OldTextValue>'entertained the officers in very gallant style—in fact, doing</OldTextValue>
    <NewTextValue>entertained the officers in very gallant style—in fact, doing</NewTextValue>
  </TextCorrectedLine>
  <TextCorrectedLine lineID="P1_TL00099">
    <OldTextValue>hours they were with us; and when they left, it was'like</OldTextValue>
    <NewTextValue>hours they were with us; and when they left, it was like</NewTextValue>
  </TextCorrectedLine>
  <TextCorrectedLine lineID="P1_TL00100">
    <OldTextValue>parting with friends of long standing. One good fallow</OldTextValue>
    <NewTextValue>parting with friends of long standing. One good fellow</NewTextValue>
  </TextCorrectedLine>
  <TextCorrectedLine lineID="P1_TL00103">
    <OldTextValue>gentlemanly officers the first to trial them accordingly."</OldTextValue>
    <NewTextValue>gentlemanly officers the first to treat them accordingly."</NewTextValue>
  </TextCorrectedLine>
  <TextCorrectedLine lineID="P1_TL00104">
    <OldTextValue>A light breeae shortly afterwards sprung up—night closed</OldTextValue>
    <NewTextValue>A light breeze shortly afterwards sprung up—night closed</NewTextValue>
  </TextCorrectedLine>
  <TextCorrectedLine lineID="P1_TL00105">
    <OldTextValue>in—the wind freshened—we cracked on studclen-sails, both</OldTextValue>
    <NewTextValue>in—the wind freshened—we cracked on studden-sails, both</NewTextValue>
  </TextCorrectedLine>
  <TextCorrectedLine lineID="P1_TL00107">
    <OldTextValue>of Luzon wore plainly in view."</OldTextValue>
    <NewTextValue>of Luzon were plainly in view."</NewTextValue>
  </TextCorrectedLine>
</TextCorrectedBlock>
<TextCorrectedBlock pageOID="C18461010.1.1" blockID="P1_TB00007" userID="[redacted]">
  <TextCorrectedLine lineID="P1_TL00108">
    <OldTextValue>i!l Great Britain &amp; the United Stater. —That • the</OldTextValue>
    <NewTextValue>Great Britain &amp; the United States. —That the</NewTextValue>
  </TextCorrectedLine>
  <TextCorrectedLine lineID="P1_TL00110">
    <OldTextValue>now morally I tertnin. ; The remarkable 1 language | of the</OldTextValue>
    <NewTextValue>now morally certain. The remarkable language of the</NewTextValue>
  </TextCorrectedLine>
  <TextCorrectedLine lineID="P1_TL00111">
    <OldTextValue>British Premier, regretting that Mr. Pakenham had:ndt</OldTextValue>
    <NewTextValue>British Premier, regretting that Mr. Pakenham had not</NewTextValue>
  </TextCorrectedLine>
  <TextCorrectedLine lineID="P1_TL00112">
    <OldTextValue>trantmittsd Mr. Polk'» offer to 1, compromise on the 49tli</OldTextValue>
    <NewTextValue>transmitted Mr. Polk's offer to compromise on the 49th</NewTextValue>
  </TextCorrectedLine>
  <TextCorrectedLine lineID="P1_TL00113">
    <OldTextValue>degree to his Government,.and 1 plainly stating that, if not</OldTextValue>
    <NewTextValue>degree to his Government, and plainly stating that, if not</NewTextValue>
  </TextCorrectedLine>
  <TextCorrectedLine lineID="P1_TL00115">
    <OldTextValue>to tho United States, with the concurring observation of</OldTextValue>
    <NewTextValue>to the United States, with the concurring observation of</NewTextValue>
  </TextCorrectedLine>
  <TextCorrectedLine lineID="P1_TL00116">
    <OldTextValue>Lord John Russell, the leader vof the Opposstion, manifest</OldTextValue>
    <NewTextValue>Lord John Russell, the leader of the Opposstion, manifest</NewTextValue>
  </TextCorrectedLine>
  <TextCorrectedLine lineID="P1_TL00117">
    <OldTextValue>the united and anxious desire of the whole-British Nation</OldTextValue>
    <NewTextValue>the united and anxious desire of the whole British Nation</NewTextValue>
  </TextCorrectedLine>
  <TextCorrectedLine lineID="P1_TL00118">
    <OldTextValue>to cultivate friendly relations 1 with the United States. A</OldTextValue>
    <NewTextValue>to cultivate friendly relations with the United States. A</NewTextValue>
  </TextCorrectedLine>
  <TextCorrectedLine lineID="P1_TL00119">
    <OldTextValue>slight jar ■ will doubtless bo occasioned by B the receipt of</OldTextValue>
    <NewTextValue>slight jar will doubtless be occasioned by the receipt of</NewTextValue>
  </TextCorrectedLine>
  <TextCorrectedLine lineID="P1_TL00121">
    <OldTextValue>cannot overrule the general anxiety for peace.. Unless _ our</OldTextValue>
    <NewTextValue>cannot overrule the general anxiety for peace. Unless our</NewTextValue>
  </TextCorrectedLine>
  <TextCorrectedLine lineID="P1_TL00122">
    <OldTextValue>Government rise &lt;in its demands ai the British Ministry</OldTextValue>
    <NewTextValue>Government rise in its demands as the British Ministry</NewTextValue>
  </TextCorrectedLine>
  <TextCorrectedLine lineID="P1_TL00123">
    <OldTextValue>mnke new efforts to satisfy them, we shall have the Oregon</OldTextValue>
    <NewTextValue>make new efforts to satisfy them, we shall have the Oregon</NewTextValue>
  </TextCorrectedLine>
  <TextCorrectedLine lineID="P1_TL00125">
    <OldTextValue>to give universal; satisfaction. Unless madness rules the,;</OldTextValue>
    <NewTextValue>to give universal satisfaction. Unless madness rules the</NewTextValue>
  </TextCorrectedLine>
  <TextCorrectedLine lineID="P1_TL00126">
    <OldTextValue>Councils of our Executive, the favorable : opportunity, with</OldTextValue>
    <NewTextValue>Councils of our Executive, the favorable opportunity will</NewTextValue>
  </TextCorrectedLine>
  <TextCorrectedLine lineID="P1_TL00127">
    <OldTextValue>be embraced and' a Treaty consummated which will , not</OldTextValue>
    <NewTextValue>be embraced and a Treaty consummated which will not</NewTextValue>
  </TextCorrectedLine>
  <TextCorrectedLine lineID="P1_TL00128">
    <OldTextValue>lcavea cloud of European hostility on our horizon.V- A. ; V.</OldTextValue>
    <NewTextValue>leave a cloud of European hostility on our horizon.N. Y.</NewTextValue>
  </TextCorrectedLine>
  <TextCorrectedLine lineID="P1_TL00129">
    <OldTextValue>Tribnne. •-'■.:• ____ - __.^ - _ —- _«</OldTextValue>
    <NewTextValue>Tribune.</NewTextValue>
  </TextCorrectedLine>
  <TextCorrectedLine lineID="P1_TL00130">
    <OldTextValue>iWem'f.rism.—Don't be in a hurry as the shark said veil"</OldTextValue>
    <NewTextValue>Wellerism.—Don't be in a hurry as the shark said when</NewTextValue>
  </TextCorrectedLine>
  <TextCorrectedLine lineID="P1_TL00131">
    <OldTextValue>tap man was swimming away from him. '"• ,</OldTextValue>
    <NewTextValue>the man was swimming away from him.</NewTextValue>
  </TextCorrectedLine>
</TextCorrectedBlock>
<TextCorrectedBlock pageOID="C18461010.1.2" blockID="P2_TB00009" userID="[redacted]">
  <TextCorrectedLine lineID="P2_TL00142">
    <OldTextValue>SATURDAY, OCTOUEIi, lO'lS-ltf."</OldTextValue>
    <NewTextValue>SATURDAY, OCTOBER, 10 1846.</NewTextValue>
  </TextCorrectedLine>
</TextCorrectedBlock>
<TextCorrectedBlock pageOID="C18461010.1.2" blockID="P2_TB00001" userID="[redacted]">
  <TextCorrectedLine lineID="P2_TL00001">
    <OldTextValue>.TirK Disturbance. —We have no further 1 intelligence!</OldTextValue>
    <NewTextValue>The Disturbance. —We have no further intelligence</NewTextValue>
  </TextCorrectedLine>
  <TextCorrectedLine lineID="P2_TL00002">
    <OldTextValue>t'mni the Pueblo below except what reaches us in the,shape'</OldTextValue>
    <NewTextValue>from the Pueblo below except what reaches us in the shape</NewTextValue>
  </TextCorrectedLine>
  <TextCorrectedLine lineID="P2_TL00003">
    <OldTextValue>. rumor, and that is,that the insurgents were entirely BfteV|</OldTextValue>
    <NewTextValue>of rumor, and that is that the insurgents were entirely after</NewTextValue>
  </TextCorrectedLine>
  <TextCorrectedLine lineID="P2_TL00004">
    <OldTextValue>plunder"-, that no man of unbalance was omong tin m, but</OldTextValue>
    <NewTextValue>plunder, that no man of substance was among them, but</NewTextValue>
  </TextCorrectedLine>
  <TextCorrectedLine lineID="P2_TL00005">
    <OldTextValue>on'the contrary guarded hi».» property from their lawless</OldTextValue>
    <NewTextValue>on the contrary guarded his property from their lawless</NewTextValue>
  </TextCorrectedLine>
  <TextCorrectedLine lineID="P2_TL00006">
    <OldTextValue>violence, with th« utmost care... The foreigners it is slated</OldTextValue>
    <NewTextValue>violence, with the utmost care. The foreigners it is stated</NewTextValue>
  </TextCorrectedLine>
  <TextCorrectedLine lineID="P2_TL00007">
    <OldTextValue>are the greatest sufferers, bnt to what extent is not known.</OldTextValue>
    <NewTextValue>are the greatest sufferers, but to what extent is not known.</NewTextValue>
  </TextCorrectedLine>
  <TextCorrectedLine lineID="P2_TL00008">
    <OldTextValue>The foncs of the Savannah nre t!it-re by this time, and</OldTextValue>
    <NewTextValue>The forces of the Savannah are there by this time, and</NewTextValue>
  </TextCorrectedLine>
  <TextCorrectedLine lineID="P2_TL00009">
    <OldTextValue>.Commodore Stockton must ho very near there in the Con-</OldTextValue>
    <NewTextValue>Commodore Stockton must be very near there in the Con-</NewTextValue>
  </TextCorrectedLine>
  <TextCorrectedLine lineID="P2_TL00010">
    <OldTextValue>grass. We do not credit the report t&gt;j,.| Mr. Howard's ves-</OldTextValue>
    <NewTextValue>gress. We do not credit the report that Mr. Howard's ves-</NewTextValue>
  </TextCorrectedLine>
  <TextCorrectedLine lineID="P2_TL00011">
    <OldTextValue>sel has been taken,.she could have , slipped her cables if</OldTextValue>
    <NewTextValue>sel has been taken, she could have slipped her cables if</NewTextValue>
  </TextCorrectedLine>
  <TextCorrectedLine lineID="P2_TL00012">
    <OldTextValue>nrcM'ary and gone to ten. We presume the whole affair</OldTextValue>
    <NewTextValue>neccesary and gone to sea. We presume the whole affair</NewTextValue>
  </TextCorrectedLine>
  <TextCorrectedLine lineID="P2_TL00013">
    <OldTextValue>has been very much exaggerated, but not quite so much ax</OldTextValue>
    <NewTextValue>has been very much exaggerated, but not quite so much as</NewTextValue>
  </TextCorrectedLine>
  <TextCorrectedLine lineID="P2_TL00014">
    <OldTextValue>the bloody rumor about the Wiill.uviilla Indian*, who have</OldTextValue>
    <NewTextValue>the bloody rumor about the Wallawalla Indians, who have</NewTextValue>
  </TextCorrectedLine>
  <TextCorrectedLine lineID="P2_TL00016">
    <OldTextValue>'Jition!</OldTextValue>
    <NewTextValue>dition!</NewTextValue>
  </TextCorrectedLine>
</TextCorrectedBlock>
<TextCorrectedBlock pageOID="C18461010.1.2" blockID="P2_TB00001" userID="[redacted]">
  <TextCorrectedLine lineID="P2_TL00015">
    <OldTextValue>since dwindled down to forty, on a peaceful trading expe</OldTextValue>
    <NewTextValue>since dwindled down to forty, on a peaceful trading expe-</NewTextValue>
  </TextCorrectedLine>
</TextCorrectedBlock>
<TextCorrectedBlock pageOID="C18461010.1.2" blockID="P2_TB00002" userID="[redacted]">
  <TextCorrectedLine lineID="P2_TL00017">
    <OldTextValue>Emigration.— We hnve received a letter from the Sac-</OldTextValue>
    <NewTextValue>Emigration.— We have received a letter from the Sac-</NewTextValue>
  </TextCorrectedLine>
  <TextCorrectedLine lineID="P2_TL00018">
    <OldTextValue>ra mento which states that emigrants from the U. States</OldTextValue>
    <NewTextValue>ramento which states that emigrants from the U. States</NewTextValue>
  </TextCorrectedLine>
  <TextCorrectedLine lineID="P2_TL00019">
    <OldTextValue>a*© constantly arriving. Their number* may be guessed</OldTextValue>
    <NewTextValue>are constantly arriving. Their numbers may be guessed</NewTextValue>
  </TextCorrectedLine>
  <TextCorrectedLine lineID="P2_TL00020">
    <OldTextValue>from the fact thit they have with them one hundred and</OldTextValue>
    <NewTextValue>from the fact that they have with them one hundred and</NewTextValue>
  </TextCorrectedLine>
  <TextCorrectedLine lineID="P2_TL00021">
    <OldTextValue>seventy five wagons. They preferred coining to Califor-</OldTextValue>
    <NewTextValue>seventy five wagons. They preferred coming to Califor-</NewTextValue>
  </TextCorrectedLine>
  <TextCorrectedLine lineID="P2_TL00022">
    <OldTextValue>nia, than going to Oregon, notwithstanding tbe utmost ef-</OldTextValue>
    <NewTextValue>nia, than going to Oregon, notwithstanding the utmost ef-</NewTextValue>
  </TextCorrectedLine>
  <TextCorrectedLine lineID="P2_TL00025">
    <OldTextValue>came this; a high destiny awaits this countiy.</OldTextValue>
    <NewTextValue>came this; a high destiny awaits this country.</NewTextValue>
  </TextCorrectedLine>
</TextCorrectedBlock>
<TextCorrectedBlock pageOID="C18461010.1.2" blockID="P2_TB00003" userID="[redacted]">
  <TextCorrectedLine lineID="P2_TL00027">
    <OldTextValue>California. The VBst tide of emigration from the United</OldTextValue>
    <NewTextValue>California. The vast tide of emigration from the United</NewTextValue>
  </TextCorrectedLine>
  <TextCorrectedLine lineID="P2_TL00030">
    <OldTextValue>»nd to have it taught them early. They will acquire it with</OldTextValue>
    <NewTextValue>and to have it taught them early. They will acquire it with</NewTextValue>
  </TextCorrectedLine>
  <TextCorrectedLine lineID="P2_TL00031">
    <OldTextValue>facility when young and with difficulty when they hmve</OldTextValue>
    <NewTextValue>facility when young and with difficulty when they have</NewTextValue>
  </TextCorrectedLine>
  <TextCorrectedLine lineID="P2_TL00034">
    <OldTextValue>T^ssons of one, who is in Monterey, who is cbmpetoHt to</OldTextValue>
    <NewTextValue>lessons of one, who is in Monterey, who is competent to</NewTextValue>
  </TextCorrectedLine>
  <TextCorrectedLine lineID="P2_TL00036">
    <OldTextValue>by a timely effort in the community. r,nd will b&lt;- lost unless</OldTextValue>
    <NewTextValue>by a timely effort in the community, and will be lost unless</NewTextValue>
  </TextCorrectedLine>
  <TextCorrectedLine lineID="P2_TL00037">
    <OldTextValue>that effort 6hall be made No parent Srfotila l«t his child</OldTextValue>
    <NewTextValue>that effort shall be made. No parent should let his child</NewTextValue>
  </TextCorrectedLine>
</TextCorrectedBlock>
<TextCorrectedBlock pageOID="C18461010.1.2" blockID="P2_TB00004" userID="[redacted]">
  <TextCorrectedLine lineID="P2_TL00043">
    <OldTextValue>fast broke forth in flame. Where the fault lies, we pretend</OldTextValue>
    <NewTextValue>last broke forth in flame. Where the fault lies, we pretend</NewTextValue>
  </TextCorrectedLine>
  <TextCorrectedLine lineID="P2_TL00050">
    <OldTextValue>and little deserve the approbum wkich may be ca=,t upon</OldTextValue>
    <NewTextValue>and little deserve the approbum which may be cast upon</NewTextValue>
  </TextCorrectedLine>
  <TextCorrectedLine lineID="P2_TL00051">
    <OldTextValue>them. _</OldTextValue>
    <NewTextValue>them.</NewTextValue>
  </TextCorrectedLine>
</TextCorrectedBlock>
<TextCorrectedBlock pageOID="C18461010.1.2" blockID="P2_TB00005" userID="[redacted]">
  <TextCorrectedLine lineID="P2_TL00052">
    <OldTextValue>Horse Stealug.—The Indians crept upon Carmel last</OldTextValue>
    <NewTextValue>Horse Stealing.—The Indians crept upon Carmel last</NewTextValue>
  </TextCorrectedLine>
  <TextCorrectedLine lineID="P2_TL00053">
    <OldTextValue>Tuesday night, and stole fome fifteen or twenty horsr.s</OldTextValue>
    <NewTextValue>Tuesday night, and stole some fifteen or twenty horsres</NewTextValue>
  </TextCorrectedLine>
  <TextCorrectedLine lineID="P2_TL00054">
    <OldTextValue>most of them belonging to Mr. Trtorhs of this place. Th*&gt;</OldTextValue>
    <NewTextValue>most of them belonging to Mr. Tooms of this place. The</NewTextValue>
  </TextCorrectedLine>
  <TextCorrectedLine lineID="P2_TL00056">
    <OldTextValue>noon, and the following genllemen started immediately in</OldTextValue>
    <NewTextValue>noon, and the following gentlemen started immediately in</NewTextValue>
  </TextCorrectedLine>
  <TextCorrectedLine lineID="P2_TL00057">
    <OldTextValue>pursuit:—Messrs. Toomes, Thorns, Dye; Shellinberger,</OldTextValue>
    <NewTextValue>pursuit:—Messrs. Toomes, Thoms, Dye; Shellinberger,</NewTextValue>
  </TextCorrectedLine>
  <TextCorrectedLine lineID="P2_TL00059">
    <OldTextValue>.Lieut. Maddox, commanding the military foice; berg, fur</OldTextValue>
    <NewTextValue>Lieut. Maddox, commanding the military forces here, fur-</NewTextValue>
  </TextCorrectedLine>
  <TextCorrectedLine lineID="P2_TL00060">
    <OldTextValue>nished them very properly, on the emergency of the ocCftr</OldTextValue>
    <NewTextValue>nished them very properly, on the emergency of the occa-</NewTextValue>
  </TextCorrectedLine>
  <TextCorrectedLine lineID="P2_TL00061">
    <OldTextValue>sion, with the United States horses. They all went Well</OldTextValue>
    <NewTextValue>sion, with the United States horses. They all went well</NewTextValue>
  </TextCorrectedLine>
  <TextCorrectedLine lineID="P2_TL00062">
    <OldTextValue>armed, and took a rout by which they expect to be nble to</OldTextValue>
    <NewTextValue>armed, and took a rout by which they expect to be able to</NewTextValue>
  </TextCorrectedLine>
  <TextCorrectedLine lineID="P2_TL00063">
    <OldTextValue>overtake the Indians before they reach the Toolarit-s</OldTextValue>
    <NewTextValue>overtake the Indians before they reach the Toolaries.</NewTextValue>
  </TextCorrectedLine>
  <TextCorrectedLine lineID="P2_TL00066">
    <OldTextValue>tions will bn in a great, measure prevented 1.</OldTextValue>
    <NewTextValue>tions will be in a great, measure prevented.</NewTextValue>
  </TextCorrectedLine>
</TextCorrectedBlock>
<TextCorrectedBlock pageOID="C18461010.1.2" blockID="P2_TB00007" userID="[redacted]">
  <TextCorrectedLine lineID="P2_TL00068">
    <OldTextValue>Lofs ny liiK American Whai.k ship Konoiiasset.— -</OldTextValue>
    <NewTextValue>Loss of The American Whale ship Konohasset.—</NewTextValue>
  </TextCorrectedLine>
  <TextCorrectedLine lineID="P2_TL00069">
    <OldTextValue>Tin; Konohassett was formerly a merchant ship.bdonging</OldTextValue>
    <NewTextValue>The Konohassett was formerly a merchant ship, belonging</NewTextValue>
  </TextCorrectedLine>
  <TextCorrectedLine lineID="P2_TL00070">
    <OldTextValue>to J3«»ston, of 4~rj ton* register. She failed from Sag Bar-</OldTextValue>
    <NewTextValue>to Boston, of 426 tons register. She sailed from Sag Har-</NewTextValue>
  </TextCorrectedLine>
  <TextCorrectedLine lineID="P2_TL00071">
    <OldTextValue>jbiir, December 6th, 1845, on her first whaling voyage, »tßn</OldTextValue>
    <NewTextValue>bor, December 6th, 1845, on her first whaling voyage, at an</NewTextValue>
  </TextCorrectedLine>
  <TextCorrectedLine lineID="P2_TL00073">
    <OldTextValue>•'."tjiUO.OOO, a part in Boston and the remainder in New York.</OldTextValue>
    <NewTextValue>$30,000, a part in Boston and the remainder in New York.</NewTextValue>
  </TextCorrectedLine>
  <TextCorrectedLine lineID="P2_TL00074">
    <OldTextValue>:()n the passage out she took no oil, rpcruited at LahaMin,</OldTextValue>
    <NewTextValue>On the passage out she took no oil, recruited at Lahaina,</NewTextValue>
  </TextCorrectedLine>
  <TextCorrectedLine lineID="P2_TL00075">
    <OldTextValue>[and left tliere fur iho North West Coast 17th May. F«.r</OldTextValue>
    <NewTextValue>and left there for the North West Coast 17th May. For</NewTextValue>
  </TextCorrectedLine>
  <TextCorrectedLine lineID="P2_TL00076">
    <OldTextValue>jan account oTlhe disaster we furnish the following minutt9</OldTextValue>
    <NewTextValue>an account of the disaster we furnish the following minutes</NewTextValue>
  </TextCorrectedLine>
  <TextCorrectedLine lineID="P2_TL00077">
    <OldTextValue>of n journal krpt by .Captain Worth:</OldTextValue>
    <NewTextValue>of a journal kept by Captain Worth:</NewTextValue>
  </TextCorrectedLine>
  <TextCorrectedLine lineID="P2_TL00078">
    <OldTextValue>May £4, I o'clock in the morning, ship K. under'all sail</OldTextValue>
    <NewTextValue>May 24, 1 o'clock in the morning, ship K. under all sail</NewTextValue>
  </TextCorrectedLine>
  <TextCorrectedLine lineID="P2_TL00079">
    <OldTextValue>before the wi-.ni, going at the rate of 5 knots, strmk upon '</OldTextValue>
    <NewTextValue>before the wind, going at the rate of 5 knots, struck upon</NewTextValue>
  </TextCorrectedLine>
  <TextCorrectedLine lineID="P2_TL00080">
    <OldTextValue>a coral retf which is not down upon any chart, it being full</OldTextValue>
    <NewTextValue>a coral reef which is not down upon any chart, it being full</NewTextValue>
  </TextCorrectedLine>
  <TextCorrectedLine lineID="P2_TL00081">
    <OldTextValue>low water was very smooth. Wh*n the tide turned, the</OldTextValue>
    <NewTextValue>low water was very smooth. When the tide turned, the</NewTextValue>
  </TextCorrectedLine>
  <TextCorrectedLine lineID="P2_TL00082">
    <OldTextValue>swell came in, and the ship bilgtd in two hours. We were</OldTextValue>
    <NewTextValue>swell came in, and the ship bilged in two hours. We were</NewTextValue>
  </TextCorrectedLine>
  <TextCorrectedLine lineID="P2_TL00084">
    <OldTextValue>water. At J«ylight no land in sight, Sun one hour high,</OldTextValue>
    <NewTextValue>water. At daylight no land in sight. Sun one hour high,</NewTextValue>
  </TextCorrectedLine>
  <TextCorrectedLine lineID="P2_TL00085">
    <OldTextValue>we boarded the ship and from the rnizzeti rigging saw a low</OldTextValue>
    <NewTextValue>we boarded the ship and from the mizzen rigging saw a low</NewTextValue>
  </TextCorrectedLine>
  <TextCorrectedLine lineID="P2_TL00087">
    <OldTextValue>and found tiie cook house and some of the wreck of the</OldTextValue>
    <NewTextValue>and found the cook house and some of the wreck of the</NewTextValue>
  </TextCorrectedLine>
  <TextCorrectedLine lineID="P2_TL00088">
    <OldTextValue>Holder Bnnlcn,-also the well that was dug by Capt. Pel.</OldTextValue>
    <NewTextValue>Holder Borden, also the well that was dug by Capt. Pell</NewTextValue>
  </TextCorrectedLine>
  <TextCorrectedLine lineID="P2_TL00089">
    <OldTextValue>and his men. I immediately concluded what to do if we-</OldTextValue>
    <NewTextValue>and his men. I immediately concluded what to do if we</NewTextValue>
  </TextCorrectedLine>
  <TextCorrectedLine lineID="P2_TL00092">
    <OldTextValue>We succeeded in getting htr slide boards and some light</OldTextValue>
    <NewTextValue>We succeeded in getting her slide boards and some light</NewTextValue>
  </TextCorrectedLine>
  <TextCorrectedLine lineID="P2_TL00095">
    <OldTextValue>coral »ut of the water'in almost every direction.</OldTextValue>
    <NewTextValue>coral out of the water in almost every direction.</NewTextValue>
  </TextCorrectedLine>
  <TextCorrectedLine lineID="P2_TL00097">
    <OldTextValue>the pitch from the seams which we could dig out with hut- ■</OldTextValue>
    <NewTextValue>the pitch from the seams which we could dig out with hat-</NewTextValue>
  </TextCorrectedLine>
  <TextCorrectedLine lineID="P2_TL00100">
    <OldTextValue>May 2ti. We got some boards, iron poles qndafcw*</OldTextValue>
    <NewTextValue>May 26. We got some boards, iron poles and a few</NewTextValue>
  </TextCorrectedLine>
  <TextCorrectedLine lineID="P2_TL00101">
    <OldTextValue>naiU from the deck end cut away her spars.</OldTextValue>
    <NewTextValue>nails from the deck and cut away her spars.</NewTextValue>
  </TextCorrectedLine>
  <TextCorrectedLine lineID="P2_TL00104">
    <OldTextValue>May 2ft. Laid a keel 22 ft. 6 in. long, raised stem and</OldTextValue>
    <NewTextValue>May 28. Laid a keel 22 ft. 6 in. long, raised stem and</NewTextValue>
  </TextCorrectedLine>
  <TextCorrectedLine lineID="P2_TL00105">
    <OldTextValue>stern po-ts. In building the boat we labored under every</OldTextValue>
    <NewTextValue>stern posts. In building the boat we labored under every</NewTextValue>
  </TextCorrectedLine>
  <TextCorrectedLine lineID="P2_TL00106">
    <OldTextValue>inconvenience. We had but one auger that could, be o»</OldTextValue>
    <NewTextValue>inconvenience. We had but one auger that could be of</NewTextValue>
  </TextCorrectedLine>
  <TextCorrectedLine lineID="P2_TL00107">
    <OldTextValue>any u?c, (the rest were top large,) and two axes with a</OldTextValue>
    <NewTextValue>any use, (the rest were too large,) and two axes with a</NewTextValue>
  </TextCorrectedLine>
  <TextCorrectedLine lineID="P2_TL00108">
    <OldTextValue>veYj| few other tools. In .18 da.ys.we bad the fast sailing</OldTextValue>
    <NewTextValue>very few other tools. In18 days we had the fast sailing</NewTextValue>
  </TextCorrectedLine>
  <TextCorrectedLine lineID="P2_TL00109">
    <OldTextValue>sloop Konohassett, jr., ready for set.</OldTextValue>
    <NewTextValue>sloop Konohassett, jr., ready for sea.</NewTextValue>
  </TextCorrectedLine>
  <TextCorrectedLine lineID="P2_TL00111">
    <OldTextValue>ths following from a communication addressed to us by</OldTextValue>
    <NewTextValue>the following from a communication addressed to us by</NewTextValue>
  </TextCorrectedLine>
  <TextCorrectedLine lineID="P2_TL00112">
    <OldTextValue>James S. Horton one of tbe boat stcerers:</OldTextValue>
    <NewTextValue>James S. Horton one of tbe boat steerers:</NewTextValue>
  </TextCorrectedLine>
</TextCorrectedBlock>
<TextCorrectedBlock pageOID="C18461010.1.2" blockID="P2_TB00008" userID="[redacted]">
  <TextCorrectedLine lineID="P2_TL00115">
    <OldTextValue>In the language of one of the men cast away iv the ship;</OldTextValue>
    <NewTextValue>In the language of one of the men cast away in the ship;</NewTextValue>
  </TextCorrectedLine>
  <TextCorrectedLine lineID="P2_TL00116">
    <OldTextValue>'every bosom throbed, every heart leaped for joy, when we</OldTextValue>
    <NewTextValue>'every bosom throbbed, every heart leaped for joy, when we</NewTextValue>
  </TextCorrectedLine>
  <TextCorrectedLine lineID="P2_TL00117">
    <OldTextValue>viewed her as she gracefully rode over tbe waters, every</OldTextValue>
    <NewTextValue>viewed her as she gracefully rode over the waters, every</NewTextValue>
  </TextCorrectedLine>
  <TextCorrectedLine lineID="P2_TL00118">
    <OldTextValue>ane prayed for the success of her trip. We looked on</OldTextValue>
    <NewTextValue>one prayed for the success of her trip. We looked on</NewTextValue>
  </TextCorrectedLine>
  <TextCorrectedLine lineID="P2_TL00121">
    <OldTextValue>After a supply of bread and water had boen put aboard,</OldTextValue>
    <NewTextValue>After a supply of bread and water had been put aboard,</NewTextValue>
  </TextCorrectedLine>
  <TextCorrectedLine lineID="P2_TL00126">
    <OldTextValue>ahd is a staunch, strong sea boat, taking into considera-</OldTextValue>
    <NewTextValue>and is a staunch, strong sea boat, taking into considera-</NewTextValue>
  </TextCorrectedLine>
  <TextCorrectedLine lineID="P2_TL00127">
    <OldTextValue>tion the many inconveniences ws experienced, from the</OldTextValue>
    <NewTextValue>tion the many inconveniences we experienced, from the</NewTextValue>
  </TextCorrectedLine>
  <TextCorrectedLine lineID="P2_TL00128">
    <OldTextValue>uiinf. of proper tools and materials, she reflects credit upon</OldTextValue>
    <NewTextValue>want of proper tools and materials, she reflects credit upon</NewTextValue>
  </TextCorrectedLine>
  <TextCorrectedLine lineID="P2_TL00129">
    <OldTextValue>tier builders</OldTextValue>
    <NewTextValue>her builders</NewTextValue>
  </TextCorrectedLine>
  <TextCorrectedLine lineID="P2_TL00130">
    <OldTextValue>After a pa^age of 4$ days, during which time we were</OldTextValue>
    <NewTextValue>After a passage of 42 days, during which time we were</NewTextValue>
  </TextCorrectedLine>
  <TextCorrectedLine lineID="P2_TL00131">
    <OldTextValue>obliged to encounter and overcome nil kinds of difficulties,</OldTextValue>
    <NewTextValue>obliged to encounter and overcome all kinds of difficulties,</NewTextValue>
  </TextCorrectedLine>
  <TextCorrectedLine lineID="P2_TL00133">
    <OldTextValue>ihe small fcize.ef our boat, the scanty allowance of bread</OldTextValue>
    <NewTextValue>the small size of our boat, the scanty allowance of bread</NewTextValue>
  </TextCorrectedLine>
  <TextCorrectedLine lineID="P2_TL00134">
    <OldTextValue>.n.i water on which we Fub.^isted, we arrived at Honolulu,</OldTextValue>
    <NewTextValue>and water on which we subsisted, we arrived at Honolulu,</NewTextValue>
  </TextCorrectedLine>
  <TextCorrectedLine lineID="P2_TL00139">
    <OldTextValue>edge of fitting bouts, of a good moral character ' We Mip-</OldTextValue>
    <NewTextValue>edge of fitting boots, of a good moral character ' We sup-</NewTextValue>
  </TextCorrectedLine>
  <TextCorrectedLine lineID="P2_TL00140">
    <OldTextValue>P&lt;isg boots of a good moral character are those that hava</OldTextValue>
    <NewTextValue>pose boots of a good moral character are those that have</NewTextValue>
  </TextCorrectedLine>
</TextCorrectedBlock>
<TextCorrectedBlock pageOID="C18461010.1.3" blockID="P3_TB00001" userID="[redacted]">
  <TextCorrectedLine lineID="P3_TL00001">
    <OldTextValue>The Mexic «n War —Now that hostilities have actually</OldTextValue>
    <NewTextValue>The Mexican War —Now that hostilities have actually</NewTextValue>
  </TextCorrectedLine>
  <TextCorrectedLine lineID="P3_TL00002">
    <OldTextValue>be^un— that blood has been spilled—that the United State*</OldTextValue>
    <NewTextValue>begun— that blood has been spilled—that the United States</NewTextValue>
  </TextCorrectedLine>
  <TextCorrectedLine lineID="P3_TL00003">
    <OldTextValue>territory hits been invaded—that tfce Mexicans hovo inven-</OldTextValue>
    <NewTextValue>territory has been invaded—that the Mexicans have inves-</NewTextValue>
  </TextCorrectedLine>
  <TextCorrectedLine lineID="P3_TL00006">
    <OldTextValue>prating about mugnaminity—no more homilies upon the</OldTextValue>
    <NewTextValue>prating about magnanimity—no more homilies upon the</NewTextValue>
  </TextCorrectedLine>
  <TextCorrectedLine lineID="P3_TL00007">
    <OldTextValue>virtut of forbearance towards a vaunting and imbecile (o«.</OldTextValue>
    <NewTextValue>virtue of forbearance towards a vaunting and imbecile foe.</NewTextValue>
  </TextCorrectedLine>
  <TextCorrectedLine lineID="P3_TL00008">
    <OldTextValue>Th«re is no problem in mathematics more absolutely de-</OldTextValue>
    <NewTextValue>There is no problem in mathematics more absolutely de-</NewTextValue>
  </TextCorrectedLine>
  <TextCorrectedLine lineID="P3_TL00009">
    <OldTextValue>monstrable than the imposiib.lity of having a good under-</OldTextValue>
    <NewTextValue>monstrable than the impossibility of having a good under-</NewTextValue>
  </TextCorrectedLine>
  <TextCorrectedLine lineID="P3_TL00012">
    <OldTextValue>frontier provinces with inconsiderable advantagas, such a*</OldTextValue>
    <NewTextValue>frontier provinces with inconsiderable advantages, such as</NewTextValue>
  </TextCorrectedLine>
  <TextCorrectedLine lineID="P3_TL00013">
    <OldTextValue>the raiing of Mutameras or the capture ef any small army.</OldTextValue>
    <NewTextValue>the razing of Matamoras or the capture of any small army</NewTextValue>
  </TextCorrectedLine>
  <TextCorrectedLine lineID="P3_TL00022">
    <OldTextValue>countries; and when the United Stales sent a Plenipoten-</OldTextValue>
    <NewTextValue>countries; and when the United States sent a Plenipoten-</NewTextValue>
  </TextCorrectedLine>
  <TextCorrectedLine lineID="P3_TL00026">
    <OldTextValue>derstanding between the partie*. In all these transactions</OldTextValue>
    <NewTextValue>derstanding between the parties. In all these transactions</NewTextValue>
  </TextCorrectedLine>
  <TextCorrectedLine lineID="P3_TL00027">
    <OldTextValue>Mexico has been the assailai.t, the U. States the sufferer.</OldTextValue>
    <NewTextValue>Mexico has been the assailant, the U. States the sufferer.</NewTextValue>
  </TextCorrectedLine>
  <TextCorrectedLine lineID="P3_TL00028">
    <OldTextValue>It is fully understood that the Mexicans have been bus</OldTextValue>
    <NewTextValue>It is fully understood that the Mexicans have been sus-</NewTextValue>
  </TextCorrectedLine>
  <TextCorrectedLine lineID="P3_TL00029">
    <OldTextValue>iained in their hostility to the United States by foreigners.</OldTextValue>
    <NewTextValue>tained in their hostility to the United States by foreigners.</NewTextValue>
  </TextCorrectedLine>
  <TextCorrectedLine lineID="P3_TL00030">
    <OldTextValue>So after all it is not quite «o magnnnimous to be so cool</OldTextValue>
    <NewTextValue>So after all it is not quite so magnanimous to be so cool</NewTextValue>
  </TextCorrectedLine>
  <TextCorrectedLine lineID="P3_TL00031">
    <OldTextValue>a»d comfortable under insult as might be supposed, even il</OldTextValue>
    <NewTextValue>and comfortable under insult as might be supposed, even if</NewTextValue>
  </TextCorrectedLine>
  <TextCorrectedLine lineID="P3_TL00032">
    <OldTextValue>"our soil were not invaded. —iV. O. fie.</OldTextValue>
    <NewTextValue>our soil were not invaded. —N O. Pie.</NewTextValue>
  </TextCorrectedLine>
</TextCorrectedBlock>
<TextCorrectedBlock pageOID="C18461010.1.3" blockID="P3_TB00009" userID="[redacted]">
  <TextCorrectedLine lineID="P3_TL00124">
    <OldTextValue>PORT or MONTEREY —Oct. 10th, 1f46.</OldTextValue>
    <NewTextValue>PORT OF MONTEREY —Oct. 10th, 1846.</NewTextValue>
  </TextCorrectedLine>
  <TextCorrectedLine lineID="P3_TL00127">
    <OldTextValue>cruise. 7th, Freach «hip Brilliante, for Mazutlan. 9th,</OldTextValue>
    <NewTextValue>cruise. 7th, French ship Brilliante, for Mazatlan. 9th,</NewTextValue>
  </TextCorrectedLine>
</TextCorrectedBlock>
<TextCorrectedBlock pageOID="C18461010.1.3" blockID="P3_CB00001" userID="[redacted]">
  <TextCorrectedLine lineID="P3_TL00129">
    <OldTextValue>MAGISTRATE'S OFFICE, ;</OldTextValue>
    <NewTextValue>MAGISTRATE'S OFFICE,</NewTextValue>
  </TextCorrectedLine>
  <TextCorrectedLine lineID="P3_TL00130">
    <OldTextValue>: •■ Monterey, Oct. sth 1546. £</OldTextValue>
    <NewTextValue>Monterey, Oct. 5th 1846.</NewTextValue>
  </TextCorrectedLine>
  <TextCorrectedLine lineID="P3_TL00132">
    <OldTextValue>STOLEN PROPERTY.^-Any person who shall purchase</OldTextValue>
    <NewTextValue>STOLEN PROPERTY.-Any person who shall purchase</NewTextValue>
  </TextCorrectedLine>
  <TextCorrectedLine lineID="P3_TL00133">
    <OldTextValue>a bullock, or a hor»«, without th c legal sale maik on the</OldTextValue>
    <NewTextValue>a bullock, or a horse, without the legal sale mark on the</NewTextValue>
  </TextCorrectedLine>
  <TextCorrectedLine lineID="P3_TL00134">
    <OldTextValue>Animal, or ;a «ertifica&gt;c of sale from the person whose</OldTextValue>
    <NewTextValue>animal, or a certificate of sale from the person whose</NewTextValue>
  </TextCorrectedLine>
  <TextCorrectedLine lineID="P3_TL00135">
    <OldTextValue>brand the animal bear^sliall forfeit the animal so purchased</OldTextValue>
    <NewTextValue>brand the animal bears, shall forfeit the animal so purchased</NewTextValue>
  </TextCorrectedLine>
  <TextCorrectedLine lineID="P3_TL00136">
    <OldTextValue>or its value, and be liabje to a fine not exceeding twenty</OldTextValue>
    <NewTextValue>or its value, and be liable to a fine not exceeding twenty</NewTextValue>
  </TextCorrectedLine>
  <TextCorrectedLine lineID="P3_TL00138">
    <OldTextValue>jurisdiction. WALTEI^COLTON,</OldTextValue>
    <NewTextValue>jurisdiction. WALTER COLTON,</NewTextValue>
  </TextCorrectedLine>
  <TextCorrectedLine lineID="P3_TL00139">
    <OldTextValue>9 ;jt Chief Magistrate.</OldTextValue>
    <NewTextValue>Chief Magistrate.</NewTextValue>
  </TextCorrectedLine>
</TextCorrectedBlock>
<TextCorrectedBlock pageOID="C18461010.1.4" blockID="P4_TB00001" userID="[redacted]">
  <TextCorrectedLine lineID="P4_TL00001">
    <OldTextValue>" OR LEAVING CAT.irOUNT\ "Oil tub {?3iTeVsT.iv«? 'j'"</OldTextValue>
    <NewTextValue>ON LEAVING CALIFORNIA FOR THE UNITED STATES</NewTextValue>
  </TextCorrectedLine>
</TextCorrectedBlock>
<TextCorrectedBlock pageOID="C18461010.1.4" blockID="P4_TB00001" userID="[redacted]">
  <TextCorrectedLine lineID="P4_TL00002">
    <OldTextValue>1 love thee, fair lnml &lt;■( the far distant west; l^'''^ \£*"V</OldTextValue>
    <NewTextValue>l love thee, fair land of the far distant west,</NewTextValue>
  </TextCorrectedLine>
  <TextCorrectedLine lineID="P4_TL00003">
    <OldTextValue>"' Thy beauties'; thy grnndnir. thy wil ihevs, I love them,</OldTextValue>
    <NewTextValue>Thy beauties, thy grandeur. thy wildness, I love them,</NewTextValue>
  </TextCorrectedLine>
  <TextCorrectedLine lineID="P4_TL00004">
    <OldTextValue>And friendships have Btrfngth(&gt;n'&lt;l the tic in my breast,-,',.'</OldTextValue>
    <NewTextValue>And friendships have strengthened the tie in my breast,-</NewTextValue>
  </TextCorrectedLine>
  <TextCorrectedLine lineID="P4_TL00005">
    <OldTextValue>': And memory will cherish the gem." '"•' \;</OldTextValue>
    <NewTextValue>And memory will cherish the gem.</NewTextValue>
  </TextCorrectedLine>
  <TextCorrectedLine lineID="P4_TL00006">
    <OldTextValue>■! rove the rough shores of thy"thiTn'daringj'occan^. , *^jv^i</OldTextValue>
    <NewTextValue>l love the rough shores of thy thundering ocean,</NewTextValue>
  </TextCorrectedLine>
  <TextCorrectedLine lineID="P4_TL00007">
    <OldTextValue>And the high curling.vrav.ta.oj^th'y'.'b'oundlcss'bhie «M&gt;i'</OldTextValue>
    <NewTextValue>And the high curling waves of thy boundless blue sea;</NewTextValue>
  </TextCorrectedLine>
  <TextCorrectedLine lineID="P4_TL00008">
    <OldTextValue>Dove thy wild main, when tKc" storm is in motion,</OldTextValue>
    <NewTextValue>l love thy wild main, when the storm is in motion,</NewTextValue>
  </TextCorrectedLine>
  <TextCorrectedLine lineID="P4_TL00009">
    <OldTextValue>But the home hi my father's is dfcareir to me.;.;: / »; A?</OldTextValue>
    <NewTextValue>But the home of my father's is dearer to me.</NewTextValue>
  </TextCorrectedLine>
  <TextCorrectedLine lineID="P4_TL00010">
    <OldTextValue>..'.*" .. ■) ifi : .:. -.!!»'&gt;», -..:&gt; &gt;-' -";j&lt;&gt; *'- ■■; "■ • '■</OldTextValue>
    <NewTextValue></NewTextValue>
  </TextCorrectedLine>
  <TextCorrectedLine lineID="P4_TL00011">
    <OldTextValue>1 love thy broad rivers, majcstic'ly^roliing,',: .' ■, . •..;-, -;</OldTextValue>
    <NewTextValue>l love thy broad rivers, majestic'ly rolling,</NewTextValue>
  </TextCorrectedLine>
  <TextCorrectedLine lineID="P4_TL00012">
    <OldTextValue>''Their, bright enry t;il watery uw«y to the ilcr.p, . ;i »i</OldTextValue>
    <NewTextValue>Their bright chrystal waters away to the deep,</NewTextValue>
  </TextCorrectedLine>
  <TextCorrectedLine lineID="P4_TL00013">
    <OldTextValue>And to sit whore the I'onrn of thy cataruct'.- pouring, .;&gt; </OldTextValue>
    <NewTextValue>And to sit where the foam of thy cataract's pouring,</NewTextValue>
  </TextCorrectedLine>
  <TextCorrectedLine lineID="P4_TL00014">
    <OldTextValue>*", Like a fiond in its wrath, u'er the rough rocky steep. </OldTextValue>
    <NewTextValue>Like a fiend in its wrath, o'er the rough rocky steep.</NewTextValue>
  </TextCorrectedLine>
  <TextCorrectedLine lineID="P4_TL00015">
    <OldTextValue>■ ••,v-i iii : O . '.ku\ -" tai'&amp;'Siiivx) .;..•"'■ -: •■ *■ ■■■ »v '■-•■•</OldTextValue>
    <NewTextValue></NewTextValue>
  </TextCorrectedLine>
  <TextCorrectedLine lineID="P4_TL00016">
    <OldTextValue>I love thy dnrk forests the Ptarm never wither</OldTextValue>
    <NewTextValue>I love thy dark forests the storm never withers,</NewTextValue>
  </TextCorrectedLine>
  <TextCorrectedLine lineID="P4_TL00017">
    <OldTextValue>Fit emblems tonprout on the hills &lt;&gt;( the free; ; _</OldTextValue>
    <NewTextValue>Fit emblems to sprout on the hills of the free;</NewTextValue>
  </TextCorrectedLine>
  <TextCorrectedLine lineID="P4_TL00018">
    <OldTextValue>I love thy stern sky,,when the winter »toim gathers,</OldTextValue>
    <NewTextValue>I love thy stern sky, when the winter storm gathers,</NewTextValue>
  </TextCorrectedLine>
  <TextCorrectedLine lineID="P4_TL00019">
    <OldTextValue>But the borne of my. childhood is dearer to me.</OldTextValue>
    <NewTextValue>But the home of my childhood is dearer to me.</NewTextValue>
  </TextCorrectedLine>
  <TextCorrectedLine lineID="P4_TL00020">
    <OldTextValue>Hove thy high hills, and their dcrp dark ravines, •' | h ; ;</OldTextValue>
    <NewTextValue>l love thy high hills, and their deep dark ravines,</NewTextValue>
  </TextCorrectedLine>
  <TextCorrectedLine lineID="P4_TL00021">
    <OldTextValue>'. Where the wild beavit and savnge for philter retire. . v . \</OldTextValue>
    <NewTextValue>Where the wild beast and savage for shelter retire,</NewTextValue>
  </TextCorrectedLine>
  <TextCorrectedLine lineID="P4_TL00022">
    <OldTextValue>And thy wood-belted prairies with carpets of green, .■.;&gt;., ; ,</OldTextValue>
    <NewTextValue>And thy wood-belted prairies with carpets of green,</NewTextValue>
  </TextCorrectedLine>
  <TextCorrectedLine lineID="P4_TL00023">
    <OldTextValue>Thy snow-crested peak*, and thy mountains of fire. n j</OldTextValue>
    <NewTextValue>Thy snow-crested peaks, and thy mountains of fire.</NewTextValue>
  </TextCorrectedLine>
  <TextCorrectedLine lineID="P4_TL00024">
    <OldTextValue>' \' ((■•;■.(.■■■ iol v &lt;i' li '". '.^'ul'i'ob'iifiHi}^ Ifu 1</OldTextValue>
    <NewTextValue></NewTextValue>
  </TextCorrectedLine>
  <TextCorrectedLine lineID="P4_TL00025">
    <OldTextValue>I love thy wide wastes, and, thy bleak barren sands,, .^,,: ! j</OldTextValue>
    <NewTextValue>I love thy wide wastes, and thy bleak barren sands,</NewTextValue>
  </TextCorrectedLine>
  <TextCorrectedLine lineID="P4_TL00026">
    <OldTextValue>1 : 'Tis, pleasure such contrasts in nature to see; " &lt;....,■ jj</OldTextValue>
    <NewTextValue>'Tis pleasure such contrasts in nature to see;</NewTextValue>
  </TextCorrectedLine>
  <TextCorrectedLine lineID="P4_TL00027">
    <OldTextValue>t love the parade of thy red warriors' bands, r .- : ,.</OldTextValue>
    <NewTextValue>l love the parade of thy red warriors' bands,</NewTextValue>
  </TextCorrectedLine>
  <TextCorrectedLine lineID="P4_TL00028">
    <OldTextValue>] But the home of my childhood is dearer to me... ;  • :</OldTextValue>
    <NewTextValue>But the home of my childhood is dearer to me.</NewTextValue>
  </TextCorrectedLine>
</TextCorrectedBlock>
<TextCorrectedBlock pageOID="C18461010.1.4" blockID="P4_TB00001" userID="[redacted]">
  <TextCorrectedLine lineID="P4_TL00029">
    <OldTextValue>Fare 1 the well, lovely'land,' in wildness reposirg. .. _</OldTextValue>
    <NewTextValue>Fare thee well, lovely land, in wildness reposing.</NewTextValue>
  </TextCorrectedLine>
  <TextCorrectedLine lineID="P4_TL00030">
    <OldTextValue>' Fit garden for rearing lair' forms and pre'ud souls— ,' ;11 ,</OldTextValue>
    <NewTextValue>Fit garden for rearing fair forms and proud souls—</NewTextValue>
  </TextCorrectedLine>
  <TextCorrectedLine lineID="P4_TL00031">
    <OldTextValue>Farewell to the bills thy green valleys enclosing, ,„. , /.</OldTextValue>
    <NewTextValue>Farewell to the hills thy green valleys enclosing,</NewTextValue>
  </TextCorrectedLine>
  <TextCorrectedLine lineID="P4_TL00032">
    <OldTextValue>In peace may they bloom, while thy blue waters roll. -^ c</OldTextValue>
    <NewTextValue>In peace may they bloom, while thy blue waters roll.</NewTextValue>
  </TextCorrectedLine>
  <TextCorrectedLine lineID="P4_TL00033">
    <OldTextValue>_,:i... » ' ,l. -'x.'t^ !&gt;..&lt; ,:fr,! |ii:;!r')l ,&lt;i&lt;n(&lt;/;-iiii:-rl ,ir.:.';JJr::</OldTextValue>
    <NewTextValue></NewTextValue>
  </TextCorrectedLine>
  <TextCorrectedLine lineID="P4_TL00034">
    <OldTextValue>Bor as long as may flourish thy ever-green pine, ; 1; ., u-uJt</OldTextValue>
    <NewTextValue>For as long as may flourish thy ever-green pine,</NewTextValue>
  </TextCorrectedLine>
  <TextCorrectedLine lineID="P4_TL00035">
    <OldTextValue>' So long may thy people lbe prosp'rous and free; t , </OldTextValue>
    <NewTextValue>So long may thy people be prosp'rous and free;</NewTextValue>
  </TextCorrectedLine>
  <TextCorrectedLine lineID="P4_TL00036">
    <OldTextValue>Be ' the home of the happy—thoii may'st not . be mine, g,,,,.,</OldTextValue>
    <NewTextValue>Be the home of the happy—thou may'st not be mine,</NewTextValue>
  </TextCorrectedLine>
  <TextCorrectedLine lineID="P4_TL00037">
    <OldTextValue>' For the scenes of my childhood are dearer to me. ,'. -„'.,&lt;</OldTextValue>
    <NewTextValue>For the scenes of my childhood are dearer to me.</NewTextValue>
  </TextCorrectedLine>
</TextCorrectedBlock>
<TextCorrectedBlock pageOID="C18461010.1.4" blockID="P4_TB00002" userID="[redacted]">
  <TextCorrectedLine lineID="P4_TL00038">
    <OldTextValue>A New mode ok collecting —A gentleman from Ne w</OldTextValue>
    <NewTextValue>A New mode of collecting —A gentleman from New</NewTextValue>
  </TextCorrectedLine>
  <TextCorrectedLine lineID="P4_TL00040">
    <OldTextValue>pome money due him in that city, was about returning,</OldTextValue>
    <NewTextValue>some money due him in that city, was about returning,</NewTextValue>
  </TextCorrectedLine>
  <TextCorrectedLine lineID="P4_TL00041">
    <OldTextValue>when he found that one bill of § 100 had been overlooked.</OldTextValue>
    <NewTextValue>when he found that one bill of $100 had been overlooked.</NewTextValue>
  </TextCorrectedLine>
  <TextCorrectedLine lineID="P4_TL00042">
    <OldTextValue>.His landlord who knew the debtor, thought it a doubtful</OldTextValue>
    <NewTextValue>His landlord, who knew the debtor, thought it a doubtful</NewTextValue>
  </TextCorrectedLine>
  <TextCorrectedLine lineID="P4_TL00044">
    <OldTextValue>boned yankee, then dunning a lodger in another part tif the</OldTextValue>
    <NewTextValue>boned yankee, then dunning a lodger in another part of the</NewTextValue>
  </TextCorrectedLine>
</TextCorrectedBlock>
<TextCorrectedBlock pageOID="C18461010.1.4" blockID="P4_TB00003" userID="[redacted]">
  <TextCorrectedLine lineID="P4_TL00048">
    <OldTextValue>"Wai,'squire,'taint much upp tr)in', I guess. I know</OldTextValue>
    <NewTextValue>"Wal, squire, 'taint much use tryin', I guess. I know</NewTextValue>
  </TextCorrectedLine>
  <TextCorrectedLine lineID="P4_TL00051">
    <OldTextValue>.how, wlint'll you give s'pos'n I do try?"</OldTextValue>
    <NewTextValue>how, what'll you give s'pos'n I do try?"</NewTextValue>
  </TextCorrectedLine>
  <TextCorrectedLine lineID="P4_TL00052">
    <OldTextValue>"Well, sir, the bill is $'100. I'll give you, yes, I'll give</OldTextValue>
    <NewTextValue>"Well, sir, the bill is $100. I'll give you, yes, I'll give</NewTextValue>
  </TextCorrectedLine>
  <TextCorrectedLine lineID="P4_TL00057">
    <OldTextValue>and in walking up Ttemont street encountered his enter-</OldTextValue>
    <NewTextValue>and in walking up Tremont street encountered his enter-</NewTextValue>
  </TextCorrectedLine>
  <TextCorrectedLine lineID="P4_TL00060">
    <OldTextValue>bill of your'n. You see I stuck to him like a dog to a rout,</OldTextValue>
    <NewTextValue>bill of your'n. You see I stuck to him like a dog to a root,</NewTextValue>
  </TextCorrectedLine>
  <TextCorrectedLine lineID="P4_TL00061">
    <OldTextValue>but for the first weak or so twant't no use— not a bit! If he</OldTextValue>
    <NewTextValue>but for the first week or so twant't no use— not a bit! If he</NewTextValue>
  </TextCorrectedLine>
  <TextCorrectedLine lineID="P4_TL00062">
    <OldTextValue>was at home he was short—if he wasn't at home, I could gel</OldTextValue>
    <NewTextValue>was at home he was short—if he wasn't at home, I could get</NewTextValue>
  </TextCorrectedLine>
  <TextCorrectedLine lineID="P4_TL00063">
    <OldTextValue>no satisfaction. Bye and bye, says 1, after going sixteen</OldTextValue>
    <NewTextValue>no satisfaction. Bye and bye, says l, after going sixteen</NewTextValue>
  </TextCorrectedLine>
  <TextCorrectedLine lineID="P4_TL00064">
    <OldTextValue>times, I'll fix you; so 1 sot down «n the doer step, ami sot</OldTextValue>
    <NewTextValue>times, I'll fix you; so l sot down on the doer step, and sot</NewTextValue>
  </TextCorrectedLine>
  <TextCorrectedLine lineID="P4_TL00065">
    <OldTextValue>all day and part of the evenin', and begun arly next dny.</OldTextValue>
    <NewTextValue>all day and part of the evenin', and begun arly next day.</NewTextValue>
  </TextCorrectedLine>
  <TextCorrectedLine lineID="P4_TL00066">
    <OldTextValue>but about '0 o'clock he gin in. Ho paid me my half, ami</OldTextValue>
    <NewTextValue>but about '0 o'clock he gin in. He paid me my half, and</NewTextValue>
  </TextCorrectedLine>
</TextCorrectedBlock>
<TextCorrectedBlock pageOID="C18461010.1.4" blockID="P4_TB00004" userID="[redacted]">
  <TextCorrectedLine lineID="P4_TL00068">
    <OldTextValue>"How does the thermometer stand-" nsked a father o!</OldTextValue>
    <NewTextValue>"How does the thermometer stand?" asked a father of</NewTextValue>
  </TextCorrectedLine>
  <TextCorrectedLine lineID="P4_TL00069">
    <OldTextValue>his son. "It don't stand at all sir—it hangs,'was the re-</OldTextValue>
    <NewTextValue>his son. "It don't stand at all sir—it hangs," was the re-</NewTextValue>
  </TextCorrectedLine>
  <TextCorrectedLine lineID="P4_TL00070">
    <OldTextValue>ply., -'Well, but 1 mean how high is it?" 'Just about</OldTextValue>
    <NewTextValue>ply. "Well, but l mean how high is it?" "Just about</NewTextValue>
  </TextCorrectedLine>
  <TextCorrectedLine lineID="P4_TL00071">
    <OldTextValue>i'we feet from tho floor:" "Pooh, you fool—how does tht.</OldTextValue>
    <NewTextValue>five feet from the floor." "Pooh, you fool—how does the</NewTextValue>
  </TextCorrectedLine>
  <TextCorrectedLine lineID="P4_TL00072">
    <OldTextValue>mercury range?". '-Up and down, perpendicular."</OldTextValue>
    <NewTextValue>mercury range?" "Up and down, perpendicular."</NewTextValue>
  </TextCorrectedLine>
</TextCorrectedBlock>
<TextCorrectedBlock pageOID="C18461010.1.4" blockID="P4_TB00006" userID="[redacted]">
  <TextCorrectedLine lineID="P4_TL00074">
    <OldTextValue>Matrimony in the Olhen Time.—By an ancient act</OldTextValue>
    <NewTextValue>Matrimony in the Olden Time.—By an ancient act</NewTextValue>
  </TextCorrectedLine>
  <TextCorrectedLine lineID="P4_TL00075">
    <OldTextValue>of tho goad old Scottish Parliment, passed in the reign of</OldTextValue>
    <NewTextValue>of tho good old Scottish Parliment, passed in the reign of</NewTextValue>
  </TextCorrectedLine>
  <TextCorrectedLine lineID="P4_TL00076">
    <OldTextValue>Margaret, about 1288, it was</OldTextValue>
    <NewTextValue>Margaret, about 1288, it was.</NewTextValue>
  </TextCorrectedLine>
  <TextCorrectedLine lineID="P4_TL00077">
    <OldTextValue>"Orient, that during ye reign ef her mayst blessit majes-</OldTextValue>
    <NewTextValue>"Order it, that during ye reign of her mayst blessit majes-</NewTextValue>
  </TextCorrectedLine>
  <TextCorrectedLine lineID="P4_TL00078">
    <OldTextValue>tic, ilfcti rriaiden lndce of baith high and low e?tnit, shall hae</OldTextValue>
    <NewTextValue>tie, ilka maiden ladee of baith high and low estait, shall hae</NewTextValue>
  </TextCorrectedLine>
  <TextCorrectedLine lineID="P4_TL00079">
    <OldTextValue>liberty to spwik to ye mon she likes. Gif he refuses to take</OldTextValue>
    <NewTextValue>liberty to speak to ye mon she likes. Gif he refuses to take</NewTextValue>
  </TextCorrectedLine>
  <TextCorrectedLine lineID="P4_TL00080">
    <OldTextValue>hfcr to be his wife, he shall be mulct in the sum cf an hun-</OldTextValue>
    <NewTextValue>her to be his wife, he shall be mulct in the sum of an hun-</NewTextValue>
  </TextCorrectedLine>
  <TextCorrectedLine lineID="P4_TL00081">
    <OldTextValue>drity purids, Or less as k\s estait may be, except and always</OldTextValue>
    <NewTextValue>drity punds, Or less as kis estait may be, except and always</NewTextValue>
  </TextCorrectedLine>
  <TextCorrectedLine lineID="P4_TL00082">
    <OldTextValue>gif he can make it nppenr tlwt he is betrolhet to anithcr</OldTextValue>
    <NewTextValue>gif he can make it appear that he is betrothet to anither</NewTextValue>
  </TextCorrectedLine>
  <TextCorrectedLine lineID="P4_TL00083">
    <OldTextValue>tootftan; then he shall be freo."</OldTextValue>
    <NewTextValue>woman; then he shall be free."</NewTextValue>
  </TextCorrectedLine>
</TextCorrectedBlock>
<TextCorrectedBlock pageOID="C18461010.1.4" blockID="P4_CB00001" userID="[redacted]">
  <TextCorrectedLine lineID="P4_TL00095">
    <OldTextValue>FOR SALE OR RENT.—A two story hou?c eligibly</OldTextValue>
    <NewTextValue>FOR SALE OR RENT.—A two story house eligibly</NewTextValue>
  </TextCorrectedLine>
  <TextCorrectedLine lineID="P4_TL00096">
    <OldTextValue>situated on the Western side of the gulph of Monterey.</OldTextValue>
    <NewTextValue>situated on the Western side of the gulph of Monterey,</NewTextValue>
  </TextCorrectedLine>
  <TextCorrectedLine lineID="P4_TL00097">
    <OldTextValue>containg two bed rooms and a hall op stairs, and a dining</OldTextValue>
    <NewTextValue>containg two bed rooms and a hall up stairs, and a dining</NewTextValue>
  </TextCorrectedLine>
  <TextCorrectedLine lineID="P4_TL00099">
    <OldTextValue>out houses, fine well of water, and a garden walled in. Tho</OldTextValue>
    <NewTextValue>out houses, fine well of water, and a garden walled in. The</NewTextValue>
  </TextCorrectedLine>
  <TextCorrectedLine lineID="P4_TL00100">
    <OldTextValue>whole establishment consists »f eighty-five yards front and</OldTextValue>
    <NewTextValue>whole establishment consists of eighty-five yards front and</NewTextValue>
  </TextCorrectedLine>
  <TextCorrectedLine lineID="P4_TL00102">
    <OldTextValue>Spence, Esq., 7 tf</OldTextValue>
    <NewTextValue>Spence, Esq.,</NewTextValue>
  </TextCorrectedLine>
</TextCorrectedBlock>
<TextCorrectedBlock pageOID="C18461010.1.4" blockID="P4_CB00001" userID="[redacted]">
  <TextCorrectedLine lineID="P4_TL00103">
    <OldTextValue>MAGISTRATE'S OFFICE,y</OldTextValue>
    <NewTextValue>MAGISTRATE'S OFFICE,</NewTextValue>
  </TextCorrectedLine>
  <TextCorrectedLine lineID="P4_TL00104">
    <OldTextValue>Monterey, Sept. 99th, 1846. \</OldTextValue>
    <NewTextValue>Monterey, Sept. 29th, 1846.</NewTextValue>
  </TextCorrectedLine>
  <TextCorrectedLine lineID="P4_TL00105">
    <OldTextValue>W 7HEREAs,the laws of the United.States prohibit, mulct</OldTextValue>
    <NewTextValue>W hereas, the laws of the United States prohibit, under</NewTextValue>
  </TextCorrectedLine>
  <TextCorrectedLine lineID="P4_TL00106">
    <OldTextValue>severe pains and penalties all gambling, and whereai great</OldTextValue>
    <NewTextValue>severe pains and penalties all gambling, and whereas great</NewTextValue>
  </TextCorrectedLine>
  <TextCorrectedLine lineID="P4_TL00107">
    <OldTextValue>misery and die trass are occasioned by this vicious practice. I</OldTextValue>
    <NewTextValue>misery and distress are occasioned by this vicious practice.</NewTextValue>
  </TextCorrectedLine>
  <TextCorrectedLine lineID="P4_TL00108">
    <OldTextValue>The ch:ef magistrate and cqunsel of the jurisdiction 6F</OldTextValue>
    <NewTextValue>The chief magistrate and counsel of the jurisdiction of</NewTextValue>
  </TextCorrectedLine>
  <TextCorrectedLine lineID="P4_TL00110">
    <OldTextValue>That any monoy staked at. hazard, may be seized wherc-</OldTextValue>
    <NewTextValue>That any money staked at hazard, may be seized where-</NewTextValue>
  </TextCorrectedLine>
  <TextCorrectedLine lineID="P4_TL00111">
    <OldTextValue>ever found, and converted t" the mu.Moi|&gt;al fund.</OldTextValue>
    <NewTextValue>ever found, and converted to the municipal fund.</NewTextValue>
  </TextCorrectedLine>
  <TextCorrectedLine lineID="P4_TL00113">
    <OldTextValue>a. fine *&gt;f twenty dollars, and the occupant of the premises</OldTextValue>
    <NewTextValue>a fine of twenty dollars, and the occupant of the premises</NewTextValue>
  </TextCorrectedLine>
  <TextCorrectedLine lineID="P4_TL00114">
    <OldTextValue>in which trie gambling takes place shall pay a fine of one</OldTextValue>
    <NewTextValue>in which the gambling takes place shall pay a fine of one</NewTextValue>
  </TextCorrectedLine>
  <TextCorrectedLine lineID="P4_TL00115">
    <OldTextValue>hundred dollnrs, and be held security for the payment 6f</OldTextValue>
    <NewTextValue>hundred dollars, and be held security for the payment of</NewTextValue>
  </TextCorrectedLine>
  <TextCorrectedLine lineID="P4_TL00119">
    <OldTextValue>which may lead t« the detection and conviction ef persons</OldTextValue>
    <NewTextValue>which may lead to the detection and conviction of persons</NewTextValue>
  </TextCorrectedLine>
  <TextCorrectedLine lineID="P4_TL00122">
    <OldTextValue>8 3t WA LTER COLTON, Chief Magistrate.</OldTextValue>
    <NewTextValue>WALTER COLTON, Chief Magistrate.</NewTextValue>
  </TextCorrectedLine>
</TextCorrectedBlock>
<TextCorrectedBlock pageOID="C18461010.1.4" blockID="P4_CB00002" userID="[redacted]">
  <TextCorrectedLine lineID="P4_TL00136">
    <OldTextValue>* FOR SALE Ott BARTER. —</OldTextValue>
    <NewTextValue>FOR SALE OR BARTER.</NewTextValue>
  </TextCorrectedLine>
  <TextCorrectedLine lineID="P4_TL00137">
    <OldTextValue>A General atsortment of Merchandise, also, a large lot t&gt;J</OldTextValue>
    <NewTextValue>A General assortment of Merchandise, also, a large lot of</NewTextValue>
  </TextCorrectedLine>
  <TextCorrectedLine lineID="P4_TL00138">
    <OldTextValue>Brown Manias, for sale low for «n.v/i, or hides'.</OldTextValue>
    <NewTextValue>Brown Mantas, for sale low for cash, or hides.</NewTextValue>
  </TextCorrectedLine>
  <TextCorrectedLine lineID="P4_TL00139">
    <OldTextValue>3 tf TALBOTH. GREEN.</OldTextValue>
    <NewTextValue>TALBOT H. GREEN.</NewTextValue>
  </TextCorrectedLine>
  <TextCorrectedLine lineID="P4_TL00140">
    <OldTextValue>JOB PRINTING— CIRCULARS", UAND-BllLs,&amp;c.</OldTextValue>
    <NewTextValue>JOB PRINTING— CIRCULARS, HAND-BlLLS, &amp;c.</NewTextValue>
  </TextCorrectedLine>
  <TextCorrectedLine lineID="P4_TL00142">
    <OldTextValue>Single copies of the Californian can by !ki&lt;l at the offica</OldTextValue>
    <NewTextValue>Single copies of the Californian can be had at the office</NewTextValue>
  </TextCorrectedLine>
  <TextCorrectedLine lineID="P4_TL00143">
    <OldTextValue>Price 12 1-2 centi.</OldTextValue>
    <NewTextValue>Price 12 1-2 cents.</NewTextValue>
  </TextCorrectedLine>
</TextCorrectedBlock>
<TextCorrectedBlock pageOID="C18461010.1.1" blockID="P1_TB00002" userID="[redacted]">
  <TextCorrectedLine lineID="P1_TL00002">
    <OldTextValue>Vol. 1</OldTextValue>
    <NewTextValue>Vol. l</NewTextValue>
  </TextCorrectedLine>
</TextCorrectedBlock>
<TextCorrectedBlock pageOID="C18461010.1.1" blockID="P1_TB00010" userID="[redacted]">
  <TextCorrectedLine lineID="P1_TL00134">
    <OldTextValue>The Californian published every Saturday morning.</OldTextValue>
    <NewTextValue>The Californian-is published every Saturday morning.</NewTextValue>
  </TextCorrectedLine>
</TextCorrectedBlock>
<TextCorrectedBlock pageOID="C18461010.1.2" blockID="P2_TB00007" userID="[redacted]">
  <TextCorrectedLine lineID="P2_TL00112">
    <OldTextValue>James S. Horton one of tbe boat steerers:</OldTextValue>
    <NewTextValue>James S. Horton one of the boat steerers:</NewTextValue>
  </TextCorrectedLine>
</TextCorrectedBlock>
<TextCorrectedBlock pageOID="C18461010.1.2" blockID="P2_TB00008" userID="[redacted]">
  <TextCorrectedLine lineID="P2_TL00116">
    <OldTextValue>'every bosom throbbed, every heart leaped for joy, when we</OldTextValue>
    <NewTextValue>'every bosom throbed, every heart leaped for joy, when we</NewTextValue>
  </TextCorrectedLine>
  <TextCorrectedLine lineID="P2_TL00141">
    <OldTextValue>whole soles,</OldTextValue>
    <NewTextValue>whole soles.</NewTextValue>
  </TextCorrectedLine>
</TextCorrectedBlock>
