<TextCorrectedBlock pageOID="AL19060831.1.1" blockID="P1_CB00001" userID="[redacted]">
  <TextCorrectedLine lineID="P1_TL00731">
    <OldTextValue>/^1 H. CHOCK</OldTextValue>
    <NewTextValue>C. H. CROCKER</NewTextValue>
  </TextCorrectedLine>
  <TextCorrectedLine lineID="P1_TL00733">
    <OldTextValue>Jackson, Cal. |</OldTextValue>
    <NewTextValue>Jackson, Cal.</NewTextValue>
  </TextCorrectedLine>
  <TextCorrectedLine lineID="P1_TL00736">
    <OldTextValue>T\R. A. PARKER LEWIS</OldTextValue>
    <NewTextValue>DR. A. PARKER LEWIS</NewTextValue>
  </TextCorrectedLine>
  <TextCorrectedLine lineID="P1_TL00738">
    <OldTextValue>■</OldTextValue>
    <NewTextValue></NewTextValue>
  </TextCorrectedLine>
  <TextCorrectedLine lineID="P1_TL00741">
    <OldTextValue>EX. ENDICOTT, M. D. ;</OldTextValue>
    <NewTextValue>E. E. ENDICOTT, M. D.</NewTextValue>
  </TextCorrectedLine>
  <TextCorrectedLine lineID="P1_TL00746">
    <OldTextValue>TVR. E. V. tiffany</OldTextValue>
    <NewTextValue>DR. E. V. Tiffany</NewTextValue>
  </TextCorrectedLine>
  <TextCorrectedLine lineID="P1_TL00747">
    <OldTextValue>- Physician and Surgeon "Zi 'l^u</OldTextValue>
    <NewTextValue>Physician and Surgeon</NewTextValue>
  </TextCorrectedLine>
  <TextCorrectedLine lineID="P1_TL00749">
    <OldTextValue>Office— Forrest House. Hours— B to 9 a. m.,</OldTextValue>
    <NewTextValue>Office— Forrest House. Hours— 8 to 9 a. m.,</NewTextValue>
  </TextCorrectedLine>
  <TextCorrectedLine lineID="P1_TL00752">
    <OldTextValue>Pat. L. E. PHILLIPS</OldTextValue>
    <NewTextValue>Dr. L. E. PHILLIPS</NewTextValue>
  </TextCorrectedLine>
  <TextCorrectedLine lineID="P1_TL00753">
    <OldTextValue>Physician and Surgeon . ',/</OldTextValue>
    <NewTextValue>Physician and Surgeon</NewTextValue>
  </TextCorrectedLine>
  <TextCorrectedLine lineID="P1_TL00755">
    <OldTextValue>X-Eay used in Practice.</OldTextValue>
    <NewTextValue>X-Ray used in Practice.</NewTextValue>
  </TextCorrectedLine>
</TextCorrectedBlock>
<TextCorrectedBlock pageOID="AL19060831.1.1" blockID="P1_CB00015" userID="[redacted]">
  <TextCorrectedLine lineID="P1_TL01007">
    <OldTextValue>Office of the Tax Collector of the County )</OldTextValue>
    <NewTextValue>Office of the Tax Collector of the County</NewTextValue>
  </TextCorrectedLine>
  <TextCorrectedLine lineID="P1_TL01008">
    <OldTextValue>of Amador, State of California. /</OldTextValue>
    <NewTextValue>of Amador, State of California.</NewTextValue>
  </TextCorrectedLine>
  <TextCorrectedLine lineID="P1_TL01009">
    <OldTextValue>"\I7"HEHEAS, on the Sth day of August. 1606.</OldTextValue>
    <NewTextValue>WHEHEAS, on the 8th day of August, 1906.</NewTextValue>
  </TextCorrectedLine>
  <TextCorrectedLine lineID="P1_TL01010">
    <OldTextValue>TT there was received by me and tiled</OldTextValue>
    <NewTextValue>there was received by me and filed</NewTextValue>
  </TextCorrectedLine>
  <TextCorrectedLine lineID="P1_TL01012">
    <OldTextValue>hand aud seal of the Controller of the State of</OldTextValue>
    <NewTextValue>hand and seal of the Controller of the State of</NewTextValue>
  </TextCorrectedLine>
</TextCorrectedBlock>
<TextCorrectedBlock pageOID="AL19060831.1.1" blockID="P1_CB00011" userID="[redacted]">
  <TextCorrectedLine lineID="P1_TL00996">
    <OldTextValue>WHEREAS, on August S th, 191)6, there</OldTextValue>
    <NewTextValue>WHEREAS, on August 8 th, 1906, there</NewTextValue>
  </TextCorrectedLine>
  <TextCorrectedLine lineID="P1_TL00997">
    <OldTextValue>was tiled and recorded in the Controller's office</OldTextValue>
    <NewTextValue>was filed and recorded in the Controller's office</NewTextValue>
  </TextCorrectedLine>
  <TextCorrectedLine lineID="P1_TL00999">
    <OldTextValue>vey inp to Ihe People of the State of California</OldTextValue>
    <NewTextValue>veying  to the People of the State of California</NewTextValue>
  </TextCorrectedLine>
</TextCorrectedBlock>
<TextCorrectedBlock pageOID="AL19060831.1.1" blockID="P1_CB00009" userID="[redacted]">
  <TextCorrectedLine lineID="P1_TL00987">
    <OldTextValue>cording to law. bas been made of said wropertv.</OldTextValue>
    <NewTextValue>cording to law, has been made of said property.</NewTextValue>
  </TextCorrectedLine>
</TextCorrectedBlock>
<TextCorrectedBlock pageOID="AL19060831.1.1" blockID="P1_CB00008" userID="[redacted]">
  <TextCorrectedLine lineID="P1_TL00892">
    <OldTextValue>Now. therefore, in pursuance of the law iv</OldTextValue>
    <NewTextValue>Now. therefore, in pursuance of the law in</NewTextValue>
  </TextCorrectedLine>
  <TextCorrectedLine lineID="P1_TL00893">
    <OldTextValue>such cases made and provided. I, E. P. Colgan.</OldTextValue>
    <NewTextValue>such cases made and provided. I, E. P. Colgan,</NewTextValue>
  </TextCorrectedLine>
  <TextCorrectedLine lineID="P1_TL00901">
    <OldTextValue>Hrst be given of such sale by publication for at</OldTextValue>
    <NewTextValue>first be given of such sale by publication for at</NewTextValue>
  </TextCorrectedLine>
  <TextCorrectedLine lineID="P1_TL00903">
    <OldTextValue>in tte county, or city and county, or if there be</OldTextValue>
    <NewTextValue>in the county, or city and county, or if there be</NewTextValue>
  </TextCorrectedLine>
  <TextCorrectedLine lineID="P1_TL00907">
    <OldTextValue>which notices must stite speciHcally the place</OldTextValue>
    <NewTextValue>which notices must state specifically the place</NewTextValue>
  </TextCorrectedLine>
  <TextCorrectedLine lineID="P1_TL00916">
    <OldTextValue>follows, to-nif</OldTextValue>
    <NewTextValue>follows, to-wit</NewTextValue>
  </TextCorrectedLine>
  <TextCorrectedLine lineID="P1_TL00917">
    <OldTextValue>A tract of land being the NEi&lt; of SW« and</OldTextValue>
    <NewTextValue>A tract of land being the NE1/4 of SW1/4 and</NewTextValue>
  </TextCorrectedLine>
</TextCorrectedBlock>
<TextCorrectedBlock pageOID="AL19060831.1.1" blockID="P1_CB00023" userID="[redacted]">
  <TextCorrectedLine lineID="P1_TL01062">
    <OldTextValue>mittee of Amadoi couuty, in meeting</OldTextValue>
    <NewTextValue>mittee of Amador county, in meeting</NewTextValue>
  </TextCorrectedLine>
  <TextCorrectedLine lineID="P1_TL01063">
    <OldTextValue>assembled ou thia 4th day ot August.</OldTextValue>
    <NewTextValue>assembled on this 4th day ot August.</NewTextValue>
  </TextCorrectedLine>
  <TextCorrectedLine lineID="P1_TL01064">
    <OldTextValue>1906, at Sntter Creek, California,</OldTextValue>
    <NewTextValue>1906, at Sutter Creek, California,</NewTextValue>
  </TextCorrectedLine>
  <TextCorrectedLine lineID="P1_TL01067">
    <OldTextValue>held ou the -1(\ day of September, 1900,</OldTextValue>
    <NewTextValue>held on the 22d day of September, 1906,</NewTextValue>
  </TextCorrectedLine>
  <TextCorrectedLine lineID="P1_TL01068">
    <OldTextValue>at teu o'cluck a. vi., at the town of</OldTextValue>
    <NewTextValue>at ten o'clock a. m., at the town of</NewTextValue>
  </TextCorrectedLine>
  <TextCorrectedLine lineID="P1_TL01072">
    <OldTextValue>held tor the purpose of uomiuatiug</OldTextValue>
    <NewTextValue>held tor the purpose of nominating</NewTextValue>
  </TextCorrectedLine>
  <TextCorrectedLine lineID="P1_TL01074">
    <OldTextValue>aie to be voted for at the general</OldTextValue>
    <NewTextValue>are to be voted for at the general</NewTextValue>
  </TextCorrectedLine>
  <TextCorrectedLine lineID="P1_TL01075">
    <OldTextValue>election to be held iv the state of</OldTextValue>
    <NewTextValue>election to be held in the state of</NewTextValue>
  </TextCorrectedLine>
  <TextCorrectedLine lineID="P1_TL01076">
    <OldTextValue>Caluoinia, on luesday, November (J,</OldTextValue>
    <NewTextValue>Caluoinia, on Tuesday, November 6,</NewTextValue>
  </TextCorrectedLine>
  <TextCorrectedLine lineID="P1_TL01077">
    <OldTextValue>190b"; to select a new county central</OldTextValue>
    <NewTextValue>1906; to select a new county central</NewTextValue>
  </TextCorrectedLine>
  <TextCorrectedLine lineID="P1_TL01078">
    <OldTextValue>committee; aud to transact such otnei</OldTextValue>
    <NewTextValue>committee; aud to transact such other</NewTextValue>
  </TextCorrectedLine>
  <TextCorrectedLine lineID="P1_TL01082">
    <OldTextValue>sist of H!J delegates aud all of said</OldTextValue>
    <NewTextValue>sist of 83 delegates and all of said</NewTextValue>
  </TextCorrectedLine>
  <TextCorrectedLine lineID="P1_TL01085">
    <OldTextValue>held in each precinct of the couuty</OldTextValue>
    <NewTextValue>held in each precinct of the county</NewTextValue>
  </TextCorrectedLine>
  <TextCorrectedLine lineID="P1_TL01086">
    <OldTextValue>ou Saturday, the 15th day of Septem-</OldTextValue>
    <NewTextValue>on Saturday, the 15th day of Septem-</NewTextValue>
  </TextCorrectedLine>
  <TextCorrectedLine lineID="P1_TL01087">
    <OldTextValue>ber, 190ti between the' hours of op.</OldTextValue>
    <NewTextValue>ber, 1906 between the hours of 6 p.</NewTextValue>
  </TextCorrectedLine>
  <TextCorrectedLine lineID="P1_TL01088">
    <OldTextValue>in. and 9p. in. 'I bat the test to be</OldTextValue>
    <NewTextValue>m. and 9 p.m.  That the test to be</NewTextValue>
  </TextCorrectedLine>
  <TextCorrectedLine lineID="P1_TL01089">
    <OldTextValue>required ot every persou seeking to</OldTextValue>
    <NewTextValue>required of every person seeking to</NewTextValue>
  </TextCorrectedLine>
  <TextCorrectedLine lineID="P1_TL01090">
    <OldTextValue>vote a republican ball jt at said prim-</OldTextValue>
    <NewTextValue>vote a republican ballot at said prim-</NewTextValue>
  </TextCorrectedLine>
  <TextCorrectedLine lineID="P1_TL01092">
    <OldTextValue>A present boua tide intention of</OldTextValue>
    <NewTextValue>A present bona fide intention of</NewTextValue>
  </TextCorrectedLine>
  <TextCorrectedLine lineID="P1_TL01093">
    <OldTextValue>supporting the nominees uf the re-</OldTextValue>
    <NewTextValue>supporting the nominees of the re-</NewTextValue>
  </TextCorrectedLine>
  <TextCorrectedLine lineID="P1_TL01094">
    <OldTextValue>publican party at the uext ensuing</OldTextValue>
    <NewTextValue>publican party at the next ensuing</NewTextValue>
  </TextCorrectedLine>
</TextCorrectedBlock>
<TextCorrectedBlock pageOID="AL19060831.1.1" blockID="P1_CB00023" userID="[redacted]">
  <TextCorrectedLine lineID="P1_TL01096">
    <OldTextValue>That the basis ot apportionment of</OldTextValue>
    <NewTextValue>That the basis of apportionment of</NewTextValue>
  </TextCorrectedLine>
  <TextCorrectedLine lineID="P1_TL01100">
    <OldTextValue>gate in each precinct in the couuty</OldTextValue>
    <NewTextValue>gate in each precinct in the county</NewTextValue>
  </TextCorrectedLine>
  <TextCorrectedLine lineID="P1_TL01101">
    <OldTextValue>tor each 15 votes or majority</OldTextValue>
    <NewTextValue>for each 15 votes or majority</NewTextValue>
  </TextCorrectedLine>
  <TextCorrectedLine lineID="P1_TL01102">
    <OldTextValue>fraction thereof, cast for Ilou. W. S.</OldTextValue>
    <NewTextValue>fraction thereof, cast for Hon. W. S.</NewTextValue>
  </TextCorrectedLine>
  <TextCorrectedLine lineID="P1_TL01103">
    <OldTextValue>SVoods, republican nominee for elec-</OldTextValue>
    <NewTextValue>Woods, republican nominee for elec-</NewTextValue>
  </TextCorrectedLine>
  <TextCorrectedLine lineID="P1_TL01104">
    <OldTextValue>tor tor president and vice president</OldTextValue>
    <NewTextValue>tor for president and vice president</NewTextValue>
  </TextCorrectedLine>
  <TextCorrectedLine lineID="P1_TL01105">
    <OldTextValue>ot the Uuited States at the general</OldTextValue>
    <NewTextValue>of the United States at the general</NewTextValue>
  </TextCorrectedLine>
  <TextCorrectedLine lineID="P1_TL01106">
    <OldTextValue>election held in tho .-talc of Cali-</OldTextValue>
    <NewTextValue>election held in the state of Cali-</NewTextValue>
  </TextCorrectedLine>
  <TextCorrectedLine lineID="P1_TL01107">
    <OldTextValue>fornia on Tuesday. November 8, 1901.</OldTextValue>
    <NewTextValue>fornia on Tuesday. November 8, 1904.</NewTextValue>
  </TextCorrectedLine>
  <TextCorrectedLine lineID="P1_TL01109">
    <OldTextValue>give tbe following number of dele-</OldTextValue>
    <NewTextValue>give the following number of dele-</NewTextValue>
  </TextCorrectedLine>
  <TextCorrectedLine lineID="P1_TL01111">
    <OldTextValue>elected from each preciuct :</OldTextValue>
    <NewTextValue>elected from each precinct :</NewTextValue>
  </TextCorrectedLine>
  <TextCorrectedLine lineID="P1_TL01112">
    <OldTextValue>North Jackson - 7 South Jackson - 0</OldTextValue>
    <NewTextValue>North Jackson - 7 South Jackson - 6</NewTextValue>
  </TextCorrectedLine>
  <TextCorrectedLine lineID="P1_TL01113">
    <OldTextValue>Kast Jackson - 5 West Jackson - 6</OldTextValue>
    <NewTextValue>East Jackson - 5 West Jackson - 6</NewTextValue>
  </TextCorrectedLine>
  <TextCorrectedLine lineID="P1_TL01114">
    <OldTextValue>Center Jackson- v Clinton - '2</OldTextValue>
    <NewTextValue>Center Jackson- 5 Clinton - 2</NewTextValue>
  </TextCorrectedLine>
  <TextCorrectedLine lineID="P1_TL01115">
    <OldTextValue>North lone - 0 South lone - - 1</OldTextValue>
    <NewTextValue>North lone - 6 South lone - -7</NewTextValue>
  </TextCorrectedLine>
  <TextCorrectedLine lineID="P1_TL01116">
    <OldTextValue>Liueua Vista - 1 .Lancba IMaua - 1</OldTextValue>
    <NewTextValue>Buuena Vista - 1  Lancha Plana- 1</NewTextValue>
  </TextCorrectedLine>
  <TextCorrectedLine lineID="P1_TL01117">
    <OldTextValue>Volcauo - :•{ Pine Grove - 3</OldTextValue>
    <NewTextValue>Volcauo - 3   Pine Grove - 3</NewTextValue>
  </TextCorrectedLine>
  <TextCorrectedLine lineID="P1_TL01118">
    <OldTextValue>OJeta - 4 Autelope - 1</OldTextValue>
    <NewTextValue>Oleta - 4   Antelope - 1</NewTextValue>
  </TextCorrectedLine>
  <TextCorrectedLine lineID="P1_TL01119">
    <OldTextValue>EastSutterCreek 0 WestSutterCreek 3</OldTextValue>
    <NewTextValue>EastSutterCreek 6 WestSutterCreek 3</NewTextValue>
  </TextCorrectedLine>
  <TextCorrectedLine lineID="P1_TL01120">
    <OldTextValue>SouthSutterCrk v North Ama*lor - 2</OldTextValue>
    <NewTextValue>SouthSutterCrk  5 North Amador - 2</NewTextValue>
  </TextCorrectedLine>
  <TextCorrectedLine lineID="P1_TL01122">
    <OldTextValue>North Plymouth 3 South I'lymouth 'A</OldTextValue>
    <NewTextValue>North Plymouth 3 South Plymouth 3</NewTextValue>
  </TextCorrectedLine>
  <TextCorrectedLine lineID="P1_TL01123">
    <OldTextValue>Drytowu - 3 Forest Home - 1</OldTextValue>
    <NewTextValue>Drytown - 3  Forest Home - 1</NewTextValue>
  </TextCorrectedLine>
  <TextCorrectedLine lineID="P1_TL01124">
    <OldTextValue>Total 81</OldTextValue>
    <NewTextValue>Total  84</NewTextValue>
  </TextCorrectedLine>
  <TextCorrectedLine lineID="P1_TL01126">
    <OldTextValue>polling places aud names of primary</OldTextValue>
    <NewTextValue>polling places and names of primary</NewTextValue>
  </TextCorrectedLine>
  <TextCorrectedLine lineID="P1_TL01127">
    <OldTextValue>electiou otHcers are as follows :</OldTextValue>
    <NewTextValue>election officers are as follows :</NewTextValue>
  </TextCorrectedLine>
  <TextCorrectedLine lineID="P1_TL01130">
    <OldTextValue>Peek; clerk, I'red Eudey; inspector,</OldTextValue>
    <NewTextValue>Peek; clerk, Fred Eudey; inspector,</NewTextValue>
  </TextCorrectedLine>
  <TextCorrectedLine lineID="P1_TL01131">
    <OldTextValue>Joe (Jarbaiiui.</OldTextValue>
    <NewTextValue>Joe Garbarini.</NewTextValue>
  </TextCorrectedLine>
</TextCorrectedBlock>
<TextCorrectedBlock pageOID="AL19060831.1.1" blockID="P1_CB00023" userID="[redacted]">
  <TextCorrectedLine lineID="P1_TL01133">
    <OldTextValue>house— Judge, W. Hutcbens; clerk,</OldTextValue>
    <NewTextValue>house— Judge, W. Hutchens; clerk,</NewTextValue>
  </TextCorrectedLine>
  <TextCorrectedLine lineID="P1_TL01134">
    <OldTextValue>Kob Heed; inspector .</OldTextValue>
    <NewTextValue>Rob Reed; inspector .</NewTextValue>
  </TextCorrectedLine>
  <TextCorrectedLine lineID="P1_TL01137">
    <OldTextValue>Kobertsou; clerk, K. G. Woolsey; iu-</OldTextValue>
    <NewTextValue>Robertson; clerk, K. G. Woolsey; in-</NewTextValue>
  </TextCorrectedLine>
</TextCorrectedBlock>
<TextCorrectedBlock pageOID="AL19060831.1.1" blockID="P1_TB00036" userID="[redacted]">
  <TextCorrectedLine lineID="P1_TL00386">
    <OldTextValue>In 09 A. D. a sou of the doge Fietro</OldTextValue>
    <NewTextValue>In 99 A. D. a son of the doge Pietro</NewTextValue>
  </TextCorrectedLine>
  <TextCorrectedLine lineID="P1_TL00388">
    <OldTextValue>zautiue Princess Argila, who produced</OldTextValue>
    <NewTextValue>zantine Princess Argila, who produced</NewTextValue>
  </TextCorrectedLine>
  <TextCorrectedLine lineID="P1_TL00391">
    <OldTextValue>tlon families followed suit, and theso</OldTextValue>
    <NewTextValue>tion families followed suit, and these</NewTextValue>
  </TextCorrectedLine>
</TextCorrectedBlock>
<TextCorrectedBlock pageOID="AL19060831.1.1" blockID="P1_TB00040" userID="[redacted]">
  <TextCorrectedLine lineID="P1_TL00429">
    <OldTextValue>set. I go forfh each afternoon and look</OldTextValue>
    <NewTextValue>set. I go forth each afternoon and look</NewTextValue>
  </TextCorrectedLine>
  <TextCorrectedLine lineID="P1_TL00431">
    <OldTextValue>fore snuset with fresh curiosity to see</OldTextValue>
    <NewTextValue>fore sunset with fresh curiosity to see</NewTextValue>
  </TextCorrectedLine>
  <TextCorrectedLine lineID="P1_TL00438">
    <OldTextValue>withdrawn and the curtain falls. The.</OldTextValue>
    <NewTextValue>withdrawn and the curtain falls. The</NewTextValue>
  </TextCorrectedLine>
  <TextCorrectedLine lineID="P1_TL00440">
    <OldTextValue>give.--, licclit, the damask curtains glow</OldTextValue>
    <NewTextValue>gives light, the damask curtains glow</NewTextValue>
  </TextCorrectedLine>
</TextCorrectedBlock>
<TextCorrectedBlock pageOID="AL19060831.1.1" blockID="P1_TB00068" userID="[redacted]">
  <TextCorrectedLine lineID="P1_TL00619">
    <OldTextValue>completely tills the pores. At moder-</OldTextValue>
    <NewTextValue>completely fills the pores. At moder-</NewTextValue>
  </TextCorrectedLine>
  <TextCorrectedLine lineID="P1_TL00624">
    <OldTextValue>!«'., aud this makes the treated wood</OldTextValue>
    <NewTextValue>F., and this makes the treated wood</NewTextValue>
  </TextCorrectedLine>
  <TextCorrectedLine lineID="P1_TL00625">
    <OldTextValue>uurit for places exposed to consider-</OldTextValue>
    <NewTextValue>unfit for places exposed to consider-</NewTextValue>
  </TextCorrectedLine>
  <TextCorrectedLine lineID="P1_TL00626">
    <OldTextValue>able he:it. Tho best wood • for use</OldTextValue>
    <NewTextValue>able heat. The best wood  for use</NewTextValue>
  </TextCorrectedLine>
  <TextCorrectedLine lineID="P1_TL00627">
    <OldTextValue>with this procass is poplar, th&lt;3 trials</OldTextValue>
    <NewTextValue>with this procass is poplar, the trials</NewTextValue>
  </TextCorrectedLine>
</TextCorrectedBlock>
<TextCorrectedBlock pageOID="AL19060831.1.1" blockID="P1_TB00038" userID="[redacted]">
  <TextCorrectedLine lineID="P1_TL00399">
    <OldTextValue>Governor Ueorge C. Fardee was in-</OldTextValue>
    <NewTextValue>Governor George C. Pardee was in-</NewTextValue>
  </TextCorrectedLine>
  <TextCorrectedLine lineID="P1_TL00402">
    <OldTextValue>and bas since been indorsed by</OldTextValue>
    <NewTextValue>and has since been indorsed by</NewTextValue>
  </TextCorrectedLine>
  <TextCorrectedLine lineID="P1_TL00403">
    <OldTextValue>several other Republican oounty con-</OldTextValue>
    <NewTextValue>several other Republican county con-</NewTextValue>
  </TextCorrectedLine>
  <TextCorrectedLine lineID="P1_TL00404">
    <OldTextValue>ventions throughout tbe State, prin-</OldTextValue>
    <NewTextValue>ventions throughout the State, prin-</NewTextValue>
  </TextCorrectedLine>
  <TextCorrectedLine lineID="P1_TL00405">
    <OldTextValue>cipal among which was tbe Sacra-</OldTextValue>
    <NewTextValue>cipal among which was the Sacra-</NewTextValue>
  </TextCorrectedLine>
  <TextCorrectedLine lineID="P1_TL00410">
    <OldTextValue>with Governor Fardee, and it will be</OldTextValue>
    <NewTextValue>with Governor Pardee, and it will be</NewTextValue>
  </TextCorrectedLine>
  <TextCorrectedLine lineID="P1_TL00413">
    <OldTextValue>lie is without doubt tbe most popular</OldTextValue>
    <NewTextValue>He is without doubt tbe most popular</NewTextValue>
  </TextCorrectedLine>
  <TextCorrectedLine lineID="P1_TL00420">
    <OldTextValue>Francisco dictating to tbe entire</OldTextValue>
    <NewTextValue>Francisco dictating to the entire</NewTextValue>
  </TextCorrectedLine>
  <TextCorrectedLine lineID="P1_TL00423">
    <OldTextValue>tion. Ihe latter has been* given to</OldTextValue>
    <NewTextValue>tion. The latter has been given to</NewTextValue>
  </TextCorrectedLine>
  <TextCorrectedLine lineID="P1_TL00424">
    <OldTextValue>them by Governor Fardee and if re-</OldTextValue>
    <NewTextValue>them by Governor Pardee and if re-</NewTextValue>
  </TextCorrectedLine>
  <TextCorrectedLine lineID="P1_TL00426">
    <OldTextValue>— Solauo Republican.</OldTextValue>
    <NewTextValue>— Solano Republican.</NewTextValue>
  </TextCorrectedLine>
</TextCorrectedBlock>
