<TextCorrectedBlock pageOID="AL19000608.1.1" blockID="P1_TB00015" userID="[redacted]">
  <TextCorrectedLine lineID="P1_TL00129">
    <OldTextValue>Statk of California, )</OldTextValue>
    <NewTextValue>Statek of California, )</NewTextValue>
  </TextCorrectedLine>
  <TextCorrectedLine lineID="P1_TL00130">
    <OldTextValue>s£ — County of Amabor. ) '</OldTextValue>
    <NewTextValue>— County of Amabor. )</NewTextValue>
  </TextCorrectedLine>
</TextCorrectedBlock>
<TextCorrectedBlock pageOID="AL19000608.1.1" blockID="P1_TB00014" userID="[redacted]">
  <TextCorrectedLine lineID="P1_TL00128">
    <OldTextValue>the year 1 899 , upon " . :</OldTextValue>
    <NewTextValue>the year 1 899 , upon</NewTextValue>
  </TextCorrectedLine>
</TextCorrectedBlock>
<TextCorrectedBlock pageOID="AL19000608.1.1" blockID="P1_TB00013" userID="[redacted]">
  <TextCorrectedLine lineID="P1_TL00119">
    <OldTextValue>:</OldTextValue>
    <NewTextValue>Personal</NewTextValue>
  </TextCorrectedLine>
  <TextCorrectedLine lineID="P1_TL00122">
    <OldTextValue>Real. Estate</OldTextValue>
    <NewTextValue>Real Estate</NewTextValue>
  </TextCorrectedLine>
</TextCorrectedBlock>
<TextCorrectedBlock pageOID="AL19000608.1.1" blockID="P1_TB00019" userID="[redacted]">
  <TextCorrectedLine lineID="P1_TL00725">
    <OldTextValue>&gt;f property, in Jackson, being:</OldTextValue>
    <NewTextValue>property, in Jackson, being:</NewTextValue>
  </TextCorrectedLine>
  <TextCorrectedLine lineID="P1_TL00726">
    <OldTextValue>"k lots 29 and 30, block 2. Dated</OldTextValue>
    <NewTextValue>lots 29 and 30, block 2. Dated</NewTextValue>
  </TextCorrectedLine>
  <TextCorrectedLine lineID="P1_TL00727">
    <OldTextValue>$ January 22nd,' 1897. Original</OldTextValue>
    <NewTextValue>January 22nd, 1897. Original</NewTextValue>
  </TextCorrectedLine>
  <TextCorrectedLine lineID="P1_TL00732">
    <OldTextValue>&lt; , quarter of section s, township!</OldTextValue>
    <NewTextValue>, quarter of section s, township!</NewTextValue>
  </TextCorrectedLine>
  <TextCorrectedLine lineID="P1_TL00733">
    <OldTextValue>! . ■• 1 6, ranee 12.' i 'Also a 10-stamp '</OldTextValue>
    <NewTextValue>6, range 12.' i 'Also a 10-stamp '</NewTextValue>
  </TextCorrectedLine>
  <TextCorrectedLine lineID="P1_TL00737">
    <OldTextValue>South Jackson. and furnitnre! 9 45</OldTextValue>
    <NewTextValue>South Jackson. and furniture  9 45</NewTextValue>
  </TextCorrectedLine>
</TextCorrectedBlock>
<TextCorrectedBlock pageOID="AL19000608.1.1" blockID="P1_TB00018" userID="[redacted]">
  <TextCorrectedLine lineID="P1_TL00531">
    <OldTextValue>Hammer, Fred — The south half of ,- .-</OldTextValue>
    <NewTextValue>Hammer, Fred — The south half of ,</NewTextValue>
  </TextCorrectedLine>
  <TextCorrectedLine lineID="P1_TL00536">
    <OldTextValue>, east -.■ fourth of -'section ' 32, &gt;.-■,</OldTextValue>
    <NewTextValue>, east -. fourth of -'section ' 32,</NewTextValue>
  </TextCorrectedLine>
  <TextCorrectedLine lineID="P1_TL00540">
    <OldTextValue>Kennedy,: Br.,' Phil estate of— I</OldTextValue>
    <NewTextValue>Kennedy, Sr.,' Phil estate of—</NewTextValue>
  </TextCorrectedLine>
</TextCorrectedBlock>
<TextCorrectedBlock pageOID="AL19000608.1.1" blockID="P1_TB00017" userID="[redacted]">
  <TextCorrectedLine lineID="P1_TL00331">
    <OldTextValue>Chae« Brothers— A. five-stamp mill</OldTextValue>
    <NewTextValue>Chase Brothers— A. five-stamp mill</NewTextValue>
  </TextCorrectedLine>
  <TextCorrectedLine lineID="P1_TL00332">
    <OldTextValue>B and other improvements' on ' the</OldTextValue>
    <NewTextValue>and other improvements on' the</NewTextValue>
  </TextCorrectedLine>
  <TextCorrectedLine lineID="P1_TL00333">
    <OldTextValue>' . ' Tom and Dick quartz mine near</OldTextValue>
    <NewTextValue>Tom and Dick quartz mine near</NewTextValue>
  </TextCorrectedLine>
  <TextCorrectedLine lineID="P1_TL00334">
    <OldTextValue>. the Mokelumne river in township</OldTextValue>
    <NewTextValue>the Mokelumne river in township</NewTextValue>
  </TextCorrectedLine>
  <TextCorrectedLine lineID="P1_TL00336">
    <OldTextValue>Dillon, B M estate of— The aouth-</OldTextValue>
    <NewTextValue>Dillon, R. M estate of— The south-</NewTextValue>
  </TextCorrectedLine>
  <TextCorrectedLine lineID="P1_TL00337">
    <OldTextValue>\ I west quarter of northwest quar-',</OldTextValue>
    <NewTextValue>west quarter of northwest quar-',</NewTextValue>
  </TextCorrectedLine>
  <TextCorrectedLine lineID="P1_TL00338">
    <OldTextValue>ter aud • north half of southwest</OldTextValue>
    <NewTextValue>ter and • north half of southwest</NewTextValue>
  </TextCorrectedLine>
  <TextCorrectedLine lineID="P1_TL00342">
    <OldTextValue>Campbell, Walter O— lnterest ere-</OldTextValue>
    <NewTextValue>Campbell, Walter O— lnterest cre-</NewTextValue>
  </TextCorrectedLine>
  <TextCorrectedLine lineID="P1_TL00343">
    <OldTextValue>"» ated by mortgage executed by^</OldTextValue>
    <NewTextValue>ated by mortgage executed by^</NewTextValue>
  </TextCorrectedLine>
</TextCorrectedBlock>
