<TextCorrectedBlock pageOID="AL19010104.1.3" blockID="P3_TB00119" userID="[redacted]">
  <TextCorrectedLine lineID="P3_TL00859">
    <OldTextValue>Card of Thanki.</OldTextValue>
    <NewTextValue>Card of Thanks.</NewTextValue>
  </TextCorrectedLine>
</TextCorrectedBlock>
<TextCorrectedBlock pageOID="AL19010104.1.3" blockID="P3_TB00128" userID="[redacted]">
  <TextCorrectedLine lineID="P3_TL00896">
    <OldTextValue>sickness, death and burial qf pur loved</OldTextValue>
    <NewTextValue>sickness, death and burial of our loved</NewTextValue>
  </TextCorrectedLine>
  <TextCorrectedLine lineID="P3_TL00898">
    <OldTextValue>thanks* Geo. Love and Family.</OldTextValue>
    <NewTextValue>thanks.  Geo. Love and Family.</NewTextValue>
  </TextCorrectedLine>
</TextCorrectedBlock>
<TextCorrectedBlock pageOID="AL19010104.1.3" blockID="P3_TB00130" userID="[redacted]">
  <TextCorrectedLine lineID="P3_TL00903">
    <OldTextValue>want qf proper light-houses. The</OldTextValue>
    <NewTextValue>want of proper light-houses. The</NewTextValue>
  </TextCorrectedLine>
  <TextCorrectedLine lineID="P3_TL00908">
    <OldTextValue>ing less.' than criminal. '&lt;■''■</OldTextValue>
    <NewTextValue>ing less than criminal.</NewTextValue>
  </TextCorrectedLine>
  <TextCorrectedLine lineID="P3_TL00909">
    <OldTextValue>. One other ppint and I'll stop growl-</OldTextValue>
    <NewTextValue>One other point and I'll stop growl-</NewTextValue>
  </TextCorrectedLine>
  <TextCorrectedLine lineID="P3_TL00910">
    <OldTextValue>Ing. A cable between the . Pacific</OldTextValue>
    <NewTextValue>ing. A cable between the Pacific</NewTextValue>
  </TextCorrectedLine>
  <TextCorrectedLine lineID="P3_TL00915">
    <OldTextValue>several points alonj* the cpast qf Alaska</OldTextValue>
    <NewTextValue>several points along the coast of Alaska</NewTextValue>
  </TextCorrectedLine>
  <TextCorrectedLine lineID="P3_TL00916">
    <OldTextValue>Russia, Japan and Ch,ina. To, prove</OldTextValue>
    <NewTextValue>Russia, Japan and China. To prove</NewTextValue>
  </TextCorrectedLine>
  <TextCorrectedLine lineID="P3_TL00919">
    <OldTextValue>also have the advantage qf shorter</OldTextValue>
    <NewTextValue>also have the advantage of shorter</NewTextValue>
  </TextCorrectedLine>
</TextCorrectedBlock>
