<TextCorrectedBlock pageOID="AL19060713.1.2" blockID="P2_CB00002" userID="[redacted]">
  <TextCorrectedLine lineID="P2_TL00695">
    <OldTextValue>1 6IN0CCHI0 :BR?I|</OldTextValue>
    <NewTextValue>GINOCCHIO BRO'S.</NewTextValue>
  </TextCorrectedLine>
  <TextCorrectedLine lineID="P2_TL00696">
    <OldTextValue>Ml • "^ DEALERS IN -^ ~-tj</OldTextValue>
    <NewTextValue>DEALERS IN</NewTextValue>
  </TextCorrectedLine>
  <TextCorrectedLine lineID="P2_TL00697">
    <OldTextValue>| ft. General Merchandise!</OldTextValue>
    <NewTextValue>General Merchandise</NewTextValue>
  </TextCorrectedLine>
  <TextCorrectedLine lineID="P2_TL00698">
    <OldTextValue>H S &amp; Groceries, Furnishing Goods, Shoes, ||</OldTextValue>
    <NewTextValue>Groceries, Furnishing Goods, Shoes,</NewTextValue>
  </TextCorrectedLine>
  <TextCorrectedLine lineID="P2_TL00699">
    <OldTextValue>S MM Boots ' Paint 3» Oils, Varnishes, Mining |</OldTextValue>
    <NewTextValue>Boots, Paints, Oils, Varnishes, Mining</NewTextValue>
  </TextCorrectedLine>
  <TextCorrectedLine lineID="P2_TL00700">
    <OldTextValue>/T^ Supplies, Lumber, Hardware, Hay, M</OldTextValue>
    <NewTextValue>Supplies, Lumber, Hardware, Hay,</NewTextValue>
  </TextCorrectedLine>
  <TextCorrectedLine lineID="P2_TL00701">
    <OldTextValue>M - Grain, etc., etc. Eg</OldTextValue>
    <NewTextValue>Grain, etc., etc.</NewTextValue>
  </TextCorrectedLine>
  <TextCorrectedLine lineID="P2_TL00702">
    <OldTextValue>H Corner Main and Water St. B</OldTextValue>
    <NewTextValue>Corner Main and Water St.</NewTextValue>
  </TextCorrectedLine>
  <TextCorrectedLine lineID="P2_TL00703">
    <OldTextValue>| JACKSON - - - California!</OldTextValue>
    <NewTextValue>JACKSON - - - California</NewTextValue>
  </TextCorrectedLine>
  <TextCorrectedLine lineID="P2_TL00704">
    <OldTextValue>••••••••••••••••••••••••••••••••« M#####M# . #########</OldTextValue>
    <NewTextValue></NewTextValue>
  </TextCorrectedLine>
</TextCorrectedBlock>
