<TextCorrectedBlock pageOID="AL19040819.1.1" blockID="P1_TB00070" userID="[redacted]">
  <TextCorrectedLine lineID="P1_TL00668">
    <OldTextValue>the city* and county of San Francisco; to</OldTextValue>
    <NewTextValue>the city and county of San Francisco; to</NewTextValue>
  </TextCorrectedLine>
  <TextCorrectedLine lineID="P1_TL00672">
    <OldTextValue>[Approved March 20, 1903.] »</OldTextValue>
    <NewTextValue>[Approved March 20, 1903.]</NewTextValue>
  </TextCorrectedLine>
  <TextCorrectedLine lineID="P1_TL00675">
    <OldTextValue>fallows:</OldTextValue>
    <NewTextValue>follows:</NewTextValue>
  </TextCorrectedLine>
  <TextCorrectedLine lineID="P1_TL00677">
    <OldTextValue>fund for the payment ol the Indeotness here-</OldTextValue>
    <NewTextValue>fund for the payment ol the Indebtness here-</NewTextValue>
  </TextCorrectedLine>
  <TextCorrectedLine lineID="P1_TL00678">
    <OldTextValue>by authority to be Incurred by the bourd of</OldTextValue>
    <NewTextValue>by authority to be Incurred by the board of</NewTextValue>
  </TextCorrectedLine>
  <TextCorrectedLine lineID="P1_TL00680">
    <OldTextValue>of a seawall and appurtenances in Hie city</OldTextValue>
    <NewTextValue>of a seawall and appurtenances in the city</NewTextValue>
  </TextCorrectedLine>
  <TextCorrectedLine lineID="P1_TL00682">
    <OldTextValue>exceed two million dollars (which siild sea-</OldTextValue>
    <NewTextValue>exceed two million dollars (which said sea-</NewTextValue>
  </TextCorrectedLine>
  <TextCorrectedLine lineID="P1_TL00686">
    <OldTextValue>by liw, and at a cost not to exceed said</OldTextValue>
    <NewTextValue>by law, and at a cost not to exceed said</NewTextValue>
  </TextCorrectedLine>
  <TextCorrectedLine lineID="P1_TL00688">
    <OldTextValue>Immediately after the issuauce of the pro</OldTextValue>
    <NewTextValue>Immediately after the issuance of the pro</NewTextValue>
  </TextCorrectedLine>
  <TextCorrectedLine lineID="P1_TL00692">
    <OldTextValue>fornia, iv the denomination of oue thous-</OldTextValue>
    <NewTextValue>fornia, in the denomination of one thous-</NewTextValue>
  </TextCorrectedLine>
  <TextCorrectedLine lineID="P1_TL00706">
    <OldTextValue>teen hundred and five, aud shall be made</OldTextValue>
    <NewTextValue>teen hundred and five, and shall be made</NewTextValue>
  </TextCorrectedLine>
  <TextCorrectedLine lineID="P1_TL00708">
    <OldTextValue>teen hundred and twenty-four A. 1). The</OldTextValue>
    <NewTextValue>teen hundred and twenty-four A. D. The</NewTextValue>
  </TextCorrectedLine>
  <TextCorrectedLine lineID="P1_TL00712">
    <OldTextValue>day of January. and on thesecondday ofjuly</OldTextValue>
    <NewTextValue>day of January. and on the second day of July</NewTextValue>
  </TextCorrectedLine>
  <TextCorrectedLine lineID="P1_TL00714">
    <OldTextValue>vided, that the first payment of intcreslshall</OldTextValue>
    <NewTextValue>vided, that the first payment of interest shall</NewTextValue>
  </TextCorrectedLine>
</TextCorrectedBlock>
<TextCorrectedBlock pageOID="AL19040819.1.1" blockID="P1_TB00004" userID="[redacted]">
  <TextCorrectedLine lineID="P1_TL00011">
    <OldTextValue>Sec. 10. The votes cast tor or against this act</OldTextValue>
    <NewTextValue>Sec. 10. The votes cast for or against this act</NewTextValue>
  </TextCorrectedLine>
  <TextCorrectedLine lineID="P1_TL00016">
    <OldTextValue>ceived a majority ot all the votes cast tor and</OldTextValue>
    <NewTextValue>ceived a majority ot all the votes cast for and</NewTextValue>
  </TextCorrectedLine>
  <TextCorrectedLine lineID="P1_TL00019">
    <OldTextValue>vided and shall be irrepoalable until Ibe princi-</OldTextValue>
    <NewTextValue>vided and shall be irrepealable until the princi-</NewTextValue>
  </TextCorrectedLine>
  <TextCorrectedLine lineID="P1_TL00022">
    <OldTextValue>shall make proclamation thereof; but If a</OldTextValue>
    <NewTextValue>shall make proclamation thereof; but if a</NewTextValue>
  </TextCorrectedLine>
</TextCorrectedBlock>
<TextCorrectedBlock pageOID="AL19040819.1.1" blockID="P1_TB00002" userID="[redacted]">
  <TextCorrectedLine lineID="P1_TL00002">
    <OldTextValue>In Support of the Proposed ronstitution-</OldTextValue>
    <NewTextValue>In Support of the Proposed constitution-</NewTextValue>
  </TextCorrectedLine>
</TextCorrectedBlock>
<TextCorrectedBlock pageOID="AL19040819.1.1" blockID="P1_TB00079" userID="[redacted]">
  <TextCorrectedLine lineID="P1_TL00849">
    <OldTextValue>The undorsigned, a Committee ap-</OldTextValue>
    <NewTextValue>The undersigned, a Committee ap-</NewTextValue>
  </TextCorrectedLine>
</TextCorrectedBlock>
<TextCorrectedBlock pageOID="AL19040819.1.1" blockID="P1_TB00018" userID="[redacted]">
  <TextCorrectedLine lineID="P1_TL00124">
    <OldTextValue>Untler the amendment, the judical</OldTextValue>
    <NewTextValue>Under the amendment, the judical</NewTextValue>
  </TextCorrectedLine>
  <TextCorrectedLine lineID="P1_TL00125">
    <OldTextValue>busiuess of the state will thus be tran-</OldTextValue>
    <NewTextValue>business of the state will thus be tran-</NewTextValue>
  </TextCorrectedLine>
  <TextCorrectedLine lineID="P1_TL00128">
    <OldTextValue>be the addition of only (our judical</OldTextValue>
    <NewTextValue>be the addition of only four judical</NewTextValue>
  </TextCorrectedLine>
  <TextCorrectedLine lineID="P1_TL00136">
    <OldTextValue>acter of the question involyed.</OldTextValue>
    <NewTextValue>acter of the question involved.</NewTextValue>
  </TextCorrectedLine>
</TextCorrectedBlock>
<TextCorrectedBlock pageOID="AL19040819.1.1" blockID="P1_CB00001" userID="[redacted]">
  <TextCorrectedLine lineID="P1_TL00865">
    <OldTextValue>|||ii| [CHEAPEST DRY GOODS STORE I|||§</OldTextValue>
    <NewTextValue>CHEAPEST DRY GOODS STORE</NewTextValue>
  </TextCorrectedLine>
  <TextCorrectedLine lineID="P1_TL00867">
    <OldTextValue>... - -i.V ■ ■■■-.*•'.- * ~ ▼ T</OldTextValue>
    <NewTextValue></NewTextValue>
  </TextCorrectedLine>
  <TextCorrectedLine lineID="P1_TL00871">
    <OldTextValue>V People who dropped in to see us ten years ajro, when we first started business in Jackson, are still \</OldTextValue>
    <NewTextValue>People who dropped in to see us ten years ago, when we first started business in Jackson, are still</NewTextValue>
  </TextCorrectedLine>
  <TextCorrectedLine lineID="P1_TL00872">
    <OldTextValue>-mth us. Watch, and.you will notice the same faces every day, year in and year out, frequent our store</OldTextValue>
    <NewTextValue>with us. Watch, and.you will notice the same faces every day, year in and year out, frequent our store</NewTextValue>
  </TextCorrectedLine>
</TextCorrectedBlock>
