<TextCorrectedBlock pageOID="AL19021121.1.2" blockID="P2_CB00002" userID="[redacted]">
  <TextCorrectedLine lineID="P2_TL00756">
    <OldTextValue>4^ The Exclusive Clothier &amp; Tailor</OldTextValue>
    <NewTextValue>MAX LADAR    The Exclusive Clothier &amp; Tailor</NewTextValue>
  </TextCorrectedLine>
  <TextCorrectedLine lineID="P2_TL00762">
    <OldTextValue>on saleis a revelation in taste, and is</OldTextValue>
    <NewTextValue>on sale is a revelation in taste, and is</NewTextValue>
  </TextCorrectedLine>
  <TextCorrectedLine lineID="P2_TL00764">
    <OldTextValue>Quality * of * Goods, * Trimmings * and * Workmanship</OldTextValue>
    <NewTextValue>Quality   of   Goods,  Trimmings  and Workmanship</NewTextValue>
  </TextCorrectedLine>
  <TextCorrectedLine lineID="P2_TL00770">
    <OldTextValue>I solicit the people of Jackson and vicinity to "ex-</OldTextValue>
    <NewTextValue>I solicit the people of Jackson and vicinity to ex-</NewTextValue>
  </TextCorrectedLine>
  <TextCorrectedLine lineID="P2_TL00771">
    <OldTextValue>amine these goods before buying elsewhere. ,</OldTextValue>
    <NewTextValue>amine these goods before buying elsewhere.</NewTextValue>
  </TextCorrectedLine>
  <TextCorrectedLine lineID="P2_TL00772">
    <OldTextValue>■* oct-ntf MA2I Z-i-A^P-^,; l^^ ■ .;.</OldTextValue>
    <NewTextValue>oct-17 tf               MAX LADAR</NewTextValue>
  </TextCorrectedLine>
</TextCorrectedBlock>
<TextCorrectedBlock pageOID="AL19021121.1.2" blockID="P2_CB00005" userID="[redacted]">
  <TextCorrectedLine lineID="P2_TL00900">
    <OldTextValue>••••••••••••••••••••♦••••a</OldTextValue>
    <NewTextValue></NewTextValue>
  </TextCorrectedLine>
  <TextCorrectedLine lineID="P2_TL00901">
    <OldTextValue>j DAILY STAGE. LINEJ</OldTextValue>
    <NewTextValue>DAILY STAGE. LINE</NewTextValue>
  </TextCorrectedLine>
  <TextCorrectedLine lineID="P2_TL00902">
    <OldTextValue>• J. Stelner, Proprietor. •</OldTextValue>
    <NewTextValue>J. Stelner, Proprietor.</NewTextValue>
  </TextCorrectedLine>
  <TextCorrectedLine lineID="P2_TL00903">
    <OldTextValue>• Jackson, Sutler . Creek, Amador m</OldTextValue>
    <NewTextValue>Jackson, Sutler   Creek, Amador</NewTextValue>
  </TextCorrectedLine>
  <TextCorrectedLine lineID="P2_TL00904">
    <OldTextValue>• City? Drytown, Plymouth. «</OldTextValue>
    <NewTextValue>City, Drytown, Plymouth.</NewTextValue>
  </TextCorrectedLine>
  <TextCorrectedLine lineID="P2_TL00905">
    <OldTextValue>• ' Leaves Plymouth at 6:30 a. in. •</OldTextValue>
    <NewTextValue>Leaves Plymouth at 6:30 a. m.</NewTextValue>
  </TextCorrectedLine>
  <TextCorrectedLine lineID="P2_TL00906">
    <OldTextValue>• . Leaves Jackson at 2:30 p. in. f)</OldTextValue>
    <NewTextValue>Leaves Jackson at 2:30 p. m.</NewTextValue>
  </TextCorrectedLine>
  <TextCorrectedLine lineID="P2_TL00907">
    <OldTextValue>0 Arrives at Jackson in time to catch the 5</OldTextValue>
    <NewTextValue>Arrives at Jackson in time to catch the 5</NewTextValue>
  </TextCorrectedLine>
  <TextCorrectedLine lineID="P2_TL00908">
    <OldTextValue>0 Mokelumne Hill stage. S</OldTextValue>
    <NewTextValue>Mokelumne Hill stage.</NewTextValue>
  </TextCorrectedLine>
  <TextCorrectedLine lineID="P2_TL00909">
    <OldTextValue>0 Offices— Jackson. National Hotel; Sut- !</OldTextValue>
    <NewTextValue>Offices— Jackson. National Hotel; Sut-</NewTextValue>
  </TextCorrectedLine>
  <TextCorrectedLine lineID="P2_TL00910">
    <OldTextValue>m ter Creek, American Exchange;' Ama- Z</OldTextValue>
    <NewTextValue>ter Creek, American Exchange;  Ama-</NewTextValue>
  </TextCorrectedLine>
  <TextCorrectedLine lineID="P2_TL00911">
    <OldTextValue>s dor City, Amador Hotel; Drytown, Ex- Z</OldTextValue>
    <NewTextValue>dor City, Amador Hotel; Drytown, Ex-</NewTextValue>
  </TextCorrectedLine>
  <TextCorrectedLine lineID="P2_TL00912">
    <OldTextValue>0 change; Plymouth, Forest House. Z,</OldTextValue>
    <NewTextValue>change; Plymouth, Forest House.</NewTextValue>
  </TextCorrectedLine>
  <TextCorrectedLine lineID="P2_TL00913">
    <OldTextValue>O Prompt delivery of packages. {</OldTextValue>
    <NewTextValue>Prompt delivery of packages.</NewTextValue>
  </TextCorrectedLine>
  <TextCorrectedLine lineID="P2_TL00914">
    <OldTextValue>5 Fare— Plymouth to Jackson, 11.50; Jack- !</OldTextValue>
    <NewTextValue>Fare— Plymouth to Jackson, $1.50; Jack-</NewTextValue>
  </TextCorrectedLine>
  <TextCorrectedLine lineID="P2_TL00915">
    <OldTextValue>son to Sutter, 50c; round trip, $2. J</OldTextValue>
    <NewTextValue>son to Sutter, 50c; round trip, $2.</NewTextValue>
  </TextCorrectedLine>
  <TextCorrectedLine lineID="P2_TL00916">
    <OldTextValue>••••••••••••••••••••••••a*</OldTextValue>
    <NewTextValue></NewTextValue>
  </TextCorrectedLine>
  <TextCorrectedLine lineID="P2_TL00917">
    <OldTextValue>T ADIES!— We want a good representative in</OldTextValue>
    <NewTextValue>LADIES!— We want a good representative in</NewTextValue>
  </TextCorrectedLine>
  <TextCorrectedLine lineID="P2_TL00918">
    <OldTextValue>*-* each locality and offer any woman who will</OldTextValue>
    <NewTextValue>each locality and offer any woman who will</NewTextValue>
  </TextCorrectedLine>
  <TextCorrectedLine lineID="P2_TL00919">
    <OldTextValue>work a position which will easily pay ,SIS per</OldTextValue>
    <NewTextValue>work a position which will easily pay , $18 per</NewTextValue>
  </TextCorrectedLine>
  <TextCorrectedLine lineID="P2_TL00922">
    <OldTextValue>MABEL E. RUSH, Secretary, lsox,B, Jolin, 111.</OldTextValue>
    <NewTextValue>MABEL E. RUSH, Secretary, Box B, Joliet,  Ill.</NewTextValue>
  </TextCorrectedLine>
  <TextCorrectedLine lineID="P2_TL00923">
    <OldTextValue>••••••••••••••••••••••••••</OldTextValue>
    <NewTextValue></NewTextValue>
  </TextCorrectedLine>
  <TextCorrectedLine lineID="P2_TL00924">
    <OldTextValue>I They're in I</OldTextValue>
    <NewTextValue>They're in</NewTextValue>
  </TextCorrectedLine>
  <TextCorrectedLine lineID="P2_TL00925">
    <OldTextValue>I the Dark]</OldTextValue>
    <NewTextValue>the Dark</NewTextValue>
  </TextCorrectedLine>
  <TextCorrectedLine lineID="P2_TL00926">
    <OldTextValue>2 People often ask where 2</OldTextValue>
    <NewTextValue>People often ask where</NewTextValue>
  </TextCorrectedLine>
  <TextCorrectedLine lineID="P2_TL00927">
    <OldTextValue>5 we keep the extensive S</OldTextValue>
    <NewTextValue>we keep the extensive</NewTextValue>
  </TextCorrectedLine>
  <TextCorrectedLine lineID="P2_TL00928">
    <OldTextValue>• stock of perfumes that •</OldTextValue>
    <NewTextValue>stock of perfumes that</NewTextValue>
  </TextCorrectedLine>
  <TextCorrectedLine lineID="P2_TL00929">
    <OldTextValue>2 we advertise. *</OldTextValue>
    <NewTextValue>we advertise.</NewTextValue>
  </TextCorrectedLine>
  <TextCorrectedLine lineID="P2_TL00930">
    <OldTextValue>• All high grade extracts 2</OldTextValue>
    <NewTextValue>All high grade extracts</NewTextValue>
  </TextCorrectedLine>
  <TextCorrectedLine lineID="P2_TL00931">
    <OldTextValue>J should be kept from ex- •</OldTextValue>
    <NewTextValue>should be kept from ex-</NewTextValue>
  </TextCorrectedLine>
  <TextCorrectedLine lineID="P2_TL00932">
    <OldTextValue>8 posure to light, as much 2</OldTextValue>
    <NewTextValue>posure to light, as much</NewTextValue>
  </TextCorrectedLine>
  <TextCorrectedLine lineID="P2_TL00933">
    <OldTextValue>• as possible, hence we keep •</OldTextValue>
    <NewTextValue>as possible, hence we keep</NewTextValue>
  </TextCorrectedLine>
  <TextCorrectedLine lineID="P2_TL00934">
    <OldTextValue>2 ours out of sight, that is 2</OldTextValue>
    <NewTextValue>ours out of sight, that is</NewTextValue>
  </TextCorrectedLine>
  <TextCorrectedLine lineID="P2_TL00935">
    <OldTextValue>2 in the. dark, and we al- 2</OldTextValue>
    <NewTextValue>in the. dark, and we al-</NewTextValue>
  </TextCorrectedLine>
  <TextCorrectedLine lineID="P2_TL00936">
    <OldTextValue>• ways advise our patrons •</OldTextValue>
    <NewTextValue>ways advise our patrons</NewTextValue>
  </TextCorrectedLine>
  <TextCorrectedLine lineID="P2_TL00937">
    <OldTextValue>2 to do likewise. 2</OldTextValue>
    <NewTextValue>to do likewise.</NewTextValue>
  </TextCorrectedLine>
  <TextCorrectedLine lineID="P2_TL00938">
    <OldTextValue>2 The cheaper class of 2</OldTextValue>
    <NewTextValue>The cheaper class of</NewTextValue>
  </TextCorrectedLine>
  <TextCorrectedLine lineID="P2_TL00939">
    <OldTextValue>2 goods will keep any •</OldTextValue>
    <NewTextValue>goods will keep any</NewTextValue>
  </TextCorrectedLine>
  <TextCorrectedLine lineID="P2_TL00940">
    <OldTextValue>2 place. 2</OldTextValue>
    <NewTextValue>place.</NewTextValue>
  </TextCorrectedLine>
  <TextCorrectedLine lineID="P2_TL00941">
    <OldTextValue>• We often display dum- 2</OldTextValue>
    <NewTextValue>We often display dum-</NewTextValue>
  </TextCorrectedLine>
  <TextCorrectedLine lineID="P2_TL00942">
    <OldTextValue>2 niies furnished by our •</OldTextValue>
    <NewTextValue>mies furnished by our</NewTextValue>
  </TextCorrectedLine>
  <TextCorrectedLine lineID="P2_TL00943">
    <OldTextValue>2 dealers for that purpose. 2</OldTextValue>
    <NewTextValue>dealers for that purpose.</NewTextValue>
  </TextCorrectedLine>
  <TextCorrectedLine lineID="P2_TL00944">
    <OldTextValue>2 We invite a careful in- 2</OldTextValue>
    <NewTextValue>We invite a careful in-</NewTextValue>
  </TextCorrectedLine>
  <TextCorrectedLine lineID="P2_TL00945">
    <OldTextValue>2 spection of different odors •</OldTextValue>
    <NewTextValue>spection of different odors</NewTextValue>
  </TextCorrectedLine>
  <TextCorrectedLine lineID="P2_TL00946">
    <OldTextValue>2 whether you desire to 2</OldTextValue>
    <NewTextValue>whether you desire to</NewTextValue>
  </TextCorrectedLine>
  <TextCorrectedLine lineID="P2_TL00947">
    <OldTextValue>2 purchase or not. 2</OldTextValue>
    <NewTextValue>purchase or not.</NewTextValue>
  </TextCorrectedLine>
  <TextCorrectedLine lineID="P2_TL00948">
    <OldTextValue>• CITY PHARMACY •</OldTextValue>
    <NewTextValue>CITY PHARMACY</NewTextValue>
  </TextCorrectedLine>
  <TextCorrectedLine lineID="P2_TL00949">
    <OldTextValue>2 ROBT. I. KEKR 2</OldTextValue>
    <NewTextValue>ROBT. I. KERR</NewTextValue>
  </TextCorrectedLine>
  <TextCorrectedLine lineID="P2_TL00950">
    <OldTextValue>• JACKSON - - — . - CAL. •</OldTextValue>
    <NewTextValue>JACKSON  -  -  - CAL.</NewTextValue>
  </TextCorrectedLine>
</TextCorrectedBlock>
<TextCorrectedBlock pageOID="AL19021121.1.2" blockID="P2_CB00005" userID="[redacted]">
  <TextCorrectedLine lineID="P2_TL00951">
    <OldTextValue>••••••••••••••••••••••••a*</OldTextValue>
    <NewTextValue></NewTextValue>
  </TextCorrectedLine>
  <TextCorrectedLine lineID="P2_TL00953">
    <OldTextValue>Capital paid in $2, 500, 000.00</OldTextValue>
    <NewTextValue>Capital paid in ...... $2, 500, 000.00</NewTextValue>
  </TextCorrectedLine>
  <TextCorrectedLine lineID="P2_TL00955">
    <OldTextValue>• - ISSUES</OldTextValue>
    <NewTextValue>ISSUES</NewTextValue>
  </TextCorrectedLine>
  <TextCorrectedLine lineID="P2_TL00960">
    <OldTextValue>San PranciscorCal. jiyiB-6m</OldTextValue>
    <NewTextValue>San Francisco Cal.    jly18-6m</NewTextValue>
  </TextCorrectedLine>
</TextCorrectedBlock>
<TextCorrectedBlock pageOID="AL19021121.1.2" blockID="P2_CB00003" userID="[redacted]">
  <TextCorrectedLine lineID="P2_TL00776">
    <OldTextValue>. ' ■ . . ' -■ . ■ , ■ ■ ■ ■ ■ "■</OldTextValue>
    <NewTextValue></NewTextValue>
  </TextCorrectedLine>
  <TextCorrectedLine lineID="P2_TL00777">
    <OldTextValue>QEALED PROPOSALS wtU be received by</OldTextValue>
    <NewTextValue>SEALED PROPOSALS will be received by</NewTextValue>
  </TextCorrectedLine>
  <TextCorrectedLine lineID="P2_TL00778">
    <OldTextValue>KJ the Clerk of the Board of Supervisors ot the</OldTextValue>
    <NewTextValue>the Clerk of the Board of Supervisors ot the</NewTextValue>
  </TextCorrectedLine>
</TextCorrectedBlock>
