<TextCorrectedBlock pageOID="AL19030710.1.2" blockID="P2_CB00001" userID="[redacted]">
  <TextCorrectedLine lineID="P2_TL00463">
    <OldTextValue>ffjOQP 1 housewives</OldTextValue>
    <NewTextValue>GOOD housewives</NewTextValue>
  </TextCorrectedLine>
  <TextCorrectedLine lineID="P2_TL00464">
    <OldTextValue>H Always provide for a rainy day by</OldTextValue>
    <NewTextValue>Always provide for a rainy day by</NewTextValue>
  </TextCorrectedLine>
  <TextCorrectedLine lineID="P2_TL00465">
    <OldTextValue>m putting up their- own fruit. -- -</OldTextValue>
    <NewTextValue>putting up their own fruit. -- -</NewTextValue>
  </TextCorrectedLine>
  <TextCorrectedLine lineID="P2_TL00466">
    <OldTextValue>1 ONOCCHijnIW.</OldTextValue>
    <NewTextValue>E. GINOCCHIO and BRO.</NewTextValue>
  </TextCorrectedLine>
  <TextCorrectedLine lineID="P2_TL00467">
    <OldTextValue>H Always provide for everybody by</OldTextValue>
    <NewTextValue>Always provide for everybody by</NewTextValue>
  </TextCorrectedLine>
  <TextCorrectedLine lineID="P2_TL00468">
    <OldTextValue>H keeping the largest stock of</OldTextValue>
    <NewTextValue>keeping the largest stock of</NewTextValue>
  </TextCorrectedLine>
  <TextCorrectedLine lineID="P2_TL00469">
    <OldTextValue>| Fruit Jars and Jelly Glasses</OldTextValue>
    <NewTextValue>Fruit Jars and Jelly Glasses</NewTextValue>
  </TextCorrectedLine>
  <TextCorrectedLine lineID="P2_TL00470">
    <OldTextValue>% that can be found in the County.</OldTextValue>
    <NewTextValue>that can be found in the County.</NewTextValue>
  </TextCorrectedLine>
  <TextCorrectedLine lineID="P2_TL00471">
    <OldTextValue>J Call, examine goods and get prices.</OldTextValue>
    <NewTextValue>Call, examine goods and get prices.</NewTextValue>
  </TextCorrectedLine>
  <TextCorrectedLine lineID="P2_TL00472">
    <OldTextValue>% Corner Main and Water Sts. ■ - Jackson</OldTextValue>
    <NewTextValue>Corner Main and Water Sts. -  - Jackson</NewTextValue>
  </TextCorrectedLine>
</TextCorrectedBlock>
<TextCorrectedBlock pageOID="AL19030710.1.2" blockID="P2_CB00012" userID="[redacted]">
  <TextCorrectedLine lineID="P2_TL00667">
    <OldTextValue>KNIfiHT A r*A</OldTextValue>
    <NewTextValue>KNIGHT &amp; CO.</NewTextValue>
  </TextCorrectedLine>
  <TextCorrectedLine lineID="P2_TL00668">
    <OldTextValue>lYlilUlli a \s\J,</OldTextValue>
    <NewTextValue></NewTextValue>
  </TextCorrectedLine>
  <TextCorrectedLine lineID="P2_TL00669">
    <OldTextValue>Foundry? Machine Shop</OldTextValue>
    <NewTextValue>Foundry and Machine Shop</NewTextValue>
  </TextCorrectedLine>
  <TextCorrectedLine lineID="P2_TL00683">
    <OldTextValue>- — $15.00</OldTextValue>
    <NewTextValue>$15.00</NewTextValue>
  </TextCorrectedLine>
  <TextCorrectedLine lineID="P2_TL00686">
    <OldTextValue>pTpiccardo</OldTextValue>
    <NewTextValue>P. Piccardo</NewTextValue>
  </TextCorrectedLine>
  <TextCorrectedLine lineID="P2_TL00687">
    <OldTextValue>.....</OldTextValue>
    <NewTextValue></NewTextValue>
  </TextCorrectedLine>
  <TextCorrectedLine lineID="P2_TL00692">
    <OldTextValue>$16, $18 and $20 I</OldTextValue>
    <NewTextValue>$16, $18 and $20</NewTextValue>
  </TextCorrectedLine>
  <TextCorrectedLine lineID="P2_TL00693">
    <OldTextValue>1 i</OldTextValue>
    <NewTextValue></NewTextValue>
  </TextCorrectedLine>
</TextCorrectedBlock>
<TextCorrectedBlock pageOID="AL19030710.1.2" blockID="P2_CB00014" userID="[redacted]">
  <TextCorrectedLine lineID="P2_TL00699">
    <OldTextValue>x Bazaar Patterns</OldTextValue>
    <NewTextValue>McCALL</NewTextValue>
  </TextCorrectedLine>
  <TextCorrectedLine lineID="P2_TL00700">
    <OldTextValue>&lt; i</OldTextValue>
    <NewTextValue>Bazaar Patterns</NewTextValue>
  </TextCorrectedLine>
  <TextCorrectedLine lineID="P2_TL00701">
    <OldTextValue>L ' " ;; — p—</OldTextValue>
    <NewTextValue></NewTextValue>
  </TextCorrectedLine>
  <TextCorrectedLine lineID="P2_TL00702">
    <OldTextValue>j Ladies', Misses'</OldTextValue>
    <NewTextValue>Ladies', Misses'</NewTextValue>
  </TextCorrectedLine>
  <TextCorrectedLine lineID="P2_TL00703">
    <OldTextValue>j ; and Children's shoe</OldTextValue>
    <NewTextValue>and Children's shoe</NewTextValue>
  </TextCorrectedLine>
  <TextCorrectedLine lineID="P2_TL00704">
    <OldTextValue>&lt;</OldTextValue>
    <NewTextValue></NewTextValue>
  </TextCorrectedLine>
  <TextCorrectedLine lineID="P2_TL00705">
    <OldTextValue>; Sandals and low cut</OldTextValue>
    <NewTextValue>Sandals and low cut</NewTextValue>
  </TextCorrectedLine>
  <TextCorrectedLine lineID="P2_TL00706">
    <OldTextValue>I shoes at reduced</OldTextValue>
    <NewTextValue>shoes at reduced</NewTextValue>
  </TextCorrectedLine>
  <TextCorrectedLine lineID="P2_TL00707">
    <OldTextValue>! prices next wee</OldTextValue>
    <NewTextValue>prices next week</NewTextValue>
  </TextCorrectedLine>
  <TextCorrectedLine lineID="P2_TL00708">
    <OldTextValue>:Lliii</OldTextValue>
    <NewTextValue>L. J. GLAVONICH</NewTextValue>
  </TextCorrectedLine>
  <TextCorrectedLine lineID="P2_TL00709">
    <OldTextValue>i i</OldTextValue>
    <NewTextValue></NewTextValue>
  </TextCorrectedLine>
  <TextCorrectedLine lineID="P2_TL00710">
    <OldTextValue>'&lt; Remember</OldTextValue>
    <NewTextValue>Remember</NewTextValue>
  </TextCorrectedLine>
  <TextCorrectedLine lineID="P2_TL00711">
    <OldTextValue>•-; Ii; keep . a large</OldTextValue>
    <NewTextValue>I keep a large</NewTextValue>
  </TextCorrectedLine>
  <TextCorrectedLine lineID="P2_TL00712">
    <OldTextValue>j j stock of Fresh Grocerie;</OldTextValue>
    <NewTextValue>stock of Fresh Groceries</NewTextValue>
  </TextCorrectedLine>
  <TextCorrectedLine lineID="P2_TL00713">
    <OldTextValue>; ; Give me a</OldTextValue>
    <NewTextValue>Give me a</NewTextValue>
  </TextCorrectedLine>
  <TextCorrectedLine lineID="P2_TL00715">
    <OldTextValue>I Cor. Main and Court Sfc</OldTextValue>
    <NewTextValue>Cor. Main and Court Sts</NewTextValue>
  </TextCorrectedLine>
  <TextCorrectedLine lineID="P2_TL00716">
    <OldTextValue>I Jackson, Cal.</OldTextValue>
    <NewTextValue>Jackson, Cal.</NewTextValue>
  </TextCorrectedLine>
  <TextCorrectedLine lineID="P2_TL00717">
    <OldTextValue>&lt; &gt; . may 1</OldTextValue>
    <NewTextValue>may 1</NewTextValue>
  </TextCorrectedLine>
  <TextCorrectedLine lineID="P2_TL00718">
    <OldTextValue>♦♦♦♦♦^♦♦♦♦^♦♦♦♦^♦♦♦♦^♦^</OldTextValue>
    <NewTextValue></NewTextValue>
  </TextCorrectedLine>
</TextCorrectedBlock>
