<TextCorrectedBlock pageOID="AL19040325.1.1" blockID="P1_CB00003" userID="[redacted]">
  <TextCorrectedLine lineID="P1_TL00908">
    <OldTextValue>TPV U. BPAGNULI</OldTextValue>
    <NewTextValue>D. B. SPAGNOLI</NewTextValue>
  </TextCorrectedLine>
  <TextCorrectedLine lineID="P1_TL00909">
    <OldTextValue>Attorney anil Counselor nl Law</OldTextValue>
    <NewTextValue>Attorney andl Counselor at Law</NewTextValue>
  </TextCorrectedLine>
  <TextCorrectedLine lineID="P1_TL00910">
    <OldTextValue>Jackson, Cau</OldTextValue>
    <NewTextValue>Jackson, Cal</NewTextValue>
  </TextCorrectedLine>
  <TextCorrectedLine lineID="P1_TL00911">
    <OldTextValue>Practice in all tho States and Federal courts</OldTextValue>
    <NewTextValue>Practice in all the States and Federal courts</NewTextValue>
  </TextCorrectedLine>
  <TextCorrectedLine lineID="P1_TL00912">
    <OldTextValue>Office: Spagnoll building, opposite Hall o)</OldTextValue>
    <NewTextValue>Office: Spagnoli building, opposite Hall of</NewTextValue>
  </TextCorrectedLine>
  <TextCorrectedLine lineID="P1_TL00914">
    <OldTextValue>T \V. CALDWELL</OldTextValue>
    <NewTextValue>J. W. CALDWELL</NewTextValue>
  </TextCorrectedLine>
  <TextCorrectedLine lineID="P1_TL00915">
    <OldTextValue>'.' Attorney-at-lJ&gt;w</OldTextValue>
    <NewTextValue>Attorney-at-Law</NewTextValue>
  </TextCorrectedLine>
  <TextCorrectedLine lineID="P1_TL00916">
    <OldTextValue>. Will practice in all courts of the State,</OldTextValue>
    <NewTextValue>Will practice in all courts of the State,</NewTextValue>
  </TextCorrectedLine>
  <TextCorrectedLine lineID="P1_TL00917">
    <OldTextValue>■john f. davis</OldTextValue>
    <NewTextValue>JOHN F. DAVIS</NewTextValue>
  </TextCorrectedLine>
  <TextCorrectedLine lineID="P1_TL00918">
    <OldTextValue>■ Jackson, Cal</OldTextValue>
    <NewTextValue>Jackson, Cal</NewTextValue>
  </TextCorrectedLine>
  <TextCorrectedLine lineID="P1_TL00921">
    <OldTextValue>.TTILDA CLOUOU</OldTextValue>
    <NewTextValue>HILDA CLOUGH</NewTextValue>
  </TextCorrectedLine>
  <TextCorrectedLine lineID="P1_TL00923">
    <OldTextValue>Jackson, Cau</OldTextValue>
    <NewTextValue>Jackson, Cal</NewTextValue>
  </TextCorrectedLine>
  <TextCorrectedLine lineID="P1_TL00926">
    <OldTextValue>\tti c. endicott, m. d.</OldTextValue>
    <NewTextValue>E. E. ENDICOTT</NewTextValue>
  </TextCorrectedLine>
  <TextCorrectedLine lineID="P1_TL00928">
    <OldTextValue>•■ : Jackson, Cau</OldTextValue>
    <NewTextValue>Jackson, Cal</NewTextValue>
  </TextCorrectedLine>
</TextCorrectedBlock>
<TextCorrectedBlock pageOID="AL19040325.1.1" blockID="P1_TB00052" userID="[redacted]">
  <TextCorrectedLine lineID="P1_TL00428">
    <OldTextValue>the Partner of. Ills Sorrows -and</OldTextValue>
    <NewTextValue>the Partner of His Sorrows and</NewTextValue>
  </TextCorrectedLine>
  <TextCorrectedLine lineID="P1_TL00429">
    <OldTextValue>Joys— Jean Paul UK-liter's Unstint-</OldTextValue>
    <NewTextValue>Joys— Jean Paul Richter's Unstint-</NewTextValue>
  </TextCorrectedLine>
</TextCorrectedBlock>
<TextCorrectedBlock pageOID="AL19040325.1.1" blockID="P1_TB00051" userID="[redacted]">
  <TextCorrectedLine lineID="P1_TL00426">
    <OldTextValue>Ed Praise of Caroline Mayer.</OldTextValue>
    <NewTextValue>ed Praise of Caroline Mayer.</NewTextValue>
  </TextCorrectedLine>
</TextCorrectedBlock>
<TextCorrectedBlock pageOID="AL19040325.1.1" blockID="P1_TB00050" userID="[redacted]">
  <TextCorrectedLine lineID="P1_TL00406">
    <OldTextValue>Few great men have paid more t&gt;n&lt;</OldTextValue>
    <NewTextValue>Few great men have paid more en-</NewTextValue>
  </TextCorrectedLine>
  <TextCorrectedLine lineID="P1_TL00408">
    <OldTextValue>Toui Hood, and probably few wlvea</OldTextValue>
    <NewTextValue>Tom Hood, and probably few wives</NewTextValue>
  </TextCorrectedLine>
  <TextCorrectedLine lineID="P1_TL00409">
    <OldTextValue>have better deserved ;-.uch homage, says</OldTextValue>
    <NewTextValue>have better deserved such homage, says</NewTextValue>
  </TextCorrectedLine>
  <TextCorrectedLine lineID="P1_TL00420">
    <OldTextValue>to bless a muni". Has there ever,' we'</OldTextValue>
    <NewTextValue>to bless a man". Has there ever, we'</NewTextValue>
  </TextCorrectedLine>
  <TextCorrectedLine lineID="P1_TL00422">
    <OldTextValue>delicate and beautiful tribute wus paid</OldTextValue>
    <NewTextValue>delicate and beautiful tribute was paid</NewTextValue>
  </TextCorrectedLine>
</TextCorrectedBlock>
<TextCorrectedBlock pageOID="AL19040325.1.1" blockID="P1_TB00002" userID="[redacted]">
  <TextCorrectedLine lineID="P1_TL00019">
    <OldTextValue>food to eat? Too much mystery haa</OldTextValue>
    <NewTextValue>food to eat? Too much mystery has</NewTextValue>
  </TextCorrectedLine>
  <TextCorrectedLine lineID="P1_TL00020">
    <OldTextValue>been thrown about this subject Let</OldTextValue>
    <NewTextValue>been thrown about this subject.  Let</NewTextValue>
  </TextCorrectedLine>
  <TextCorrectedLine lineID="P1_TL00021">
    <OldTextValue>your sensationß decide. It muet be kept</OldTextValue>
    <NewTextValue>your sensations decide. It must be kept</NewTextValue>
  </TextCorrectedLine>
  <TextCorrectedLine lineID="P1_TL00022">
    <OldTextValue>In mind that the entire function of di-</OldTextValue>
    <NewTextValue>in mind that the entire function of di-</NewTextValue>
  </TextCorrectedLine>
  <TextCorrectedLine lineID="P1_TL00023">
    <OldTextValue>gestion and assimilation Is carried on</OldTextValue>
    <NewTextValue>gestion and assimilation is carried on</NewTextValue>
  </TextCorrectedLine>
  <TextCorrectedLine lineID="P1_TL00025">
    <OldTextValue>currence. It should be entirely ■ unfelt</OldTextValue>
    <NewTextValue>currence. It should be entirely unfelt</NewTextValue>
  </TextCorrectedLine>
  <TextCorrectedLine lineID="P1_TL00028">
    <OldTextValue>follows - its normal - accomplishment.</OldTextValue>
    <NewTextValue>follows its normal  accomplishment.</NewTextValue>
  </TextCorrectedLine>
  <TextCorrectedLine lineID="P1_TL00032">
    <OldTextValue>food . has : been taken. The 'exact ' cor-^</OldTextValue>
    <NewTextValue>food . has : been taken. The 'exact cor</NewTextValue>
  </TextCorrectedLine>
  <TextCorrectedLine lineID="P1_TL00033">
    <OldTextValue>rcspondence In a healthy animal ; be-</OldTextValue>
    <NewTextValue>respondence in a healthy animal  be-</NewTextValue>
  </TextCorrectedLine>
  <TextCorrectedLine lineID="P1_TL00034">
    <OldTextValue>tween'the appetite and the amount of</OldTextValue>
    <NewTextValue>tween the appetite and the amount of</NewTextValue>
  </TextCorrectedLine>
  <TextCorrectedLine lineID="P1_TL00035">
    <OldTextValue>food required is extraordinary.'; As a'</OldTextValue>
    <NewTextValue>food required is extraordinary. As a</NewTextValue>
  </TextCorrectedLine>
  <TextCorrectedLine lineID="P1_TL00037">
    <OldTextValue>ly, should cease before the . appetite Is</OldTextValue>
    <NewTextValue>ly, should cease before the appetite is</NewTextValue>
  </TextCorrectedLine>
  <TextCorrectedLine lineID="P1_TL00039">
    <OldTextValue>Is required for the outlying organs and</OldTextValue>
    <NewTextValue>is required for the outlying organs and</NewTextValue>
  </TextCorrectedLine>
</TextCorrectedBlock>
<TextCorrectedBlock pageOID="AL19040325.1.1" blockID="P1_CB00001" userID="[redacted]">
  <TextCorrectedLine lineID="P1_TL00759">
    <OldTextValue>lill THE RED FRONT , .</OldTextValue>
    <NewTextValue>THE RED FRONT</NewTextValue>
  </TextCorrectedLine>
  <TextCorrectedLine lineID="P1_TL00760">
    <OldTextValue>m n nt/n t/ *** . ' V</OldTextValue>
    <NewTextValue>LOOK</NewTextValue>
  </TextCorrectedLine>
  <TextCorrectedLine lineID="P1_TL00761">
    <OldTextValue>Illil ; " THE ° LD RELI^ LE "; OTHERS FOLLOW^</OldTextValue>
    <NewTextValue>THE OLD RELIABLE    WE LEAD AND  OTHERS FOLLOW</NewTextValue>
  </TextCorrectedLine>
  <TextCorrectedLine lineID="P1_TL00762">
    <OldTextValue>■■■■■■■I "SOMETHING NEW '^^0-$</OldTextValue>
    <NewTextValue>SOMETHING NEW</NewTextValue>
  </TextCorrectedLine>
  <TextCorrectedLine lineID="P1_TL00768">
    <OldTextValue>These are some of our New Spring Goods •</OldTextValue>
    <NewTextValue>These are some of our New Spring Goods</NewTextValue>
  </TextCorrectedLine>
  <TextCorrectedLine lineID="P1_TL00770">
    <OldTextValue>Summer Vests. • ;</OldTextValue>
    <NewTextValue>Summer Vests.</NewTextValue>
  </TextCorrectedLine>
  <TextCorrectedLine lineID="P1_TL00776">
    <OldTextValue>4Wn Xome and Get First Choice nf frnnrK »4t</OldTextValue>
    <NewTextValue>Come and Get First Choice of Goods</NewTextValue>
  </TextCorrectedLine>
</TextCorrectedBlock>
<TextCorrectedBlock pageOID="AL19040325.1.1" blockID="P1_CB00003" userID="[redacted]">
  <TextCorrectedLine lineID="P1_TL00932">
    <OldTextValue>.. ■ \ '. Physician and Snrfreon</OldTextValue>
    <NewTextValue>Physician and Surgeon</NewTextValue>
  </TextCorrectedLine>
  <TextCorrectedLine lineID="P1_TL00934">
    <OldTextValue>grriCß— Forrest House. Hours— B to 9 a. m.,</OldTextValue>
    <NewTextValue>OFFICE— Forrest House. Hours— 8 to 9 a. m.,</NewTextValue>
  </TextCorrectedLine>
  <TextCorrectedLine lineID="P1_TL00936">
    <OldTextValue>Telephoqe Main 4).</OldTextValue>
    <NewTextValue>Telephone Main 41.</NewTextValue>
  </TextCorrectedLine>
  <TextCorrectedLine lineID="P1_TL00937">
    <OldTextValue>T"VR. L. E. PHILLIPS</OldTextValue>
    <NewTextValue>DR. L. E. PHILLIPS</NewTextValue>
  </TextCorrectedLine>
  <TextCorrectedLine lineID="P1_TL00938">
    <OldTextValue>Physician ami Surgeon</OldTextValue>
    <NewTextValue>Physician and Surgeon</NewTextValue>
  </TextCorrectedLine>
  <TextCorrectedLine lineID="P1_TL00942">
    <OldTextValue>Hotel. • •</OldTextValue>
    <NewTextValue>Hotel.</NewTextValue>
  </TextCorrectedLine>
</TextCorrectedBlock>
<TextCorrectedBlock pageOID="AL19040325.1.1" blockID="P1_CB00002" userID="[redacted]">
  <TextCorrectedLine lineID="P1_TL00788">
    <OldTextValue>•cott's Emulsion. Salt, pork</OldTextValue>
    <NewTextValue>Scott's Emulsion. Salt, pork</NewTextValue>
  </TextCorrectedLine>
</TextCorrectedBlock>
<TextCorrectedBlock pageOID="AL19040325.1.1" blockID="P1_TB00011" userID="[redacted]">
  <TextCorrectedLine lineID="P1_TL00102">
    <OldTextValue>Is estimated that logs enough are im-</OldTextValue>
    <NewTextValue>is estimated that logs enough are im-</NewTextValue>
  </TextCorrectedLine>
  <TextCorrectedLine lineID="P1_TL00103">
    <OldTextValue>bedded in .the sand of river bottoms to</OldTextValue>
    <NewTextValue>bedded in the sand of river bottoms to</NewTextValue>
  </TextCorrectedLine>
  <TextCorrectedLine lineID="P1_TL00104">
    <OldTextValue>keep mills running for yeara Under</OldTextValue>
    <NewTextValue>keep mills running for years.  Under</NewTextValue>
  </TextCorrectedLine>
</TextCorrectedBlock>
