<TextCorrectedBlock pageOID="AL19020418.1.2" blockID="P2_CB00001" userID="[redacted]">
  <TextCorrectedLine lineID="P2_TL00407">
    <OldTextValue>i . In Imported and Domestlo -. .</OldTextValue>
    <NewTextValue>In Imported and Domestic</NewTextValue>
  </TextCorrectedLine>
  <TextCorrectedLine lineID="P2_TL00408">
    <OldTextValue>Wines4iquors*Ciprs</OldTextValue>
    <NewTextValue>Wines Liquors  Cigars</NewTextValue>
  </TextCorrectedLine>
  <TextCorrectedLine lineID="P2_TL00409">
    <OldTextValue>JACKSON. CAL. &lt;; '•,</OldTextValue>
    <NewTextValue>JACKSON. CAL.</NewTextValue>
  </TextCorrectedLine>
</TextCorrectedBlock>
<TextCorrectedBlock pageOID="AL19020418.1.2" blockID="P2_CB00002" userID="[redacted]">
  <TextCorrectedLine lineID="P2_TL00446">
    <OldTextValue>60SM0P0LITHH LfQDOR STORI</OldTextValue>
    <NewTextValue>COSMOPOLITAN LIQUOR STORE</NewTextValue>
  </TextCorrectedLine>
  <TextCorrectedLine lineID="P2_TL00447">
    <OldTextValue>JACKSON 6ATE, CAL.</OldTextValue>
    <NewTextValue>JACKSON GATE, CAL.</NewTextValue>
  </TextCorrectedLine>
  <TextCorrectedLine lineID="P2_TL00450">
    <OldTextValue>&gt;-'~ I '• '. .t ~ . . . r</OldTextValue>
    <NewTextValue></NewTextValue>
  </TextCorrectedLine>
  <TextCorrectedLine lineID="P2_TL00451">
    <OldTextValue>' * ,'</OldTextValue>
    <NewTextValue></NewTextValue>
  </TextCorrectedLine>
  <TextCorrectedLine lineID="P2_TL00452">
    <OldTextValue>Selected Stock of Imported Goods. Choici</OldTextValue>
    <NewTextValue>Selected Stock of Imported Goods. Choice</NewTextValue>
  </TextCorrectedLine>
</TextCorrectedBlock>
