<TextCorrectedBlock pageOID="AL19031120.1.2" blockID="P2_CB00005" userID="[redacted]">
  <TextCorrectedLine lineID="P2_TL00771">
    <OldTextValue>UNION HOUSB</OldTextValue>
    <NewTextValue>UNION HOUSE</NewTextValue>
  </TextCorrectedLine>
  <TextCorrectedLine lineID="P2_TL00772">
    <OldTextValue>I I I Jackson, if</OldTextValue>
    <NewTextValue>Jackson,</NewTextValue>
  </TextCorrectedLine>
  <TextCorrectedLine lineID="P2_TL00773">
    <OldTextValue>• Arnador-CcS</OldTextValue>
    <NewTextValue>Amador-Co</NewTextValue>
  </TextCorrectedLine>
  <TextCorrectedLine lineID="P2_TL00774">
    <OldTextValue>Meals to Order at all Houiß</OldTextValue>
    <NewTextValue>Meals to Order at all Hours</NewTextValue>
  </TextCorrectedLine>
  <TextCorrectedLine lineID="P2_TL00775">
    <OldTextValue>— -REGULAR MEALS 25 CTS— - lf|</OldTextValue>
    <NewTextValue>— -REGULAR MEALS 25 CTS— -</NewTextValue>
  </TextCorrectedLine>
  <TextCorrectedLine lineID="P2_TL00776">
    <OldTextValue>Board aud Lodging by '■ the Daß</OldTextValue>
    <NewTextValue>Board and Lodging by the Day,</NewTextValue>
  </TextCorrectedLine>
  <TextCorrectedLine lineID="P2_TL00777">
    <OldTextValue>Week or Month. - X</OldTextValue>
    <NewTextValue>Week or Month.</NewTextValue>
  </TextCorrectedLine>
  <TextCorrectedLine lineID="P2_TL00779">
    <OldTextValue>| Bazaar Patterns I</OldTextValue>
    <NewTextValue>Bazaar Patterns</NewTextValue>
  </TextCorrectedLine>
  <TextCorrectedLine lineID="P2_TL00780">
    <OldTextValue>I Ladies', Misses' p</OldTextValue>
    <NewTextValue>Ladies', Misses'</NewTextValue>
  </TextCorrectedLine>
  <TextCorrectedLine lineID="P2_TL00781">
    <OldTextValue>J; and Children's shoes t|</OldTextValue>
    <NewTextValue>and Children's shoes</NewTextValue>
  </TextCorrectedLine>
  <TextCorrectedLine lineID="P2_TL00782">
    <OldTextValue>f shoes at reduced p</OldTextValue>
    <NewTextValue>shoes at reduced</NewTextValue>
  </TextCorrectedLine>
  <TextCorrectedLine lineID="P2_TL00783">
    <OldTextValue>| prices next week « l</OldTextValue>
    <NewTextValue>prices next week</NewTextValue>
  </TextCorrectedLine>
  <TextCorrectedLine lineID="P2_TL00784">
    <OldTextValue>fUiraiiil</OldTextValue>
    <NewTextValue>L. J. GLAVINOVICH</NewTextValue>
  </TextCorrectedLine>
  <TextCorrectedLine lineID="P2_TL00785">
    <OldTextValue>ji I keep a large'- ||</OldTextValue>
    <NewTextValue>I keep a large</NewTextValue>
  </TextCorrectedLine>
  <TextCorrectedLine lineID="P2_TL00786">
    <OldTextValue>;i stock of Fresh Groceries; ||</OldTextValue>
    <NewTextValue>stock of Fresh Groceries.</NewTextValue>
  </TextCorrectedLine>
  <TextCorrectedLine lineID="P2_TL00787">
    <OldTextValue>I Coi\llain and Court Sts.</OldTextValue>
    <NewTextValue>Cor. Main and Court Sts.</NewTextValue>
  </TextCorrectedLine>
  <TextCorrectedLine lineID="P2_TL00788">
    <OldTextValue>m Jackson, Cal. v ,</OldTextValue>
    <NewTextValue>Jackson, Cal.</NewTextValue>
  </TextCorrectedLine>
  <TextCorrectedLine lineID="P2_TL00789">
    <OldTextValue>• j£?"i mayl *</OldTextValue>
    <NewTextValue>may 1</NewTextValue>
  </TextCorrectedLine>
  <TextCorrectedLine lineID="P2_TL00790">
    <OldTextValue>•♦♦♦♦^♦♦♦♦^♦♦♦♦^♦♦♦♦^♦♦♦^</OldTextValue>
    <NewTextValue></NewTextValue>
  </TextCorrectedLine>
  <TextCorrectedLine lineID="P2_TL00791">
    <OldTextValue>; NATIONAL'^</OldTextValue>
    <NewTextValue>NATIONAL</NewTextValue>
  </TextCorrectedLine>
  <TextCorrectedLine lineID="P2_TL00792">
    <OldTextValue>Shaving -Parlor*</OldTextValue>
    <NewTextValue>Shaving Parlors</NewTextValue>
  </TextCorrectedLine>
  <TextCorrectedLine lineID="P2_TL00793">
    <OldTextValue>•fa J. Neatest Place in</OldTextValue>
    <NewTextValue>Neatest Place in</NewTextValue>
  </TextCorrectedLine>
  <TextCorrectedLine lineID="P2_TL00794">
    <OldTextValue>,* r the Mountain</OldTextValue>
    <NewTextValue>the Mountain</NewTextValue>
  </TextCorrectedLine>
  <TextCorrectedLine lineID="P2_TL00795">
    <OldTextValue>—EVERYTHING NEW AND UP-10-DAIH-</OldTextValue>
    <NewTextValue>—EVERYTHING NEW AND UP-TO-DATE-</NewTextValue>
  </TextCorrectedLine>
  <TextCorrectedLine lineID="P2_TL00799">
    <OldTextValue>shoes shioed ,by a careful and p(</OldTextValue>
    <NewTextValue>shoes shined ,by a careful and po-</NewTextValue>
  </TextCorrectedLine>
  <TextCorrectedLine lineID="P2_TL00802">
    <OldTextValue>Frank Valvo • -^ Prop</OldTextValue>
    <NewTextValue>Frank Valvo       Prop</NewTextValue>
  </TextCorrectedLine>
  <TextCorrectedLine lineID="P2_TL00803">
    <OldTextValue>•••••••••••••••••••••••••I</OldTextValue>
    <NewTextValue></NewTextValue>
  </TextCorrectedLine>
  <TextCorrectedLine lineID="P2_TL00804">
    <OldTextValue>Illlil</OldTextValue>
    <NewTextValue>Y. M. B. I. Y. W. I.</NewTextValue>
  </TextCorrectedLine>
  <TextCorrectedLine lineID="P2_TL00805">
    <OldTextValue>2 , What does it mean? J</OldTextValue>
    <NewTextValue>What does it mean?</NewTextValue>
  </TextCorrectedLine>
  <TextCorrectedLine lineID="P2_TL00806">
    <OldTextValue>• It means "Your money &lt;</OldTextValue>
    <NewTextValue>It means "Your money</NewTextValue>
  </TextCorrectedLine>
  <TextCorrectedLine lineID="P2_TL00807">
    <OldTextValue>c' back if you want it." ■!</OldTextValue>
    <NewTextValue>back if you want it."</NewTextValue>
  </TextCorrectedLine>
  <TextCorrectedLine lineID="P2_TL00808">
    <OldTextValue>2 v We have *no desire to ]</OldTextValue>
    <NewTextValue>We have *no desire to</NewTextValue>
  </TextCorrectedLine>
  <TextCorrectedLine lineID="P2_TL00809">
    <OldTextValue>• have you keep our goods &lt;</OldTextValue>
    <NewTextValue>have you keep our goods</NewTextValue>
  </TextCorrectedLine>
  <TextCorrectedLine lineID="P2_TL00810">
    <OldTextValue>«. unless ,you prefer them!</OldTextValue>
    <NewTextValue>unless you prefer them!</NewTextValue>
  </TextCorrectedLine>
  <TextCorrectedLine lineID="P2_TL00811">
    <OldTextValue>2 for the money paid us. \</OldTextValue>
    <NewTextValue>for the money paid us.</NewTextValue>
  </TextCorrectedLine>
  <TextCorrectedLine lineID="P2_TL00812">
    <OldTextValue>• If for any reason you j</OldTextValue>
    <NewTextValue>If for any reason you</NewTextValue>
  </TextCorrectedLine>
  <TextCorrectedLine lineID="P2_TL00813">
    <OldTextValue>2 are dissatisfied! or chancre !</OldTextValue>
    <NewTextValue>are dissatisfied, or change</NewTextValue>
  </TextCorrectedLine>
  <TextCorrectedLine lineID="P2_TL00814">
    <OldTextValue>• • . &lt;</OldTextValue>
    <NewTextValue></NewTextValue>
  </TextCorrectedLine>
  <TextCorrectedLine lineID="P2_TL00815">
    <OldTextValue>2 your mind and "need the J</OldTextValue>
    <NewTextValue>your mind and need the</NewTextValue>
  </TextCorrectedLine>
  <TextCorrectedLine lineID="P2_TL00816">
    <OldTextValue>• money," remember, that J</OldTextValue>
    <NewTextValue>money," remember, that</NewTextValue>
  </TextCorrectedLine>
  <TextCorrectedLine lineID="P2_TL00817">
    <OldTextValue>: 1 . 1 D. .I . 11. I. i</OldTextValue>
    <NewTextValue>Y. M. B. I. Y. W. I.</NewTextValue>
  </TextCorrectedLine>
  <TextCorrectedLine lineID="P2_TL00818">
    <OldTextValue>• ; '•</OldTextValue>
    <NewTextValue></NewTextValue>
  </TextCorrectedLine>
  <TextCorrectedLine lineID="P2_TL00819">
    <OldTextValue>• CITY PHARMACY •</OldTextValue>
    <NewTextValue>CITY PHARMACY</NewTextValue>
  </TextCorrectedLine>
  <TextCorrectedLine lineID="P2_TL00820">
    <OldTextValue>2 ROBT. I. KERB «</OldTextValue>
    <NewTextValue>ROBT. I. KERR</NewTextValue>
  </TextCorrectedLine>
  <TextCorrectedLine lineID="P2_TL00821">
    <OldTextValue>• JACKSON - .- .Xi-- CAL. •</OldTextValue>
    <NewTextValue>JACKSON  - - - CAL.</NewTextValue>
  </TextCorrectedLine>
  <TextCorrectedLine lineID="P2_TL00822">
    <OldTextValue>••••••••••••••••••••••••a*</OldTextValue>
    <NewTextValue></NewTextValue>
  </TextCorrectedLine>
  <TextCorrectedLine lineID="P2_TL00823">
    <OldTextValue>Hugh Casey</OldTextValue>
    <NewTextValue>Hugh Casey       WHOLESALE  LIQUOR DEALER</NewTextValue>
  </TextCorrectedLine>
  <TextCorrectedLine lineID="P2_TL00824">
    <OldTextValue>sp ™ WHOLESALE</OldTextValue>
    <NewTextValue>Specialties</NewTextValue>
  </TextCorrectedLine>
  <TextCorrectedLine lineID="P2_TL00826">
    <OldTextValue>Hermitage " I IflHflD</OldTextValue>
    <NewTextValue>Hermitage "</NewTextValue>
  </TextCorrectedLine>
  <TextCorrectedLine lineID="P2_TL00827">
    <OldTextValue>olacrow .. LIUUUK</OldTextValue>
    <NewTextValue>Old Crow   "</NewTextValue>
  </TextCorrectedLine>
  <TextCorrectedLine lineID="P2_TL00828">
    <OldTextValue>sichwood " nrni m</OldTextValue>
    <NewTextValue>Richwood    "</NewTextValue>
  </TextCorrectedLine>
  <TextCorrectedLine lineID="P2_TL00829">
    <OldTextValue>A -Keller " H[HI T X</OldTextValue>
    <NewTextValue>A. Keller    "</NewTextValue>
  </TextCorrectedLine>
  <TextCorrectedLine lineID="P2_TL00830">
    <OldTextValue>Melwood "</OldTextValue>
    <NewTextValue>Melwood  "</NewTextValue>
  </TextCorrectedLine>
  <TextCorrectedLine lineID="P2_TL00831">
    <OldTextValue>Nnttwood ;.",•- Sacramento</OldTextValue>
    <NewTextValue>Nuttwood  "</NewTextValue>
  </TextCorrectedLine>
  <TextCorrectedLine lineID="P2_TL00832">
    <OldTextValue>Finch's! Weddingßye . Cal.</OldTextValue>
    <NewTextValue>Finch's! Wedding Rye</NewTextValue>
  </TextCorrectedLine>
  <TextCorrectedLine lineID="P2_TL00833">
    <OldTextValue>-■ .'■■ ":„-"■*■ "»-"-■ ■■,'. &lt;.v.</OldTextValue>
    <NewTextValue>Sacramento, Cal.</NewTextValue>
  </TextCorrectedLine>
  <TextCorrectedLine lineID="P2_TL00834">
    <OldTextValue>■ &gt; ■*-</OldTextValue>
    <NewTextValue></NewTextValue>
  </TextCorrectedLine>
  <TextCorrectedLine lineID="P2_TL00842">
    <OldTextValue>For further information address * t</OldTextValue>
    <NewTextValue>For further information address</NewTextValue>
  </TextCorrectedLine>
  <TextCorrectedLine lineID="P2_TL00843">
    <OldTextValue>*plO-tt SISTER SUPERIOR,</OldTextValue>
    <NewTextValue>SISTER SUPERIOR,</NewTextValue>
  </TextCorrectedLine>
</TextCorrectedBlock>
<TextCorrectedBlock pageOID="AL19031120.1.2" blockID="P2_CB00005" userID="[redacted]">
  <TextCorrectedLine lineID="P2_TL00832">
    <OldTextValue>Finch's! Wedding Rye</OldTextValue>
    <NewTextValue>Finch's  Wedding Rye</NewTextValue>
  </TextCorrectedLine>
</TextCorrectedBlock>
<TextCorrectedBlock pageOID="AL19031120.1.2" blockID="P2_CB00006" userID="[redacted]">
  <TextCorrectedLine lineID="P2_TL00844">
    <OldTextValue>; Buggy Harness</OldTextValue>
    <NewTextValue>Buggy Harness</NewTextValue>
  </TextCorrectedLine>
  <TextCorrectedLine lineID="P2_TL00845">
    <OldTextValue>. . . . SINGLE ....</OldTextValue>
    <NewTextValue>. . . SINGLE ....</NewTextValue>
  </TextCorrectedLine>
  <TextCorrectedLine lineID="P2_TL00848">
    <OldTextValue>PUIXCARDO</OldTextValue>
    <NewTextValue>P. PICCARDO</NewTextValue>
  </TextCorrectedLine>
  <TextCorrectedLine lineID="P2_TL00849">
    <OldTextValue>[ Buggy. Robes</OldTextValue>
    <NewTextValue>Buggy  Robes</NewTextValue>
  </TextCorrectedLine>
  <TextCorrectedLine lineID="P2_TL00850">
    <OldTextValue>\l from $2.50 up</OldTextValue>
    <NewTextValue>from $2.50 up</NewTextValue>
  </TextCorrectedLine>
  <TextCorrectedLine lineID="P2_TL00851">
    <OldTextValue>£ JACKSON -;,r - " " CAL.</OldTextValue>
    <NewTextValue>JACKSON  - - - CAL.</NewTextValue>
  </TextCorrectedLine>
  <TextCorrectedLine lineID="P2_TL00854">
    <OldTextValue>.--".'•' In Imported and Domestic</OldTextValue>
    <NewTextValue>In Imported and Domestic</NewTextValue>
  </TextCorrectedLine>
  <TextCorrectedLine lineID="P2_TL00855">
    <OldTextValue>Wines*Liqnors*Cigars</OldTextValue>
    <NewTextValue>Wines    Liquors   Cigars</NewTextValue>
  </TextCorrectedLine>
  <TextCorrectedLine lineID="P2_TL00859">
    <OldTextValue>and Private Cv vee Champagne ; Morgan Bros.,</OldTextValue>
    <NewTextValue>and Private Cuvee Champagne ; Morgan Bros.,</NewTextValue>
  </TextCorrectedLine>
  <TextCorrectedLine lineID="P2_TL00873">
    <OldTextValue>| State House I</OldTextValue>
    <NewTextValue>State House</NewTextValue>
  </TextCorrectedLine>
  <TextCorrectedLine lineID="P2_TL00874">
    <OldTextValue>• ••••••• 11\J Lvl ••••••• •</OldTextValue>
    <NewTextValue>Hotel</NewTextValue>
  </TextCorrectedLine>
  <TextCorrectedLine lineID="P2_TL00875">
    <OldTextValue>• \- '&lt;*"- • i-V'V- . : ; *</OldTextValue>
    <NewTextValue></NewTextValue>
  </TextCorrectedLine>
  <TextCorrectedLine lineID="P2_TL00876">
    <OldTextValue>1 10th &amp;X Sts., Sacramento S</OldTextValue>
    <NewTextValue>10th &amp; K Sts., Sacramento</NewTextValue>
  </TextCorrectedLine>
  <TextCorrectedLine lineID="P2_TL00877">
    <OldTextValue>2 Free Bus to and from Hotel. *</OldTextValue>
    <NewTextValue>Free Bus to and from Hotel.</NewTextValue>
  </TextCorrectedLine>
  <TextCorrectedLine lineID="P2_TL00878">
    <OldTextValue>•. / Special rates to families and- ; '. •</OldTextValue>
    <NewTextValue>Special rates to families and</NewTextValue>
  </TextCorrectedLine>
  <TextCorrectedLine lineID="P2_TL00879">
    <OldTextValue>J largo parties. 2</OldTextValue>
    <NewTextValue>large parties.</NewTextValue>
  </TextCorrectedLine>
  <TextCorrectedLine lineID="P2_TL00880">
    <OldTextValue>2 Rates $1.00, $1.25, $1.50 S 2</OldTextValue>
    <NewTextValue>Rates $1.00, $1.25, $1.50 &amp;</NewTextValue>
  </TextCorrectedLine>
  <TextCorrectedLine lineID="P2_TL00881">
    <OldTextValue>2 -$2.00 per day. 2</OldTextValue>
    <NewTextValue>-$2.00 per day.</NewTextValue>
  </TextCorrectedLine>
  <TextCorrectedLine lineID="P2_TL00882">
    <OldTextValue>2 Hoadquartora foF Amador county 2</OldTextValue>
    <NewTextValue>Headquarters for Amador county</NewTextValue>
  </TextCorrectedLine>
  <TextCorrectedLine lineID="P2_TL00883">
    <OldTextValue>0 people. Packages cared for ■■"» •</OldTextValue>
    <NewTextValue>people. Packages cared for</NewTextValue>
  </TextCorrectedLine>
  <TextCorrectedLine lineID="P2_TL00884">
    <OldTextValue>• free of charge. •</OldTextValue>
    <NewTextValue>free of charge.</NewTextValue>
  </TextCorrectedLine>
  <TextCorrectedLine lineID="P2_TL00885">
    <OldTextValue>2 . '■*- MEALS 25 CENTS -3* .-• 2</OldTextValue>
    <NewTextValue>MEALS 25 CENTS</NewTextValue>
  </TextCorrectedLine>
  <TextCorrectedLine lineID="P2_TL00886">
    <OldTextValue>• Amador Ledger received every •</OldTextValue>
    <NewTextValue>Amador Ledger received every</NewTextValue>
  </TextCorrectedLine>
  <TextCorrectedLine lineID="P2_TL00887">
    <OldTextValue>2 Sunday. Phono No. 101. " 2</OldTextValue>
    <NewTextValue>Sunday. Phone No. 101.</NewTextValue>
  </TextCorrectedLine>
  <TextCorrectedLine lineID="P2_TL00888">
    <OldTextValue>! J. L. Flanagan, Manager 2</OldTextValue>
    <NewTextValue>J. L. Flanagan, Manager</NewTextValue>
  </TextCorrectedLine>
  <TextCorrectedLine lineID="P2_TL00889">
    <OldTextValue>Z myjll Z</OldTextValue>
    <NewTextValue></NewTextValue>
  </TextCorrectedLine>
  <TextCorrectedLine lineID="P2_TL00890">
    <OldTextValue>•••••••••••••••••••••••••a</OldTextValue>
    <NewTextValue></NewTextValue>
  </TextCorrectedLine>
  <TextCorrectedLine lineID="P2_TL00891">
    <OldTextValue>tt»ECEIPT COOKS for rent or general pnr-</OldTextValue>
    <NewTextValue>RECEIPT COOKS for rent or general pur-</NewTextValue>
  </TextCorrectedLine>
  <TextCorrectedLine lineID="P2_TL00892">
    <OldTextValue>xv&gt; poses, In books of 50 or luo each, for sale at</OldTextValue>
    <NewTextValue>poses, In books of 50 or 100 each, for sale at</NewTextValue>
  </TextCorrectedLine>
  <TextCorrectedLine lineID="P2_TL00893">
    <OldTextValue>the% Lodger office. Specially priuted for Ama-</OldTextValue>
    <NewTextValue>the Lodger office. Specially printed for Ama-</NewTextValue>
  </TextCorrectedLine>
  <TextCorrectedLine lineID="P2_TL00894">
    <OldTextValue>doij connty. 35c per 10Q .receipts, 15b tor 50,</OldTextValue>
    <NewTextValue>dor county. 35c per 100 receipts, 15c tor 50,</NewTextValue>
  </TextCorrectedLine>
</TextCorrectedBlock>
<TextCorrectedBlock pageOID="AL19031120.1.2" blockID="P2_CB00004" userID="[redacted]">
  <TextCorrectedLine lineID="P2_TL00723">
    <OldTextValue>VrOTIGE IS HEREBY GIVEN THAT NEIL</OldTextValue>
    <NewTextValue>NOTICE IS HEREBY GIVEN THAT NEIL</NewTextValue>
  </TextCorrectedLine>
  <TextCorrectedLine lineID="P2_TL00724">
    <OldTextValue>J-' A. McQUARRIE, heretofore convicted of</OldTextValue>
    <NewTextValue>J. A. McQUARRIE, heretofore convicted of</NewTextValue>
  </TextCorrectedLine>
  <TextCorrectedLine lineID="P2_TL00725">
    <OldTextValue>tho crime of forgery in the couuty of Amador,</OldTextValue>
    <NewTextValue>the crime of forgery in the county of Amador,</NewTextValue>
  </TextCorrectedLine>
  <TextCorrectedLine lineID="P2_TL00727">
    <OldTextValue>Parole Commissioners of theS,tate of California</OldTextValue>
    <NewTextValue>Parole Commissioners of the State of California</NewTextValue>
  </TextCorrectedLine>
  <TextCorrectedLine lineID="P2_TL00728">
    <OldTextValue>to be admitted to parole, at a Ume not before</OldTextValue>
    <NewTextValue>to be admitted to parole, at a time not before</NewTextValue>
  </TextCorrectedLine>
  <TextCorrectedLine lineID="P2_TL00729">
    <OldTextValue>two weeks utter the flrst publication of this</OldTextValue>
    <NewTextValue>two weeks after the flrst publication of this</NewTextValue>
  </TextCorrectedLine>
  <TextCorrectedLine lineID="P2_TL00730">
    <OldTextValue>notice. O** • -</OldTextValue>
    <NewTextValue>notice.</NewTextValue>
  </TextCorrectedLine>
  <TextCorrectedLine lineID="P2_TL00731">
    <OldTextValue>Dated Nov. 4th,' 1903. - I i</OldTextValue>
    <NewTextValue>Dated Nov. 4th, 1903.</NewTextValue>
  </TextCorrectedLine>
  <TextCorrectedLine lineID="P2_TL00732">
    <OldTextValue>no6-2t . /ttEII. A. McQUARRIE.</OldTextValue>
    <NewTextValue>NEIL. A. McQUARRIE.</NewTextValue>
  </TextCorrectedLine>
  <TextCorrectedLine lineID="P2_TL00733">
    <OldTextValue>I iIiJR II</OldTextValue>
    <NewTextValue>TAX NOTICE 1903</NewTextValue>
  </TextCorrectedLine>
  <TextCorrectedLine lineID="P2_TL00738">
    <OldTextValue>I'AXk</OldTextValue>
    <NewTextValue>1903.</NewTextValue>
  </TextCorrectedLine>
  <TextCorrectedLine lineID="P2_TL00742">
    <OldTextValue>11XM. and</OldTextValue>
    <NewTextValue>1904. and</NewTextValue>
  </TextCorrectedLine>
  <TextCorrectedLine lineID="P2_TL00743">
    <OldTextValue>Ist. That the taxes on all personal property</OldTextValue>
    <NewTextValue>1st. That the taxes on all personal property</NewTextValue>
  </TextCorrectedLine>
  <TextCorrectedLine lineID="P2_TL00747">
    <OldTextValue>.Second Monday In October. -'•'</OldTextValue>
    <NewTextValue>Second Monday in October.</NewTextValue>
  </TextCorrectedLine>
  <TextCorrectedLine lineID="P2_TL00749">
    <OldTextValue>Last Monday In November</OldTextValue>
    <NewTextValue>Last Monday in November</NewTextValue>
  </TextCorrectedLine>
  <TextCorrectedLine lineID="P2_TL00755">
    <OldTextValue>at ..?y cI ?S k PM - on additional Hve percent</OldTextValue>
    <NewTextValue>at  6 o'clock P. M. - on additional five percent</NewTextValue>
  </TextCorrectedLine>
  <TextCorrectedLine lineID="P2_TL00757">
    <OldTextValue>of the taxes on all real property -will bo payable</OldTextValue>
    <NewTextValue>of the taxes on all real property will be payable</NewTextValue>
  </TextCorrectedLine>
  <TextCorrectedLine lineID="P2_TL00758">
    <OldTextValue>on and after tho . .</OldTextValue>
    <NewTextValue>on and after the</NewTextValue>
  </TextCorrectedLine>
  <TextCorrectedLine lineID="P2_TL00759">
    <OldTextValue>First Monday lit January,</OldTextValue>
    <NewTextValue>First Monday in January,</NewTextValue>
  </TextCorrectedLine>
</TextCorrectedBlock>
