<TextCorrectedBlock pageOID="AL19000427.1.3" blockID="P3_TB00080" userID="[redacted]">
  <TextCorrectedLine lineID="P3_TL00511">
    <OldTextValue>at' Big Oak Flat, Tuolumne county,</OldTextValue>
    <NewTextValue>at Big Oak Flat, Tuolumne county,</NewTextValue>
  </TextCorrectedLine>
  <TextCorrectedLine lineID="P3_TL00512">
    <OldTextValue>blew, the top of his head oS with a</OldTextValue>
    <NewTextValue>blew, the top of his head off with a</NewTextValue>
  </TextCorrectedLine>
  <TextCorrectedLine lineID="P3_TL00513">
    <OldTextValue>•riant cartridge in a stope in the mine.</OldTextValue>
    <NewTextValue>giant cartridge in a stope in the mine.</NewTextValue>
  </TextCorrectedLine>
</TextCorrectedBlock>
<TextCorrectedBlock pageOID="AL19000427.1.1" blockID="P1_TB00005" userID="[redacted]">
  <TextCorrectedLine lineID="P1_TL00016">
    <OldTextValue>1 FATAL AOGIDERT AT THE MWHIDE MINE</OldTextValue>
    <NewTextValue>A FATAL ACCIDENT AT THE RAWHIDE MINE</NewTextValue>
  </TextCorrectedLine>
</TextCorrectedBlock>
<TextCorrectedBlock pageOID="AL19000427.1.1" blockID="P1_TB00047" userID="[redacted]">
  <TextCorrectedLine lineID="P1_TL00451">
    <OldTextValue>Citizen. San Andreas. April 21. I.mi.</OldTextValue>
    <NewTextValue>Citizen. San Andreas. April 21, 1900</NewTextValue>
  </TextCorrectedLine>
</TextCorrectedBlock>
<TextCorrectedBlock pageOID="AL19000427.1.1" blockID="P1_TB00046" userID="[redacted]">
  <TextCorrectedLine lineID="P1_TL00379">
    <OldTextValue>county, and a wideljr known marblncut-</OldTextValue>
    <NewTextValue>county, and a widely known marblecut-</NewTextValue>
  </TextCorrectedLine>
  <TextCorrectedLine lineID="P1_TL00380">
    <OldTextValue>ter, who was in i business* in : Angels</OldTextValue>
    <NewTextValue>ter, who was in business in Angels</NewTextValue>
  </TextCorrectedLine>
  <TextCorrectedLine lineID="P1_TL00385">
    <OldTextValue>many respects a.uniquo one. Taylor</OldTextValue>
    <NewTextValue>many respects a.unique one. Taylor</NewTextValue>
  </TextCorrectedLine>
  <TextCorrectedLine lineID="P1_TL00389">
    <OldTextValue>John Carl^y, the undertaker, for tho</OldTextValue>
    <NewTextValue>John Carley, the undertaker, for tho</NewTextValue>
  </TextCorrectedLine>
</TextCorrectedBlock>
<TextCorrectedBlock pageOID="AL19000427.1.1" blockID="P1_TB00054" userID="[redacted]">
  <TextCorrectedLine lineID="P1_TL00509">
    <OldTextValue>Prospect, San Andreas, April 31, MM.</OldTextValue>
    <NewTextValue>Prospect, San Andreas, April 31, 1900</NewTextValue>
  </TextCorrectedLine>
</TextCorrectedBlock>
<TextCorrectedBlock pageOID="AL19000427.1.1" blockID="P1_TB00002" userID="[redacted]">
  <TextCorrectedLine lineID="P1_TL00006">
    <OldTextValue>Gardner. Tho injured roan has been</OldTextValue>
    <NewTextValue>Gardner. Tho injured man has been</NewTextValue>
  </TextCorrectedLine>
  <TextCorrectedLine lineID="P1_TL00007">
    <OldTextValue>unconscious and. delirious for tho past</OldTextValue>
    <NewTextValue>unconscious and delirious for tho past</NewTextValue>
  </TextCorrectedLine>
  <TextCorrectedLine lineID="P1_TL00008">
    <OldTextValue>eight, days. In his delirium ho ravee,</OldTextValue>
    <NewTextValue>eight, days. In his delirium he raves,</NewTextValue>
  </TextCorrectedLine>
  <TextCorrectedLine lineID="P1_TL00009">
    <OldTextValue>sings mid tears everything within</OldTextValue>
    <NewTextValue>sings and tears everything within</NewTextValue>
  </TextCorrectedLine>
  <TextCorrectedLine lineID="P1_TL00013">
    <OldTextValue>for tbe aHicted man.</OldTextValue>
    <NewTextValue>for tbe afflcted man.</NewTextValue>
  </TextCorrectedLine>
</TextCorrectedBlock>
<TextCorrectedBlock pageOID="AL19000427.1.1" blockID="P1_TB00084" userID="[redacted]">
  <TextCorrectedLine lineID="P1_TL00759">
    <OldTextValue>Congressman Land's, writing 'in</OldTextValue>
    <NewTextValue>Congressman Landis, writing in</NewTextValue>
  </TextCorrectedLine>
</TextCorrectedBlock>
<TextCorrectedBlock pageOID="AL19000427.1.1" blockID="P1_TB00011" userID="[redacted]">
  <TextCorrectedLine lineID="P1_TL00052">
    <OldTextValue>States; enough, it has been st;it&lt; &gt;", tv.</OldTextValue>
    <NewTextValue>States; enough, it has been stated, to</NewTextValue>
  </TextCorrectedLine>
</TextCorrectedBlock>
<TextCorrectedBlock pageOID="AL19000427.1.2" blockID="P2_TB00001" userID="[redacted]">
  <TextCorrectedLine lineID="P2_TL00001">
    <OldTextValue>THE AMAp©R iLEDGER</OldTextValue>
    <NewTextValue>THE AMADOR LEDGER</NewTextValue>
  </TextCorrectedLine>
  <TextCorrectedLine lineID="P2_TL00007">
    <OldTextValue>-Six Months,. ..-. 1 25</OldTextValue>
    <NewTextValue>Six Months,. ..-. 1 25</NewTextValue>
  </TextCorrectedLine>
  <TextCorrectedLine lineID="P2_TL00008">
    <OldTextValue>r • Three Months .'. 75</OldTextValue>
    <NewTextValue>Three Months .'. 75</NewTextValue>
  </TextCorrectedLine>
  <TextCorrectedLine lineID="P2_TL00010">
    <OldTextValue>; Legal ADVERTisiNG^Per Square— First Insertion. $1 00</OldTextValue>
    <NewTextValue>Legal ADVERTISING Per Square— First Insertion. $1 00</NewTextValue>
  </TextCorrectedLine>
</TextCorrectedBlock>
<TextCorrectedBlock pageOID="AL19000427.1.2" blockID="P2_TB00018" userID="[redacted]">
  <TextCorrectedLine lineID="P2_TL00363">
    <OldTextValue>Decides How i Republican Delegates Snail</OldTextValue>
    <NewTextValue>Decides How Republican Delegates Shall</NewTextValue>
  </TextCorrectedLine>
  <TextCorrectedLine lineID="P2_TL00364">
    <OldTextValue>: be^ Chosen.'; i '.</OldTextValue>
    <NewTextValue>be Chosen..</NewTextValue>
  </TextCorrectedLine>
  <TextCorrectedLine lineID="P2_TL00365">
    <OldTextValue>. P April 26, 1900.</OldTextValue>
    <NewTextValue>April 26, 1900.</NewTextValue>
  </TextCorrectedLine>
</TextCorrectedBlock>
<TextCorrectedBlock pageOID="AL19000427.1.2" blockID="P2_TB00017" userID="[redacted]">
  <TextCorrectedLine lineID="P2_TL00288">
    <OldTextValue>The Chairman, Hon. E. C. Voqi-</OldTextValue>
    <NewTextValue>The Chairman, Hon. E. C. Voor-</NewTextValue>
  </TextCorrectedLine>
</TextCorrectedBlock>
<TextCorrectedBlock pageOID="AL19000427.1.2" blockID="P2_TB00009" userID="[redacted]">
  <TextCorrectedLine lineID="P2_TL00192">
    <OldTextValue>Santa CRUZfCaI.^ April^l4, i960!</OldTextValue>
    <NewTextValue>Santa CRUZ CaI.,  April l4, 1900.</NewTextValue>
  </TextCorrectedLine>
  <TextCorrectedLine lineID="P2_TL00193">
    <OldTextValue>Mr. &lt;3eorge /A. Gordon, County Su-</OldTextValue>
    <NewTextValue>Mr. George A. Gordon, County Su-</NewTextValue>
  </TextCorrectedLine>
  <TextCorrectedLine lineID="P2_TL00194">
    <OldTextValue>perintendent 1^ of Amador. I .* County.</OldTextValue>
    <NewTextValue>perintendent of Amador County.</NewTextValue>
  </TextCorrectedLine>
</TextCorrectedBlock>
<TextCorrectedBlock pageOID="AL19000427.1.2" blockID="P2_TB00009" userID="[redacted]">
  <TextCorrectedLine lineID="P2_TL00192">
    <OldTextValue>Santa CRUZ CaI.,  April l4, 1900.</OldTextValue>
    <NewTextValue>Santa CRUZ CaI.,  April 14, 1900.</NewTextValue>
  </TextCorrectedLine>
</TextCorrectedBlock>
<TextCorrectedBlock pageOID="AL19000427.1.2" blockID="P2_CB00001" userID="[redacted]">
  <TextCorrectedLine lineID="P2_TL00656">
    <OldTextValue>j - ?-*• \</OldTextValue>
    <NewTextValue></NewTextValue>
  </TextCorrectedLine>
</TextCorrectedBlock>
<TextCorrectedBlock pageOID="AL19000427.1.2" blockID="P2_CB00001" userID="[redacted]">
  <TextCorrectedLine lineID="P2_TL00662">
    <OldTextValue>"VTOTICE IS HEREBY GIVEN THAT AT</OldTextValue>
    <NewTextValue>"NOTICE IS HEREBY GIVEN THAT AT</NewTextValue>
  </TextCorrectedLine>
  <TextCorrectedLine lineID="P2_TL00663">
    <OldTextValue>JJI a meeting of the Board of Directors, held</OldTextValue>
    <NewTextValue>a meeting of the Board of Directors, held</NewTextValue>
  </TextCorrectedLine>
</TextCorrectedBlock>
<TextCorrectedBlock pageOID="AL19000427.1.2" blockID="P2_CB00003" userID="[redacted]">
  <TextCorrectedLine lineID="P2_TL00800">
    <OldTextValue>Spll, Stales</OldTextValue>
    <NewTextValue>Union Stables</NewTextValue>
  </TextCorrectedLine>
  <TextCorrectedLine lineID="P2_TL00801">
    <OldTextValue>**•»** Under Webb Hall *</OldTextValue>
    <NewTextValue>Under Webb Hall</NewTextValue>
  </TextCorrectedLine>
  <TextCorrectedLine lineID="P2_TL00803">
    <OldTextValue>■-lr~ M. HEWMAH, Prop.</OldTextValue>
    <NewTextValue>M. NEWMAN, Prop.</NewTextValue>
  </TextCorrectedLine>
  <TextCorrectedLine lineID="P2_TL00808">
    <OldTextValue>.*■ _ ,to Transient . Stock.</OldTextValue>
    <NewTextValue>* to Transient . Stock.</NewTextValue>
  </TextCorrectedLine>
  <TextCorrectedLine lineID="P2_TL00816">
    <OldTextValue>shop. Broadway. Jackson. ' , .</OldTextValue>
    <NewTextValue>shop. Broadway. Jackson.</NewTextValue>
  </TextCorrectedLine>
</TextCorrectedBlock>
