<TextCorrectedBlock pageOID="AL19080131.1.2" blockID="P2_CB00004" userID="[redacted]">
  <TextCorrectedLine lineID="P2_TL00367">
    <OldTextValue>||liK| ___|^*^^JJ For Infants find Children.</OldTextValue>
    <NewTextValue>CASTORIA For Infants find Children.  900 DROPS</NewTextValue>
  </TextCorrectedLine>
  <TextCorrectedLine lineID="P2_TL00368">
    <OldTextValue>X f A^fifl^' ie ou " aye</OldTextValue>
    <NewTextValue>The Kind You Have</NewTextValue>
  </TextCorrectedLine>
  <TextCorrectedLine lineID="P2_TL00369">
    <OldTextValue>llj^Sf^S Always Bought</OldTextValue>
    <NewTextValue>Always Bought</NewTextValue>
  </TextCorrectedLine>
</TextCorrectedBlock>
<TextCorrectedBlock pageOID="AL19080131.1.2" blockID="P2_CB00004" userID="[redacted]">
  <TextCorrectedLine lineID="P2_TL00377">
    <OldTextValue>iSsrl Aperfect Remedy foTConslip» : I l*lT</OldTextValue>
    <NewTextValue>A perfect Remedy for Constip»a-</NewTextValue>
  </TextCorrectedLine>
  <TextCorrectedLine lineID="P2_TL00378">
    <OldTextValue>E.S;S&lt;j tlon. Sour Storaach.Dlarrhota 1 l^ ■■ A.-^^.</OldTextValue>
    <NewTextValue>tlon. Sour Stomach, Diarrhoea</NewTextValue>
  </TextCorrectedLine>
  <TextCorrectedLine lineID="P2_TL00379">
    <OldTextValue>IrSSs Worms.Convu]sions.Fcverish- l^r rril lIVPI</OldTextValue>
    <NewTextValue>Worms.Convulsions, Feverish-</NewTextValue>
  </TextCorrectedLine>
  <TextCorrectedLine lineID="P2_TL00380">
    <OldTextValue>1. ~M ! Thirty Years</OldTextValue>
    <NewTextValue>ness and LOSS OF SLEEP, In Use for Over Thirty Years</NewTextValue>
  </TextCorrectedLine>
  <TextCorrectedLine lineID="P2_TL00381">
    <OldTextValue>Exact Copy of Wrapper. the oihtiuii goarini, n&lt;« Tami cm.</OldTextValue>
    <NewTextValue>35 Does - 35 Cents    Exact Copy of Wrapper.</NewTextValue>
  </TextCorrectedLine>
</TextCorrectedBlock>
<TextCorrectedBlock pageOID="AL19080131.1.2" blockID="P2_CB00004" userID="[redacted]">
  <TextCorrectedLine lineID="P2_TL00372">
    <OldTextValue>R|fi : Promotes DigestionJCfcerfd nf X\Atr</OldTextValue>
    <NewTextValue>R|fi : Promotes Digestion JCfcerfd nf X\Atr</NewTextValue>
  </TextCorrectedLine>
  <TextCorrectedLine lineID="P2_TL00374">
    <OldTextValue>fe^Ki, Not Narcotic, j I v(ij</OldTextValue>
    <NewTextValue>Not Narcotic,</NewTextValue>
  </TextCorrectedLine>
</TextCorrectedBlock>
<TextCorrectedBlock pageOID="AL19080131.1.2" blockID="P2_TB00001" userID="[redacted]">
  <TextCorrectedLine lineID="P2_TL00001">
    <OldTextValue>Feat of Which the Hardy Frjitiera-</OldTextValue>
    <NewTextValue>Feat of Which the Hardy Frontiers-</NewTextValue>
  </TextCorrectedLine>
  <TextCorrectedLine lineID="P2_TL00002">
    <OldTextValue>man Had No Recollection. V</OldTextValue>
    <NewTextValue>man Had No Recollection.</NewTextValue>
  </TextCorrectedLine>
  <TextCorrectedLine lineID="P2_TL00003">
    <OldTextValue>One of tho most notoil of the iVrdy</OldTextValue>
    <NewTextValue>One of the most noted of the hardy</NewTextValue>
  </TextCorrectedLine>
  <TextCorrectedLine lineID="P2_TL00004">
    <OldTextValue>western frontlcrnmen \xn* Kit Cafton,</OldTextValue>
    <NewTextValue>western frontiersmen was Kit Carson,</NewTextValue>
  </TextCorrectedLine>
  <TextCorrectedLine lineID="P2_TL00005">
    <OldTextValue>to whom, With Dnnlol Hooiic. beltbgs</OldTextValue>
    <NewTextValue>to whom, with Daniel Boone, belongs</NewTextValue>
  </TextCorrectedLine>
  <TextCorrectedLine lineID="P2_TL00006">
    <OldTextValue>the credit of liavlnjc nlwn.vn dealt f\lr-</OldTextValue>
    <NewTextValue>the credit of having always dealt fair-</NewTextValue>
  </TextCorrectedLine>
  <TextCorrectedLine lineID="P2_TL00007">
    <OldTextValue>ly with the various Indian tribes, Vis</OldTextValue>
    <NewTextValue>ly with the various Indian tribes, as</NewTextValue>
  </TextCorrectedLine>
  <TextCorrectedLine lineID="P2_TL00008">
    <OldTextValue>they themselves Acknowledged. T%e</OldTextValue>
    <NewTextValue>they themselves acknowledged. The</NewTextValue>
  </TextCorrectedLine>
  <TextCorrectedLine lineID="P2_TL00009">
    <OldTextValue>withdrawal of Catsdn by tiio KovcrV-</OldTextValue>
    <NewTextValue>withdrawal of Carson by the govern-</NewTextValue>
  </TextCorrectedLine>
  <TextCorrectedLine lineID="P2_TL00010">
    <OldTextValue>tnont wiih the cause of n grant wni.</OldTextValue>
    <NewTextValue>met was the cause of a great war.</NewTextValue>
  </TextCorrectedLine>
  <TextCorrectedLine lineID="P2_TL00011">
    <OldTextValue>&lt;^nptaln Henry Ininnn in his boolA</OldTextValue>
    <NewTextValue>Captaln Henry Inman in his book,</NewTextValue>
  </TextCorrectedLine>
  <TextCorrectedLine lineID="P2_TL00012">
    <OldTextValue>"The Old Snntn Fe Trnll," relates ni\</OldTextValue>
    <NewTextValue>"The Old Santa Fe Trail," relates an</NewTextValue>
  </TextCorrectedLine>
</TextCorrectedBlock>
<TextCorrectedBlock pageOID="AL19080131.1.2" blockID="P2_CB00002" userID="[redacted]">
  <TextCorrectedLine lineID="P2_TL00258">
    <OldTextValue>VV. U. lIIILLIPS,</OldTextValue>
    <NewTextValue>W. B. PHILLIPS,</NewTextValue>
  </TextCorrectedLine>
  <TextCorrectedLine lineID="P2_TL00260">
    <OldTextValue>UNDERTAKER &amp; EMBALMEf</OldTextValue>
    <NewTextValue>UNDERTAKER &amp; EMBALMER</NewTextValue>
  </TextCorrectedLine>
  <TextCorrectedLine lineID="P2_TL00261">
    <OldTextValue>PLYMOUTH,! CAt.</OldTextValue>
    <NewTextValue>PLYMOUTH,  CAL.</NewTextValue>
  </TextCorrectedLine>
  <TextCorrectedLine lineID="P2_TL00262">
    <OldTextValue>Calls promptly ultondfd to dny ornißht.</OldTextValue>
    <NewTextValue>Calls promptly attended to day or night.</NewTextValue>
  </TextCorrectedLine>
  <TextCorrectedLine lineID="P2_TL00263">
    <OldTextValue>FreotiKfldf purlor for fiiticraln.</OldTextValue>
    <NewTextValue>Free use of parlor for funerals.</NewTextValue>
  </TextCorrectedLine>
  <TextCorrectedLine lineID="P2_TL00264">
    <OldTextValue>A find and complete riocU of Coffin*, clot</OldTextValue>
    <NewTextValue>A fine and complete stock of Coffins, cloth</NewTextValue>
  </TextCorrectedLine>
  <TextCorrectedLine lineID="P2_TL00265">
    <OldTextValue>;mi«l plusli covered Casketa, conntnntl; on I »r</OldTextValue>
    <NewTextValue>and plush covered Caskets, constantly on hand</NewTextValue>
  </TextCorrectedLine>
  <TextCorrectedLine lineID="P2_TL00266">
    <OldTextValue>lit ri'iisonuliln price*. . . . fe«</OldTextValue>
    <NewTextValue>at reasonable prices.                   fe22</NewTextValue>
  </TextCorrectedLine>
  <TextCorrectedLine lineID="P2_TL00269">
    <OldTextValue>L. 11. Cook, Proprietor.</OldTextValue>
    <NewTextValue>L. H. Cook, Proprietor.</NewTextValue>
  </TextCorrectedLine>
  <TextCorrectedLine lineID="P2_TL00270">
    <OldTextValue>Refitted and renovated throiißhou!</OldTextValue>
    <NewTextValue>Refitted and renovated throughout</NewTextValue>
  </TextCorrectedLine>
  <TextCorrectedLine lineID="P2_TL00271">
    <OldTextValue>Beat of accommodation for connnurei;</OldTextValue>
    <NewTextValue>Best of accommodation for commercial</NewTextValue>
  </TextCorrectedLine>
  <TextCorrectedLine lineID="P2_TL00274">
    <OldTextValue>IVrinn reasonable. jnc</OldTextValue>
    <NewTextValue>Terms reasonable.             jne</NewTextValue>
  </TextCorrectedLine>
  <TextCorrectedLine lineID="P2_TL00275">
    <OldTextValue>♦♦•♦••^♦♦♦♦♦♦••♦♦♦♦»»»»&gt;</OldTextValue>
    <NewTextValue></NewTextValue>
  </TextCorrectedLine>
  <TextCorrectedLine lineID="P2_TL00277">
    <OldTextValue>"■■■■ ■ w:</OldTextValue>
    <NewTextValue></NewTextValue>
  </TextCorrectedLine>
  <TextCorrectedLine lineID="P2_TL00278">
    <OldTextValue>J I NEW MANAGEMENT.</OldTextValue>
    <NewTextValue>NEW MANAGEMENT.</NewTextValue>
  </TextCorrectedLine>
  <TextCorrectedLine lineID="P2_TL00279">
    <OldTextValue>I MRS. ANNIE HUHST....Prop'r</OldTextValue>
    <NewTextValue>MRS. ANNIE HUHST....Prop'r</NewTextValue>
  </TextCorrectedLine>
  <TextCorrectedLine lineID="P2_TL00280">
    <OldTextValue>; Board and Lodging</OldTextValue>
    <NewTextValue>Board and Lodging</NewTextValue>
  </TextCorrectedLine>
  <TextCorrectedLine lineID="P2_TL00281">
    <OldTextValue>J J AT REASONABLE RATES.</OldTextValue>
    <NewTextValue>AT REASONABLE RATES.</NewTextValue>
  </TextCorrectedLine>
  <TextCorrectedLine lineID="P2_TL00282">
    <OldTextValue>&lt;&gt; Sample Rooms. for Commer-</OldTextValue>
    <NewTextValue>Sample Rooms. for Commer-</NewTextValue>
  </TextCorrectedLine>
  <TextCorrectedLine lineID="P2_TL00283">
    <OldTextValue>!! clal Travelers.</OldTextValue>
    <NewTextValue>clal Travelers.</NewTextValue>
  </TextCorrectedLine>
  <TextCorrectedLine lineID="P2_TL00284">
    <OldTextValue>&lt; ; All Stages stop at this hotel.</OldTextValue>
    <NewTextValue>All Stages stop at this hotel.</NewTextValue>
  </TextCorrectedLine>
  <TextCorrectedLine lineID="P2_TL00285">
    <OldTextValue>! JACKSON ...CAL.</OldTextValue>
    <NewTextValue>JACKSON ...CAL.</NewTextValue>
  </TextCorrectedLine>
  <TextCorrectedLine lineID="P2_TL00286">
    <OldTextValue>| National * Hotel</OldTextValue>
    <NewTextValue>National   Hotel</NewTextValue>
  </TextCorrectedLine>
  <TextCorrectedLine lineID="P2_TL00287">
    <OldTextValue>Jackson," Amador connty, Cal.</OldTextValue>
    <NewTextValue>Jackson, Amador connty, Cal.</NewTextValue>
  </TextCorrectedLine>
  <TextCorrectedLine lineID="P2_TL00288">
    <OldTextValue>; H4-4</OldTextValue>
    <NewTextValue></NewTextValue>
  </TextCorrectedLine>
  <TextCorrectedLine lineID="P2_TL00289">
    <OldTextValue>! F. A. VOORHEIS, Proprietor</OldTextValue>
    <NewTextValue>F. A. VOORHEIS, Proprietor</NewTextValue>
  </TextCorrectedLine>
  <TextCorrectedLine lineID="P2_TL00290">
    <OldTextValue>j,; ... .-~^— • ■■ i^z~</OldTextValue>
    <NewTextValue></NewTextValue>
  </TextCorrectedLine>
  <TextCorrectedLine lineID="P2_TL00291">
    <OldTextValue>'|| Stage Office for all Points</OldTextValue>
    <NewTextValue>Stage Office for all Points</NewTextValue>
  </TextCorrectedLine>
  <TextCorrectedLine lineID="P2_TL00292">
    <OldTextValue> ILighted by electricity throughout</OldTextValue>
    <NewTextValue> Lighted by electricity throughout</NewTextValue>
  </TextCorrectedLine>
  <TextCorrectedLine lineID="P2_TL00293">
    <OldTextValue>h' • 'Commodious Sample Rooms for</OldTextValue>
    <NewTextValue>Commodious Sample Rooms for</NewTextValue>
  </TextCorrectedLine>
  <TextCorrectedLine lineID="P2_TL00294">
    <OldTextValue>li Commercial Travelers. aulB</OldTextValue>
    <NewTextValue>Commercial Travelers.      au18</NewTextValue>
  </TextCorrectedLine>
  <TextCorrectedLine lineID="P2_TL00296">
    <OldTextValue>THE HARNESS MAr</OldTextValue>
    <NewTextValue>THE HARNESS MAN</NewTextValue>
  </TextCorrectedLine>
  <TextCorrectedLine lineID="P2_TL00298">
    <OldTextValue>Has on hand v full line of Harne;</OldTextValue>
    <NewTextValue>Has on hand a full line of Harness</NewTextValue>
  </TextCorrectedLine>
  <TextCorrectedLine lineID="P2_TL00299">
    <OldTextValue>" and Hardess Fixtures, Saddles,</OldTextValue>
    <NewTextValue>and Hardess Fixtures, Saddles,</NewTextValue>
  </TextCorrectedLine>
  <TextCorrectedLine lineID="P2_TL00300">
    <OldTextValue>Bridles and Robes. Busies</OldTextValue>
    <NewTextValue>Bridles and Robes. Buggies</NewTextValue>
  </TextCorrectedLine>
  <TextCorrectedLine lineID="P2_TL00301">
    <OldTextValue>an:. Carriage tops made</OldTextValue>
    <NewTextValue>and Carriage tops made</NewTextValue>
  </TextCorrectedLine>
</TextCorrectedBlock>
