<TextCorrectedBlock pageOID="AL19000601.1.1" blockID="P1_TB00014" userID="[redacted]">
  <TextCorrectedLine lineID="P1_TL00014">
    <OldTextValue>SUITABLE LOCUTION FOR H RESERVOIR OR Dm</OldTextValue>
    <NewTextValue>SUITABLE LOCATION FOR A RESERVOIR OR DAM</NewTextValue>
  </TextCorrectedLine>
</TextCorrectedBlock>
<TextCorrectedBlock pageOID="AL19000601.1.1" blockID="P1_TB00042" userID="[redacted]">
  <TextCorrectedLine lineID="P1_TL00242">
    <OldTextValue>the work which the irrigation j branch</OldTextValue>
    <NewTextValue>the work which the irrigation branch</NewTextValue>
  </TextCorrectedLine>
  <TextCorrectedLine lineID="P1_TL00247">
    <OldTextValue>small appropriations, making! stream</OldTextValue>
    <NewTextValue>small appropriations, making stream</NewTextValue>
  </TextCorrectedLine>
  <TextCorrectedLine lineID="P1_TL00248">
    <OldTextValue>measurements and " reservoir surveys,</OldTextValue>
    <NewTextValue>measurements and reservoir surveys,</NewTextValue>
  </TextCorrectedLine>
</TextCorrectedBlock>
<TextCorrectedBlock pageOID="AL19000601.1.1" blockID="P1_TB00055" userID="[redacted]">
  <TextCorrectedLine lineID="P1_TL00380">
    <OldTextValue>But Mr. . Tibbits 'was .favorably im-</OldTextValue>
    <NewTextValue>But Mr. Tibbits was favorably im-</NewTextValue>
  </TextCorrectedLine>
  <TextCorrectedLine lineID="P1_TL00381">
    <OldTextValue>pressed .with ' Trinity as | a 'mineral</OldTextValue>
    <NewTextValue>pressed with Trinity as a mineral</NewTextValue>
  </TextCorrectedLine>
  <TextCorrectedLine lineID="P1_TL00382">
    <OldTextValue>county." ■ He believes it has a great fu-</OldTextValue>
    <NewTextValue>county."  He believes it has a great fu-</NewTextValue>
  </TextCorrectedLine>
  <TextCorrectedLine lineID="P1_TL00388">
    <OldTextValue>Mr. Tibbits Bays that it ; would J require</OldTextValue>
    <NewTextValue>Mr. Tibbits says that it ; would require</NewTextValue>
  </TextCorrectedLine>
</TextCorrectedBlock>
<TextCorrectedBlock pageOID="AL19000601.1.1" blockID="P1_TB00020" userID="[redacted]">
  <TextCorrectedLine lineID="P1_TL00024">
    <OldTextValue>For This Session at the Uni- , ,\</OldTextValue>
    <NewTextValue>For This Session at the Uni-</NewTextValue>
  </TextCorrectedLine>
</TextCorrectedBlock>
<TextCorrectedBlock pageOID="AL19000601.1.1" blockID="P1_TB00021" userID="[redacted]">
  <TextCorrectedLine lineID="P1_TL00025">
    <OldTextValue>versity. •</OldTextValue>
    <NewTextValue>versity.</NewTextValue>
  </TextCorrectedLine>
</TextCorrectedBlock>
<TextCorrectedBlock pageOID="AL19000601.1.1" blockID="P1_TB00086" userID="[redacted]">
  <TextCorrectedLine lineID="P1_TL00697">
    <OldTextValue>, During tho summer session of ' the</OldTextValue>
    <NewTextValue>During the summer session of  the</NewTextValue>
  </TextCorrectedLine>
  <TextCorrectedLine lineID="P1_TL00698">
    <OldTextValue>University of j California, i from " June</OldTextValue>
    <NewTextValue>University of California, from June</NewTextValue>
  </TextCorrectedLine>
  <TextCorrectedLine lineID="P1_TL00699">
    <OldTextValue>25tb,' to August 3d, ■ planned '• especially</OldTextValue>
    <NewTextValue>25th, to August 3d,  planned especially</NewTextValue>
  </TextCorrectedLine>
  <TextCorrectedLine lineID="P1_TL00701">
    <OldTextValue>for study only during their .vacation,</OldTextValue>
    <NewTextValue>for study only during their vacation,</NewTextValue>
  </TextCorrectedLine>
  <TextCorrectedLine lineID="P1_TL00702">
    <OldTextValue>courses will be - offered in philosophy,</OldTextValue>
    <NewTextValue>courses will be  offered in philosophy,</NewTextValue>
  </TextCorrectedLine>
  <TextCorrectedLine lineID="P1_TL00706">
    <OldTextValue>physics, chemistry - and botany. The</OldTextValue>
    <NewTextValue>physics, chemistry  and botany. The</NewTextValue>
  </TextCorrectedLine>
</TextCorrectedBlock>
<TextCorrectedBlock pageOID="AL19000601.1.1" blockID="P1_TB00028" userID="[redacted]">
  <TextCorrectedLine lineID="P1_TL00080">
    <OldTextValue>hide mine, in Tuolumne . county. The</OldTextValue>
    <NewTextValue>hide mine, in Tuolumne county. The</NewTextValue>
  </TextCorrectedLine>
  <TextCorrectedLine lineID="P1_TL00082">
    <OldTextValue>the price is said to be $850,000. ' Three</OldTextValue>
    <NewTextValue>the price is said to be $850,000.  Three</NewTextValue>
  </TextCorrectedLine>
  <TextCorrectedLine lineID="P1_TL00086">
    <OldTextValue>000. t/ It , has, been classed fort many</OldTextValue>
    <NewTextValue>000. It has been classed for many</NewTextValue>
  </TextCorrectedLine>
</TextCorrectedBlock>
<TextCorrectedBlock pageOID="AL19000601.1.1" blockID="P1_TB00032" userID="[redacted]">
  <TextCorrectedLine lineID="P1_TL00103">
    <OldTextValue>How Is Your Wifel</OldTextValue>
    <NewTextValue>How Is Your Wife?</NewTextValue>
  </TextCorrectedLine>
</TextCorrectedBlock>
<TextCorrectedBlock pageOID="AL19000601.1.1" blockID="P1_TB00033" userID="[redacted]">
  <TextCorrectedLine lineID="P1_TL00104">
    <OldTextValue>Has she lost her beauty ? IT so constipation,</OldTextValue>
    <NewTextValue>Has she lost her beauty? If so constipation,</NewTextValue>
  </TextCorrectedLine>
  <TextCorrectedLine lineID="P1_TL00107">
    <OldTextValue>ills for half a century. Price Ssc and 50c.</OldTextValue>
    <NewTextValue>ills for half a century. Price 25c and 50c.</NewTextValue>
  </TextCorrectedLine>
  <TextCorrectedLine lineID="P1_TL00109">
    <OldTextValue>For sale by A. Goldner, Druggist. &gt;. *</OldTextValue>
    <NewTextValue>For sale by A. Goldner, Druggist.</NewTextValue>
  </TextCorrectedLine>
  <TextCorrectedLine lineID="P1_TL00110">
    <OldTextValue>■ ■ - _t :. -</OldTextValue>
    <NewTextValue></NewTextValue>
  </TextCorrectedLine>
</TextCorrectedBlock>
<TextCorrectedBlock pageOID="AL19000601.1.1" blockID="P1_TB00034" userID="[redacted]">
  <TextCorrectedLine lineID="P1_TL00111">
    <OldTextValue>•. Gut your measure taken for a. fine</OldTextValue>
    <NewTextValue>Get your measure taken for a. fine</NewTextValue>
  </TextCorrectedLine>
  <TextCorrectedLine lineID="P1_TL00112">
    <OldTextValue>♦10 suit, at the White House. 2 23-tf [,</OldTextValue>
    <NewTextValue>$10 suit, at the White House. 2 23-tf</NewTextValue>
  </TextCorrectedLine>
</TextCorrectedBlock>
<TextCorrectedBlock pageOID="AL19000601.1.1" blockID="P1_TB00038" userID="[redacted]">
  <TextCorrectedLine lineID="P1_TL00147">
    <OldTextValue>erfeits.' City Pharmacy. ' •</OldTextValue>
    <NewTextValue>erfeits.' City Pharmacy.</NewTextValue>
  </TextCorrectedLine>
</TextCorrectedBlock>
<TextCorrectedBlock pageOID="AL19000601.1.1" blockID="P1_TB00056" userID="[redacted]">
  <TextCorrectedLine lineID="P1_TL00394">
    <OldTextValue>-• ,:-'■ r t 'Tibbits. '•"■•' "</OldTextValue>
    <NewTextValue>Tibbits.</NewTextValue>
  </TextCorrectedLine>
  <TextCorrectedLine lineID="P1_TL00395">
    <OldTextValue>'- PurJ Br*i-S ii — w^ . !..■■■</OldTextValue>
    <NewTextValue></NewTextValue>
  </TextCorrectedLine>
  <TextCorrectedLine lineID="P1_TL00396">
    <OldTextValue>[ REDDING T HEE PRESS J</OldTextValue>
    <NewTextValue>[ REDDING FREE PRESS ]</NewTextValue>
  </TextCorrectedLine>
  <TextCorrectedLine lineID="P1_TL00397">
    <OldTextValue>JN" H. Tibbitsithe mining' engineer,</OldTextValue>
    <NewTextValue>J. H. Tibbits the mining engineer,</NewTextValue>
  </TextCorrectedLine>
  <TextCorrectedLine lineID="P1_TL00400">
    <OldTextValue>on the ■ Globe mine. He is naturally</OldTextValue>
    <NewTextValue>on the Globe mine. He is naturally</NewTextValue>
  </TextCorrectedLine>
  <TextCorrectedLine lineID="P1_TL00403">
    <OldTextValue>purpose ;«f; a suit; In court," and any,</OldTextValue>
    <NewTextValue>purpose of a suit In court, and any,</NewTextValue>
  </TextCorrectedLine>
  <TextCorrectedLine lineID="P1_TL00405">
    <OldTextValue>an impropriety not to bo countenanced</OldTextValue>
    <NewTextValue>an impropriety not to be countenanced</NewTextValue>
  </TextCorrectedLine>
</TextCorrectedBlock>
