<TextCorrectedBlock pageOID="AL19090820.1.8" blockID="P8_TB00018" userID="[redacted]">
  <TextCorrectedLine lineID="P8_TL00204">
    <OldTextValue>We desire to express our einooro</OldTextValue>
    <NewTextValue>We desire to express our sincere</NewTextValue>
  </TextCorrectedLine>
  <TextCorrectedLine lineID="P8_TL00205">
    <OldTextValue>ttianka for Hio klurlness maulffiatod</OldTextValue>
    <NewTextValue>thanks for the kindness manifested</NewTextValue>
  </TextCorrectedLine>
  <TextCorrectedLine lineID="P8_TL00206">
    <OldTextValue>Ijy all wbo consisted fluriu(J! the last</OldTextValue>
    <NewTextValue>by all who consisted during the last</NewTextValue>
  </TextCorrectedLine>
  <TextCorrectedLine lineID="P8_TL00207">
    <OldTextValue>iiickneaa ami fuuernl ceremonies ol</OldTextValue>
    <NewTextValue>sickness and funeral ceremonies of</NewTextValue>
  </TextCorrectedLine>
  <TextCorrectedLine lineID="P8_TL00208">
    <OldTextValue>our beloved son nud brother, Hoy</OldTextValue>
    <NewTextValue>our beloved son and brother, Roy</NewTextValue>
  </TextCorrectedLine>
  <TextCorrectedLine lineID="P8_TL00210">
    <OldTextValue>Air and Mrs S. A. Weijy and family.</OldTextValue>
    <NewTextValue>Mr and Mrs S. A. Werly and family.</NewTextValue>
  </TextCorrectedLine>
  <TextCorrectedLine lineID="P8_TL00211">
    <OldTextValue>AuKUHt -20, I'JO'J.</OldTextValue>
    <NewTextValue>August 20, 1909</NewTextValue>
  </TextCorrectedLine>
</TextCorrectedBlock>
