<TextCorrectedBlock pageOID="AL19080911.1.3" blockID="P3_CB00001" userID="[redacted]">
  <TextCorrectedLine lineID="P3_TL00989">
    <OldTextValue>THE MENTOO KNOW</OldTextValue>
    <NewTextValue>THE MEN WHO KNOW</NewTextValue>
  </TextCorrectedLine>
  <TextCorrectedLine lineID="P3_TL00990">
    <OldTextValue>THE SUPERIOR _^ xv vN .</OldTextValue>
    <NewTextValue>THE SUPERIOR</NewTextValue>
  </TextCorrectedLine>
  <TextCorrectedLine lineID="P3_TL00991">
    <OldTextValue>QUALITIES OF ,ss^k\\</OldTextValue>
    <NewTextValue>QUALITIES OF  TOWERS   FISH BRAND</NewTextValue>
  </TextCorrectedLine>
  <TextCorrectedLine lineID="P3_TL00992">
    <OldTextValue>SLICKERS. SUITS fef | M</OldTextValue>
    <NewTextValue>SLICKERS. SUITS</NewTextValue>
  </TextCorrectedLine>
  <TextCorrectedLine lineID="P3_TL00993">
    <OldTextValue>AND HATS AjV O</OldTextValue>
    <NewTextValue>AND HATS</NewTextValue>
  </TextCorrectedLine>
  <TextCorrectedLine lineID="P3_TL00994">
    <OldTextValue>are the men who have fc(</OldTextValue>
    <NewTextValue>are the men who have</NewTextValue>
  </TextCorrectedLine>
  <TextCorrectedLine lineID="P3_TL00995">
    <OldTextValue>put them to the hard- I yf]j\</OldTextValue>
    <NewTextValue>put them to the hard- \</NewTextValue>
  </TextCorrectedLine>
  <TextCorrectedLine lineID="P3_TL00996">
    <OldTextValue>est tests in the rough- y^^kfK</OldTextValue>
    <NewTextValue>est tests in the rough-</NewTextValue>
  </TextCorrectedLine>
  <TextCorrectedLine lineID="P3_TL00997">
    <OldTextValue>cst weather. r^m^</OldTextValue>
    <NewTextValue>est weather.</NewTextValue>
  </TextCorrectedLine>
  <TextCorrectedLine lineID="P3_TL00998">
    <OldTextValue>Get the original '^vWk]</OldTextValue>
    <NewTextValue>Get the original</NewTextValue>
  </TextCorrectedLine>
  <TextCorrectedLine lineID="P3_TL00999">
    <OldTextValue>Tower's Fish Brand *^Hf</OldTextValue>
    <NewTextValue>Tower's Fish Brand</NewTextValue>
  </TextCorrectedLine>
  <TextCorrectedLine lineID="P3_TL01000">
    <OldTextValue>made since 1836 ffl</OldTextValue>
    <NewTextValue>made since 1836</NewTextValue>
  </TextCorrectedLine>
  <TextCorrectedLine lineID="P3_TL01001">
    <OldTextValue>CATALOG rf&gt;CC FOR THC fISK/Nd jjBt»i</OldTextValue>
    <NewTextValue>CATALOG FREE FOR THE ASKING</NewTextValue>
  </TextCorrectedLine>
  <TextCorrectedLine lineID="P3_TL01002">
    <OldTextValue>* J TOWTff CO BfJSTON, U 6 A</OldTextValue>
    <NewTextValue>A J TOWER CO BOSTON, U S A</NewTextValue>
  </TextCorrectedLine>
  <TextCorrectedLine lineID="P3_TL01003">
    <OldTextValue>ilifilll</OldTextValue>
    <NewTextValue>SAN JOAQUIN FLORAL CO.</NewTextValue>
  </TextCorrectedLine>
</TextCorrectedBlock>
<TextCorrectedBlock pageOID="AL19080911.1.3" blockID="P3_CB00001" userID="[redacted]">
  <TextCorrectedLine lineID="P3_TL00995">
    <OldTextValue>put them to the hard- \</OldTextValue>
    <NewTextValue>put them to the hard-</NewTextValue>
  </TextCorrectedLine>
</TextCorrectedBlock>
<TextCorrectedBlock pageOID="AL19080911.1.4" blockID="P4_TB00034" userID="[redacted]">
  <TextCorrectedLine lineID="P4_TL00166">
    <OldTextValue>Sept. 2.— Joe Lyons, tbe merchant at</OldTextValue>
    <NewTextValue>Sept. 2.— Joe Lyons, the merchant at</NewTextValue>
  </TextCorrectedLine>
  <TextCorrectedLine lineID="P4_TL00167">
    <OldTextValue>Grizzly Kiat, was thrown out of a</OldTextValue>
    <NewTextValue>Grizzly Flat, was thrown out of a</NewTextValue>
  </TextCorrectedLine>
  <TextCorrectedLine lineID="P4_TL00169">
    <OldTextValue>team, and received Injuries from</OldTextValue>
    <NewTextValue>team, and received injuries from</NewTextValue>
  </TextCorrectedLine>
  <TextCorrectedLine lineID="P4_TL00172">
    <OldTextValue>uncrippled mau by the name of Wran-</OldTextValue>
    <NewTextValue>a crippled man by the name of Wran-</NewTextValue>
  </TextCorrectedLine>
  <TextCorrectedLine lineID="P4_TL00175">
    <OldTextValue>bottom of what is known as tbe Sly</OldTextValue>
    <NewTextValue>bottom of what is known as the Sly</NewTextValue>
  </TextCorrectedLine>
  <TextCorrectedLine lineID="P4_TL00176">
    <OldTextValue>' fork grade, when one horse kicked at</OldTextValue>
    <NewTextValue>fork grade, when one horse kicked at</NewTextValue>
  </TextCorrectedLine>
  <TextCorrectedLine lineID="P4_TL00177">
    <OldTextValue>tbe other, and went astride of the</OldTextValue>
    <NewTextValue>the other, and went astride of the</NewTextValue>
  </TextCorrectedLine>
  <TextCorrectedLine lineID="P4_TL00178">
    <OldTextValue>tongue. One ot tbe horses that bad</OldTextValue>
    <NewTextValue>tongue. One ot the horses that had</NewTextValue>
  </TextCorrectedLine>
  <TextCorrectedLine lineID="P4_TL00179">
    <OldTextValue>killed old man linker a few months</OldTextValue>
    <NewTextValue>killed old man Baker a few months</NewTextValue>
  </TextCorrectedLine>
  <TextCorrectedLine lineID="P4_TL00181">
    <OldTextValue>man, was one of tbe two. He had run</OldTextValue>
    <NewTextValue>man, was one of the two. He had run</NewTextValue>
  </TextCorrectedLine>
  <TextCorrectedLine lineID="P4_TL00185">
    <OldTextValue>being as tame ns any work horse</OldTextValue>
    <NewTextValue>being as tame as any work horse</NewTextValue>
  </TextCorrectedLine>
  <TextCorrectedLine lineID="P4_TL00187">
    <OldTextValue>aorazy spell he was viciously malig-</OldTextValue>
    <NewTextValue>a crazy spell he was viciously malig-</NewTextValue>
  </TextCorrectedLine>
  <TextCorrectedLine lineID="P4_TL00188">
    <OldTextValue>nant and frantio. The other horse</OldTextValue>
    <NewTextValue>nant and frantic. The other horse</NewTextValue>
  </TextCorrectedLine>
  <TextCorrectedLine lineID="P4_TL00191">
    <OldTextValue>j they started to run Lyons was sitting</OldTextValue>
    <NewTextValue>they started to run Lyons was sitting</NewTextValue>
  </TextCorrectedLine>
  <TextCorrectedLine lineID="P4_TL00195">
    <OldTextValue>As be did so the runaway horse sprang</OldTextValue>
    <NewTextValue>As he did so the runaway horse sprang</NewTextValue>
  </TextCorrectedLine>
  <TextCorrectedLine lineID="P4_TL00198">
    <OldTextValue>ran down tbe grade. Lyons, on tbe</OldTextValue>
    <NewTextValue>ran down tbe grade. Lyons, on the</NewTextValue>
  </TextCorrectedLine>
  <TextCorrectedLine lineID="P4_TL00199">
    <OldTextValue>spur of tbe moment, tried to bank the</OldTextValue>
    <NewTextValue>spur of the moment, tried to bank the</NewTextValue>
  </TextCorrectedLine>
  <TextCorrectedLine lineID="P4_TL00200">
    <OldTextValue>wagon by running on tbe side of the</OldTextValue>
    <NewTextValue>wagon by running on the side of the</NewTextValue>
  </TextCorrectedLine>
  <TextCorrectedLine lineID="P4_TL00201">
    <OldTextValue>grade. With fearful velocity one bf</OldTextValue>
    <NewTextValue>grade. With fearful velocity one of</NewTextValue>
  </TextCorrectedLine>
</TextCorrectedBlock>
<TextCorrectedBlock pageOID="AL19080911.1.4" blockID="P4_TB00034" userID="[redacted]">
  <TextCorrectedLine lineID="P4_TL00198">
    <OldTextValue>ran down tbe grade. Lyons, on the</OldTextValue>
    <NewTextValue>ran down the grade. Lyons, on the</NewTextValue>
  </TextCorrectedLine>
</TextCorrectedBlock>
<TextCorrectedBlock pageOID="AL19080911.1.3" blockID="P3_CB00001" userID="[redacted]">
  <TextCorrectedLine lineID="P3_TL01054">
    <OldTextValue>Brae, and Novelties-</OldTextValue>
    <NewTextValue>Brac, and Novelties-</NewTextValue>
  </TextCorrectedLine>
  <TextCorrectedLine lineID="P3_TL01056">
    <OldTextValue>such yooUs, please look mine</OldTextValue>
    <NewTextValue>such goods, please look mine</NewTextValue>
  </TextCorrectedLine>
  <TextCorrectedLine lineID="P3_TL01057">
    <OldTextValue>over first. Prices aro all as low</OldTextValue>
    <NewTextValue>over first. Prices are all as low</NewTextValue>
  </TextCorrectedLine>
  <TextCorrectedLine lineID="P3_TL01058">
    <OldTextValue>as can consistently bo made.</OldTextValue>
    <NewTextValue>as can consistently be made.</NewTextValue>
  </TextCorrectedLine>
  <TextCorrectedLine lineID="P3_TL01059">
    <OldTextValue>A ONE PRICK STORE.</OldTextValue>
    <NewTextValue>A ONE PRICE STORE.</NewTextValue>
  </TextCorrectedLine>
  <TextCorrectedLine lineID="P3_TL01060">
    <OldTextValue>Foot of Alain st., Jackson</OldTextValue>
    <NewTextValue>Foot of Main st., Jackson</NewTextValue>
  </TextCorrectedLine>
  <TextCorrectedLine lineID="P3_TL01061">
    <OldTextValue>Reoeipt books, locution blauks, deeds</OldTextValue>
    <NewTextValue>Receipt books, location blanks, deeds</NewTextValue>
  </TextCorrectedLine>
  <TextCorrectedLine lineID="P3_TL01062">
    <OldTextValue>mortgages, promissory votes, eto.</OldTextValue>
    <NewTextValue>mortgages, promissory notes, etc.</NewTextValue>
  </TextCorrectedLine>
  <TextCorrectedLine lineID="P3_TL01063">
    <OldTextValue>for sale; also mining siguals ou</OldTextValue>
    <NewTextValue>for sale; also mining siguals on</NewTextValue>
  </TextCorrectedLine>
</TextCorrectedBlock>
