<TextCorrectedBlock pageOID="AL19011227.1.1" blockID="P1_CB00005" userID="[redacted]">
  <TextCorrectedLine lineID="P1_TL01108">
    <OldTextValue>Ry the solicitation of many friends and patients</OldTextValue>
    <NewTextValue>By the solicitation of many friends and patients</NewTextValue>
  </TextCorrectedLine>
  <TextCorrectedLine lineID="P1_TL01109">
    <OldTextValue>DR. H. EHRUGH</OldTextValue>
    <NewTextValue>DR. H. EHRICH</NewTextValue>
  </TextCorrectedLine>
  <TextCorrectedLine lineID="P1_TL01110">
    <OldTextValue>£v Eye, Ear, Nose and Throat Surgeon</OldTextValue>
    <NewTextValue>The Eminent Eye, Ear, Nose and Throat Surgeon</NewTextValue>
  </TextCorrectedLine>
  <TextCorrectedLine lineID="P1_TL01113">
    <OldTextValue>8 a. m to 3 p. nu sharp, at Globe Hotel,</OldTextValue>
    <NewTextValue>8 a. m to 3 p. m. sharp, at Globe Hotel,</NewTextValue>
  </TextCorrectedLine>
  <TextCorrectedLine lineID="P1_TL01115">
    <OldTextValue>And^ return once a mo.ith. i Do you want that Catarrh cored? Do you want that</OldTextValue>
    <NewTextValue>And return once a month.  Do you want that Catarrh cured? Do you want that</NewTextValue>
  </TextCorrectedLine>
  <TextCorrectedLine lineID="P1_TL01116">
    <OldTextValue>Deafnuis curci? 1 Kiy.iu want to see with those Weak, Waterr Dim Evast Ifln</OldTextValue>
    <NewTextValue>Deafness cured ? Do you want to see with those Weak, Watery Dim Eyes? If so,</NewTextValue>
  </TextCorrectedLine>
</TextCorrectedBlock>
<TextCorrectedBlock pageOID="AL19011227.1.1" blockID="P1_TB00008" userID="[redacted]">
  <TextCorrectedLine lineID="P1_TL00021">
    <OldTextValue>Gulzot lived through the most event-</OldTextValue>
    <NewTextValue>Guizot lived through the most event-</NewTextValue>
  </TextCorrectedLine>
  <TextCorrectedLine lineID="P1_TL00023">
    <OldTextValue>born In 1787 amid the mutterings of the</OldTextValue>
    <NewTextValue>born in 1787 amid the mutterings of the</NewTextValue>
  </TextCorrectedLine>
  <TextCorrectedLine lineID="P1_TL00024">
    <OldTextValue>revolution. Gnlzof s parents were mar-</OldTextValue>
    <NewTextValue>revolution. Guizot's parents were mar-</NewTextValue>
  </TextCorrectedLine>
  <TextCorrectedLine lineID="P1_TL00029">
    <OldTextValue>ing ln the interests of the persecuted</OldTextValue>
    <NewTextValue>ing in the interests of the persecuted</NewTextValue>
  </TextCorrectedLine>
  <TextCorrectedLine lineID="P1_TL00031">
    <OldTextValue>After living for several weeks In dan-</OldTextValue>
    <NewTextValue>After living for several weeks in dan-</NewTextValue>
  </TextCorrectedLine>
  <TextCorrectedLine lineID="P1_TL00033">
    <OldTextValue>unwillingly enough, by a gendarme -who</OldTextValue>
    <NewTextValue>unwillingly enough, by a gendarme who</NewTextValue>
  </TextCorrectedLine>
</TextCorrectedBlock>
<TextCorrectedBlock pageOID="AL19011227.1.2" blockID="P2_CB00002" userID="[redacted]">
  <TextCorrectedLine lineID="P2_TL00690">
    <OldTextValue>T'TkT^T*r&gt; Fruit and Orna- "</OldTextValue>
    <NewTextValue>TREES Fruit and Orna-</NewTextValue>
  </TextCorrectedLine>
  <TextCorrectedLine lineID="P2_TL00691">
    <OldTextValue>I 1^ Ld Li V mental Shade Trees</OldTextValue>
    <NewTextValue>mental Shade Trees</NewTextValue>
  </TextCorrectedLine>
  <TextCorrectedLine lineID="P2_TL00692">
    <OldTextValue>■1% I I . for street and</OldTextValue>
    <NewTextValue>for street and</NewTextValue>
  </TextCorrectedLine>
  <TextCorrectedLine lineID="P2_TL00693">
    <OldTextValue>A M.\JLd LsiJ roadside</OldTextValue>
    <NewTextValue>roadside</NewTextValue>
  </TextCorrectedLine>
  <TextCorrectedLine lineID="P2_TL00695">
    <OldTextValue>Aphis rcslstlno Apples -</OldTextValue>
    <NewTextValue>Aphis resisting Apples -</NewTextValue>
  </TextCorrectedLine>
  <TextCorrectedLine lineID="P2_TL00705">
    <OldTextValue>Nlles, Cal. deel3*n</OldTextValue>
    <NewTextValue>Nlles, Cal.</NewTextValue>
  </TextCorrectedLine>
  <TextCorrectedLine lineID="P2_TL00708">
    <OldTextValue>- : » - Land Orrici at Sacramento, Cal.,</OldTextValue>
    <NewTextValue>Land Office at Sacramento, Cal.,</NewTextValue>
  </TextCorrectedLine>
  <TextCorrectedLine lineID="P2_TL00710">
    <OldTextValue>"VTOTICE IS HEREBY GIVEN THAT THE</OldTextValue>
    <NewTextValue>NOTICE IS HEREBY GIVEN THAT THE</NewTextValue>
  </TextCorrectedLine>
  <TextCorrectedLine lineID="P2_TL00711">
    <OldTextValue>JLI following-named settler has filed notice of</OldTextValue>
    <NewTextValue>following-named settler has filed notice of</NewTextValue>
  </TextCorrectedLine>
  <TextCorrectedLine lineID="P2_TL00712">
    <OldTextValue>his intention to make Onal proof in support of</OldTextValue>
    <NewTextValue>his intention to make final proof in support of</NewTextValue>
  </TextCorrectedLine>
  <TextCorrectedLine lineID="P2_TL00713">
    <OldTextValue>bis claim, and that said proof will be made be-</OldTextValue>
    <NewTextValue>his claim, and that said proof will be made be-</NewTextValue>
  </TextCorrectedLine>
  <TextCorrectedLine lineID="P2_TL00723">
    <OldTextValue>decSO-et ' THOMAS FRASER, Register.</OldTextValue>
    <NewTextValue>son P. O. Cal.   THOMAS FRASER, Register.</NewTextValue>
  </TextCorrectedLine>
  <TextCorrectedLine lineID="P2_TL00724">
    <OldTextValue>|^ Union Stables</OldTextValue>
    <NewTextValue>Union Stables</NewTextValue>
  </TextCorrectedLine>
  <TextCorrectedLine lineID="P2_TL00725">
    <OldTextValue>under Webb Hall *</OldTextValue>
    <NewTextValue>under Webb Hall</NewTextValue>
  </TextCorrectedLine>
  <TextCorrectedLine lineID="P2_TL00727">
    <OldTextValue>• — M. ireWMAH.Prop.;</OldTextValue>
    <NewTextValue>M. NEWMAN, Prop.</NewTextValue>
  </TextCorrectedLine>
  <TextCorrectedLine lineID="P2_TL00731">
    <OldTextValue>Special Attention Paid *</OldTextValue>
    <NewTextValue>Special Attention Paid</NewTextValue>
  </TextCorrectedLine>
  <TextCorrectedLine lineID="P2_TL00732">
    <OldTextValue>* to Transient Stock.</OldTextValue>
    <NewTextValue>to Transient Stock.</NewTextValue>
  </TextCorrectedLine>
  <TextCorrectedLine lineID="P2_TL00734">
    <OldTextValue>Telegrams answered free of cost. 2-23-tf</OldTextValue>
    <NewTextValue>Telegrams answered free of cost.    2-23-tf</NewTextValue>
  </TextCorrectedLine>
</TextCorrectedBlock>
<TextCorrectedBlock pageOID="AL19011227.1.2" blockID="P2_CB00001" userID="[redacted]">
  <TextCorrectedLine lineID="P2_TL00656">
    <OldTextValue>SUNSET I</OldTextValue>
    <NewTextValue>SUNSET</NewTextValue>
  </TextCorrectedLine>
  <TextCorrectedLine lineID="P2_TL00657">
    <OldTextValue>LIMITED I</OldTextValue>
    <NewTextValue>LIMITED</NewTextValue>
  </TextCorrectedLine>
  <TextCorrectedLine lineID="P2_TL00658">
    <OldTextValue>One of the most magnificena</OldTextValue>
    <NewTextValue>One of the most magnificent</NewTextValue>
  </TextCorrectedLine>
  <TextCorrectedLine lineID="P2_TL00659">
    <OldTextValue>trains ever-built. For IDOI-IJX)^</OldTextValue>
    <NewTextValue>trains ever-built. For 1901 - 1902</NewTextValue>
  </TextCorrectedLine>
  <TextCorrectedLine lineID="P2_TL00660">
    <OldTextValue>tw-weekly via Coast Line and</OldTextValue>
    <NewTextValue>tri-weekly via Coast Line and</NewTextValue>
  </TextCorrectedLine>
  <TextCorrectedLine lineID="P2_TL00664">
    <OldTextValue>Leave SAN FEANCISCO 4.50 p. m.</OldTextValue>
    <NewTextValue>Leave SAN FRANCISCO 4.50 p. m.</NewTextValue>
  </TextCorrectedLine>
  <TextCorrectedLine lineID="P2_TL00668">
    <OldTextValue>Arrive NEW OELEANS 7:20 p. v£</OldTextValue>
    <NewTextValue>Arrive NEW OELEANS 7:20 p.</NewTextValue>
  </TextCorrectedLine>
  <TextCorrectedLine lineID="P2_TL00670">
    <OldTextValue>—^</OldTextValue>
    <NewTextValue></NewTextValue>
  </TextCorrectedLine>
  <TextCorrectedLine lineID="P2_TL00684">
    <OldTextValue>Selected Stock of Imported Goods. - Choice</OldTextValue>
    <NewTextValue>Selected Stock of Imported Goods.  Choice</NewTextValue>
  </TextCorrectedLine>
  <TextCorrectedLine lineID="P2_TL00686">
    <OldTextValue>and Domestic Beers, special bottling. ' Ha- .</OldTextValue>
    <NewTextValue>and Domestic Beers, special bottling.   Ha- .</NewTextValue>
  </TextCorrectedLine>
  <TextCorrectedLine lineID="P2_TL00688">
    <OldTextValue>bon, Rye, Sweet and Sour Mass Wkixkles ot</OldTextValue>
    <NewTextValue>bon, Rye, Sweet and Sour Mash Whiskies of</NewTextValue>
  </TextCorrectedLine>
  <TextCorrectedLine lineID="P2_TL00689">
    <OldTextValue>celebrated distilleries. - ■ Je2B</OldTextValue>
    <NewTextValue>celebrated distilleries.</NewTextValue>
  </TextCorrectedLine>
</TextCorrectedBlock>
<TextCorrectedBlock pageOID="AL19011227.1.3" blockID="P3_TB00079" userID="[redacted]">
  <TextCorrectedLine lineID="P3_TL00797">
    <OldTextValue>r ■ : . ...</OldTextValue>
    <NewTextValue></NewTextValue>
  </TextCorrectedLine>
  <TextCorrectedLine lineID="P3_TL00799">
    <OldTextValue>Cain's. *</OldTextValue>
    <NewTextValue>Cain's.</NewTextValue>
  </TextCorrectedLine>
  <TextCorrectedLine lineID="P3_TL00800">
    <OldTextValue>Turkey dinner .every Sunday at</OldTextValue>
    <NewTextValue>Turkey dinner every Sunday at</NewTextValue>
  </TextCorrectedLine>
  <TextCorrectedLine lineID="P3_TL00802">
    <OldTextValue>■" Home-made bread, pies, - cakes, for</OldTextValue>
    <NewTextValue>Home-made bread, pies, - cakes, for</NewTextValue>
  </TextCorrectedLine>
  <TextCorrectedLine lineID="P3_TL00803">
    <OldTextValue>Sile; Mrs Jennie Larson, Summit st.</OldTextValue>
    <NewTextValue>sale; Mrs Jennie Larson, Summit st.</NewTextValue>
  </TextCorrectedLine>
  <TextCorrectedLine lineID="P3_TL00804">
    <OldTextValue>i - Soused pig feet, salami, and choice</OldTextValue>
    <NewTextValue>Soused pig feet, salami, and choice</NewTextValue>
  </TextCorrectedLine>
  <TextCorrectedLine lineID="P3_TL00805">
    <OldTextValue>- ham and bacon at Caminetti's Central</OldTextValue>
    <NewTextValue>ham and bacon at Caminetti's Central</NewTextValue>
  </TextCorrectedLine>
  <TextCorrectedLine lineID="P3_TL00806">
    <OldTextValue>Market. *</OldTextValue>
    <NewTextValue>Market.</NewTextValue>
  </TextCorrectedLine>
  <TextCorrectedLine lineID="P3_TL00808">
    <OldTextValue>■ day there will be morning prayer and</OldTextValue>
    <NewTextValue>day there will be morning prayer and</NewTextValue>
  </TextCorrectedLine>
  <TextCorrectedLine lineID="P3_TL00809">
    <OldTextValue>sermon at 11 a. ci.</OldTextValue>
    <NewTextValue>sermon at 11 a. m.</NewTextValue>
  </TextCorrectedLine>
  <TextCorrectedLine lineID="P3_TL00810">
    <OldTextValue>• J. F. Solinsky, the well known at-</OldTextValue>
    <NewTextValue>J. F. Solinsky, the well known at-</NewTextValue>
  </TextCorrectedLine>
  <TextCorrectedLine lineID="P3_TL00814">
    <OldTextValue>-Chieo last week, on receipt of the news</OldTextValue>
    <NewTextValue>Chico last week, on receipt of the news</NewTextValue>
  </TextCorrectedLine>
  <TextCorrectedLine lineID="P3_TL00815">
    <OldTextValue>of the illness of her mother. . , __.</OldTextValue>
    <NewTextValue>of the illness of her mother.</NewTextValue>
  </TextCorrectedLine>
</TextCorrectedBlock>
