<TextCorrectedBlock pageOID="AL19090129.1.4" blockID="P4_TB00023" userID="[redacted]">
  <TextCorrectedLine lineID="P4_TL00069">
    <OldTextValue>Jan. 28— Ihe officers of Excelsior</OldTextValue>
    <NewTextValue>Jan. 28—The officers of Excelsior</NewTextValue>
  </TextCorrectedLine>
  <TextCorrectedLine lineID="P4_TL00070">
    <OldTextValue>Hebeknh Lodge No. (53 1. O. O. V,</OldTextValue>
    <NewTextValue>Rebekah Lodge No. 63 I. O. O. F,</NewTextValue>
  </TextCorrectedLine>
  <TextCorrectedLine lineID="P4_TL00072">
    <OldTextValue>by I). 1). president, Miss MazyKnapri,</OldTextValue>
    <NewTextValue>by D. D. president, Miss MazyKnapp,</NewTextValue>
  </TextCorrectedLine>
  <TextCorrectedLine lineID="P4_TL00073">
    <OldTextValue>of Uleta, assisted by grard nmrsluil,</OldTextValue>
    <NewTextValue>of Oleta, assisted by grand marshal,</NewTextValue>
  </TextCorrectedLine>
  <TextCorrectedLine lineID="P4_TL00074">
    <OldTextValue>GraceJohnsou aud tbe iuatnlling team.</OldTextValue>
    <NewTextValue>Grace Johnson and the installing team.</NewTextValue>
  </TextCorrectedLine>
  <TextCorrectedLine lineID="P4_TL00080">
    <OldTextValue>noble grand, Mra Janette Lobmanti.</OldTextValue>
    <NewTextValue>noble grand, Mrs Janette Lehmann,</NewTextValue>
  </TextCorrectedLine>
  <TextCorrectedLine lineID="P4_TL00089">
    <OldTextValue>It was v wee scnall hour wben the</OldTextValue>
    <NewTextValue>It was a wee small hour when the</NewTextValue>
  </TextCorrectedLine>
  <TextCorrectedLine lineID="P4_TL00094">
    <OldTextValue>recording secretary. Mrs M. Jones;</OldTextValue>
    <NewTextValue>recording secretary. Mrs E. Jones;</NewTextValue>
  </TextCorrectedLine>
  <TextCorrectedLine lineID="P4_TL00095">
    <OldTextValue>financial secretary, Uelle 0. Simmons;</OldTextValue>
    <NewTextValue>financial secretary, Belle C. Simmons;</NewTextValue>
  </TextCorrectedLine>
</TextCorrectedBlock>
<TextCorrectedBlock pageOID="AL19090129.1.4" blockID="P4_TB00010" userID="[redacted]">
  <TextCorrectedLine lineID="P4_TL00023">
    <OldTextValue>Jan. 19.— Tho past 'week was very</OldTextValue>
    <NewTextValue>Jan. 19.— The past week was very</NewTextValue>
  </TextCorrectedLine>
  <TextCorrectedLine lineID="P4_TL00024">
    <OldTextValue>stormy, tbe heaviest rain of tbo eoason</OldTextValue>
    <NewTextValue>stormy, the heaviest rain of the season</NewTextValue>
  </TextCorrectedLine>
  <TextCorrectedLine lineID="P4_TL00025">
    <OldTextValue>fell. °ibo crooks were very high all</OldTextValue>
    <NewTextValue>fell.  the creeks were very high all</NewTextValue>
  </TextCorrectedLine>
</TextCorrectedBlock>
<TextCorrectedBlock pageOID="AL19090129.1.4" blockID="P4_TB00005" userID="[redacted]">
  <TextCorrectedLine lineID="P4_TL00011">
    <OldTextValue>visitor in town last nook.</OldTextValue>
    <NewTextValue>visitor in town last week.</NewTextValue>
  </TextCorrectedLine>
</TextCorrectedBlock>
<TextCorrectedBlock pageOID="AL19090129.1.4" blockID="P4_TB00019" userID="[redacted]">
  <TextCorrectedLine lineID="P4_TL00046">
    <OldTextValue>Jan. 2(s— Edward Uamert made a</OldTextValue>
    <NewTextValue>Jan. 26— Edward Bamert made a</NewTextValue>
  </TextCorrectedLine>
  <TextCorrectedLine lineID="P4_TL00047">
    <OldTextValue>business trip through tbo valley Mon-</OldTextValue>
    <NewTextValue>business trip through tbe valley Mon-</NewTextValue>
  </TextCorrectedLine>
</TextCorrectedBlock>
<TextCorrectedBlock pageOID="AL19090129.1.4" blockID="P4_TB00018" userID="[redacted]">
  <TextCorrectedLine lineID="P4_TL00044">
    <OldTextValue>Miss .Lucy Alford spent a few days</OldTextValue>
    <NewTextValue>Miss Lucy Alford spent a few days</NewTextValue>
  </TextCorrectedLine>
  <TextCorrectedLine lineID="P4_TL00045">
    <OldTextValue>of last week witb frieuds in lone.</OldTextValue>
    <NewTextValue>of last week with friends in lone.</NewTextValue>
  </TextCorrectedLine>
</TextCorrectedBlock>
<TextCorrectedBlock pageOID="AL19090129.1.4" blockID="P4_TB00016" userID="[redacted]">
  <TextCorrectedLine lineID="P4_TL00040">
    <OldTextValue>ilulila Coon of Clements, has been</OldTextValue>
    <NewTextValue>Hulda Coon of Clements, has been</NewTextValue>
  </TextCorrectedLine>
  <TextCorrectedLine lineID="P4_TL00041">
    <OldTextValue>visiting her frieud, Inez lionham. .</OldTextValue>
    <NewTextValue>visiting her friend, Inez Bonham .</NewTextValue>
  </TextCorrectedLine>
</TextCorrectedBlock>
<TextCorrectedBlock pageOID="AL19090129.1.4" blockID="P4_TB00013" userID="[redacted]">
  <TextCorrectedLine lineID="P4_TL00032">
    <OldTextValue>Mrs H. King, and little grandebild of</OldTextValue>
    <NewTextValue>Mrs H. King, and little grandchild of</NewTextValue>
  </TextCorrectedLine>
  <TextCorrectedLine lineID="P4_TL00033">
    <OldTextValue>Mrs H. D. Raulett. diod at tbeir</OldTextValue>
    <NewTextValue>Mrs H. D. Ranlett, died at their</NewTextValue>
  </TextCorrectedLine>
  <TextCorrectedLine lineID="P4_TL00034">
    <OldTextValue>home in lone nfter a week's illness.</OldTextValue>
    <NewTextValue>home in lone after a week's illness.</NewTextValue>
  </TextCorrectedLine>
</TextCorrectedBlock>
