<TextCorrectedBlock pageOID="AL19030612.1.1" blockID="P1_TB00003" userID="[redacted]">
  <TextCorrectedLine lineID="P1_TL00003">
    <OldTextValue>Almond Culture in Amader County.</OldTextValue>
    <NewTextValue>Almond Culture in Amador County.</NewTextValue>
  </TextCorrectedLine>
</TextCorrectedBlock>
<TextCorrectedBlock pageOID="AL19030612.1.1" blockID="P1_CB00004" userID="[redacted]">
  <TextCorrectedLine lineID="P1_TL00951">
    <OldTextValue>spectaltv</OldTextValue>
    <NewTextValue>spectalty</NewTextValue>
  </TextCorrectedLine>
  <TextCorrectedLine lineID="P1_TL00952">
    <OldTextValue>•••••••••»••■•#•••••*•••••</OldTextValue>
    <NewTextValue></NewTextValue>
  </TextCorrectedLine>
  <TextCorrectedLine lineID="P1_TL00953">
    <OldTextValue>} DAILY STAGE LINE J</OldTextValue>
    <NewTextValue>DAILY STAGE LINE</NewTextValue>
  </TextCorrectedLine>
  <TextCorrectedLine lineID="P1_TL00954">
    <OldTextValue>• J. Stelner, Proprietor. •</OldTextValue>
    <NewTextValue>J. Stelner, Proprietor.</NewTextValue>
  </TextCorrectedLine>
  <TextCorrectedLine lineID="P1_TL00955">
    <OldTextValue>• Jackson, Sutter Creek, Amador m</OldTextValue>
    <NewTextValue>Jackson, Sutter Creek, Amador</NewTextValue>
  </TextCorrectedLine>
  <TextCorrectedLine lineID="P1_TL00956">
    <OldTextValue>% City, Drytown, Plymouth, '■ m</OldTextValue>
    <NewTextValue>City, Drytown, Plymouth,</NewTextValue>
  </TextCorrectedLine>
  <TextCorrectedLine lineID="P1_TL00957">
    <OldTextValue>* Leaves Plymouth at 6:30 a. in. 2</OldTextValue>
    <NewTextValue>Leaves Plymouth at 6:30 a. m.</NewTextValue>
  </TextCorrectedLine>
  <TextCorrectedLine lineID="P1_TL00958">
    <OldTextValue># Leaves Jackson at 2:30 p. m. 0</OldTextValue>
    <NewTextValue>Leaves Jackson at 2:30 p. m.</NewTextValue>
  </TextCorrectedLine>
  <TextCorrectedLine lineID="P1_TL00959">
    <OldTextValue>m Arrives at Jackson in time to catch the S</OldTextValue>
    <NewTextValue>Arrives at Jackson in time to catch the</NewTextValue>
  </TextCorrectedLine>
  <TextCorrectedLine lineID="P1_TL00960">
    <OldTextValue>0 Mokelumne Hill stage. J</OldTextValue>
    <NewTextValue>Mokelumne Hill stage.</NewTextValue>
  </TextCorrectedLine>
  <TextCorrectedLine lineID="P1_TL00961">
    <OldTextValue>J Offices— Jackson. National Hotel; Sat- 5</OldTextValue>
    <NewTextValue>Offices— Jackson. National Hotel; Sut-</NewTextValue>
  </TextCorrectedLine>
  <TextCorrectedLine lineID="P1_TL00962">
    <OldTextValue>m ter Creek, American Exchange ; Amu- •</OldTextValue>
    <NewTextValue>ter Creek, American Exchange ; Ama-</NewTextValue>
  </TextCorrectedLine>
  <TextCorrectedLine lineID="P1_TL00963">
    <OldTextValue>t dor City, Amador Hotel ; Drytown, Ex- Z</OldTextValue>
    <NewTextValue>dor City, Amador Hotel ; Drytown, Ex-</NewTextValue>
  </TextCorrectedLine>
  <TextCorrectedLine lineID="P1_TL00964">
    <OldTextValue>s change; Plymouth, Forest House. 2</OldTextValue>
    <NewTextValue>change; Plymouth, Forest House.</NewTextValue>
  </TextCorrectedLine>
  <TextCorrectedLine lineID="P1_TL00965">
    <OldTextValue>0 ■.-- Prompt delivery of packages.- J</OldTextValue>
    <NewTextValue>Prompt delivery of packages.-</NewTextValue>
  </TextCorrectedLine>
  <TextCorrectedLine lineID="P1_TL00966">
    <OldTextValue>S Fare— Plymouth to Jackson, tl.00; Jack- 2</OldTextValue>
    <NewTextValue>S Fare— Plymouth to Jackson, $1.00; Jack-</NewTextValue>
  </TextCorrectedLine>
  <TextCorrectedLine lineID="P1_TL00967">
    <OldTextValue>j son to Sutter, 50c; round trip, ti. Z</OldTextValue>
    <NewTextValue>son to Sutter, 50c; round trip, $2.</NewTextValue>
  </TextCorrectedLine>
  <TextCorrectedLine lineID="P1_TL00968">
    <OldTextValue>•••••••••••••••••••••••a**</OldTextValue>
    <NewTextValue></NewTextValue>
  </TextCorrectedLine>
  <TextCorrectedLine lineID="P1_TL00970">
    <OldTextValue>Wholesale Dealers and Jobbers. -:.»&gt;. ,</OldTextValue>
    <NewTextValue>Wholesale Dealers and Jobbers.</NewTextValue>
  </TextCorrectedLine>
  <TextCorrectedLine lineID="P1_TL00972">
    <OldTextValue>Wines4iquors*Cigars</OldTextValue>
    <NewTextValue>Wines  Liquors  Cigars</NewTextValue>
  </TextCorrectedLine>
  <TextCorrectedLine lineID="P1_TL00990">
    <OldTextValue>i^H. KUHLffIAN</OldTextValue>
    <NewTextValue>A. H. KUHLMAN</NewTextValue>
  </TextCorrectedLine>
  <TextCorrectedLine lineID="P1_TL01000">
    <OldTextValue>piNfl|fe Sewing Machine</OldTextValue>
    <NewTextValue>SINGER'S   Dont Buy a Sewing Machine</NewTextValue>
  </TextCorrectedLine>
  <TextCorrectedLine lineID="P1_TL01001">
    <OldTextValue>V*l^«v^^t'' Until y° u have</OldTextValue>
    <NewTextValue>Until you have</NewTextValue>
  </TextCorrectedLine>
  <TextCorrectedLine lineID="P1_TL01002">
    <OldTextValue>g*s§jf\ — • ■•-• Consulted with</OldTextValue>
    <NewTextValue>Consulted with</NewTextValue>
  </TextCorrectedLine>
</TextCorrectedBlock>
