<TextCorrectedBlock pageOID="AL19101230.1.4" blockID="P4_TB00053" userID="[redacted]">
  <TextCorrectedLine lineID="P4_TL00270">
    <OldTextValue>Please take notice that 7 on and</OldTextValue>
    <NewTextValue>Please take notice that on and</NewTextValue>
  </TextCorrectedLine>
  <TextCorrectedLine lineID="P4_TL00272">
    <OldTextValue>ging graves in bothlremeteiies [must</OldTextValue>
    <NewTextValue>ging graves in both cemeteries must</NewTextValue>
  </TextCorrectedLine>
  <TextCorrectedLine lineID="P4_TL00276">
    <OldTextValue>IS. S. PJTOIS,</OldTextValue>
    <NewTextValue>E. S. PITOIS,</NewTextValue>
  </TextCorrectedLine>
  <TextCorrectedLine lineID="P4_TL00277">
    <OldTextValue>V City Sexton.</OldTextValue>
    <NewTextValue>City Sexton.</NewTextValue>
  </TextCorrectedLine>
</TextCorrectedBlock>
<TextCorrectedBlock pageOID="AL19101230.1.1" blockID="P1_TB00044" userID="[redacted]">
  <TextCorrectedLine lineID="P1_TL00306">
    <OldTextValue>the trial, and when asked why tne</OldTextValue>
    <NewTextValue>the trial, and when asked why the</NewTextValue>
  </TextCorrectedLine>
</TextCorrectedBlock>
<TextCorrectedBlock pageOID="AL19101230.1.1" blockID="P1_TB00032" userID="[redacted]">
  <TextCorrectedLine lineID="P1_TL00224">
    <OldTextValue>Tuesday night. •</OldTextValue>
    <NewTextValue>Tuesday night.</NewTextValue>
  </TextCorrectedLine>
</TextCorrectedBlock>
<TextCorrectedBlock pageOID="AL19101230.1.6" blockID="P6_TB00052" userID="[redacted]">
  <TextCorrectedLine lineID="P6_TL00397">
    <OldTextValue>When vnrrylug several blouses Iji R</OldTextValue>
    <NewTextValue>When carrying several blouses in a</NewTextValue>
  </TextCorrectedLine>
  <TextCorrectedLine lineID="P6_TL00398">
    <OldTextValue>suit case place them all ou a padded</OldTextValue>
    <NewTextValue>suit case place them all on a padded</NewTextValue>
  </TextCorrectedLine>
  <TextCorrectedLine lineID="P6_TL00399">
    <OldTextValue>coat banger so that the width of tbe</OldTextValue>
    <NewTextValue>coat hanger so that the width of the</NewTextValue>
  </TextCorrectedLine>
  <TextCorrectedLine lineID="P6_TL00400">
    <OldTextValue>blouses will run along tbe length of</OldTextValue>
    <NewTextValue>blouses will run along the length of</NewTextValue>
  </TextCorrectedLine>
  <TextCorrectedLine lineID="P6_TL00401">
    <OldTextValue>tbe suit case. In this way tbe crease</OldTextValue>
    <NewTextValue>the suit case. In this way the crease</NewTextValue>
  </TextCorrectedLine>
  <TextCorrectedLine lineID="P6_TL00402">
    <OldTextValue>from folding will not come at tbe</OldTextValue>
    <NewTextValue>from folding will not come at the</NewTextValue>
  </TextCorrectedLine>
  <TextCorrectedLine lineID="P6_TL00404">
    <OldTextValue>tbe blouse Is worn. Tbe banger will</OldTextValue>
    <NewTextValue>the blouse is worn. The hanger will</NewTextValue>
  </TextCorrectedLine>
  <TextCorrectedLine lineID="P6_TL00405">
    <OldTextValue>be found useful at tbe journey's end</OldTextValue>
    <NewTextValue>be found useful at the journey's end</NewTextValue>
  </TextCorrectedLine>
  <TextCorrectedLine lineID="P6_TL00406">
    <OldTextValue>since tbe blouses will be bung on It</OldTextValue>
    <NewTextValue>since the blouses will be hung on it</NewTextValue>
  </TextCorrectedLine>
  <TextCorrectedLine lineID="P6_TL00407">
    <OldTextValue>during tbe visit.</OldTextValue>
    <NewTextValue>during the visit.</NewTextValue>
  </TextCorrectedLine>
</TextCorrectedBlock>
