<TextCorrectedBlock pageOID="AL19000330.1.2" blockID="P2_TB00006" userID="[redacted]">
  <TextCorrectedLine lineID="P2_TL00021">
    <OldTextValue>v'a Good Time.</OldTextValue>
    <NewTextValue>a Good Time.</NewTextValue>
  </TextCorrectedLine>
</TextCorrectedBlock>
<TextCorrectedBlock pageOID="AL19000330.1.2" blockID="P2_TB00012" userID="[redacted]">
  <TextCorrectedLine lineID="P2_TL00063">
    <OldTextValue>Charles Bornetti Injured By a Falling Bock</OldTextValue>
    <NewTextValue>Charles Burnetti Injured By a Falling Bock</NewTextValue>
  </TextCorrectedLine>
  <TextCorrectedLine lineID="P2_TL00065">
    <OldTextValue>Canyon, March 38, I'JOO.</OldTextValue>
    <NewTextValue>Canyon, March 28, 1900</NewTextValue>
  </TextCorrectedLine>
  <TextCorrectedLine lineID="P2_TL00067">
    <OldTextValue>Angels puid Canyon a vinit last week.</OldTextValue>
    <NewTextValue>Angels paid Canyon a visit last week.</NewTextValue>
  </TextCorrectedLine>
  <TextCorrectedLine lineID="P2_TL00069">
    <OldTextValue>into tho housi; of J. Dohman.</OldTextValue>
    <NewTextValue>into tho house of J. Dohman.</NewTextValue>
  </TextCorrectedLine>
  <TextCorrectedLine lineID="P2_TL00071">
    <OldTextValue>Plymouth,' visited Canyon last week.</OldTextValue>
    <NewTextValue>Plymouth, visited Canyon last week.</NewTextValue>
  </TextCorrectedLine>
  <TextCorrectedLine lineID="P2_TL00072">
    <OldTextValue>Misses Emma Faictta and Laura</OldTextValue>
    <NewTextValue>Misses Emma Faretta and Laura</NewTextValue>
  </TextCorrectedLine>
  <TextCorrectedLine lineID="P2_TL00074">
    <OldTextValue>Smith's Flat yestorday. Miss F'iretta</OldTextValue>
    <NewTextValue>Smith's Flat yesterday. Miss Faretta</NewTextValue>
  </TextCorrectedLine>
</TextCorrectedBlock>
<TextCorrectedBlock pageOID="AL19000330.1.2" blockID="P2_TB00009" userID="[redacted]">
  <TextCorrectedLine lineID="P2_TL00029">
    <OldTextValue>is visiting relatives here. V*</OldTextValue>
    <NewTextValue>is visiting relatives here.</NewTextValue>
  </TextCorrectedLine>
</TextCorrectedBlock>
<TextCorrectedBlock pageOID="AL19000330.1.2" blockID="P2_TB00009" userID="[redacted]">
  <TextCorrectedLine lineID="P2_TL00030">
    <OldTextValue>Mr. George Gleason.d who has* been</OldTextValue>
    <NewTextValue>Mr. George Gleason, who has been</NewTextValue>
  </TextCorrectedLine>
  <TextCorrectedLine lineID="P2_TL00031">
    <OldTextValue>in Dakota, returned. last; week to Visit</OldTextValue>
    <NewTextValue>in Dakota, returned. last; week to visit</NewTextValue>
  </TextCorrectedLine>
  <TextCorrectedLine lineID="P2_TL00032">
    <OldTextValue>friends and relatives In Madera county""</OldTextValue>
    <NewTextValue>friends and relatives In Madera county.</NewTextValue>
  </TextCorrectedLine>
  <TextCorrectedLine lineID="P2_TL00033">
    <OldTextValue>Mr. Town'er, the gospel singer.^ar-</OldTextValue>
    <NewTextValue>Mr. Towner, the gospel singer ar-</NewTextValue>
  </TextCorrectedLine>
  <TextCorrectedLine lineID="P2_TL00034">
    <OldTextValue>rived Saturday night. "* . * "•</OldTextValue>
    <NewTextValue>rived Saturday night.</NewTextValue>
  </TextCorrectedLine>
  <TextCorrectedLine lineID="P2_TL00036">
    <OldTextValue>sisters, -Susie Moyle and Mrs." Cole, and</OldTextValue>
    <NewTextValue>sisters, -Susie Moyle and Mrs. Cole, and</NewTextValue>
  </TextCorrectedLine>
  <TextCorrectedLine lineID="P2_TL00037">
    <OldTextValue>Mr. Northey, visited relatives here</OldTextValue>
    <NewTextValue>Mr. Northey, visited relatives here Sunday.</NewTextValue>
  </TextCorrectedLine>
  <TextCorrectedLine lineID="P2_TL00038">
    <OldTextValue>Mrs." Susie Inman spent a few days</OldTextValue>
    <NewTextValue>Mrs. Susie Inman spent a few days</NewTextValue>
  </TextCorrectedLine>
  <TextCorrectedLine lineID="P2_TL00039">
    <OldTextValue>last week in Jackson. • • . ; r</OldTextValue>
    <NewTextValue>last week in Jackson.</NewTextValue>
  </TextCorrectedLine>
</TextCorrectedBlock>
<TextCorrectedBlock pageOID="AL19000330.1.2" blockID="P2_TB00009" userID="[redacted]">
  <TextCorrectedLine lineID="P2_TL00044">
    <OldTextValue>Miss Lynch of San Francisco i 3 here</OldTextValue>
    <NewTextValue>Miss Lynch of San Francisco is here</NewTextValue>
  </TextCorrectedLine>
  <TextCorrectedLine lineID="P2_TL00050">
    <OldTextValue>Amador City. •</OldTextValue>
    <NewTextValue>Amador City.</NewTextValue>
  </TextCorrectedLine>
  <TextCorrectedLine lineID="P2_TL00052">
    <OldTextValue>visited relatives here Sunday. -*•'-</OldTextValue>
    <NewTextValue>visited relatives here Sunday.</NewTextValue>
  </TextCorrectedLine>
  <TextCorrectedLine lineID="P2_TL00054">
    <OldTextValue>took* place at Sutter Creek" Sunday</OldTextValue>
    <NewTextValue>took place at Sutter Creek" Sunday</NewTextValue>
  </TextCorrectedLine>
  <TextCorrectedLine lineID="P2_TL00055">
    <OldTextValue>afternoon.!;'</OldTextValue>
    <NewTextValue>afternoon.'</NewTextValue>
  </TextCorrectedLine>
  <TextCorrectedLine lineID="P2_TL00057">
    <OldTextValue>guest of Miss Martin. ■ [1</OldTextValue>
    <NewTextValue>guest of Miss Martin.</NewTextValue>
  </TextCorrectedLine>
  <TextCorrectedLine lineID="P2_TL00058">
    <OldTextValue>Mr. Whitaker and Mr/ Little of Sut-</OldTextValue>
    <NewTextValue>Mr. Whitaker and Mr. Little of Sut-</NewTextValue>
  </TextCorrectedLine>
  <TextCorrectedLine lineID="P2_TL00060">
    <OldTextValue>Monday night. ■ ' ■i-</OldTextValue>
    <NewTextValue>Monday night.</NewTextValue>
  </TextCorrectedLine>
</TextCorrectedBlock>
<TextCorrectedBlock pageOID="AL19000330.1.2" blockID="P2_CB00001" userID="[redacted]">
  <TextCorrectedLine lineID="P2_TL00526">
    <OldTextValue>JF *■ ■ ' " $"-Jir ' ■ * ■ . ■ .</OldTextValue>
    <NewTextValue></NewTextValue>
  </TextCorrectedLine>
  <TextCorrectedLine lineID="P2_TL00527">
    <OldTextValue>Assessment Notice. :S: S</OldTextValue>
    <NewTextValue>Assessment Notice.</NewTextValue>
  </TextCorrectedLine>
  <TextCorrectedLine lineID="P2_TL00528">
    <OldTextValue>£ (% : *.~t- , . rt. i</OldTextValue>
    <NewTextValue></NewTextValue>
  </TextCorrectedLine>
  <TextCorrectedLine lineID="P2_TL00535">
    <OldTextValue>on the ninth day of February, 19U0, an assess-</OldTextValue>
    <NewTextValue>on the ninth day of February, 1900, an assess-</NewTextValue>
  </TextCorrectedLine>
</TextCorrectedBlock>
<TextCorrectedBlock pageOID="AL19000330.1.2" blockID="P2_CB00014" userID="[redacted]">
  <TextCorrectedLine lineID="P2_TL00720">
    <OldTextValue>S3 ' •S.HI fMISCELLANEOUS. :.-v l</OldTextValue>
    <NewTextValue>MISCELLANEOUS.</NewTextValue>
  </TextCorrectedLine>
  <TextCorrectedLine lineID="P2_TL00721">
    <OldTextValue>THE ~ISOCTOR^^</OldTextValue>
    <NewTextValue>The Doctors That Cure!</NewTextValue>
  </TextCorrectedLine>
  <TextCorrectedLine lineID="P2_TL00722">
    <OldTextValue>WT^aMMWSo.</OldTextValue>
    <NewTextValue>Dr. Jamison &amp; Co.</NewTextValue>
  </TextCorrectedLine>
</TextCorrectedBlock>
