<TextCorrectedBlock pageOID="AL19100325.1.3" blockID="P3_CB00002" userID="[redacted]">
  <TextCorrectedLine lineID="P3_TL00207">
    <OldTextValue>■</OldTextValue>
    <NewTextValue></NewTextValue>
  </TextCorrectedLine>
</TextCorrectedBlock>
<TextCorrectedBlock pageOID="AL19100325.1.3" blockID="P3_CB00001" userID="[redacted]">
  <TextCorrectedLine lineID="P3_TL00128">
    <OldTextValue>SacramentoßiverPowerCo</OldTextValue>
    <NewTextValue>Sacramento Rive rPowerCo</NewTextValue>
  </TextCorrectedLine>
  <TextCorrectedLine lineID="P3_TL00129">
    <OldTextValue>(Incorporated) which owns and controls one of tho greatest</OldTextValue>
    <NewTextValue>(Incorporated) which owns and controls one of the greatest</NewTextValue>
  </TextCorrectedLine>
  <TextCorrectedLine lineID="P3_TL00130">
    <OldTextValue>sources of water power in tho West at Konnett, Shasta</OldTextValue>
    <NewTextValue>sources of water power in the West at Kennett, Shasta</NewTextValue>
  </TextCorrectedLine>
  <TextCorrectedLine lineID="P3_TL00159">
    <OldTextValue>To the Hon. Fred V, Wood. Jndge of tho Superior court of Amador county .California:</OldTextValue>
    <NewTextValue>To the Hon. Fred V, Wood. Judge of the Superior court of Amador county .California:</NewTextValue>
  </TextCorrectedLine>
  <TextCorrectedLine lineID="P3_TL00161">
    <OldTextValue>section 1736 of tho Code of Civil Procedure of tho stato of California, hereby makes to the</OldTextValue>
    <NewTextValue>section 1736 of the Code of Civil Procedure of the state of California, hereby makes to the</NewTextValue>
  </TextCorrectedLine>
</TextCorrectedBlock>
<TextCorrectedBlock pageOID="AL19100325.1.3" blockID="P3_CB00001" userID="[redacted]">
  <TextCorrectedLine lineID="P3_TL00156">
    <OldTextValue>""semiannual "Report</OldTextValue>
    <NewTextValue>Semi-annual  Report</NewTextValue>
  </TextCorrectedLine>
</TextCorrectedBlock>
<TextCorrectedBlock pageOID="AL19100325.1.1" blockID="P1_TB00009" userID="[redacted]">
  <TextCorrectedLine lineID="P1_TL00039">
    <OldTextValue>week. ' ,' ''</OldTextValue>
    <NewTextValue>week.</NewTextValue>
  </TextCorrectedLine>
</TextCorrectedBlock>
<TextCorrectedBlock pageOID="AL19100325.1.1" blockID="P1_TB00009" userID="[redacted]">
  <TextCorrectedLine lineID="P1_TL00035">
    <OldTextValue>this company before drifting will aaain</OldTextValue>
    <NewTextValue>this company before drifting will again</NewTextValue>
  </TextCorrectedLine>
</TextCorrectedBlock>
<TextCorrectedBlock pageOID="AL19100325.1.1" blockID="P1_TB00011" userID="[redacted]">
  <TextCorrectedLine lineID="P1_TL00048">
    <OldTextValue>that the residence of Mrs Martha 'J.</OldTextValue>
    <NewTextValue>that the residence of Mrs Martha J.</NewTextValue>
  </TextCorrectedLine>
  <TextCorrectedLine lineID="P1_TL00049">
    <OldTextValue>Voorheis, at 1 10 Elm street, was entered</OldTextValue>
    <NewTextValue>Voorheis, at 119 Elm street, was entered</NewTextValue>
  </TextCorrectedLine>
  <TextCorrectedLine lineID="P1_TL00053">
    <OldTextValue>three o'clock in the morning. ' Nothing</OldTextValue>
    <NewTextValue>three o'clock in the morning.   Nothing</NewTextValue>
  </TextCorrectedLine>
  <TextCorrectedLine lineID="P1_TL00054">
    <OldTextValue>was known by the Inmates until they</OldTextValue>
    <NewTextValue>was known by the inmates until they</NewTextValue>
  </TextCorrectedLine>
</TextCorrectedBlock>
