<TextCorrectedBlock pageOID="AL19100128.1.1" blockID="P1_TB00006" userID="[redacted]">
  <TextCorrectedLine lineID="P1_TL00009">
    <OldTextValue>22, MO.</OldTextValue>
    <NewTextValue>22,  '10.</NewTextValue>
  </TextCorrectedLine>
  <TextCorrectedLine lineID="P1_TL00015">
    <OldTextValue>Ist. '09. The superintendent of public</OldTextValue>
    <NewTextValue>1st. '09. The superintendent of public</NewTextValue>
  </TextCorrectedLine>
  <TextCorrectedLine lineID="P1_TL00016">
    <OldTextValue>instruction reports that $19112.40. Is</OldTextValue>
    <NewTextValue>instruction reports that $19112.40 is</NewTextValue>
  </TextCorrectedLine>
  <TextCorrectedLine lineID="P1_TL00020">
    <OldTextValue>the total, $19,162.28, 1 apportioned</OldTextValue>
    <NewTextValue>the total, $19,162.28, I apportioned</NewTextValue>
  </TextCorrectedLine>
  <TextCorrectedLine lineID="P1_TL00021">
    <OldTextValue>$19156.00 leaving balance of $0.28, , Dry-</OldTextValue>
    <NewTextValue>$19156.00 leaving balance of $6.28, , Dry-</NewTextValue>
  </TextCorrectedLine>
</TextCorrectedBlock>
<TextCorrectedBlock pageOID="AL19100128.1.1" blockID="P1_TB00015" userID="[redacted]">
  <TextCorrectedLine lineID="P1_TL00202">
    <OldTextValue>any and all of this ' murderous gang.</OldTextValue>
    <NewTextValue>any and all of this  murderous gang.</NewTextValue>
  </TextCorrectedLine>
  <TextCorrectedLine lineID="P1_TL00203">
    <OldTextValue>The blood of the victims -of the mas-</OldTextValue>
    <NewTextValue>The blood of the victims of the mas-</NewTextValue>
  </TextCorrectedLine>
  <TextCorrectedLine lineID="P1_TL00205">
    <OldTextValue>and upon the ground close around- the</OldTextValue>
    <NewTextValue>and upon the ground close around the</NewTextValue>
  </TextCorrectedLine>
  <TextCorrectedLine lineID="P1_TL00206">
    <OldTextValue>place. Hanc them ! yes hang them !</OldTextValue>
    <NewTextValue>place. Hang them ! yes hang them !</NewTextValue>
  </TextCorrectedLine>
  <TextCorrectedLine lineID="P1_TL00207">
    <OldTextValue>went up the cry and wafted . its way in</OldTextValue>
    <NewTextValue>went up the cry and wafted its way in</NewTextValue>
  </TextCorrectedLine>
  <TextCorrectedLine lineID="P1_TL00208">
    <OldTextValue>the air that surrounded theni... t The</OldTextValue>
    <NewTextValue>the air that surrounded them.   The</NewTextValue>
  </TextCorrectedLine>
  <TextCorrectedLine lineID="P1_TL00211">
    <OldTextValue>The victims felt and knew- what . &gt;, it</OldTextValue>
    <NewTextValue>The victims felt and knew what  it</NewTextValue>
  </TextCorrectedLine>
  <TextCorrectedLine lineID="P1_TL00214">
    <OldTextValue>his knees he raised his head in \ plain;</OldTextValue>
    <NewTextValue>his knees he raised his head in  plain;</NewTextValue>
  </TextCorrectedLine>
  <TextCorrectedLine lineID="P1_TL00217">
    <OldTextValue>and protested his innocence,' he said he</OldTextValue>
    <NewTextValue>and protested his innocence, he said he</NewTextValue>
  </TextCorrectedLine>
  <TextCorrectedLine lineID="P1_TL00222">
    <OldTextValue>he was really innocent. '. The majority</OldTextValue>
    <NewTextValue>he was really innocent.  The majority</NewTextValue>
  </TextCorrectedLine>
  <TextCorrectedLine lineID="P1_TL00228">
    <OldTextValue>he must prepare to meet his fate. r The</OldTextValue>
    <NewTextValue>he must prepare to meet his fate.  The</NewTextValue>
  </TextCorrectedLine>
  <TextCorrectedLine lineID="P1_TL00230">
    <OldTextValue>in blood of his victims,' held a stoical</OldTextValue>
    <NewTextValue>in blood of his victims, held a stoical</NewTextValue>
  </TextCorrectedLine>
  <TextCorrectedLine lineID="P1_TL00231">
    <OldTextValue>look in demeanor and aotion. " % Two</OldTextValue>
    <NewTextValue>look in demeanor and action.   Two</NewTextValue>
  </TextCorrectedLine>
  <TextCorrectedLine lineID="P1_TL00232">
    <OldTextValue>hundred yards up the creek " from the</OldTextValue>
    <NewTextValue>hundred yards up the creek  from the</NewTextValue>
  </TextCorrectedLine>
</TextCorrectedBlock>
<TextCorrectedBlock pageOID="AL19100128.1.1" blockID="P1_TB00060" userID="[redacted]">
  <TextCorrectedLine lineID="P1_TL00556">
    <OldTextValue>2. Atnador City . .</OldTextValue>
    <NewTextValue>2. Amador City . .</NewTextValue>
  </TextCorrectedLine>
  <TextCorrectedLine lineID="P1_TL00561">
    <OldTextValue>7. Car bondale :..'.-.</OldTextValue>
    <NewTextValue>7. Carbondale ...</NewTextValue>
  </TextCorrectedLine>
  <TextCorrectedLine lineID="P1_TL00565">
    <OldTextValue>11. Dry thwn</OldTextValue>
    <NewTextValue>11. Drytown</NewTextValue>
  </TextCorrectedLine>
</TextCorrectedBlock>
<TextCorrectedBlock pageOID="AL19100128.1.1" blockID="P1_CB00004" userID="[redacted]">
  <TextCorrectedLine lineID="P1_TL00835">
    <OldTextValue>■."J? ''■•:■&gt;', . LAWYERS. ■■''</OldTextValue>
    <NewTextValue>LAWYERS.</NewTextValue>
  </TextCorrectedLine>
  <TextCorrectedLine lineID="P1_TL00836">
    <OldTextValue>vy*i. o. sNvuKit,</OldTextValue>
    <NewTextValue>Wm. G. SNYDER</NewTextValue>
  </TextCorrectedLine>
  <TextCorrectedLine lineID="P1_TL00837">
    <OldTextValue>Attorncy.nl-I.aw,</OldTextValue>
    <NewTextValue>Attorney-at-Law,</NewTextValue>
  </TextCorrectedLine>
  <TextCorrectedLine lineID="P1_TL00838">
    <OldTextValue>.'[.' JACKSON, CAL.</OldTextValue>
    <NewTextValue>JACKSON, CAL.</NewTextValue>
  </TextCorrectedLine>
  <TextCorrectedLine lineID="P1_TL00839">
    <OldTextValue>omce id MaralU nuildtng, Court street.</OldTextValue>
    <NewTextValue>Office in Marelia Buildtng, Court street.</NewTextValue>
  </TextCorrectedLine>
  <TextCorrectedLine lineID="P1_TL00840">
    <OldTextValue>Will practice In all tbo courtsof the state, re</OldTextValue>
    <NewTextValue>Will practice in all the courts of the state.     re</NewTextValue>
  </TextCorrectedLine>
  <TextCorrectedLine lineID="P1_TL00841">
    <OldTextValue>~T AW, T. FKKfTAM</OldTextValue>
    <NewTextValue>LAW  T. FREITAS</NewTextValue>
  </TextCorrectedLine>
  <TextCorrectedLine lineID="P1_TL00842">
    <OldTextValue>Attorimjr-at&gt;l'« w</OldTextValue>
    <NewTextValue>Attorney-at-Law</NewTextValue>
  </TextCorrectedLine>
</TextCorrectedBlock>
