<TextCorrectedBlock pageOID="AL19070726.1.2" blockID="P2_TB00027" userID="[redacted]">
  <TextCorrectedLine lineID="P2_TL00340">
    <OldTextValue>tom, no publish this week a list ol</OldTextValue>
    <NewTextValue>tom, we publish this week a list ol</NewTextValue>
  </TextCorrectedLine>
  <TextCorrectedLine lineID="P2_TL00342">
    <OldTextValue>re II for 51000 au&lt;l over. Tbis year ou</OldTextValue>
    <NewTextValue>roII for $4000 and over. This year on</NewTextValue>
  </TextCorrectedLine>
  <TextCorrectedLine lineID="P2_TL00343">
    <OldTextValue>account of tbe many changes iv</OldTextValue>
    <NewTextValue>account of the many changes in</NewTextValue>
  </TextCorrectedLine>
</TextCorrectedBlock>
<TextCorrectedBlock pageOID="AL19070726.1.2" blockID="P2_TB00027" userID="[redacted]">
  <TextCorrectedLine lineID="P2_TL00348">
    <OldTextValue>perty iv all townshios, and others</OldTextValue>
    <NewTextValue>perty in all townships, and others</NewTextValue>
  </TextCorrectedLine>
  <TextCorrectedLine lineID="P2_TL00350">
    <OldTextValue>!We have endeavored to get them all,</OldTextValue>
    <NewTextValue>We have endeavored to get them all,</NewTextValue>
  </TextCorrectedLine>
  <TextCorrectedLine lineID="P2_TL00352">
    <OldTextValue>overlooked. it will be seen that tbe</OldTextValue>
    <NewTextValue>overlooked. it will be seen that the</NewTextValue>
  </TextCorrectedLine>
</TextCorrectedBlock>
<TextCorrectedBlock pageOID="AL19070726.1.2" blockID="P2_CB00004" userID="[redacted]">
  <TextCorrectedLine lineID="P2_TL00632">
    <OldTextValue>VEIKA. — Near lone, July 14, 1907, to</OldTextValue>
    <NewTextValue>VEIRA. — Near lone, July 14, 1907, to</NewTextValue>
  </TextCorrectedLine>
  <TextCorrectedLine lineID="P2_TL00635">
    <OldTextValue>Have Mason and wife, a son.</OldTextValue>
    <NewTextValue>Dave Mason and wife, a son.</NewTextValue>
  </TextCorrectedLine>
</TextCorrectedBlock>
