<TextCorrectedBlock pageOID="AL19020627.1.4" blockID="P4_CB00004" userID="[redacted]">
  <TextCorrectedLine lineID="P4_TL00704">
    <OldTextValue>miscellaneous!</OldTextValue>
    <NewTextValue>miscellaneous.</NewTextValue>
  </TextCorrectedLine>
  <TextCorrectedLine lineID="P4_TL00706">
    <OldTextValue>Half the Land in Amador County ii</OldTextValue>
    <NewTextValue>Half the Land in Amador County is</NewTextValue>
  </TextCorrectedLine>
  <TextCorrectedLine lineID="P4_TL00708">
    <OldTextValue>If you own a lot or ranch, tbs cbaness</OldTextValue>
    <NewTextValue>If you own a lot or ranch, the chances</NewTextValue>
  </TextCorrectedLine>
  <TextCorrectedLine lineID="P4_TL00709">
    <OldTextValue>are there Is sometning wrong with your</OldTextValue>
    <NewTextValue>are there is sometning wrong with your</NewTextValue>
  </TextCorrectedLine>
  <TextCorrectedLine lineID="P4_TL00710">
    <OldTextValue>; title, which can only be remedied by</OldTextValue>
    <NewTextValue>title, which can only be remedied by</NewTextValue>
  </TextCorrectedLine>
  <TextCorrectedLine lineID="P4_TL00713">
    <OldTextValue>Books in Amador County. W« also hsre a Yarl-</OldTextValue>
    <NewTextValue>Books in Amador County. We also have a vari-</NewTextValue>
  </TextCorrectedLine>
  <TextCorrectedLine lineID="P4_TL00714">
    <OldTextValue>ety of plate and maps which enable us to gtre -</OldTextValue>
    <NewTextValue>ety of plats and maps which enable us to give</NewTextValue>
  </TextCorrectedLine>
  <TextCorrectedLine lineID="P4_TL00717">
    <OldTextValue>At the lowest rates. Notorial work dose.</OldTextValue>
    <NewTextValue>At the lowest rates. Notorial work done.</NewTextValue>
  </TextCorrectedLine>
  <TextCorrectedLine lineID="P4_TL00720">
    <OldTextValue>Spa«noli Building</OldTextValue>
    <NewTextValue>Spagnoli Building</NewTextValue>
  </TextCorrectedLine>
  <TextCorrectedLine lineID="P4_TL00721">
    <OldTextValue>JACKSON, - -j- AMADOR CO., CAL.</OldTextValue>
    <NewTextValue>JACKSON, - - - AMADOR CO., CAL.</NewTextValue>
  </TextCorrectedLine>
  <TextCorrectedLine lineID="P4_TL00722">
    <OldTextValue>8-4-H r. O BOX H '</OldTextValue>
    <NewTextValue>5-4-tf      P. O. BOX 14</NewTextValue>
  </TextCorrectedLine>
  <TextCorrectedLine lineID="P4_TL00728">
    <OldTextValue>JACKSON •-»-.. CAU. j«2l</OldTextValue>
    <NewTextValue>JACKSON  - - - CAL.      je21</NewTextValue>
  </TextCorrectedLine>
  <TextCorrectedLine lineID="P4_TL00730">
    <OldTextValue>■ ■£&amp;*&amp; — _ .</OldTextValue>
    <NewTextValue></NewTextValue>
  </TextCorrectedLine>
  <TextCorrectedLine lineID="P4_TL00731">
    <OldTextValue>Ledger and Dally Call, one year »7 JO</OldTextValue>
    <NewTextValue>Ledger and Daily Call, one year ....... $7 50</NewTextValue>
  </TextCorrectedLine>
  <TextCorrectedLine lineID="P4_TL00732">
    <OldTextValue>Ledger and Weekly Call, one year 3 60</OldTextValue>
    <NewTextValue>Ledger and Weekly Call, one year ....  3 60</NewTextValue>
  </TextCorrectedLine>
  <TextCorrectedLine lineID="P4_TL00733">
    <OldTextValue>Ledger and Dally Bulletin, one year 6 50</OldTextValue>
    <NewTextValue>Ledger and Dally Bulletin, one year .... 6 50</NewTextValue>
  </TextCorrectedLine>
  <TextCorrectedLine lineID="P4_TL00734">
    <OldTextValue>Ledger and Semi- Weekly Bulletin*, 1 ye'r 4 SO</OldTextValue>
    <NewTextValue>Ledger and Semi- Weekly Bulletin, 1 ye'r   4 20</NewTextValue>
  </TextCorrectedLine>
  <TextCorrectedLine lineID="P4_TL00735">
    <OldTextValue>Ledger and Weekly Bulletin, one year. . . J9O</OldTextValue>
    <NewTextValue>Ledger and Weekly Bulletin, one year. . .  3 90</NewTextValue>
  </TextCorrectedLine>
  <TextCorrectedLine lineID="P4_TL00736">
    <OldTextValue>Ledger and Daily Chronicle, one year 7 70</OldTextValue>
    <NewTextValue>Ledger and Daily Chronicle, one year ...   7 70</NewTextValue>
  </TextCorrectedLine>
  <TextCorrectedLine lineID="P4_TL00737">
    <OldTextValue>Ledger and Weekly Chronicle, one year . S 60</OldTextValue>
    <NewTextValue>Ledger and Weekly Chronicle, one year .... 3 60</NewTextValue>
  </TextCorrectedLine>
  <TextCorrectedLine lineID="P4_TL00738">
    <OldTextValue>Ledger and Weekly Examiner, one year. S 60</OldTextValue>
    <NewTextValue>Ledger and Weekly Examiner, one year.   3 60</NewTextValue>
  </TextCorrectedLine>
  <TextCorrectedLine lineID="P4_TL00741">
    <OldTextValue>Ledger and N. Y. Tri- Weekly Tribune, ly 3 60</OldTextValue>
    <NewTextValue>Ledger and N. Y. Tri- Weekly Tribune, 1y  3 50</NewTextValue>
  </TextCorrectedLine>
</TextCorrectedBlock>
<TextCorrectedBlock pageOID="AL19020627.1.1" blockID="P1_CB00002" userID="[redacted]">
  <TextCorrectedLine lineID="P1_TL00916">
    <OldTextValue>\-.\ LAWYERS.</OldTextValue>
    <NewTextValue>LAWYERS.</NewTextValue>
  </TextCorrectedLine>
</TextCorrectedBlock>
<TextCorrectedBlock pageOID="AL19020627.1.1" blockID="P1_TB00003" userID="[redacted]">
  <TextCorrectedLine lineID="P1_TL00003">
    <OldTextValue>State Senator Hon. John F. Davis</OldTextValue>
    <NewTextValue>State Senator ... Hon. John F. Davis</NewTextValue>
  </TextCorrectedLine>
  <TextCorrectedLine lineID="P1_TL00004">
    <OldTextValue>Assemblyman Hon. Fred L. Stewart</OldTextValue>
    <NewTextValue>Assemblyman ... Hon. Fred L. Stewart</NewTextValue>
  </TextCorrectedLine>
  <TextCorrectedLine lineID="P1_TL00005">
    <OldTextValue>Superior Judge Hon. R. C. Rust</OldTextValue>
    <NewTextValue>Superior Judge .... Hon. R. C. Rust</NewTextValue>
  </TextCorrectedLine>
  <TextCorrectedLine lineID="P1_TL00006">
    <OldTextValue>Sheriff and Tax Collector U. S. Gregory</OldTextValue>
    <NewTextValue>Sheriff and Tax Collector  .... U. S. Gregory</NewTextValue>
  </TextCorrectedLine>
  <TextCorrectedLine lineID="P1_TL00007">
    <OldTextValue>Deputy Sheriff J. Podesta</OldTextValue>
    <NewTextValue>Deputy Sheriff ..... J. Podesta</NewTextValue>
  </TextCorrectedLine>
  <TextCorrectedLine lineID="P1_TL00008">
    <OldTextValue>County Clerk and Auditor C. L. Culbert</OldTextValue>
    <NewTextValue>County Clerk and Auditor  .... C. L. Culbert</NewTextValue>
  </TextCorrectedLine>
  <TextCorrectedLine lineID="P1_TL00009">
    <OldTextValue>Deputy County Clerk B. R. Breese</OldTextValue>
    <NewTextValue>Deputy County Clerk ..... B. R. Breese</NewTextValue>
  </TextCorrectedLine>
  <TextCorrectedLine lineID="P1_TL00010">
    <OldTextValue>District Attorney C. P. Vicini</OldTextValue>
    <NewTextValue>District Attorney  .... C. P. Vicini</NewTextValue>
  </TextCorrectedLine>
  <TextCorrectedLine lineID="P1_TL00011">
    <OldTextValue>Treasurer .~ S. G. Spagnoli</OldTextValue>
    <NewTextValue>Treasurer ..... S. G. Spagnoli</NewTextValue>
  </TextCorrectedLine>
  <TextCorrectedLine lineID="P1_TL00012">
    <OldTextValue>Recorder D. A. Patterson</OldTextValue>
    <NewTextValue>Recorder ... D. A. Patterson</NewTextValue>
  </TextCorrectedLine>
  <TextCorrectedLine lineID="P1_TL00013">
    <OldTextValue>Assessor.'... John Marchant</OldTextValue>
    <NewTextValue>Assessor..... John Marchant</NewTextValue>
  </TextCorrectedLine>
  <TextCorrectedLine lineID="P1_TL00015">
    <OldTextValue>Superintendent of Schools Geo. A. Gordon</OldTextValue>
    <NewTextValue>Superintendent of Schools .... Geo. A. Gordon</NewTextValue>
  </TextCorrectedLine>
  <TextCorrectedLine lineID="P1_TL00016">
    <OldTextValue>Coroner and Administrator Qeo. A. Grit ton</OldTextValue>
    <NewTextValue>Coroner and Administrator .... Geo. A. Gritton</NewTextValue>
  </TextCorrectedLine>
  <TextCorrectedLine lineID="P1_TL00017">
    <OldTextValue>County Surveyor W. E. Downs</OldTextValue>
    <NewTextValue>County Surveyor  ..... W. E. Downs</NewTextValue>
  </TextCorrectedLine>
</TextCorrectedBlock>
<TextCorrectedBlock pageOID="AL19020627.1.1" blockID="P1_TB00008" userID="[redacted]">
  <TextCorrectedLine lineID="P1_TL00051">
    <OldTextValue>An Incident That Suypllea Consider-</OldTextValue>
    <NewTextValue>An Incident That Supplies Consider-</NewTextValue>
  </TextCorrectedLine>
  <TextCorrectedLine lineID="P1_TL00053">
    <OldTextValue>These ought ye to do* and not to leave the</OldTextValue>
    <NewTextValue>These ought ye to do and not to leave the</NewTextValue>
  </TextCorrectedLine>
  <TextCorrectedLine lineID="P1_TL00054">
    <OldTextValue>Others undone.</OldTextValue>
    <NewTextValue>others undone.</NewTextValue>
  </TextCorrectedLine>
  <TextCorrectedLine lineID="P1_TL00056">
    <OldTextValue>bench in the park. He imt a torn bag</OldTextValue>
    <NewTextValue>bench in the park. He put a torn bag</NewTextValue>
  </TextCorrectedLine>
  <TextCorrectedLine lineID="P1_TL00057">
    <OldTextValue>Of tools under the bench.</OldTextValue>
    <NewTextValue>of tools under the bench.</NewTextValue>
  </TextCorrectedLine>
  <TextCorrectedLine lineID="P1_TL00058">
    <OldTextValue>A email, red faced man came behind</OldTextValue>
    <NewTextValue>A small, red faced man came behind</NewTextValue>
  </TextCorrectedLine>
  <TextCorrectedLine lineID="P1_TL00059">
    <OldTextValue>him. He stooped to steal the bug.</OldTextValue>
    <NewTextValue>him. He stooped to steal the bag.</NewTextValue>
  </TextCorrectedLine>
  <TextCorrectedLine lineID="P1_TL00061">
    <OldTextValue>slow, tired way: "Drop that It ain't</OldTextValue>
    <NewTextValue>slow, tired way: "Drop that it ain't</NewTextValue>
  </TextCorrectedLine>
  <TextCorrectedLine lineID="P1_TL00071">
    <OldTextValue>"I'm an Ironworker; bridge work."</OldTextValue>
    <NewTextValue>"I'm an ironworker; bridge work."</NewTextValue>
  </TextCorrectedLine>
  <TextCorrectedLine lineID="P1_TL00089">
    <OldTextValue>some thin. Get a short sentence; first</OldTextValue>
    <NewTextValue>somethin'. Get a short sentence; first</NewTextValue>
  </TextCorrectedLine>
  <TextCorrectedLine lineID="P1_TL00091">
    <OldTextValue>by nice ladles."</OldTextValue>
    <NewTextValue>by nice ladies."</NewTextValue>
  </TextCorrectedLine>
  <TextCorrectedLine lineID="P1_TL00093">
    <OldTextValue>"Didn't they do nothin* for you when</OldTextValue>
    <NewTextValue>"Didn't they do nothin' for you when</NewTextValue>
  </TextCorrectedLine>
</TextCorrectedBlock>
<TextCorrectedBlock pageOID="AL19020627.1.1" blockID="P1_TB00031" userID="[redacted]">
  <TextCorrectedLine lineID="P1_TL00281">
    <OldTextValue>any character that Is generally recog-</OldTextValue>
    <NewTextValue>any character that is generally recog-</NewTextValue>
  </TextCorrectedLine>
  <TextCorrectedLine lineID="P1_TL00288">
    <OldTextValue>Mlcawber, a Dogberry, a Falstaff, a</OldTextValue>
    <NewTextValue>Micawber, a Dogberry, a Falstaff, a</NewTextValue>
  </TextCorrectedLine>
  <TextCorrectedLine lineID="P1_TL00289">
    <OldTextValue>Colonel. Newcome, a Bilfll, a Parson</OldTextValue>
    <NewTextValue>Colonel. Newcome, a Bilfil, a Parson</NewTextValue>
  </TextCorrectedLine>
  <TextCorrectedLine lineID="P1_TL00291">
    <OldTextValue>Mrs. Malnprop, a Becky Sharp, a Bea-</OldTextValue>
    <NewTextValue>Mrs. Malaprop, a Becky Sharp, a Bea-</NewTextValue>
  </TextCorrectedLine>
</TextCorrectedBlock>
<TextCorrectedBlock pageOID="AL19020627.1.1" blockID="P1_CB00001" userID="[redacted]">
  <TextCorrectedLine lineID="P1_TL00896">
    <OldTextValue>I I lIL rfLU rKvlll 1 .»</OldTextValue>
    <NewTextValue>THE RED FRONT</NewTextValue>
  </TextCorrectedLine>
  <TextCorrectedLine lineID="P1_TL00897">
    <OldTextValue>|i; •' • j Clieapestj^ . ;:i|R</OldTextValue>
    <NewTextValue>Cheapest Drygoods Store</NewTextValue>
  </TextCorrectedLine>
  <TextCorrectedLine lineID="P1_TL00898">
    <OldTextValue>H For the next two weeks we will sell the most of the-articles of our store at^'iß</OldTextValue>
    <NewTextValue>For the next two weeks we will sell the most of the-articles of our store at^'iß</NewTextValue>
  </TextCorrectedLine>
  <TextCorrectedLine lineID="P1_TL00899">
    <OldTextValue>3 3 i°i P i- er cent less than the regular prices. This is done in order to prove once for if?</OldTextValue>
    <NewTextValue>30 per cent less than the regular prices. This is done in order to prove once for if?</NewTextValue>
  </TextCorrectedLine>
  <TextCorrectedLine lineID="P1_TL00900">
    <OldTextValue>H all that we are the leaders of low prices in any line we handle. : ,;.^ : :':i'M</OldTextValue>
    <NewTextValue>all that we are the leaders of low prices in any line we handle. : ,;.^ : :':i'M</NewTextValue>
  </TextCorrectedLine>
  <TextCorrectedLine lineID="P1_TL00901">
    <OldTextValue>H Ladies' $1.00 Wrap- Ladies^Whitc Skirts I Men's BalbriganUnHS</OldTextValue>
    <NewTextValue>Ladies' $1.00 Wrap- Ladies^Whitc Skirts I Men's BalbriganUnHS</NewTextValue>
  </TextCorrectedLine>
</TextCorrectedBlock>
<TextCorrectedBlock pageOID="AL19020627.1.2" blockID="P2_TB00009" userID="[redacted]">
  <TextCorrectedLine lineID="P2_TL00066">
    <OldTextValue>vailing. ' The local columns are made</OldTextValue>
    <NewTextValue>vailing.  The local columns are made</NewTextValue>
  </TextCorrectedLine>
  <TextCorrectedLine lineID="P2_TL00069">
    <OldTextValue>and printers are decrying ' the</OldTextValue>
    <NewTextValue>and printers are decrying  the</NewTextValue>
  </TextCorrectedLine>
</TextCorrectedBlock>
<TextCorrectedBlock pageOID="AL19020627.1.2" blockID="P2_TB00001" userID="[redacted]">
  <TextCorrectedLine lineID="P2_TL00004">
    <OldTextValue>the new repubjic from the United</OldTextValue>
    <NewTextValue>the new republic from the United</NewTextValue>
  </TextCorrectedLine>
  <TextCorrectedLine lineID="P2_TL00008">
    <OldTextValue>their (cities, established ordor and</OldTextValue>
    <NewTextValue>their cities, established order and</NewTextValue>
  </TextCorrectedLine>
  <TextCorrectedLine lineID="P2_TL00011">
    <OldTextValue>conservative people that wo have</OldTextValue>
    <NewTextValue>conservative people that we have</NewTextValue>
  </TextCorrectedLine>
</TextCorrectedBlock>
<TextCorrectedBlock pageOID="AL19020627.1.2" blockID="P2_CB00004" userID="[redacted]">
  <TextCorrectedLine lineID="P2_TL00799">
    <OldTextValue>digestants and digests all kir.Js of</OldTextValue>
    <NewTextValue>digestants and digests all kinds of</NewTextValue>
  </TextCorrectedLine>
  <TextCorrectedLine lineID="P2_TL00803">
    <OldTextValue>' stomachs can take it. By its use many</OldTextValue>
    <NewTextValue>stomachs can take it. By its use many</NewTextValue>
  </TextCorrectedLine>
</TextCorrectedBlock>
<TextCorrectedBlock pageOID="AL19020627.1.2" blockID="P2_CB00001" userID="[redacted]">
  <TextCorrectedLine lineID="P2_TL00513">
    <OldTextValue>I Notice of Sale of Real Estate</OldTextValue>
    <NewTextValue>Notice of Sale of Real Estate</NewTextValue>
  </TextCorrectedLine>
  <TextCorrectedLine lineID="P2_TL00516">
    <OldTextValue>_i_^ suance of an order of the Superior Court</OldTextValue>
    <NewTextValue>suance of an order of the Superior Court</NewTextValue>
  </TextCorrectedLine>
  <TextCorrectedLine lineID="P2_TL00517">
    <OldTextValue>oi the County of Sacramento, State of Califor-</OldTextValue>
    <NewTextValue>of the County of Sacramento, State of Califor-</NewTextValue>
  </TextCorrectedLine>
</TextCorrectedBlock>
<TextCorrectedBlock pageOID="AL19020627.1.2" blockID="P2_CB00005" userID="[redacted]">
  <TextCorrectedLine lineID="P2_TL00954">
    <OldTextValue>W. C. RALSTONf</OldTextValue>
    <NewTextValue>W. C. RALSTON</NewTextValue>
  </TextCorrectedLine>
  <TextCorrectedLine lineID="P2_TL00957">
    <OldTextValue>STATE SENATOR - V</OldTextValue>
    <NewTextValue>STATE SENATOR</NewTextValue>
  </TextCorrectedLine>
  <TextCorrectedLine lineID="P2_TL00966">
    <OldTextValue>■plain or ornamental work. Bookcases,</OldTextValue>
    <NewTextValue>plain or ornamental work. Bookcases,</NewTextValue>
  </TextCorrectedLine>
  <TextCorrectedLine lineID="P2_TL00967">
    <OldTextValue>wardrobes, Commodes, etc., turned out tn the</OldTextValue>
    <NewTextValue>wardrobes, Commodes, etc., turned out in the</NewTextValue>
  </TextCorrectedLine>
  <TextCorrectedLine lineID="P2_TL00969">
    <OldTextValue>Blinds made In short order. Orders from the</OldTextValue>
    <NewTextValue>Blinds made in short order. Orders from the</NewTextValue>
  </TextCorrectedLine>
</TextCorrectedBlock>
<TextCorrectedBlock pageOID="AL19020627.1.3" blockID="P3_TB00104" userID="[redacted]">
  <TextCorrectedLine lineID="P3_TL00873">
    <OldTextValue>Louvre restaurant. .</OldTextValue>
    <NewTextValue>Louvre restaurant.</NewTextValue>
  </TextCorrectedLine>
  <TextCorrectedLine lineID="P3_TL00874">
    <OldTextValue>■ ■</OldTextValue>
    <NewTextValue></NewTextValue>
  </TextCorrectedLine>
  <TextCorrectedLine lineID="P3_TL00879">
    <OldTextValue>Call for Nolson shoe, they aie always</OldTextValue>
    <NewTextValue>Call for Nolson shoe, they are always</NewTextValue>
  </TextCorrectedLine>
  <TextCorrectedLine lineID="P3_TL00881">
    <OldTextValue>Opie Harper has been corti-.od to the</OldTextValue>
    <NewTextValue>Opie Harper has been confined to the</NewTextValue>
  </TextCorrectedLine>
  <TextCorrectedLine lineID="P3_TL00882">
    <OldTextValue>house : most of the week, tie gains</OldTextValue>
    <NewTextValue>house   most of the week, tie gains</NewTextValue>
  </TextCorrectedLine>
  <TextCorrectedLine lineID="P3_TL00884">
    <OldTextValue>Mrs. W. K. MoFarland, who has-</OldTextValue>
    <NewTextValue>Mrs. W. K. McFarland, who has-</NewTextValue>
  </TextCorrectedLine>
  <TextCorrectedLine lineID="P3_TL00888">
    <OldTextValue>ing. Hours— 9 to 12 a. in; 1 to sp. m.</OldTextValue>
    <NewTextValue>ing. Hours— 9 to 12 a. in; 1 to 5 p. m.</NewTextValue>
  </TextCorrectedLine>
  <TextCorrectedLine lineID="P3_TL00889">
    <OldTextValue>Saturdays 9 to 12 a. in: 1 to 4 p. in.</OldTextValue>
    <NewTextValue>Saturdays 9 to 12 a. in: 1 to 4 p. m.</NewTextValue>
  </TextCorrectedLine>
  <TextCorrectedLine lineID="P3_TL00890">
    <OldTextValue>, r Appetizers, sardellen rings, Norway</OldTextValue>
    <NewTextValue>Appetizers, sardellen rings, Norway</NewTextValue>
  </TextCorrectedLine>
  <TextCorrectedLine lineID="P3_TL00893">
    <OldTextValue>'■ The next bottle of whisky you buy-</OldTextValue>
    <NewTextValue>The next bottle of whisky you buy-</NewTextValue>
  </TextCorrectedLine>
  <TextCorrectedLine lineID="P3_TL00901">
    <OldTextValue>! ' r lf you knew that "'Jesse Moore"</OldTextValue>
    <NewTextValue>lf you knew that "'Jesse Moore"</NewTextValue>
  </TextCorrectedLine>
  <TextCorrectedLine lineID="P3_TL00902">
    <OldTextValue>I Whisky was the purest on earth you'd</OldTextValue>
    <NewTextValue>Whisky was the purest on earth you'd</NewTextValue>
  </TextCorrectedLine>
  <TextCorrectedLine lineID="P3_TL00905">
    <OldTextValue>it.'</OldTextValue>
    <NewTextValue>it.</NewTextValue>
  </TextCorrectedLine>
</TextCorrectedBlock>
<TextCorrectedBlock pageOID="AL19020627.1.3" blockID="P3_TB00104" userID="[redacted]">
  <TextCorrectedLine lineID="P3_TL00901">
    <OldTextValue>lf you knew that "'Jesse Moore"</OldTextValue>
    <NewTextValue>lf you knew that "Jesse Moore"</NewTextValue>
  </TextCorrectedLine>
</TextCorrectedBlock>
<TextCorrectedBlock pageOID="AL19020627.1.3" blockID="P3_TB00050" userID="[redacted]">
  <TextCorrectedLine lineID="P3_TL00348">
    <OldTextValue>Fronch Pete, met with a serious acci-</OldTextValue>
    <NewTextValue>French Pete, met with a serious acci-</NewTextValue>
  </TextCorrectedLine>
  <TextCorrectedLine lineID="P3_TL00353">
    <OldTextValue>accident. He was employed -on the</OldTextValue>
    <NewTextValue>accident. He was employed on the</NewTextValue>
  </TextCorrectedLine>
  <TextCorrectedLine lineID="P3_TL00368">
    <OldTextValue>jvas brought to town, to Chirm's lodg-</OldTextValue>
    <NewTextValue>was brought to town, to Chinn's lodg-</NewTextValue>
  </TextCorrectedLine>
  <TextCorrectedLine lineID="P3_TL00369">
    <OldTextValue>ing house- Dr. Endicott was called,</OldTextValue>
    <NewTextValue>ing house.  Dr. Endicott was called,</NewTextValue>
  </TextCorrectedLine>
  <TextCorrectedLine lineID="P3_TL00374">
    <OldTextValue>will bo able to go to work again.</OldTextValue>
    <NewTextValue>will be able to go to work again.</NewTextValue>
  </TextCorrectedLine>
</TextCorrectedBlock>
<TextCorrectedBlock pageOID="AL19020627.1.3" blockID="P3_TB00031" userID="[redacted]">
  <TextCorrectedLine lineID="P3_TL00218">
    <OldTextValue>Answer, Nono.</OldTextValue>
    <NewTextValue>Answer, None.</NewTextValue>
  </TextCorrectedLine>
</TextCorrectedBlock>
<TextCorrectedBlock pageOID="AL19020627.1.3" blockID="P3_TB00061" userID="[redacted]">
  <TextCorrectedLine lineID="P3_TL00468">
    <OldTextValue>Reports wore current in Jackson</OldTextValue>
    <NewTextValue>Reports were current in Jackson</NewTextValue>
  </TextCorrectedLine>
  <TextCorrectedLine lineID="P3_TL00477">
    <OldTextValue>in Jacksou at the time, and received</OldTextValue>
    <NewTextValue>in Jackson at the time, and received</NewTextValue>
  </TextCorrectedLine>
  <TextCorrectedLine lineID="P3_TL00479">
    <OldTextValue>turn as soon as possible, as a flro was</OldTextValue>
    <NewTextValue>turn as soon as possible, as a fire was</NewTextValue>
  </TextCorrectedLine>
</TextCorrectedBlock>
<TextCorrectedBlock pageOID="AL19020627.1.3" blockID="P3_TB00038" userID="[redacted]">
  <TextCorrectedLine lineID="P3_TL00275">
    <OldTextValue>- Henry Allen, who has been here as</OldTextValue>
    <NewTextValue>Henry Allen, who has been here as</NewTextValue>
  </TextCorrectedLine>
</TextCorrectedBlock>
<TextCorrectedBlock pageOID="AL19020627.1.3" blockID="P3_TB00062" userID="[redacted]">
  <TextCorrectedLine lineID="P3_TL00483">
    <OldTextValue>Considerab'a activity is being mani-</OldTextValue>
    <NewTextValue>Considerable activity is being mani-</NewTextValue>
  </TextCorrectedLine>
  <TextCorrectedLine lineID="P3_TL00485">
    <OldTextValue>dor county, and quite ' a number of</OldTextValue>
    <NewTextValue>dor county, and quite a number of</NewTextValue>
  </TextCorrectedLine>
  <TextCorrectedLine lineID="P3_TL00486">
    <OldTextValue>mines are^ doing development work,</OldTextValue>
    <NewTextValue>mines are doing development work,</NewTextValue>
  </TextCorrectedLine>
  <TextCorrectedLine lineID="P3_TL00487">
    <OldTextValue>some of which are new discoveries,, and</OldTextValue>
    <NewTextValue>some of which are new discoveries,  and</NewTextValue>
  </TextCorrectedLine>
  <TextCorrectedLine lineID="P3_TL00488">
    <OldTextValue>others that were Idle for a long time,</OldTextValue>
    <NewTextValue>others that were idle for a long time,</NewTextValue>
  </TextCorrectedLine>
  <TextCorrectedLine lineID="P3_TL00489">
    <OldTextValue>in need of ' money to continue. | Al-</OldTextValue>
    <NewTextValue>in need of  money to continue. Al-</NewTextValue>
  </TextCorrectedLine>
  <TextCorrectedLine lineID="P3_TL00494">
    <OldTextValue>of success in . quartz mining is capital,</OldTextValue>
    <NewTextValue>of success in quartz mining is capital,</NewTextValue>
  </TextCorrectedLine>
  <TextCorrectedLine lineID="P3_TL00497">
    <OldTextValue>such vast' bodies of ore containing</OldTextValue>
    <NewTextValue>such vast bodies of ore containing</NewTextValue>
  </TextCorrectedLine>
</TextCorrectedBlock>
<TextCorrectedBlock pageOID="AL19020627.1.3" blockID="P3_TB00053" userID="[redacted]">
  <TextCorrectedLine lineID="P3_TL00393">
    <OldTextValue>ducted last Tuesday and .Wednesday,</OldTextValue>
    <NewTextValue>ducted last Tuesday and Wednesday,</NewTextValue>
  </TextCorrectedLine>
  <TextCorrectedLine lineID="P3_TL00397">
    <OldTextValue>Miss Alice Gartlin;" Plymouth," W; H.</OldTextValue>
    <NewTextValue>Miss Alice Gartlin;  Plymouth,  W; H.</NewTextValue>
  </TextCorrectedLine>
  <TextCorrectedLine lineID="P3_TL00399">
    <OldTextValue>Mack. , ,The aggregate number of</OldTextValue>
    <NewTextValue>Mack. The aggregate number of</NewTextValue>
  </TextCorrectedLine>
  <TextCorrectedLine lineID="P3_TL00401">
    <OldTextValue>tributed as follows: lone 30, . Volcano</OldTextValue>
    <NewTextValue>tributed as follows: lone 30,   Volcano</NewTextValue>
  </TextCorrectedLine>
  <TextCorrectedLine lineID="P3_TL00403">
    <OldTextValue>Jackson 19. The graduation applicants f</OldTextValue>
    <NewTextValue>Jackson 19. The graduation applicants</NewTextValue>
  </TextCorrectedLine>
  <TextCorrectedLine lineID="P3_TL00404">
    <OldTextValue>came not only from the, towns • in</OldTextValue>
    <NewTextValue>came not only from the, towns in</NewTextValue>
  </TextCorrectedLine>
  <TextCorrectedLine lineID="P3_TL00407">
    <OldTextValue>tricts. ' The result of the examinations</OldTextValue>
    <NewTextValue>tricts. The result of the examinations</NewTextValue>
  </TextCorrectedLine>
</TextCorrectedBlock>
<TextCorrectedBlock pageOID="AL19020627.1.4" blockID="P4_CB00005" userID="[redacted]">
  <TextCorrectedLine lineID="P4_TL00828">
    <OldTextValue>r ••••••••••••••••••••••••••••••••••••••</OldTextValue>
    <NewTextValue></NewTextValue>
  </TextCorrectedLine>
  <TextCorrectedLine lineID="P4_TL00829">
    <OldTextValue>| E. GINOCGHIO &amp; BROTHER f</OldTextValue>
    <NewTextValue>E. GINOCGHIO &amp; BROTHER</NewTextValue>
  </TextCorrectedLine>
  <TextCorrectedLine lineID="P4_TL00830">
    <OldTextValue>, * * Wholesale and Retail Dealers in •</OldTextValue>
    <NewTextValue>Wholesale and Retail Dealers in</NewTextValue>
  </TextCorrectedLine>
  <TextCorrectedLine lineID="P4_TL00831">
    <OldTextValue>General Merchandise * • • • «</OldTextValue>
    <NewTextValue>General Merchandise</NewTextValue>
  </TextCorrectedLine>
  <TextCorrectedLine lineID="P4_TL00832">
    <OldTextValue>• Water Street, Foot of Broadway, Jackson 5</OldTextValue>
    <NewTextValue>Water Street, Foot of Broadway, Jackson</NewTextValue>
  </TextCorrectedLine>
  <TextCorrectedLine lineID="P4_TL00833">
    <OldTextValue>WE TAKE PLEASURE IN INFORMING OUR PA- 5</OldTextValue>
    <NewTextValue>WE TAKE PLEASURE IN INFORMING OUR PA-</NewTextValue>
  </TextCorrectedLine>
  <TextCorrectedLine lineID="P4_TL00834">
    <OldTextValue>trons and the publio generally that we have on hand a Z</OldTextValue>
    <NewTextValue>trons and the public generally that we have on hand a</NewTextValue>
  </TextCorrectedLine>
  <TextCorrectedLine lineID="P4_TL00835">
    <OldTextValue>2 very choice selected stock of DRY GOODS of all kinds, GRO- 5</OldTextValue>
    <NewTextValue>very choice selected stock of DRY GOODS of all kinds, GRO-</NewTextValue>
  </TextCorrectedLine>
  <TextCorrectedLine lineID="P4_TL00836">
    <OldTextValue>J CERIES AND PROVISIONS, CLOTHING. BOOTS AND Z</OldTextValue>
    <NewTextValue>CERIES AND PROVISIONS, CLOTHING. BOOTS AND</NewTextValue>
  </TextCorrectedLine>
  <TextCorrectedLine lineID="P4_TL00837">
    <OldTextValue>Z SHOES. We particularly direot the attention of the publio !</OldTextValue>
    <NewTextValue>SHOES. We particularly direot the attention of the public</NewTextValue>
  </TextCorrectedLine>
  <TextCorrectedLine lineID="P4_TL00838">
    <OldTextValue>Z t0 tne tact that we bse P on hand the largest assortment of i</OldTextValue>
    <NewTextValue>to the fact that we keep on hand the largest assortment of</NewTextValue>
  </TextCorrectedLine>
  <TextCorrectedLine lineID="P4_TL00839">
    <OldTextValue>2 IRON AND STEEL to be found in Amador county. Also a S</OldTextValue>
    <NewTextValue>IRON AND STEEL to be found in Amador county. Also a</NewTextValue>
  </TextCorrectedLine>
  <TextCorrectedLine lineID="P4_TL00840">
    <OldTextValue>s superior assortmeat of all kinds of HARDWARE, such as Z</OldTextValue>
    <NewTextValue>superior assortmeat of all kinds of HARDWARE, such as</NewTextValue>
  </TextCorrectedLine>
  <TextCorrectedLine lineID="P4_TL00841">
    <OldTextValue>m Carriage Bolts. Screws, Nuts, Nails, and, in fact, everything Z</OldTextValue>
    <NewTextValue>Carriage Bolts. Screws, Nuts, Nails, and, in fact, everything</NewTextValue>
  </TextCorrectedLine>
  <TextCorrectedLine lineID="P4_TL00842">
    <OldTextValue>m the matket demands. We are sole agents for the celebrated 2</OldTextValue>
    <NewTextValue>the matket demands. We are sole agents for the celebrated</NewTextValue>
  </TextCorrectedLine>
  <TextCorrectedLine lineID="P4_TL00843">
    <OldTextValue>m HURCULES POWDER, of which which we shall constantly 5</OldTextValue>
    <NewTextValue>HURCULES POWDER, of which which we shall constantly</NewTextValue>
  </TextCorrectedLine>
  <TextCorrectedLine lineID="P4_TL00844">
    <OldTextValue>0 keep on hand a large supply. ■ • . • 5</OldTextValue>
    <NewTextValue>keep on hand a large supply.</NewTextValue>
  </TextCorrectedLine>
  <TextCorrectedLine lineID="P4_TL00845">
    <OldTextValue>••'••••••••••••••••••••••••••••••••a**</OldTextValue>
    <NewTextValue></NewTextValue>
  </TextCorrectedLine>
  <TextCorrectedLine lineID="P4_TL00846">
    <OldTextValue>I tic NEW</OldTextValue>
    <NewTextValue>THE NEW</NewTextValue>
  </TextCorrectedLine>
  <TextCorrectedLine lineID="P4_TL00847">
    <OldTextValue>NATIONAL HOTEL ■•"&gt;</OldTextValue>
    <NewTextValue>NATIONAL HOTEL</NewTextValue>
  </TextCorrectedLine>
  <TextCorrectedLine lineID="P4_TL00848">
    <OldTextValue>©Ja^^ Poor o» Main Street</OldTextValue>
    <NewTextValue>Foot of Main Street</NewTextValue>
  </TextCorrectedLine>
  <TextCorrectedLine lineID="P4_TL00850">
    <OldTextValue>o o o o o o FIRBT-CUSS ACCOiIODATKHIS FOR TRAVELERS AT REASONABLE PRICES</OldTextValue>
    <NewTextValue>FIRST-CLASS ACCOMMODATIONS FOR TRAVELERS AT REASONABLE PRICES</NewTextValue>
  </TextCorrectedLine>
  <TextCorrectedLine lineID="P4_TL00851">
    <OldTextValue>. .... k Sample Room tor Commercial Travelers</OldTextValue>
    <NewTextValue>Sample Room tor Commercial Travelers</NewTextValue>
  </TextCorrectedLine>
  <TextCorrectedLine lineID="P4_TL00852">
    <OldTextValue>Rooms Newly Furnished Throughout 1</OldTextValue>
    <NewTextValue>Rooms Newly Furnished Throughout</NewTextValue>
  </TextCorrectedLine>
  <TextCorrectedLine lineID="P4_TL00853">
    <OldTextValue>I Table Supplied With the Best in the Market "^^"</OldTextValue>
    <NewTextValue>Table Supplied With the Best in the Market</NewTextValue>
  </TextCorrectedLine>
  <TextCorrectedLine lineID="P4_TL00854">
    <OldTextValue>I BAR Supplied With the Finest Brands of T</OldTextValue>
    <NewTextValue>BAR Supplied With the Finest Brands of</NewTextValue>
  </TextCorrectedLine>
  <TextCorrectedLine lineID="P4_TL00855">
    <OldTextValue>\ . Wines Liquors and Cigars</OldTextValue>
    <NewTextValue>Wines Liquors and Cigars</NewTextValue>
  </TextCorrectedLine>
  <TextCorrectedLine lineID="P4_TL00856">
    <OldTextValue>25*1 -A.- 'TOOBHEIS, IFropxietor</OldTextValue>
    <NewTextValue>F. A. VOORHEIS, Proprietor</NewTextValue>
  </TextCorrectedLine>
  <TextCorrectedLine lineID="P4_TL00857">
    <OldTextValue>PIONEER FLOUR IS PERFECTION^</OldTextValue>
    <NewTextValue>PIONEER FLOUR IS PERFECTION</NewTextValue>
  </TextCorrectedLine>
  <TextCorrectedLine lineID="P4_TL00858">
    <OldTextValue>J Made From SELECTED WHEAT</OldTextValue>
    <NewTextValue>Made From SELECTED WHEAT</NewTextValue>
  </TextCorrectedLine>
  <TextCorrectedLine lineID="P4_TL00859">
    <OldTextValue>ft Blended According to Our Own Formula</OldTextValue>
    <NewTextValue>Blended According to Our Own Formula</NewTextValue>
  </TextCorrectedLine>
  <TextCorrectedLine lineID="P4_TL00860">
    <OldTextValue>. *4 Producina Perfect Results and</OldTextValue>
    <NewTextValue>Producing Perfect Results and</NewTextValue>
  </TextCorrectedLine>
</TextCorrectedBlock>
