<TextCorrectedBlock pageOID="AL19020328.1.2" blockID="P2_TB00013" userID="[redacted]">
  <TextCorrectedLine lineID="P2_TL00052">
    <OldTextValue>Superior Judge "..».. Hon. B. C. Rust</OldTextValue>
    <NewTextValue>Superior Judge ... Hon. B. C. Rust</NewTextValue>
  </TextCorrectedLine>
  <TextCorrectedLine lineID="P2_TL00053">
    <OldTextValue>Sheriff and Tax Collector U. S. Gregory</OldTextValue>
    <NewTextValue>Sheriff and Tax Collector ... U. S. Gregory</NewTextValue>
  </TextCorrectedLine>
  <TextCorrectedLine lineID="P2_TL00060">
    <OldTextValue>Assessor.:.. ..^.John Marchant</OldTextValue>
    <NewTextValue>Assessor.:.. ...John Marchant</NewTextValue>
  </TextCorrectedLine>
  <TextCorrectedLine lineID="P2_TL00061">
    <OldTextValue>Deputy Assessor George F. Mack</OldTextValue>
    <NewTextValue>Deputy Assessor ...George F. Mack</NewTextValue>
  </TextCorrectedLine>
</TextCorrectedBlock>
<TextCorrectedBlock pageOID="AL19020328.1.2" blockID="P2_TB00013" userID="[redacted]">
  <TextCorrectedLine lineID="P2_TL00050">
    <OldTextValue>State Senator Hon. John F. Davis</OldTextValue>
    <NewTextValue>State Senator Hon.... John F. Davis</NewTextValue>
  </TextCorrectedLine>
  <TextCorrectedLine lineID="P2_TL00051">
    <OldTextValue>Assemblyman... Hod. Fred L. Stewart</OldTextValue>
    <NewTextValue>Assemblyman... Hon. Fred L. Stewart</NewTextValue>
  </TextCorrectedLine>
  <TextCorrectedLine lineID="P2_TL00054">
    <OldTextValue>Deputy Sheriff ..J. Podesta</OldTextValue>
    <NewTextValue>Deputy Sheriff ...J. Podesta</NewTextValue>
  </TextCorrectedLine>
  <TextCorrectedLine lineID="P2_TL00055">
    <OldTextValue>County Clerk and Auditor C. L. Culbert</OldTextValue>
    <NewTextValue>County Clerk and Auditor ... C. L. Culbert</NewTextValue>
  </TextCorrectedLine>
  <TextCorrectedLine lineID="P2_TL00056">
    <OldTextValue>Deputy County Clerk B. R. Breese</OldTextValue>
    <NewTextValue>Deputy County Clerk ... B. R. Breese</NewTextValue>
  </TextCorrectedLine>
  <TextCorrectedLine lineID="P2_TL00058">
    <OldTextValue>Treasurer S. G. Spagnoli</OldTextValue>
    <NewTextValue>Treasurer  ... S. G. Spagnoli</NewTextValue>
  </TextCorrectedLine>
  <TextCorrectedLine lineID="P2_TL00062">
    <OldTextValue>Superintendent of Schools Geo. A. Gordon</OldTextValue>
    <NewTextValue>Superintendent of Schools ... Geo. A. Gordon</NewTextValue>
  </TextCorrectedLine>
  <TextCorrectedLine lineID="P2_TL00063">
    <OldTextValue>Coroner and Administrator Goo. A. Gritton</OldTextValue>
    <NewTextValue>Coroner and Administrator...  Geo. A. Gritton</NewTextValue>
  </TextCorrectedLine>
  <TextCorrectedLine lineID="P2_TL00065">
    <OldTextValue>County Physician Dr. A. M, Gall</OldTextValue>
    <NewTextValue>County Physician ... Dr. A. M, Gall</NewTextValue>
  </TextCorrectedLine>
  <TextCorrectedLine lineID="P2_TL00066">
    <OldTextValue>Steward of County Hospital A. C. Barrett</OldTextValue>
    <NewTextValue>Steward of County Hospital ... A. C. Barrett</NewTextValue>
  </TextCorrectedLine>
  <TextCorrectedLine lineID="P2_TL00067">
    <OldTextValue>supervisors.</OldTextValue>
    <NewTextValue>Supervisors.</NewTextValue>
  </TextCorrectedLine>
  <TextCorrectedLine lineID="P2_TL00068">
    <OldTextValue>Township One M. Newman</OldTextValue>
    <NewTextValue>Township One ... M. Newman</NewTextValue>
  </TextCorrectedLine>
  <TextCorrectedLine lineID="P2_TL00069">
    <OldTextValue>Township Two W. M. Amick</OldTextValue>
    <NewTextValue>Township Two ... W. M. Amick</NewTextValue>
  </TextCorrectedLine>
  <TextCorrectedLine lineID="P2_TL00070">
    <OldTextValue>Township Three A. U.. Mclaughlin</OldTextValue>
    <NewTextValue>Township Three ... A. B. McLaughlin</NewTextValue>
  </TextCorrectedLine>
  <TextCorrectedLine lineID="P2_TL00071">
    <OldTextValue>Township Tour:;/...':. .../.1',;. ....i5. B. Moore</OldTextValue>
    <NewTextValue>Township Four:  ..... B. Moore</NewTextValue>
  </TextCorrectedLine>
  <TextCorrectedLine lineID="P2_TL00072">
    <OldTextValue>Township Five. .........;:.;.".. Fred B. LoMoln</OldTextValue>
    <NewTextValue>Township Five. ......... Fred B. LeMoin</NewTextValue>
  </TextCorrectedLine>
</TextCorrectedBlock>
<TextCorrectedBlock pageOID="AL19020328.1.2" blockID="P2_TB00013" userID="[redacted]">
  <TextCorrectedLine lineID="P2_TL00074">
    <OldTextValue>ors is held on. the first Monday of each month.</OldTextValue>
    <NewTextValue>ors is held on the first Monday of each month.</NewTextValue>
  </TextCorrectedLine>
  <TextCorrectedLine lineID="P2_TL00075">
    <OldTextValue>Fred B. LeMoln, Chairman.</OldTextValue>
    <NewTextValue>Fred B. LeMoin, Chairman.</NewTextValue>
  </TextCorrectedLine>
  <TextCorrectedLine lineID="P2_TL00078">
    <OldTextValue>Justice of the Peace.. H. Ooldner</OldTextValue>
    <NewTextValue>Justice of the Peace.. H. Goldner</NewTextValue>
  </TextCorrectedLine>
  <TextCorrectedLine lineID="P2_TL00079">
    <OldTextValue>Constable : H. tt. Ksiy</OldTextValue>
    <NewTextValue>Constable ....H.E. Kay</NewTextValue>
  </TextCorrectedLine>
  <TextCorrectedLine lineID="P2_TL00080">
    <OldTextValue>towkship "two.</OldTextValue>
    <NewTextValue>Township Two.</NewTextValue>
  </TextCorrectedLine>
  <TextCorrectedLine lineID="P2_TL00081">
    <OldTextValue>Justice of the Peace James MoCauloy</OldTextValue>
    <NewTextValue>Justice of the Peace ... James MoCauley</NewTextValue>
  </TextCorrectedLine>
  <TextCorrectedLine lineID="P2_TL00083">
    <OldTextValue>TOWNSHIP THREK.</OldTextValue>
    <NewTextValue>TOWNSHIP THREE</NewTextValue>
  </TextCorrectedLine>
  <TextCorrectedLine lineID="P2_TL00084">
    <OldTextValue>Justice of the Peace A . W. Robinson</OldTextValue>
    <NewTextValue>Justice of the Peace  ... A . W. Robinson</NewTextValue>
  </TextCorrectedLine>
  <TextCorrectedLine lineID="P2_TL00086">
    <OldTextValue>TOWNSHIP FOOR.</OldTextValue>
    <NewTextValue>TOWNSHIP FOUR.</NewTextValue>
  </TextCorrectedLine>
  <TextCorrectedLine lineID="P2_TL00087">
    <OldTextValue>Justice of the Peace J. H. Giles</OldTextValue>
    <NewTextValue>Justice of the Peace  ... J. H. Giles</NewTextValue>
  </TextCorrectedLine>
  <TextCorrectedLine lineID="P2_TL00088">
    <OldTextValue>Constable d. V. : Gray</OldTextValue>
    <NewTextValue>Constable ... D.F. Gray</NewTextValue>
  </TextCorrectedLine>
  <TextCorrectedLine lineID="P2_TL00089">
    <OldTextValue>• township rms.</OldTextValue>
    <NewTextValue>Twonship Five</NewTextValue>
  </TextCorrectedLine>
  <TextCorrectedLine lineID="P2_TL00090">
    <OldTextValue>Justice of the Peace j. Blower</OldTextValue>
    <NewTextValue>Justice of the Peace ... J. Blower</NewTextValue>
  </TextCorrectedLine>
  <TextCorrectedLine lineID="P2_TL00091">
    <OldTextValue>Constable. f William Scoble</OldTextValue>
    <NewTextValue>Constable. ... William Scoble</NewTextValue>
  </TextCorrectedLine>
</TextCorrectedBlock>
<TextCorrectedBlock pageOID="AL19020328.1.2" blockID="P2_TB00013" userID="[redacted]">
  <TextCorrectedLine lineID="P2_TL00077">
    <OldTextValue>, TOWNSHIP ONE.</OldTextValue>
    <NewTextValue>TOWNSHIP ONE.</NewTextValue>
  </TextCorrectedLine>
  <TextCorrectedLine lineID="P2_TL00081">
    <OldTextValue>Justice of the Peace ... James MoCauley</OldTextValue>
    <NewTextValue>Justice of the Peace ... James McCauley</NewTextValue>
  </TextCorrectedLine>
</TextCorrectedBlock>
<TextCorrectedBlock pageOID="AL19020328.1.2" blockID="P2_TB00036" userID="[redacted]">
  <TextCorrectedLine lineID="P2_TL00223">
    <OldTextValue>l lt was when the officers were seri-</OldTextValue>
    <NewTextValue>lt was when the officers were seri-</NewTextValue>
  </TextCorrectedLine>
</TextCorrectedBlock>
<TextCorrectedBlock pageOID="AL19020328.1.2" blockID="P2_TB00029" userID="[redacted]">
  <TextCorrectedLine lineID="P2_TL00176">
    <OldTextValue>I One of the English visitors could see</OldTextValue>
    <NewTextValue>One of the English visitors could see</NewTextValue>
  </TextCorrectedLine>
</TextCorrectedBlock>
<TextCorrectedBlock pageOID="AL19020328.1.2" blockID="P2_TB00019" userID="[redacted]">
  <TextCorrectedLine lineID="P2_TL00115">
    <OldTextValue>Charles 11., sometimes called "Coonf</OldTextValue>
    <NewTextValue>Charles II, sometimes called "Count"</NewTextValue>
  </TextCorrectedLine>
  <TextCorrectedLine lineID="P2_TL00116">
    <OldTextValue>Homes.' It Is said that he was arrested</OldTextValue>
    <NewTextValue>Haines.' It Is said that he was arrested</NewTextValue>
  </TextCorrectedLine>
  <TextCorrectedLine lineID="P2_TL00130">
    <OldTextValue>and took off his bat to the bishop, i His</OldTextValue>
    <NewTextValue>and took off his hat to the bishop, i His</NewTextValue>
  </TextCorrectedLine>
  <TextCorrectedLine lineID="P2_TL00134">
    <OldTextValue>tarapWof conscience' that hV feared</OldTextValue>
    <NewTextValue>scruples conscience that he feared</NewTextValue>
  </TextCorrectedLine>
  <TextCorrectedLine lineID="P2_TL00137">
    <OldTextValue>to hiß , house and promise to satisfy</OldTextValue>
    <NewTextValue>to his house and promise to satisfy</NewTextValue>
  </TextCorrectedLine>
  <TextCorrectedLine lineID="P2_TL00140">
    <OldTextValue>come to me tomorrow morning, and 1</OldTextValue>
    <NewTextValue>come to me tomorrow morning, and I</NewTextValue>
  </TextCorrectedLine>
</TextCorrectedBlock>
<TextCorrectedBlock pageOID="AL19020328.1.2" blockID="P2_TB00019" userID="[redacted]">
  <TextCorrectedLine lineID="P2_TL00133">
    <OldTextValue>the two men were suffering from euch</OldTextValue>
    <NewTextValue>the two men were suffering from such</NewTextValue>
  </TextCorrectedLine>
</TextCorrectedBlock>
<TextCorrectedBlock pageOID="AL19020328.1.2" blockID="P2_TB00019" userID="[redacted]">
  <TextCorrectedLine lineID="P2_TL00130">
    <OldTextValue>and took off his hat to the bishop, i His</OldTextValue>
    <NewTextValue>and took off his hat to the bishop,  His</NewTextValue>
  </TextCorrectedLine>
</TextCorrectedBlock>
<TextCorrectedBlock pageOID="AL19020328.1.2" blockID="P2_TB00105" userID="[redacted]">
  <TextCorrectedLine lineID="P2_TL00797">
    <OldTextValue>But ! suppose that the surface on</OldTextValue>
    <NewTextValue>But suppose that the surface on</NewTextValue>
  </TextCorrectedLine>
</TextCorrectedBlock>
<TextCorrectedBlock pageOID="AL19020328.1.2" blockID="P2_TB00048" userID="[redacted]">
  <TextCorrectedLine lineID="P2_TL00331">
    <OldTextValue>of Missouri a steamboat . man was</OldTextValue>
    <NewTextValue>of Missouri a steamboat man was</NewTextValue>
  </TextCorrectedLine>
  <TextCorrectedLine lineID="P2_TL00332">
    <OldTextValue>brought in from the penitential as an</OldTextValue>
    <NewTextValue>brought in from the penitentiary as an</NewTextValue>
  </TextCorrectedLine>
  <TextCorrectedLine lineID="P2_TL00342">
    <OldTextValue>I fear." .". 1 .. ;</OldTextValue>
    <NewTextValue>I fear." ;</NewTextValue>
  </TextCorrectedLine>
</TextCorrectedBlock>
<TextCorrectedBlock pageOID="AL19020328.1.2" blockID="P2_TB00048" userID="[redacted]">
  <TextCorrectedLine lineID="P2_TL00342">
    <OldTextValue>I fear." ;</OldTextValue>
    <NewTextValue>I fear."</NewTextValue>
  </TextCorrectedLine>
  <TextCorrectedLine lineID="P2_TL00350">
    <OldTextValue>thing," resumed the governor. "1 want</OldTextValue>
    <NewTextValue>thing," resumed the governor. " I want</NewTextValue>
  </TextCorrectedLine>
  <TextCorrectedLine lineID="P2_TL00360">
    <OldTextValue>day that boy. may become a governor,</OldTextValue>
    <NewTextValue>day that boy may become a governor,</NewTextValue>
  </TextCorrectedLine>
  <TextCorrectedLine lineID="P2_TL00361">
    <OldTextValue>and you may want him to pardon yon</OldTextValue>
    <NewTextValue>and you may want him to pardon you</NewTextValue>
  </TextCorrectedLine>
  <TextCorrectedLine lineID="P2_TL00365">
    <OldTextValue>load of wood." There was a boy. on</OldTextValue>
    <NewTextValue>load of wood." There was a boy on</NewTextValue>
  </TextCorrectedLine>
  <TextCorrectedLine lineID="P2_TL00366">
    <OldTextValue>board who was working ■ his passage</OldTextValue>
    <NewTextValue>board who was working  his passage</NewTextValue>
  </TextCorrectedLine>
  <TextCorrectedLine lineID="P2_TL00374">
    <OldTextValue>toiling Uke a slave until the load was</OldTextValue>
    <NewTextValue>toiling like a slave until the load was</NewTextValue>
  </TextCorrectedLine>
  <TextCorrectedLine lineID="P2_TL00381">
    <OldTextValue>' .'- ■ ' .»&gt;_.__ .</OldTextValue>
    <NewTextValue>what a lesson to a bully!</NewTextValue>
  </TextCorrectedLine>
</TextCorrectedBlock>
<TextCorrectedBlock pageOID="AL19020328.1.3" blockID="P3_TB00018" userID="[redacted]">
  <TextCorrectedLine lineID="P3_TL00142">
    <OldTextValue>warmed up to • their political work</OldTextValue>
    <NewTextValue>warmed up to  their political work</NewTextValue>
  </TextCorrectedLine>
  <TextCorrectedLine lineID="P3_TL00148">
    <OldTextValue>change. This is . not saying any-</OldTextValue>
    <NewTextValue>change. This is not saying any-</NewTextValue>
  </TextCorrectedLine>
</TextCorrectedBlock>
<TextCorrectedBlock pageOID="AL19020328.1.3" blockID="P3_TB00032" userID="[redacted]">
  <TextCorrectedLine lineID="P3_TL00470">
    <OldTextValue>Following is tho full; text of theude-</OldTextValue>
    <NewTextValue>Following is the full; text of the de-</NewTextValue>
  </TextCorrectedLine>
  <TextCorrectedLine lineID="P3_TL00471">
    <OldTextValue>cislon of the supreme court in the" case</OldTextValue>
    <NewTextValue>cislon of the supreme court in the case</NewTextValue>
  </TextCorrectedLine>
  <TextCorrectedLine lineID="P3_TL00472">
    <OldTextValue>of Bernafdis vs.' Annie E. Allen: %£</OldTextValue>
    <NewTextValue>of Bernardis vs. Annie E. Allen:</NewTextValue>
  </TextCorrectedLine>
  <TextCorrectedLine lineID="P3_TL00473">
    <OldTextValue>Sad No: 850-Depurtment One-March 12. 1903.</OldTextValue>
    <NewTextValue>Sac No: 850-Depurtment One-March 12. 1902.</NewTextValue>
  </TextCorrectedLine>
  <TextCorrectedLine lineID="P3_TL00474">
    <OldTextValue>Joseph Bernardls, plaintiff and appell-</OldTextValue>
    <NewTextValue>Joseph Bernardis, plaintiff and appell-</NewTextValue>
  </TextCorrectedLine>
  <TextCorrectedLine lineID="P3_TL00476">
    <OldTextValue>fendants and respondents.  &lt; i</OldTextValue>
    <NewTextValue>fendants and respondents.</NewTextValue>
  </TextCorrectedLine>
  <TextCorrectedLine lineID="P3_TL00480">
    <OldTextValue>Johu F. Davis, D. L. Donnelly. For</OldTextValue>
    <NewTextValue>John F. Davis, D. L. Donnelly. For</NewTextValue>
  </TextCorrectedLine>
  <TextCorrectedLine lineID="P3_TL00481">
    <OldTextValue>respondents, Wm. J; McGee? C. J P.</OldTextValue>
    <NewTextValue>respondents, Wm. J; McGee, C. P.</NewTextValue>
  </TextCorrectedLine>
  <TextCorrectedLine lineID="P3_TL00482">
    <OldTextValue>Vicini. - ■ ■ v</OldTextValue>
    <NewTextValue>Vicini.</NewTextValue>
  </TextCorrectedLine>
</TextCorrectedBlock>
<TextCorrectedBlock pageOID="AL19020328.1.3" blockID="P3_TB00032" userID="[redacted]">
  <TextCorrectedLine lineID="P3_TL00473">
    <OldTextValue>Sac No: 850-Depurtment One-March 12. 1902.</OldTextValue>
    <NewTextValue>Sac No: 850-Department One-March 12. 1902.</NewTextValue>
  </TextCorrectedLine>
</TextCorrectedBlock>
<TextCorrectedBlock pageOID="AL19020328.1.3" blockID="P3_TB00011" userID="[redacted]">
  <TextCorrectedLine lineID="P3_TL00045">
    <OldTextValue>debus - ••' ' ;</OldTextValue>
    <NewTextValue>DEEDS</NewTextValue>
  </TextCorrectedLine>
  <TextCorrectedLine lineID="P3_TL00046">
    <OldTextValue>Hattie Carpenter to S." Ferrari— Lot '</OldTextValue>
    <NewTextValue>Hattie Carpenter to S.Ferrari— Lot '</NewTextValue>
  </TextCorrectedLine>
  <TextCorrectedLine lineID="P3_TL00047">
    <OldTextValue>V block 11, Jackson; $800.' K;v</OldTextValue>
    <NewTextValue>7 block 11, Jackson; $800.</NewTextValue>
  </TextCorrectedLine>
  <TextCorrectedLine lineID="P3_TL00048">
    <OldTextValue>JoTin E. Peri'dola' to Ida Fassero— Lot</OldTextValue>
    <NewTextValue>John E. Pendola to Ida Fassero— Lot</NewTextValue>
  </TextCorrectedLine>
  <TextCorrectedLine lineID="P3_TL00049">
    <OldTextValue>on Jackson Gate" road ; $1180. • ;</OldTextValue>
    <NewTextValue>on Jackson Gate road ; $1180.</NewTextValue>
  </TextCorrectedLine>
  <TextCorrectedLine lineID="P3_TL00055">
    <OldTextValue>Morris Briu|i et al t 0 Cnas - H.</OldTextValue>
    <NewTextValue>Morris Brinn et al t 0 Cnas - H.</NewTextValue>
  </TextCorrectedLine>
  <TextCorrectedLine lineID="P3_TL00069">
    <OldTextValue>Ida Fassero -to Bank of Amador</OldTextValue>
    <NewTextValue>Ida Fassero to Bank of Amador</NewTextValue>
  </TextCorrectedLine>
  <TextCorrectedLine lineID="P3_TL00071">
    <OldTextValue>•' MINING RECORDS.' ■■</OldTextValue>
    <NewTextValue>MINING RECORDS.</NewTextValue>
  </TextCorrectedLine>
  <TextCorrectedLine lineID="P3_TL00076">
    <OldTextValue>district. • - &gt; ■, ..;, : ,,</OldTextValue>
    <NewTextValue>district.</NewTextValue>
  </TextCorrectedLine>
  <TextCorrectedLine lineID="P3_TL00085">
    <OldTextValue>ing district. Hx,.£'. ■ .</OldTextValue>
    <NewTextValue>ing district.</NewTextValue>
  </TextCorrectedLine>
  <TextCorrectedLine lineID="P3_TL00090">
    <OldTextValue>Chattels, horses and cattle; $250. ■■•</OldTextValue>
    <NewTextValue>Chattels, horses and cattle; $250.</NewTextValue>
  </TextCorrectedLine>
  <TextCorrectedLine lineID="P3_TL00099">
    <OldTextValue>-Acknowledged by D. F. Gray,' ton-</OldTextValue>
    <NewTextValue>-Acknowledged by D. F. Gray, con-</NewTextValue>
  </TextCorrectedLine>
</TextCorrectedBlock>
<TextCorrectedBlock pageOID="AL19020328.1.3" blockID="P3_TB00011" userID="[redacted]">
  <TextCorrectedLine lineID="P3_TL00089">
    <OldTextValue>■ Francesco Davalle to Marg. Molfino—</OldTextValue>
    <NewTextValue>Francesco Davalle to Marg. Molfino—</NewTextValue>
  </TextCorrectedLine>
  <TextCorrectedLine lineID="P3_TL00096">
    <OldTextValue>cuted by M". Newman-^Lot 6, block 10,</OldTextValue>
    <NewTextValue>cuted by M. Newman - Lot 6, block 10,</NewTextValue>
  </TextCorrectedLine>
  <TextCorrectedLine lineID="P3_TL00097">
    <OldTextValue>Jackson. t</OldTextValue>
    <NewTextValue>Jackson.</NewTextValue>
  </TextCorrectedLine>
</TextCorrectedBlock>
<TextCorrectedBlock pageOID="AL19020328.1.3" blockID="P3_TB00015" userID="[redacted]">
  <TextCorrectedLine lineID="P3_TL00111">
    <OldTextValue>clstor. N. H., "No remedy helped me</OldTextValue>
    <NewTextValue>elstor. N. H., "No remedy helped me</NewTextValue>
  </TextCorrectedLine>
</TextCorrectedBlock>
<TextCorrectedBlock pageOID="AL19020328.1.3" blockID="P3_TB00015" userID="[redacted]">
  <TextCorrectedLine lineID="P3_TL00108">
    <OldTextValue>"I was troubled ' for several years</OldTextValue>
    <NewTextValue>"I was troubled for several years</NewTextValue>
  </TextCorrectedLine>
</TextCorrectedBlock>
<TextCorrectedBlock pageOID="AL19020328.1.3" blockID="P3_CB00001" userID="[redacted]">
  <TextCorrectedLine lineID="P3_TL00619">
    <OldTextValue>i Wines*Liqii6rs * Cigars</OldTextValue>
    <NewTextValue>Wines * Liquors * Cigars</NewTextValue>
  </TextCorrectedLine>
  <TextCorrectedLine lineID="P3_TL00623">
    <OldTextValue>! and Private Cuvee Champagne: Morgan Bros .,</OldTextValue>
    <NewTextValue>and Private Cuvee Champagne: Morgan Bros .,</NewTextValue>
  </TextCorrectedLine>
  <TextCorrectedLine lineID="P3_TL00624">
    <OldTextValue>, Puerto de Santa Maria Sherries: Royal Wine</OldTextValue>
    <NewTextValue>Puerto de Santa Maria Sherries: Royal Wine</NewTextValue>
  </TextCorrectedLine>
  <TextCorrectedLine lineID="P3_TL00626">
    <OldTextValue>| Bordeaux, Clarets and Sauternes : CANADIAN</OldTextValue>
    <NewTextValue>Bordeaux, Clarets and Sauternes : CANADIAN</NewTextValue>
  </TextCorrectedLine>
  <TextCorrectedLine lineID="P3_TL00627">
    <OldTextValue>! CLUB WHISKY, Hiram Walker &amp; Sons. Lim-</OldTextValue>
    <NewTextValue>CLUB WHISKY, Hiram Walker &amp; Sons. Lim-</NewTextValue>
  </TextCorrectedLine>
  <TextCorrectedLine lineID="P3_TL00638">
    <OldTextValue>TTIPPO Friilt * nd Orna "</OldTextValue>
    <NewTextValue>TREES  Fruit and Orna-</NewTextValue>
  </TextCorrectedLine>
  <TextCorrectedLine lineID="P3_TL00639">
    <OldTextValue>" I IJ I_J LjV mental Shade Trees</OldTextValue>
    <NewTextValue>mental Shade Trees</NewTextValue>
  </TextCorrectedLine>
  <TextCorrectedLine lineID="P3_TL00640">
    <OldTextValue>I l\ I r\ for street and</OldTextValue>
    <NewTextValue>for street and</NewTextValue>
  </TextCorrectedLine>
  <TextCorrectedLine lineID="P3_TL00641">
    <OldTextValue>■*. JL\ I * l.rfV-7 roadside '.-; ;</OldTextValue>
    <NewTextValue>roadside</NewTextValue>
  </TextCorrectedLine>
  <TextCorrectedLine lineID="P3_TL00647">
    <OldTextValue>• ; Large Palms</OldTextValue>
    <NewTextValue>Large Palms</NewTextValue>
  </TextCorrectedLine>
  <TextCorrectedLine lineID="P3_TL00653">
    <OldTextValue>| NHeS, Cal. decliMm</OldTextValue>
    <NewTextValue>Niles,  Cal.      decliMm</NewTextValue>
  </TextCorrectedLine>
  <TextCorrectedLine lineID="P3_TL00654">
    <OldTextValue>I ®gjT Onion Stables</OldTextValue>
    <NewTextValue>Union Stables</NewTextValue>
  </TextCorrectedLine>
  <TextCorrectedLine lineID="P3_TL00655">
    <OldTextValue>| » Iwiiiill under Webb Hall *</OldTextValue>
    <NewTextValue>under Webb Hall *</NewTextValue>
  </TextCorrectedLine>
</TextCorrectedBlock>
<TextCorrectedBlock pageOID="AL19020328.1.3" blockID="P3_CB00003" userID="[redacted]">
  <TextCorrectedLine lineID="P3_TL00810">
    <OldTextValue>tri-wekkly via Coast Line ant?</OldTextValue>
    <NewTextValue>tri-wekkly via Coast Line antd</NewTextValue>
  </TextCorrectedLine>
  <TextCorrectedLine lineID="P3_TL00815">
    <OldTextValue>Mondays, Wednesdays, Fridsyi</OldTextValue>
    <NewTextValue>Mondays, Wednesdays, Fridays</NewTextValue>
  </TextCorrectedLine>
  <TextCorrectedLine lineID="P3_TL00823">
    <OldTextValue>Get the little book, "Waysid&lt;</OldTextValue>
    <NewTextValue>Get the little book, "Wayside</NewTextValue>
  </TextCorrectedLine>
  <TextCorrectedLine lineID="P3_TL00824">
    <OldTextValue>Notes," from any^agent of th&lt;</OldTextValue>
    <NewTextValue>Notes," from any agent of the</NewTextValue>
  </TextCorrectedLine>
  <TextCorrectedLine lineID="P3_TL00826">
    <OldTextValue>: Initial trip of Sunset Limited</OldTextValue>
    <NewTextValue>Initial trip of Sunset Limited</NewTextValue>
  </TextCorrectedLine>
  <TextCorrectedLine lineID="P3_TL00827">
    <OldTextValue>Friday, Dec. 6, from San Francis*</OldTextValue>
    <NewTextValue>Friday, Dec. 6, from San Francisco</NewTextValue>
  </TextCorrectedLine>
  <TextCorrectedLine lineID="P3_TL00828">
    <OldTextValue>•••••••••••••••••••CO****</OldTextValue>
    <NewTextValue>••••••••••••••••••</NewTextValue>
  </TextCorrectedLine>
  <TextCorrectedLine lineID="P3_TL00829">
    <OldTextValue>i UP-TO-DATE J</OldTextValue>
    <NewTextValue>UP-TO-DATE</NewTextValue>
  </TextCorrectedLine>
  <TextCorrectedLine lineID="P3_TL00830">
    <OldTextValue>: Stationery i</OldTextValue>
    <NewTextValue>Stationery</NewTextValue>
  </TextCorrectedLine>
  <TextCorrectedLine lineID="P3_TL00831">
    <OldTextValue>: Novelties i</OldTextValue>
    <NewTextValue>Novelties</NewTextValue>
  </TextCorrectedLine>
  <TextCorrectedLine lineID="P3_TL00832">
    <OldTextValue>iAT RIGHT PRICES ]</OldTextValue>
    <NewTextValue>AT RIGHT PRICES</NewTextValue>
  </TextCorrectedLine>
  <TextCorrectedLine lineID="P3_TL00833">
    <OldTextValue>| MIS VARIETY STORE ]</OldTextValue>
    <NewTextValue>|FREEMAN'S VARIETY STORE ]</NewTextValue>
  </TextCorrectedLine>
  <TextCorrectedLine lineID="P3_TL00837">
    <OldTextValue>eOSMQPQLITAN LIQUOR STOR</OldTextValue>
    <NewTextValue>COSMOPOLITAN LIQUOR STORE</NewTextValue>
  </TextCorrectedLine>
  <TextCorrectedLine lineID="P3_TL00838">
    <OldTextValue>JACKSON SATE, CAL. "</OldTextValue>
    <NewTextValue>JACKSON SATE, CAL.</NewTextValue>
  </TextCorrectedLine>
</TextCorrectedBlock>
<TextCorrectedBlock pageOID="AL19020328.1.4" blockID="P4_TB00104" userID="[redacted]">
  <TextCorrectedLine lineID="P4_TL01006">
    <OldTextValue>ckson. Wlien finished it will bo one</OldTextValue>
    <NewTextValue>ckson. Wlien finished it will be one</NewTextValue>
  </TextCorrectedLine>
  <TextCorrectedLine lineID="P4_TL01008">
    <OldTextValue>*s in Jackson.</OldTextValue>
    <NewTextValue>ings in Jackson.</NewTextValue>
  </TextCorrectedLine>
  <TextCorrectedLine lineID="P4_TL01010">
    <OldTextValue>v need can be found at Glavinovich's.</OldTextValue>
    <NewTextValue>you need can be found at Glavinovich's.</NewTextValue>
  </TextCorrectedLine>
</TextCorrectedBlock>
<TextCorrectedBlock pageOID="AL19020328.1.4" blockID="P4_TB00021" userID="[redacted]">
  <TextCorrectedLine lineID="P4_TL00202">
    <OldTextValue>under which the case is n6w being</OldTextValue>
    <NewTextValue>under which the case is now being</NewTextValue>
  </TextCorrectedLine>
  <TextCorrectedLine lineID="P4_TL00208">
    <OldTextValue>tp defraud. The said N. A. Mac-</OldTextValue>
    <NewTextValue>to defraud. The said N. A. Mac-</NewTextValue>
  </TextCorrectedLine>
  <TextCorrectedLine lineID="P4_TL00209">
    <OldTextValue>quarrio, at the time and place afore-</OldTextValue>
    <NewTextValue>quarrie, at the time and place afore-</NewTextValue>
  </TextCorrectedLine>
</TextCorrectedBlock>
<TextCorrectedBlock pageOID="AL19020328.1.3" blockID="P3_CB00003" userID="[redacted]">
  <TextCorrectedLine lineID="P3_TL00816">
    <OldTextValue>Leave LOS ANGELES 8:30 a. m. ,</OldTextValue>
    <NewTextValue>Leave LOS ANGELES 8:30 a. m.</NewTextValue>
  </TextCorrectedLine>
  <TextCorrectedLine lineID="P3_TL00818">
    <OldTextValue>Arrive NEW OHLEANS 7:20 p. m</OldTextValue>
    <NewTextValue>Arrive NEW ORLEANS 7:20 p. m</NewTextValue>
  </TextCorrectedLine>
  <TextCorrectedLine lineID="P3_TL00821">
    <OldTextValue>ways of Travel not one equal:</OldTextValue>
    <NewTextValue>ways of Travel not one equals</NewTextValue>
  </TextCorrectedLine>
  <TextCorrectedLine lineID="P3_TL00822">
    <OldTextValue>/ the route of this train.</OldTextValue>
    <NewTextValue>the route of this train.</NewTextValue>
  </TextCorrectedLine>
  <TextCorrectedLine lineID="P3_TL00828">
    <OldTextValue>••••••••••••••••••</OldTextValue>
    <NewTextValue></NewTextValue>
  </TextCorrectedLine>
  <TextCorrectedLine lineID="P3_TL00833">
    <OldTextValue>|FREEMAN'S VARIETY STORE ]</OldTextValue>
    <NewTextValue>FREEMAN'S VARIETY STORE</NewTextValue>
  </TextCorrectedLine>
  <TextCorrectedLine lineID="P3_TL00834">
    <OldTextValue>'••••••••••■•••••••••••••I</OldTextValue>
    <NewTextValue></NewTextValue>
  </TextCorrectedLine>
  <TextCorrectedLine lineID="P3_TL00835">
    <OldTextValue>•••••••••••••••••••••••••I</OldTextValue>
    <NewTextValue></NewTextValue>
  </TextCorrectedLine>
  <TextCorrectedLine lineID="P3_TL00838">
    <OldTextValue>JACKSON SATE, CAL.</OldTextValue>
    <NewTextValue>JACKSON GATE, CAL.</NewTextValue>
  </TextCorrectedLine>
  <TextCorrectedLine lineID="P3_TL00846">
    <OldTextValue>celebrated, distilleries. -■ jeSS</OldTextValue>
    <NewTextValue>celebrated, distilleries.         je28</NewTextValue>
  </TextCorrectedLine>
  <TextCorrectedLine lineID="P3_TL00847">
    <OldTextValue>I.' L. GODFREY</OldTextValue>
    <NewTextValue>I. L. GODFREY</NewTextValue>
  </TextCorrectedLine>
  <TextCorrectedLine lineID="P3_TL00848">
    <OldTextValue>BUILDER, JOINER AND WORKER 11 WOODS</OldTextValue>
    <NewTextValue>BUILDER, JOINER AND WORKER IN WOODS</NewTextValue>
  </TextCorrectedLine>
  <TextCorrectedLine lineID="P3_TL00850">
    <OldTextValue>TS PREPARED TO DO ALL KINDS OI</OldTextValue>
    <NewTextValue>IS PREPARED TO DO ALL KINDS OF</NewTextValue>
  </TextCorrectedLine>
  <TextCorrectedLine lineID="P3_TL00851">
    <OldTextValue>X plain or ornamental work. Bookcases</OldTextValue>
    <NewTextValue>plain or ornamental work. Bookcases</NewTextValue>
  </TextCorrectedLine>
  <TextCorrectedLine lineID="P3_TL00852">
    <OldTextValue>Wardrobes, Commodes, etc, turned out In th&lt;</OldTextValue>
    <NewTextValue>Wardrobes, Commodes, etc, turned out in the</NewTextValue>
  </TextCorrectedLine>
  <TextCorrectedLine lineID="P3_TL00853">
    <OldTextValue>most skillful manner. Window Screens an&lt;</OldTextValue>
    <NewTextValue>most skillful manner. Window Screens and</NewTextValue>
  </TextCorrectedLine>
</TextCorrectedBlock>
