<TextCorrectedBlock pageOID="AL19040318.1.1" blockID="P1_CB00003" userID="[redacted]">
  <TextCorrectedLine lineID="P1_TL00860">
    <OldTextValue>j The walking sick, what</OldTextValue>
    <NewTextValue>The walking sick, what</NewTextValue>
  </TextCorrectedLine>
  <TextCorrectedLine lineID="P1_TL00863">
    <OldTextValue>weak but i not sick enough</OldTextValue>
    <NewTextValue>weak but not sick enough</NewTextValue>
  </TextCorrectedLine>
  <TextCorrectedLine lineID="P1_TL00869">
    <OldTextValue>To -stop.^ the continued,</OldTextValue>
    <NewTextValue>To -stop the continued,</NewTextValue>
  </TextCorrectedLine>
  <TextCorrectedLine lineID="P1_TL00870">
    <OldTextValue>loss of flesh I they need:</OldTextValue>
    <NewTextValue>loss of flesh they need:</NewTextValue>
  </TextCorrectedLine>
  <TextCorrectedLine lineID="P1_TL00871">
    <OldTextValue>Scott's Emulsi6n.'"-For the</OldTextValue>
    <NewTextValue>Scott's Emulsion.'"-For the</NewTextValue>
  </TextCorrectedLine>
  <TextCorrectedLine lineID="P1_TL00874">
    <OldTextValue>It makes new flesh v and</OldTextValue>
    <NewTextValue>It makes new flesh and</NewTextValue>
  </TextCorrectedLine>
  <TextCorrectedLine lineID="P1_TL00876">
    <OldTextValue>system. k, ■ . , .</OldTextValue>
    <NewTextValue>system.</NewTextValue>
  </TextCorrectedLine>
  <TextCorrectedLine lineID="P1_TL00880">
    <OldTextValue>rich blood, ; strengthens the</OldTextValue>
    <NewTextValue>rich blood, strengthens the</NewTextValue>
  </TextCorrectedLine>
</TextCorrectedBlock>
<TextCorrectedBlock pageOID="AL19040318.1.1" blockID="P1_TB00007" userID="[redacted]">
  <TextCorrectedLine lineID="P1_TL00008">
    <OldTextValue>ed In a sickroom is often as Important</OldTextValue>
    <NewTextValue>ed In a sickroom is often as important</NewTextValue>
  </TextCorrectedLine>
  <TextCorrectedLine lineID="P1_TL00010">
    <OldTextValue>be In touch with her! patient— that Is,'</OldTextValue>
    <NewTextValue>be in touch with her patient— that is,</NewTextValue>
  </TextCorrectedLine>
  <TextCorrectedLine lineID="P1_TL00012">
    <OldTextValue>low Irritability and whims to upset her</OldTextValue>
    <NewTextValue>low irritability and whims to upset her</NewTextValue>
  </TextCorrectedLine>
  <TextCorrectedLine lineID="P1_TL00013">
    <OldTextValue>equanimity. The nurse who can create'</OldTextValue>
    <NewTextValue>equanimity. The nurse who can create</NewTextValue>
  </TextCorrectedLine>
  <TextCorrectedLine lineID="P1_TL00014">
    <OldTextValue>an atmosphere of repose,* who' can" hu-.</OldTextValue>
    <NewTextValue>an atmosphere of repose, who can hu-.</NewTextValue>
  </TextCorrectedLine>
  <TextCorrectedLine lineID="P1_TL00015">
    <OldTextValue>mor ' without ' indulging- her patient \ In-</OldTextValue>
    <NewTextValue>mor  without indulging her patient in</NewTextValue>
  </TextCorrectedLine>
  <TextCorrectedLine lineID="P1_TL00016">
    <OldTextValue>all -/the idiosyncrasies \ of^ sick ; people,</OldTextValue>
    <NewTextValue>all the idiosyncrasies of sick people,</NewTextValue>
  </TextCorrectedLine>
</TextCorrectedBlock>
<TextCorrectedBlock pageOID="AL19040318.1.1" blockID="P1_TB00009" userID="[redacted]">
  <TextCorrectedLine lineID="P1_TL00051">
    <OldTextValue>■»ge it still continues to sing." '■ ;•' ;■*</OldTextValue>
    <NewTextValue>cage it still continues to sing."</NewTextValue>
  </TextCorrectedLine>
  <TextCorrectedLine lineID="P1_TL00052">
    <OldTextValue>That mice do occasionally lyslng";: Is</OldTextValue>
    <NewTextValue>That mice do occasionally slng" is</NewTextValue>
  </TextCorrectedLine>
  <TextCorrectedLine lineID="P1_TL00053">
    <OldTextValue>undeniable. .* Some i observers , say : that</OldTextValue>
    <NewTextValue>undeniable. . Some observers say that</NewTextValue>
  </TextCorrectedLine>
  <TextCorrectedLine lineID="P1_TL00054">
    <OldTextValue>their.' "song" f Is ,' softer, ;: "sweeter | and</OldTextValue>
    <NewTextValue>their "song" is  softer, sweeter and</NewTextValue>
  </TextCorrectedLine>
</TextCorrectedBlock>
