<TextCorrectedBlock pageOID="AL19000323.1.1" blockID="P1_TB00137" userID="[redacted]">
  <TextCorrectedLine lineID="P1_TL00896">
    <OldTextValue>t I£T EL t ■ ' ~</OldTextValue>
    <NewTextValue>Fight.</NewTextValue>
  </TextCorrectedLine>
</TextCorrectedBlock>
<TextCorrectedBlock pageOID="AL19000323.1.1" blockID="P1_TB00044" userID="[redacted]">
  <TextCorrectedLine lineID="P1_TL00263">
    <OldTextValue>Prospect. San Andreas, March 17, 19U0.</OldTextValue>
    <NewTextValue>Prospect. San Andreas, March 17, 1900.</NewTextValue>
  </TextCorrectedLine>
</TextCorrectedBlock>
<TextCorrectedBlock pageOID="AL19000323.1.1" blockID="P1_TB00044" userID="[redacted]">
  <TextCorrectedLine lineID="P1_TL00274">
    <OldTextValue>%ly to one side, camo near* upsetting tbe</OldTextValue>
    <NewTextValue>ly to one side, came near  upsetting tbe</NewTextValue>
  </TextCorrectedLine>
</TextCorrectedBlock>
<TextCorrectedBlock pageOID="AL19000323.1.1" blockID="P1_TB00110" userID="[redacted]">
  <TextCorrectedLine lineID="P1_TL00818">
    <OldTextValue>■■:;■:-.. ■ ".Mm :\- :': '</OldTextValue>
    <NewTextValue></NewTextValue>
  </TextCorrectedLine>
  <TextCorrectedLine lineID="P1_TL00819">
    <OldTextValue>■ Reports were received from the sub-</OldTextValue>
    <NewTextValue>Reports were received from the sub-</NewTextValue>
  </TextCorrectedLine>
  <TextCorrectedLine lineID="P1_TL00821">
    <OldTextValue>meaning of. the terra States',!</OldTextValue>
    <NewTextValue>meaning of. the term United States!</NewTextValue>
  </TextCorrectedLine>
  <TextCorrectedLine lineID="P1_TL00822">
    <OldTextValue>as applicable to. Puerto .. Rico, the'</OldTextValue>
    <NewTextValue>as applicable to. Puerto Rico, the</NewTextValue>
  </TextCorrectedLine>
</TextCorrectedBlock>
<TextCorrectedBlock pageOID="AL19000323.1.1" blockID="P1_TB00010" userID="[redacted]">
  <TextCorrectedLine lineID="P1_TL00032">
    <OldTextValue>b.i'ii aroused 10 cents worth. ■ .</OldTextValue>
    <NewTextValue>b.i'ii aroused 10 cents worth.</NewTextValue>
  </TextCorrectedLine>
</TextCorrectedBlock>
<TextCorrectedBlock pageOID="AL19000323.1.1" blockID="P1_TB00058" userID="[redacted]">
  <TextCorrectedLine lineID="P1_TL00494">
    <OldTextValue>Must Be Filed in Hay.</OldTextValue>
    <NewTextValue>Must Be Filed in May.</NewTextValue>
  </TextCorrectedLine>
</TextCorrectedBlock>
<TextCorrectedBlock pageOID="AL19000323.1.1" blockID="P1_CB00001" userID="[redacted]">
  <TextCorrectedLine lineID="P1_TL00898">
    <OldTextValue>Tp A. FREEMAN</OldTextValue>
    <NewTextValue>E. A. FREEMAN</NewTextValue>
  </TextCorrectedLine>
  <TextCorrectedLine lineID="P1_TL00899">
    <OldTextValue>Attorney-at-Xaw</OldTextValue>
    <NewTextValue>Attorney-at-Law</NewTextValue>
  </TextCorrectedLine>
  <TextCorrectedLine lineID="P1_TL00904">
    <OldTextValue>Jackson, Cal. v ■■■..} ■ :</OldTextValue>
    <NewTextValue>Jackson, Cal.</NewTextValue>
  </TextCorrectedLine>
  <TextCorrectedLine lineID="P1_TL00908">
    <OldTextValue>ACAMINBTTI</OldTextValue>
    <NewTextValue>A. CAMINETTI</NewTextValue>
  </TextCorrectedLine>
  <TextCorrectedLine lineID="P1_TL00909">
    <OldTextValue>• .- • ■ - . -"</OldTextValue>
    <NewTextValue></NewTextValue>
  </TextCorrectedLine>
</TextCorrectedBlock>
<TextCorrectedBlock pageOID="AL19000323.1.1" blockID="P1_CB00001" userID="[redacted]">
  <TextCorrectedLine lineID="P1_TL00902">
    <OldTextValue>~T\ li. SPAGNOLI</OldTextValue>
    <NewTextValue>D. B. SPAGNOLI</NewTextValue>
  </TextCorrectedLine>
</TextCorrectedBlock>
<TextCorrectedBlock pageOID="AL19000323.1.2" blockID="P2_TB00003" userID="[redacted]">
  <TextCorrectedLine lineID="P2_TL00004">
    <OldTextValue>Published Fridays by •</OldTextValue>
    <NewTextValue>Published Fridays by</NewTextValue>
  </TextCorrectedLine>
</TextCorrectedBlock>
<TextCorrectedBlock pageOID="AL19000323.1.2" blockID="P2_TB00003" userID="[redacted]">
  <TextCorrectedLine lineID="P2_TL00009">
    <OldTextValue>Six Months ...„.• 1 25</OldTextValue>
    <NewTextValue>Six Months .  1 25</NewTextValue>
  </TextCorrectedLine>
</TextCorrectedBlock>
<TextCorrectedBlock pageOID="AL19000323.1.2" blockID="P2_TB00003" userID="[redacted]">
  <TextCorrectedLine lineID="P2_TL00015">
    <OldTextValue>P. BUFFIN6TON : , i) ' : : . Editor and Manager</OldTextValue>
    <NewTextValue>P. BUFFINGTON : ,  : : . Editor and Manager</NewTextValue>
  </TextCorrectedLine>
</TextCorrectedBlock>
<TextCorrectedBlock pageOID="AL19000323.1.2" blockID="P2_TB00004" userID="[redacted]">
  <TextCorrectedLine lineID="P2_TL00017">
    <OldTextValue>in mini is inn in mi hhri</OldTextValue>
    <NewTextValue>MUCH CAPITAL IS INVESTED IN THE INDUSTRY</NewTextValue>
  </TextCorrectedLine>
</TextCorrectedBlock>
<TextCorrectedBlock pageOID="AL19000323.1.2" blockID="P2_TB00042" userID="[redacted]">
  <TextCorrectedLine lineID="P2_TL00397">
    <OldTextValue>The continuous. bucket type of dredge</OldTextValue>
    <NewTextValue>The continuous bucket type of dredge</NewTextValue>
  </TextCorrectedLine>
</TextCorrectedBlock>
<TextCorrectedBlock pageOID="AL19000323.1.2" blockID="P2_TB00042" userID="[redacted]">
  <TextCorrectedLine lineID="P2_TL00403">
    <OldTextValue>three-fourths of the'V boat's' length^</OldTextValue>
    <NewTextValue>three-fourths of the boat's' length.</NewTextValue>
  </TextCorrectedLine>
  <TextCorrectedLine lineID="P2_TL00404">
    <OldTextValue>The buckets are : ! -generally thirty-</OldTextValue>
    <NewTextValue>The buckets are generally thirty-</NewTextValue>
  </TextCorrectedLine>
  <TextCorrectedLine lineID="P2_TL00405">
    <OldTextValue>eight .in. number .of, three and one-</OldTextValue>
    <NewTextValue>eight in. number .of, three and one-</NewTextValue>
  </TextCorrectedLine>
  <TextCorrectedLine lineID="P2_TL00406">
    <OldTextValue>quarter cubic feet capacity,' fastenotFon</OldTextValue>
    <NewTextValue>quarter cubic feet capacity, fastened on</NewTextValue>
  </TextCorrectedLine>
</TextCorrectedBlock>
<TextCorrectedBlock pageOID="AL19000323.1.2" blockID="P2_TB00013" userID="[redacted]">
  <TextCorrectedLine lineID="P2_TL00080">
    <OldTextValue>to whatever point is designed. . If suc-</OldTextValue>
    <NewTextValue>to whatever point is designed.  If suc-</NewTextValue>
  </TextCorrectedLine>
  <TextCorrectedLine lineID="P2_TL00081">
    <OldTextValue>cessful, this plan .will add much -to</OldTextValue>
    <NewTextValue>cessful, this plan .will add much to</NewTextValue>
  </TextCorrectedLine>
</TextCorrectedBlock>
<TextCorrectedBlock pageOID="AL19000323.1.2" blockID="P2_CB00002" userID="[redacted]">
  <TextCorrectedLine lineID="P2_TL00567">
    <OldTextValue>, BORN.</OldTextValue>
    <NewTextValue>BORN.</NewTextValue>
  </TextCorrectedLine>
  <TextCorrectedLine lineID="P2_TL00568">
    <OldTextValue>MOYLE.— In South Jackson, March 16. 1000, to</OldTextValue>
    <NewTextValue>MOYLE.— In South Jackson, March 16, 1900 to</NewTextValue>
  </TextCorrectedLine>
  <TextCorrectedLine lineID="P2_TL00569">
    <OldTextValue>: Mr. and Mrs. John Moy le, a daughter.</OldTextValue>
    <NewTextValue>Mr. and Mrs. John Moyle, a daughter.</NewTextValue>
  </TextCorrectedLine>
  <TextCorrectedLine lineID="P2_TL00571">
    <OldTextValue>' Mr. and Mrs. Sherman Clark, a daughter. 1 .</OldTextValue>
    <NewTextValue>Mr. and Mrs. Sherman Clark, a daughter.</NewTextValue>
  </TextCorrectedLine>
  <TextCorrectedLine lineID="P2_TL00572">
    <OldTextValue> Notice to Creditors.. %</OldTextValue>
    <NewTextValue>Notice to Creditors.</NewTextValue>
  </TextCorrectedLine>
  <TextCorrectedLine lineID="P2_TL00573">
    <OldTextValue>• Estate of Rudolph Schneebely, deceased.</OldTextValue>
    <NewTextValue>Estate of Rudolph Schneebely, deceased.</NewTextValue>
  </TextCorrectedLine>
  <TextCorrectedLine lineID="P2_TL00574">
    <OldTextValue>"\rOTICE IS HEREBY. GIVEN BY THe"</OldTextValue>
    <NewTextValue>NOTICE IS HEREBY. GIVEN BY THE</NewTextValue>
  </TextCorrectedLine>
  <TextCorrectedLine lineID="P2_TL00575">
    <OldTextValue>.!_&gt; undersigned, administrator of the- estate of</OldTextValue>
    <NewTextValue>undersigned, administrator of the estate of</NewTextValue>
  </TextCorrectedLine>
  <TextCorrectedLine lineID="P2_TL00576">
    <OldTextValue>Rudolph Scbnrcbely, deceased,- to the creditors</OldTextValue>
    <NewTextValue>Rudolph Schneebely, deceased,- to the creditors</NewTextValue>
  </TextCorrectedLine>
</TextCorrectedBlock>
<TextCorrectedBlock pageOID="AL19000323.1.2" blockID="P2_CB00001" userID="[redacted]">
  <TextCorrectedLine lineID="P2_TL00498">
    <OldTextValue>LIVE : BUSINESS HOUSES. .</OldTextValue>
    <NewTextValue>LIVE  BUSINESS HOUSES. .</NewTextValue>
  </TextCorrectedLine>
  <TextCorrectedLine lineID="P2_TL00499">
    <OldTextValue>E^jj^^^+# ++++##♦##♦ — .—-—^. — - —^</OldTextValue>
    <NewTextValue></NewTextValue>
  </TextCorrectedLine>
  <TextCorrectedLine lineID="P2_TL00500">
    <OldTextValue>•i Cornnlfttft</OldTextValue>
    <NewTextValue>Complete</NewTextValue>
  </TextCorrectedLine>
  <TextCorrectedLine lineID="P2_TL00501">
    <OldTextValue>•i; 11I5W i3IOGK K6C6IV6U</OldTextValue>
    <NewTextValue>New Stock Received</NewTextValue>
  </TextCorrectedLine>
  <TextCorrectedLine lineID="P2_TL00502">
    <OldTextValue>g±i \ Composed of all kinds of goods for Winter Wear</OldTextValue>
    <NewTextValue>Composed of all kinds of goods for Winter Wear</NewTextValue>
  </TextCorrectedLine>
  <TextCorrectedLine lineID="P2_TL00503">
    <OldTextValue>Hi ' VlCHTlrl Wool IlnflpTplntliiTin'</OldTextValue>
    <NewTextValue>Vicuna Wool Underclothing</NewTextValue>
  </TextCorrectedLine>
</TextCorrectedBlock>
