<TextCorrectedBlock pageOID="AL19000518.1.1" blockID="P1_TB00004" userID="[redacted]">
  <TextCorrectedLine lineID="P1_TL00004">
    <OldTextValue>Class^Day Exercises Neces^</OldTextValue>
    <NewTextValue>Class Day Exercises Neces-</NewTextValue>
  </TextCorrectedLine>
</TextCorrectedBlock>
<TextCorrectedBlock pageOID="AL19000518.1.1" blockID="P1_TB00009" userID="[redacted]">
  <TextCorrectedLine lineID="P1_TL00013">
    <OldTextValue>. More Than Doable the Required</OldTextValue>
    <NewTextValue>More Than Double the Required</NewTextValue>
  </TextCorrectedLine>
  <TextCorrectedLine lineID="P1_TL00014">
    <OldTextValue>.- Gold Reserve.</OldTextValue>
    <NewTextValue>Gold Reserve.</NewTextValue>
  </TextCorrectedLine>
</TextCorrectedBlock>
<TextCorrectedBlock pageOID="AL19000518.1.1" blockID="P1_TB00066" userID="[redacted]">
  <TextCorrectedLine lineID="P1_TL00414">
    <OldTextValue>torical scholars In the United States</OldTextValue>
    <NewTextValue>torical scholars in the United States</NewTextValue>
  </TextCorrectedLine>
  <TextCorrectedLine lineID="P1_TL00421">
    <OldTextValue>sor Thomas Rutherford Bacon will bo</OldTextValue>
    <NewTextValue>sor Thomas Rutherford Bacon will be</NewTextValue>
  </TextCorrectedLine>
  <TextCorrectedLine lineID="P1_TL00428">
    <OldTextValue>cies' jfand .: "The French Resolution."</OldTextValue>
    <NewTextValue>cies'  and  "The French Resolution."</NewTextValue>
  </TextCorrectedLine>
  <TextCorrectedLine lineID="P1_TL00429">
    <OldTextValue>'Ailolph c/Miller, Professor of Finance</OldTextValue>
    <NewTextValue>Adolph C.Miller, Professor of Finance</NewTextValue>
  </TextCorrectedLine>
</TextCorrectedBlock>
<TextCorrectedBlock pageOID="AL19000518.1.1" blockID="P1_TB00019" userID="[redacted]">
  <TextCorrectedLine lineID="P1_TL00061">
    <OldTextValue>explosive bullets through his ' left</OldTextValue>
    <NewTextValue>explosive bullets through his  left</NewTextValue>
  </TextCorrectedLine>
  <TextCorrectedLine lineID="P1_TL00066">
    <OldTextValue>dad," said the Fusilier, "but 1 was</OldTextValue>
    <NewTextValue>dad," said the Fusilier, "but I was</NewTextValue>
  </TextCorrectedLine>
</TextCorrectedBlock>
<TextCorrectedBlock pageOID="AL19000518.1.1" blockID="P1_CB00003" userID="[redacted]">
  <TextCorrectedLine lineID="P1_TL00945">
    <OldTextValue>j woman's medical adviser J</OldTextValue>
    <NewTextValue>Woman's medical adviser</NewTextValue>
  </TextCorrectedLine>
  <TextCorrectedLine lineID="P1_TL00956">
    <OldTextValue>ical training and professional -qualifica-</OldTextValue>
    <NewTextValue>ical training and professional qualifica-</NewTextValue>
  </TextCorrectedLine>
</TextCorrectedBlock>
