<TextCorrectedBlock pageOID="AL19050217.1.2" blockID="P2_TB00016" userID="[redacted]">
  <TextCorrectedLine lineID="P2_TL00235">
    <OldTextValue>Fined SSO For Refusing to Assist an</OldTextValue>
    <NewTextValue>Fined $50 For Refusing to Assist an</NewTextValue>
  </TextCorrectedLine>
</TextCorrectedBlock>
<TextCorrectedBlock pageOID="AL19050217.1.2" blockID="P2_TB00026" userID="[redacted]">
  <TextCorrectedLine lineID="P2_TL00368">
    <OldTextValue>case with James Bodlnar of Amador</OldTextValue>
    <NewTextValue>case with James Bodinar of Amador</NewTextValue>
  </TextCorrectedLine>
  <TextCorrectedLine lineID="P2_TL00372">
    <OldTextValue>under arrest. No one will dony the</OldTextValue>
    <NewTextValue>under arrest. No one will deny the</NewTextValue>
  </TextCorrectedLine>
</TextCorrectedBlock>
<TextCorrectedBlock pageOID="AL19050217.1.2" blockID="P2_TB00030" userID="[redacted]">
  <TextCorrectedLine lineID="P2_TL00452">
    <OldTextValue>Ensonada on account of tho rough</OldTextValue>
    <NewTextValue>Ensenada on account of the rough</NewTextValue>
  </TextCorrectedLine>
  <TextCorrectedLine lineID="P2_TL00454">
    <OldTextValue>passongors or freight was not said.</OldTextValue>
    <NewTextValue>passengers or freight was not said.</NewTextValue>
  </TextCorrectedLine>
</TextCorrectedBlock>
<TextCorrectedBlock pageOID="AL19050217.1.2" blockID="P2_CB00010" userID="[redacted]">
  <TextCorrectedLine lineID="P2_TL00955">
    <OldTextValue>21, 1805, by Rev. Thomas Dermody, William</OldTextValue>
    <NewTextValue>21, 1905, by Rev. Thomas Dermody, William</NewTextValue>
  </TextCorrectedLine>
  <TextCorrectedLine lineID="P2_TL00960">
    <OldTextValue>ruary 15, 1905, by the Key. Chas, Swithenbank,</OldTextValue>
    <NewTextValue>ruary 15, 1905, by the Rev. Chas, Swithenbank,</NewTextValue>
  </TextCorrectedLine>
  <TextCorrectedLine lineID="P2_TL00961">
    <OldTextValue>JeSerson D. Schrack of Fosteria. and Clara</OldTextValue>
    <NewTextValue>Jefferson D. Schrack of Fosteria. and Clara</NewTextValue>
  </TextCorrectedLine>
  <TextCorrectedLine lineID="P2_TL00962">
    <OldTextValue>L. Whiting of lone.</OldTextValue>
    <NewTextValue>Whiting of lone.</NewTextValue>
  </TextCorrectedLine>
  <TextCorrectedLine lineID="P2_TL00965">
    <OldTextValue>1905, Thomas Blatzer, aged about % years.</OldTextValue>
    <NewTextValue>1905, Thomas Blatzer, aged about 28 years.</NewTextValue>
  </TextCorrectedLine>
  <TextCorrectedLine lineID="P2_TL00966">
    <OldTextValue>•••••••••••••••••••••••••a</OldTextValue>
    <NewTextValue></NewTextValue>
  </TextCorrectedLine>
  <TextCorrectedLine lineID="P2_TL00967">
    <OldTextValue>: WATCHES I</OldTextValue>
    <NewTextValue>WATCHES</NewTextValue>
  </TextCorrectedLine>
  <TextCorrectedLine lineID="P2_TL00968">
    <OldTextValue>J Do you need a watch? J</OldTextValue>
    <NewTextValue>Do you need a watch?</NewTextValue>
  </TextCorrectedLine>
  <TextCorrectedLine lineID="P2_TL00969">
    <OldTextValue>J It will pay you to look J</OldTextValue>
    <NewTextValue>It will pay you to look</NewTextValue>
  </TextCorrectedLine>
  <TextCorrectedLine lineID="P2_TL00970">
    <OldTextValue>• over our J</OldTextValue>
    <NewTextValue>over our</NewTextValue>
  </TextCorrectedLine>
  <TextCorrectedLine lineID="P2_TL00971">
    <OldTextValue>1 New Stock of Watches j</OldTextValue>
    <NewTextValue>New Stock of Watches</NewTextValue>
  </TextCorrectedLine>
  <TextCorrectedLine lineID="P2_TL00972">
    <OldTextValue>• All grades of Waltham, Elgin *</OldTextValue>
    <NewTextValue>All grades of Waltham, Elgin</NewTextValue>
  </TextCorrectedLine>
  <TextCorrectedLine lineID="P2_TL00973">
    <OldTextValue>• and Hamilton are offered £;J</OldTextValue>
    <NewTextValue>and Hamilton are offered</NewTextValue>
  </TextCorrectedLine>
  <TextCorrectedLine lineID="P2_TL00974">
    <OldTextValue>• at bargain prices. *</OldTextValue>
    <NewTextValue>at bargain prices. *</NewTextValue>
  </TextCorrectedLine>
  <TextCorrectedLine lineID="P2_TL00975">
    <OldTextValue>• H. A. MINASIAN i</OldTextValue>
    <NewTextValue>H. A. MINASIAN</NewTextValue>
  </TextCorrectedLine>
  <TextCorrectedLine lineID="P2_TL00976">
    <OldTextValue>• —SUTTER CREEK— I</OldTextValue>
    <NewTextValue>—SUTTER CREEK—</NewTextValue>
  </TextCorrectedLine>
  <TextCorrectedLine lineID="P2_TL00977">
    <OldTextValue>• Victor Talking Machines are carried J</OldTextValue>
    <NewTextValue>Victor Talking Machines are carried</NewTextValue>
  </TextCorrectedLine>
  <TextCorrectedLine lineID="P2_TL00978">
    <OldTextValue>• in stock. t</OldTextValue>
    <NewTextValue>in stock.</NewTextValue>
  </TextCorrectedLine>
  <TextCorrectedLine lineID="P2_TL00979">
    <OldTextValue>•••••••••••••••••••••••••a</OldTextValue>
    <NewTextValue></NewTextValue>
  </TextCorrectedLine>
  <TextCorrectedLine lineID="P2_TL00985">
    <OldTextValue>Chlorination &amp; Cyanide Tests.' feblO-ly</OldTextValue>
    <NewTextValue>Chlorination &amp; Cyanide Tests.</NewTextValue>
  </TextCorrectedLine>
</TextCorrectedBlock>
<TextCorrectedBlock pageOID="AL19050217.1.2" blockID="P2_CB00010" userID="[redacted]">
  <TextCorrectedLine lineID="P2_TL00974">
    <OldTextValue>at bargain prices. *</OldTextValue>
    <NewTextValue>at bargain prices.</NewTextValue>
  </TextCorrectedLine>
  <TextCorrectedLine lineID="P2_TL01018">
    <OldTextValue>quent stock is hereby postponed to Monday tho</OldTextValue>
    <NewTextValue>quent stock is hereby postponed to Monday the</NewTextValue>
  </TextCorrectedLine>
  <TextCorrectedLine lineID="P2_TL01019">
    <OldTextValue>i"th day of March, 1905, at the hour of 3 o'clock</OldTextValue>
    <NewTextValue>27th day of March, 1905, at the hour of 3 o'clock</NewTextValue>
  </TextCorrectedLine>
  <TextCorrectedLine lineID="P2_TL01024">
    <OldTextValue>•••••••••••••••••••••••••a</OldTextValue>
    <NewTextValue></NewTextValue>
  </TextCorrectedLine>
  <TextCorrectedLine lineID="P2_TL01025">
    <OldTextValue>: Upholstering :</OldTextValue>
    <NewTextValue>Upholstering :</NewTextValue>
  </TextCorrectedLine>
  <TextCorrectedLine lineID="P2_TL01026">
    <OldTextValue>J COURT STREET, JACKSON J</OldTextValue>
    <NewTextValue>COURT STREET, JACKSON</NewTextValue>
  </TextCorrectedLine>
  <TextCorrectedLine lineID="P2_TL01027">
    <OldTextValue>• Furniture of all kinds repaired •</OldTextValue>
    <NewTextValue>Furniture of all kinds repaired</NewTextValue>
  </TextCorrectedLine>
  <TextCorrectedLine lineID="P2_TL01028">
    <OldTextValue>• Mattresses made to Order •</OldTextValue>
    <NewTextValue>Mattresses made to Order</NewTextValue>
  </TextCorrectedLine>
  <TextCorrectedLine lineID="P2_TL01029">
    <OldTextValue>J (Clipper Springs and Silk Floss) J</OldTextValue>
    <NewTextValue>(Clipper Springs and Silk Floss)</NewTextValue>
  </TextCorrectedLine>
  <TextCorrectedLine lineID="P2_TL01030">
    <OldTextValue>• . All Orders Promptly Filled. Work •</OldTextValue>
    <NewTextValue>All Orders Promptly Filled. Work</NewTextValue>
  </TextCorrectedLine>
  <TextCorrectedLine lineID="P2_TL01031">
    <OldTextValue>• Guaranteed. Terms Reasonable ' J</OldTextValue>
    <NewTextValue>Guaranteed. Terms Reasonable</NewTextValue>
  </TextCorrectedLine>
  <TextCorrectedLine lineID="P2_TL01032">
    <OldTextValue>: -white * co.- :</OldTextValue>
    <NewTextValue>WHITE &amp; CO.</NewTextValue>
  </TextCorrectedLine>
  <TextCorrectedLine lineID="P2_TL01033">
    <OldTextValue>• febl7 •</OldTextValue>
    <NewTextValue></NewTextValue>
  </TextCorrectedLine>
  <TextCorrectedLine lineID="P2_TL01034">
    <OldTextValue>•••••••••••••••••••••••••a</OldTextValue>
    <NewTextValue></NewTextValue>
  </TextCorrectedLine>
  <TextCorrectedLine lineID="P2_TL01036">
    <OldTextValue>ESTATE OP MARY DAUUIIERTY, DECEASED.</OldTextValue>
    <NewTextValue>ESTATE OF MARY DAUGHERTY, DECEASED.</NewTextValue>
  </TextCorrectedLine>
  <TextCorrectedLine lineID="P2_TL01037">
    <OldTextValue>"VTOTICE IS HEREBY GIVEN BY THE</OldTextValue>
    <NewTextValue>NOTICE IS HEREBY GIVEN BY THE</NewTextValue>
  </TextCorrectedLine>
  <TextCorrectedLine lineID="P2_TL01052">
    <OldTextValue>Icb 3 Mar; Daugacrty, deceased.</OldTextValue>
    <NewTextValue>Mary Daugacrty, deceased.</NewTextValue>
  </TextCorrectedLine>
</TextCorrectedBlock>
<TextCorrectedBlock pageOID="AL19050217.1.2" blockID="P2_CB00007" userID="[redacted]">
  <TextCorrectedLine lineID="P2_TL00866">
    <OldTextValue>A^H. KUHLMAN</OldTextValue>
    <NewTextValue>A.H. KUHLMAN</NewTextValue>
  </TextCorrectedLine>
  <TextCorrectedLine lineID="P2_TL00869">
    <OldTextValue>Amador County. If "you want</OldTextValue>
    <NewTextValue>Amador County. If you want</NewTextValue>
  </TextCorrectedLine>
  <TextCorrectedLine lineID="P2_TL00870">
    <OldTextValue>to build, send a noto to Jackson</OldTextValue>
    <NewTextValue>to build, send a note to Jackson</NewTextValue>
  </TextCorrectedLine>
  <TextCorrectedLine lineID="P2_TL00875">
    <OldTextValue>you. mar2tf</OldTextValue>
    <NewTextValue>you.</NewTextValue>
  </TextCorrectedLine>
  <TextCorrectedLine lineID="P2_TL00878">
    <OldTextValue>"VTOTICE IS HEREBY GIVEN BY THE</OldTextValue>
    <NewTextValue>NOTICE IS HEREBY GIVEN BY THE</NewTextValue>
  </TextCorrectedLine>
  <TextCorrectedLine lineID="P2_TL00879">
    <OldTextValue>_L&gt; undersigned, administratrix of the estate</OldTextValue>
    <NewTextValue>undersigned, administratrix of the estate</NewTextValue>
  </TextCorrectedLine>
</TextCorrectedBlock>
<TextCorrectedBlock pageOID="AL19050217.1.2" blockID="P2_TB00021" userID="[redacted]">
  <TextCorrectedLine lineID="P2_TL00284">
    <OldTextValue>It was a murderous .looking weapon</OldTextValue>
    <NewTextValue>It was a murderous looking weapon</NewTextValue>
  </TextCorrectedLine>
  <TextCorrectedLine lineID="P2_TL00289">
    <OldTextValue>injury to impi i.cm : i:o idea of a vigorous</OldTextValue>
    <NewTextValue>injury to impress the idea of a vigorous</NewTextValue>
  </TextCorrectedLine>
  <TextCorrectedLine lineID="P2_TL00290">
    <OldTextValue>protest. ' After committing the assault</OldTextValue>
    <NewTextValue>protest.  After committing the assault</NewTextValue>
  </TextCorrectedLine>
  <TextCorrectedLine lineID="P2_TL00294">
    <OldTextValue>more than long enough to cast ono bal-</OldTextValue>
    <NewTextValue>more than long enough to cast one bal-</NewTextValue>
  </TextCorrectedLine>
</TextCorrectedBlock>
<TextCorrectedBlock pageOID="AL19050217.1.2" blockID="P2_TB00020" userID="[redacted]">
  <TextCorrectedLine lineID="P2_TL00260">
    <OldTextValue>The testimony showed that Woriy,</OldTextValue>
    <NewTextValue>The testimony showed that Weriy,</NewTextValue>
  </TextCorrectedLine>
  <TextCorrectedLine lineID="P2_TL00263">
    <OldTextValue>his wife. He followed the couplo down</OldTextValue>
    <NewTextValue>his wife. He followed the couple down</NewTextValue>
  </TextCorrectedLine>
  <TextCorrectedLine lineID="P2_TL00272">
    <OldTextValue>in tho circumstances, especially if the</OldTextValue>
    <NewTextValue>in the circumstances, especially if the</NewTextValue>
  </TextCorrectedLine>
  <TextCorrectedLine lineID="P2_TL00274">
    <OldTextValue>reply was, "1 would whittle him down</OldTextValue>
    <NewTextValue>reply was, "I would whittle him down</NewTextValue>
  </TextCorrectedLine>
</TextCorrectedBlock>
