<TextCorrectedBlock pageOID="AL19010906.1.2" blockID="P2_TB00036" userID="[redacted]">
  <TextCorrectedLine lineID="P2_TL00265">
    <OldTextValue>At last tlio time has come when wo</OldTextValue>
    <NewTextValue>At last the time has come when we</NewTextValue>
  </TextCorrectedLine>
  <TextCorrectedLine lineID="P2_TL00266">
    <OldTextValue>must leave "Camp Rest, " with all Us</OldTextValue>
    <NewTextValue>must leave "Camp Rest, " with all its</NewTextValue>
  </TextCorrectedLine>
  <TextCorrectedLine lineID="P2_TL00267">
    <OldTextValue>pleasant surroundings and association?.</OldTextValue>
    <NewTextValue>pleasant surroundings and association.</NewTextValue>
  </TextCorrectedLine>
  <TextCorrectedLine lineID="P2_TL00268">
    <OldTextValue>To us it has been a vacation Mial wo</OldTextValue>
    <NewTextValue>To us it has been a vacation that we</NewTextValue>
  </TextCorrectedLine>
  <TextCorrectedLine lineID="P2_TL00269">
    <OldTextValue>shall always remember, and wo re-</OldTextValue>
    <NewTextValue>shall always remember, and we re-</NewTextValue>
  </TextCorrectedLine>
  <TextCorrectedLine lineID="P2_TL00272">
    <OldTextValue>To our many new friends who heliwd</OldTextValue>
    <NewTextValue>To our many new friends who helped</NewTextValue>
  </TextCorrectedLine>
  <TextCorrectedLine lineID="P2_TL00273">
    <OldTextValue>to make cam p life truly pleasant, wo</OldTextValue>
    <NewTextValue>to make camp life truly pleasant, we</NewTextValue>
  </TextCorrectedLine>
  <TextCorrectedLine lineID="P2_TL00276">
    <OldTextValue>flad us among Amador's pines onco</OldTextValue>
    <NewTextValue>find us among Amador's pines once</NewTextValue>
  </TextCorrectedLine>
  <TextCorrectedLine lineID="P2_TL00279">
    <OldTextValue>fulness, for wo will often think of you</OldTextValue>
    <NewTextValue>fulness, for we will often think of you</NewTextValue>
  </TextCorrectedLine>
  <TextCorrectedLine lineID="P2_TL00280">
    <OldTextValue>all,' and each name will always recall</OldTextValue>
    <NewTextValue>all, and each name will always recall</NewTextValue>
  </TextCorrectedLine>
  <TextCorrectedLine lineID="P2_TL00282">
    <OldTextValue>years to como, If wwoo o happen to read</OldTextValue>
    <NewTextValue>years to come, If we happen to read</NewTextValue>
  </TextCorrectedLine>
  <TextCorrectedLine lineID="P2_TL00283">
    <OldTextValue>over our well-filled tliariod, we will find</OldTextValue>
    <NewTextValue>over our well-filled diaries, we will find</NewTextValue>
  </TextCorrectedLine>
  <TextCorrectedLine lineID="P2_TL00288">
    <OldTextValue>Mrs. Goodman — r</OldTextValue>
    <NewTextValue>Mrs. Goodman —</NewTextValue>
  </TextCorrectedLine>
  <TextCorrectedLine lineID="P2_TL00289">
    <OldTextValue>"There sits upon ber matron face,</OldTextValue>
    <NewTextValue>"There sits upon her matron face,</NewTextValue>
  </TextCorrectedLine>
</TextCorrectedBlock>
