<TextCorrectedBlock pageOID="AL19090122.1.8" blockID="P8_CB00008" userID="[redacted]">
  <TextCorrectedLine lineID="P8_TL00463">
    <OldTextValue>Tbe Mau'a Store tbat trouta you right</OldTextValue>
    <NewTextValue>The Man's Store that treats you right</NewTextValue>
  </TextCorrectedLine>
  <TextCorrectedLine lineID="P8_TL00464">
    <OldTextValue>IIIOKP &amp; CUNWAV,</OldTextValue>
    <NewTextValue>THORP &amp; CONWAY,</NewTextValue>
  </TextCorrectedLine>
  <TextCorrectedLine lineID="P8_TL00465">
    <OldTextValue>No. 435 K. Main Street,</OldTextValue>
    <NewTextValue>No. 435 E. Main Street,</NewTextValue>
  </TextCorrectedLine>
  <TextCorrectedLine lineID="P8_TL00466">
    <OldTextValue>Stooktou, Calif. .</OldTextValue>
    <NewTextValue>Stockton, Calif. .</NewTextValue>
  </TextCorrectedLine>
</TextCorrectedBlock>
<TextCorrectedBlock pageOID="AL19090122.1.8" blockID="P8_CB00009" userID="[redacted]">
  <TextCorrectedLine lineID="P8_TL00467">
    <OldTextValue>For bealtb aud happiness— UeWitt's</OldTextValue>
    <NewTextValue>For health and happiness— DeWitt's</NewTextValue>
  </TextCorrectedLine>
  <TextCorrectedLine lineID="P8_TL00468">
    <OldTextValue>Little Kurly Risers— small, gentle,</OldTextValue>
    <NewTextValue>Little Early Risers— small, gentle,</NewTextValue>
  </TextCorrectedLine>
  <TextCorrectedLine lineID="P8_TL00469">
    <OldTextValue>easy, pleasant little liver pills, tbe</OldTextValue>
    <NewTextValue>easy, pleasant little liver pills, the</NewTextValue>
  </TextCorrectedLine>
  <TextCorrectedLine lineID="P8_TL00470">
    <OldTextValue>beat made. Sold by City I'Jmnuucy,</OldTextValue>
    <NewTextValue>best made. Sold by City Pharmacy</NewTextValue>
  </TextCorrectedLine>
  <TextCorrectedLine lineID="P8_TL00471">
    <OldTextValue>F. W. Huhßer, prop.</OldTextValue>
    <NewTextValue>F. W. Ruhser, prop.</NewTextValue>
  </TextCorrectedLine>
</TextCorrectedBlock>
<TextCorrectedBlock pageOID="AL19090122.1.1" blockID="P1_TB00048" userID="[redacted]">
  <TextCorrectedLine lineID="P1_TL00416">
    <OldTextValue>Coroner 11. JO. Potter did not go Jto</OldTextValue>
    <NewTextValue>Coroner  H. E.Potter did not go to</NewTextValue>
  </TextCorrectedLine>
  <TextCorrectedLine lineID="P1_TL00418">
    <OldTextValue>tbe cremation of John Ranletc, who</OldTextValue>
    <NewTextValue>tbe cremation of John Ranlett, who</NewTextValue>
  </TextCorrectedLine>
  <TextCorrectedLine lineID="P1_TL00419">
    <OldTextValue>died at Pine Grove, and at tbe in-</OldTextValue>
    <NewTextValue>died at Pine Grove, and at the in-</NewTextValue>
  </TextCorrectedLine>
  <TextCorrectedLine lineID="P1_TL00420">
    <OldTextValue>quest over whose body the iury found</OldTextValue>
    <NewTextValue>quest over whose body the jury found</NewTextValue>
  </TextCorrectedLine>
  <TextCorrectedLine lineID="P1_TL00421">
    <OldTextValue>tbat the cause of death was to them</OldTextValue>
    <NewTextValue>that the cause of death was to them</NewTextValue>
  </TextCorrectedLine>
  <TextCorrectedLine lineID="P1_TL00422">
    <OldTextValue>uukown. When tbe body was receiv-</OldTextValue>
    <NewTextValue>unkown. When tbe body was receiv-</NewTextValue>
  </TextCorrectedLine>
  <TextCorrectedLine lineID="P1_TL00424">
    <OldTextValue>to issue a burial permit owing to tbe</OldTextValue>
    <NewTextValue>to issue a burial permit owing to the</NewTextValue>
  </TextCorrectedLine>
  <TextCorrectedLine lineID="P1_TL00425">
    <OldTextValue>absenoe of any certificate showing the</OldTextValue>
    <NewTextValue>absence of any certificate showing the</NewTextValue>
  </TextCorrectedLine>
  <TextCorrectedLine lineID="P1_TL00426">
    <OldTextValue>oause of death. Mr Potter notified</OldTextValue>
    <NewTextValue>cause of death. Mr Potter notified</NewTextValue>
  </TextCorrectedLine>
  <TextCorrectedLine lineID="P1_TL00427">
    <OldTextValue>tbe authorities tbat be was not</OldTextValue>
    <NewTextValue>the authorities that he was not</NewTextValue>
  </TextCorrectedLine>
  <TextCorrectedLine lineID="P1_TL00428">
    <OldTextValue>authorized to bold an inquest in Oak-</OldTextValue>
    <NewTextValue>authorized to hold an inquest in Oak-</NewTextValue>
  </TextCorrectedLine>
  <TextCorrectedLine lineID="P1_TL00430">
    <OldTextValue>received a notice tbat a burial or</OldTextValue>
    <NewTextValue>received a notice that a burial or</NewTextValue>
  </TextCorrectedLine>
  <TextCorrectedLine lineID="P1_TL00431">
    <OldTextValue>crematiou permit bad been issued</OldTextValue>
    <NewTextValue>cremation permit bad been issued</NewTextValue>
  </TextCorrectedLine>
  <TextCorrectedLine lineID="P1_TL00433">
    <OldTextValue>and thus tbe matter baa beou settled.</OldTextValue>
    <NewTextValue>and thus the matter has been settled.</NewTextValue>
  </TextCorrectedLine>
</TextCorrectedBlock>
