<TextCorrectedBlock pageOID="AL19010913.1.1" blockID="P1_CB00004" userID="[redacted]">
  <TextCorrectedLine lineID="P1_TL01083">
    <OldTextValue>GLOBE 4 HOTEL</OldTextValue>
    <NewTextValue>GLOBE  HOTEL</NewTextValue>
  </TextCorrectedLine>
  <TextCorrectedLine lineID="P1_TL01086">
    <OldTextValue>ESPECIAL ATTENTION I'AIO TO COM-</OldTextValue>
    <NewTextValue>ESPECIAL ATTENTION PAID TO COM-</NewTextValue>
  </TextCorrectedLine>
  <TextCorrectedLine lineID="P1_TL01087">
    <OldTextValue>morclal travelers. Sample rooms con-</OldTextValue>
    <NewTextValue>mercial travelers. Sample rooms con-</NewTextValue>
  </TextCorrectedLine>
  <TextCorrectedLine lineID="P1_TL01091">
    <OldTextValue>Corner Main and Cuurt Streets</OldTextValue>
    <NewTextValue>Corner Main and Court Streets</NewTextValue>
  </TextCorrectedLine>
  <TextCorrectedLine lineID="P1_TL01094">
    <OldTextValue>Half the Land in Ainador County is</OldTextValue>
    <NewTextValue>Half the Land in Amador County is</NewTextValue>
  </TextCorrectedLine>
  <TextCorrectedLine lineID="P1_TL01096">
    <OldTextValue>If you owu a lot or ranch, the chances</OldTextValue>
    <NewTextValue>If you own a lot or ranch, the chances</NewTextValue>
  </TextCorrectedLine>
  <TextCorrectedLine lineID="P1_TL01097">
    <OldTextValue>are there Is something wrong with your</OldTextValue>
    <NewTextValue>are there is something wrong with your</NewTextValue>
  </TextCorrectedLine>
  <TextCorrectedLine lineID="P1_TL01098">
    <OldTextValue>title, which cau only be remedlod by</OldTextValue>
    <NewTextValue>title, which can only be remedied by</NewTextValue>
  </TextCorrectedLine>
  <TextCorrectedLine lineID="P1_TL01099">
    <OldTextValue>procuring au abstract. . _ -</OldTextValue>
    <NewTextValue>procuring an abstract. .</NewTextValue>
  </TextCorrectedLine>
  <TextCorrectedLine lineID="P1_TL01100">
    <OldTextValue>Our offit'O has thu only complete set of Abstract</OldTextValue>
    <NewTextValue>Our office has the only complete set of Abstract</NewTextValue>
  </TextCorrectedLine>
  <TextCorrectedLine lineID="P1_TL01102">
    <OldTextValue>ety of plats and maps which onabla us to give</OldTextValue>
    <NewTextValue>ety of plats and maps which enable us to give</NewTextValue>
  </TextCorrectedLine>
  <TextCorrectedLine lineID="P1_TL01105">
    <OldTextValue>At the lowest rates. Kotorlal work done.</OldTextValue>
    <NewTextValue>At the lowest rates. Notorlal work done.</NewTextValue>
  </TextCorrectedLine>
  <TextCorrectedLine lineID="P1_TL01107">
    <OldTextValue>GEO. I; WRIGHT &amp; SON</OldTextValue>
    <NewTextValue>GEO. I. WRIGHT &amp; SON</NewTextValue>
  </TextCorrectedLine>
  <TextCorrectedLine lineID="P1_TL01110">
    <OldTextValue>5-4-tf P- o vox 14</OldTextValue>
    <NewTextValue>P.O BOX 14</NewTextValue>
  </TextCorrectedLine>
  <TextCorrectedLine lineID="P1_TL01111">
    <OldTextValue>IWe Want j</OldTextValue>
    <NewTextValue>We Want</NewTextValue>
  </TextCorrectedLine>
  <TextCorrectedLine lineID="P1_TL01113">
    <OldTextValue>i TmOR OUR ENCYCLOPEDIAS, DIC-</OldTextValue>
    <NewTextValue>FOR OUR ENCYCLOPEDIAS, DIC-</NewTextValue>
  </TextCorrectedLine>
  <TextCorrectedLine lineID="P1_TL01114">
    <OldTextValue>Jj tionaries. Histories and Standard</OldTextValue>
    <NewTextValue>tionaries. Histories and Standard</NewTextValue>
  </TextCorrectedLine>
  <TextCorrectedLine lineID="P1_TL01115">
    <OldTextValue>i ' Authors. All of our publications are tn !</OldTextValue>
    <NewTextValue>Authors. All of our publications are in</NewTextValue>
  </TextCorrectedLine>
  <TextCorrectedLine lineID="P1_TL01116">
    <OldTextValue>complete sets, handsomely bound und</OldTextValue>
    <NewTextValue>complete sets, handsomely bound and</NewTextValue>
  </TextCorrectedLine>
  <TextCorrectedLine lineID="P1_TL01117">
    <OldTextValue>i illustrated and are sold on easy in stal-</OldTextValue>
    <NewTextValue>illustrated and are sold on easy instal-</NewTextValue>
  </TextCorrectedLine>
  <TextCorrectedLine lineID="P1_TL01118">
    <OldTextValue>1 ments or with liberal discounts for</OldTextValue>
    <NewTextValue>ments or with liberal discounts for</NewTextValue>
  </TextCorrectedLine>
  <TextCorrectedLine lineID="P1_TL01119">
    <OldTextValue>i ; cash. i</OldTextValue>
    <NewTextValue>cash.</NewTextValue>
  </TextCorrectedLine>
  <TextCorrectedLine lineID="P1_TL01120">
    <OldTextValue>For terms, prospectuses, etc.. write to »</OldTextValue>
    <NewTextValue>For terms, prospectuses, etc.. write to</NewTextValue>
  </TextCorrectedLine>
  <TextCorrectedLine lineID="P1_TL01121">
    <OldTextValue>» ' E. D. BEOHSON &amp; CO..</OldTextValue>
    <NewTextValue>E. D. BRONSON &amp; CO..</NewTextValue>
  </TextCorrectedLine>
  <TextCorrectedLine lineID="P1_TL01122">
    <OldTextValue>i i 319 1'uelan Building, San Francisco,</OldTextValue>
    <NewTextValue>319 Phelan Building, San Francisco,</NewTextValue>
  </TextCorrectedLine>
  <TextCorrectedLine lineID="P1_TL01123">
    <OldTextValue>( ( 5-i&gt;-ly California</OldTextValue>
    <NewTextValue>California</NewTextValue>
  </TextCorrectedLine>
  <TextCorrectedLine lineID="P1_TL01124">
    <OldTextValue>JfIGKSOM BEPUBUGfIH CLUB</OldTextValue>
    <NewTextValue>KACKSON REPUBLICAN CLUB</NewTextValue>
  </TextCorrectedLine>
  <TextCorrectedLine lineID="P1_TL01125">
    <OldTextValue>DR. C. A. HERKICK President</OldTextValue>
    <NewTextValue>DR. C. A. HERRICK  .... President</NewTextValue>
  </TextCorrectedLine>
  <TextCorrectedLine lineID="P1_TL01126">
    <OldTextValue>J. B. FRANCIS First Vice-President</OldTextValue>
    <NewTextValue>J. B. FRANCIS  .... First Vice-President</NewTextValue>
  </TextCorrectedLine>
  <TextCorrectedLine lineID="P1_TL01127">
    <OldTextValue>B. F. TAYLOR Second Vice President</OldTextValue>
    <NewTextValue>B. F. TAYLOR  .... Second Vice President</NewTextValue>
  </TextCorrectedLine>
  <TextCorrectedLine lineID="P1_TL01128">
    <OldTextValue>WEBSTER SMITH Third Vice-President</OldTextValue>
    <NewTextValue>WEBSTER SMITH .... Third Vice-President</NewTextValue>
  </TextCorrectedLine>
  <TextCorrectedLine lineID="P1_TL01129">
    <OldTextValue>JAMES E. DYE Secretary</OldTextValue>
    <NewTextValue>JAMES E. DYE ....  Secretary</NewTextValue>
  </TextCorrectedLine>
  <TextCorrectedLine lineID="P1_TL01130">
    <OldTextValue>J. H. LANGHORST Treasurer</OldTextValue>
    <NewTextValue>J. H. LANGHORST .....  Treasurer</NewTextValue>
  </TextCorrectedLine>
  <TextCorrectedLine lineID="P1_TL01132">
    <OldTextValue>of each month ut 8 o'clock p, m. All Republi-</OldTextValue>
    <NewTextValue>of each month at 8 o'clock p, m. All Republi-</NewTextValue>
  </TextCorrectedLine>
  <TextCorrectedLine lineID="P1_TL01134">
    <OldTextValue>to attend and sign the roll ot membership.</OldTextValue>
    <NewTextValue>to attend and sign the roll of membership.</NewTextValue>
  </TextCorrectedLine>
  <TextCorrectedLine lineID="P1_TL01137">
    <OldTextValue>11 OF AMADOR Ml!</OldTextValue>
    <NewTextValue>BANK OF AMADOR COUNTY</NewTextValue>
  </TextCorrectedLine>
  <TextCorrectedLine lineID="P1_TL01140">
    <OldTextValue>President Alfonse Ginocchio</OldTextValue>
    <NewTextValue>President  ..... Alfonse Ginocchio</NewTextValue>
  </TextCorrectedLine>
  <TextCorrectedLine lineID="P1_TL01141">
    <OldTextValue>Vice-President S. G. Spagnoli</OldTextValue>
    <NewTextValue>Vice-President  ..... S. G. Spagnoli</NewTextValue>
  </TextCorrectedLine>
  <TextCorrectedLine lineID="P1_TL01142">
    <OldTextValue>Secretary and Cashier Frederick Eudoy</OldTextValue>
    <NewTextValue>Secretary and Cashier  ..... Frederick Eudey</NewTextValue>
  </TextCorrectedLine>
  <TextCorrectedLine lineID="P1_TL01143">
    <OldTextValue>boabd or directors:</OldTextValue>
    <NewTextValue>BOARD OF DIRECTORS:</NewTextValue>
  </TextCorrectedLine>
  <TextCorrectedLine lineID="P1_TL01144">
    <OldTextValue>Alfonse Uinocchio, S. G. Spagnoli,|John Strohm,</OldTextValue>
    <NewTextValue>Alfonse Ginocchio, S. G. Spagnoli, John Strohm,</NewTextValue>
  </TextCorrectedLine>
  <TextCorrectedLine lineID="P1_TL01152">
    <OldTextValue>SAVE MONEY— Patronizo a home institu-</OldTextValue>
    <NewTextValue>SAVE MONEY— Patronize a home institu-</NewTextValue>
  </TextCorrectedLine>
  <TextCorrectedLine lineID="P1_TL01153">
    <OldTextValue>tion. Send money away through tho Bank of</OldTextValue>
    <NewTextValue>tion. Send money away through the Bank of</NewTextValue>
  </TextCorrectedLine>
  <TextCorrectedLine lineID="P1_TL01155">
    <OldTextValue>upward over postofnee or express. Money sent</OldTextValue>
    <NewTextValue>upward over postoffice or express. Money sent</NewTextValue>
  </TextCorrectedLine>
  <TextCorrectedLine lineID="P1_TL01156">
    <OldTextValue>to all parts of tho United States and also all</OldTextValue>
    <NewTextValue>to all parts of the United States and also all</NewTextValue>
  </TextCorrectedLine>
  <TextCorrectedLine lineID="P1_TL01157">
    <OldTextValue>parts of tho world. We have the latest quota-</OldTextValue>
    <NewTextValue>parts of the world. We have the latest quota-</NewTextValue>
  </TextCorrectedLine>
  <TextCorrectedLine lineID="P1_TL01161">
    <OldTextValue>Thcyrcceivo deposits from $s up. Commence</OldTextValue>
    <NewTextValue>They receive deposits from $5 up. Commence</NewTextValue>
  </TextCorrectedLine>
  <TextCorrectedLine lineID="P1_TL01167">
    <OldTextValue>••••••••••••••••••••••ft**</OldTextValue>
    <NewTextValue></NewTextValue>
  </TextCorrectedLine>
  <TextCorrectedLine lineID="P1_TL01168">
    <OldTextValue>S L # A. KENT |</OldTextValue>
    <NewTextValue>L. A. KENT</NewTextValue>
  </TextCorrectedLine>
  <TextCorrectedLine lineID="P1_TL01169">
    <OldTextValue>• Blacksmith $</OldTextValue>
    <NewTextValue>Blacksmith</NewTextValue>
  </TextCorrectedLine>
  <TextCorrectedLine lineID="P1_TL01170">
    <OldTextValue>• Wagonmaker and 2</OldTextValue>
    <NewTextValue>Wagonmaker and</NewTextValue>
  </TextCorrectedLine>
  <TextCorrectedLine lineID="P1_TL01171">
    <OldTextValue>• Horseshoer~» •</OldTextValue>
    <NewTextValue>Horseshoer</NewTextValue>
  </TextCorrectedLine>
  <TextCorrectedLine lineID="P1_TL01172">
    <OldTextValue>• /CARRIAGE PAINTING AND GEN- •</OldTextValue>
    <NewTextValue>CARRIAGE PAINTING AND GEN-</NewTextValue>
  </TextCorrectedLine>
  <TextCorrectedLine lineID="P1_TL01173">
    <OldTextValue>• Kj eral Smithing attended to with dis- •</OldTextValue>
    <NewTextValue>eral Smithing attended to with dis-</NewTextValue>
  </TextCorrectedLine>
  <TextCorrectedLine lineID="P1_TL01174">
    <OldTextValue>• patch at reasonable rates. WharlTsold •</OldTextValue>
    <NewTextValue>patch at reasonable rates. Wharff's old</NewTextValue>
  </TextCorrectedLine>
  <TextCorrectedLine lineID="P1_TL01175">
    <OldTextValue>• stand, South Main street, Near National •</OldTextValue>
    <NewTextValue>stand, South Main street, Near National</NewTextValue>
  </TextCorrectedLine>
  <TextCorrectedLine lineID="P1_TL01176">
    <OldTextValue>• Hotel, Jackson. •</OldTextValue>
    <NewTextValue>Hotel, Jackson.</NewTextValue>
  </TextCorrectedLine>
  <TextCorrectedLine lineID="P1_TL01177">
    <OldTextValue>••••••••••••••••••••••••a*</OldTextValue>
    <NewTextValue></NewTextValue>
  </TextCorrectedLine>
  <TextCorrectedLine lineID="P1_TL01178">
    <OldTextValue>sgjf Union Stables</OldTextValue>
    <NewTextValue>Union Stables</NewTextValue>
  </TextCorrectedLine>
  <TextCorrectedLine lineID="P1_TL01179">
    <OldTextValue>VWbSU* Under Webb Hall *</OldTextValue>
    <NewTextValue>Under Webb Hall</NewTextValue>
  </TextCorrectedLine>
  <TextCorrectedLine lineID="P1_TL01181">
    <OldTextValue>• — M. NEWMAN, Prop.</OldTextValue>
    <NewTextValue>M. NEWMAN, Prop.</NewTextValue>
  </TextCorrectedLine>
  <TextCorrectedLine lineID="P1_TL01182">
    <OldTextValue>The Stable equipped with Urst-class stock</OldTextValue>
    <NewTextValue>The Stable equipped with first-class stock</NewTextValue>
  </TextCorrectedLine>
  <TextCorrectedLine lineID="P1_TL01183">
    <OldTextValue>and vehicles. Suitable riga for Commercial</OldTextValue>
    <NewTextValue>and vehicles. Suitable rigs for Commercial</NewTextValue>
  </TextCorrectedLine>
  <TextCorrectedLine lineID="P1_TL01185">
    <OldTextValue>Special Attention Paid *</OldTextValue>
    <NewTextValue>Special Attention Paid</NewTextValue>
  </TextCorrectedLine>
  <TextCorrectedLine lineID="P1_TL01186">
    <OldTextValue>* to Transient Stock.</OldTextValue>
    <NewTextValue>to Transient Stock.</NewTextValue>
  </TextCorrectedLine>
  <TextCorrectedLine lineID="P1_TL01188">
    <OldTextValue>Telegrams answered free ot cost. 2-23-tf</OldTextValue>
    <NewTextValue>Telegrams answered free of cost.</NewTextValue>
  </TextCorrectedLine>
  <TextCorrectedLine lineID="P1_TL01189">
    <OldTextValue>PIPE ACCIDENT LIFE</OldTextValue>
    <NewTextValue>FIRE   ACCIDENT   LIFE</NewTextValue>
  </TextCorrectedLine>
  <TextCorrectedLine lineID="P1_TL01193">
    <OldTextValue>Office: Marella building. Court street. Jackson</OldTextValue>
    <NewTextValue>Office: Marelia building. Court street. Jackson</NewTextValue>
  </TextCorrectedLine>
  <TextCorrectedLine lineID="P1_TL01195">
    <OldTextValue>Ledger and Daily Call, one year $7 60</OldTextValue>
    <NewTextValue>Ledger and Daily Call, one year $7 50</NewTextValue>
  </TextCorrectedLine>
  <TextCorrectedLine lineID="P1_TL01199">
    <OldTextValue>Ledger and Weekly Bulletin, one year. . . 300</OldTextValue>
    <NewTextValue>Ledger and Weekly Bulletin, one year. . . 3 90</NewTextValue>
  </TextCorrectedLine>
  <TextCorrectedLine lineID="P1_TL01203">
    <OldTextValue>Ledger and Daily Examiner, one year ... 8 SO</OldTextValue>
    <NewTextValue>Ledger and Daily Examiner, one year ... 8 30</NewTextValue>
  </TextCorrectedLine>
  <TextCorrectedLine lineID="P1_TL01207">
    <OldTextValue>Ledger and S. F. Weekly Post', one year. 8 00</OldTextValue>
    <NewTextValue>Ledger and S. F. Weekly Post', one year. 3 00</NewTextValue>
  </TextCorrectedLine>
  <TextCorrectedLine lineID="P1_TL01210">
    <OldTextValue>Ledger and- Twice a Week," ono year . . 300</OldTextValue>
    <NewTextValue>Ledger and- Twice a Week," one year . . 3 00</NewTextValue>
  </TextCorrectedLine>
  <TextCorrectedLine lineID="P1_TL01211">
    <OldTextValue>***TIJ6 above rates are strictly is advance,</OldTextValue>
    <NewTextValue>The above rates are strictly is advance,</NewTextValue>
  </TextCorrectedLine>
</TextCorrectedBlock>
<TextCorrectedBlock pageOID="AL19010913.1.1" blockID="P1_CB00006" userID="[redacted]">
  <TextCorrectedLine lineID="P1_TL01223">
    <OldTextValue>. Dealer Id —</OldTextValue>
    <NewTextValue>Dealer in</NewTextValue>
  </TextCorrectedLine>
  <TextCorrectedLine lineID="P1_TL01224">
    <OldTextValue>WATCHES, CLOCKS JEW*</OldTextValue>
    <NewTextValue>WATCHES, CLOCKS JEWELRY</NewTextValue>
  </TextCorrectedLine>
  <TextCorrectedLine lineID="P1_TL01226">
    <OldTextValue>49- All goods warranted as represented</OldTextValue>
    <NewTextValue>All goods warranted as represented</NewTextValue>
  </TextCorrectedLine>
</TextCorrectedBlock>
<TextCorrectedBlock pageOID="AL19010913.1.1" blockID="P1_TB00106" userID="[redacted]">
  <TextCorrectedLine lineID="P1_TL00740">
    <OldTextValue>ma's halrack, made of a pair of deer</OldTextValue>
    <NewTextValue>ma's hatrack, made of a pair of deer</NewTextValue>
  </TextCorrectedLine>
  <TextCorrectedLine lineID="P1_TL00741">
    <OldTextValue>horns. One afternoon when he was S</OldTextValue>
    <NewTextValue>horns. One afternoon when he was 3</NewTextValue>
  </TextCorrectedLine>
  <TextCorrectedLine lineID="P1_TL00743">
    <OldTextValue>G.'a park. When relating the incidents</OldTextValue>
    <NewTextValue>G.'s park. When relating the incidents</NewTextValue>
  </TextCorrectedLine>
</TextCorrectedBlock>
<TextCorrectedBlock pageOID="AL19010913.1.1" blockID="P1_TB00101" userID="[redacted]">
  <TextCorrectedLine lineID="P1_TL00713">
    <OldTextValue>"Ob, no. As soon as Brother Willie</OldTextValue>
    <NewTextValue>"Oh, no. As soon as Brother Willie</NewTextValue>
  </TextCorrectedLine>
  <TextCorrectedLine lineID="P1_TL00714">
    <OldTextValue>came In nnd got the phonograph he bad</OldTextValue>
    <NewTextValue>came in and got the phonograph he had</NewTextValue>
  </TextCorrectedLine>
  <TextCorrectedLine lineID="P1_TL00715">
    <OldTextValue>Inadvertently left on the table every-</OldTextValue>
    <NewTextValue>inadvertently left on the table every-</NewTextValue>
  </TextCorrectedLine>
</TextCorrectedBlock>
<TextCorrectedBlock pageOID="AL19010913.1.2" blockID="P2_CB00002" userID="[redacted]">
  <TextCorrectedLine lineID="P2_TL00515">
    <OldTextValue>• •■■*•*;" OPENING OF "-'"'■'' V. *•</OldTextValue>
    <NewTextValue>OPENING OF</NewTextValue>
  </TextCorrectedLine>
  <TextCorrectedLine lineID="P2_TL00516">
    <OldTextValue>lira® :; Agikiiiitin</OldTextValue>
    <NewTextValue>IONE ACADEMY     (Incorporated)</NewTextValue>
  </TextCorrectedLine>
  <TextCorrectedLine lineID="P2_TL00517">
    <OldTextValue>• AT IDISIE- PAT !</OldTextValue>
    <NewTextValue>AT IONE, CAL........</NewTextValue>
  </TextCorrectedLine>
  <TextCorrectedLine lineID="P2_TL00518">
    <OldTextValue>• FOR THE YEAR 1901-1902. •</OldTextValue>
    <NewTextValue>FOR THE YEAR 1901-1902.</NewTextValue>
  </TextCorrectedLine>
  <TextCorrectedLine lineID="P2_TL00519">
    <OldTextValue>{ Monday, September 23d. I</OldTextValue>
    <NewTextValue>Monday, September 23d.</NewTextValue>
  </TextCorrectedLine>
  <TextCorrectedLine lineID="P2_TL00520">
    <OldTextValue>« •:.-:■ ■ '--I: -.- •</OldTextValue>
    <NewTextValue></NewTextValue>
  </TextCorrectedLine>
  <TextCorrectedLine lineID="P2_TL00521">
    <OldTextValue>» Instruction will be given in 'preparation for a business or collegiate •</OldTextValue>
    <NewTextValue>Instruction will be given in preparation for a business or collegiate</NewTextValue>
  </TextCorrectedLine>
  <TextCorrectedLine lineID="P2_TL00523">
    <OldTextValue>• 9th grade work, and any others passing a satisfactory examination are S</OldTextValue>
    <NewTextValue>9th grade work, and any others passing a satisfactory examination are</NewTextValue>
  </TextCorrectedLine>
  <TextCorrectedLine lineID="P2_TL00525">
    <OldTextValue>• Board of Trustees— A. L. Adams, M. D., Chair- „ , _- . 2</OldTextValue>
    <NewTextValue>Board of Trustees— A. L. Adams, M. D., Chair-</NewTextValue>
  </TextCorrectedLine>
  <TextCorrectedLine lineID="P2_TL00526">
    <OldTextValue>j man; E. W Perkins, Secy; L. A. Frary, M. Alexander UOrdenker B. L. 5</OldTextValue>
    <NewTextValue>man; E. W Perkins, Secy; L. A. Frary, M. Alexander UOrdenker B. L. 5</NewTextValue>
  </TextCorrectedLine>
</TextCorrectedBlock>
