<TextCorrectedBlock pageOID="AL19100909.1.1" blockID="P1_TB00023" userID="[redacted]">
  <TextCorrectedLine lineID="P1_TL00143">
    <OldTextValue>offense, and attemDted suicide by</OldTextValue>
    <NewTextValue>offense, and attempted suicide by</NewTextValue>
  </TextCorrectedLine>
</TextCorrectedBlock>
<TextCorrectedBlock pageOID="AL19100909.1.2" blockID="P2_TB00008" userID="[redacted]">
  <TextCorrectedLine lineID="P2_TL00134">
    <OldTextValue>Tassano down to the [Sierra hospital.</OldTextValue>
    <NewTextValue>Tassano down to the Sierra hospital.</NewTextValue>
  </TextCorrectedLine>
</TextCorrectedBlock>
<TextCorrectedBlock pageOID="AL19100909.1.2" blockID="P2_TB00004" userID="[redacted]">
  <TextCorrectedLine lineID="P2_TL00035">
    <OldTextValue>' elaborate equipment has been made.</OldTextValue>
    <NewTextValue>elaborate equipment has been made.</NewTextValue>
  </TextCorrectedLine>
  <TextCorrectedLine lineID="P2_TL00038">
    <OldTextValue>' Nevills, who practically owns the en-</OldTextValue>
    <NewTextValue>Nevills, who practically owns the en-</NewTextValue>
  </TextCorrectedLine>
  <TextCorrectedLine lineID="P2_TL00041">
    <OldTextValue>, Gold Mining Company, has been ab-</OldTextValue>
    <NewTextValue>Gold Mining Company, has been ab-</NewTextValue>
  </TextCorrectedLine>
</TextCorrectedBlock>
<TextCorrectedBlock pageOID="AL19100909.1.2" blockID="P2_CB00002" userID="[redacted]">
  <TextCorrectedLine lineID="P2_TL00263">
    <OldTextValue>1 : _. 2^S&amp;</OldTextValue>
    <NewTextValue></NewTextValue>
  </TextCorrectedLine>
  <TextCorrectedLine lineID="P2_TL00264">
    <OldTextValue>i: : f BlllgMillii |</OldTextValue>
    <NewTextValue>DRESSMAKING</NewTextValue>
  </TextCorrectedLine>
</TextCorrectedBlock>
<TextCorrectedBlock pageOID="AL19100909.1.1" blockID="P1_TB00001" userID="[redacted]">
  <TextCorrectedLine lineID="P1_TL00002">
    <OldTextValue>A mad or' s County</OldTextValue>
    <NewTextValue>Amador' s County</NewTextValue>
  </TextCorrectedLine>
</TextCorrectedBlock>
<TextCorrectedBlock pageOID="AL19100909.1.1" blockID="P1_TB00019" userID="[redacted]">
  <TextCorrectedLine lineID="P1_TL00130">
    <OldTextValue>cisco and other points.' She resumed</OldTextValue>
    <NewTextValue>cisco and other points.  She resumed</NewTextValue>
  </TextCorrectedLine>
</TextCorrectedBlock>
<TextCorrectedBlock pageOID="AL19100909.1.1" blockID="P1_TB00018" userID="[redacted]">
  <TextCorrectedLine lineID="P1_TL00122">
    <OldTextValue>J. 11. Griffin, who resides on Peak's</OldTextValue>
    <NewTextValue>J. H. Griffin, who resides on Peak's</NewTextValue>
  </TextCorrectedLine>
</TextCorrectedBlock>
<TextCorrectedBlock pageOID="AL19100909.1.1" blockID="P1_TB00015" userID="[redacted]">
  <TextCorrectedLine lineID="P1_TL00107">
    <OldTextValue>States vs. Fayette Mace the takine of</OldTextValue>
    <NewTextValue>States vs. Fayette Mace the taking of</NewTextValue>
  </TextCorrectedLine>
  <TextCorrectedLine lineID="P1_TL00109">
    <OldTextValue>the 16th of October, and. the final</OldTextValue>
    <NewTextValue>the 16th of October, and the final</NewTextValue>
  </TextCorrectedLine>
</TextCorrectedBlock>
<TextCorrectedBlock pageOID="AL19100909.1.1" blockID="P1_TB00008" userID="[redacted]">
  <TextCorrectedLine lineID="P1_TL00055">
    <OldTextValue>Excelsior Parlor, No 31, rent - 500</OldTextValue>
    <NewTextValue>Excelsior Parlor, No 31, rent -     5 00</NewTextValue>
  </TextCorrectedLine>
  <TextCorrectedLine lineID="P1_TL00056">
    <OldTextValue>Mrs C Richtmyer, water ■ 600</OldTextValue>
    <NewTextValue>Mrs C Richtmyer, water              6 00</NewTextValue>
  </TextCorrectedLine>
  <TextCorrectedLine lineID="P1_TL00057">
    <OldTextValue>C L Miller, expressage ■ - 675</OldTextValue>
    <NewTextValue>C L Miller, expressage     -   -     6 75</NewTextValue>
  </TextCorrectedLine>
  <TextCorrectedLine lineID="P1_TL00058">
    <OldTextValue>G D Calvin, labor - - • 600</OldTextValue>
    <NewTextValue>G D Calvin, labor -  -  -               6 00</NewTextValue>
  </TextCorrectedLine>
  <TextCorrectedLine lineID="P1_TL00059">
    <OldTextValue>Podesta &amp; Taylor, livery - 5 50</OldTextValue>
    <NewTextValue>Podesta &amp; Taylor, livery     -       5 50</NewTextValue>
  </TextCorrectedLine>
  <TextCorrectedLine lineID="P1_TL00060">
    <OldTextValue>U S Gregory, traveling ex • 450</OldTextValue>
    <NewTextValue>U S Gregory, traveling ex    -      4 50</NewTextValue>
  </TextCorrectedLine>
  <TextCorrectedLine lineID="P1_TL00061">
    <OldTextValue>U S Gregory, bd of prisoners - 49 00</OldTextValue>
    <NewTextValue>U S Gregory, bd of prisoners -  49 00</NewTextValue>
  </TextCorrectedLine>
  <TextCorrectedLine lineID="P1_TL00062">
    <OldTextValue>Pacific Tel Co, telehones • 44 u5</OldTextValue>
    <NewTextValue>Pacific Tel Co, telehones -        44 *5</NewTextValue>
  </TextCorrectedLine>
  <TextCorrectedLine lineID="P1_TL00063">
    <OldTextValue>Amador ER &amp; LCo, lights - 750</OldTextValue>
    <NewTextValue>Amador ER &amp; LCo, lights    -      7 50</NewTextValue>
  </TextCorrectedLine>
  <TextCorrectedLine lineID="P1_TL00064">
    <OldTextValue>Fred Werner, labor - - -3 00</OldTextValue>
    <NewTextValue>Fred Werner, labor - - -              3 00</NewTextValue>
  </TextCorrectedLine>
  <TextCorrectedLine lineID="P1_TL00065">
    <OldTextValue>John Ratto, rent - - - 500</OldTextValue>
    <NewTextValue>John Ratto, rent  -   -   -              5 00</NewTextValue>
  </TextCorrectedLine>
  <TextCorrectedLine lineID="P1_TL00066">
    <OldTextValue>Pacific Tel Co, telepones • 40</OldTextValue>
    <NewTextValue>Pacific Tel Co, telepones    -      1 40</NewTextValue>
  </TextCorrectedLine>
  <TextCorrectedLine lineID="P1_TL00067">
    <OldTextValue>Well's Fargo Co, expressage - 290</OldTextValue>
    <NewTextValue>Well's Fargo Co, expressage -   2 90</NewTextValue>
  </TextCorrectedLine>
  <TextCorrectedLine lineID="P1_TL00068">
    <OldTextValue>W Fortner. labor - - - 28 00</OldTextValue>
    <NewTextValue>W Fortner. labor   -   -   -           28 00</NewTextValue>
  </TextCorrectedLine>
  <TextCorrectedLine lineID="P1_TL00069">
    <OldTextValue>Green &amp; Ratto, livery - - 700</OldTextValue>
    <NewTextValue>Green &amp; Ratto, livery    -    -        7 00</NewTextValue>
  </TextCorrectedLine>
  <TextCorrectedLine lineID="P1_TL00070">
    <OldTextValue>D Hyams, labor - - - 12 50</OldTextValue>
    <NewTextValue>D Hyams, labor    -    -    -          12 50</NewTextValue>
  </TextCorrectedLine>
  <TextCorrectedLine lineID="P1_TL00071">
    <OldTextValue>H S Crocker Co, supplies - 850</OldTextValue>
    <NewTextValue>H S Crocker Co, supplies -         8 50</NewTextValue>
  </TextCorrectedLine>
  <TextCorrectedLine lineID="P1_TL00074">
    <OldTextValue>Wm Hanley, removing dead cow - 5 U0</OldTextValue>
    <NewTextValue>Wm Hanley, removing dead cow - 5 00</NewTextValue>
  </TextCorrectedLine>
  <TextCorrectedLine lineID="P1_TL00075">
    <OldTextValue>lone Valley Echo, printing - - 425</OldTextValue>
    <NewTextValue>lone Valley Echo, printing    -    -  4 25</NewTextValue>
  </TextCorrectedLine>
  <TextCorrectedLine lineID="P1_TL00076">
    <OldTextValue>L Burke, rent - - - - 500</OldTextValue>
    <NewTextValue>L Burke, rent   -    -    -    -            5 00</NewTextValue>
  </TextCorrectedLine>
  <TextCorrectedLine lineID="P1_TL00078">
    <OldTextValue>F W Parker, watchman - 10 00</OldTextValue>
    <NewTextValue>F W Parker, watchman   -          10 00</NewTextValue>
  </TextCorrectedLine>
</TextCorrectedBlock>
