<TextCorrectedBlock pageOID="AL19011220.1.1" blockID="P1_TB00007" userID="[redacted]">
  <TextCorrectedLine lineID="P1_TL00074">
    <OldTextValue>O 0 O</OldTextValue>
    <NewTextValue></NewTextValue>
  </TextCorrectedLine>
  <TextCorrectedLine lineID="P1_TL00075">
    <OldTextValue>' State Senator... ..Hon. John F. Davis</OldTextValue>
    <NewTextValue>State Senator...... Hon. John F. Davis</NewTextValue>
  </TextCorrectedLine>
  <TextCorrectedLine lineID="P1_TL00076">
    <OldTextValue>Assemblyman Hon. Fred L. Stewart</OldTextValue>
    <NewTextValue>Assemblyman .....  Hon. Fred L. Stewart</NewTextValue>
  </TextCorrectedLine>
  <TextCorrectedLine lineID="P1_TL00077">
    <OldTextValue>Superior Judge Hon. R. C. Rust</OldTextValue>
    <NewTextValue>Superior Judge  ..... Hon. R. C. Rust</NewTextValue>
  </TextCorrectedLine>
  <TextCorrectedLine lineID="P1_TL00078">
    <OldTextValue>Sheriff and Tax Collector U S. Gregory</OldTextValue>
    <NewTextValue>Sheriff and Tax Collector .... U S. Gregory</NewTextValue>
  </TextCorrectedLine>
  <TextCorrectedLine lineID="P1_TL00079">
    <OldTextValue>Deputy Sheriff J. Podesta</OldTextValue>
    <NewTextValue>Deputy Sheriff  .... J. Podesta</NewTextValue>
  </TextCorrectedLine>
  <TextCorrectedLine lineID="P1_TL00080">
    <OldTextValue>County Clerk and Auditor C. L. Culbert</OldTextValue>
    <NewTextValue>County Clerk and Auditor .... C. L. Culbert</NewTextValue>
  </TextCorrectedLine>
  <TextCorrectedLine lineID="P1_TL00081">
    <OldTextValue>Deputy County Clerk B. R. Breese</OldTextValue>
    <NewTextValue>Deputy County Clerk  ...... B. R. Breese</NewTextValue>
  </TextCorrectedLine>
  <TextCorrectedLine lineID="P1_TL00082">
    <OldTextValue>District Attorney ...C. P. Vicini</OldTextValue>
    <NewTextValue>District Attorney .... C. P. Vicini</NewTextValue>
  </TextCorrectedLine>
  <TextCorrectedLine lineID="P1_TL00083">
    <OldTextValue>Treasurer S. G Spaguoli</OldTextValue>
    <NewTextValue>Treasurer  ...... S. G Spaguoli</NewTextValue>
  </TextCorrectedLine>
  <TextCorrectedLine lineID="P1_TL00084">
    <OldTextValue>Reoordor D. A. Patterson</OldTextValue>
    <NewTextValue>Recorder ..... D. A. Patterson</NewTextValue>
  </TextCorrectedLine>
</TextCorrectedBlock>
<TextCorrectedBlock pageOID="AL19011220.1.1" blockID="P1_TB00007" userID="[redacted]">
  <TextCorrectedLine lineID="P1_TL00083">
    <OldTextValue>Treasurer  ...... S. G Spaguoli</OldTextValue>
    <NewTextValue>Treasurer  ...... S. G Spagnoli</NewTextValue>
  </TextCorrectedLine>
</TextCorrectedBlock>
<TextCorrectedBlock pageOID="AL19011220.1.1" blockID="P1_TB00007" userID="[redacted]">
  <TextCorrectedLine lineID="P1_TL00085">
    <OldTextValue>Deputy Recorder Root. I. Kerr</OldTextValue>
    <NewTextValue>Deputy Recorder  .....  Robt. I. Kerr</NewTextValue>
  </TextCorrectedLine>
  <TextCorrectedLine lineID="P1_TL00086">
    <OldTextValue>Assessor John Merchant</OldTextValue>
    <NewTextValue>Assessor ...... John Merchant</NewTextValue>
  </TextCorrectedLine>
  <TextCorrectedLine lineID="P1_TL00087">
    <OldTextValue>Deputy Assessor George V. Mack</OldTextValue>
    <NewTextValue>Deputy Assessor  ...... George F. Mack</NewTextValue>
  </TextCorrectedLine>
  <TextCorrectedLine lineID="P1_TL00088">
    <OldTextValue>Superintendent of Schools .. Geo. A. Gordon'</OldTextValue>
    <NewTextValue>Superintendent of Schools ..... Geo. A. Gordon</NewTextValue>
  </TextCorrectedLine>
  <TextCorrectedLine lineID="P1_TL00089">
    <OldTextValue>Coroner and Administrator Geo. A. Grittori</OldTextValue>
    <NewTextValue>Coroner and Administrator ... Geo. A. Gritton</NewTextValue>
  </TextCorrectedLine>
  <TextCorrectedLine lineID="P1_TL00090">
    <OldTextValue>County Surveyor W. E. Downs</OldTextValue>
    <NewTextValue>County Surveyor .... W. E. Downs</NewTextValue>
  </TextCorrectedLine>
</TextCorrectedBlock>
