<TextCorrectedBlock pageOID="AL19031225.1.2" blockID="P2_CB00004" userID="[redacted]">
  <TextCorrectedLine lineID="P2_TL00763">
    <OldTextValue>■ . LIVE BUSINESS HOUSES.</OldTextValue>
    <NewTextValue>LIVE BUSINESS HOUSES.</NewTextValue>
  </TextCorrectedLine>
  <TextCorrectedLine lineID="P2_TL00764">
    <OldTextValue>|fiINDGEHID ; . ; . : |</OldTextValue>
    <NewTextValue>GINOCCHIO BROS.</NewTextValue>
  </TextCorrectedLine>
  <TextCorrectedLine lineID="P2_TL00765">
    <OldTextValue>I General Merchandise |</OldTextValue>
    <NewTextValue>General Merchandise</NewTextValue>
  </TextCorrectedLine>
  <TextCorrectedLine lineID="P2_TL00766">
    <OldTextValue>H J&gt;e^ Groceries, Furnishing Goods, Shoes. |§</OldTextValue>
    <NewTextValue>Groceries, Furnishing Goods, Shoes.</NewTextValue>
  </TextCorrectedLine>
  <TextCorrectedLine lineID="P2_TL00767">
    <OldTextValue>H &lt;-m p Boots, Paints, Oils, Varnishes, Mm- M</OldTextValue>
    <NewTextValue>Boots, Paints, Oils, Varnishes, Min-</NewTextValue>
  </TextCorrectedLine>
  <TextCorrectedLine lineID="P2_TL00768">
    <OldTextValue>H|, ing Supplies, Lumber, Hardware, '.' s|</OldTextValue>
    <NewTextValue>ing Supplies, Lumber, Hardware,</NewTextValue>
  </TextCorrectedLine>
  <TextCorrectedLine lineID="P2_TL00769">
    <OldTextValue>% - ; Hay, Grain, etc., etc. \| §|</OldTextValue>
    <NewTextValue>Hay, Grain, etc., etc.</NewTextValue>
  </TextCorrectedLine>
  <TextCorrectedLine lineID="P2_TL00770">
    <OldTextValue>H Corner Main and Water St. : Jsi</OldTextValue>
    <NewTextValue>Corner Main and Water St.</NewTextValue>
  </TextCorrectedLine>
  <TextCorrectedLine lineID="P2_TL00771">
    <OldTextValue>n ; JXCKSON, ;■ - - ; - cai^ieornia 1</OldTextValue>
    <NewTextValue>JACKSON,  California</NewTextValue>
  </TextCorrectedLine>
  <TextCorrectedLine lineID="P2_TL00772">
    <OldTextValue>"MAJESTIC" $2,50 SHOES.</OldTextValue>
    <NewTextValue>"MAJESTIC"  $2.50   SHOES.</NewTextValue>
  </TextCorrectedLine>
  <TextCorrectedLine lineID="P2_TL00773">
    <OldTextValue>i ne leather is simply H^^Pl</OldTextValue>
    <NewTextValue>The leather is simply</NewTextValue>
  </TextCorrectedLine>
  <TextCorrectedLine lineID="P2_TL00774">
    <OldTextValue>superb, the shoe mat- fi2^ I</OldTextValue>
    <NewTextValue>superb, the shoe making faultless - they fit in</NewTextValue>
  </TextCorrectedLine>
  <TextCorrectedLine lineID="P2_TL00775">
    <OldTextValue>every SPOT f and as for £/</OldTextValue>
    <NewTextValue>every SPOT  and as for</NewTextValue>
  </TextCorrectedLine>
  <TextCorrectedLine lineID="P2_TL00776">
    <OldTextValue>looks, why anybody can f§L^/t£m['</OldTextValue>
    <NewTextValue>looks, why anybody can</NewTextValue>
  </TextCorrectedLine>
  <TextCorrectedLine lineID="P2_TL00777">
    <OldTextValue>TT7T T .1 ' . .1 AT\r* ißssZs A.'T^A'</OldTextValue>
    <NewTextValue>TELL that they ARE</NewTextValue>
  </TextCorrectedLine>
  <TextCorrectedLine lineID="P2_TL00778">
    <OldTextValue>X ' '* ■*' * UlldL LJ.ICV ill f\. '■ ' J</OldTextValue>
    <NewTextValue>fine shoes.</NewTextValue>
  </TextCorrectedLine>
  <TextCorrectedLine lineID="P2_TL00779">
    <OldTextValue>Putter's Cash Store, Agents. I</OldTextValue>
    <NewTextValue>Futter's Cash Store, Agents.</NewTextValue>
  </TextCorrectedLine>
  <TextCorrectedLine lineID="P2_TL00780">
    <OldTextValue>GTTT'PTm? /^T?XT'ij ITZ'1 TZ' - fl</OldTextValue>
    <NewTextValue>SUTTER CREEK</NewTextValue>
  </TextCorrectedLine>
  <TextCorrectedLine lineID="P2_TL00781">
    <OldTextValue>OUX JL HiXi v^xiJDj XLjxv. |</OldTextValue>
    <NewTextValue></NewTextValue>
  </TextCorrectedLine>
  <TextCorrectedLine lineID="P2_TL00782">
    <OldTextValue>•-•-■■■• '- ■ ; ■■---■-. --:■.; ;-- ; ■</OldTextValue>
    <NewTextValue></NewTextValue>
  </TextCorrectedLine>
  <TextCorrectedLine lineID="P2_TL00783">
    <OldTextValue>I It Costs Money to Make Steam I</OldTextValue>
    <NewTextValue>It Costs Money to Make Steam</NewTextValue>
  </TextCorrectedLine>
  <TextCorrectedLine lineID="P2_TL00784">
    <OldTextValue>. — ;r-SAVE MONEY BY USING- r£3</OldTextValue>
    <NewTextValue>-SAVE MONEY BY USING-</NewTextValue>
  </TextCorrectedLine>
  <TextCorrectedLine lineID="P2_TL00785">
    <OldTextValue>B McDearmon &amp; Go's. Asbestos Goods.</OldTextValue>
    <NewTextValue>McDearmon &amp; Go's. Asbestos Goods.</NewTextValue>
  </TextCorrectedLine>
  <TextCorrectedLine lineID="P2_TL00786">
    <OldTextValue>Such as Boiler &amp; Pipe Coverinys, Maguesia Coverings, Fire-Proof- p§</OldTextValue>
    <NewTextValue>Such as Boiler &amp; Pipe Coverings, Maguesia Coverings, Fire-Proof- p§</NewTextValue>
  </TextCorrectedLine>
</TextCorrectedBlock>
<TextCorrectedBlock pageOID="AL19031225.1.2" blockID="P2_CB00003" userID="[redacted]">
  <TextCorrectedLine lineID="P2_TL00680">
    <OldTextValue>MISCELLANEOUS. I</OldTextValue>
    <NewTextValue>MISCELLANEOUS.</NewTextValue>
  </TextCorrectedLine>
  <TextCorrectedLine lineID="P2_TL00682">
    <OldTextValue>J ANU A FINE STOCK oJffiS</OldTextValue>
    <NewTextValue>AND A FINE STOCK OF</NewTextValue>
  </TextCorrectedLine>
  <TextCorrectedLine lineID="P2_TL00683">
    <OldTextValue>• Present Goods in Sterlif</OldTextValue>
    <NewTextValue>Present Goods in Sterling</NewTextValue>
  </TextCorrectedLine>
  <TextCorrectedLine lineID="P2_TL00684">
    <OldTextValue>• ......Silver...... &gt;</OldTextValue>
    <NewTextValue>......Silver......</NewTextValue>
  </TextCorrectedLine>
  <TextCorrectedLine lineID="P2_TL00685">
    <OldTextValue>5 MANICURE, TOILET AN</OldTextValue>
    <NewTextValue>MANICURE, TOILET AN</NewTextValue>
  </TextCorrectedLine>
  <TextCorrectedLine lineID="P2_TL00686">
    <OldTextValue>• OTHER SETS</OldTextValue>
    <NewTextValue>OTHER SETS</NewTextValue>
  </TextCorrectedLine>
  <TextCorrectedLine lineID="P2_TL00687">
    <OldTextValue>Z Watches of most Modern Desigi</OldTextValue>
    <NewTextValue>Watches of most Modern Design</NewTextValue>
  </TextCorrectedLine>
  <TextCorrectedLine lineID="P2_TL00688">
    <OldTextValue>♦"dfcainjb .Broaches, Earrings, Sea</OldTextValue>
    <NewTextValue>Chains, Broaches, Earrings, Sca</NewTextValue>
  </TextCorrectedLine>
  <TextCorrectedLine lineID="P2_TL00689">
    <OldTextValue>• Pins. Rings Tn-groit-varieT^</OldTextValue>
    <NewTextValue>Pins. Rings in great variety.</NewTextValue>
  </TextCorrectedLine>
  <TextCorrectedLine lineID="P2_TL00690">
    <OldTextValue>• : Diamonds and other Goods at re</OldTextValue>
    <NewTextValue>Diamonds and other Goods at rea-</NewTextValue>
  </TextCorrectedLine>
  <TextCorrectedLine lineID="P2_TL00691">
    <OldTextValue>0 sonable prices.</OldTextValue>
    <NewTextValue>sonable prices.</NewTextValue>
  </TextCorrectedLine>
</TextCorrectedBlock>
<TextCorrectedBlock pageOID="AL19031225.1.2" blockID="P2_CB00003" userID="[redacted]">
  <TextCorrectedLine lineID="P2_TL00685">
    <OldTextValue>MANICURE, TOILET AN</OldTextValue>
    <NewTextValue>MANICURE, TOILET AND</NewTextValue>
  </TextCorrectedLine>
</TextCorrectedBlock>
<TextCorrectedBlock pageOID="AL19031225.1.3" blockID="P3_TB00130" userID="[redacted]">
  <TextCorrectedLine lineID="P3_TL01013">
    <OldTextValue>ma rtori's.</OldTextValue>
    <NewTextValue>martori's.</NewTextValue>
  </TextCorrectedLine>
</TextCorrectedBlock>
<TextCorrectedBlock pageOID="AL19031225.1.3" blockID="P3_TB00129" userID="[redacted]">
  <TextCorrectedLine lineID="P3_TL01005">
    <OldTextValue>Mamie aud Will Norman are home</OldTextValue>
    <NewTextValue>Mamie and Will Norman are home</NewTextValue>
  </TextCorrectedLine>
  <TextCorrectedLine lineID="P3_TL01006">
    <OldTextValue>from collego for their vacation.</OldTextValue>
    <NewTextValue>from college for their vacation.</NewTextValue>
  </TextCorrectedLine>
  <TextCorrectedLine lineID="P3_TL01008">
    <OldTextValue>-V-afevr**-th»-/^r'carl of Perfection^ —</OldTextValue>
    <NewTextValue>Valley," the "Pearl of Perfection."</NewTextValue>
  </TextCorrectedLine>
  <TextCorrectedLine lineID="P3_TL01009">
    <OldTextValue>W..F. Dotert left for tho city Sunday</OldTextValue>
    <NewTextValue>W..F. Detert left for the city Sunday</NewTextValue>
  </TextCorrectedLine>
</TextCorrectedBlock>
<TextCorrectedBlock pageOID="AL19031225.1.3" blockID="P3_TB00127" userID="[redacted]">
  <TextCorrectedLine lineID="P3_TL01000">
    <OldTextValue>Matthew's College at Saa Ma too, is</OldTextValue>
    <NewTextValue>Matthew's College at San Mateo, is</NewTextValue>
  </TextCorrectedLine>
</TextCorrectedBlock>
<TextCorrectedBlock pageOID="AL19031225.1.3" blockID="P3_TB00126" userID="[redacted]">
  <TextCorrectedLine lineID="P3_TL00996">
    <OldTextValue>Harry McCoy, ■ who is working in</OldTextValue>
    <NewTextValue>Harry McCoy, who is working in</NewTextValue>
  </TextCorrectedLine>
</TextCorrectedBlock>
<TextCorrectedBlock pageOID="AL19031225.1.3" blockID="P3_TB00010" userID="[redacted]">
  <TextCorrectedLine lineID="P3_TL00053">
    <OldTextValue>assinino ever placed on the statue book.</OldTextValue>
    <NewTextValue>assinine ever placed on the statue book.</NewTextValue>
  </TextCorrectedLine>
  <TextCorrectedLine lineID="P3_TL00054">
    <OldTextValue>The meadow lark Is one of the most</OldTextValue>
    <NewTextValue>The meadow lark is one of the most</NewTextValue>
  </TextCorrectedLine>
  <TextCorrectedLine lineID="P3_TL00060">
    <OldTextValue>We concur. A (lock of meadow larks</OldTextValue>
    <NewTextValue>We concur. A flock of meadow larks</NewTextValue>
  </TextCorrectedLine>
  <TextCorrectedLine lineID="P3_TL00070">
    <OldTextValue>his property. He was mot with the ob-</OldTextValue>
    <NewTextValue>his property. He was met with the ob-</NewTextValue>
  </TextCorrectedLine>
  <TextCorrectedLine lineID="P3_TL00072">
    <OldTextValue>the local authorities vo suspend or</OldTextValue>
    <NewTextValue>the local authorities to suspend or</NewTextValue>
  </TextCorrectedLine>
</TextCorrectedBlock>
<TextCorrectedBlock pageOID="AL19031225.1.3" blockID="P3_TB00052" userID="[redacted]">
  <TextCorrectedLine lineID="P3_TL00431">
    <OldTextValue>-&gt; -•■•" • ■ : • ' -</OldTextValue>
    <NewTextValue></NewTextValue>
  </TextCorrectedLine>
</TextCorrectedBlock>
<TextCorrectedBlock pageOID="AL19031225.1.3" blockID="P3_TB00052" userID="[redacted]">
  <TextCorrectedLine lineID="P3_TL00441">
    <OldTextValue>work will require two or three weebs</OldTextValue>
    <NewTextValue>work will require two or three weeks</NewTextValue>
  </TextCorrectedLine>
</TextCorrectedBlock>
<TextCorrectedBlock pageOID="AL19031225.1.3" blockID="P3_TB00043" userID="[redacted]">
  <TextCorrectedLine lineID="P3_TL00391">
    <OldTextValue>WiU Richards came up from San</OldTextValue>
    <NewTextValue>Will Richards came up from San</NewTextValue>
  </TextCorrectedLine>
  <TextCorrectedLine lineID="P3_TL00397">
    <OldTextValue>with typhoid fever. .</OldTextValue>
    <NewTextValue>with typhoid fever.</NewTextValue>
  </TextCorrectedLine>
  <TextCorrectedLine lineID="P3_TL00399">
    <OldTextValue>the holidays with her parents at* San</OldTextValue>
    <NewTextValue>the holidays with her parents at San</NewTextValue>
  </TextCorrectedLine>
</TextCorrectedBlock>
<TextCorrectedBlock pageOID="AL19031225.1.3" blockID="P3_TB00042" userID="[redacted]">
  <TextCorrectedLine lineID="P3_TL00386">
    <OldTextValue>Miss Paisy Fo? came down from Pine</OldTextValue>
    <NewTextValue>Miss Paisy Fox came down from Pine</NewTextValue>
  </TextCorrectedLine>
  <TextCorrectedLine lineID="P3_TL00387">
    <OldTextValue>Grove Sunday - and will spend part of</OldTextValue>
    <NewTextValue>Grove Sunday  and will spend part of</NewTextValue>
  </TextCorrectedLine>
</TextCorrectedBlock>
<TextCorrectedBlock pageOID="AL19031225.1.3" blockID="P3_TB00041" userID="[redacted]">
  <TextCorrectedLine lineID="P3_TL00381">
    <OldTextValue>Mrs. A. ■ Doman and daughter,</OldTextValue>
    <NewTextValue>Mrs. A.  Doman and daughter,</NewTextValue>
  </TextCorrectedLine>
  <TextCorrectedLine lineID="P3_TL00383">
    <OldTextValue>dor friends Monday. .'. : [••</OldTextValue>
    <NewTextValue>dor friends Monday.</NewTextValue>
  </TextCorrectedLine>
</TextCorrectedBlock>
<TextCorrectedBlock pageOID="AL19031225.1.3" blockID="P3_TB00050" userID="[redacted]">
  <TextCorrectedLine lineID="P3_TL00416">
    <OldTextValue>is tho value H. A. Tisdale, Summerton,</OldTextValue>
    <NewTextValue>is the value H. A. Tisdale, Summerton,</NewTextValue>
  </TextCorrectedLine>
  <TextCorrectedLine lineID="P3_TL00418">
    <OldTextValue>Salvo. He«*ays: " I had the piles for</OldTextValue>
    <NewTextValue>Salvo. He says: " I had the piles for</NewTextValue>
  </TextCorrectedLine>
  <TextCorrectedLine lineID="P3_TL00419">
    <OldTextValue>20 years. ' I tried many doctors and</OldTextValue>
    <NewTextValue>20 years.   I tried many doctors and</NewTextValue>
  </TextCorrectedLine>
  <TextCorrectedLine lineID="P3_TL00425">
    <OldTextValue>permanently! cures blind, bleeding,</OldTextValue>
    <NewTextValue>permanently cures blind, bleeding,</NewTextValue>
  </TextCorrectedLine>
</TextCorrectedBlock>
<TextCorrectedBlock pageOID="AL19031225.1.3" blockID="P3_TB00047" userID="[redacted]">
  <TextCorrectedLine lineID="P3_TL00404">
    <OldTextValue>Losing flesh Is Indeed a bad j sign.</OldTextValue>
    <NewTextValue>Losing flesh is Indeed a bad  sign.</NewTextValue>
  </TextCorrectedLine>
  <TextCorrectedLine lineID="P3_TL00408">
    <OldTextValue>Emulsion. It restores flesh because .t</OldTextValue>
    <NewTextValue>Emulsion. It restores flesh because it</NewTextValue>
  </TextCorrectedLine>
</TextCorrectedBlock>
<TextCorrectedBlock pageOID="AL19031225.1.3" blockID="P3_TB00059" userID="[redacted]">
  <TextCorrectedLine lineID="P3_TL00526">
    <OldTextValue>, Furniture at cost at Henry Weil's</OldTextValue>
    <NewTextValue>Furniture at cost at Henry Weil's</NewTextValue>
  </TextCorrectedLine>
</TextCorrectedBlock>
<TextCorrectedBlock pageOID="AL19031225.1.3" blockID="P3_TB00058" userID="[redacted]">
  <TextCorrectedLine lineID="P3_TL00525">
    <OldTextValue>is visiting his relatives In Jackson. ,</OldTextValue>
    <NewTextValue>is visiting his relatives in Jackson.</NewTextValue>
  </TextCorrectedLine>
</TextCorrectedBlock>
<TextCorrectedBlock pageOID="AL19031225.1.3" blockID="P3_CB00006" userID="[redacted]">
  <TextCorrectedLine lineID="P3_TL01191">
    <OldTextValue>|j GOODS^_ | |[</OldTextValue>
    <NewTextValue>REDLICK'S    STANDARD GOODS</NewTextValue>
  </TextCorrectedLine>
  <TextCorrectedLine lineID="P3_TL01192">
    <OldTextValue>|1 We extend a Merry Christmas to ||</OldTextValue>
    <NewTextValue>We extend a Merry Christmas to</NewTextValue>
  </TextCorrectedLine>
  <TextCorrectedLine lineID="P3_TL01193">
    <OldTextValue>*g all our many patrons. jt</OldTextValue>
    <NewTextValue>all our many patrons.</NewTextValue>
  </TextCorrectedLine>
  <TextCorrectedLine lineID="P3_TL01194">
    <OldTextValue>i From this date until Jan. Ist, we 1</OldTextValue>
    <NewTextValue>From this date until Jan. 1st, we</NewTextValue>
  </TextCorrectedLine>
  <TextCorrectedLine lineID="P3_TL01195">
    <OldTextValue>m will sell all Holiday Stock If</OldTextValue>
    <NewTextValue>will sell all Holiday Stock</NewTextValue>
  </TextCorrectedLine>
  <TextCorrectedLine lineID="P3_TL01196">
    <OldTextValue>Jb.55 • * - ■ 1 • fl _i_ • ?y</OldTextValue>
    <NewTextValue></NewTextValue>
  </TextCorrectedLine>
  <TextCorrectedLine lineID="P3_TL01197">
    <OldTextValue>|| at a big reduction. j^</OldTextValue>
    <NewTextValue>at a big reduction.</NewTextValue>
  </TextCorrectedLine>
</TextCorrectedBlock>
<TextCorrectedBlock pageOID="AL19031225.1.4" blockID="P4_CB00009" userID="[redacted]">
  <TextCorrectedLine lineID="P4_TL00923">
    <OldTextValue>PIONEER FLOUR IS PERFECTION^</OldTextValue>
    <NewTextValue>PIONEER FLOUR IS PERFECTION</NewTextValue>
  </TextCorrectedLine>
  <TextCorrectedLine lineID="P4_TL00924">
    <OldTextValue>a&lt; Made From SELECTED WHEAT</OldTextValue>
    <NewTextValue>Made From SELECTED WHEAT</NewTextValue>
  </TextCorrectedLine>
  <TextCorrectedLine lineID="P4_TL00925">
    <OldTextValue>| Blended According to Our. Own Formula</OldTextValue>
    <NewTextValue>Blended According to Our. Own Formula</NewTextValue>
  </TextCorrectedLine>
  <TextCorrectedLine lineID="P4_TL00926">
    <OldTextValue>f 4 Produclno Perfect Results and</OldTextValue>
    <NewTextValue>Producing Perfect Results and</NewTextValue>
  </TextCorrectedLine>
  <TextCorrectedLine lineID="P4_TL00927">
    <OldTextValue>A Bread Divinely Fair and Feathery Light [</OldTextValue>
    <NewTextValue>Bread Divinely Fair and Feathery Light</NewTextValue>
  </TextCorrectedLine>
  <TextCorrectedLine lineID="P4_TL00928">
    <OldTextValue>§ Sweet to the. Palate's Touch and</OldTextValue>
    <NewTextValue>Sweet to the Palate's Touch and</NewTextValue>
  </TextCorrectedLine>
  <TextCorrectedLine lineID="P4_TL00929">
    <OldTextValue>&lt;i Snowy White &lt;-</OldTextValue>
    <NewTextValue>Snowy White</NewTextValue>
  </TextCorrectedLine>
  <TextCorrectedLine lineID="P4_TL00930">
    <OldTextValue>■ ■ ~ " ■ v ■</OldTextValue>
    <NewTextValue></NewTextValue>
  </TextCorrectedLine>
  <TextCorrectedLine lineID="P4_TL00931">
    <OldTextValue>■. ■ - - ■ - . ■ .</OldTextValue>
    <NewTextValue></NewTextValue>
  </TextCorrectedLine>
  <TextCorrectedLine lineID="P4_TL00932">
    <OldTextValue>•- PIOIIEER FLOOR MILLS. SACRAMENTO— — — - •</OldTextValue>
    <NewTextValue>PIONEER FLOUR MILLS, SACRAMENTO</NewTextValue>
  </TextCorrectedLine>
</TextCorrectedBlock>
<TextCorrectedBlock pageOID="AL19031225.1.4" blockID="P4_CB00009" userID="[redacted]">
  <TextCorrectedLine lineID="P4_TL00921">
    <OldTextValue>AMADOR lEHR ID ill RECORD-UNION</OldTextValue>
    <NewTextValue>AMADOR LEDGER AND WEEKLY RECORD-UNION</NewTextValue>
  </TextCorrectedLine>
</TextCorrectedBlock>
<TextCorrectedBlock pageOID="AL19031225.1.4" blockID="P4_CB00009" userID="[redacted]">
  <TextCorrectedLine lineID="P4_TL00925">
    <OldTextValue>Blended According to Our. Own Formula</OldTextValue>
    <NewTextValue>Blended According to Our Own Formula</NewTextValue>
  </TextCorrectedLine>
</TextCorrectedBlock>
<TextCorrectedBlock pageOID="AL19031225.1.4" blockID="P4_CB00005" userID="[redacted]">
  <TextCorrectedLine lineID="P4_TL00790">
    <OldTextValue>1 j. a. vanderpooll</OldTextValue>
    <NewTextValue>j. a. vanderpooll</NewTextValue>
  </TextCorrectedLine>
  <TextCorrectedLine lineID="P4_TL00791">
    <OldTextValue>Jj Formerly of Sutter Creek Q</OldTextValue>
    <NewTextValue>Formerly of Sutter Creek</NewTextValue>
  </TextCorrectedLine>
  <TextCorrectedLine lineID="P4_TL00792">
    <OldTextValue>Jj? Has opened up, on the Sacramento toad a</OldTextValue>
    <NewTextValue>Has opened up, on the Sacramento road a</NewTextValue>
  </TextCorrectedLine>
  <TextCorrectedLine lineID="P4_TL00793">
    <OldTextValue>§ one and one-half miles west of j§</OldTextValue>
    <NewTextValue>one and one-half miles west of</NewTextValue>
  </TextCorrectedLine>
  <TextCorrectedLine lineID="P4_TL00794">
    <OldTextValue>jjj . , . Plymouth, a. -. ■ X</OldTextValue>
    <NewTextValue>Plymouth, a.</NewTextValue>
  </TextCorrectedLine>
  <TextCorrectedLine lineID="P4_TL00795">
    <OldTextValue>| FirsU'lass Harness Shop I</OldTextValue>
    <NewTextValue>First-class Harness Shop</NewTextValue>
  </TextCorrectedLine>
  <TextCorrectedLine lineID="P4_TL00796">
    <OldTextValue>3 And carries a full line of llarm-KM and S</OldTextValue>
    <NewTextValue>And carries a full line of Harness and</NewTextValue>
  </TextCorrectedLine>
  <TextCorrectedLine lineID="P4_TL00797">
    <OldTextValue>% Teamster's Supplies. " j</OldTextValue>
    <NewTextValue>Teamster's Supplies.</NewTextValue>
  </TextCorrectedLine>
  <TextCorrectedLine lineID="P4_TL00798">
    <OldTextValue>| BEPAIBING ON SHORT NOTICE, i</OldTextValue>
    <NewTextValue>BEPAIRING ON SHORT NOTICE,</NewTextValue>
  </TextCorrectedLine>
  <TextCorrectedLine lineID="P4_TL00799">
    <OldTextValue>I Having no rent to pay this is the</OldTextValue>
    <NewTextValue>Having no rent to pay this is the</NewTextValue>
  </TextCorrectedLine>
  <TextCorrectedLine lineID="P4_TL00800">
    <OldTextValue>0 cheapest place in the county i</OldTextValue>
    <NewTextValue>cheapest place in the county</NewTextValue>
  </TextCorrectedLine>
  <TextCorrectedLine lineID="P4_TL00801">
    <OldTextValue>Kf to trade. - ' - - - jlySi-im i</OldTextValue>
    <NewTextValue>to trade.</NewTextValue>
  </TextCorrectedLine>
  <TextCorrectedLine lineID="P4_TL00802">
    <OldTextValue>A^H.KUHLMAN~</OldTextValue>
    <NewTextValue>A. H. KUHLMAN</NewTextValue>
  </TextCorrectedLine>
  <TextCorrectedLine lineID="P4_TL00815">
    <OldTextValue>Wines4iquors*Cigars</OldTextValue>
    <NewTextValue>Wines Liquors Cigars</NewTextValue>
  </TextCorrectedLine>
  <TextCorrectedLine lineID="P4_TL00816">
    <OldTextValue>' JACKSON, . CAL.</OldTextValue>
    <NewTextValue>JACKSON,  CAL.</NewTextValue>
  </TextCorrectedLine>
  <TextCorrectedLine lineID="P4_TL00817">
    <OldTextValue>£ DISTRIBUTING AGENTS FOR J. F. MAR-</OldTextValue>
    <NewTextValue>DISTRIBUTING AGENTS FOR J. F. MAR-</NewTextValue>
  </TextCorrectedLine>
  <TextCorrectedLine lineID="P4_TL00818">
    <OldTextValue>J tell Cognac. Moet &amp; Chaudon. White Seal</OldTextValue>
    <NewTextValue>tell Cognac. Moet &amp; Chaudon. White Seal</NewTextValue>
  </TextCorrectedLine>
  <TextCorrectedLine lineID="P4_TL00832">
    <OldTextValue>i$ Per Cent Saved......</OldTextValue>
    <NewTextValue>15 Per Cent Saved......</NewTextValue>
  </TextCorrectedLine>
  <TextCorrectedLine lineID="P4_TL00835">
    <OldTextValue>-J\ O-ITJ-ST 1 !-</OldTextValue>
    <NewTextValue>J. GIUSTI</NewTextValue>
  </TextCorrectedLine>
</TextCorrectedBlock>
<TextCorrectedBlock pageOID="AL19031225.1.4" blockID="P4_CB00009" userID="[redacted]">
  <TextCorrectedLine lineID="P4_TL00913">
    <OldTextValue>Claus Spreckels B'ld'g S^^^^By^.</OldTextValue>
    <NewTextValue>Claus Spreckels B'ld'g</NewTextValue>
  </TextCorrectedLine>
  <TextCorrectedLine lineID="P4_TL00914">
    <OldTextValue>SAN FRANCISCO. KvlP^^H 0re 90119 O11</OldTextValue>
    <NewTextValue>SAN FRANCISCO.</NewTextValue>
  </TextCorrectedLine>
  <TextCorrectedLine lineID="P4_TL00915">
    <OldTextValue>Telephone: VS^QQfst&amp;®? e^ ar a °d</OldTextValue>
    <NewTextValue>Telephone:</NewTextValue>
  </TextCorrectedLine>
  <TextCorrectedLine lineID="P4_TL00916">
    <OldTextValue>Private Exchange 279 X^OT^gSF RedwOOd</OldTextValue>
    <NewTextValue>Private Exchange 279</NewTextValue>
  </TextCorrectedLine>
  <TextCorrectedLine lineID="P4_TL00917">
    <OldTextValue>• ' #■ -^ # # Lumber</OldTextValue>
    <NewTextValue>Oregon Pine Cedar and Redwood  Lumber</NewTextValue>
  </TextCorrectedLine>
</TextCorrectedBlock>
<TextCorrectedBlock pageOID="AL19031225.1.4" blockID="P4_CB00009" userID="[redacted]">
  <TextCorrectedLine lineID="P4_TL00918">
    <OldTextValue>mChl3 ' (incorporated) Rough Of Worked</OldTextValue>
    <NewTextValue>mch13         WENDLING WHOLESALE LUMBER AND ITS PRODUCTS     (incorporated) Rough or Worked</NewTextValue>
  </TextCorrectedLine>
</TextCorrectedBlock>
<TextCorrectedBlock pageOID="AL19031225.1.4" blockID="P4_CB00009" userID="[redacted]">
  <TextCorrectedLine lineID="P4_TL00911">
    <OldTextValue>Rooms: J^fSS^^ Yafd: 6th * Irwin Sts -</OldTextValue>
    <NewTextValue>Rooms:                                 Yard: 6th &amp; Irwin Sts.</NewTextValue>
  </TextCorrectedLine>
</TextCorrectedBlock>
<TextCorrectedBlock pageOID="AL19031225.1.4" blockID="P4_CB00004" userID="[redacted]">
  <TextCorrectedLine lineID="P4_TL00747">
    <OldTextValue>- "I don't think we oonld keep</OldTextValue>
    <NewTextValue>- "I don't think we could keep</NewTextValue>
  </TextCorrectedLine>
  <TextCorrectedLine lineID="P4_TL00748">
    <OldTextValue>home without Thedford's Blftok-</OldTextValue>
    <NewTextValue>home without Thedford's Black-</NewTextValue>
  </TextCorrectedLine>
  <TextCorrectedLine lineID="P4_TL00749">
    <OldTextValue>Draught. We hare used it in the</OldTextValue>
    <NewTextValue>Draught. We have used it in the</NewTextValue>
  </TextCorrectedLine>
  <TextCorrectedLine lineID="P4_TL00750">
    <OldTextValue>family (or over two yean with the</OldTextValue>
    <NewTextValue>family for over two years with the</NewTextValue>
  </TextCorrectedLine>
  <TextCorrectedLine lineID="P4_TL00751">
    <OldTextValue>beat ot remits. I have cot had •</OldTextValue>
    <NewTextValue>best of results.  I have not had</NewTextValue>
  </TextCorrectedLine>
  <TextCorrectedLine lineID="P4_TL00753">
    <OldTextValue>ot time. It is » doctor In itielf and</OldTextValue>
    <NewTextValue>of time. It is a doctor in itself and</NewTextValue>
  </TextCorrectedLine>
  <TextCorrectedLine lineID="P4_TL00754">
    <OldTextValue>always ready to make • person wall</OldTextValue>
    <NewTextValue>always ready to make person well</NewTextValue>
  </TextCorrectedLine>
  <TextCorrectedLine lineID="P4_TL00755">
    <OldTextValue>and happy."— JAMES "*Tr T i Jack-</OldTextValue>
    <NewTextValue>and happy."— JAMES HALL,    Jack-</NewTextValue>
  </TextCorrectedLine>
  <TextCorrectedLine lineID="P4_TL00756">
    <OldTextValue>■onTille, 111.</OldTextValue>
    <NewTextValue>sonville, Ill.</NewTextValue>
  </TextCorrectedLine>
  <TextCorrectedLine lineID="P4_TL00757">
    <OldTextValue>Because thii great medicine</OldTextValue>
    <NewTextValue>Because this great medicine</NewTextValue>
  </TextCorrectedLine>
  <TextCorrectedLine lineID="P4_TL00758">
    <OldTextValue>relievet stomach pains, frees the</OldTextValue>
    <NewTextValue>relieves stomach pains, frees the</NewTextValue>
  </TextCorrectedLine>
  <TextCorrectedLine lineID="P4_TL00760">
    <OldTextValue>. ates the torpid liver and weak-</OldTextValue>
    <NewTextValue>ates the torpid liver and weak-</NewTextValue>
  </TextCorrectedLine>
</TextCorrectedBlock>
<TextCorrectedBlock pageOID="AL19031225.1.4" blockID="P4_CB00003" userID="[redacted]">
  <TextCorrectedLine lineID="P4_TL00686">
    <OldTextValue>• ■'. ■■ ' ~°S e~ ■» ~ ~?"~ - '. i «</OldTextValue>
    <NewTextValue></NewTextValue>
  </TextCorrectedLine>
  <TextCorrectedLine lineID="P4_TL00687">
    <OldTextValue>• 1601 -10th St., Sacramento</OldTextValue>
    <NewTextValue>1601 -10th St., Sacramento</NewTextValue>
  </TextCorrectedLine>
  <TextCorrectedLine lineID="P4_TL00688">
    <OldTextValue>J : SUNSET PHONE NO. EAST 769.</OldTextValue>
    <NewTextValue>SUNSET PHONE NO. EAST 769.</NewTextValue>
  </TextCorrectedLine>
  <TextCorrectedLine lineID="P4_TL00689">
    <OldTextValue>• Cut llowers at all times.'</OldTextValue>
    <NewTextValue>Cut flowers at all times.</NewTextValue>
  </TextCorrectedLine>
  <TextCorrectedLine lineID="P4_TL00690">
    <OldTextValue>%- Funeral aud 'Wedding orders : a'</OldTextValue>
    <NewTextValue>Funeral and Wedding orders  a</NewTextValue>
  </TextCorrectedLine>
  <TextCorrectedLine lineID="P4_TL00691">
    <OldTextValue>• specialty. .</OldTextValue>
    <NewTextValue>specialty. .</NewTextValue>
  </TextCorrectedLine>
  <TextCorrectedLine lineID="P4_TL00692">
    <OldTextValue>J Orders telephoned to our agent;</OldTextValue>
    <NewTextValue>Orders telephoned to our agent;</NewTextValue>
  </TextCorrectedLine>
  <TextCorrectedLine lineID="P4_TL00693">
    <OldTextValue>% ■ at Jackson will receive im tried-</OldTextValue>
    <NewTextValue>at Jackson will receive immed-</NewTextValue>
  </TextCorrectedLine>
  <TextCorrectedLine lineID="P4_TL00694">
    <OldTextValue>• : iate attention and, and prompt</OldTextValue>
    <NewTextValue>iate attention and, and prompt</NewTextValue>
  </TextCorrectedLine>
  <TextCorrectedLine lineID="P4_TL00695">
    <OldTextValue>J delivery assured.</OldTextValue>
    <NewTextValue>delivery assured.</NewTextValue>
  </TextCorrectedLine>
  <TextCorrectedLine lineID="P4_TL00696">
    <OldTextValue>• Miss Amelia Cademartorl V</OldTextValue>
    <NewTextValue>Miss Amelia Cademartori</NewTextValue>
  </TextCorrectedLine>
  <TextCorrectedLine lineID="P4_TL00697">
    <OldTextValue>• Agent, Jackson, Cal. ';-n</OldTextValue>
    <NewTextValue>Agent, Jackson, Cal.</NewTextValue>
  </TextCorrectedLine>
</TextCorrectedBlock>
