<TextCorrectedBlock pageOID="AL19030828.1.1" blockID="P1_CB00006" userID="[redacted]">
  <TextCorrectedLine lineID="P1_TL00694">
    <OldTextValue>•lawyers. "•;.:|</OldTextValue>
    <NewTextValue>Lawyers.</NewTextValue>
  </TextCorrectedLine>
  <TextCorrectedLine lineID="P1_TL00695">
    <OldTextValue>Attorney and Coiinnelor at I.nw</OldTextValue>
    <NewTextValue>D. B. Spagnoli         Attorney and Counselor at law</NewTextValue>
  </TextCorrectedLine>
  <TextCorrectedLine lineID="P1_TL00697">
    <OldTextValue>Bee: Spagnoli building, opposite Hall ol</OldTextValue>
    <NewTextValue>Bee: Spagnoli building, opposite Hall of</NewTextValue>
  </TextCorrectedLine>
  <TextCorrectedLine lineID="P1_TL00698">
    <OldTextValue>ecords.</OldTextValue>
    <NewTextValue>records.</NewTextValue>
  </TextCorrectedLine>
  <TextCorrectedLine lineID="P1_TL00699">
    <OldTextValue>v* r-'-r--</OldTextValue>
    <NewTextValue></NewTextValue>
  </TextCorrectedLine>
  <TextCorrectedLine lineID="P1_TL00703">
    <OldTextValue>Ul practice in all courts of the State,</OldTextValue>
    <NewTextValue>Will  practice in all courts of the State,</NewTextValue>
  </TextCorrectedLine>
  <TextCorrectedLine lineID="P1_TL00704">
    <OldTextValue>; ;</OldTextValue>
    <NewTextValue></NewTextValue>
  </TextCorrectedLine>
  <TextCorrectedLine lineID="P1_TL00705">
    <OldTextValue>"OHN F. DAVIS</OldTextValue>
    <NewTextValue>JOHN F. DAVIS</NewTextValue>
  </TextCorrectedLine>
</TextCorrectedBlock>
<TextCorrectedBlock pageOID="AL19030828.1.1" blockID="P1_TB00010" userID="[redacted]">
  <TextCorrectedLine lineID="P1_TL00010">
    <OldTextValue>State Senator Hon. W. C. Ralston</OldTextValue>
    <NewTextValue>State Senator ...... Hon. W. C. Ralston</NewTextValue>
  </TextCorrectedLine>
  <TextCorrectedLine lineID="P1_TL00011">
    <OldTextValue>Assemblyman Hon. C. H. McKenney</OldTextValue>
    <NewTextValue>Assemblyman ..... Hon. C. H. McKenney</NewTextValue>
  </TextCorrectedLine>
  <TextCorrectedLine lineID="P1_TL00012">
    <OldTextValue>Superior Judge Hon. R. C. Rust</OldTextValue>
    <NewTextValue>Superior Judge .....  Hon. R. C. Rust</NewTextValue>
  </TextCorrectedLine>
  <TextCorrectedLine lineID="P1_TL00013">
    <OldTextValue>Sheriff and Tax Collector T, K. Norman</OldTextValue>
    <NewTextValue>Sheriff and Tax Collector .......  T, K. Norman</NewTextValue>
  </TextCorrectedLine>
  <TextCorrectedLine lineID="P1_TL00014">
    <OldTextValue>Deputies. Fred Jackson, H. E. Kay</OldTextValue>
    <NewTextValue>Deputies. ....... Fred Jackson, H. E. Kay</NewTextValue>
  </TextCorrectedLine>
  <TextCorrectedLine lineID="P1_TL00015">
    <OldTextValue>County Clerk and Auditor C. L. Culbert</OldTextValue>
    <NewTextValue>County Clerk and Auditor ..... C. L. Culbert</NewTextValue>
  </TextCorrectedLine>
  <TextCorrectedLine lineID="P1_TL00016">
    <OldTextValue>Deputy County Clerk J. R. Huberty</OldTextValue>
    <NewTextValue>Deputy County Clerk ..... J. R. Huberty</NewTextValue>
  </TextCorrectedLine>
  <TextCorrectedLine lineID="P1_TL00017">
    <OldTextValue>District Attorney C. P. Vicinl</OldTextValue>
    <NewTextValue>District Attorney ..... C. P. Vicini</NewTextValue>
  </TextCorrectedLine>
  <TextCorrectedLine lineID="P1_TL00018">
    <OldTextValue>Treasurer Geo. A. Gritton</OldTextValue>
    <NewTextValue>Treasurer ..... Geo. A. Gritton</NewTextValue>
  </TextCorrectedLine>
  <TextCorrectedLine lineID="P1_TL00019">
    <OldTextValue>Recorder D. A. Patterson</OldTextValue>
    <NewTextValue>Recorder ..... D. A. Patterson</NewTextValue>
  </TextCorrectedLine>
  <TextCorrectedLine lineID="P1_TL00020">
    <OldTextValue>Assessor .John Marchant</OldTextValue>
    <NewTextValue>Assessor ........John Marchant</NewTextValue>
  </TextCorrectedLine>
  <TextCorrectedLine lineID="P1_TL00021">
    <OldTextValue>Deputy Assessor George F. Mack</OldTextValue>
    <NewTextValue>Deputy Assessor .... George F. Mack</NewTextValue>
  </TextCorrectedLine>
</TextCorrectedBlock>
<TextCorrectedBlock pageOID="AL19030828.1.1" blockID="P1_CB00001" userID="[redacted]">
  <TextCorrectedLine lineID="P1_TL00598">
    <OldTextValue>j State House I</OldTextValue>
    <NewTextValue>State House</NewTextValue>
  </TextCorrectedLine>
  <TextCorrectedLine lineID="P1_TL00599">
    <OldTextValue>: Hotf 1 •</OldTextValue>
    <NewTextValue>Hotel</NewTextValue>
  </TextCorrectedLine>
  <TextCorrectedLine lineID="P1_TL00600">
    <OldTextValue>• ••••••• JLlv/LVl******* •</OldTextValue>
    <NewTextValue></NewTextValue>
  </TextCorrectedLine>
  <TextCorrectedLine lineID="P1_TL00601">
    <OldTextValue>S 10th &amp; K Sts, Sacramento S</OldTextValue>
    <NewTextValue>10th &amp; K Sts, Sacramento</NewTextValue>
  </TextCorrectedLine>
  <TextCorrectedLine lineID="P1_TL00602">
    <OldTextValue>2 Free Bus to and from Hotel. J</OldTextValue>
    <NewTextValue>Free Bus to and from Hotel.</NewTextValue>
  </TextCorrectedLine>
  <TextCorrectedLine lineID="P1_TL00603">
    <OldTextValue>• ' Special rates to families and •</OldTextValue>
    <NewTextValue>Special rates to families and</NewTextValue>
  </TextCorrectedLine>
  <TextCorrectedLine lineID="P1_TL00604">
    <OldTextValue>• large parties. •</OldTextValue>
    <NewTextValue>large parties.</NewTextValue>
  </TextCorrectedLine>
  <TextCorrectedLine lineID="P1_TL00605">
    <OldTextValue>• Rates $1.00, $1.25, $1.50 &amp; •</OldTextValue>
    <NewTextValue>Rates $1.00, $1.25, $1.50 &amp;</NewTextValue>
  </TextCorrectedLine>
  <TextCorrectedLine lineID="P1_TL00606">
    <OldTextValue>• $2.00 per day. J ;</OldTextValue>
    <NewTextValue>$2.00 per day.</NewTextValue>
  </TextCorrectedLine>
  <TextCorrectedLine lineID="P1_TL00607">
    <OldTextValue>• Headquarters for Arnador county Ji</OldTextValue>
    <NewTextValue>Headquarters for Arnador county</NewTextValue>
  </TextCorrectedLine>
  <TextCorrectedLine lineID="P1_TL00608">
    <OldTextValue>O'V people. Packages cared for •</OldTextValue>
    <NewTextValue>people. Packages cared for</NewTextValue>
  </TextCorrectedLine>
  <TextCorrectedLine lineID="P1_TL00609">
    <OldTextValue>1 free of charge. •</OldTextValue>
    <NewTextValue>free of charge.</NewTextValue>
  </TextCorrectedLine>
  <TextCorrectedLine lineID="P1_TL00610">
    <OldTextValue>3 /:•*-■ MEALS 25 CENTS -*■ «</OldTextValue>
    <NewTextValue>MEALS 25 CENTS</NewTextValue>
  </TextCorrectedLine>
  <TextCorrectedLine lineID="P1_TL00611">
    <OldTextValue>• Amador Ledger received every •</OldTextValue>
    <NewTextValue>Amador Ledger received every</NewTextValue>
  </TextCorrectedLine>
  <TextCorrectedLine lineID="P1_TL00612">
    <OldTextValue>• Sunday. Phone No. 101. J</OldTextValue>
    <NewTextValue>Sunday. Phone No. 101.</NewTextValue>
  </TextCorrectedLine>
  <TextCorrectedLine lineID="P1_TL00613">
    <OldTextValue>5 3. L; Flanagan, Manager J</OldTextValue>
    <NewTextValue>J. L. Flanagan, Manager</NewTextValue>
  </TextCorrectedLine>
  <TextCorrectedLine lineID="P1_TL00614">
    <OldTextValue>2 . -. . : -■, v• : - my 29 ■ . , {</OldTextValue>
    <NewTextValue>my 29</NewTextValue>
  </TextCorrectedLine>
  <TextCorrectedLine lineID="P1_TL00615">
    <OldTextValue>•••••••••••••••••••••••••a</OldTextValue>
    <NewTextValue></NewTextValue>
  </TextCorrectedLine>
</TextCorrectedBlock>
