<TextCorrectedBlock pageOID="AL19000420.1.1" blockID="P1_TB00009" userID="[redacted]">
  <TextCorrectedLine lineID="P1_TL00011">
    <OldTextValue>I at the Dead Horse.</OldTextValue>
    <NewTextValue>at the Dead Horse.</NewTextValue>
  </TextCorrectedLine>
</TextCorrectedBlock>
<TextCorrectedBlock pageOID="AL19000420.1.1" blockID="P1_TB00011" userID="[redacted]">
  <TextCorrectedLine lineID="P1_TL00014">
    <OldTextValue>ENGIHEER C. r DUNNING KEPI AW HEAD</OldTextValue>
    <NewTextValue>ENGINEER C. DUNNING KEPT A COOL HEAD</NewTextValue>
  </TextCorrectedLine>
  <TextCorrectedLine lineID="P1_TL00015">
    <OldTextValue>ij '. ... _ ..*aKJ9.*-»«W, 1 -</OldTextValue>
    <NewTextValue></NewTextValue>
  </TextCorrectedLine>
</TextCorrectedBlock>
<TextCorrectedBlock pageOID="AL19000420.1.1" blockID="P1_TB00019" userID="[redacted]">
  <TextCorrectedLine lineID="P1_TL00061">
    <OldTextValue>■ *sr ■ . -</OldTextValue>
    <NewTextValue></NewTextValue>
  </TextCorrectedLine>
  <TextCorrectedLine lineID="P1_TL00062">
    <OldTextValue>*- \r--:\ r -- : - .-.''■ •' '» ■?.-" '■- t -</OldTextValue>
    <NewTextValue></NewTextValue>
  </TextCorrectedLine>
  <TextCorrectedLine lineID="P1_TL00063">
    <OldTextValue>Horse and Eider Fall and the Latter</OldTextValue>
    <NewTextValue>Horse and Rider Fall and the Latter</NewTextValue>
  </TextCorrectedLine>
  <TextCorrectedLine lineID="P1_TL00064">
    <OldTextValue>Is Dangerously Injured. S ,</OldTextValue>
    <NewTextValue>Is Dangerously Injured.  - Con-</NewTextValue>
  </TextCorrectedLine>
  <TextCorrectedLine lineID="P1_TL00065">
    <OldTextValue>** flagration at Placerville. ' ■' l</OldTextValue>
    <NewTextValue>flagration at Placerville.</NewTextValue>
  </TextCorrectedLine>
</TextCorrectedBlock>
<TextCorrectedBlock pageOID="AL19000420.1.1" blockID="P1_TB00013" userID="[redacted]">
  <TextCorrectedLine lineID="P1_TL00034">
    <OldTextValue>SATISFACTORY ARRANGEMENTS ARE GUARARTEED</OldTextValue>
    <NewTextValue>SATISFACTORY ARRANGEMENTS ARE GUARANTEED</NewTextValue>
  </TextCorrectedLine>
</TextCorrectedBlock>
<TextCorrectedBlock pageOID="AL19000420.1.1" blockID="P1_TB00014" userID="[redacted]">
  <TextCorrectedLine lineID="P1_TL00036">
    <OldTextValue>Hazard Pavilion Which Will ,</OldTextValue>
    <NewTextValue>Hazard Pavilion Which Will</NewTextValue>
  </TextCorrectedLine>
</TextCorrectedBlock>
<TextCorrectedBlock pageOID="AL19000420.1.1" blockID="P1_TB00069" userID="[redacted]">
  <TextCorrectedLine lineID="P1_TL00483">
    <OldTextValue>Los Angeles, Cal., April 12, 1000.</OldTextValue>
    <NewTextValue>Los Angeles, Cal., April 12, 1900.</NewTextValue>
  </TextCorrectedLine>
</TextCorrectedBlock>
<TextCorrectedBlock pageOID="AL19000420.1.1" blockID="P1_TB00068" userID="[redacted]">
  <TextCorrectedLine lineID="P1_TL00468">
    <OldTextValue>Los Angeles April .27th and 28th t;ball</OldTextValue>
    <NewTextValue>Los Angeles April 27th and 28th shall</NewTextValue>
  </TextCorrectedLine>
  <TextCorrectedLine lineID="P1_TL00469">
    <OldTextValue>have' closed, the hands of the Hepubli-</OldTextValue>
    <NewTextValue>have closed, the hands of the Republi-</NewTextValue>
  </TextCorrectedLine>
  <TextCorrectedLine lineID="P1_TL00471">
    <OldTextValue>strengthened. So much * enthusiasm</OldTextValue>
    <NewTextValue>strengthened. So much  enthusiasm</NewTextValue>
  </TextCorrectedLine>
</TextCorrectedBlock>
<TextCorrectedBlock pageOID="AL19000420.1.1" blockID="P1_TB00027" userID="[redacted]">
  <TextCorrectedLine lineID="P1_TL00105">
    <OldTextValue>Preaching every Sunday at 11 a m." and 7:30</OldTextValue>
    <NewTextValue>Preaching every Sunday at 11 a m. and 7:30</NewTextValue>
  </TextCorrectedLine>
  <TextCorrectedLine lineID="P1_TL00106">
    <OldTextValue>p. m, Sunday school, Jp. m. ; Epvrorth League,</OldTextValue>
    <NewTextValue>p. m, Sunday school, 2 p. m. ; Epworth League,</NewTextValue>
  </TextCorrectedLine>
  <TextCorrectedLine lineID="P1_TL00107">
    <OldTextValue>8:45 p. m. Prayer "meeting every Thursday,</OldTextValue>
    <NewTextValue>8:45 p. m. Prayer meeting every Thursday,</NewTextValue>
  </TextCorrectedLine>
  <TextCorrectedLine lineID="P1_TL00108">
    <OldTextValue>7:30.- F. A. Morrow, pastor. ■ . t</OldTextValue>
    <NewTextValue>7:30.- F. A. Morrow, pastor.</NewTextValue>
  </TextCorrectedLine>
</TextCorrectedBlock>
<TextCorrectedBlock pageOID="AL19000420.1.1" blockID="P1_TB00016" userID="[redacted]">
  <TextCorrectedLine lineID="P1_TL00040">
    <OldTextValue>including standard sil ver dollars, sub-</OldTextValue>
    <NewTextValue>including standard silver dollars, sub-</NewTextValue>
  </TextCorrectedLine>
  <TextCorrectedLine lineID="P1_TL00041">
    <OldTextValue>sidiary | silver, silver. . certificates &lt;, and</OldTextValue>
    <NewTextValue>sidiary | silver, silver. . certificates , and</NewTextValue>
  </TextCorrectedLine>
  <TextCorrectedLine lineID="P1_TL00049">
    <OldTextValue>$558,524,447 April 1, 1806. &gt;■■■ ■&lt;■■' ■■'"■ s ",</OldTextValue>
    <NewTextValue>$558,524,447 April 1, 1896.</NewTextValue>
  </TextCorrectedLine>
</TextCorrectedBlock>
<TextCorrectedBlock pageOID="AL19000420.1.1" blockID="P1_TB00085" userID="[redacted]">
  <TextCorrectedLine lineID="P1_TL00640">
    <OldTextValue>■': Famous Lost river manifests Its</OldTextValue>
    <NewTextValue>Famous Lost river manifests Its</NewTextValue>
  </TextCorrectedLine>
</TextCorrectedBlock>
<TextCorrectedBlock pageOID="AL19000420.1.1" blockID="P1_TB00032" userID="[redacted]">
  <TextCorrectedLine lineID="P1_TL00129">
    <OldTextValue>; , In 1804 Asa Guy Gurneywas tried</OldTextValue>
    <NewTextValue>In 1894 Asa Guy Gurney was tried</NewTextValue>
  </TextCorrectedLine>
  <TextCorrectedLine lineID="P1_TL00134">
    <OldTextValue>placed/ taken It out and deposited it In</OldTextValue>
    <NewTextValue>placed taken It out and deposited it In</NewTextValue>
  </TextCorrectedLine>
</TextCorrectedBlock>
<TextCorrectedBlock pageOID="AL19000420.1.1" blockID="P1_TB00031" userID="[redacted]">
  <TextCorrectedLine lineID="P1_TL00122">
    <OldTextValue>several ..V Impressions ,;, of , Gurney's</OldTextValue>
    <NewTextValue>several impressions of  Gurney's</NewTextValue>
  </TextCorrectedLine>
</TextCorrectedBlock>
<TextCorrectedBlock pageOID="AL19000420.1.1" blockID="P1_TB00020" userID="[redacted]">
  <TextCorrectedLine lineID="P1_TL00071">
    <OldTextValue>'Engaged— Miss ■ Birdie Pechis to Mr.</OldTextValue>
    <NewTextValue>'Engaged— Miss Birdie Pechis to Mr.</NewTextValue>
  </TextCorrectedLine>
  <TextCorrectedLine lineID="P1_TL00074">
    <OldTextValue>return by first maJJ," — Philadelphia</OldTextValue>
    <NewTextValue>return by first mail." — Philadelphia</NewTextValue>
  </TextCorrectedLine>
  <TextCorrectedLine lineID="P1_TL00075">
    <OldTextValue>Preea.</OldTextValue>
    <NewTextValue>Press.</NewTextValue>
  </TextCorrectedLine>
</TextCorrectedBlock>
<TextCorrectedBlock pageOID="AL19000420.1.1" blockID="P1_CB00001" userID="[redacted]">
  <TextCorrectedLine lineID="P1_TL01065">
    <OldTextValue>' LAWYERS. "</OldTextValue>
    <NewTextValue>LAWYERS</NewTextValue>
  </TextCorrectedLine>
  <TextCorrectedLine lineID="P1_TL01066">
    <OldTextValue>TjV^A. FEEEJIAN ! "</OldTextValue>
    <NewTextValue>E. A. Freeman</NewTextValue>
  </TextCorrectedLine>
  <TextCorrectedLine lineID="P1_TL01067">
    <OldTextValue>. Attorney-at-Law ... .</OldTextValue>
    <NewTextValue>Attorney-at-Law</NewTextValue>
  </TextCorrectedLine>
  <TextCorrectedLine lineID="P1_TL01068">
    <OldTextValue>. Jackson, Cal. -:i ; : ." ; &gt; -&gt;s (</OldTextValue>
    <NewTextValue>Jackson, Cal.</NewTextValue>
  </TextCorrectedLine>
  <TextCorrectedLine lineID="P1_TL01070">
    <OldTextValue>Court streets. . . .. , . ■ .</OldTextValue>
    <NewTextValue>Court streets. . . ..</NewTextValue>
  </TextCorrectedLine>
  <TextCorrectedLine lineID="P1_TL01073">
    <OldTextValue>JACKSON, CAL.".'v"</OldTextValue>
    <NewTextValue>JACKSON, CAL.</NewTextValue>
  </TextCorrectedLine>
  <TextCorrectedLine lineID="P1_TL01074">
    <OldTextValue>■■'-■» *•-.-■}•'■ :• -r&gt;;ift :&lt;•! .' &lt; r ■/&lt;; ty*&gt;</OldTextValue>
    <NewTextValue></NewTextValue>
  </TextCorrectedLine>
</TextCorrectedBlock>
<TextCorrectedBlock pageOID="AL19000420.1.2" blockID="P2_TB00006" userID="[redacted]">
  <TextCorrectedLine lineID="P2_TL00010">
    <OldTextValue>ONElYEAß(lf*nbtin advance) ....$3 00</OldTextValue>
    <NewTextValue>ONE YEAR (lf not in advance) ....$3 00</NewTextValue>
  </TextCorrectedLine>
</TextCorrectedBlock>
<TextCorrectedBlock pageOID="AL19000420.1.2" blockID="P2_TB00005" userID="[redacted]">
  <TextCorrectedLine lineID="P2_TL00005">
    <OldTextValue>THE SAD PLIGHT OF THE RRIIONA INDIANS</OldTextValue>
    <NewTextValue>THE SAD PLIGHT OF THE ARIZONA INDIANS</NewTextValue>
  </TextCorrectedLine>
</TextCorrectedBlock>
<TextCorrectedBlock pageOID="AL19000420.1.2" blockID="P2_TB00050" userID="[redacted]">
  <TextCorrectedLine lineID="P2_TL00410">
    <OldTextValue>• Tho cry of distress has gone up from</OldTextValue>
    <NewTextValue>The cry of distress has gone up from</NewTextValue>
  </TextCorrectedLine>
  <TextCorrectedLine lineID="P2_TL00413">
    <OldTextValue>hand to relievo in part tho misery</OldTextValue>
    <NewTextValue>hand to relieve in part tho misery</NewTextValue>
  </TextCorrectedLine>
</TextCorrectedBlock>
<TextCorrectedBlock pageOID="AL19000420.1.2" blockID="P2_TB00026" userID="[redacted]">
  <TextCorrectedLine lineID="P2_TL00202">
    <OldTextValue>co"n9i3t_of exhibits .by merchants, by</OldTextValue>
    <NewTextValue>consist of exhibits by merchants, by</NewTextValue>
  </TextCorrectedLine>
</TextCorrectedBlock>
<TextCorrectedBlock pageOID="AL19000420.1.2" blockID="P2_TB00026" userID="[redacted]">
  <TextCorrectedLine lineID="P2_TL00209">
    <OldTextValue>way of amusements will be*found. v To</OldTextValue>
    <NewTextValue>way of amusements will be found.  To</NewTextValue>
  </TextCorrectedLine>
</TextCorrectedBlock>
<TextCorrectedBlock pageOID="AL19000420.1.2" blockID="P2_TB00010" userID="[redacted]">
  <TextCorrectedLine lineID="P2_TL00041">
    <OldTextValue>'i SAN FRANCISCO,^ April 14.^-the</OldTextValue>
    <NewTextValue>SAN FRANCISCO,  April 14.  The</NewTextValue>
  </TextCorrectedLine>
  <TextCorrectedLine lineID="P2_TL00042">
    <OldTextValue>Santa Fe Company^ h as ; ap pointed J.</OldTextValue>
    <NewTextValue>Santa Fe Company has appointed J.</NewTextValue>
  </TextCorrectedLine>
  <TextCorrectedLine lineID="P2_TL00043">
    <OldTextValue>W/- Walker; superintendent in chVrge</OldTextValue>
    <NewTextValue>W. Walker; superintendent in charge</NewTextValue>
  </TextCorrectedLine>
  <TextCorrectedLine lineID="P2_TL00044">
    <OldTextValue>of the" San Francisco and Point Rich-</OldTextValue>
    <NewTextValue>of the San Francisco and Point Rich-</NewTextValue>
  </TextCorrectedLine>
  <TextCorrectedLine lineID="P2_TL00049">
    <OldTextValue>General Manager Agent, J. J^'.Bryne</OldTextValue>
    <NewTextValue>General Manager Agent, J. J.'.Bryne</NewTextValue>
  </TextCorrectedLine>
</TextCorrectedBlock>
<TextCorrectedBlock pageOID="AL19000420.1.2" blockID="P2_TB00010" userID="[redacted]">
  <TextCorrectedLine lineID="P2_TL00048">
    <OldTextValue>the office of Mr. Nevln at Los Angeles.</OldTextValue>
    <NewTextValue>the office of Mr. Nevin at Los Angeles.</NewTextValue>
  </TextCorrectedLine>
</TextCorrectedBlock>
