<TextCorrectedBlock pageOID="AL19040715.1.2" blockID="P2_TB00013" userID="[redacted]">
  <TextCorrectedLine lineID="P2_TL00112">
    <OldTextValue>geles couDty, is visiting his grand-</OldTextValue>
    <NewTextValue>geles county, is visiting his grand-</NewTextValue>
  </TextCorrectedLine>
</TextCorrectedBlock>
<TextCorrectedBlock pageOID="AL19040715.1.2" blockID="P2_CB00001" userID="[redacted]">
  <TextCorrectedLine lineID="P2_TL00721">
    <OldTextValue>Hearts</OldTextValue>
    <NewTextValue>Weak Hearts</NewTextValue>
  </TextCorrectedLine>
  <TextCorrectedLine lineID="P2_TL00726">
    <OldTextValue>heart disease,- not j organic, are not only</OldTextValue>
    <NewTextValue>heart disease, not  organic, are not only</NewTextValue>
  </TextCorrectedLine>
</TextCorrectedBlock>
<TextCorrectedBlock pageOID="AL19040715.1.2" blockID="P2_TB00050" userID="[redacted]">
  <TextCorrectedLine lineID="P2_TL00353">
    <OldTextValue>. Bryan is. spoken, of as a has-been,</OldTextValue>
    <NewTextValue>Bryan is. spoken, of as a has-been,</NewTextValue>
  </TextCorrectedLine>
  <TextCorrectedLine lineID="P2_TL00354">
    <OldTextValue>Hearst as a would-like-to-have-Jbeen,</OldTextValue>
    <NewTextValue>Hearst as a would-like-to-have-been,</NewTextValue>
  </TextCorrectedLine>
</TextCorrectedBlock>
<TextCorrectedBlock pageOID="AL19040715.1.2" blockID="P2_TB00050" userID="[redacted]">
  <TextCorrectedLine lineID="P2_TL00353">
    <OldTextValue>Bryan is. spoken, of as a has-been,</OldTextValue>
    <NewTextValue>Bryan is spoken of as a has-been,</NewTextValue>
  </TextCorrectedLine>
</TextCorrectedBlock>
<TextCorrectedBlock pageOID="AL19040715.1.2" blockID="P2_CB00002" userID="[redacted]">
  <TextCorrectedLine lineID="P2_TL00745">
    <OldTextValue>|pj -~ .^_ DEALERS IN ■*-</OldTextValue>
    <NewTextValue>GINOCCHIO BRO'S.      DEALERS IN</NewTextValue>
  </TextCorrectedLine>
  <TextCorrectedLine lineID="P2_TL00746">
    <OldTextValue>I General Merchandise I</OldTextValue>
    <NewTextValue>General Merchandise</NewTextValue>
  </TextCorrectedLine>
  <TextCorrectedLine lineID="P2_TL00747">
    <OldTextValue>m Groceries, -Furnishing Goods, Shoes, M</OldTextValue>
    <NewTextValue>Groceries,  Furnishing Goods, Shoes,</NewTextValue>
  </TextCorrectedLine>
  <TextCorrectedLine lineID="P2_TL00748">
    <OldTextValue>§1 2@S! Boots, Paints, Oils, Varnishes, Mining if</OldTextValue>
    <NewTextValue>Boots, Paints, Oils, Varnishes, Mining</NewTextValue>
  </TextCorrectedLine>
  <TextCorrectedLine lineID="P2_TL00749">
    <OldTextValue>H Supplies, Lumber, Hardware, Hay, g|</OldTextValue>
    <NewTextValue>Supplies, Lumber, Hardware, Hay,</NewTextValue>
  </TextCorrectedLine>
  <TextCorrectedLine lineID="P2_TL00750">
    <OldTextValue>% Corner /Wain and Water St. |f</OldTextValue>
    <NewTextValue>Corner Wain and Water St.</NewTextValue>
  </TextCorrectedLine>
  <TextCorrectedLine lineID="P2_TL00751">
    <OldTextValue>m JACKSON - - - CALIFORNIA 1</OldTextValue>
    <NewTextValue>JACKSON - - - CALIFORNIA</NewTextValue>
  </TextCorrectedLine>
</TextCorrectedBlock>
<TextCorrectedBlock pageOID="AL19040715.1.2" blockID="P2_CB00003" userID="[redacted]">
  <TextCorrectedLine lineID="P2_TL00752">
    <OldTextValue>• &gt; McCALL jfi T T WM • 1 5</OldTextValue>
    <NewTextValue>McCALL BAZAAR PATTERNS</NewTextValue>
  </TextCorrectedLine>
  <TextCorrectedLine lineID="P2_TL00753">
    <OldTextValue>l^pau^ 1. j. Giavinovicl j</OldTextValue>
    <NewTextValue>L. J.  Giavinovich</NewTextValue>
  </TextCorrectedLine>
  <TextCorrectedLine lineID="P2_TL00754">
    <OldTextValue>5 . LEADING GROCERY STORE j</OldTextValue>
    <NewTextValue>LEADING GROCERY STORE</NewTextValue>
  </TextCorrectedLine>
  <TextCorrectedLine lineID="P2_TL00755">
    <OldTextValue>• DpfS Groceries, Dry Goods, •</OldTextValue>
    <NewTextValue>Groceries, Dry Goods,</NewTextValue>
  </TextCorrectedLine>
  <TextCorrectedLine lineID="P2_TL00756">
    <OldTextValue>X d Furnishing Goods, Boots, % •</OldTextValue>
    <NewTextValue>Furnishing Goods, Boots,</NewTextValue>
  </TextCorrectedLine>
  <TextCorrectedLine lineID="P2_TL00757">
    <OldTextValue>S a Shoes, Toilet Articles, •</OldTextValue>
    <NewTextValue>Shoes, Toilet Articles,</NewTextValue>
  </TextCorrectedLine>
  <TextCorrectedLine lineID="P2_TL00758">
    <OldTextValue>X E # Hardware, Miners' Sup- •</OldTextValue>
    <NewTextValue>Hardware, Miners' Sup-</NewTextValue>
  </TextCorrectedLine>
  <TextCorrectedLine lineID="P2_TL00759">
    <OldTextValue>• R •</OldTextValue>
    <NewTextValue>plies, Hay, Grain, Etc.</NewTextValue>
  </TextCorrectedLine>
  <TextCorrectedLine lineID="P2_TL00760">
    <OldTextValue>S 1 plies, Hay, Grain, Etc. I" •</OldTextValue>
    <NewTextValue>Cor. Main &amp; Court Streets</NewTextValue>
  </TextCorrectedLine>
  <TextCorrectedLine lineID="P2_TL00761">
    <OldTextValue>• N■' . " ■ ' ; ' X</OldTextValue>
    <NewTextValue>DEALER IN</NewTextValue>
  </TextCorrectedLine>
  <TextCorrectedLine lineID="P2_TL00762">
    <OldTextValue>X -Cor. Main &amp; Court Streets ' '•</OldTextValue>
    <NewTextValue></NewTextValue>
  </TextCorrectedLine>
  <TextCorrectedLine lineID="P2_TL00763">
    <OldTextValue>• rSSffi McCALL X</OldTextValue>
    <NewTextValue>McCALL  BAZAAR PATTERNS</NewTextValue>
  </TextCorrectedLine>
  <TextCorrectedLine lineID="P2_TL00764">
    <OldTextValue>X JACKSON, - - CAL. ]B azaar Panern\</OldTextValue>
    <NewTextValue>JACKSON, - - CAL.</NewTextValue>
  </TextCorrectedLine>
</TextCorrectedBlock>
<TextCorrectedBlock pageOID="AL19040715.1.2" blockID="P2_CB00004" userID="[redacted]">
  <TextCorrectedLine lineID="P2_TL00765">
    <OldTextValue>/mm nimivrn SEND YOUR GOLD TO ;</OldTextValue>
    <NewTextValue>SEND YOUR GOLD TO   S. B. GRACIER</NewTextValue>
  </TextCorrectedLine>
  <TextCorrectedLine lineID="P2_TL00766">
    <OldTextValue>"*" ( Successor to A. H. Beichling ) **"</OldTextValue>
    <NewTextValue>( Successor to A. H. Beichling )</NewTextValue>
  </TextCorrectedLine>
  <TextCorrectedLine lineID="P2_TL00767">
    <OldTextValue>Bought by Pacific Refinery &amp; Assay Office Returns</OldTextValue>
    <NewTextValue>GOLD QUARTZ  Bought by Specific Gravity Test    Pacific Refinery &amp; Assay Office Returns</NewTextValue>
  </TextCorrectedLine>
  <TextCorrectedLine lineID="P2_TL00768">
    <OldTextValue>made same</OldTextValue>
    <NewTextValue>Returns made same say as re-</NewTextValue>
  </TextCorrectedLine>
  <TextCorrectedLine lineID="P2_TL00770">
    <OldTextValue>bpeClfiC v (Phone Bush 337) day iIS re-</OldTextValue>
    <NewTextValue>(Phone Bush 237)</NewTextValue>
  </TextCorrectedLine>
  <TextCorrectedLine lineID="P2_TL00772">
    <OldTextValue>ceipt of</OldTextValue>
    <NewTextValue>ceipt of Consignment</NewTextValue>
  </TextCorrectedLine>
  <TextCorrectedLine lineID="P2_TL00773">
    <OldTextValue>Gravity Tp«?t BulUon i G °W Dust. Quartz, Specimens,</OldTextValue>
    <NewTextValue>Bullion Gold Dust. Quartz, Specimens,</NewTextValue>
  </TextCorrectedLine>
  <TextCorrectedLine lineID="P2_TL00774">
    <OldTextValue>vjiuvii^ j.«sl Platirjum, and all kinds of Gold Consignment</OldTextValue>
    <NewTextValue>Platinum, and all kinds of Gold</NewTextValue>
  </TextCorrectedLine>
</TextCorrectedBlock>
<TextCorrectedBlock pageOID="AL19040715.1.2" blockID="P2_CB00004" userID="[redacted]">
  <TextCorrectedLine lineID="P2_TL00766">
    <OldTextValue>( Successor to A. H. Beichling )</OldTextValue>
    <NewTextValue>( Successor to A. H. Reichling )</NewTextValue>
  </TextCorrectedLine>
</TextCorrectedBlock>
<TextCorrectedBlock pageOID="AL19040715.1.3" blockID="P3_TB00101" userID="[redacted]">
  <TextCorrectedLine lineID="P3_TL00817">
    <OldTextValue>Butterick Patterns at Red lick's."</OldTextValue>
    <NewTextValue>Butterick Patterns at Redlick's."</NewTextValue>
  </TextCorrectedLine>
  <TextCorrectedLine lineID="P3_TL00825">
    <OldTextValue>and still is too best.</OldTextValue>
    <NewTextValue>and still is the best.</NewTextValue>
  </TextCorrectedLine>
  <TextCorrectedLine lineID="P3_TL00829">
    <OldTextValue>- stantly on hand at Nottles' Mkt.</OldTextValue>
    <NewTextValue>stantly on hand at Nettles' Mkt.</NewTextValue>
  </TextCorrectedLine>
</TextCorrectedBlock>
