<TextCorrectedBlock pageOID="AL19101223.1.2" blockID="P2_CB00001" userID="[redacted]">
  <TextCorrectedLine lineID="P2_TL00356">
    <OldTextValue>«t^v dale iicrc.</OldTextValue>
    <NewTextValue>Sale Here</NewTextValue>
  </TextCorrectedLine>
  <TextCorrectedLine lineID="P2_TL00357">
    <OldTextValue>|V9V?i These Shoes are</OldTextValue>
    <NewTextValue>These Shoes are</NewTextValue>
  </TextCorrectedLine>
  <TextCorrectedLine lineID="P2_TL00358">
    <OldTextValue>%clo Cushion Soled.</OldTextValue>
    <NewTextValue>Cushion Soled.</NewTextValue>
  </TextCorrectedLine>
  <TextCorrectedLine lineID="P2_TL00360">
    <OldTextValue>V* oloves Are</OldTextValue>
    <NewTextValue>Gloves Are</NewTextValue>
  </TextCorrectedLine>
  <TextCorrectedLine lineID="P2_TL00361">
    <OldTextValue>fT\ WARRANTED</OldTextValue>
    <NewTextValue>WARRANTED</NewTextValue>
  </TextCorrectedLine>
  <TextCorrectedLine lineID="P2_TL00362">
    <OldTextValue>O^S^Jk MEMO Corset</OldTextValue>
    <NewTextValue>NEMO Corset</NewTextValue>
  </TextCorrectedLine>
  <TextCorrectedLine lineID="P2_TL00363">
    <OldTextValue>/I&amp;*fe6k/H [\ Leads ALL</OldTextValue>
    <NewTextValue>Leads ALL</NewTextValue>
  </TextCorrectedLine>
  <TextCorrectedLine lineID="P2_TL00364">
    <OldTextValue>I ////'SJ! l " Others for</OldTextValue>
    <NewTextValue>Others for</NewTextValue>
  </TextCorrectedLine>
  <TextCorrectedLine lineID="P2_TL00365">
    <OldTextValue>\ V\w/f( sty' 6 and Com -</OldTextValue>
    <NewTextValue>Style and Com -</NewTextValue>
  </TextCorrectedLine>
  <TextCorrectedLine lineID="P2_TL00366">
    <OldTextValue>\ I 11/a\\ fort - No other</OldTextValue>
    <NewTextValue>fort - No other</NewTextValue>
  </TextCorrectedLine>
  <TextCorrectedLine lineID="P2_TL00367">
    <OldTextValue>\vM|/\V\ Corset Reduces</OldTextValue>
    <NewTextValue>Corset Reduces</NewTextValue>
  </TextCorrectedLine>
  <TextCorrectedLine lineID="P2_TL00368">
    <OldTextValue>\Nil\ J/yAW Tall or Medium,</OldTextValue>
    <NewTextValue>Tall or Medium,</NewTextValue>
  </TextCorrectedLine>
  <TextCorrectedLine lineID="P2_TL00369">
    <OldTextValue>J :&amp;r£-A\\ Stout Figures;</OldTextValue>
    <NewTextValue>Stout Figures;</NewTextValue>
  </TextCorrectedLine>
  <TextCorrectedLine lineID="P2_TL00370">
    <OldTextValue>f/T\ \\\ More Effectlve-</OldTextValue>
    <NewTextValue>More Effectlve-</NewTextValue>
  </TextCorrectedLine>
  <TextCorrectedLine lineID="P2_TL00371">
    <OldTextValue>OTjrl pl€tely&lt;</OldTextValue>
    <NewTextValue>ly and Con-pletely</NewTextValue>
  </TextCorrectedLine>
  <TextCorrectedLine lineID="P2_TL00372">
    <OldTextValue>/ \uU IJ L\. lam Exclusive</OldTextValue>
    <NewTextValue>l am Exclusive</NewTextValue>
  </TextCorrectedLine>
  <TextCorrectedLine lineID="P2_TL00373">
    <OldTextValue>&gt;4«ir i J " Aoent for These</OldTextValue>
    <NewTextValue>Agent for These</NewTextValue>
  </TextCorrectedLine>
  <TextCorrectedLine lineID="P2_TL00374">
    <OldTextValue>cx^S^Sbj-Rbduciko Goods and Will</OldTextValue>
    <NewTextValue>Goods and Will</NewTextValue>
  </TextCorrectedLine>
  <TextCorrectedLine lineID="P2_TL00375">
    <OldTextValue>HMw -"-Riuwßahds Gladly Show all;</OldTextValue>
    <NewTextValue>Gladly Show all;</NewTextValue>
  </TextCorrectedLine>
  <TextCorrectedLine lineID="P2_TL00378">
    <OldTextValue>'"V. 23 MAIN ST. JACKSON</OldTextValue>
    <NewTextValue>23 MAIN ST. JACKSON</NewTextValue>
  </TextCorrectedLine>
</TextCorrectedBlock>
<TextCorrectedBlock pageOID="AL19101223.1.7" blockID="P7_TB00024" userID="[redacted]">
  <TextCorrectedLine lineID="P7_TL00274">
    <OldTextValue>Cnllforninn of Sisklyou or San Diego</OldTextValue>
    <NewTextValue>Californian of Siskiyou or San Diego</NewTextValue>
  </TextCorrectedLine>
</TextCorrectedBlock>
<TextCorrectedBlock pageOID="AL19101223.1.7" blockID="P7_TB00023" userID="[redacted]">
  <TextCorrectedLine lineID="P7_TL00255">
    <OldTextValue>thirty of the foremost citizenß of Cali-</OldTextValue>
    <NewTextValue>thirty of the foremost citizens of Cali-</NewTextValue>
  </TextCorrectedLine>
  <TextCorrectedLine lineID="P7_TL00258">
    <OldTextValue>sponsibilities) that the situation im-</OldTextValue>
    <NewTextValue>sponsibilities that the situation im-</NewTextValue>
  </TextCorrectedLine>
  <TextCorrectedLine lineID="P7_TL00261">
    <OldTextValue>n generation old were laid aside and</OldTextValue>
    <NewTextValue>a generation old were laid aside and</NewTextValue>
  </TextCorrectedLine>
</TextCorrectedBlock>
<TextCorrectedBlock pageOID="AL19101223.1.7" blockID="P7_TB00022" userID="[redacted]">
  <TextCorrectedLine lineID="P7_TL00241">
    <OldTextValue>Is more fortunate than many another</OldTextValue>
    <NewTextValue>is more fortunate than many another</NewTextValue>
  </TextCorrectedLine>
  <TextCorrectedLine lineID="P7_TL00242">
    <OldTextValue>daufornia* institution organized for</OldTextValue>
    <NewTextValue>California institution organized for</NewTextValue>
  </TextCorrectedLine>
  <TextCorrectedLine lineID="P7_TL00249">
    <OldTextValue>Is the roster of the board of directors</OldTextValue>
    <NewTextValue>is the roster of the board of directors</NewTextValue>
  </TextCorrectedLine>
</TextCorrectedBlock>
<TextCorrectedBlock pageOID="AL19101223.1.7" blockID="P7_TB00020" userID="[redacted]">
  <TextCorrectedLine lineID="P7_TL00228">
    <OldTextValue>HOMER 8. KlNG— President Pana-</OldTextValue>
    <NewTextValue>HOMER S. KlNG — President Pana-</NewTextValue>
  </TextCorrectedLine>
</TextCorrectedBlock>
<TextCorrectedBlock pageOID="AL19101223.1.7" blockID="P7_TB00019" userID="[redacted]">
  <TextCorrectedLine lineID="P7_TL00219">
    <OldTextValue>I RUDOLPH J. TAU SSl G— Secretary</OldTextValue>
    <NewTextValue>RUDOLPH J. TAUSSlG — Secretary</NewTextValue>
  </TextCorrectedLine>
  <TextCorrectedLine lineID="P7_TL00226">
    <OldTextValue>Chairman Wilmerdlng School Commit-</OldTextValue>
    <NewTextValue>Chairman Wilmerding School Commit-</NewTextValue>
  </TextCorrectedLine>
</TextCorrectedBlock>
<TextCorrectedBlock pageOID="AL19101223.1.7" blockID="P7_TB00018" userID="[redacted]">
  <TextCorrectedLine lineID="P7_TL00215">
    <OldTextValue>.i JOHN BARNESON — President</OldTextValue>
    <NewTextValue>JOHN BARNESON — President</NewTextValue>
  </TextCorrectedLine>
  <TextCorrectedLine lineID="P7_TL00216">
    <OldTextValue>Barneßon-Hlbberd Company, President</OldTextValue>
    <NewTextValue>Barneson-Hibberd Company, President</NewTextValue>
  </TextCorrectedLine>
  <TextCorrectedLine lineID="P7_TL00217">
    <OldTextValue>.Macondray &amp; Company, Director</OldTextValue>
    <NewTextValue>Macondray &amp; Company, Director</NewTextValue>
  </TextCorrectedLine>
</TextCorrectedBlock>
<TextCorrectedBlock pageOID="AL19101223.1.7" blockID="P7_TB00017" userID="[redacted]">
  <TextCorrectedLine lineID="P7_TL00212">
    <OldTextValue>„W. B. BOURN— President Spring</OldTextValue>
    <NewTextValue>W. B. BOURN — President Spring</NewTextValue>
  </TextCorrectedLine>
</TextCorrectedBlock>
<TextCorrectedBlock pageOID="AL19101223.1.7" blockID="P7_TB00016" userID="[redacted]">
  <TextCorrectedLine lineID="P7_TL00207">
    <OldTextValue>JOHN A. BRITTON— Regent Uni--</OldTextValue>
    <NewTextValue>JOHN A. BRITTON — Regent Uni-</NewTextValue>
  </TextCorrectedLine>
  <TextCorrectedLine lineID="P7_TL00208">
    <OldTextValue>yersity of California, President Cali-</OldTextValue>
    <NewTextValue>versity of California, President Cali-</NewTextValue>
  </TextCorrectedLine>
</TextCorrectedBlock>
<TextCorrectedBlock pageOID="AL19101223.1.7" blockID="P7_TB00015" userID="[redacted]">
  <TextCorrectedLine lineID="P7_TL00204">
    <OldTextValue>M. J. BRANDENSTEIN— Former Di-</OldTextValue>
    <NewTextValue>M. J. BRANDENSTEIN — Former Di-</NewTextValue>
  </TextCorrectedLine>
</TextCorrectedBlock>
<TextCorrectedBlock pageOID="AL19101223.1.7" blockID="P7_TB00014" userID="[redacted]">
  <TextCorrectedLine lineID="P7_TL00196">
    <OldTextValue>FRANK L. BROWN— Member of Ex-</OldTextValue>
    <NewTextValue>FRANK L. BROWN — Member of Ex-</NewTextValue>
  </TextCorrectedLine>
  <TextCorrectedLine lineID="P7_TL00201">
    <OldTextValue>Walker Simmons CO., President Pa-</OldTextValue>
    <NewTextValue>Walker Simmons Co., President Pa-</NewTextValue>
  </TextCorrectedLine>
</TextCorrectedBlock>
<TextCorrectedBlock pageOID="AL19101223.1.7" blockID="P7_TB00012" userID="[redacted]">
  <TextCorrectedLine lineID="P7_TL00172">
    <OldTextValue>ria Kip Orphanage, Director St. Luko's</OldTextValue>
    <NewTextValue>ria Kip Orphanage, Director St. Luke's</NewTextValue>
  </TextCorrectedLine>
  <TextCorrectedLine lineID="P7_TL00180">
    <OldTextValue>Crocker Huffman Land &amp; Water Co %</OldTextValue>
    <NewTextValue>Crocker Huffman Land &amp; Water Co.</NewTextValue>
  </TextCorrectedLine>
  <TextCorrectedLine lineID="P7_TL00188">
    <OldTextValue>clfic Telephone &amp; Telegraph Co., Di-</OldTextValue>
    <NewTextValue>cific Telephone &amp; Telegraph Co., Di-</NewTextValue>
  </TextCorrectedLine>
  <TextCorrectedLine lineID="P7_TL00189">
    <OldTextValue>rector Palace Hotel Co., Vice Presl</OldTextValue>
    <NewTextValue>rector Palace Hotel Co., Vice Presi-</NewTextValue>
  </TextCorrectedLine>
</TextCorrectedBlock>
<TextCorrectedBlock pageOID="AL19101223.1.7" blockID="P7_TB00011" userID="[redacted]">
  <TextCorrectedLine lineID="P7_TL00165">
    <OldTextValue>J. H. CROTHER3 — Former Manager</OldTextValue>
    <NewTextValue>J. H. CROTHERS — Former Manager</NewTextValue>
  </TextCorrectedLine>
</TextCorrectedBlock>
<TextCorrectedBlock pageOID="AL19101223.1.7" blockID="P7_TB00010" userID="[redacted]">
  <TextCorrectedLine lineID="P7_TL00162">
    <OldTextValue>ANDREW M. DAVlS— Former Presi-</OldTextValue>
    <NewTextValue>ANDREW M. DAVlS — Former Presi-</NewTextValue>
  </TextCorrectedLine>
</TextCorrectedBlock>
<TextCorrectedBlock pageOID="AL19101223.1.7" blockID="P7_TB00009" userID="[redacted]">
  <TextCorrectedLine lineID="P7_TL00160">
    <OldTextValue>CHAB. OE YOUNG— Business Man-</OldTextValue>
    <NewTextValue>CHAS. DE YOUNG — Business Man-</NewTextValue>
  </TextCorrectedLine>
</TextCorrectedBlock>
<TextCorrectedBlock pageOID="AL19101223.1.7" blockID="P7_TB00008" userID="[redacted]">
  <TextCorrectedLine lineID="P7_TL00157">
    <OldTextValue>M. H. DE YOUNG— Proprietor The</OldTextValue>
    <NewTextValue>M. H. DE YOUNG — Proprietor The</NewTextValue>
  </TextCorrectedLine>
</TextCorrectedBlock>
<TextCorrectedBlock pageOID="AL19101223.1.7" blockID="P7_TB00007" userID="[redacted]">
  <TextCorrectedLine lineID="P7_TL00150">
    <OldTextValue>ALFRED I. EBBERG— Member Ex-</OldTextValue>
    <NewTextValue>ALFRED I. ESBERG — Member Ex-</NewTextValue>
  </TextCorrectedLine>
</TextCorrectedBlock>
<TextCorrectedBlock pageOID="AL19101223.1.7" blockID="P7_TB00006" userID="[redacted]">
  <TextCorrectedLine lineID="P7_TL00148">
    <OldTextValue>CHAB 8. FEE — Passenger Traffic</OldTextValue>
    <NewTextValue>CHAS S. FEE — Passenger Traffic</NewTextValue>
  </TextCorrectedLine>
</TextCorrectedBlock>
<TextCorrectedBlock pageOID="AL19101223.1.7" blockID="P7_TB00005" userID="[redacted]">
  <TextCorrectedLine lineID="P7_TL00143">
    <OldTextValue>A. W. FOBTER— Regent University</OldTextValue>
    <NewTextValue>A. W. FOSTER — Regent University</NewTextValue>
  </TextCorrectedLine>
  <TextCorrectedLine lineID="P7_TL00145">
    <OldTextValue>nia Northwestern Hy. Co., President</OldTextValue>
    <NewTextValue>nia Northwestern Ry. Co., President</NewTextValue>
  </TextCorrectedLine>
  <TextCorrectedLine lineID="P7_TL00146">
    <OldTextValue>Mai in County Water Co., Director An-</OldTextValue>
    <NewTextValue>Marin County Water Co., Director An-</NewTextValue>
  </TextCorrectedLine>
  <TextCorrectedLine lineID="P7_TL00147">
    <OldTextValue>glo &amp; Loodon-Paria National Bank.</OldTextValue>
    <NewTextValue>glo &amp; London-Paris National Bank.</NewTextValue>
  </TextCorrectedLine>
</TextCorrectedBlock>
<TextCorrectedBlock pageOID="AL19101223.1.7" blockID="P7_TB00004" userID="[redacted]">
  <TextCorrectedLine lineID="P7_TL00141">
    <OldTextValue>HENRY r. FORTMANN— President</OldTextValue>
    <NewTextValue>HENRY F. FORTMANN — President</NewTextValue>
  </TextCorrectedLine>
  <TextCorrectedLine lineID="P7_TL00142">
    <OldTextValue>Alußki Packers' Association.</OldTextValue>
    <NewTextValue>Alaska Packers' Association.</NewTextValue>
  </TextCorrectedLine>
</TextCorrectedBlock>
<TextCorrectedBlock pageOID="AL19101223.1.7" blockID="P7_TB00003" userID="[redacted]">
  <TextCorrectedLine lineID="P7_TL00136">
    <OldTextValue>Trustee* Public Library, Member Ex-</OldTextValue>
    <NewTextValue>Trustees Public Library, Member Ex-</NewTextValue>
  </TextCorrectedLine>
  <TextCorrectedLine lineID="P7_TL00138">
    <OldTextValue>ment Board, Originator of th« Idea of</OldTextValue>
    <NewTextValue>ment Board, Originator of the Idea of</NewTextValue>
  </TextCorrectedLine>
  <TextCorrectedLine lineID="P7_TL00139">
    <OldTextValue>thu Panama Pacific International BJ*-</OldTextValue>
    <NewTextValue>the Panama Pacific International Ex-</NewTextValue>
  </TextCorrectedLine>
  <TextCorrectedLine lineID="P7_TL00140">
    <OldTextValue>position, Hal* Dro*.</OldTextValue>
    <NewTextValue>position, Hale Bros.</NewTextValue>
  </TextCorrectedLine>
</TextCorrectedBlock>
