<TextCorrectedBlock pageOID="AL19070503.1.3" blockID="P3_TB00064" userID="[redacted]">
  <TextCorrectedLine lineID="P3_TL00668">
    <OldTextValue>Buarman, and Messrs. Jas. Jay _and</OldTextValue>
    <NewTextValue>Buarman, and Messrs. Jas. Jay and</NewTextValue>
  </TextCorrectedLine>
  <TextCorrectedLine lineID="P3_TL00671">
    <OldTextValue>and enjoying tbe scenic beauties ot</OldTextValue>
    <NewTextValue>and enjoying the scenic beauties ot</NewTextValue>
  </TextCorrectedLine>
  <TextCorrectedLine lineID="P3_TL00673">
    <OldTextValue>lunch under tbe trees was a feature</OldTextValue>
    <NewTextValue>lunch under the trees was a feature</NewTextValue>
  </TextCorrectedLine>
  <TextCorrectedLine lineID="P3_TL00675">
    <OldTextValue>ciated, and later tbe party were</OldTextValue>
    <NewTextValue>ciated, and later the party were</NewTextValue>
  </TextCorrectedLine>
  <TextCorrectedLine lineID="P3_TL00676">
    <OldTextValue>sbown the wonders of tbe plant,</OldTextValue>
    <NewTextValue>shown the wonders of the plant,</NewTextValue>
  </TextCorrectedLine>
  <TextCorrectedLine lineID="P3_TL00677">
    <OldTextValue>under the guidance and cuurtesy of</OldTextValue>
    <NewTextValue>under the guidance and courtesy of</NewTextValue>
  </TextCorrectedLine>
  <TextCorrectedLine lineID="P3_TL00684">
    <OldTextValue>for many years at Sbenandoab valley</OldTextValue>
    <NewTextValue>for many years at Shenandoah valley</NewTextValue>
  </TextCorrectedLine>
  <TextCorrectedLine lineID="P3_TL00686">
    <OldTextValue>vive her: Mrs M. ti. L. Grainger and</OldTextValue>
    <NewTextValue>vive her: Mrs M. B. L. Grainger and</NewTextValue>
  </TextCorrectedLine>
  <TextCorrectedLine lineID="P3_TL00689">
    <OldTextValue>F. Moore, of Stockton; J. 11. and C.</OldTextValue>
    <NewTextValue>F. Moore, of Stockton; J. H. and C.</NewTextValue>
  </TextCorrectedLine>
  <TextCorrectedLine lineID="P3_TL00690">
    <OldTextValue>Kyason Moore, of Amador county.</OldTextValue>
    <NewTextValue>Ryason Moore, of Amador county.</NewTextValue>
  </TextCorrectedLine>
  <TextCorrectedLine lineID="P3_TL00691">
    <OldTextValue>Mrs Mouro's funeral took place to-day</OldTextValue>
    <NewTextValue>Mrs Moore's funeral took place to-day</NewTextValue>
  </TextCorrectedLine>
  <TextCorrectedLine lineID="P3_TL00692">
    <OldTextValue>at her old borne in Sbenandoah valley.</OldTextValue>
    <NewTextValue>at her old home in Shenandoah valley.</NewTextValue>
  </TextCorrectedLine>
</TextCorrectedBlock>
<TextCorrectedBlock pageOID="AL19070503.1.3" blockID="P3_TB00083" userID="[redacted]">
  <TextCorrectedLine lineID="P3_TL00796">
    <OldTextValue>During Saturday nigbt of last week</OldTextValue>
    <NewTextValue>During Saturday night of last week</NewTextValue>
  </TextCorrectedLine>
  <TextCorrectedLine lineID="P3_TL00797">
    <OldTextValue>nigtb watchman Parker observed a</OldTextValue>
    <NewTextValue>nigth watchman Parker observed a</NewTextValue>
  </TextCorrectedLine>
  <TextCorrectedLine lineID="P3_TL00798">
    <OldTextValue>man crouching at tbe end of tbe</OldTextValue>
    <NewTextValue>man crouching at the end of the</NewTextValue>
  </TextCorrectedLine>
  <TextCorrectedLine lineID="P3_TL00799">
    <OldTextValue>bridge near tbe lumber yard on tbe</OldTextValue>
    <NewTextValue>bridge near the lumber yard on the</NewTextValue>
  </TextCorrectedLine>
  <TextCorrectedLine lineID="P3_TL00801">
    <OldTextValue>manner. Ho woke up a former deputy</OldTextValue>
    <NewTextValue>manner. He woke up a former deputy</NewTextValue>
  </TextCorrectedLine>
  <TextCorrectedLine lineID="P3_TL00802">
    <OldTextValue>sheriff, and both went to tbe alley</OldTextValue>
    <NewTextValue>sheriff, and both went to the alley</NewTextValue>
  </TextCorrectedLine>
  <TextCorrectedLine lineID="P3_TL00805">
    <OldTextValue>chicken under eacb arm, and upon</OldTextValue>
    <NewTextValue>chicken under each arm, and upon</NewTextValue>
  </TextCorrectedLine>
  <TextCorrectedLine lineID="P3_TL00807">
    <OldTextValue>be had stolen them, but. refused to</OldTextValue>
    <NewTextValue>he had stolen them, but. refused to</NewTextValue>
  </TextCorrectedLine>
  <TextCorrectedLine lineID="P3_TL00811">
    <OldTextValue>and plead guilty to a cbarge of mis-</OldTextValue>
    <NewTextValue>and plead guilty to a charge of mis-</NewTextValue>
  </TextCorrectedLine>
  <TextCorrectedLine lineID="P3_TL00812">
    <OldTextValue>demeanor and was fined Ba, or tbe</OldTextValue>
    <NewTextValue>demeanor and was fined $5, or the</NewTextValue>
  </TextCorrectedLine>
  <TextCorrectedLine lineID="P3_TL00814">
    <OldTextValue>the jail, choosing tbe latter punisb-</OldTextValue>
    <NewTextValue>the jail, choosing the latter punish-</NewTextValue>
  </TextCorrectedLine>
  <TextCorrectedLine lineID="P3_TL00815">
    <OldTextValue>meut.</OldTextValue>
    <NewTextValue>ment.</NewTextValue>
  </TextCorrectedLine>
</TextCorrectedBlock>
<TextCorrectedBlock pageOID="AL19070503.1.3" blockID="P3_TB00083" userID="[redacted]">
  <TextCorrectedLine lineID="P3_TL00807">
    <OldTextValue>he had stolen them, but. refused to</OldTextValue>
    <NewTextValue>he had stolen them, but refused to</NewTextValue>
  </TextCorrectedLine>
</TextCorrectedBlock>
<TextCorrectedBlock pageOID="AL19070503.1.3" blockID="P3_TB00098" userID="[redacted]">
  <TextCorrectedLine lineID="P3_TL00927">
    <OldTextValue>typhoid fever, bad been here but a</OldTextValue>
    <NewTextValue>typhoid fever, had been here but a</NewTextValue>
  </TextCorrectedLine>
  <TextCorrectedLine lineID="P3_TL00928">
    <OldTextValue>few days, lie was employed by a</OldTextValue>
    <NewTextValue>few days.  He was employed by a</NewTextValue>
  </TextCorrectedLine>
  <TextCorrectedLine lineID="P3_TL00930">
    <OldTextValue>for tour years, and had beeu paying a</OldTextValue>
    <NewTextValue>for four years, and had been paying a</NewTextValue>
  </TextCorrectedLine>
  <TextCorrectedLine lineID="P3_TL00931">
    <OldTextValue>tax of SI per month, lie was looking</OldTextValue>
    <NewTextValue>tax of $1 per month.   He was looking</NewTextValue>
  </TextCorrectedLine>
  <TextCorrectedLine lineID="P3_TL00932">
    <OldTextValue>for work around here, ana being:</OldTextValue>
    <NewTextValue>for work around here, and being</NewTextValue>
  </TextCorrectedLine>
  <TextCorrectedLine lineID="P3_TL00933">
    <OldTextValue>taken sick went to tbe hospital witb</OldTextValue>
    <NewTextValue>taken sick went to the hospital with</NewTextValue>
  </TextCorrectedLine>
  <TextCorrectedLine lineID="P3_TL00934">
    <OldTextValue>the above result. When asked wb?</OldTextValue>
    <NewTextValue>the above result. When asked why</NewTextValue>
  </TextCorrectedLine>
  <TextCorrectedLine lineID="P3_TL00935">
    <OldTextValue>he came to the hospital, replied iv</OldTextValue>
    <NewTextValue>he came to the hospital, replied in</NewTextValue>
  </TextCorrectedLine>
  <TextCorrectedLine lineID="P3_TL00936">
    <OldTextValue>broken English, that be paid SI pei</OldTextValue>
    <NewTextValue>broken English, that he paid $1 per</NewTextValue>
  </TextCorrectedLine>
  <TextCorrectedLine lineID="P3_TL00938">
    <OldTextValue>titled to enter tbe place. At any</OldTextValue>
    <NewTextValue>titled to enter the place. At any</NewTextValue>
  </TextCorrectedLine>
  <TextCorrectedLine lineID="P3_TL00939">
    <OldTextValue>rate be was taken care of, and never</OldTextValue>
    <NewTextValue>rate he was taken care of, and never</NewTextValue>
  </TextCorrectedLine>
  <TextCorrectedLine lineID="P3_TL00940">
    <OldTextValue>rallied from tbe disease. Deceased</OldTextValue>
    <NewTextValue>rallied from the disease. Deceased</NewTextValue>
  </TextCorrectedLine>
</TextCorrectedBlock>
