<TextCorrectedBlock pageOID="AL19050224.1.2" blockID="P2_TB00010" userID="[redacted]">
  <TextCorrectedLine lineID="P2_TL00052">
    <OldTextValue>Julius Nickolaus-vs. Bon Nichley et</OldTextValue>
    <NewTextValue>Julius Nickolaus-vs. Ben Nichley et</NewTextValue>
  </TextCorrectedLine>
  <TextCorrectedLine lineID="P2_TL00058">
    <OldTextValue>Culbert Company vs. John Trettae-</OldTextValue>
    <NewTextValue>Culbert Company vs. John Trethe-</NewTextValue>
  </TextCorrectedLine>
</TextCorrectedBlock>
<TextCorrectedBlock pageOID="AL19050224.1.2" blockID="P2_CB00011" userID="[redacted]">
  <TextCorrectedLine lineID="P2_TL01019">
    <OldTextValue>MISCELLANEOUS, h</OldTextValue>
    <NewTextValue>MISCELLANEOUS,</NewTextValue>
  </TextCorrectedLine>
  <TextCorrectedLine lineID="P2_TL01020">
    <OldTextValue>Acer's</OldTextValue>
    <NewTextValue>Ayer's</NewTextValue>
  </TextCorrectedLine>
  <TextCorrectedLine lineID="P2_TL01021">
    <OldTextValue>-j Teed your hair; nourish it;</OldTextValue>
    <NewTextValue>Feed your hair; nourish it;</NewTextValue>
  </TextCorrectedLine>
  <TextCorrectedLine lineID="P2_TL01022">
    <OldTextValue>jiive it something to live on.</OldTextValue>
    <NewTextValue>give it something to live on.</NewTextValue>
  </TextCorrectedLine>
  <TextCorrectedLine lineID="P2_TL01023">
    <OldTextValue>Then it willstop falling, and</OldTextValue>
    <NewTextValue>Then it will stop falling, and</NewTextValue>
  </TextCorrectedLine>
  <TextCorrectedLine lineID="P2_TL01026">
    <OldTextValue>flair Vigor</OldTextValue>
    <NewTextValue>Hair Vigor</NewTextValue>
  </TextCorrectedLine>
  <TextCorrectedLine lineID="P2_TL01031">
    <OldTextValue>■' My hair iißed to be very short. Bnt after</OldTextValue>
    <NewTextValue>My hair used to be very short. But after</NewTextValue>
  </TextCorrectedLine>
</TextCorrectedBlock>
<TextCorrectedBlock pageOID="AL19050224.1.2" blockID="P2_TB00001" userID="[redacted]">
  <TextCorrectedLine lineID="P2_TL00013">
    <OldTextValue>week. I';-.'</OldTextValue>
    <NewTextValue>week.</NewTextValue>
  </TextCorrectedLine>
</TextCorrectedBlock>
<TextCorrectedBlock pageOID="AL19050224.1.2" blockID="P2_CB00003" userID="[redacted]">
  <TextCorrectedLine lineID="P2_TL00691">
    <OldTextValue>v • : --.-.-'■- ■', ;•</OldTextValue>
    <NewTextValue></NewTextValue>
  </TextCorrectedLine>
  <TextCorrectedLine lineID="P2_TL00692">
    <OldTextValue>&lt; ; T : ~ : ■ : :</OldTextValue>
    <NewTextValue></NewTextValue>
  </TextCorrectedLine>
  <TextCorrectedLine lineID="P2_TL00693">
    <OldTextValue>J ; Improves Appetite,</OldTextValue>
    <NewTextValue>Improves Appetite,</NewTextValue>
  </TextCorrectedLine>
  <TextCorrectedLine lineID="P2_TL00694">
    <OldTextValue>',', Aids Digestion, j</OldTextValue>
    <NewTextValue>Aids Digestion,</NewTextValue>
  </TextCorrectedLine>
  <TextCorrectedLine lineID="P2_TL00695">
    <OldTextValue>!! Prevents Catarrh, }i~/i ;;</OldTextValue>
    <NewTextValue>Prevents Catarrh,</NewTextValue>
  </TextCorrectedLine>
  <TextCorrectedLine lineID="P2_TL00696">
    <OldTextValue>!! Overcomes Biliousness, , ;</OldTextValue>
    <NewTextValue>Overcomes Biliousness,</NewTextValue>
  </TextCorrectedLine>
  <TextCorrectedLine lineID="P2_TL00697">
    <OldTextValue>&lt; 1 Strengthens Nerves, ; ;</OldTextValue>
    <NewTextValue>Strengthens Nerves,</NewTextValue>
  </TextCorrectedLine>
  <TextCorrectedLine lineID="P2_TL00698">
    <OldTextValue>! ! Relieves Headache, ; ;</OldTextValue>
    <NewTextValue>Relieves Headache,</NewTextValue>
  </TextCorrectedLine>
  <TextCorrectedLine lineID="P2_TL00699">
    <OldTextValue>&lt;! Cures Constipation, ; ;</OldTextValue>
    <NewTextValue>Cures Constipation,</NewTextValue>
  </TextCorrectedLine>
  <TextCorrectedLine lineID="P2_TL00700">
    <OldTextValue>&lt;; Quickens Circulation, I!</OldTextValue>
    <NewTextValue>Quickens Circulation,</NewTextValue>
  </TextCorrectedLine>
  <TextCorrectedLine lineID="P2_TL00701">
    <OldTextValue>j \ Gives added vigor to ! !</OldTextValue>
    <NewTextValue>Gives added vigor to</NewTextValue>
  </TextCorrectedLine>
  <TextCorrectedLine lineID="P2_TL00702">
    <OldTextValue>; ; the entire system I',</OldTextValue>
    <NewTextValue>the entire system</NewTextValue>
  </TextCorrectedLine>
  <TextCorrectedLine lineID="P2_TL00703">
    <OldTextValue>J! • price $1.00 — • ' '</OldTextValue>
    <NewTextValue>price $1.00</NewTextValue>
  </TextCorrectedLine>
  <TextCorrectedLine lineID="P2_TL00704">
    <OldTextValue>i: City Pharmacy - Willis H. Boydston, Prop, i i</OldTextValue>
    <NewTextValue>City Pharmacy - Willis H. Boydston, Prop,</NewTextValue>
  </TextCorrectedLine>
  <TextCorrectedLine lineID="P2_TL00705">
    <OldTextValue>1 6IN0CCHI0 : BM^j.</OldTextValue>
    <NewTextValue>GINOCCHIO BRO'S.</NewTextValue>
  </TextCorrectedLine>
  <TextCorrectedLine lineID="P2_TL00706">
    <OldTextValue>|g| DEALERS IN "^ : tfrft</OldTextValue>
    <NewTextValue>DEALERS IN</NewTextValue>
  </TextCorrectedLine>
  <TextCorrectedLine lineID="P2_TL00707">
    <OldTextValue>I ~±. General Merchandise |</OldTextValue>
    <NewTextValue>General Merchandise</NewTextValue>
  </TextCorrectedLine>
  <TextCorrectedLine lineID="P2_TL00708">
    <OldTextValue>H Groceries, Furnishing Goods, Shoes, j§?</OldTextValue>
    <NewTextValue>Groceries, Furnishing Goods, Shoes,</NewTextValue>
  </TextCorrectedLine>
  <TextCorrectedLine lineID="P2_TL00709">
    <OldTextValue>II- iJSM Boots; Paints, Oils, Varnishes, Mining W</OldTextValue>
    <NewTextValue>Boots; Paints, Oils, Varnishes, Mining</NewTextValue>
  </TextCorrectedLine>
  <TextCorrectedLine lineID="P2_TL00710">
    <OldTextValue>H sy\ Supplies, Lumber, Hardware. Hay, II</OldTextValue>
    <NewTextValue>Supplies, Lumber, Hardware. Hay,</NewTextValue>
  </TextCorrectedLine>
  <TextCorrectedLine lineID="P2_TL00711">
    <OldTextValue>Ml n " Grain, etc., etc. .</OldTextValue>
    <NewTextValue>Grain, etc., etc. .</NewTextValue>
  </TextCorrectedLine>
  <TextCorrectedLine lineID="P2_TL00712">
    <OldTextValue>HI Corner Main and Water St. ' M.</OldTextValue>
    <NewTextValue>Corner Main and Water St.</NewTextValue>
  </TextCorrectedLine>
  <TextCorrectedLine lineID="P2_TL00713">
    <OldTextValue>jj JACKSOIS - -'- :- CALIFORNIA 1</OldTextValue>
    <NewTextValue>JACKSON   - - - CALIFORNIA</NewTextValue>
  </TextCorrectedLine>
  <TextCorrectedLine lineID="P2_TL00714">
    <OldTextValue>••••••••••••••••••••••••••••••••••••••••••••■)»«»•«»»«</OldTextValue>
    <NewTextValue></NewTextValue>
  </TextCorrectedLine>
  <TextCorrectedLine lineID="P2_TL00715">
    <OldTextValue>i *-■'■' • -"' "" - v ' - i"-"-s- A</OldTextValue>
    <NewTextValue></NewTextValue>
  </TextCorrectedLine>
  <TextCorrectedLine lineID="P2_TL00716">
    <OldTextValue>j Bazaar Pattern, 1, | GlaVHlOVlCll j</OldTextValue>
    <NewTextValue>McCall Bazaar Patterns    L.J. Glavinovich</NewTextValue>
  </TextCorrectedLine>
  <TextCorrectedLine lineID="P2_TL00717">
    <OldTextValue>• LEADINE BROCERY STORE •</OldTextValue>
    <NewTextValue>LEADING GROCERY STORE</NewTextValue>
  </TextCorrectedLine>
  <TextCorrectedLine lineID="P2_TL00718">
    <OldTextValue>• niP Groceries, Dry Goods, •</OldTextValue>
    <NewTextValue>Groceries, Dry Goods,</NewTextValue>
  </TextCorrectedLine>
  <TextCorrectedLine lineID="P2_TL00719">
    <OldTextValue>5 ~^ Furnishing Goods, Boots, \ -^ •</OldTextValue>
    <NewTextValue>Furnishing Goods, Boots,</NewTextValue>
  </TextCorrectedLine>
  <TextCorrectedLine lineID="P2_TL00720">
    <OldTextValue>S a Shoes, Toilet Articles, •</OldTextValue>
    <NewTextValue>Shoes, Toilet Articles,</NewTextValue>
  </TextCorrectedLine>
  <TextCorrectedLine lineID="P2_TL00721">
    <OldTextValue>J c ' Hardware, Miners' Sup- •</OldTextValue>
    <NewTextValue>Hardware, Miners' Sup-</NewTextValue>
  </TextCorrectedLine>
  <TextCorrectedLine lineID="P2_TL00722">
    <OldTextValue>J i plies, Hay, Grain, Etc. •</OldTextValue>
    <NewTextValue>plies, Hay, Grain, Etc.</NewTextValue>
  </TextCorrectedLine>
  <TextCorrectedLine lineID="P2_TL00723">
    <OldTextValue>• N «g</OldTextValue>
    <NewTextValue></NewTextValue>
  </TextCorrectedLine>
  <TextCorrectedLine lineID="P2_TL00724">
    <OldTextValue>•::— : : : i</OldTextValue>
    <NewTextValue></NewTextValue>
  </TextCorrectedLine>
  <TextCorrectedLine lineID="P2_TL00725">
    <OldTextValue>S Cor.. Mai u &amp; Court Streets - . J</OldTextValue>
    <NewTextValue>Cor.. Main &amp; Court Streets - .</NewTextValue>
  </TextCorrectedLine>
  <TextCorrectedLine lineID="P2_TL00726">
    <OldTextValue>5 JACKSON, - - CAL. R McC i L ,f \</OldTextValue>
    <NewTextValue>JACKSON, - - CAL.</NewTextValue>
  </TextCorrectedLine>
  <TextCorrectedLine lineID="P2_TL00727">
    <OldTextValue>m f^v^j.-,, Bazaar Patterns*</OldTextValue>
    <NewTextValue>McCALL  Bazaar Patterns</NewTextValue>
  </TextCorrectedLine>
  <TextCorrectedLine lineID="P2_TL00728">
    <OldTextValue>nnin ....... SEND YOUR GOLD TO</OldTextValue>
    <NewTextValue>GOLD QUARTZ    SEND YOUR GOLD TO</NewTextValue>
  </TextCorrectedLine>
  <TextCorrectedLine lineID="P2_TL00729">
    <OldTextValue>fiOLD ™ lI S.B.GRACIER niN « i</OldTextValue>
    <NewTextValue>S.B.GRACIER</NewTextValue>
  </TextCorrectedLine>
  <TextCorrectedLine lineID="P2_TL00730">
    <OldTextValue>| &lt; * r ( Successor to A. H. Reichling ) **"</OldTextValue>
    <NewTextValue>( Successor to A. H. Reichling )</NewTextValue>
  </TextCorrectedLine>
  <TextCorrectedLine lineID="P2_TL00731">
    <OldTextValue>Bought by Pacific Refinery Sc Assay Office Returns I</OldTextValue>
    <NewTextValue>Bought by Pacific Refinery &amp; Assay Office Returns</NewTextValue>
  </TextCorrectedLine>
  <TextCorrectedLine lineID="P2_TL00733">
    <OldTextValue>. 407-409 MONTGOMEBY STBEET .V</OldTextValue>
    <NewTextValue>. 407-409 MONTGOMEBY STREET .</NewTextValue>
  </TextCorrectedLine>
</TextCorrectedBlock>
