<TextCorrectedBlock pageOID="AL19100930.1.3" blockID="P3_CB00004" userID="[redacted]">
  <TextCorrectedLine lineID="P3_TL00023">
    <OldTextValue>GO TO \</OldTextValue>
    <NewTextValue>GO TO</NewTextValue>
  </TextCorrectedLine>
  <TextCorrectedLine lineID="P3_TL00024">
    <OldTextValue>• W\ ; VELA &amp; PICCARDO</OldTextValue>
    <NewTextValue>VELA &amp; PICCARDO</NewTextValue>
  </TextCorrectedLine>
  <TextCorrectedLine lineID="P3_TL00025">
    <OldTextValue>vdssinclli s</OldTextValue>
    <NewTextValue>Cassinelli's</NewTextValue>
  </TextCorrectedLine>
  <TextCorrectedLine lineID="P3_TL00026">
    <OldTextValue>W"* • 1 • ' Phone Main S3</OldTextValue>
    <NewTextValue>Phone Main 53</NewTextValue>
  </TextCorrectedLine>
  <TextCorrectedLine lineID="P3_TL00027">
    <OldTextValue>For Specials in COMMUNITy '</OldTextValue>
    <NewTextValue>For Specials in Groceries</NewTextValue>
  </TextCorrectedLine>
  <TextCorrectedLine lineID="P3_TL00028">
    <OldTextValue>V/l VVVI IV/kJ «has set a standard in plated</OldTextValue>
    <NewTextValue>Community Silver has set a standard in plated</NewTextValue>
  </TextCorrectedLine>
  <TextCorrectedLine lineID="P3_TL00032">
    <OldTextValue>Beatnol Cleaner. Shiner "I Or*</OldTextValue>
    <NewTextValue>Beatnol Cleaner. Shiner</NewTextValue>
  </TextCorrectedLine>
  <TextCorrectedLine lineID="P3_TL00033">
    <OldTextValue>and Polisher per can ■■• »-' c - _ . ,</OldTextValue>
    <NewTextValue>and Polisher per can   10c</NewTextValue>
  </TextCorrectedLine>
  <TextCorrectedLine lineID="P3_TL00034">
    <OldTextValue>™ ™ . — Guaranteed for 25 years.</OldTextValue>
    <NewTextValue>Guaranteed for 25 years.</NewTextValue>
  </TextCorrectedLine>
</TextCorrectedBlock>
<TextCorrectedBlock pageOID="AL19100930.1.3" blockID="P3_CB00005" userID="[redacted]">
  <TextCorrectedLine lineID="P3_TL00040">
    <OldTextValue>\ McGARVS I</OldTextValue>
    <NewTextValue>McGARY'S</NewTextValue>
  </TextCorrectedLine>
  <TextCorrectedLine lineID="P3_TL00042">
    <OldTextValue>j| We Will Fit Every Customer With Beautiful |</OldTextValue>
    <NewTextValue>We Will Fit Every Customer With Beautiful</NewTextValue>
  </TextCorrectedLine>
  <TextCorrectedLine lineID="P3_TL00043">
    <OldTextValue>I Suits, Long Coats s Hats «</OldTextValue>
    <NewTextValue>Suits, Long Coats and Hats</NewTextValue>
  </TextCorrectedLine>
  <TextCorrectedLine lineID="P3_TL00044">
    <OldTextValue>§ TO MATCH -*^ f</OldTextValue>
    <NewTextValue>TO MATCH</NewTextValue>
  </TextCorrectedLine>
</TextCorrectedBlock>
<TextCorrectedBlock pageOID="AL19100930.1.3" blockID="P3_CB00005" userID="[redacted]">
  <TextCorrectedLine lineID="P3_TL00045">
    <OldTextValue>5 Wo arc filling all the desires of Our patrons now, 5</OldTextValue>
    <NewTextValue>We are filling all the desires of Our patrons now,</NewTextValue>
  </TextCorrectedLine>
  <TextCorrectedLine lineID="P3_TL00046">
    <OldTextValue>g so just got in lino ladies and wo will treat you 3</OldTextValue>
    <NewTextValue>so just got in line ladies and we will treat you</NewTextValue>
  </TextCorrectedLine>
  <TextCorrectedLine lineID="P3_TL00047">
    <OldTextValue>2 right. Wo don't want all your money, just part of it ?</OldTextValue>
    <NewTextValue>right. We don't want all your money, just part of it</NewTextValue>
  </TextCorrectedLine>
  <TextCorrectedLine lineID="P3_TL00048">
    <OldTextValue>§ Big Time Saturday §</OldTextValue>
    <NewTextValue>Big Time Saturday</NewTextValue>
  </TextCorrectedLine>
  <TextCorrectedLine lineID="P3_TL00049">
    <OldTextValue>Ifc Dishes will go IV/| *% {"* A D^^'C n Saturday fe</OldTextValue>
    <NewTextValue>Dishes will go    McGARY'S            On Saturday</NewTextValue>
  </TextCorrectedLine>
  <TextCorrectedLine lineID="P3_TL00050">
    <OldTextValue>g each week !VlC\jl/\lVl O At 3P.M. J</OldTextValue>
    <NewTextValue>each week                                              At 3P.M.</NewTextValue>
  </TextCorrectedLine>
  <TextCorrectedLine lineID="P3_TL00051">
    <OldTextValue>©mffiJMMJWffWJiffJsiffiijr&lt;.Mffisi muwt</OldTextValue>
    <NewTextValue></NewTextValue>
  </TextCorrectedLine>
</TextCorrectedBlock>
