<TextCorrectedBlock pageOID="AL19031009.1.1" blockID="P1_CB00002" userID="[redacted]">
  <TextCorrectedLine lineID="P1_TL00542">
    <OldTextValue>- LAWYKUS.</OldTextValue>
    <NewTextValue>LAWYERS.</NewTextValue>
  </TextCorrectedLine>
  <TextCorrectedLine lineID="P1_TL00543">
    <OldTextValue>p| 11. SI'AGJs'OLI</OldTextValue>
    <NewTextValue>&gt; D&gt; SPAGNOLI</NewTextValue>
  </TextCorrectedLine>
  <TextCorrectedLine lineID="P1_TL00544">
    <OldTextValue>Aitoruc.v :iml Counselor ul l.ii»</OldTextValue>
    <NewTextValue>Attorney and Counselor at Law</NewTextValue>
  </TextCorrectedLine>
  <TextCorrectedLine lineID="P1_TL00545">
    <OldTextValue>JACKSI'N. C.U.. _ '</OldTextValue>
    <NewTextValue>JACKSON, CAL.</NewTextValue>
  </TextCorrectedLine>
  <TextCorrectedLine lineID="P1_TL00546">
    <OldTextValue>•ractioe in all the States andKuJcral courts</OldTextValue>
    <NewTextValue>Practice in all the States and Federal courts</NewTextValue>
  </TextCorrectedLine>
  <TextCorrectedLine lineID="P1_TL00547">
    <OldTextValue>)fflce: Spagnoli building, opposite H»l] t'</OldTextValue>
    <NewTextValue>Office: Spagnoli building, opposite Hall of</NewTextValue>
  </TextCorrectedLine>
  <TextCorrectedLine lineID="P1_TL00548">
    <OldTextValue>lecords.</OldTextValue>
    <NewTextValue>Records.</NewTextValue>
  </TextCorrectedLine>
  <TextCorrectedLine lineID="P1_TL00549">
    <OldTextValue>JW. CM.DWKLL</OldTextValue>
    <NewTextValue>J. W. CALDWELL</NewTextValue>
  </TextCorrectedLine>
  <TextCorrectedLine lineID="P1_TL00550">
    <OldTextValue>Attonn*y-at-l.ii\v</OldTextValue>
    <NewTextValue>ATTORNEY-at-Law</NewTextValue>
  </TextCorrectedLine>
  <TextCorrectedLine lineID="P1_TL00551">
    <OldTextValue>| Jackson, Cal.</OldTextValue>
    <NewTextValue>Jackson, Cal.</NewTextValue>
  </TextCorrectedLine>
  <TextCorrectedLine lineID="P1_TL00552">
    <OldTextValue>Will practice in all courts of the State, V</OldTextValue>
    <NewTextValue>Will practice in all courts of the State,</NewTextValue>
  </TextCorrectedLine>
  <TextCorrectedLine lineID="P1_TL00555">
    <OldTextValue>' Jackson, Cal " x</OldTextValue>
    <NewTextValue>Jackson, Cal</NewTextValue>
  </TextCorrectedLine>
  <TextCorrectedLine lineID="P1_TL00556">
    <OldTextValue>)fflee on Summit Street, opposite Courtbouse</OldTextValue>
    <NewTextValue>Office on Summit Street, opposite Courthouse</NewTextValue>
  </TextCorrectedLine>
  <TextCorrectedLine lineID="P1_TL00558">
    <OldTextValue>rriLUA CL.OUOH ."H &gt; _</OldTextValue>
    <NewTextValue>HILDA CLOUGH</NewTextValue>
  </TextCorrectedLine>
  <TextCorrectedLine lineID="P1_TL00559">
    <OldTextValue>IMP!.! Stenographer and 2««t«ry I'ublic</OldTextValue>
    <NewTextValue>Stenographer and Notary Public</NewTextValue>
  </TextCorrectedLine>
  <TextCorrectedLine lineID="P1_TL00561">
    <OldTextValue>)mce, Judge Davis' law offices, Summit Street</OldTextValue>
    <NewTextValue>Office, Judge Davis' law offices, Summit Street</NewTextValue>
  </TextCorrectedLine>
  <TextCorrectedLine lineID="P1_TL00563">
    <OldTextValue>T7\ K. EXIJICOTT, M. U,</OldTextValue>
    <NewTextValue>E. E. ENDICOTT, M. D.</NewTextValue>
  </TextCorrectedLine>
  <TextCorrectedLine lineID="P1_TL00564">
    <OldTextValue>l'liytticiau aud Surgeon</OldTextValue>
    <NewTextValue>Physician and Surgeon</NewTextValue>
  </TextCorrectedLine>
  <TextCorrectedLine lineID="P1_TL00566">
    <OldTextValue>)ffice: Webb building. All calls promptly</OldTextValue>
    <NewTextValue>Office: Webb building. All calls promptly</NewTextValue>
  </TextCorrectedLine>
  <TextCorrectedLine lineID="P1_TL00568">
    <OldTextValue>iR. K. V. TIFFANY</OldTextValue>
    <NewTextValue>DR. E. V. TIFFANY</NewTextValue>
  </TextCorrectedLine>
  <TextCorrectedLine lineID="P1_TL00569">
    <OldTextValue>I'livMrhin aud Surgeon, -</OldTextValue>
    <NewTextValue>Physician and Surgeon,</NewTextValue>
  </TextCorrectedLine>
  <TextCorrectedLine lineID="P1_TL00581">
    <OldTextValue>pvK. A. M. GALL,</OldTextValue>
    <NewTextValue>DR.  A. M. GALL,</NewTextValue>
  </TextCorrectedLine>
  <TextCorrectedLine lineID="P1_TL00582">
    <OldTextValue>Physician anil Surgeon</OldTextValue>
    <NewTextValue>Physician and Surgeon</NewTextValue>
  </TextCorrectedLine>
  <TextCorrectedLine lineID="P1_TL00585">
    <OldTextValue>[)R. E. V.' LQNIGO</OldTextValue>
    <NewTextValue>DR. E. V. LONIGO</NewTextValue>
  </TextCorrectedLine>
  <TextCorrectedLine lineID="P1_TL00594">
    <OldTextValue>swered day aud uiyln</OldTextValue>
    <NewTextValue>swered day and night</NewTextValue>
  </TextCorrectedLine>
  <TextCorrectedLine lineID="P1_TL00597">
    <OldTextValue>pvß. J. 11. OTONNOK</OldTextValue>
    <NewTextValue>DR. J. H. O'CONNOR</NewTextValue>
  </TextCorrectedLine>
  <TextCorrectedLine lineID="P1_TL00598">
    <OldTextValue>*-' rli&gt; si,-i;iii h tiU Surgeon</OldTextValue>
    <NewTextValue>Physician and Surgeon</NewTextValue>
  </TextCorrectedLine>
  <TextCorrectedLine lineID="P1_TL00599">
    <OldTextValue>SUTTEIt CEEEK, CAL. •</OldTextValue>
    <NewTextValue>SUTTER CEEEK, CAL. •</NewTextValue>
  </TextCorrectedLine>
  <TextCorrectedLine lineID="P1_TL00603">
    <OldTextValue>pvlt. C. A. lIKKKICK</OldTextValue>
    <NewTextValue>DR. C. A. HERRICK</NewTextValue>
  </TextCorrectedLine>
</TextCorrectedBlock>
<TextCorrectedBlock pageOID="AL19031009.1.1" blockID="P1_CB00006" userID="[redacted]">
  <TextCorrectedLine lineID="P1_TL00720">
    <OldTextValue>••••••••••••••••••••♦••••a</OldTextValue>
    <NewTextValue></NewTextValue>
  </TextCorrectedLine>
  <TextCorrectedLine lineID="P1_TL00721">
    <OldTextValue>I DAILY STAGE LINE j</OldTextValue>
    <NewTextValue>DAILY STAGE LINE</NewTextValue>
  </TextCorrectedLine>
  <TextCorrectedLine lineID="P1_TL00722">
    <OldTextValue>• BETWEEN •</OldTextValue>
    <NewTextValue>BETWEEN</NewTextValue>
  </TextCorrectedLine>
  <TextCorrectedLine lineID="P1_TL00723">
    <OldTextValue>• JACKSON ami EL DORADO •</OldTextValue>
    <NewTextValue>JACKSON and EL DORADO</NewTextValue>
  </TextCorrectedLine>
  <TextCorrectedLine lineID="P1_TL00724">
    <OldTextValue>• J. Steiner. Proprietor. •</OldTextValue>
    <NewTextValue>J. Steiner. Proprietor.</NewTextValue>
  </TextCorrectedLine>
  <TextCorrectedLine lineID="P1_TL00725">
    <OldTextValue>m ■' ... 7</OldTextValue>
    <NewTextValue></NewTextValue>
  </TextCorrectedLine>
  <TextCorrectedLine lineID="P1_TL00726">
    <OldTextValue>J Le;ives Jackson every morning at 7:30 J</OldTextValue>
    <NewTextValue>Leaves Jackson every morning at 7:30</NewTextValue>
  </TextCorrectedLine>
  <TextCorrectedLine lineID="P1_TL00727">
    <OldTextValue>0 a. m ; arrives at Plymouth 10:3U a.m. •</OldTextValue>
    <NewTextValue>a. m ; arrives at Plymouth 10:30 a.m.</NewTextValue>
  </TextCorrectedLine>
  <TextCorrectedLine lineID="P1_TL00728">
    <OldTextValue>• Leaves Plymouth at 1 p.m.; arrives at •</OldTextValue>
    <NewTextValue>Leaves Plymouth at 1 p.m.; arrives at</NewTextValue>
  </TextCorrectedLine>
  <TextCorrectedLine lineID="P1_TL00729">
    <OldTextValue>? El Dorado 5 p.m. a</OldTextValue>
    <NewTextValue>El Dorado 5 p.m.</NewTextValue>
  </TextCorrectedLine>
  <TextCorrectedLine lineID="P1_TL00730">
    <OldTextValue>? Leaves El Dorado 7:15 a. m( arrives</OldTextValue>
    <NewTextValue>Leaves El Dorado 7:15 a. m;  arrives</NewTextValue>
  </TextCorrectedLine>
  <TextCorrectedLine lineID="P1_TL00731">
    <OldTextValue>S at Plyinoutli 11 a. m. Leaves Plymouth •</OldTextValue>
    <NewTextValue>at Plymouth 11 a. m. Leaves Plymouth</NewTextValue>
  </TextCorrectedLine>
  <TextCorrectedLine lineID="P1_TL00732">
    <OldTextValue>• at 2p. m ; arrives in Jackson at sp. m 2</OldTextValue>
    <NewTextValue>at 2p. m ; arrives in Jackson at 5 p. m</NewTextValue>
  </TextCorrectedLine>
</TextCorrectedBlock>
<TextCorrectedBlock pageOID="AL19031009.1.1" blockID="P1_CB00006" userID="[redacted]">
  <TextCorrectedLine lineID="P1_TL00733">
    <OldTextValue>2 Okficks— Jackson. National Hotel; Sut- a</OldTextValue>
    <NewTextValue>OFFICES— Jackson. National Hotel; Sut-</NewTextValue>
  </TextCorrectedLine>
  <TextCorrectedLine lineID="P1_TL00734">
    <OldTextValue>Z tcrCruek, American Exchange; Ama- s</OldTextValue>
    <NewTextValue>ter Creek , American Exchange; Ama-</NewTextValue>
  </TextCorrectedLine>
  <TextCorrectedLine lineID="P1_TL00735">
    <OldTextValue>Z dm- City, Amador Hotel; Drytown, Ex- Z</OldTextValue>
    <NewTextValue>dor City, Amador Hotel; Drytown, Ex-</NewTextValue>
  </TextCorrectedLine>
  <TextCorrectedLine lineID="P1_TL00737">
    <OldTextValue>• Prompt delivery of packages. •</OldTextValue>
    <NewTextValue>Prompt delivery of packages.</NewTextValue>
  </TextCorrectedLine>
  <TextCorrectedLine lineID="P1_TL00738">
    <OldTextValue>• -This line connects with ' pissonger •</OldTextValue>
    <NewTextValue>This line connects with passenger</NewTextValue>
  </TextCorrectedLine>
  <TextCorrectedLine lineID="P1_TL00739">
    <OldTextValue>• trains to aud from Placerville. •</OldTextValue>
    <NewTextValue>trains to and from Placerville.</NewTextValue>
  </TextCorrectedLine>
  <TextCorrectedLine lineID="P1_TL00740">
    <OldTextValue>2 THROUGH FARE;- - - - $2.50 «</OldTextValue>
    <NewTextValue>THROUGH FARE;- - - - $2.50</NewTextValue>
  </TextCorrectedLine>
  <TextCorrectedLine lineID="P1_TL00741">
    <OldTextValue>• Fifty pounds of baggage free. * •</OldTextValue>
    <NewTextValue>Fifty pounds of baggage free.</NewTextValue>
  </TextCorrectedLine>
  <TextCorrectedLine lineID="P1_TL00742">
    <OldTextValue>*S»BKefi««CIIMt(MMI(MM</OldTextValue>
    <NewTextValue></NewTextValue>
  </TextCorrectedLine>
  <TextCorrectedLine lineID="P1_TL00748">
    <OldTextValue>This Beer, being inado of tho bost</OldTextValue>
    <NewTextValue>This Beer, being made of the best</NewTextValue>
  </TextCorrectedLine>
  <TextCorrectedLine lineID="P1_TL00749">
    <OldTextValue>hops and purest' water, aids the di-</OldTextValue>
    <NewTextValue>hops and purest water, aids the di-</NewTextValue>
  </TextCorrectedLine>
  <TextCorrectedLine lineID="P1_TL00750">
    <OldTextValue>gestion, increases tho appetite and so</OldTextValue>
    <NewTextValue>gestion, increases the appetite and so</NewTextValue>
  </TextCorrectedLine>
  <TextCorrectedLine lineID="P1_TL00753">
    <OldTextValue>Sacramento, California. niy.s-6m</OldTextValue>
    <NewTextValue>Sacramento, California.</NewTextValue>
  </TextCorrectedLine>
</TextCorrectedBlock>
