<TextCorrectedBlock pageOID="AL19030417.1.1" blockID="P1_TB00010" userID="[redacted]">
  <TextCorrectedLine lineID="P1_TL00012">
    <OldTextValue>portunity Is responsible for the exist-</OldTextValue>
    <NewTextValue>portunity is responsible for the exist-</NewTextValue>
  </TextCorrectedLine>
  <TextCorrectedLine lineID="P1_TL00014">
    <OldTextValue>of it to climate. The New England dl-</OldTextValue>
    <NewTextValue>of it to climate. The New England cli-</NewTextValue>
  </TextCorrectedLine>
  <TextCorrectedLine lineID="P1_TL00015">
    <OldTextValue>mate Is not conducive to matrimony</OldTextValue>
    <NewTextValue>mate is not conducive to matrimony</NewTextValue>
  </TextCorrectedLine>
  <TextCorrectedLine lineID="P1_TL00019">
    <OldTextValue>hood to splnsterhood, a cold climate,</OldTextValue>
    <NewTextValue>hood to spinsterhood, a cold climate,</NewTextValue>
  </TextCorrectedLine>
  <TextCorrectedLine lineID="P1_TL00021">
    <OldTextValue>to Increase the loneliness of It There</OldTextValue>
    <NewTextValue>to increase the loneliness of it. There</NewTextValue>
  </TextCorrectedLine>
  <TextCorrectedLine lineID="P1_TL00022">
    <OldTextValue>may. be old maids In the south, but I</OldTextValue>
    <NewTextValue>may be old maids in the south, but I</NewTextValue>
  </TextCorrectedLine>
  <TextCorrectedLine lineID="P1_TL00025">
    <OldTextValue>women, schoolteachers-, anywhere from</OldTextValue>
    <NewTextValue>women, schoolteachers, anywhere from</NewTextValue>
  </TextCorrectedLine>
  <TextCorrectedLine lineID="P1_TL00028">
    <OldTextValue>perennially In love with them. A sin-</OldTextValue>
    <NewTextValue>perennially in love with them. A sin-</NewTextValue>
  </TextCorrectedLine>
  <TextCorrectedLine lineID="P1_TL00030">
    <OldTextValue>not to marry has a bard time to keep</OldTextValue>
    <NewTextValue>not to marry has a hard time to keep</NewTextValue>
  </TextCorrectedLine>
  <TextCorrectedLine lineID="P1_TL00031">
    <OldTextValue>her resolution in' the south, for she Is</OldTextValue>
    <NewTextValue>her resolution in the south, for she is</NewTextValue>
  </TextCorrectedLine>
  <TextCorrectedLine lineID="P1_TL00032">
    <OldTextValue>always essniled to break it The very</OldTextValue>
    <NewTextValue>always assailed to break it.  The very</NewTextValue>
  </TextCorrectedLine>
  <TextCorrectedLine lineID="P1_TL00033">
    <OldTextValue>climate breathes love. Ah, there It Ist</OldTextValue>
    <NewTextValue>climate breathes love. Ah, there it is !</NewTextValue>
  </TextCorrectedLine>
  <TextCorrectedLine lineID="P1_TL00034">
    <OldTextValue>As I said, oH maids are surely a mat-</OldTextValue>
    <NewTextValue>As I said, old maids are surely a mat-</NewTextValue>
  </TextCorrectedLine>
</TextCorrectedBlock>
<TextCorrectedBlock pageOID="AL19030417.1.2" blockID="P2_TB00039" userID="[redacted]">
  <TextCorrectedLine lineID="P2_TL00391">
    <OldTextValue>' capital — the employes and the em-</OldTextValue>
    <NewTextValue>capital — the employes and the em-</NewTextValue>
  </TextCorrectedLine>
  <TextCorrectedLine lineID="P2_TL00395">
    <OldTextValue>. the influence of wealth and property.</OldTextValue>
    <NewTextValue>the influence of wealth and property.</NewTextValue>
  </TextCorrectedLine>
</TextCorrectedBlock>
<TextCorrectedBlock pageOID="AL19030417.1.2" blockID="P2_TB00018" userID="[redacted]">
  <TextCorrectedLine lineID="P2_TL00106">
    <OldTextValue>' POWER OP ATTORNEY.</OldTextValue>
    <NewTextValue>POWER OF ATTORNEY.</NewTextValue>
  </TextCorrectedLine>
  <TextCorrectedLine lineID="P2_TL00107">
    <OldTextValue>Kate May Dillon to Maurice Casey . '</OldTextValue>
    <NewTextValue>Kate May Dillon to Maurice Casey.</NewTextValue>
  </TextCorrectedLine>
  <TextCorrectedLine lineID="P2_TL00108">
    <OldTextValue>AFFIDAVIT OF FACT OF GIFT. '•</OldTextValue>
    <NewTextValue>AFFIDAVIT OF FACT OF GIFT.</NewTextValue>
  </TextCorrectedLine>
  <TextCorrectedLine lineID="P2_TL00111">
    <OldTextValue>Georgio Petrinovicb. - ■•&gt;,--, &gt;. .. t</OldTextValue>
    <NewTextValue>Georgio Petrinovicb.</NewTextValue>
  </TextCorrectedLine>
</TextCorrectedBlock>
<TextCorrectedBlock pageOID="AL19030417.1.2" blockID="P2_TB00016" userID="[redacted]">
  <TextCorrectedLine lineID="P2_TL00102">
    <OldTextValue>in Jackson. ■ ' ■ ;-. .</OldTextValue>
    <NewTextValue>in Jackson.</NewTextValue>
  </TextCorrectedLine>
</TextCorrectedBlock>
<TextCorrectedBlock pageOID="AL19030417.1.2" blockID="P2_TB00025" userID="[redacted]">
  <TextCorrectedLine lineID="P2_TL00188">
    <OldTextValue>Tho Minors League organized as a</OldTextValue>
    <NewTextValue>The Miners League organized as a</NewTextValue>
  </TextCorrectedLine>
  <TextCorrectedLine lineID="P2_TL00189">
    <OldTextValue>kind of mutual benefit association. ; li</OldTextValue>
    <NewTextValue>kind of mutual benefit association.  It</NewTextValue>
  </TextCorrectedLine>
  <TextCorrectedLine lineID="P2_TL00191">
    <OldTextValue>measures were at Hrst contemplated;</OldTextValue>
    <NewTextValue>measures were at first contemplated;</NewTextValue>
  </TextCorrectedLine>
  <TextCorrectedLine lineID="P2_TL00192">
    <OldTextValue>but organization gave tbe members an</OldTextValue>
    <NewTextValue>but organization gave the members an</NewTextValue>
  </TextCorrectedLine>
  <TextCorrectedLine lineID="P2_TL00194">
    <OldTextValue>chants joined tho, league, for fear of</OldTextValue>
    <NewTextValue>chants joined the league, for fear of</NewTextValue>
  </TextCorrectedLine>
  <TextCorrectedLine lineID="P2_TL00195">
    <OldTextValue>losing the trade of .the miners; politic-</OldTextValue>
    <NewTextValue>losing the trade of the miners; politic-</NewTextValue>
  </TextCorrectedLine>
  <TextCorrectedLine lineID="P2_TL00196">
    <OldTextValue>ians, , to make a few. votes; and the law-</OldTextValue>
    <NewTextValue>ians, to make a few votes; and the law-</NewTextValue>
  </TextCorrectedLine>
  <TextCorrectedLine lineID="P2_TL00198">
    <OldTextValue>and order in society. In Suiter Crook;</OldTextValue>
    <NewTextValue>and order in society. In Sutter Creek,</NewTextValue>
  </TextCorrectedLine>
  <TextCorrectedLine lineID="P2_TL00200">
    <OldTextValue>bers,'composed of Irish, Cornishmen,</OldTextValue>
    <NewTextValue>bers, composed of Irish, Cornishmen,</NewTextValue>
  </TextCorrectedLine>
  <TextCorrectedLine lineID="P2_TL00201">
    <OldTextValue>Aiistrians and Italians, and had a</OldTextValue>
    <NewTextValue>Austrians and Italians, and had a</NewTextValue>
  </TextCorrectedLine>
  <TextCorrectedLine lineID="P2_TL00203">
    <OldTextValue>in other,' parts, of -the county. They</OldTextValue>
    <NewTextValue>in other, parts of the county. They</NewTextValue>
  </TextCorrectedLine>
  <TextCorrectedLine lineID="P2_TL00207">
    <OldTextValue>Virginia City, was President, ,and-L.</OldTextValue>
    <NewTextValue>Virginia City, was President, and L.</NewTextValue>
  </TextCorrectedLine>
  <TextCorrectedLine lineID="P2_TL00209">
    <OldTextValue>• The immediate cause of the outbreak</OldTextValue>
    <NewTextValue>The immediate cause of the outbreak</NewTextValue>
  </TextCorrectedLine>
  <TextCorrectedLine lineID="P2_TL00210">
    <OldTextValue>was the reduction of twenty-five .cents</OldTextValue>
    <NewTextValue>was the reduction of twenty-five cents</NewTextValue>
  </TextCorrectedLine>
  <TextCorrectedLine lineID="P2_TL00211">
    <OldTextValue>a day on the wages of tbe hands work-</OldTextValue>
    <NewTextValue>a day on the wages of the hands work-</NewTextValue>
  </TextCorrectedLine>
  <TextCorrectedLine lineID="P2_TL00216">
    <OldTextValue>where, and&gt; not permit- the working</OldTextValue>
    <NewTextValue>where, and not permit the working</NewTextValue>
  </TextCorrectedLine>
  <TextCorrectedLine lineID="P2_TL00217">
    <OldTextValue>of the mines unless at tho proposed</OldTextValue>
    <NewTextValue>of the mines unless at the proposed</NewTextValue>
  </TextCorrectedLine>
  <TextCorrectedLine lineID="P2_TL00219">
    <OldTextValue>ed by - tbe Miners' League made very</OldTextValue>
    <NewTextValue>ed by tbe Miners' League made very</NewTextValue>
  </TextCorrectedLine>
  <TextCorrectedLine lineID="P2_TL00225">
    <OldTextValue>Members of the league to tbe number</OldTextValue>
    <NewTextValue>Members of the league to the number</NewTextValue>
  </TextCorrectedLine>
  <TextCorrectedLine lineID="P2_TL00236">
    <OldTextValue>They would not permit any work to bo</OldTextValue>
    <NewTextValue>They would not permit any work to be</NewTextValue>
  </TextCorrectedLine>
  <TextCorrectedLine lineID="P2_TL00239">
    <OldTextValue>mills at Amador, -Sutter and Oneida</OldTextValue>
    <NewTextValue>mills at Amador, Sutter and Oneida</NewTextValue>
  </TextCorrectedLine>
  <TextCorrectedLine lineID="P2_TL00253">
    <OldTextValue>paid- in other laborious occupations,</OldTextValue>
    <NewTextValue>paid in other laborious occupations,</NewTextValue>
  </TextCorrectedLine>
  <TextCorrectedLine lineID="P2_TL00260">
    <OldTextValue>Governor was invoked for uid, and a</OldTextValue>
    <NewTextValue>Governor was invoked for aid, and a</NewTextValue>
  </TextCorrectedLine>
  <TextCorrectedLine lineID="P2_TL00264">
    <OldTextValue>Wolverine shaft. Thoy had' sevoral</OldTextValue>
    <NewTextValue>Wolverine shaft. They had several</NewTextValue>
  </TextCorrectedLine>
  <TextCorrectedLine lineID="P2_TL00265">
    <OldTextValue>pieces of artillery, and formed v reg-</OldTextValue>
    <NewTextValue>pieces of artillery, and formed a reg-</NewTextValue>
  </TextCorrectedLine>
  <TextCorrectedLine lineID="P2_TL00268">
    <OldTextValue>different mines.' The throats of life</OldTextValue>
    <NewTextValue>different mines. The threats of life</NewTextValue>
  </TextCorrectedLine>
  <TextCorrectedLine lineID="P2_TL00270">
    <OldTextValue>of i the county. It seemed that the</OldTextValue>
    <NewTextValue>of the county. It seemed that the</NewTextValue>
  </TextCorrectedLine>
  <TextCorrectedLine lineID="P2_TL00274">
    <OldTextValue>might bring destruction upon thorn.</OldTextValue>
    <NewTextValue>might bring destruction upon them.</NewTextValue>
  </TextCorrectedLine>
</TextCorrectedBlock>
<TextCorrectedBlock pageOID="AL19030417.1.2" blockID="P2_TB00023" userID="[redacted]">
  <TextCorrectedLine lineID="P2_TL00151">
    <OldTextValue>tion with the will annexed .has been</OldTextValue>
    <NewTextValue>tion with the will annexed has been</NewTextValue>
  </TextCorrectedLine>
  <TextCorrectedLine lineID="P2_TL00156">
    <OldTextValue>' According to the will all of .the estate</OldTextValue>
    <NewTextValue>According to the will all of the estate</NewTextValue>
  </TextCorrectedLine>
  <TextCorrectedLine lineID="P2_TL00159">
    <OldTextValue>ued at' about $10,000. — Oakland</OldTextValue>
    <NewTextValue>ued at about $10,000. — Oakland</NewTextValue>
  </TextCorrectedLine>
</TextCorrectedBlock>
<TextCorrectedBlock pageOID="AL19030417.1.2" blockID="P2_CB00004" userID="[redacted]">
  <TextCorrectedLine lineID="P2_TL00800">
    <OldTextValue>BRESCIA— VIARA— At the Catholic cliurcn.</OldTextValue>
    <NewTextValue>BRESCIA— VIARA— At the Catholic church.</NewTextValue>
  </TextCorrectedLine>
  <TextCorrectedLine lineID="P2_TL00801">
    <OldTextValue>Ap.-U 15, 1003, by Rev. Father Gleeson, John</OldTextValue>
    <NewTextValue>April 15, 1903, by Rev. Father Gleeson, John</NewTextValue>
  </TextCorrectedLine>
  <TextCorrectedLine lineID="P2_TL00802">
    <OldTextValue>Brescia to Mary Vtara both of Jackson. '</OldTextValue>
    <NewTextValue>Brescia to Mary Viara both of Jackson.</NewTextValue>
  </TextCorrectedLine>
  <TextCorrectedLine lineID="P2_TL00803">
    <OldTextValue>TAYLOH— GAZZOLA— In Angels Camp, April</OldTextValue>
    <NewTextValue>TAYLOR — GAZZOLA— In Angels Camp, April</NewTextValue>
  </TextCorrectedLine>
  <TextCorrectedLine lineID="P2_TL00804">
    <OldTextValue>15. 1903, .lames E. Taylor, formerly of Jack-</OldTextValue>
    <NewTextValue>15. 1903, James E. Taylor, formerly of Jack-</NewTextValue>
  </TextCorrectedLine>
  <TextCorrectedLine lineID="P2_TL00805">
    <OldTextValue>son, to Miss Mildred M Guzzolo.' both of</OldTextValue>
    <NewTextValue>son, to Miss Mildred M Gazzolo.' both of</NewTextValue>
  </TextCorrectedLine>
  <TextCorrectedLine lineID="P2_TL00806">
    <OldTextValue>Angels. - - -.': ;•; . " . '</OldTextValue>
    <NewTextValue>Angels.</NewTextValue>
  </TextCorrectedLine>
  <TextCorrectedLine lineID="P2_TL00807">
    <OldTextValue>-— — = . DIED. "~ \</OldTextValue>
    <NewTextValue>DIED.</NewTextValue>
  </TextCorrectedLine>
  <TextCorrectedLine lineID="P2_TL00811">
    <OldTextValue>6 months and 27 day s.</OldTextValue>
    <NewTextValue>6 months and 27 days.</NewTextValue>
  </TextCorrectedLine>
</TextCorrectedBlock>
<TextCorrectedBlock pageOID="AL19030417.1.2" blockID="P2_CB00004" userID="[redacted]">
  <TextCorrectedLine lineID="P2_TL00805">
    <OldTextValue>son, to Miss Mildred M Gazzolo.' both of</OldTextValue>
    <NewTextValue>son, to Miss Mildred M Gazzolo. both of</NewTextValue>
  </TextCorrectedLine>
</TextCorrectedBlock>
<TextCorrectedBlock pageOID="AL19030417.1.2" blockID="P2_CB00001" userID="[redacted]">
  <TextCorrectedLine lineID="P2_TL00581">
    <OldTextValue>So hi*</OldTextValue>
    <NewTextValue>Sour</NewTextValue>
  </TextCorrectedLine>
  <TextCorrectedLine lineID="P2_TL00583">
    <OldTextValue>No appetite, loss of strength, nervous*</OldTextValue>
    <NewTextValue>No appetite, loss of strength, nervous-</NewTextValue>
  </TextCorrectedLine>
  <TextCorrectedLine lineID="P2_TL00586">
    <OldTextValue>the stomach are all due to Indigestion. Kodol</OldTextValue>
    <NewTextValue>the stomach are all due to indigestion. Kodol</NewTextValue>
  </TextCorrectedLine>
  <TextCorrectedLine lineID="P2_TL00588">
    <OldTextValue>sents the natural Juices of digestion as they</OldTextValue>
    <NewTextValue>sents the natural juices of digestion as they</NewTextValue>
  </TextCorrectedLine>
  <TextCorrectedLine lineID="P2_TL00589">
    <OldTextValue>exist In a healthy stomach, combined with</OldTextValue>
    <NewTextValue>exist in a healthy stomach, combined with</NewTextValue>
  </TextCorrectedLine>
</TextCorrectedBlock>
<TextCorrectedBlock pageOID="AL19030417.1.2" blockID="P2_CB00003" userID="[redacted]">
  <TextCorrectedLine lineID="P2_TL00716">
    <OldTextValue>; -•■ '' ' '</OldTextValue>
    <NewTextValue></NewTextValue>
  </TextCorrectedLine>
  <TextCorrectedLine lineID="P2_TL00717">
    <OldTextValue>IMNITARJUMJ</OldTextValue>
    <NewTextValue>SANITARIUM</NewTextValue>
  </TextCorrectedLine>
  <TextCorrectedLine lineID="P2_TL00719">
    <OldTextValue>■ • ~— — . ■ ■ '■■- : ; : '</OldTextValue>
    <NewTextValue></NewTextValue>
  </TextCorrectedLine>
  <TextCorrectedLine lineID="P2_TL00720">
    <OldTextValue>Located, at 724K K. Street,</OldTextValue>
    <NewTextValue>Located at 724 -1/2  K. Street,</NewTextValue>
  </TextCorrectedLine>
  <TextCorrectedLine lineID="P2_TL00722">
    <OldTextValue>■ - •'- /-v , ■</OldTextValue>
    <NewTextValue></NewTextValue>
  </TextCorrectedLine>
  <TextCorrectedLine lineID="P2_TL00723">
    <OldTextValue>TS the oldest and most reliable under the</OldTextValue>
    <NewTextValue>IS the oldest and most reliable under the</NewTextValue>
  </TextCorrectedLine>
  <TextCorrectedLine lineID="P2_TL00724">
    <OldTextValue>• new manegement of any institution of</OldTextValue>
    <NewTextValue>new manegement of any institution of</NewTextValue>
  </TextCorrectedLine>
  <TextCorrectedLine lineID="P2_TL00742">
    <OldTextValue>the Sanitarium. ■</OldTextValue>
    <NewTextValue>the Sanitarium.</NewTextValue>
  </TextCorrectedLine>
  <TextCorrectedLine lineID="P2_TL00745">
    <OldTextValue>blank. . ..-•</OldTextValue>
    <NewTextValue>blank.</NewTextValue>
  </TextCorrectedLine>
  <TextCorrectedLine lineID="P2_TL00746">
    <OldTextValue>OrricK Hours:— 9 to 12 a.m., 2 to 9 p. m.,</OldTextValue>
    <NewTextValue>OFFICE HOURS: — 9 to 12 a.m., 2 to 9 p. m.,</NewTextValue>
  </TextCorrectedLine>
  <TextCorrectedLine lineID="P2_TL00747">
    <OldTextValue>J!,t6 BT&gt;.m." * '•" ■"■ ",'■'. ':'■■■</OldTextValue>
    <NewTextValue>7 to 8 p.m.</NewTextValue>
  </TextCorrectedLine>
  <TextCorrectedLine lineID="P2_TL00749">
    <OldTextValue>aPI7-3ma P l7-3m ■ Resident Physician.</OldTextValue>
    <NewTextValue>Resident Physician.</NewTextValue>
  </TextCorrectedLine>
  <TextCorrectedLine lineID="P2_TL00751">
    <OldTextValue>pointed for Prolate of Will.</OldTextValue>
    <NewTextValue>pointed for Probate of Will.</NewTextValue>
  </TextCorrectedLine>
  <TextCorrectedLine lineID="P2_TL00754">
    <OldTextValue>probate of will. . ,</OldTextValue>
    <NewTextValue>probate of will.</NewTextValue>
  </TextCorrectedLine>
  <TextCorrectedLine lineID="P2_TL00755">
    <OldTextValue>In the matter of the estate of James Nlcholls,</OldTextValue>
    <NewTextValue>In the matter of the estate of James Nicholls,</NewTextValue>
  </TextCorrectedLine>
  <TextCorrectedLine lineID="P2_TL00759">
    <OldTextValue>1003, at 10 o'clock A. M. of that day, and the</OldTextValue>
    <NewTextValue>1903, at 10 o'clock A. M. of that day, and the</NewTextValue>
  </TextCorrectedLine>
  <TextCorrectedLine lineID="P2_TL00765">
    <OldTextValue>of J. B. Bastlan for the issuance to him of Let-</OldTextValue>
    <NewTextValue>of J. B. Bastian for the issuance to him of Let-</NewTextValue>
  </TextCorrectedLine>
  <TextCorrectedLine lineID="P2_TL00766">
    <OldTextValue>ters Testamentary thereon. 1</OldTextValue>
    <NewTextValue>ters Testamentary thereon.</NewTextValue>
  </TextCorrectedLine>
  <TextCorrectedLine lineID="P2_TL00767">
    <OldTextValue>t ™ ~_ C- L. CULBERT. Clerk.</OldTextValue>
    <NewTextValue>C. L. CULBERT. Clerk.</NewTextValue>
  </TextCorrectedLine>
  <TextCorrectedLine lineID="P2_TL00769">
    <OldTextValue>Dated April 9th A. D. 1903. aprlOW</OldTextValue>
    <NewTextValue>Dated April 9th A. D. 1903.</NewTextValue>
  </TextCorrectedLine>
  <TextCorrectedLine lineID="P2_TL00770">
    <OldTextValue>I Some One :</OldTextValue>
    <NewTextValue>Some One</NewTextValue>
  </TextCorrectedLine>
  <TextCorrectedLine lineID="P2_TL00771">
    <OldTextValue>i Must Know:</OldTextValue>
    <NewTextValue>Must Know:</NewTextValue>
  </TextCorrectedLine>
  <TextCorrectedLine lineID="P2_TL00772">
    <OldTextValue>&gt;••••••••••••••••«&gt;&gt;«««««{</OldTextValue>
    <NewTextValue></NewTextValue>
  </TextCorrectedLine>
  <TextCorrectedLine lineID="P2_TL00773">
    <OldTextValue>• - It requires more than S</OldTextValue>
    <NewTextValue>It requires more than</NewTextValue>
  </TextCorrectedLine>
  <TextCorrectedLine lineID="P2_TL00774">
    <OldTextValue>• a general knowledge of 3</OldTextValue>
    <NewTextValue>a general knowledge of</NewTextValue>
  </TextCorrectedLine>
  <TextCorrectedLine lineID="P2_TL00775">
    <OldTextValue>• drugs, more than know- •</OldTextValue>
    <NewTextValue>drugs, more than know</NewTextValue>
  </TextCorrectedLine>
  <TextCorrectedLine lineID="P2_TL00776">
    <OldTextValue>• ing how to use scales 2</OldTextValue>
    <NewTextValue>ing how to use scales</NewTextValue>
  </TextCorrectedLine>
  <TextCorrectedLine lineID="P2_TL00777">
    <OldTextValue>•, and measures, to rightly •</OldTextValue>
    <NewTextValue>and measures, to rightly</NewTextValue>
  </TextCorrectedLine>
  <TextCorrectedLine lineID="P2_TL00778">
    <OldTextValue>• fill . prescriptions these 3</OldTextValue>
    <NewTextValue>fill prescriptions these</NewTextValue>
  </TextCorrectedLine>
  <TextCorrectedLine lineID="P2_TL00779">
    <OldTextValue>• days. Remedies are niul- 3</OldTextValue>
    <NewTextValue>days. Remedies are mul-</NewTextValue>
  </TextCorrectedLine>
  <TextCorrectedLine lineID="P2_TL00780">
    <OldTextValue>• tiplying, new prepara- 3</OldTextValue>
    <NewTextValue>tiplying, new prepara-</NewTextValue>
  </TextCorrectedLine>
  <TextCorrectedLine lineID="P2_TL00781">
    <OldTextValue>• tions are constantly com- 3</OldTextValue>
    <NewTextValue>tions are constantly com-</NewTextValue>
  </TextCorrectedLine>
  <TextCorrectedLine lineID="P2_TL00782">
    <OldTextValue>• ing out and each pre- 3</OldTextValue>
    <NewTextValue>ing out and each pre-</NewTextValue>
  </TextCorrectedLine>
  <TextCorrectedLine lineID="P2_TL00783">
    <OldTextValue>• scription must have 8</OldTextValue>
    <NewTextValue>scription must have</NewTextValue>
  </TextCorrectedLine>
  <TextCorrectedLine lineID="P2_TL00784">
    <OldTextValue>• careful study and accur- 3</OldTextValue>
    <NewTextValue>careful study and accur-</NewTextValue>
  </TextCorrectedLine>
  <TextCorrectedLine lineID="P2_TL00785">
    <OldTextValue>• ate attention. 3</OldTextValue>
    <NewTextValue>ate attention.</NewTextValue>
  </TextCorrectedLine>
  <TextCorrectedLine lineID="P2_TL00786">
    <OldTextValue>• We give such work the 3</OldTextValue>
    <NewTextValue>We give such work the</NewTextValue>
  </TextCorrectedLine>
  <TextCorrectedLine lineID="P2_TL00787">
    <OldTextValue>• attention it should have, 3</OldTextValue>
    <NewTextValue>attention it should have,</NewTextValue>
  </TextCorrectedLine>
  <TextCorrectedLine lineID="P2_TL00788">
    <OldTextValue>• we see to it that our 3</OldTextValue>
    <NewTextValue>we see to it that our</NewTextValue>
  </TextCorrectedLine>
  <TextCorrectedLine lineID="P2_TL00789">
    <OldTextValue>• drugs are pure and of 3</OldTextValue>
    <NewTextValue>drugs are pure and of</NewTextValue>
  </TextCorrectedLine>
  <TextCorrectedLine lineID="P2_TL00790">
    <OldTextValue>• exact standard strength, 3</OldTextValue>
    <NewTextValue>exact standard strength,</NewTextValue>
  </TextCorrectedLine>
  <TextCorrectedLine lineID="P2_TL00791">
    <OldTextValue>• we never substitute or 3</OldTextValue>
    <NewTextValue>we never substitute or</NewTextValue>
  </TextCorrectedLine>
  <TextCorrectedLine lineID="P2_TL00792">
    <OldTextValue>• vary a hair from the re- 3</OldTextValue>
    <NewTextValue>vary a hair from the re-</NewTextValue>
  </TextCorrectedLine>
  <TextCorrectedLine lineID="P2_TL00793">
    <OldTextValue>•^quirements of your pre- 3</OldTextValue>
    <NewTextValue>quirements of your pre-</NewTextValue>
  </TextCorrectedLine>
  <TextCorrectedLine lineID="P2_TL00794">
    <OldTextValue>• scription or recipe. 3</OldTextValue>
    <NewTextValue>scription or recipe.</NewTextValue>
  </TextCorrectedLine>
  <TextCorrectedLine lineID="P2_TL00795">
    <OldTextValue>•••••••••••••••••••••••••3</OldTextValue>
    <NewTextValue></NewTextValue>
  </TextCorrectedLine>
  <TextCorrectedLine lineID="P2_TL00796">
    <OldTextValue>3 CITY PHARMACY:</OldTextValue>
    <NewTextValue>CITY PHARMACY</NewTextValue>
  </TextCorrectedLine>
  <TextCorrectedLine lineID="P2_TL00797">
    <OldTextValue>•- ROBT. I. KERR •</OldTextValue>
    <NewTextValue>ROBT. I. KERR</NewTextValue>
  </TextCorrectedLine>
  <TextCorrectedLine lineID="P2_TL00798">
    <OldTextValue>3 JACKSON - - - . CAL. 3</OldTextValue>
    <NewTextValue>JACKSON - - - . CAL.</NewTextValue>
  </TextCorrectedLine>
</TextCorrectedBlock>
