<TextCorrectedBlock pageOID="AL19060202.1.2" blockID="P2_TB00014" userID="[redacted]">
  <TextCorrectedLine lineID="P2_TL00035">
    <OldTextValue>bate of will. •</OldTextValue>
    <NewTextValue>bate of will.</NewTextValue>
  </TextCorrectedLine>
</TextCorrectedBlock>
<TextCorrectedBlock pageOID="AL19060202.1.2" blockID="P2_TB00005" userID="[redacted]">
  <TextCorrectedLine lineID="P2_TL00008">
    <OldTextValue>Wilford Dennis vs • Matilda Dennis.</OldTextValue>
    <NewTextValue>Wilford Dennis vs  Matilda Dennis.</NewTextValue>
  </TextCorrectedLine>
</TextCorrectedBlock>
<TextCorrectedBlock pageOID="AL19060202.1.2" blockID="P2_TB00002" userID="[redacted]">
  <TextCorrectedLine lineID="P2_TL00002">
    <OldTextValue>AlbinaF. Dillon vs Thos B. Dillon.</OldTextValue>
    <NewTextValue>Albina F. Dillon vs Thos B. Dillon.</NewTextValue>
  </TextCorrectedLine>
</TextCorrectedBlock>
<TextCorrectedBlock pageOID="AL19060202.1.2" blockID="P2_TB00015" userID="[redacted]">
  <TextCorrectedLine lineID="P2_TL00036">
    <OldTextValue>COCUMENTS RECORDED.</OldTextValue>
    <NewTextValue>DOCUMENTS RECORDED.</NewTextValue>
  </TextCorrectedLine>
</TextCorrectedBlock>
<TextCorrectedBlock pageOID="AL19060202.1.2" blockID="P2_TB00040" userID="[redacted]">
  <TextCorrectedLine lineID="P2_TL00149">
    <OldTextValue>8 block 1, Oleta, *1.</OldTextValue>
    <NewTextValue>8 block 1, Oleta, $1.</NewTextValue>
  </TextCorrectedLine>
</TextCorrectedBlock>
<TextCorrectedBlock pageOID="AL19060202.1.2" blockID="P2_TB00039" userID="[redacted]">
  <TextCorrectedLine lineID="P2_TL00145">
    <OldTextValue>G. D. Denend, et ax to G. A.</OldTextValue>
    <NewTextValue>G. D. Denend, et ux to G. A.</NewTextValue>
  </TextCorrectedLine>
</TextCorrectedBlock>
