<TextCorrectedBlock pageOID="AL19070927.1.2" blockID="P2_CB00007" userID="[redacted]">
  <TextCorrectedLine lineID="P2_TL00582">
    <OldTextValue>-Lady assistants engaged.</OldTextValue>
    <NewTextValue>Lady assistants engaged.</NewTextValue>
  </TextCorrectedLine>
  <TextCorrectedLine lineID="P2_TL00583">
    <OldTextValue>re^onkble^ratet!" 10 "' furniture "Paring, carpet laying and cleaningete. at</OldTextValue>
    <NewTextValue>Also, upholstering, furniture reparing, carpet laying and cleaningete. at</NewTextValue>
  </TextCorrectedLine>
  <TextCorrectedLine lineID="P2_TL00584">
    <OldTextValue>Calls from the country promptly responded to. au 39</OldTextValue>
    <NewTextValue>Calls from the country promptly responded to.           au39</NewTextValue>
  </TextCorrectedLine>
</TextCorrectedBlock>
<TextCorrectedBlock pageOID="AL19070927.1.2" blockID="P2_CB00019" userID="[redacted]">
  <TextCorrectedLine lineID="P2_TL00657">
    <OldTextValue>Igiinocchio bro's.l</OldTextValue>
    <NewTextValue>GINOCHCHIO BRO'S.</NewTextValue>
  </TextCorrectedLine>
  <TextCorrectedLine lineID="P2_TL00658">
    <OldTextValue>j§| "^ DEALERS IN</OldTextValue>
    <NewTextValue>DEALERS IN</NewTextValue>
  </TextCorrectedLine>
  <TextCorrectedLine lineID="P2_TL00659">
    <OldTextValue>I j^ General Merchandise!</OldTextValue>
    <NewTextValue>General Merchandise!</NewTextValue>
  </TextCorrectedLine>
  <TextCorrectedLine lineID="P2_TL00660">
    <OldTextValue>Groceries, Furnishing Goods, Shoes, I</OldTextValue>
    <NewTextValue>Groceries, Furnishing Goods, Shoes,</NewTextValue>
  </TextCorrectedLine>
  <TextCorrectedLine lineID="P2_TL00661">
    <OldTextValue>§M Boots ' Paints ' Oil s. Varnishes, Mining f</OldTextValue>
    <NewTextValue>Boots,  Paints, Oils, Varnishes, Mining</NewTextValue>
  </TextCorrectedLine>
  <TextCorrectedLine lineID="P2_TL00662">
    <OldTextValue>Supplies, Lumber, Hardware, Hay, §1</OldTextValue>
    <NewTextValue>Supplies, Lumber, Hardware, Hay,</NewTextValue>
  </TextCorrectedLine>
  <TextCorrectedLine lineID="P2_TL00663">
    <OldTextValue>H _^ Grain, etc., etc.</OldTextValue>
    <NewTextValue>Grain, etc., etc.</NewTextValue>
  </TextCorrectedLine>
  <TextCorrectedLine lineID="P2_TL00665">
    <OldTextValue>I JACKSON - - - CALIFORNIA I</OldTextValue>
    <NewTextValue>JACKSON - - - CALIFORNIA</NewTextValue>
  </TextCorrectedLine>
</TextCorrectedBlock>
<TextCorrectedBlock pageOID="AL19070927.1.2" blockID="P2_CB00024" userID="[redacted]">
  <TextCorrectedLine lineID="P2_TL00674">
    <OldTextValue>• &gt; McCALL Jt j ¥ r&gt;i • Z</OldTextValue>
    <NewTextValue>McCALL Bazaar Patterns</NewTextValue>
  </TextCorrectedLine>
  <TextCorrectedLine lineID="P2_TL00675">
    <OldTextValue>i B " a " pa "°™ 1. J. Glavinovicli j</OldTextValue>
    <NewTextValue>L. J. Glavinovich</NewTextValue>
  </TextCorrectedLine>
  <TextCorrectedLine lineID="P2_TL00676">
    <OldTextValue>5 LEADING GROCERY STORE J</OldTextValue>
    <NewTextValue>LEADING GROCERY STORE</NewTextValue>
  </TextCorrectedLine>
  <TextCorrectedLine lineID="P2_TL00677">
    <OldTextValue>• (CPI^ Groceries, Dry Goods, *</OldTextValue>
    <NewTextValue>Groceries, Dry Goods,</NewTextValue>
  </TextCorrectedLine>
  <TextCorrectedLine lineID="P2_TL00678">
    <OldTextValue>• d Furnishing Goods, Boots, -£ ■ •</OldTextValue>
    <NewTextValue>Furnishing Goods, Boots,</NewTextValue>
  </TextCorrectedLine>
  <TextCorrectedLine lineID="P2_TL00679">
    <OldTextValue>• a Shoes, Toilet Articles, •</OldTextValue>
    <NewTextValue>Shoes, Toilet Articles,</NewTextValue>
  </TextCorrectedLine>
  <TextCorrectedLine lineID="P2_TL00680">
    <OldTextValue>• | % Hardware, Miners' Sup- •</OldTextValue>
    <NewTextValue>Hardware, Miners' Sup-</NewTextValue>
  </TextCorrectedLine>
  <TextCorrectedLine lineID="P2_TL00681">
    <OldTextValue>• ■ I plies, Hay, Grain, Etc. •</OldTextValue>
    <NewTextValue>plies, Hay, Grain, Etc.</NewTextValue>
  </TextCorrectedLine>
  <TextCorrectedLine lineID="P2_TL00682">
    <OldTextValue>• N ... . • J</OldTextValue>
    <NewTextValue></NewTextValue>
  </TextCorrectedLine>
  <TextCorrectedLine lineID="P2_TL00683">
    <OldTextValue>S Cor. Main &amp; Court Streets . __•</OldTextValue>
    <NewTextValue>Cor. Main &amp; Court Streets .</NewTextValue>
  </TextCorrectedLine>
  <TextCorrectedLine lineID="P2_TL00684">
    <OldTextValue>1 JACKSON, - - CAL. L McC^ \</OldTextValue>
    <NewTextValue>JACKSON, - - CAL.</NewTextValue>
  </TextCorrectedLine>
  <TextCorrectedLine lineID="P2_TL00685">
    <OldTextValue>• "x-CSk^ r - a - t - 1 ' XBazaar Patterns*</OldTextValue>
    <NewTextValue>McCALL Bazaar Patterns</NewTextValue>
  </TextCorrectedLine>
  <TextCorrectedLine lineID="P2_TL00686">
    <OldTextValue>»MtIMMMM t&gt; « ttMM , t ,, MtM&gt;t&lt;(&lt;&gt;&gt; j tMtMMM&gt;&gt;&gt;&gt; «</OldTextValue>
    <NewTextValue></NewTextValue>
  </TextCorrectedLine>
  <TextCorrectedLine lineID="P2_TL00687">
    <OldTextValue>jMMIMMMMMHMI «HMM»MI</OldTextValue>
    <NewTextValue></NewTextValue>
  </TextCorrectedLine>
  <TextCorrectedLine lineID="P2_TL00688">
    <OldTextValue>|| FINE ASSORTMENT OF— —TEA AND COFFEE jj</OldTextValue>
    <NewTextValue>FINE ASSORTMENT OF— —TEA AND COFFEE</NewTextValue>
  </TextCorrectedLine>
  <TextCorrectedLine lineID="P2_TL00690">
    <OldTextValue>: I 0. E. Olver &amp; Wm. J. Nettle, jr., Proprietors. i !</OldTextValue>
    <NewTextValue>C. E. Olver &amp; Wm. J. Nettle, jr., Proprietors.</NewTextValue>
  </TextCorrectedLine>
  <TextCorrectedLine lineID="P2_TL00691">
    <OldTextValue>! \ Full Line of — ;. , . ', I</OldTextValue>
    <NewTextValue>Full Line of —</NewTextValue>
  </TextCorrectedLine>
  <TextCorrectedLine lineID="P2_TL00692">
    <OldTextValue>;; . Fresh Groceries, Fruits, Vegetables. -Jl;</OldTextValue>
    <NewTextValue>Fresh Groceries, Fruits, Vegetables.</NewTextValue>
  </TextCorrectedLine>
  <TextCorrectedLine lineID="P2_TL00693">
    <OldTextValue>! ; Fresh Fish every. Thursday and Friday. &lt;</OldTextValue>
    <NewTextValue>Fresh Fish every. Thursday and Friday.</NewTextValue>
  </TextCorrectedLine>
  <TextCorrectedLine lineID="P2_TL00694">
    <OldTextValue>;; North Main Street Jackson, Ca!. ]</OldTextValue>
    <NewTextValue>North Main Street Jackson, Cal.</NewTextValue>
  </TextCorrectedLine>
</TextCorrectedBlock>
<TextCorrectedBlock pageOID="AL19070927.1.2" blockID="P2_CB00051" userID="[redacted]">
  <TextCorrectedLine lineID="P2_TL00946">
    <OldTextValue>begs to iuform depositers that it has resumed business</OldTextValue>
    <NewTextValue>begs to inform depositers that it has resumed business</NewTextValue>
  </TextCorrectedLine>
  <TextCorrectedLine lineID="P2_TL00953">
    <OldTextValue>rate of 3.C0 per cent per annum.</OldTextValue>
    <NewTextValue>rate of 3.60 per cent per annum.</NewTextValue>
  </TextCorrectedLine>
  <TextCorrectedLine lineID="P2_TL00954">
    <OldTextValue>I siEßßiiiriirHlmiiF</OldTextValue>
    <NewTextValue>SIERRA HOSPITAL &amp; SANITARIUM</NewTextValue>
  </TextCorrectedLine>
  <TextCorrectedLine lineID="P2_TL00956">
    <OldTextValue>I Delightful climate, pleasantly situated, and easy of access.</OldTextValue>
    <NewTextValue>Delightful climate, pleasantly situated, and easy of access.</NewTextValue>
  </TextCorrectedLine>
  <TextCorrectedLine lineID="P2_TL00959">
    <OldTextValue>I phances, including X-Ray Outfit, Hot-Air Baths, etc.</OldTextValue>
    <NewTextValue>pliances, including X-Ray Outfit, Hot-Air Baths, etc.</NewTextValue>
  </TextCorrectedLine>
  <TextCorrectedLine lineID="P2_TL00960">
    <OldTextValue>[ Any reputable physician is at liberty to bring cases to the in- '</OldTextValue>
    <NewTextValue>Any reputable physician is at liberty to bring cases to the in-</NewTextValue>
  </TextCorrectedLine>
  <TextCorrectedLine lineID="P2_TL00961">
    <OldTextValue>i, stitution, under his own exclusive treatment and supervision.</OldTextValue>
    <NewTextValue>stitution, under his own exclusive treatment and supervision.</NewTextValue>
  </TextCorrectedLine>
  <TextCorrectedLine lineID="P2_TL00962">
    <OldTextValue>\ — Trained nurses in attendance. Terms reasonable.</OldTextValue>
    <NewTextValue>Trained nurses in attendance. Terms reasonable.</NewTextValue>
  </TextCorrectedLine>
  <TextCorrectedLine lineID="P2_TL00963">
    <OldTextValue>i BOAHD OF MANAGERS: [</OldTextValue>
    <NewTextValue>BOAHD OF MANAGERS:</NewTextValue>
  </TextCorrectedLine>
  <TextCorrectedLine lineID="P2_TL00964">
    <OldTextValue>; P. S. GOODMAN, M. D. L. E. PHILLIPS, M. D. j</OldTextValue>
    <NewTextValue>P. S. GOODMAN, M. D.          L. E. PHILLIPS, M. D.</NewTextValue>
  </TextCorrectedLine>
  <TextCorrectedLine lineID="P2_TL00965">
    <OldTextValue>Sutter Creek. apl9 Jackson.</OldTextValue>
    <NewTextValue>Sutter Creek.          ap19         Jackson.</NewTextValue>
  </TextCorrectedLine>
</TextCorrectedBlock>
<TextCorrectedBlock pageOID="AL19070927.1.2" blockID="P2_CB00053" userID="[redacted]">
  <TextCorrectedLine lineID="P2_TL00997">
    <OldTextValue>iences, Keading room, .Ladies Parlor,</OldTextValue>
    <NewTextValue>iences, Reading room, Ladies Parlor,</NewTextValue>
  </TextCorrectedLine>
  <TextCorrectedLine lineID="P2_TL00999">
    <OldTextValue>From tbe ferry take .Mission street or</OldTextValue>
    <NewTextValue>From the ferry take Mission street or</NewTextValue>
  </TextCorrectedLine>
  <TextCorrectedLine lineID="P2_TL01001">
    <OldTextValue>i'bird and Xuwnseud tbe Fourth</OldTextValue>
    <NewTextValue>Third and Townsend the Fourth</NewTextValue>
  </TextCorrectedLine>
  <TextCorrectedLine lineID="P2_TL01003">
    <OldTextValue>ijadies Attention ! Send your name,</OldTextValue>
    <NewTextValue>Ladies Attention ! Send your name,</NewTextValue>
  </TextCorrectedLine>
  <TextCorrectedLine lineID="P2_TL01009">
    <OldTextValue>care uf the S. H. and M. Co., 25 South</OldTextValue>
    <NewTextValue>care of the S. H. and M. Co., 25 South</NewTextValue>
  </TextCorrectedLine>
</TextCorrectedBlock>
