<TextCorrectedBlock pageOID="AL19020314.1.4" blockID="P4_TB00013" userID="[redacted]">
  <TextCorrectedLine lineID="P4_TL00101">
    <OldTextValue>"Lifting the Kin*."</OldTextValue>
    <NewTextValue>"Lifting the King."</NewTextValue>
  </TextCorrectedLine>
</TextCorrectedBlock>
<TextCorrectedBlock pageOID="AL19020314.1.4" blockID="P4_TB00012" userID="[redacted]">
  <TextCorrectedLine lineID="P4_TL00075">
    <OldTextValue>nation j ceremonies^ which j have . been</OldTextValue>
    <NewTextValue>nation ceremonies which have been</NewTextValue>
  </TextCorrectedLine>
  <TextCorrectedLine lineID="P4_TL00076">
    <OldTextValue>discontinued Is that of lifting the king.</OldTextValue>
    <NewTextValue>discontinued is that of lifting the king.</NewTextValue>
  </TextCorrectedLine>
  <TextCorrectedLine lineID="P4_TL00077">
    <OldTextValue>In. the old days the monarch always</OldTextValue>
    <NewTextValue>In the old days the monarch always</NewTextValue>
  </TextCorrectedLine>
  <TextCorrectedLine lineID="P4_TL00080">
    <OldTextValue>regalia, j which are still, technically</OldTextValue>
    <NewTextValue>regalia, which are still, technically</NewTextValue>
  </TextCorrectedLine>
  <TextCorrectedLine lineID="P4_TL00083">
    <OldTextValue>Westminster hall in preparation . for</OldTextValue>
    <NewTextValue>Westminster hall in preparation for</NewTextValue>
  </TextCorrectedLine>
  <TextCorrectedLine lineID="P4_TL00084">
    <OldTextValue>the ceremony. These • were arranged</OldTextValue>
    <NewTextValue>the ceremony. These were arranged</NewTextValue>
  </TextCorrectedLine>
  <TextCorrectedLine lineID="P4_TL00086">
    <OldTextValue>the spurs, and so on. .The king when</OldTextValue>
    <NewTextValue>the spurs, and so on. The king when</NewTextValue>
  </TextCorrectedLine>
  <TextCorrectedLine lineID="P4_TL00089">
    <OldTextValue>on to a marble chair. . ;• . ...</OldTextValue>
    <NewTextValue>on to a marble chair.</NewTextValue>
  </TextCorrectedLine>
  <TextCorrectedLine lineID="P4_TL00090">
    <OldTextValue>The lifting of the king Into this chair</OldTextValue>
    <NewTextValue>The lifting of the king into this chair</NewTextValue>
  </TextCorrectedLine>
  <TextCorrectedLine lineID="P4_TL00094">
    <OldTextValue>coronation of , George IV. When the</OldTextValue>
    <NewTextValue>coronation of George IV. When the</NewTextValue>
  </TextCorrectedLine>
  <TextCorrectedLine lineID="P4_TL00095">
    <OldTextValue>monarch was seated In the chair, he</OldTextValue>
    <NewTextValue>monarch was seated in the chair, he</NewTextValue>
  </TextCorrectedLine>
  <TextCorrectedLine lineID="P4_TL00097">
    <OldTextValue>which . of his nobles should carry the</OldTextValue>
    <NewTextValue>which of his nobles should carry the</NewTextValue>
  </TextCorrectedLine>
  <TextCorrectedLine lineID="P4_TL00100">
    <OldTextValue>don Tatler. ; '</OldTextValue>
    <NewTextValue>don Tatler.</NewTextValue>
  </TextCorrectedLine>
</TextCorrectedBlock>
<TextCorrectedBlock pageOID="AL19020314.1.4" blockID="P4_TB00032" userID="[redacted]">
  <TextCorrectedLine lineID="P4_TL00192">
    <OldTextValue>Whir He Waa Rejected.</OldTextValue>
    <NewTextValue>Why He Was Rejected.</NewTextValue>
  </TextCorrectedLine>
</TextCorrectedBlock>
<TextCorrectedBlock pageOID="AL19020314.1.4" blockID="P4_TB00031" userID="[redacted]">
  <TextCorrectedLine lineID="P4_TL00190">
    <OldTextValue>and an uncongenial . wife presented</OldTextValue>
    <NewTextValue>and an uncongenial wife presented</NewTextValue>
  </TextCorrectedLine>
  <TextCorrectedLine lineID="P4_TL00191">
    <OldTextValue>himself at the gates of paradise.-. '</OldTextValue>
    <NewTextValue>himself at the gates of paradise.</NewTextValue>
  </TextCorrectedLine>
</TextCorrectedBlock>
<TextCorrectedBlock pageOID="AL19020314.1.4" blockID="P4_TB00030" userID="[redacted]">
  <TextCorrectedLine lineID="P4_TL00185">
    <OldTextValue>! "Have you been in purgatory yet}"</OldTextValue>
    <NewTextValue>"Have you been in purgatory yet?"</NewTextValue>
  </TextCorrectedLine>
  <TextCorrectedLine lineID="P4_TL00186">
    <OldTextValue>demanded Brahma. ' •</OldTextValue>
    <NewTextValue>demanded Brahma.</NewTextValue>
  </TextCorrectedLine>
</TextCorrectedBlock>
<TextCorrectedBlock pageOID="AL19020314.1.4" blockID="P4_TB00029" userID="[redacted]">
  <TextCorrectedLine lineID="P4_TL00184">
    <OldTextValue>to enter. • . • • \&lt;</OldTextValue>
    <NewTextValue>to enter.</NewTextValue>
  </TextCorrectedLine>
</TextCorrectedBlock>
<TextCorrectedBlock pageOID="AL19020314.1.4" blockID="P4_TB00027" userID="[redacted]">
  <TextCorrectedLine lineID="P4_TL00180">
    <OldTextValue>purgatory yet?" , •  .</OldTextValue>
    <NewTextValue>purgatory yet?"</NewTextValue>
  </TextCorrectedLine>
</TextCorrectedBlock>
<TextCorrectedBlock pageOID="AL19020314.1.4" blockID="P4_TB00025" userID="[redacted]">
  <TextCorrectedLine lineID="P4_TL00176">
    <OldTextValue>ried." &lt;•*;; '--</OldTextValue>
    <NewTextValue>ried."</NewTextValue>
  </TextCorrectedLine>
</TextCorrectedBlock>
<TextCorrectedBlock pageOID="AL19020314.1.4" blockID="P4_TB00024" userID="[redacted]">
  <TextCorrectedLine lineID="P4_TL00173">
    <OldTextValue>"Married, indeed 1 Why, I have been</OldTextValue>
    <NewTextValue>"Married, indeed! Why, I have been</NewTextValue>
  </TextCorrectedLine>
  <TextCorrectedLine lineID="P4_TL00174">
    <OldTextValue>married three times." : ■ ' -</OldTextValue>
    <NewTextValue>married three times."</NewTextValue>
  </TextCorrectedLine>
</TextCorrectedBlock>
<TextCorrectedBlock pageOID="AL19020314.1.4" blockID="P4_TB00023" userID="[redacted]">
  <TextCorrectedLine lineID="P4_TL00172">
    <OldTextValue>made for Imbeciles."</OldTextValue>
    <NewTextValue>made for imbeciles."</NewTextValue>
  </TextCorrectedLine>
</TextCorrectedBlock>
