<TextCorrectedBlock pageOID="AL19080522.1.1" blockID="P1_TB00036" userID="[redacted]">
  <TextCorrectedLine lineID="P1_TL00277">
    <OldTextValue>All fraternal organizations aud in-</OldTextValue>
    <NewTextValue>All fraternal organizations and in-</NewTextValue>
  </TextCorrectedLine>
  <TextCorrectedLine lineID="P1_TL00279">
    <OldTextValue>cemetery cleaned for Decoration duy,</OldTextValue>
    <NewTextValue>cemetery cleaned for Decoration day,</NewTextValue>
  </TextCorrectedLine>
  <TextCorrectedLine lineID="P1_TL00280">
    <OldTextValue>Miiy liOth, will pleuse see mo befoio</OldTextValue>
    <NewTextValue>May 30th, will please see me before</NewTextValue>
  </TextCorrectedLine>
  <TextCorrectedLine lineID="P1_TL00281">
    <OldTextValue>the twenty-third of this mouth to</OldTextValue>
    <NewTextValue>the twenty-third of this month to</NewTextValue>
  </TextCorrectedLine>
  <TextCorrectedLine lineID="P1_TL00282">
    <OldTextValue>arrunge for the work.</OldTextValue>
    <NewTextValue>arrange for the work.</NewTextValue>
  </TextCorrectedLine>
  <TextCorrectedLine lineID="P1_TL00283">
    <OldTextValue>JO. S. Tetois, sexton.</OldTextValue>
    <NewTextValue>E. S. Petois, sexton.</NewTextValue>
  </TextCorrectedLine>
</TextCorrectedBlock>
<TextCorrectedBlock pageOID="AL19080522.1.2" blockID="P2_TB00003" userID="[redacted]">
  <TextCorrectedLine lineID="P2_TL00024">
    <OldTextValue>son. They pass the whiter in some</OldTextValue>
    <NewTextValue>son. They pass the winter in some</NewTextValue>
  </TextCorrectedLine>
  <TextCorrectedLine lineID="P2_TL00025">
    <OldTextValue>warm cranny, nnd when the fiprlng</OldTextValue>
    <NewTextValue>warm cranny, and when the spring</NewTextValue>
  </TextCorrectedLine>
  <TextCorrectedLine lineID="P2_TL00028">
    <OldTextValue>for tho nest that 1h to be. This found,</OldTextValue>
    <NewTextValue>for the nest that is to be. This found,</NewTextValue>
  </TextCorrectedLine>
  <TextCorrectedLine lineID="P2_TL00029">
    <OldTextValue>the queen repairs to n fence or tree</OldTextValue>
    <NewTextValue>the queen repairs to a fence or tree</NewTextValue>
  </TextCorrectedLine>
</TextCorrectedBlock>
