<TextCorrectedBlock pageOID="AL19081009.1.2" blockID="P2_CB00001" userID="[redacted]">
  <TextCorrectedLine lineID="P2_TL00235">
    <OldTextValue>PPlfei l^^^^^ji^M For Infanta and Childron.</OldTextValue>
    <NewTextValue>900 Drops    For Infants and Children.</NewTextValue>
  </TextCorrectedLine>
  <TextCorrectedLine lineID="P2_TL00236">
    <OldTextValue>KJfoti/iVI ri'~^ i™niTO^a=g= lilwtQyO LIUUJjIII</OldTextValue>
    <NewTextValue>CASTORIA   The Kind You Have Always Bought</NewTextValue>
  </TextCorrectedLine>
  <TextCorrectedLine lineID="P2_TL00237">
    <OldTextValue>Hlpßjl i j :: ALCOHOL 3 PER OENP * * - ~'&lt;</OldTextValue>
    <NewTextValue>ALCOHOL 3 PER CENT</NewTextValue>
  </TextCorrectedLine>
  <TextCorrectedLine lineID="P2_TL00238">
    <OldTextValue>IGfl'SL*' AVcgelaWePrcparalionrorAs- -r» 4.1, « f I</OldTextValue>
    <NewTextValue>A Vegetable Preparation for As-</NewTextValue>
  </TextCorrectedLine>
  <TextCorrectedLine lineID="P2_TL00239">
    <OldTextValue>lfl|j slmilatingilttFbodandß«{uta 1563XS k tUG #a/ 1*</OldTextValue>
    <NewTextValue>similating the Food and Regula</NewTextValue>
  </TextCorrectedLine>
  <TextCorrectedLine lineID="P2_TL00240">
    <OldTextValue>K|Sil BKiKVfcfrKaimir'nM Signature / J\m</OldTextValue>
    <NewTextValue>ting the Stomachs and Bowels of Infants and Children</NewTextValue>
  </TextCorrectedLine>
  <TextCorrectedLine lineID="P2_TL00241">
    <OldTextValue>f*S&gt;[v Promotes Digeslionflimfii rvf xK'vtj</OldTextValue>
    <NewTextValue>Promotes Digestion, Cheerful-</NewTextValue>
  </TextCorrectedLine>
  <TextCorrectedLine lineID="P2_TL00242">
    <OldTextValue>S3 |]|| ness and ffcsLContalns nciificr V* 1 gl\ IT'</OldTextValue>
    <NewTextValue>ness and Rest. Contalns neither</NewTextValue>
  </TextCorrectedLine>
  <TextCorrectedLine lineID="P2_TL00243">
    <OldTextValue>|J&lt;Hg[ i Opiimi .Morphine nor Mineral. tAIM Vj</OldTextValue>
    <NewTextValue>Opium Morphine nor Mineral.</NewTextValue>
  </TextCorrectedLine>
  <TextCorrectedLine lineID="P2_TL00244">
    <OldTextValue>Ear *■ I JfsJ &lt;V*ns* J. \ HwL • B</OldTextValue>
    <NewTextValue>Bears the Signature of</NewTextValue>
  </TextCorrectedLine>
</TextCorrectedBlock>
<TextCorrectedBlock pageOID="AL19081009.1.2" blockID="P2_CB00001" userID="[redacted]">
  <TextCorrectedLine lineID="P2_TL00244">
    <OldTextValue>Bears the Signature of</OldTextValue>
    <NewTextValue>Not Narcotic.</NewTextValue>
  </TextCorrectedLine>
  <TextCorrectedLine lineID="P2_TL00245">
    <OldTextValue>Bh» RR i | J' MM/e&amp;f/s- I jh ftm*' 111</OldTextValue>
    <NewTextValue>Bears the Signature of</NewTextValue>
  </TextCorrectedLine>
</TextCorrectedBlock>
<TextCorrectedBlock pageOID="AL19081009.1.2" blockID="P2_TB00002" userID="[redacted]">
  <TextCorrectedLine lineID="P2_TL00014">
    <OldTextValue>his visitor that dny to a restaurant</OldTextValue>
    <NewTextValue>his visitor that day to a restaurant</NewTextValue>
  </TextCorrectedLine>
  <TextCorrectedLine lineID="P2_TL00018">
    <OldTextValue>hl3 check nnd said he had no money</OldTextValue>
    <NewTextValue>his check and said he had no money</NewTextValue>
  </TextCorrectedLine>
  <TextCorrectedLine lineID="P2_TL00020">
    <OldTextValue>day. ,'J</OldTextValue>
    <NewTextValue>day.</NewTextValue>
  </TextCorrectedLine>
</TextCorrectedBlock>
<TextCorrectedBlock pageOID="AL19081009.1.2" blockID="P2_TB00001" userID="[redacted]">
  <TextCorrectedLine lineID="P2_TL00001">
    <OldTextValue>The cashier gave tho couple a hasty</OldTextValue>
    <NewTextValue>The cashier gave the couple a hasty</NewTextValue>
  </TextCorrectedLine>
  <TextCorrectedLine lineID="P2_TL00003">
    <OldTextValue>chance," and tho men started for the</OldTextValue>
    <NewTextValue>chance," and the men started for the</NewTextValue>
  </TextCorrectedLine>
  <TextCorrectedLine lineID="P2_TL00004">
    <OldTextValue>street. At tho door a right about face</OldTextValue>
    <NewTextValue>street. At the door a right about face</NewTextValue>
  </TextCorrectedLine>
  <TextCorrectedLine lineID="P2_TL00009">
    <OldTextValue>"Grossartlgl" (magnificent). — Chicago</OldTextValue>
    <NewTextValue>"Grossartig ! " (magnificent). — Chicago</NewTextValue>
  </TextCorrectedLine>
</TextCorrectedBlock>
<TextCorrectedBlock pageOID="AL19081009.1.2" blockID="P2_CB00002" userID="[redacted]">
  <TextCorrectedLine lineID="P2_TL00297">
    <OldTextValue>OFFICIAL W : Y</OldTextValue>
    <NewTextValue>OFFICIAL MAP</NewTextValue>
  </TextCorrectedLine>
  <TextCorrectedLine lineID="P2_TL00298">
    <OldTextValue>—OF.. ll</OldTextValue>
    <NewTextValue>—OF..</NewTextValue>
  </TextCorrectedLine>
  <TextCorrectedLine lineID="P2_TL00299">
    <OldTextValue>Amador Countyl</OldTextValue>
    <NewTextValue>Amador County</NewTextValue>
  </TextCorrectedLine>
  <TextCorrectedLine lineID="P2_TL00300">
    <OldTextValue>veys by D. C. CAHLTON, showlnlr</OldTextValue>
    <NewTextValue>veys by D. C. CARLTON, showing</NewTextValue>
  </TextCorrectedLine>
  <TextCorrectedLine lineID="P2_TL00301">
    <OldTextValue>township and school district boiinH"</OldTextValue>
    <NewTextValue>township and school district bound</NewTextValue>
  </TextCorrectedLine>
  <TextCorrectedLine lineID="P2_TL00302">
    <OldTextValue>artoß, ownership of all lands accord inH*.</OldTextValue>
    <NewTextValue>aies, ownership of all lands according</NewTextValue>
  </TextCorrectedLine>
  <TextCorrectedLine lineID="P2_TL00303">
    <OldTextValue>to asHcssinotit roll of 1!M(4, minenß</OldTextValue>
    <NewTextValue>to assessment roll of 1904, minenal</NewTextValue>
  </TextCorrectedLine>
  <TextCorrectedLine lineID="P2_TL00304">
    <OldTextValue>claims, canals, location of all schooHi</OldTextValue>
    <NewTextValue>claims, canals, location of all school</NewTextValue>
  </TextCorrectedLine>
  <TextCorrectedLine lineID="P2_TL00305">
    <OldTextValue>houses; also a townsito map of princfl</OldTextValue>
    <NewTextValue>houses; also a townsite map of princi</NewTextValue>
  </TextCorrectedLine>
  <TextCorrectedLine lineID="P2_TL00306">
    <OldTextValue>pal towns, namely Jackson, Sutt'H!</OldTextValue>
    <NewTextValue>pal towns, namely Jackson, Sutter</NewTextValue>
  </TextCorrectedLine>
  <TextCorrectedLine lineID="P2_TL00307">
    <OldTextValue>Creek, lone, Arnador City, DrvtowiH'</OldTextValue>
    <NewTextValue>Creek, lone, Arnador City, Drvytown</NewTextValue>
  </TextCorrectedLine>
  <TextCorrectedLine lineID="P2_TL00308">
    <OldTextValue>Plymouth and Volcano. I</OldTextValue>
    <NewTextValue>Plymouth and Volcano.</NewTextValue>
  </TextCorrectedLine>
  <TextCorrectedLine lineID="P2_TL00309">
    <OldTextValue>Size ti by iff feet. l c</OldTextValue>
    <NewTextValue>Size 6 by 3-1/2 feet.</NewTextValue>
  </TextCorrectedLine>
  <TextCorrectedLine lineID="P2_TL00310">
    <OldTextValue>Price, colored &amp; mounted $1«,</OldTextValue>
    <NewTextValue>Price, colored &amp; mounted $1</NewTextValue>
  </TextCorrectedLine>
  <TextCorrectedLine lineID="P2_TL00311">
    <OldTextValue>Plain and unmounted - $«'</OldTextValue>
    <NewTextValue>Plain and unmounted - $</NewTextValue>
  </TextCorrectedLine>
  <TextCorrectedLine lineID="P2_TL00312">
    <OldTextValue>Sold only at l&lt;</OldTextValue>
    <NewTextValue>Sold only at</NewTextValue>
  </TextCorrectedLine>
  <TextCorrectedLine lineID="P2_TL00313">
    <OldTextValue>AMADOR LEDGER OFFICE El</OldTextValue>
    <NewTextValue>AMADOR LEDGER OFFICE</NewTextValue>
  </TextCorrectedLine>
  <TextCorrectedLine lineID="P2_TL00314">
    <OldTextValue>Sunset Vulo 1771 Capitul 633 H</OldTextValue>
    <NewTextValue>Sunset Vale 1771 Capitul 633</NewTextValue>
  </TextCorrectedLine>
  <TextCorrectedLine lineID="P2_TL00315">
    <OldTextValue>The F. THOMAS' I</OldTextValue>
    <NewTextValue>The F. THOMAS'</NewTextValue>
  </TextCorrectedLine>
  <TextCorrectedLine lineID="P2_TL00316">
    <OldTextValue>Parisian I</OldTextValue>
    <NewTextValue>Parisian</NewTextValue>
  </TextCorrectedLine>
  <TextCorrectedLine lineID="P2_TL00317">
    <OldTextValue>Dyeing and Cleanlnq Works 1</OldTextValue>
    <NewTextValue>Dyeing and Cleaning Works</NewTextValue>
  </TextCorrectedLine>
  <TextCorrectedLine lineID="P2_TL00318">
    <OldTextValue>Dyeing and Cleaning Dress Goods. I</OldTextValue>
    <NewTextValue>Dyeing and Cleaning Dress Goods.</NewTextValue>
  </TextCorrectedLine>
  <TextCorrectedLine lineID="P2_TL00319">
    <OldTextValue>• Silks, Blankets, and Curtuins M</OldTextValue>
    <NewTextValue>Silks, Blankets, and Curtuins</NewTextValue>
  </TextCorrectedLine>
  <TextCorrectedLine lineID="P2_TL00320">
    <OldTextValue>A Specialty. la</OldTextValue>
    <NewTextValue>A Specialty.</NewTextValue>
  </TextCorrectedLine>
  <TextCorrectedLine lineID="P2_TL00321">
    <OldTextValue>1012-lOth st Sacramento I</OldTextValue>
    <NewTextValue>1012- 10th st Sacramento</NewTextValue>
  </TextCorrectedLine>
  <TextCorrectedLine lineID="P2_TL00322">
    <OldTextValue>Is Yoor Property For Sale? ll</OldTextValue>
    <NewTextValue>Is Your Property For Sale?</NewTextValue>
  </TextCorrectedLine>
  <TextCorrectedLine lineID="P2_TL00323">
    <OldTextValue>We ire comttntly receiving Inquiries from tl] B</OldTextValue>
    <NewTextValue>We are constantly receiving inquiries from all</NewTextValue>
  </TextCorrectedLine>
  <TextCorrectedLine lineID="P2_TL00324">
    <OldTextValue>pins of the United States for Farms, Vineyards and H</OldTextValue>
    <NewTextValue>partsof the United States for Farms, Vineyards and</NewTextValue>
  </TextCorrectedLine>
  <TextCorrectedLine lineID="P2_TL00325">
    <OldTextValue>Country and City Homes on the Pacific Coast. If B</OldTextValue>
    <NewTextValue>Country and City Homes on the Pacific Coast. If</NewTextValue>
  </TextCorrectedLine>
  <TextCorrectedLine lineID="P2_TL00326">
    <OldTextValue>your property is for sale we thall be glad to pluce it E</OldTextValue>
    <NewTextValue>your property is for sale we shall be glad to place it</NewTextValue>
  </TextCorrectedLine>
  <TextCorrectedLine lineID="P2_TL00327">
    <OldTextValue>on ourlist, and put you In direct correspondence will R</OldTextValue>
    <NewTextValue>on our list, and put you in direct correspondence with</NewTextValue>
  </TextCorrectedLine>
  <TextCorrectedLine lineID="P2_TL00328">
    <OldTextValue>a large number of possible buyers. Address, Kj</OldTextValue>
    <NewTextValue>a large number of possible buyers. Address,</NewTextValue>
  </TextCorrectedLine>
  <TextCorrectedLine lineID="P2_TL00329">
    <OldTextValue>TOWN A COUNTRY JOURNAL PUB. CO. I</OldTextValue>
    <NewTextValue>TOWN &amp; COUNTRY JOURNAL PUB. CO.</NewTextValue>
  </TextCorrectedLine>
  <TextCorrectedLine lineID="P2_TL00330">
    <OldTextValue>330 JACKSON ST., SAN MANCICCO, CAL. 1|</OldTextValue>
    <NewTextValue>330 JACKSON ST., SAN FRANCISCO, CAL.</NewTextValue>
  </TextCorrectedLine>
</TextCorrectedBlock>
<TextCorrectedBlock pageOID="AL19081009.1.3" blockID="P3_TB00009" userID="[redacted]">
  <TextCorrectedLine lineID="P3_TL00068">
    <OldTextValue>Amador county comprises an ryea of</OldTextValue>
    <NewTextValue>Amador county comprises an area of</NewTextValue>
  </TextCorrectedLine>
  <TextCorrectedLine lineID="P3_TL00069">
    <OldTextValue>8 square mile*. It llos on the we9-</OldTextValue>
    <NewTextValue>.8 square miles. It lies on the wes-</NewTextValue>
  </TextCorrectedLine>
  <TextCorrectedLine lineID="P3_TL00070">
    <OldTextValue>m slope of Sierra Nevada mountains,</OldTextValue>
    <NewTextValue>tern slope of Sierra Nevada mountains,</NewTextValue>
  </TextCorrectedLine>
  <TextCorrectedLine lineID="P3_TL00071">
    <OldTextValue>id embraces within Us territory nil</OldTextValue>
    <NewTextValue>and embraces within its territory all</NewTextValue>
  </TextCorrectedLine>
  <TextCorrectedLine lineID="P3_TL00072">
    <OldTextValue>c diversity of vnlloy, foothill, nnd</OldTextValue>
    <NewTextValue>c diversity of vnlloy, foothill, and</NewTextValue>
  </TextCorrectedLine>
  <TextCorrectedLine lineID="P3_TL00073">
    <OldTextValue>&lt;jli mountainous lands.</OldTextValue>
    <NewTextValue>high mountainous lands.</NewTextValue>
  </TextCorrectedLine>
  <TextCorrectedLine lineID="P3_TL00074">
    <OldTextValue>Climate.— The climate of tho popti-</OldTextValue>
    <NewTextValue>Climate.— The climate of the popu-</NewTextValue>
  </TextCorrectedLine>
  <TextCorrectedLine lineID="P3_TL00075">
    <OldTextValue>us portions of tbe county Is as gonlal</OldTextValue>
    <NewTextValue>lous portions of tbe county is as genial</NewTextValue>
  </TextCorrectedLine>
  <TextCorrectedLine lineID="P3_TL00076">
    <OldTextValue>id healthful as can be found anywhere</OldTextValue>
    <NewTextValue>and healthful as can be found anywhere</NewTextValue>
  </TextCorrectedLine>
  <TextCorrectedLine lineID="P3_TL00077">
    <OldTextValue>California. As climate Is ono of tho</OldTextValue>
    <NewTextValue>California. As climate Is one of the</NewTextValue>
  </TextCorrectedLine>
  <TextCorrectedLine lineID="P3_TL00078">
    <OldTextValue>ost valuable assets of this favored</OldTextValue>
    <NewTextValue>most valuable assets of this favored</NewTextValue>
  </TextCorrectedLine>
</TextCorrectedBlock>
<TextCorrectedBlock pageOID="AL19081009.1.3" blockID="P3_TB00009" userID="[redacted]">
  <TextCorrectedLine lineID="P3_TL00069">
    <OldTextValue>.8 square miles. It lies on the wes-</OldTextValue>
    <NewTextValue>_8 square miles. It lies on the wes-</NewTextValue>
  </TextCorrectedLine>
</TextCorrectedBlock>
<TextCorrectedBlock pageOID="AL19081009.1.3" blockID="P3_TB00045" userID="[redacted]">
  <TextCorrectedLine lineID="P3_TL00963">
    <OldTextValue>Why American Labor Sees Its Hooc</OldTextValue>
    <NewTextValue>Why American Labor Sees Its Hope</NewTextValue>
  </TextCorrectedLine>
  <TextCorrectedLine lineID="P3_TL00964">
    <OldTextValue>In the Elfction of Taf t and</OldTextValue>
    <NewTextValue>in the Election of Taft and</NewTextValue>
  </TextCorrectedLine>
  <TextCorrectedLine lineID="P3_TL00965">
    <OldTextValue>•Sherman.</OldTextValue>
    <NewTextValue>Sherman.</NewTextValue>
  </TextCorrectedLine>
</TextCorrectedBlock>
<TextCorrectedBlock pageOID="AL19081009.1.3" blockID="P3_TB00024" userID="[redacted]">
  <TextCorrectedLine lineID="P3_TL00580">
    <OldTextValue>An extensive limuinr spread over</OldTextValue>
    <NewTextValue>An extensive banner spread over</NewTextValue>
  </TextCorrectedLine>
  <TextCorrectedLine lineID="P3_TL00581">
    <OldTextValue>one ot tbe sltnnt.s of lower Now York,</OldTextValue>
    <NewTextValue>one of tbe streets of lower New York,</NewTextValue>
  </TextCorrectedLine>
  <TextCorrectedLine lineID="P3_TL00583">
    <OldTextValue>TiHMtnnny hirelings are trained to</OldTextValue>
    <NewTextValue>Tammany hirelings are trained to</NewTextValue>
  </TextCorrectedLine>
  <TextCorrectedLine lineID="P3_TL00584">
    <OldTextValue>vote early nnd ufteu, tells thn passer-</OldTextValue>
    <NewTextValue>vote early and often, tells the passer-</NewTextValue>
  </TextCorrectedLine>
  <TextCorrectedLine lineID="P3_TL00585">
    <OldTextValue>by to "take a night oft' to see the</OldTextValue>
    <NewTextValue>by to "take a night off to see the</NewTextValue>
  </TextCorrectedLine>
  <TextCorrectedLine lineID="P3_TL00586">
    <OldTextValue>liroadway brnarl line, and tbeu vote</OldTextValue>
    <NewTextValue>Broadway bread line, and then vote</NewTextValue>
  </TextCorrectedLine>
  <TextCorrectedLine lineID="P3_TL00587">
    <OldTextValue>for lirymi nud Keru nud bring nbout</OldTextValue>
    <NewTextValue>for Bryan and Kern and bring about</NewTextValue>
  </TextCorrectedLine>
  <TextCorrectedLine lineID="P3_TL00588">
    <OldTextValue>n ohnnge in these condition*."</OldTextValue>
    <NewTextValue>a change in these conditions."</NewTextValue>
  </TextCorrectedLine>
  <TextCorrectedLine lineID="P3_TL00589">
    <OldTextValue>Thn suggestion that a cbaago in con-</OldTextValue>
    <NewTextValue>Thn suggestion that a change in con-</NewTextValue>
  </TextCorrectedLine>
  <TextCorrectedLine lineID="P3_TL00591">
    <OldTextValue>tbe election ot liryan nud Kern is</OldTextValue>
    <NewTextValue>the election of Bryan and Kern is</NewTextValue>
  </TextCorrectedLine>
  <TextCorrectedLine lineID="P3_TL00592">
    <OldTextValue>true onougb, judging from pnat ex-</OldTextValue>
    <NewTextValue>true enough, judging from past ex-</NewTextValue>
  </TextCorrectedLine>
  <TextCorrectedLine lineID="P3_TL00593">
    <OldTextValue>perience, if liryiin should be elect-</OldTextValue>
    <NewTextValue>perience, if Bryan should be elect-</NewTextValue>
  </TextCorrectedLine>
  <TextCorrectedLine lineID="P3_TL00594">
    <OldTextValue>ed, and a democratic) adtniniHtratlon</OldTextValue>
    <NewTextValue>ed, and a democratic administration</NewTextValue>
  </TextCorrectedLine>
  <TextCorrectedLine lineID="P3_TL00596">
    <OldTextValue>soup liouci'H in additiou to tbe bread</OldTextValue>
    <NewTextValue>soup houses in addition to tbe bread</NewTextValue>
  </TextCorrectedLine>
  <TextCorrectedLine lineID="P3_TL00597">
    <OldTextValue>line, and n good many otbor placeß</OldTextValue>
    <NewTextValue>line, and a good many other places</NewTextValue>
  </TextCorrectedLine>
  <TextCorrectedLine lineID="P3_TL00598">
    <OldTextValue>would hove soup houses too. I'or</OldTextValue>
    <NewTextValue>would have soup houses too. For</NewTextValue>
  </TextCorrectedLine>
  <TextCorrectedLine lineID="P3_TL00599">
    <OldTextValue>ninny years, in times prosperous or</OldTextValue>
    <NewTextValue>many years, in times prosperous or</NewTextValue>
  </TextCorrectedLine>
  <TextCorrectedLine lineID="P3_TL00600">
    <OldTextValue>otherwise, there has beon a broad</OldTextValue>
    <NewTextValue>otherwise, there has been a bread</NewTextValue>
  </TextCorrectedLine>
  <TextCorrectedLine lineID="P3_TL00603">
    <OldTextValue>sam aud jetsnm from all parts of tiio</OldTextValue>
    <NewTextValue>sam aud jetsam from all parts of the</NewTextValue>
  </TextCorrectedLine>
  <TextCorrectedLine lineID="P3_TL00604">
    <OldTextValue>Union and nil parts ot tbo globe,</OldTextValue>
    <NewTextValue>Union and all parts of the globe,</NewTextValue>
  </TextCorrectedLine>
  <TextCorrectedLine lineID="P3_TL00605">
    <OldTextValue>New York has always bad more or</OldTextValue>
    <NewTextValue>New York has always had more or</NewTextValue>
  </TextCorrectedLine>
  <TextCorrectedLine lineID="P3_TL00606">
    <OldTextValue>less poverty, and tbe broad lino pre-</OldTextValue>
    <NewTextValue>less poverty, and tbe bread line pre-</NewTextValue>
  </TextCorrectedLine>
  <TextCorrectedLine lineID="P3_TL00607">
    <OldTextValue>sents part of tbe charity which re-</OldTextValue>
    <NewTextValue>sents part of the charity which re-</NewTextValue>
  </TextCorrectedLine>
  <TextCorrectedLine lineID="P3_TL00608">
    <OldTextValue>liovns tbe immediate wants of tho</OldTextValue>
    <NewTextValue>lieves the immediate wants of the</NewTextValue>
  </TextCorrectedLine>
</TextCorrectedBlock>
<TextCorrectedBlock pageOID="AL19081009.1.3" blockID="P3_TB00030" userID="[redacted]">
  <TextCorrectedLine lineID="P3_TL00759">
    <OldTextValue>SICOTION I. For tho purpose of providing n</OldTextValue>
    <NewTextValue>SECTION 1. For the purpose of providing a</NewTextValue>
  </TextCorrectedLine>
  <TextCorrectedLine lineID="P3_TL00760">
    <OldTextValue>fund for the payment of tho Indebtedness hem-</OldTextValue>
    <NewTextValue>fund for the payment of the Indebtedness here-</NewTextValue>
  </TextCorrectedLine>
  <TextCorrectedLine lineID="P3_TL00761">
    <OldTextValue>by authorized to be Incurrod by thoiboard of</OldTextValue>
    <NewTextValue>by authorized to be incurred by the board of</NewTextValue>
  </TextCorrectedLine>
  <TextCorrectedLine lineID="P3_TL00762">
    <OldTextValue>Hints harbor commissioners for tho oreotlon of</OldTextValue>
    <NewTextValue>state harbor commissioners for the erection of</NewTextValue>
  </TextCorrectedLine>
  <TextCorrectedLine lineID="P3_TL00763">
    <OldTextValue>whnrvns, piers, seawall, stato railroad, spurs</OldTextValue>
    <NewTextValue>wharves, piers, seawall, stats railroad, spurs</NewTextValue>
  </TextCorrectedLine>
  <TextCorrectedLine lineID="P3_TL00764">
    <OldTextValue>and appiirii'iiani'cH In the city and county of</OldTextValue>
    <NewTextValue>and appurtenances in the city and county of</NewTextValue>
  </TextCorrectedLine>
  <TextCorrectedLine lineID="P3_TL00765">
    <OldTextValue>Han Francisco, at a cost not to exeecd two</OldTextValue>
    <NewTextValue>San Francisco, at a cost not to exeecd two</NewTextValue>
  </TextCorrectedLine>
  <TextCorrectedLine lineID="P3_TL00766">
    <OldTextValue>million dollars (which Haiti wharves, piers, sea</OldTextValue>
    <NewTextValue>million dollars (which said wharves, piers, sea</NewTextValue>
  </TextCorrectedLine>
  <TextCorrectedLine lineID="P3_TL00767">
    <OldTextValue>wull, state railroad, spurs mid. appurtenances</OldTextValue>
    <NewTextValue>wall, state railroad, spurs and appurtenances</NewTextValue>
  </TextCorrectedLine>
  <TextCorrectedLine lineID="P3_TL00768">
    <OldTextValue>the board of stale harbor commissioners nro</OldTextValue>
    <NewTextValue>the board of state harbor commissioners are</NewTextValue>
  </TextCorrectedLine>
  <TextCorrectedLine lineID="P3_TL00769">
    <OldTextValue>hereby empowered to construct In the manner</OldTextValue>
    <NewTextValue>hereby empowered to construct in the manner</NewTextValue>
  </TextCorrectedLine>
  <TextCorrectedLine lineID="P3_TL00770">
    <OldTextValue>authorized by law, and nt a coat not lv exceed</OldTextValue>
    <NewTextValue>authorized by law, and at a cost not to exceed</NewTextValue>
  </TextCorrectedLine>
  <TextCorrectedLine lineID="P3_TL00771">
    <OldTextValue>said two million dollars), tho state treasurer</OldTextValue>
    <NewTextValue>said two million dollars), the state treasurer</NewTextValue>
  </TextCorrectedLine>
</TextCorrectedBlock>
<TextCorrectedBlock pageOID="AL19081009.1.3" blockID="P3_TB00030" userID="[redacted]">
  <TextCorrectedLine lineID="P3_TL00763">
    <OldTextValue>wharves, piers, seawall, stats railroad, spurs</OldTextValue>
    <NewTextValue>wharves, piers, seawall, state railroad, spurs</NewTextValue>
  </TextCorrectedLine>
  <TextCorrectedLine lineID="P3_TL00765">
    <OldTextValue>San Francisco, at a cost not to exeecd two</OldTextValue>
    <NewTextValue>San Francisco, at a cost not to exceed two</NewTextValue>
  </TextCorrectedLine>
</TextCorrectedBlock>
<TextCorrectedBlock pageOID="AL19081009.1.3" blockID="P3_TB00030" userID="[redacted]">
  <TextCorrectedLine lineID="P3_TL00760">
    <OldTextValue>fund for the payment of the Indebtedness here-</OldTextValue>
    <NewTextValue>fund for the payment of the indebtedness here-</NewTextValue>
  </TextCorrectedLine>
</TextCorrectedBlock>
