<TextCorrectedBlock pageOID="AL19030501.1.3" blockID="P3_TB00084" userID="[redacted]">
  <TextCorrectedLine lineID="P3_TL01031">
    <OldTextValue>Into Banning Order Again.</OldTextValue>
    <NewTextValue>Into Running Order Again.</NewTextValue>
  </TextCorrectedLine>
</TextCorrectedBlock>
<TextCorrectedBlock pageOID="AL19030501.1.3" blockID="P3_TB00067" userID="[redacted]">
  <TextCorrectedLine lineID="P3_TL00651">
    <OldTextValue>and the superintendents of all tho</OldTextValue>
    <NewTextValue>and the superintendents of all the</NewTextValue>
  </TextCorrectedLine>
  <TextCorrectedLine lineID="P3_TL00652">
    <OldTextValue>mines bad also bad a meeting during</OldTextValue>
    <NewTextValue>mines had also had a meeting during</NewTextValue>
  </TextCorrectedLine>
</TextCorrectedBlock>
<TextCorrectedBlock pageOID="AL19030501.1.3" blockID="P3_TB00076" userID="[redacted]">
  <TextCorrectedLine lineID="P3_TL00866">
    <OldTextValue>Butterick Patterns at Red lick's.</OldTextValue>
    <NewTextValue>Butterick Patterns at Redlick's.</NewTextValue>
  </TextCorrectedLine>
  <TextCorrectedLine lineID="P3_TL00869">
    <OldTextValue>Read^E. Gioocchio &amp; Bros. '-ad"</OldTextValue>
    <NewTextValue>Read E. Gioocchio &amp; Bros. "-ad"</NewTextValue>
  </TextCorrectedLine>
  <TextCorrectedLine lineID="P3_TL00870">
    <OldTextValue>this week; it is really interesting-.</OldTextValue>
    <NewTextValue>this week; it is really interesting.</NewTextValue>
  </TextCorrectedLine>
  <TextCorrectedLine lineID="P3_TL00871">
    <OldTextValue>J. F. Wilson, Dentist. Hours 9a. m.</OldTextValue>
    <NewTextValue>J. F. Wilson, Dentist. Hours 9 a. m.</NewTextValue>
  </TextCorrectedLine>
  <TextCorrectedLine lineID="P3_TL00872">
    <OldTextValue>to sp. m. Phone Main 194. Jackson,</OldTextValue>
    <NewTextValue>to 5 p. m. Phone Main 194. Jackson,</NewTextValue>
  </TextCorrectedLine>
  <TextCorrectedLine lineID="P3_TL00874">
    <OldTextValue>Nothing will please an Invalid as well</OldTextValue>
    <NewTextValue>Nothing will please an invalid as well</NewTextValue>
  </TextCorrectedLine>
  <TextCorrectedLine lineID="P3_TL00876">
    <OldTextValue>Camlnetti's Mkt. '.</OldTextValue>
    <NewTextValue>Caminetti's Mkt.</NewTextValue>
  </TextCorrectedLine>
  <TextCorrectedLine lineID="P3_TL00877">
    <OldTextValue>Men's canvas shoes sold at Redllck's</OldTextValue>
    <NewTextValue>Men's canvas shoes sold at Redlick's</NewTextValue>
  </TextCorrectedLine>
  <TextCorrectedLine lineID="P3_TL00878">
    <OldTextValue>for $1.00, $1.25, $i:SO.</OldTextValue>
    <NewTextValue>for $1.00, $1.25, $1.50.</NewTextValue>
  </TextCorrectedLine>
  <TextCorrectedLine lineID="P3_TL00891">
    <OldTextValue>notice. F. Cademartori. t ,*-</OldTextValue>
    <NewTextValue>notice. F. Cademartori.</NewTextValue>
  </TextCorrectedLine>
  <TextCorrectedLine lineID="P3_TL00892">
    <OldTextValue>When you ask . for Jesse Moore</OldTextValue>
    <NewTextValue>When you ask for Jesse Moore</NewTextValue>
  </TextCorrectedLine>
  <TextCorrectedLine lineID="P3_TL00896">
    <OldTextValue>'Drink El Dorado Brewing Go. 's</OldTextValue>
    <NewTextValue>'Drink El Dorado Brewing Co. 's</NewTextValue>
  </TextCorrectedLine>
  <TextCorrectedLine lineID="P3_TL00897">
    <OldTextValue>! 'Valley Brew." Seldom equaled,</OldTextValue>
    <NewTextValue>"Valley Brew." Seldom equaled,</NewTextValue>
  </TextCorrectedLine>
  <TextCorrectedLine lineID="P3_TL00906">
    <OldTextValue>the Zoila Mining Company, took their</OldTextValue>
    <NewTextValue>the Zeila Mining Company, took their</NewTextValue>
  </TextCorrectedLine>
</TextCorrectedBlock>
<TextCorrectedBlock pageOID="AL19030501.1.3" blockID="P3_TB00004" userID="[redacted]">
  <TextCorrectedLine lineID="P3_TL00041">
    <OldTextValue>Estate of Antonio Nlcollnl— Geo. M.</OldTextValue>
    <NewTextValue>Estate of Antonio Nicolini— Geo. M.</NewTextValue>
  </TextCorrectedLine>
  <TextCorrectedLine lineID="P3_TL00047">
    <OldTextValue>of sale of personal property. j •. \</OldTextValue>
    <NewTextValue>of sale of personal property.</NewTextValue>
  </TextCorrectedLine>
  <TextCorrectedLine lineID="P3_TL00048">
    <OldTextValue>.Clemance Gianninl vs. Giacomo Gian-</OldTextValue>
    <NewTextValue>Clemance Giannini vs. Giacomo Gian-</NewTextValue>
  </TextCorrectedLine>
  <TextCorrectedLine lineID="P3_TL00049">
    <OldTextValue>ninl — Settled out of court, and action</OldTextValue>
    <NewTextValue>nini — Settled out of court, and action</NewTextValue>
  </TextCorrectedLine>
  <TextCorrectedLine lineID="P3_TL00052">
    <OldTextValue>Thos. Fredericksoa— Action dismissed,</OldTextValue>
    <NewTextValue>Thos. Frederickson— Action dismissed,</NewTextValue>
  </TextCorrectedLine>
  <TextCorrectedLine lineID="P3_TL00057">
    <OldTextValue>• new suits.</OldTextValue>
    <NewTextValue>new suits.</NewTextValue>
  </TextCorrectedLine>
  <TextCorrectedLine lineID="P3_TL00061">
    <OldTextValue>amount due on a prp,m.!ssp,ry note given</OldTextValue>
    <NewTextValue>amount due on a promissory note given</NewTextValue>
  </TextCorrectedLine>
  <TextCorrectedLine lineID="P3_TL00062">
    <OldTextValue>June 26, 1001. The original face value</OldTextValue>
    <NewTextValue>June 26, 1901. The original face value</NewTextValue>
  </TextCorrectedLine>
  <TextCorrectedLine lineID="P3_TL00067">
    <OldTextValue>To, secure payment SOO shares of Wild-</OldTextValue>
    <NewTextValue>To, secure payment 200 shares of Wild-</NewTextValue>
  </TextCorrectedLine>
  <TextCorrectedLine lineID="P3_TL00068">
    <OldTextValue>man - Mahooey stock was placed in</OldTextValue>
    <NewTextValue>man - Mahoney stock was placed in</NewTextValue>
  </TextCorrectedLine>
</TextCorrectedBlock>
<TextCorrectedBlock pageOID="AL19030501.1.3" blockID="P3_TB00085" userID="[redacted]">
  <TextCorrectedLine lineID="P3_TL01032">
    <OldTextValue>No Canse for the Act Other than De-</OldTextValue>
    <NewTextValue>No Cause for the Act Other than De-</NewTextValue>
  </TextCorrectedLine>
</TextCorrectedBlock>
<TextCorrectedBlock pageOID="AL19030501.1.3" blockID="P3_TB00007" userID="[redacted]">
  <TextCorrectedLine lineID="P3_TL00097">
    <OldTextValue>Thursday evening. The bo&lt;iy was</OldTextValue>
    <NewTextValue>Thursday evening. The body was</NewTextValue>
  </TextCorrectedLine>
  <TextCorrectedLine lineID="P3_TL00107">
    <OldTextValue>6in the evening. A hammerless re-</OldTextValue>
    <NewTextValue>6 in the evening. A hammerless re-</NewTextValue>
  </TextCorrectedLine>
  <TextCorrectedLine lineID="P3_TL00118">
    <OldTextValue>with lead ponoll. These documents</OldTextValue>
    <NewTextValue>with lead pencil. These documents</NewTextValue>
  </TextCorrectedLine>
  <TextCorrectedLine lineID="P3_TL00121">
    <OldTextValue>act was pre-medltated, and that a</OldTextValue>
    <NewTextValue>act was pre-meditated, and that a</NewTextValue>
  </TextCorrectedLine>
  <TextCorrectedLine lineID="P3_TL00123">
    <OldTextValue>the moving cause. . In both letters he</OldTextValue>
    <NewTextValue>the moving cause. .In both letters he</NewTextValue>
  </TextCorrectedLine>
</TextCorrectedBlock>
<TextCorrectedBlock pageOID="AL19030501.1.3" blockID="P3_TB00010" userID="[redacted]">
  <TextCorrectedLine lineID="P3_TL00155">
    <OldTextValue>Tools wore replaced in the mine and</OldTextValue>
    <NewTextValue>Tools were replaced in the mine and</NewTextValue>
  </TextCorrectedLine>
  <TextCorrectedLine lineID="P3_TL00161">
    <OldTextValue>are a little short handed at present,- as</OldTextValue>
    <NewTextValue>are a little short handed at present, as</NewTextValue>
  </TextCorrectedLine>
  <TextCorrectedLine lineID="P3_TL00162">
    <OldTextValue>during the strike it " is v estimated that</OldTextValue>
    <NewTextValue>during the strike it is estimated that</NewTextValue>
  </TextCorrectedLine>
  <TextCorrectedLine lineID="P3_TL00165">
    <OldTextValue>shortness of help In any capacity is not</OldTextValue>
    <NewTextValue>shortness of help in any capacity is not</NewTextValue>
  </TextCorrectedLine>
</TextCorrectedBlock>
<TextCorrectedBlock pageOID="AL19030501.1.4" blockID="P4_CB00003" userID="[redacted]">
  <TextCorrectedLine lineID="P4_TL00415">
    <OldTextValue>••••••••••••••••••••••••••••••••••••••••••••••••••••a</OldTextValue>
    <NewTextValue></NewTextValue>
  </TextCorrectedLine>
  <TextCorrectedLine lineID="P4_TL00416">
    <OldTextValue>I Beautify Your Home!</OldTextValue>
    <NewTextValue>Beautify Your Home!</NewTextValue>
  </TextCorrectedLine>
  <TextCorrectedLine lineID="P4_TL00417">
    <OldTextValue>• Choice Garden, prass and Flower Seeds j</OldTextValue>
    <NewTextValue>Choice Garden, Grass and Flower Seeds</NewTextValue>
  </TextCorrectedLine>
  <TextCorrectedLine lineID="P4_TL00418">
    <OldTextValue>i in Great Variety at :</OldTextValue>
    <NewTextValue>in Great Variety at :</NewTextValue>
  </TextCorrectedLine>
  <TextCorrectedLine lineID="P4_TL00419">
    <OldTextValue>SEL SL FHBBHJLH QQ*l'</OldTextValue>
    <NewTextValue>E. G. FREEMAN CO.</NewTextValue>
  </TextCorrectedLine>
  <TextCorrectedLine lineID="P4_TL00420">
    <OldTextValue>: Our Goods in our line are up-to-date in :</OldTextValue>
    <NewTextValue>Our Goods in our line are up-to-date in :</NewTextValue>
  </TextCorrectedLine>
  <TextCorrectedLine lineID="P4_TL00421">
    <OldTextValue>• style and prices. :</OldTextValue>
    <NewTextValue>style and prices. :</NewTextValue>
  </TextCorrectedLine>
  <TextCorrectedLine lineID="P4_TL00422">
    <OldTextValue>• -^ GIVE US A CAI,L^- J</OldTextValue>
    <NewTextValue>GIVE US A CALL</NewTextValue>
  </TextCorrectedLine>
  <TextCorrectedLine lineID="P4_TL00423">
    <OldTextValue>• U. S. GREGORY, C. W. FREEMAN, •</OldTextValue>
    <NewTextValue>U. S. GREGORY   , C. W. FREEMAN,</NewTextValue>
  </TextCorrectedLine>
  <TextCorrectedLine lineID="P4_TL00424">
    <OldTextValue>S President. ; Secy and Manager. J</OldTextValue>
    <NewTextValue>President.      Sec'y and Manager.</NewTextValue>
  </TextCorrectedLine>
  <TextCorrectedLine lineID="P4_TL00425">
    <OldTextValue>Ij, • ■ , - . ; ■ t ...,-.-</OldTextValue>
    <NewTextValue></NewTextValue>
  </TextCorrectedLine>
  <TextCorrectedLine lineID="P4_TL00426">
    <OldTextValue>THE NEW P</OldTextValue>
    <NewTextValue>THE NEW</NewTextValue>
  </TextCorrectedLine>
  <TextCorrectedLine lineID="P4_TL00427">
    <OldTextValue>NATIONAL HOTEL--- ►</OldTextValue>
    <NewTextValue>NATIONAL HOTEL</NewTextValue>
  </TextCorrectedLine>
</TextCorrectedBlock>
