<TextCorrectedBlock pageOID="AL19010719.1.2" blockID="P2_CB00017" userID="[redacted]">
  <TextCorrectedLine lineID="P2_TL00935">
    <OldTextValue>I&amp;? - ■ fn . . - IS J\ -. i4\,</OldTextValue>
    <NewTextValue></NewTextValue>
  </TextCorrectedLine>
  <TextCorrectedLine lineID="P2_TL00936">
    <OldTextValue>OBDINAN"CEf AMENDING* ORDINANCE</OldTextValue>
    <NewTextValue>ORDINANCE AMENDING ORDINANCE</NewTextValue>
  </TextCorrectedLine>
  <TextCorrectedLine lineID="P2_TL00937">
    <OldTextValue>. Ko. 01, entitled an ordinanca Hcenainßlfor</OldTextValue>
    <NewTextValue>No. 91, entitled an ordinance licensing for</NewTextValue>
  </TextCorrectedLine>
  <TextCorrectedLine lineID="P2_TL00938">
    <OldTextValue>purposes or- regulation aid' revenue, every kind</OldTextValue>
    <NewTextValue>purposes of regulation and revenue, every kind</NewTextValue>
  </TextCorrectedLine>
  <TextCorrectedLine lineID="P2_TL00939">
    <OldTextValue>i of lawful business," hereinafter specified,- tran-</OldTextValue>
    <NewTextValue>of lawful business, hereinafter specified, tran-</NewTextValue>
  </TextCorrectedLine>
  <TextCorrectedLine lineID="P2_TL00940">
    <OldTextValue>sacted or carried on within the corporate iiraits</OldTextValue>
    <NewTextValue>sacted or carried on within the corporate limits</NewTextValue>
  </TextCorrectedLine>
  <TextCorrectedLine lineID="P2_TL00941">
    <OldTextValue>of tho County of Amador, State of Callforoia,</OldTextValue>
    <NewTextValue>of the County of Amador, State of Callforoia,</NewTextValue>
  </TextCorrectedLine>
  <TextCorrectedLine lineID="P2_TL00942">
    <OldTextValue>and all shows, exhibitions -and lawful gaiass</OldTextValue>
    <NewTextValue>and all shows, exhibitions and lawful games</NewTextValue>
  </TextCorrectedLine>
  <TextCorrectedLine lineID="P2_TL00943">
    <OldTextValue>•carried on therein ; fixing fates of license tax</OldTextValue>
    <NewTextValue>carried on therein ; fixing rates of license tax</NewTextValue>
  </TextCorrectedLine>
  <TextCorrectedLine lineID="P2_TL00944">
    <OldTextValue>upon the same, andprovifiins-for tha collection</OldTextValue>
    <NewTextValue>upon the same, and providing for the collection</NewTextValue>
  </TextCorrectedLine>
  <TextCorrectedLine lineID="P2_TL00946">
    <OldTextValue>thereof. •--:-"-*-■. ■••- - .-^i-^.- -..-.•.</OldTextValue>
    <NewTextValue>thereof.</NewTextValue>
  </TextCorrectedLine>
  <TextCorrectedLine lineID="P2_TL00947">
    <OldTextValue>"The Board of Supervisors of Vha County of</OldTextValue>
    <NewTextValue>"The Board of Supervisors of The County of</NewTextValue>
  </TextCorrectedLine>
  <TextCorrectedLine lineID="P2_TL00948">
    <OldTextValue>Amador, State .of California*, do ordain as</OldTextValue>
    <NewTextValue>Amador, State of California, do ordain as</NewTextValue>
  </TextCorrectedLine>
  <TextCorrectedLine lineID="P2_TL00949">
    <OldTextValue>follows : V Vf ."-—-: ■ . -</OldTextValue>
    <NewTextValue>follows :</NewTextValue>
  </TextCorrectedLine>
</TextCorrectedBlock>
