<TextCorrectedBlock pageOID="AL19040624.1.2" blockID="P2_CB00002" userID="[redacted]">
  <TextCorrectedLine lineID="P2_TL00742">
    <OldTextValue>TV LIVE BUSINESS HOUSES.</OldTextValue>
    <NewTextValue>LIVE BUSINESS HOUSES.</NewTextValue>
  </TextCorrectedLine>
  <TextCorrectedLine lineID="P2_TL00743">
    <OldTextValue>I ■"" - .■■---■■? -</OldTextValue>
    <NewTextValue></NewTextValue>
  </TextCorrectedLine>
  <TextCorrectedLine lineID="P2_TL00744">
    <OldTextValue>,fr - — a</OldTextValue>
    <NewTextValue></NewTextValue>
  </TextCorrectedLine>
  <TextCorrectedLine lineID="P2_TL00745">
    <OldTextValue>; In the Good Old Summer Time</OldTextValue>
    <NewTextValue>In the Good Old Summer Time</NewTextValue>
  </TextCorrectedLine>
  <TextCorrectedLine lineID="P2_TL00746">
    <OldTextValue>! We are troubled with the HIVES</OldTextValue>
    <NewTextValue>We are troubled with the HIVES</NewTextValue>
  </TextCorrectedLine>
  <TextCorrectedLine lineID="P2_TL00749">
    <OldTextValue>a We have the dreaded PRICKLY HEAT</OldTextValue>
    <NewTextValue>We have the dreaded PRICKLY HEAT</NewTextValue>
  </TextCorrectedLine>
  <TextCorrectedLine lineID="P2_TL00754">
    <OldTextValue>te =:%</OldTextValue>
    <NewTextValue></NewTextValue>
  </TextCorrectedLine>
  <TextCorrectedLine lineID="P2_TL00755">
    <OldTextValue>%im"_ 7 r— — — : --■- - J^|</OldTextValue>
    <NewTextValue>MAX LADAR</NewTextValue>
  </TextCorrectedLine>
  <TextCorrectedLine lineID="P2_TL00756">
    <OldTextValue>| ♦ y--&gt; &gt; ; )';</OldTextValue>
    <NewTextValue></NewTextValue>
  </TextCorrectedLine>
  <TextCorrectedLine lineID="P2_TL00757">
    <OldTextValue>**. * Having just re- Main St. Jackson fes</OldTextValue>
    <NewTextValue>Having just re- Main St. Jackson fes</NewTextValue>
  </TextCorrectedLine>
</TextCorrectedBlock>
<TextCorrectedBlock pageOID="AL19040624.1.2" blockID="P2_TB00009" userID="[redacted]">
  <TextCorrectedLine lineID="P2_TL00080">
    <OldTextValue>fntT^nrrt 11. 0*, 11 * 118 lnst™ments have been filed</OldTextValue>
    <NewTextValue>[The following instruments have been filed</NewTextValue>
  </TextCorrectedLine>
  <TextCorrectedLine lineID="P2_TL00082">
    <OldTextValue>report. We publish a complete nit of docu-</OldTextValue>
    <NewTextValue>report. We publish a complete list of docu-</NewTextValue>
  </TextCorrectedLine>
  <TextCorrectedLine lineID="P2_TL00084">
    <OldTextValue>any request to suppress any documTnT from -</OldTextValue>
    <NewTextValue>any request to suppress any document from -</NewTextValue>
  </TextCorrectedLine>
  <TextCorrectedLine lineID="P2_TL00093">
    <OldTextValue>Wiett Nichols to Perm. Chemical</OldTextValue>
    <NewTextValue>Wiett Nichols to Penn.Chemical</NewTextValue>
  </TextCorrectedLine>
  <TextCorrectedLine lineID="P2_TL00096">
    <OldTextValue>W. E. Stewart to Butteßasin Gravel</OldTextValue>
    <NewTextValue>W. E. Stewart to Butte Basin Gravel</NewTextValue>
  </TextCorrectedLine>
</TextCorrectedBlock>
<TextCorrectedBlock pageOID="AL19040624.1.3" blockID="P3_TB00048" userID="[redacted]">
  <TextCorrectedLine lineID="P3_TL00520">
    <OldTextValue>Old harness mado as good as new at</OldTextValue>
    <NewTextValue>Old harness made as good as new at</NewTextValue>
  </TextCorrectedLine>
  <TextCorrectedLine lineID="P3_TL00529">
    <OldTextValue>stantly on hand at NeUles' Mkt.</OldTextValue>
    <NewTextValue>stantly on hand at Nettles' Mkt.</NewTextValue>
  </TextCorrectedLine>
  <TextCorrectedLine lineID="P3_TL00539">
    <OldTextValue>J. F. Wilson, Dentist. Hours 9a. m.</OldTextValue>
    <NewTextValue>J. F. Wilson, Dentist. Hours 9 a. m.</NewTextValue>
  </TextCorrectedLine>
  <TextCorrectedLine lineID="P3_TL00540">
    <OldTextValue>to sp. m. Phono Main 404. Jackson,</OldTextValue>
    <NewTextValue>to 5 p. m. Phone Main 404. Jackson,</NewTextValue>
  </TextCorrectedLine>
</TextCorrectedBlock>
<TextCorrectedBlock pageOID="AL19040624.1.3" blockID="P3_TB00096" userID="[redacted]">
  <TextCorrectedLine lineID="P3_TL00908">
    <OldTextValue>Oc Friday of last week, at the Rich</OldTextValue>
    <NewTextValue>On Friday of last week, at the Rich</NewTextValue>
  </TextCorrectedLine>
  <TextCorrectedLine lineID="P3_TL00910">
    <OldTextValue>uruno Hill, a shouting affray occurred</OldTextValue>
    <NewTextValue>umne Hill, a shouting affray occurred</NewTextValue>
  </TextCorrectedLine>
  <TextCorrectedLine lineID="P3_TL00911">
    <OldTextValue>that will long- be remembered by the</OldTextValue>
    <NewTextValue>that will long be remembered by the</NewTextValue>
  </TextCorrectedLine>
  <TextCorrectedLine lineID="P3_TL00920">
    <OldTextValue>cured a horse and rude to San Andreas,</OldTextValue>
    <NewTextValue>cured a horse and rode to San Andreas,</NewTextValue>
  </TextCorrectedLine>
  <TextCorrectedLine lineID="P3_TL00922">
    <OldTextValue>troubles. la the afternoon he obtained</OldTextValue>
    <NewTextValue>troubles. ln the afternoon he obtained</NewTextValue>
  </TextCorrectedLine>
  <TextCorrectedLine lineID="P3_TL00923">
    <OldTextValue>a rifle ami asserted that he was going</OldTextValue>
    <NewTextValue>a rifle and asserted that he was going</NewTextValue>
  </TextCorrectedLine>
  <TextCorrectedLine lineID="P3_TL00927">
    <OldTextValue>upon bis mind he proceeded to carry</OldTextValue>
    <NewTextValue>upon his mind he proceeded to carry</NewTextValue>
  </TextCorrectedLine>
  <TextCorrectedLine lineID="P3_TL00931">
    <OldTextValue>proprietor, and raisin £ his gun he shot</OldTextValue>
    <NewTextValue>proprietor, and raising his gun he shot</NewTextValue>
  </TextCorrectedLine>
  <TextCorrectedLine lineID="P3_TL00938">
    <OldTextValue>hie raised his gun ai.rl shot Jahns</OldTextValue>
    <NewTextValue>he raised his gun and shot Jahns</NewTextValue>
  </TextCorrectedLine>
  <TextCorrectedLine lineID="P3_TL00947">
    <OldTextValue>is a highly respected citizen- of his lo-</OldTextValue>
    <NewTextValue>is a highly respected citizen of his lo-</NewTextValue>
  </TextCorrectedLine>
</TextCorrectedBlock>
<TextCorrectedBlock pageOID="AL19040624.1.3" blockID="P3_TB00007" userID="[redacted]">
  <TextCorrectedLine lineID="P3_TL00033">
    <OldTextValue>Mrs. Carrie Tifiany, who has been</OldTextValue>
    <NewTextValue>Mrs. Carrie Tiffany, who has been</NewTextValue>
  </TextCorrectedLine>
  <TextCorrectedLine lineID="P3_TL00038">
    <OldTextValue>The contest for tho Goddess of</OldTextValue>
    <NewTextValue>The contest for the Goddess of</NewTextValue>
  </TextCorrectedLine>
  <TextCorrectedLine lineID="P3_TL00044">
    <OldTextValue>as they were all of tho same' qualifica-</OldTextValue>
    <NewTextValue>as they were all of the same qualifica-</NewTextValue>
  </TextCorrectedLine>
  <TextCorrectedLine lineID="P3_TL00049">
    <OldTextValue>nounced to tho many eager voters that</OldTextValue>
    <NewTextValue>nounced to the many eager voters that</NewTextValue>
  </TextCorrectedLine>
  <TextCorrectedLine lineID="P3_TL00050">
    <OldTextValue>Miss Maggie Slavlcb had proved</OldTextValue>
    <NewTextValue>Miss Maggie Slavlch had proved</NewTextValue>
  </TextCorrectedLine>
  <TextCorrectedLine lineID="P3_TL00056">
    <OldTextValue>Mis. Boy son started Sunday morn-</OldTextValue>
    <NewTextValue>Mis. Boyson started Sunday morn-</NewTextValue>
  </TextCorrectedLine>
</TextCorrectedBlock>
<TextCorrectedBlock pageOID="AL19040624.1.3" blockID="P3_TB00084" userID="[redacted]">
  <TextCorrectedLine lineID="P3_TL00818">
    <OldTextValue>ter, Mary Weston, Lucius Reeve 3.</OldTextValue>
    <NewTextValue>ter, Mary Weston, Lucius Reeve.</NewTextValue>
  </TextCorrectedLine>
  <TextCorrectedLine lineID="P3_TL00831">
    <OldTextValue>Aetna — Minnie T. Gardella.v l^</OldTextValue>
    <NewTextValue>Aetna — Minnie T. Gardella.</NewTextValue>
  </TextCorrectedLine>
</TextCorrectedBlock>
<TextCorrectedBlock pageOID="AL19040624.1.3" blockID="P3_CB00005" userID="[redacted]">
  <TextCorrectedLine lineID="P3_TL01034">
    <OldTextValue>H^o^» jracxi. nrjjto</OldTextValue>
    <NewTextValue>for men who toil</NewTextValue>
  </TextCorrectedLine>
  <TextCorrectedLine lineID="P3_TL01035">
    <OldTextValue>ILEVI STR/Ultf</OldTextValue>
    <NewTextValue>LEVI STRAUSS &amp; CO'S</NewTextValue>
  </TextCorrectedLine>
  <TextCorrectedLine lineID="P3_TL01036">
    <OldTextValue>i overalls</OldTextValue>
    <NewTextValue>copper riveted overalls</NewTextValue>
  </TextCorrectedLine>
</TextCorrectedBlock>
<TextCorrectedBlock pageOID="AL19040624.1.3" blockID="P3_TB00097" userID="[redacted]">
  <TextCorrectedLine lineID="P3_TL00955">
    <OldTextValue>I The citizens of the town have dug</OldTextValue>
    <NewTextValue>The citizens of the town have dug</NewTextValue>
  </TextCorrectedLine>
</TextCorrectedBlock>
<TextCorrectedBlock pageOID="AL19040624.1.4" blockID="P4_TB00029" userID="[redacted]">
  <TextCorrectedLine lineID="P4_TL00163">
    <OldTextValue>Alpl Mining Co— The Alpl quartz</OldTextValue>
    <NewTextValue>Alpi Mining Co— The Alpi quartz</NewTextValue>
  </TextCorrectedLine>
  <TextCorrectedLine lineID="P4_TL00169">
    <OldTextValue>Creek, being lot 15% block 1.</OldTextValue>
    <NewTextValue>Creek, being lot 15 1/2 block 1.</NewTextValue>
  </TextCorrectedLine>
  <TextCorrectedLine lineID="P4_TL00170">
    <OldTextValue>"m ■' 1 original and present value of se-</OldTextValue>
    <NewTextValue>original and present value of se-</NewTextValue>
  </TextCorrectedLine>
  <TextCorrectedLine lineID="P4_TL00171">
    <OldTextValue>■Zi ' curity BS7O, dated Deo 31st, 1000,</OldTextValue>
    <NewTextValue>curity $370, dated Deo 31st, 1000,</NewTextValue>
  </TextCorrectedLine>
</TextCorrectedBlock>
<TextCorrectedBlock pageOID="AL19040624.1.4" blockID="P4_TB00002" userID="[redacted]">
  <TextCorrectedLine lineID="P4_TL00003">
    <OldTextValue>T. l(. NORMAN,</OldTextValue>
    <NewTextValue>T. K. NORMAN,</NewTextValue>
  </TextCorrectedLine>
</TextCorrectedBlock>
<TextCorrectedBlock pageOID="AL19040624.1.4" blockID="P4_TB00008" userID="[redacted]">
  <TextCorrectedLine lineID="P4_TL00057">
    <OldTextValue>by the Idol for awhile and wait for a</OldTextValue>
    <NewTextValue>by the idol for awhile and wait for a</NewTextValue>
  </TextCorrectedLine>
</TextCorrectedBlock>
<TextCorrectedBlock pageOID="AL19040624.1.4" blockID="P4_CB00001" userID="[redacted]">
  <TextCorrectedLine lineID="P4_TL00631">
    <OldTextValue>| It Costs Money to Make Steam {</OldTextValue>
    <NewTextValue>| It Costs Money to Make Steam</NewTextValue>
  </TextCorrectedLine>
  <TextCorrectedLine lineID="P4_TL00632">
    <OldTextValue>©I SAVE MONEY BY USING</OldTextValue>
    <NewTextValue>SAVE MONEY BY USING</NewTextValue>
  </TextCorrectedLine>
  <TextCorrectedLine lineID="P4_TL00633">
    <OldTextValue>|U McDearmon &amp; Cos. Asbestos Goods. |g</OldTextValue>
    <NewTextValue>McDearmon &amp; Cos. Asbestos Goods.</NewTextValue>
  </TextCorrectedLine>
  <TextCorrectedLine lineID="P4_TL00634">
    <OldTextValue>Such as Boiler d- Pipe Coverinys, Magnesia Coverings; Fire-Proof- JO</OldTextValue>
    <NewTextValue>Such as Boiler &amp; Pipe Coverings, Magnesia Coverings; Fire-Proof- JO</NewTextValue>
  </TextCorrectedLine>
  <TextCorrectedLine lineID="P4_TL00635">
    <OldTextValue>g|i ing Materials, Cold Storage Insulation, Brine &lt;fr Ammonia Coy- i||</OldTextValue>
    <NewTextValue>ing Materials, Cold Storage Insulation, Brine &lt;fr Ammonia Coy- i||</NewTextValue>
  </TextCorrectedLine>
  <TextCorrectedLine lineID="P4_TL00636">
    <OldTextValue>|ga erings, Packings &lt;D Gaskets, Keystone Building A' Deadening Felts. p§</OldTextValue>
    <NewTextValue>erings, Packings &lt;D Gaskets, Keystone Building A' Deadening Felts. p§</NewTextValue>
  </TextCorrectedLine>
  <TextCorrectedLine lineID="P4_TL00637">
    <OldTextValue>£$ CATALOGUE, ESTIMATES &amp; SAMPLES ON APPLICATION.</OldTextValue>
    <NewTextValue>CATALOGUE, ESTIMATES &amp; SAMPLES ON APPLICATION.</NewTextValue>
  </TextCorrectedLine>
  <TextCorrectedLine lineID="P4_TL00638">
    <OldTextValue>H Garbarini Bros., Agents - - Jackson, Cal. ||</OldTextValue>
    <NewTextValue>Garbarini Bros., Agents - - Jackson, Cal. ||</NewTextValue>
  </TextCorrectedLine>
  <TextCorrectedLine lineID="P4_TL00643">
    <OldTextValue>Claus Spreckels Bid g mf^^^,</OldTextValue>
    <NewTextValue>Claus Spreckels B'ld'g</NewTextValue>
  </TextCorrectedLine>
  <TextCorrectedLine lineID="P4_TL00644">
    <OldTextValue>san fbancisco. |h|^|||ff|tf£ |B| Oregon Pine.</OldTextValue>
    <NewTextValue>san francisco.  Oregon Pine.</NewTextValue>
  </TextCorrectedLine>
  <TextCorrectedLine lineID="P4_TL00645">
    <OldTextValue>Telephone: ™ Cedar and</OldTextValue>
    <NewTextValue>Telephone:   Cedar and</NewTextValue>
  </TextCorrectedLine>
  <TextCorrectedLine lineID="P4_TL00646">
    <OldTextValue>Private Exchange 279 OwU&gt;a!B*O wU &gt;a!8* r* • .'</OldTextValue>
    <NewTextValue>Private Exchange 279</NewTextValue>
  </TextCorrectedLine>
  <TextCorrectedLine lineID="P4_TL00652">
    <OldTextValue>| - .'•:^-;'. : ;^^'i : -'v:&gt;&gt;-,'v«-.v; '?-'f&gt;" ■■'-'■•■ v- ■,: X</OldTextValue>
    <NewTextValue></NewTextValue>
  </TextCorrectedLine>
  <TextCorrectedLine lineID="P4_TL00653">
    <OldTextValue>|| 'W^ Wk HBTTLM %</OldTextValue>
    <NewTextValue>W. J. NETTLE</NewTextValue>
  </TextCorrectedLine>
  <TextCorrectedLine lineID="P4_TL00654">
    <OldTextValue>&lt; ' ~**M? PROPRIETOR OF &amp; &amp;- \ ',</OldTextValue>
    <NewTextValue>PROPRIETOR OF</NewTextValue>
  </TextCorrectedLine>
  <TextCorrectedLine lineID="P4_TL00655">
    <OldTextValue>j; 1 CENTRAL &gt; MARKET | ;|</OldTextValue>
    <NewTextValue>CENTRAL MARKET |</NewTextValue>
  </TextCorrectedLine>
  <TextCorrectedLine lineID="P4_TL00656">
    <OldTextValue>♦ Fancy Groceries. Fresh Fruits, Vegetables &lt;'</OldTextValue>
    <NewTextValue>Fancy Groceries. Fresh Fruits, Vegetables</NewTextValue>
  </TextCorrectedLine>
  <TextCorrectedLine lineID="P4_TL00657">
    <OldTextValue>j | FINE ASSORTMENT OF TEAS AND COFFEES. J :</OldTextValue>
    <NewTextValue>FINE ASSORTMENT OF TEAS AND COFFEES.</NewTextValue>
  </TextCorrectedLine>
  <TextCorrectedLine lineID="P4_TL00658">
    <OldTextValue>i: | FRESH FISH EVERY THURSDAY AND FRIDAY. !</OldTextValue>
    <NewTextValue>FRESH FISH EVERY THURSDAY AND FRIDAY.</NewTextValue>
  </TextCorrectedLine>
  <TextCorrectedLine lineID="P4_TL00659">
    <OldTextValue>■ j | . _ — __ _ </OldTextValue>
    <NewTextValue></NewTextValue>
  </TextCorrectedLine>
  <TextCorrectedLine lineID="P4_TL00660">
    <OldTextValue>i Drop in and Compare Prices and be Convinced, that You can \\</OldTextValue>
    <NewTextValue>Drop in and Compare Prices and be Convinced, that You can</NewTextValue>
  </TextCorrectedLine>
  <TextCorrectedLine lineID="P4_TL00661">
    <OldTextValue>\\ Save Money' hy Trading With Me. \\</OldTextValue>
    <NewTextValue>Save Money by Trading With Me.</NewTextValue>
  </TextCorrectedLine>
  <TextCorrectedLine lineID="P4_TL00662">
    <OldTextValue>X JACKSON - - - - CAL. !::</OldTextValue>
    <NewTextValue>JACKSON - - - - CAL.</NewTextValue>
  </TextCorrectedLine>
  <TextCorrectedLine lineID="P4_TL00663">
    <OldTextValue>PIONEER FLOUR IS PERFECTION-^</OldTextValue>
    <NewTextValue>PIONEER FLOUR IS PERFECTION</NewTextValue>
  </TextCorrectedLine>
  <TextCorrectedLine lineID="P4_TL00664">
    <OldTextValue>A Made From SELECTED WHEAT</OldTextValue>
    <NewTextValue>Made From SELECTED WHEAT</NewTextValue>
  </TextCorrectedLine>
  <TextCorrectedLine lineID="P4_TL00666">
    <OldTextValue>M Produclna Perfect Results and</OldTextValue>
    <NewTextValue>Producing Perfect Results and</NewTextValue>
  </TextCorrectedLine>
  <TextCorrectedLine lineID="P4_TL00667">
    <OldTextValue>J Bread Divinely Fair and Feathery Light</OldTextValue>
    <NewTextValue>Bread Divinely Fair and Feathery Light</NewTextValue>
  </TextCorrectedLine>
  <TextCorrectedLine lineID="P4_TL00668">
    <OldTextValue>2* S^veet to the Palate's Touch and</OldTextValue>
    <NewTextValue>Sweet to the Palate's Touch and</NewTextValue>
  </TextCorrectedLine>
  <TextCorrectedLine lineID="P4_TL00669">
    <OldTextValue>&lt;i Snowy White</OldTextValue>
    <NewTextValue>Snowy White</NewTextValue>
  </TextCorrectedLine>
  <TextCorrectedLine lineID="P4_TL00670">
    <OldTextValue>© — ; —PIONEER FLOUR MILLS. SACRAMENTO •</OldTextValue>
    <NewTextValue>—PIONEER FLOUR MILLS. SACRAMENTO •</NewTextValue>
  </TextCorrectedLine>
  <TextCorrectedLine lineID="P4_TL00671">
    <OldTextValue>I -gaJBR^LIFERY -STABLE I</OldTextValue>
    <NewTextValue>Enterprise Livery Stable</NewTextValue>
  </TextCorrectedLine>
  <TextCorrectedLine lineID="P4_TL00672">
    <OldTextValue>• &amp;?-— "jß&amp;ffijj&amp;S&amp;J' O'NEILL &amp; PODESTA, PROP'S. §</OldTextValue>
    <NewTextValue>O'NEILL &amp; PODESTA, PROP'S.</NewTextValue>
  </TextCorrectedLine>
  <TextCorrectedLine lineID="P4_TL00673">
    <OldTextValue>Transient Customers given the very best of attention. 1</OldTextValue>
    <NewTextValue>Transient Customers given the very best of attention.</NewTextValue>
  </TextCorrectedLine>
  <TextCorrectedLine lineID="P4_TL00674">
    <OldTextValue>J .' Telegraph and Telephone Orders Promptly S</OldTextValue>
    <NewTextValue>Telegraph and Telephone Orders Promptly</NewTextValue>
  </TextCorrectedLine>
  <TextCorrectedLine lineID="P4_TL00675">
    <OldTextValue>1 Attended to. Phone Main 383. g|</OldTextValue>
    <NewTextValue>Attended to. Phone Main 383.</NewTextValue>
  </TextCorrectedLine>
  <TextCorrectedLine lineID="P4_TL00676">
    <OldTextValue>I Four-in- Hands, Surreys, Pole and Single Buggies, Saddle Horses. |</OldTextValue>
    <NewTextValue>Four-in- Hands, Surreys, Pole and Single Buggies, Saddle Horses. |</NewTextValue>
  </TextCorrectedLine>
  <TextCorrectedLine lineID="P4_TL00677">
    <OldTextValue>g MAIN STREET, JACKSON - - - CAL. *</OldTextValue>
    <NewTextValue>g MAIN STREET, JACKSON - - - CAL.</NewTextValue>
  </TextCorrectedLine>
  <TextCorrectedLine lineID="P4_TL00678">
    <OldTextValue>\ FOR SALE BY • . j</OldTextValue>
    <NewTextValue>Midvale Drill Steel for sale by</NewTextValue>
  </TextCorrectedLine>
  <TextCorrectedLine lineID="P4_TL00679">
    <OldTextValue>| • E. GINOCCHIO &amp; BRO. General Merchandise, Jackson, Calif. \</OldTextValue>
    <NewTextValue>E. GINOCCHIO &amp; BRO. General Merchandise, Jackson, Calif.</NewTextValue>
  </TextCorrectedLine>
</TextCorrectedBlock>
