<TextCorrectedBlock pageOID="AL19040129.1.1" blockID="P1_CB00004" userID="[redacted]">
  <TextCorrectedLine lineID="P1_TL00981">
    <OldTextValue>-|~k B. SPAGNOLI</OldTextValue>
    <NewTextValue>D. B. SPAGNOLI</NewTextValue>
  </TextCorrectedLine>
  <TextCorrectedLine lineID="P1_TL00982">
    <OldTextValue>. Attorney anil Counselor ut Inn</OldTextValue>
    <NewTextValue>. Attorney anil Counselor at Law</NewTextValue>
  </TextCorrectedLine>
  <TextCorrectedLine lineID="P1_TL00984">
    <OldTextValue>- t ; ' ' . • *- "- . * - . ' "</OldTextValue>
    <NewTextValue></NewTextValue>
  </TextCorrectedLine>
  <TextCorrectedLine lineID="P1_TL00986">
    <OldTextValue>Office: Spagnoll building, opposite Hall 0/</OldTextValue>
    <NewTextValue>Office: Spagnoll building, opposite Hall of</NewTextValue>
  </TextCorrectedLine>
  <TextCorrectedLine lineID="P1_TL00987">
    <OldTextValue>Records.' .</OldTextValue>
    <NewTextValue>Records.</NewTextValue>
  </TextCorrectedLine>
  <TextCorrectedLine lineID="P1_TL00988">
    <OldTextValue>JW. CALOWELL</OldTextValue>
    <NewTextValue>J. W. CALDWELL</NewTextValue>
  </TextCorrectedLine>
  <TextCorrectedLine lineID="P1_TL00989">
    <OldTextValue>;-..■- .;• :■■ ■{; ■ .-- ;.</OldTextValue>
    <NewTextValue></NewTextValue>
  </TextCorrectedLine>
  <TextCorrectedLine lineID="P1_TL00994">
    <OldTextValue>■ b^'m r- ■ - ■**• -~ **■ -■ ■' '■■ ■ ■ .-■■-■.-.</OldTextValue>
    <NewTextValue>LAWYER</NewTextValue>
  </TextCorrectedLine>
  <TextCorrectedLine lineID="P1_TL00996">
    <OldTextValue>■ - - . - -</OldTextValue>
    <NewTextValue></NewTextValue>
  </TextCorrectedLine>
  <TextCorrectedLine lineID="P1_TL00997">
    <OldTextValue>Office on Summit Street, opposito Courthouse</OldTextValue>
    <NewTextValue>Office on Summit Street, opposite Courthouse</NewTextValue>
  </TextCorrectedLine>
  <TextCorrectedLine lineID="P1_TL00998">
    <OldTextValue>■</OldTextValue>
    <NewTextValue></NewTextValue>
  </TextCorrectedLine>
  <TextCorrectedLine lineID="P1_TL00999">
    <OldTextValue>' *- NOTARIES.</OldTextValue>
    <NewTextValue>NOTARIES.</NewTextValue>
  </TextCorrectedLine>
  <TextCorrectedLine lineID="P1_TL01000">
    <OldTextValue>XT"'"* CLoumi</OldTextValue>
    <NewTextValue>Hilda Clough</NewTextValue>
  </TextCorrectedLine>
  <TextCorrectedLine lineID="P1_TL01001">
    <OldTextValue>- ■■*'■.' Stenographer and Notary I'ubllc</OldTextValue>
    <NewTextValue>Stenographer and Notary I'ubllc</NewTextValue>
  </TextCorrectedLine>
  <TextCorrectedLine lineID="P1_TL01005">
    <OldTextValue>Til E. KNDICOTT, M. D.</OldTextValue>
    <NewTextValue>E. E. KNDICOTT, M. D.</NewTextValue>
  </TextCorrectedLine>
  <TextCorrectedLine lineID="P1_TL01010">
    <OldTextValue>JQK..K. V. TirFAKI</OldTextValue>
    <NewTextValue>DR. E. V. TIFFANY</NewTextValue>
  </TextCorrectedLine>
  <TextCorrectedLine lineID="P1_TL01011">
    <OldTextValue>Phynictan and Surceon</OldTextValue>
    <NewTextValue>Physician and Surgeon</NewTextValue>
  </TextCorrectedLine>
  <TextCorrectedLine lineID="P1_TL01012">
    <OldTextValue>- . . : PLYMOUTH, .CAL.</OldTextValue>
    <NewTextValue>PLYMOUTH, .CAL.</NewTextValue>
  </TextCorrectedLine>
  <TextCorrectedLine lineID="P1_TL01013">
    <OldTextValue>*. ." -' "- »•£ ' - " *-;•- ".</OldTextValue>
    <NewTextValue></NewTextValue>
  </TextCorrectedLine>
  <TextCorrectedLine lineID="P1_TL01017">
    <OldTextValue>TAB. L. E. PHILLIPS</OldTextValue>
    <NewTextValue>DR. L. E. PHILLIPS</NewTextValue>
  </TextCorrectedLine>
  <TextCorrectedLine lineID="P1_TL01023">
    <OldTextValue>i.. National Hotel.;</OldTextValue>
    <NewTextValue>National Hotel.</NewTextValue>
  </TextCorrectedLine>
  <TextCorrectedLine lineID="P1_TL01024">
    <OldTextValue>-pvK. A. M. UALI. </OldTextValue>
    <NewTextValue>DR. A. M. GALL</NewTextValue>
  </TextCorrectedLine>
  <TextCorrectedLine lineID="P1_TL01025">
    <OldTextValue>Phy;l&lt;-lan anil Surgeon</OldTextValue>
    <NewTextValue>Physician and Surgeon</NewTextValue>
  </TextCorrectedLine>
  <TextCorrectedLine lineID="P1_TL01028">
    <OldTextValue>£)H. E. V. LONIGO</OldTextValue>
    <NewTextValue>DR. E. V. LONIGO</NewTextValue>
  </TextCorrectedLine>
  <TextCorrectedLine lineID="P1_TL01029">
    <OldTextValue>From tbe Medical School of Florence (Italy)</OldTextValue>
    <NewTextValue>From the Medical School of Florence (Italy)</NewTextValue>
  </TextCorrectedLine>
</TextCorrectedBlock>
<TextCorrectedBlock pageOID="AL19040129.1.1" blockID="P1_CB00002" userID="[redacted]">
  <TextCorrectedLine lineID="P1_TL00840">
    <OldTextValue>&gt;vould weak land and the</OldTextValue>
    <NewTextValue>would weak land and the</NewTextValue>
  </TextCorrectedLine>
  <TextCorrectedLine lineID="P1_TL00841">
    <OldTextValue>'.veeds will disappear.</OldTextValue>
    <NewTextValue>weeds will disappear.</NewTextValue>
  </TextCorrectedLine>
  <TextCorrectedLine lineID="P1_TL00843">
    <OldTextValue>icott's Emulsion. Salt pork</OldTextValue>
    <NewTextValue>Scott's Emulsion. Salt pork</NewTextValue>
  </TextCorrectedLine>
</TextCorrectedBlock>
<TextCorrectedBlock pageOID="AL19040129.1.2" blockID="P2_TB00020" userID="[redacted]">
  <TextCorrectedLine lineID="P2_TL00413">
    <OldTextValue>, The four yeai- old son of Jim Walker</OldTextValue>
    <NewTextValue>The four year old son of Jim Walker</NewTextValue>
  </TextCorrectedLine>
  <TextCorrectedLine lineID="P2_TL00416">
    <OldTextValue>there was no ceilint'. He fell twelve</OldTextValue>
    <NewTextValue>there was no ceiling. He fell twelve</NewTextValue>
  </TextCorrectedLine>
  <TextCorrectedLine lineID="P2_TL00417">
    <OldTextValue>foot, striking on his "head. He was un-</OldTextValue>
    <NewTextValue>feet, striking on his head. He was un-</NewTextValue>
  </TextCorrectedLine>
  <TextCorrectedLine lineID="P2_TL00418">
    <OldTextValue>conscious for three, hours, but is re-</OldTextValue>
    <NewTextValue>conscious for three hours, but is re-</NewTextValue>
  </TextCorrectedLine>
  <TextCorrectedLine lineID="P2_TL00422">
    <OldTextValue>May. Ryan, who is very ill.</OldTextValue>
    <NewTextValue>May Ryan, who is very ill.</NewTextValue>
  </TextCorrectedLine>
  <TextCorrectedLine lineID="P2_TL00423">
    <OldTextValue>Norma Worley and sister, Thelma,</OldTextValue>
    <NewTextValue>Norma Worley (Werly) and sister, Thelma,</NewTextValue>
  </TextCorrectedLine>
  <TextCorrectedLine lineID="P2_TL00424">
    <OldTextValue>will leave this week for their heme iv</OldTextValue>
    <NewTextValue>will leave this week for their home in</NewTextValue>
  </TextCorrectedLine>
  <TextCorrectedLine lineID="P2_TL00425">
    <OldTextValue>Oakland. ■ .</OldTextValue>
    <NewTextValue>Oakland.</NewTextValue>
  </TextCorrectedLine>
  <TextCorrectedLine lineID="P2_TL00426">
    <OldTextValue>Prank Soracco and family have re-</OldTextValue>
    <NewTextValue>Frank Soracco and family have re-</NewTextValue>
  </TextCorrectedLine>
  <TextCorrectedLine lineID="P2_TL00427">
    <OldTextValue>turned to Piue Grove.</OldTextValue>
    <NewTextValue>turned to Pine Grove.</NewTextValue>
  </TextCorrectedLine>
  <TextCorrectedLine lineID="P2_TL00428">
    <OldTextValue>Mrs. Lowrj jj is able to be around</OldTextValue>
    <NewTextValue>Mrs. Lowry is able to be around</NewTextValue>
  </TextCorrectedLine>
  <TextCorrectedLine lineID="P2_TL00429">
    <OldTextValue>again, after her long illness. / ... :</OldTextValue>
    <NewTextValue>again, after her long illness.</NewTextValue>
  </TextCorrectedLine>
  <TextCorrectedLine lineID="P2_TL00430">
    <OldTextValue>, Mrs. Elmer McKenzie of Defender,</OldTextValue>
    <NewTextValue>Mrs. Elmer McKenzie of Defender,</NewTextValue>
  </TextCorrectedLine>
  <TextCorrectedLine lineID="P2_TL00431">
    <OldTextValue>came down last Saturday to spand a</OldTextValue>
    <NewTextValue>came down last Saturday to spend a</NewTextValue>
  </TextCorrectedLine>
  <TextCorrectedLine lineID="P2_TL00434">
    <OldTextValue>sister and her husband up from Gait,</OldTextValue>
    <NewTextValue>sister and her husband up from Galt,</NewTextValue>
  </TextCorrectedLine>
</TextCorrectedBlock>
