<TextCorrectedBlock pageOID="AL19101202.1.6" blockID="P6_TB00028" userID="[redacted]">
  <TextCorrectedLine lineID="P6_TL00148">
    <OldTextValue>gle3\vorth, the 10-year-old son of Mr</OldTextValue>
    <NewTextValue>glesworth, the 10-year-old son of Mr</NewTextValue>
  </TextCorrectedLine>
</TextCorrectedBlock>
<TextCorrectedBlock pageOID="AL19101202.1.6" blockID="P6_TB00028" userID="[redacted]">
  <TextCorrectedLine lineID="P6_TL00151">
    <OldTextValue>Plymouth at 2p. m., where funeral</OldTextValue>
    <NewTextValue>Plymouth at 2 p. m., where funeral</NewTextValue>
  </TextCorrectedLine>
  <TextCorrectedLine lineID="P6_TL00152">
    <OldTextValue>services snd interment were held.</OldTextValue>
    <NewTextValue>services and interment were held.</NewTextValue>
  </TextCorrectedLine>
</TextCorrectedBlock>
<TextCorrectedBlock pageOID="AL19101202.1.6" blockID="P6_CB00004" userID="[redacted]">
  <TextCorrectedLine lineID="P6_TL00368">
    <OldTextValue>NO alcohol in this COUgh medicine. /. C. Atjer Co., Lowell, Mass.</OldTextValue>
    <NewTextValue>NO alcohol in this cough medicine.  J. C. Ayer Co., Lowell, Mass.</NewTextValue>
  </TextCorrectedLine>
</TextCorrectedBlock>
<TextCorrectedBlock pageOID="AL19101202.1.7" blockID="P7_TB00017" userID="[redacted]">
  <TextCorrectedLine lineID="P7_TL00240">
    <OldTextValue>north of town, their son,Leland Study,</OldTextValue>
    <NewTextValue>north of town, their son, Leland Study,</NewTextValue>
  </TextCorrectedLine>
</TextCorrectedBlock>
<TextCorrectedBlock pageOID="AL19101202.1.7" blockID="P7_TB00017" userID="[redacted]">
  <TextCorrectedLine lineID="P7_TL00240">
    <OldTextValue>north of town, their son, Leland Study,</OldTextValue>
    <NewTextValue>north of town, their son, Leland Shidy,</NewTextValue>
  </TextCorrectedLine>
  <TextCorrectedLine lineID="P7_TL00242">
    <OldTextValue>P. Sibole, Rev. F. M.- Washburn</OldTextValue>
    <NewTextValue>P. Sibole, Rev. F. M.  Washburn</NewTextValue>
  </TextCorrectedLine>
  <TextCorrectedLine lineID="P7_TL00243">
    <OldTextValue>officiating. None but -relatives and</OldTextValue>
    <NewTextValue>officiating. None but relatives and</NewTextValue>
  </TextCorrectedLine>
  <TextCorrectedLine lineID="P7_TL00247">
    <OldTextValue>with grapevines with the foliage ana</OldTextValue>
    <NewTextValue>with grapevines with the foliage and</NewTextValue>
  </TextCorrectedLine>
  <TextCorrectedLine lineID="P7_TL00248">
    <OldTextValue>I clusters of fruit. The dining room was</OldTextValue>
    <NewTextValue>clusters of fruit. The dining room was</NewTextValue>
  </TextCorrectedLine>
</TextCorrectedBlock>
<TextCorrectedBlock pageOID="AL19101202.1.7" blockID="P7_TB00008" userID="[redacted]">
  <TextCorrectedLine lineID="P7_TL00139">
    <OldTextValue>which the application of the Ligh trier</OldTextValue>
    <NewTextValue>which the application of the Lightner</NewTextValue>
  </TextCorrectedLine>
  <TextCorrectedLine lineID="P7_TL00142">
    <OldTextValue>ley from hearing a case now- pending</OldTextValue>
    <NewTextValue>ley from hearing a case now pending</NewTextValue>
  </TextCorrectedLine>
  <TextCorrectedLine lineID="P7_TL00150">
    <OldTextValue>Land office, the Lightnsr sought an or-</OldTextValue>
    <NewTextValue>Land office, the Lightner sought an or-</NewTextValue>
  </TextCorrectedLine>
</TextCorrectedBlock>
<TextCorrectedBlock pageOID="AL19101202.1.8" blockID="P8_CB00009" userID="[redacted]">
  <TextCorrectedLine lineID="P8_TL00192">
    <OldTextValue>ONE CHRISTMAS GIFT TO HER ,</OldTextValue>
    <NewTextValue>ONE CHRISTMAS GIFT TO HER</NewTextValue>
  </TextCorrectedLine>
  <TextCorrectedLine lineID="P8_TL00194">
    <OldTextValue>LJ IG H RRA D E ,f7 AN DV</OldTextValue>
    <NewTextValue>HIGH GRADE CANDY</NewTextValue>
  </TextCorrectedLine>
  <TextCorrectedLine lineID="P8_TL00197">
    <OldTextValue>434 E. Main Street : J i Stockton, Calif.</OldTextValue>
    <NewTextValue>434 E. Main Street                 Stockton, Calif.</NewTextValue>
  </TextCorrectedLine>
  <TextCorrectedLine lineID="P8_TL00198">
    <OldTextValue>Staunch Winter_S;hoes</OldTextValue>
    <NewTextValue>Staunch Winter Shoes</NewTextValue>
  </TextCorrectedLine>
  <TextCorrectedLine lineID="P8_TL00207">
    <OldTextValue>HUDSON &amp; KIN 6</OldTextValue>
    <NewTextValue>HUDSON &amp; KING</NewTextValue>
  </TextCorrectedLine>
  <TextCorrectedLine lineID="P8_TL00211">
    <OldTextValue>A luce AVirtH ijJJCvlala</OldTextValue>
    <NewTextValue>Three Mail Specials</NewTextValue>
  </TextCorrectedLine>
</TextCorrectedBlock>
