<TextCorrectedBlock pageOID="AL19030206.1.2" blockID="P2_CB00001" userID="[redacted]">
  <TextCorrectedLine lineID="P2_TL00697">
    <OldTextValue>(Successor to Jos. Samuels) - ,</OldTextValue>
    <NewTextValue>(Successor to Jos. Samuels)</NewTextValue>
  </TextCorrectedLine>
  <TextCorrectedLine lineID="P2_TL00701">
    <OldTextValue>Ido that a money saver is a money maker. Every mer-</OldTextValue>
    <NewTextValue>I do that a money saver is a money maker. Every mer-</NewTextValue>
  </TextCorrectedLine>
  <TextCorrectedLine lineID="P2_TL00703">
    <OldTextValue>it is dififerent with me. i I bought this stock o£ goods of</OldTextValue>
    <NewTextValue>it is dififerent with me.  I bought this stock of goods of</NewTextValue>
  </TextCorrectedLine>
  <TextCorrectedLine lineID="P2_TL00707">
    <OldTextValue>the wholesale price. lam selling</OldTextValue>
    <NewTextValue>the wholesale price. l am selling</NewTextValue>
  </TextCorrectedLine>
</TextCorrectedBlock>
<TextCorrectedBlock pageOID="AL19030206.1.2" blockID="P2_CB00002" userID="[redacted]">
  <TextCorrectedLine lineID="P2_TL00717">
    <OldTextValue>Dyspepsia Cure</OldTextValue>
    <NewTextValue>KODOL  Dyspepsia Cure</NewTextValue>
  </TextCorrectedLine>
</TextCorrectedBlock>
<TextCorrectedBlock pageOID="AL19030206.1.2" blockID="P2_CB00002" userID="[redacted]">
  <TextCorrectedLine lineID="P2_TL00731">
    <OldTextValue>. but do you good</OldTextValue>
    <NewTextValue>but do you good</NewTextValue>
  </TextCorrectedLine>
  <TextCorrectedLine lineID="P2_TL00732">
    <OldTextValue>Prepared only by E. O. DeWitt A Co.. Chicago</OldTextValue>
    <NewTextValue>Prepared only by E. O. DeWitt &amp; Co.. Chicago</NewTextValue>
  </TextCorrectedLine>
  <TextCorrectedLine lineID="P2_TL00733">
    <OldTextValue>The $1. bottle contains 2K times the 50c ilzo.</OldTextValue>
    <NewTextValue>The $1. bottle contains 2-1/2 times the 50c size.</NewTextValue>
  </TextCorrectedLine>
  <TextCorrectedLine lineID="P2_TL00735">
    <OldTextValue>FrB.LEMDIN</OldTextValue>
    <NewTextValue>F. B. LEMOIN</NewTextValue>
  </TextCorrectedLine>
  <TextCorrectedLine lineID="P2_TL00736">
    <OldTextValue>'■■■M Blacksmith;</OldTextValue>
    <NewTextValue>Blacksmith;</NewTextValue>
  </TextCorrectedLine>
  <TextCorrectedLine lineID="P2_TL00737">
    <OldTextValue>Wishes to inform the " ptiblic</OldTextValue>
    <NewTextValue>Wishes to inform the  ptiblic</NewTextValue>
  </TextCorrectedLine>
  <TextCorrectedLine lineID="P2_TL00738">
    <OldTextValue>that ho is now back. U&gt; his old stand</OldTextValue>
    <NewTextValue>that he is now back to his old stand</NewTextValue>
  </TextCorrectedLine>
  <TextCorrectedLine lineID="P2_TL00739">
    <OldTextValue>in Dry town', and is fully equipped</OldTextValue>
    <NewTextValue>in Drytown, and is fully equipped</NewTextValue>
  </TextCorrectedLine>
  <TextCorrectedLine lineID="P2_TL00740">
    <OldTextValue>to. do all kinds of. . . . ...v .. ; ;</OldTextValue>
    <NewTextValue>to  do all kinds of</NewTextValue>
  </TextCorrectedLine>
  <TextCorrectedLine lineID="P2_TL00741">
    <OldTextValue>Ilofseshft'eingr Blacksihitliing, 1 " •:|</OldTextValue>
    <NewTextValue>Horseshoeing,  Blacksmithing,</NewTextValue>
  </TextCorrectedLine>
  <TextCorrectedLine lineID="P2_TL00743">
    <OldTextValue>Carts, Bugrgies and ' Grave Railings,</OldTextValue>
    <NewTextValue>Carts, Buggies and Grave Railings,</NewTextValue>
  </TextCorrectedLine>
  <TextCorrectedLine lineID="P2_TL00744">
    <OldTextValue>mado to order:- '■ ' j --••■...</OldTextValue>
    <NewTextValue>made to order.</NewTextValue>
  </TextCorrectedLine>
  <TextCorrectedLine lineID="P2_TL00745">
    <OldTextValue>Also agent tor all kinds of ' Carts,</OldTextValue>
    <NewTextValue>Also agent for all kinds of Carts,</NewTextValue>
  </TextCorrectedLine>
  <TextCorrectedLine lineID="P2_TL00746">
    <OldTextValue>Buggies, and Harness. .-.- ja'J-tira</OldTextValue>
    <NewTextValue>Buggies, and Harness.              ja9-6m</NewTextValue>
  </TextCorrectedLine>
  <TextCorrectedLine lineID="P2_TL00747">
    <OldTextValue>CALIFORNIA NURSERY Cfl.</OldTextValue>
    <NewTextValue>CALIFORNIA NURSERY CO.</NewTextValue>
  </TextCorrectedLine>
  <TextCorrectedLine lineID="P2_TL00748">
    <OldTextValue>INILES. CAL. W</OldTextValue>
    <NewTextValue>NILES. CAL.</NewTextValue>
  </TextCorrectedLine>
  <TextCorrectedLine lineID="P2_TL00754">
    <OldTextValue>•'etc., 4 cents.- ■ . : • - .- . ...</OldTextValue>
    <NewTextValue>etc., 4 cents.</NewTextValue>
  </TextCorrectedLine>
  <TextCorrectedLine lineID="P2_TL00755">
    <OldTextValue>N0.2. Doscriptive Catalogue of . Orna-</OldTextValue>
    <NewTextValue>No.2. Doscriptive Catalogue of   Orna-</NewTextValue>
  </TextCorrectedLine>
  <TextCorrectedLine lineID="P2_TL00756">
    <OldTextValue>.: mental Trees, e,tc., 6 cents.</OldTextValue>
    <NewTextValue>mental Trees, etc., 6 cents.</NewTextValue>
  </TextCorrectedLine>
  <TextCorrectedLine lineID="P2_TL00757">
    <OldTextValue>No. -3.. Catalogue and Price-List,' free.</OldTextValue>
    <NewTextValue>No. 3. Catalogue and Price-List, free.</NewTextValue>
  </TextCorrectedLine>
  <TextCorrectedLine lineID="P2_TL00758">
    <OldTextValue>No.. 4.. Phylloxera Resisting American</OldTextValue>
    <NewTextValue>No. 4.  Phylloxera Resisting American</NewTextValue>
  </TextCorrectedLine>
  <TextCorrectedLine lineID="P2_TL00759">
    <OldTextValue>Grapes, free. • .'_ ■; .; i</OldTextValue>
    <NewTextValue>Grapes, free.</NewTextValue>
  </TextCorrectedLine>
  <TextCorrectedLine lineID="P2_TL00760">
    <OldTextValue>del 9 JOHN ROCK", Manager.</OldTextValue>
    <NewTextValue>de19     JOHN ROCK, Manager.</NewTextValue>
  </TextCorrectedLine>
  <TextCorrectedLine lineID="P2_TL00762">
    <OldTextValue>* Photographer*</OldTextValue>
    <NewTextValue>Photographer</NewTextValue>
  </TextCorrectedLine>
  <TextCorrectedLine lineID="P2_TL00763">
    <OldTextValue>ARTISTIC PHOTOS-^^^^^^^-</OldTextValue>
    <NewTextValue>ARTISTIC PHOTOS</NewTextValue>
  </TextCorrectedLine>
  <TextCorrectedLine lineID="P2_TL00766">
    <OldTextValue>. Mountain Scenes and Mining Viewa.</OldTextValue>
    <NewTextValue>Mountain Scenes and Mining Viewa.</NewTextValue>
  </TextCorrectedLine>
  <TextCorrectedLine lineID="P2_TL00768">
    <OldTextValue>• i ; :.. ■ .Copying, Boducing, etc. :</OldTextValue>
    <NewTextValue>Copying, Reducing, etc.</NewTextValue>
  </TextCorrectedLine>
  <TextCorrectedLine lineID="P2_TL00769">
    <OldTextValue>•'•■•'• -! TERMS 'REASONABLE. &gt; .</OldTextValue>
    <NewTextValue>TERMS 'REASONABLE.</NewTextValue>
  </TextCorrectedLine>
  <TextCorrectedLine lineID="P2_TL00770">
    <OldTextValue>Main Street, - -* - Jackson, Cal.</OldTextValue>
    <NewTextValue>Main Street, - - - Jackson, Cal.</NewTextValue>
  </TextCorrectedLine>
  <TextCorrectedLine lineID="P2_TL00771">
    <OldTextValue>...■•. ... . i . . deSMtl, . .. . . ■.</OldTextValue>
    <NewTextValue>de26 tf</NewTextValue>
  </TextCorrectedLine>
  <TextCorrectedLine lineID="P2_TL00772">
    <OldTextValue>6 LOBE -^ HOTEL.</OldTextValue>
    <NewTextValue>GLOBE   HOTEL.</NewTextValue>
  </TextCorrectedLine>
  <TextCorrectedLine lineID="P2_TL00773">
    <OldTextValue>.. Mdln and Court Streets,</OldTextValue>
    <NewTextValue>Main and Court Streets,</NewTextValue>
  </TextCorrectedLine>
  <TextCorrectedLine lineID="P2_TL00774">
    <OldTextValue>.■.•:-„•.-. ::;::■. ■' -JACKSON,-. CAL.</OldTextValue>
    <NewTextValue>JACKSON,  CAL.</NewTextValue>
  </TextCorrectedLine>
  <TextCorrectedLine lineID="P2_TL00775">
    <OldTextValue>E. : ANDERSEN, Proprietor.</OldTextValue>
    <NewTextValue>E.   ANDERSEN, Proprietor.</NewTextValue>
  </TextCorrectedLine>
  <TextCorrectedLine lineID="P2_TL00776">
    <OldTextValue>First-class' in every Respect.</OldTextValue>
    <NewTextValue>First-class in every Respect.</NewTextValue>
  </TextCorrectedLine>
  <TextCorrectedLine lineID="P2_TL00777">
    <OldTextValue>OOHMERCIAL TRAVELERS receive es-</OldTextValue>
    <NewTextValue>COMMERCIAL TRAVELERS receive es-</NewTextValue>
  </TextCorrectedLine>
</TextCorrectedBlock>
<TextCorrectedBlock pageOID="AL19030206.1.2" blockID="P2_TB00027" userID="[redacted]">
  <TextCorrectedLine lineID="P2_TL00350">
    <OldTextValue>El Minutes of the January ■ mooting</OldTextValue>
    <NewTextValue>Minutes of the January   meeting</NewTextValue>
  </TextCorrectedLine>
  <TextCorrectedLine lineID="P2_TL00351">
    <OldTextValue>wore read and approved.</OldTextValue>
    <NewTextValue>were read and approved.</NewTextValue>
  </TextCorrectedLine>
  <TextCorrectedLine lineID="P2_TL00354">
    <OldTextValue>'hospital fund." ■ '</OldTextValue>
    <NewTextValue>hospital fund.</NewTextValue>
  </TextCorrectedLine>
  <TextCorrectedLine lineID="P2_TL00355">
    <OldTextValue>Jackson' Gaslight Co., gas $ 19 G5</OldTextValue>
    <NewTextValue>Jackson' Gaslight Co., gas....  $ 19 65</NewTextValue>
  </TextCorrectedLine>
  <TextCorrectedLine lineID="P2_TL00356">
    <OldTextValue>Frank Bavalia, con voyance 4 00</OldTextValue>
    <NewTextValue>Frank Bavalia, conveyance ... 4 00</NewTextValue>
  </TextCorrectedLine>
  <TextCorrectedLine lineID="P2_TL00357">
    <OldTextValue>E Ginocchip &amp; Bro, groceries.. 170 00</OldTextValue>
    <NewTextValue>E Ginocchio &amp; Bro, groceries.. 170 00</NewTextValue>
  </TextCorrectedLine>
  <TextCorrectedLine lineID="P2_TL00358">
    <OldTextValue>Jackson Gaslight Co, gas . : . . . 21 00</OldTextValue>
    <NewTextValue>Jackson Gaslight Co, gas .  . . . 21 00</NewTextValue>
  </TextCorrectedLine>
  <TextCorrectedLine lineID="P2_TL00359">
    <OldTextValue>Mrs A C Barrett,' matron 30 00</OldTextValue>
    <NewTextValue>Mrs A C Barrett, matron ... 30 00</NewTextValue>
  </TextCorrectedLine>
  <TextCorrectedLine lineID="P2_TL00360">
    <OldTextValue>£Irs Jas Turner, washing 13 50</OldTextValue>
    <NewTextValue>Mrs Jas Turner, washing .... 13 50</NewTextValue>
  </TextCorrectedLine>
  <TextCorrectedLine lineID="P2_TL00361">
    <OldTextValue>;Wm Sohroeder, digging graves. 700</OldTextValue>
    <NewTextValue>Wm Sohroeder, digging graves. ... 7 00</NewTextValue>
  </TextCorrectedLine>
  <TextCorrectedLine lineID="P2_TL00362">
    <OldTextValue>'A B Caminetti. vegetables 7 30</OldTextValue>
    <NewTextValue>A B Caminetti. vegetables  .... 7 30</NewTextValue>
  </TextCorrectedLine>
  <TextCorrectedLine lineID="P2_TL00363">
    <OldTextValue>! Amador E L &amp; X Co, lights . . . 3 00</OldTextValue>
    <NewTextValue>Amador E L &amp; R Co, lights . . . 3 00</NewTextValue>
  </TextCorrectedLine>
  <TextCorrectedLine lineID="P2_TL00364">
    <OldTextValue>Dr A M Gall, couuty physiciau. CO 00</OldTextValue>
    <NewTextValue>Dr A M Gall, couuty physician.  60 00</NewTextValue>
  </TextCorrectedLine>
  <TextCorrectedLine lineID="P2_TL00365">
    <OldTextValue>Eudey &amp; Marre, 4 hogs. 28-75</OldTextValue>
    <NewTextValue>Eudey &amp; Marre, 4 hogs. ...... 28 75</NewTextValue>
  </TextCorrectedLine>
  <TextCorrectedLine lineID="P2_TL00366">
    <OldTextValue>A C Barrett, superintendent 45 00</OldTextValue>
    <NewTextValue>A C Barrett, superintendent ... 45 00</NewTextValue>
  </TextCorrectedLine>
</TextCorrectedBlock>
