<TextCorrectedBlock pageOID="AL19070315.1.2" blockID="P2_CB00003" userID="[redacted]">
  <TextCorrectedLine lineID="P2_TL00585">
    <OldTextValue>ICodol Dyspepsia Cure</OldTextValue>
    <NewTextValue>Kodol Dyspepsia Cure</NewTextValue>
  </TextCorrectedLine>
  <TextCorrectedLine lineID="P2_TL00586">
    <OldTextValue>Digests what you eat*</OldTextValue>
    <NewTextValue>Digests what you eat.</NewTextValue>
  </TextCorrectedLine>
</TextCorrectedBlock>
<TextCorrectedBlock pageOID="AL19070315.1.2" blockID="P2_CB00005" userID="[redacted]">
  <TextCorrectedLine lineID="P2_TL00607">
    <OldTextValue>..  BORN. . . -- .: ir. Mi</OldTextValue>
    <NewTextValue>BORN.</NewTextValue>
  </TextCorrectedLine>
  <TextCorrectedLine lineID="P2_TL00608">
    <OldTextValue>WVLIK. — In Jackson, March 11, 1907,"</OldTextValue>
    <NewTextValue>WYLIE. — In Jackson, March 11, 1907,</NewTextValue>
  </TextCorrectedLine>
  <TextCorrectedLine lineID="P2_TL00609">
    <OldTextValue>to tho wife of J. K. Wylie, and</OldTextValue>
    <NewTextValue>to the wife of J. K. Wylie, and</NewTextValue>
  </TextCorrectedLine>
  <TextCorrectedLine lineID="P2_TL00610">
    <OldTextValue>daughter. 1 ; ' ■■•; -'■</OldTextValue>
    <NewTextValue>daughter.</NewTextValue>
  </TextCorrectedLine>
  <TextCorrectedLine lineID="P2_TL00611">
    <OldTextValue>DAKUIIZ.— In lone, Maroh 3, 130/.</OldTextValue>
    <NewTextValue>DARGITZ.— In lone, March 3, 1907,</NewTextValue>
  </TextCorrectedLine>
  <TextCorrectedLine lineID="P2_TL00612">
    <OldTextValue>to the wife of Ed. Dargitz, a son. •'</OldTextValue>
    <NewTextValue>to the wife of Ed. Dargitz, a son.</NewTextValue>
  </TextCorrectedLine>
  <TextCorrectedLine lineID="P2_TL00613">
    <OldTextValue>MARRIED.,: . ■;•;:,&gt; l--- l r</OldTextValue>
    <NewTextValue>MARRIED.</NewTextValue>
  </TextCorrectedLine>
  <TextCorrectedLine lineID="P2_TL00614">
    <OldTextValue>ciu^^palksTJ^sT^T^^^</OldTextValue>
    <NewTextValue>CROSS-PARSONS - In Jackson,</NewTextValue>
  </TextCorrectedLine>
  <TextCorrectedLine lineID="P2_TL00615">
    <OldTextValue>March 12, 1907,- by ' Rev. :C. K.</OldTextValue>
    <NewTextValue>March 12, 1907, by  Rev. C. E.</NewTextValue>
  </TextCorrectedLine>
  <TextCorrectedLine lineID="P2_TL00616">
    <OldTextValue>Winning, \ Uomoniek ' I. Cross • "to</OldTextValue>
    <NewTextValue>Winning, Domenick P.  Cross to</NewTextValue>
  </TextCorrectedLine>
  <TextCorrectedLine lineID="P2_TL00617">
    <OldTextValue>Alisa Uo»io M. l arsons,:'botb of</OldTextValue>
    <NewTextValue>Miss Rosie M. Parsons, both of</NewTextValue>
  </TextCorrectedLine>
  <TextCorrectedLine lineID="P2_TL00618">
    <OldTextValue>Suitor Creek. " '- ' ■</OldTextValue>
    <NewTextValue>Sutter Creek.</NewTextValue>
  </TextCorrectedLine>
</TextCorrectedBlock>
<TextCorrectedBlock pageOID="AL19070315.1.2" blockID="P2_TB00019" userID="[redacted]">
  <TextCorrectedLine lineID="P2_TL00113">
    <OldTextValue>:. "No, I don't, your honor."</OldTextValue>
    <NewTextValue>"No, I don't, your honor."</NewTextValue>
  </TextCorrectedLine>
  <TextCorrectedLine lineID="P2_TL00114">
    <OldTextValue>, "You claimed to be blind, and yet</OldTextValue>
    <NewTextValue>"You claimed to be blind, and yet</NewTextValue>
  </TextCorrectedLine>
  <TextCorrectedLine lineID="P2_TL00115">
    <OldTextValue>you ha.ye an unimpaired eyesight."</OldTextValue>
    <NewTextValue>you have an unimpaired eyesight."</NewTextValue>
  </TextCorrectedLine>
  <TextCorrectedLine lineID="P2_TL00118">
    <OldTextValue>to see the harm In my Innocent de-</OldTextValue>
    <NewTextValue>to see the harm in my innocent de-</NewTextValue>
  </TextCorrectedLine>
</TextCorrectedBlock>
<TextCorrectedBlock pageOID="AL19070315.1.2" blockID="P2_CB00013" userID="[redacted]">
  <TextCorrectedLine lineID="P2_TL00761">
    <OldTextValue>. 1 bny and soil all the Tonopah, \</OldTextValue>
    <NewTextValue>I  buy and sell all the Tonopah,</NewTextValue>
  </TextCorrectedLine>
  <TextCorrectedLine lineID="P2_TL00762">
    <OldTextValue>iojdlleld and other Nevada stocks on</OldTextValue>
    <NewTextValue>Goldfield and other Nevada stocks on</NewTextValue>
  </TextCorrectedLine>
  <TextCorrectedLine lineID="P2_TL00763">
    <OldTextValue>:he floor of Ihe Exchange. I also '</OldTextValue>
    <NewTextValue>the floor of Ihe Exchange. I also</NewTextValue>
  </TextCorrectedLine>
  <TextCorrectedLine lineID="P2_TL00764">
    <OldTextValue>make a specialty ot the California '•</OldTextValue>
    <NewTextValue>make a specialty of the California</NewTextValue>
  </TextCorrectedLine>
  <TextCorrectedLine lineID="P2_TL00765">
    <OldTextValue>stooks'Bnch as Bunker Uill, (Jeutral !</OldTextValue>
    <NewTextValue>stocks such as Bunker Hill, Central</NewTextValue>
  </TextCorrectedLine>
  <TextCorrectedLine lineID="P2_TL00766">
    <OldTextValue>Kuretcu, South Kureka, Argonaut, |</OldTextValue>
    <NewTextValue>Eureka,  South Eureka, Argonaut,</NewTextValue>
  </TextCorrectedLine>
  <TextCorrectedLine lineID="P2_TL00767">
    <OldTextValue>Fremont, Kennedy, Lightner, Gwiu i</OldTextValue>
    <NewTextValue>Fremont, Kennedy, Lightner, Gwin</NewTextValue>
  </TextCorrectedLine>
  <TextCorrectedLine lineID="P2_TL00768">
    <OldTextValue>md many others; 1 ' ■ ' ' " ' '• j</OldTextValue>
    <NewTextValue>and many others.</NewTextValue>
  </TextCorrectedLine>
  <TextCorrectedLine lineID="P2_TL00769">
    <OldTextValue>ROBT. 11. RENEBOME, i</OldTextValue>
    <NewTextValue>ROBT. H. RENEBOME,</NewTextValue>
  </TextCorrectedLine>
  <TextCorrectedLine lineID="P2_TL00770">
    <OldTextValue>STOCK BROKER, \</OldTextValue>
    <NewTextValue>STOCK BROKER,</NewTextValue>
  </TextCorrectedLine>
  <TextCorrectedLine lineID="P2_TL00771">
    <OldTextValue>Member S. F. Mining Exchange, '. \</OldTextValue>
    <NewTextValue>Member S. F. Mining Exchange,</NewTextValue>
  </TextCorrectedLine>
  <TextCorrectedLine lineID="P2_TL00772">
    <OldTextValue>";'j «36 MARKET STREET, 1 ; '' ' &lt;</OldTextValue>
    <NewTextValue>636 MARKET STREET,</NewTextValue>
  </TextCorrectedLine>
  <TextCorrectedLine lineID="P2_TL00773">
    <OldTextValue>'■ : ;'S;.'iv'.' SAN ; FRANCISCO. !</OldTextValue>
    <NewTextValue>SAN ; FRANCISCO.</NewTextValue>
  </TextCorrectedLine>
  <TextCorrectedLine lineID="P2_TL00774">
    <OldTextValue>•--•--..■■',. ' - (</OldTextValue>
    <NewTextValue></NewTextValue>
  </TextCorrectedLine>
  <TextCorrectedLine lineID="P2_TL00776">
    <OldTextValue>. Notice to Creditors. jv"; ;</OldTextValue>
    <NewTextValue>Notice to Creditors.</NewTextValue>
  </TextCorrectedLine>
</TextCorrectedBlock>
<TextCorrectedBlock pageOID="AL19070315.1.2" blockID="P2_CB00013" userID="[redacted]">
  <TextCorrectedLine lineID="P2_TL00777">
    <OldTextValue>Ustato of I- 1 . M. Whitmore, deceased.</OldTextValue>
    <NewTextValue>Estate of F. M. Whitmore, deceased.</NewTextValue>
  </TextCorrectedLine>
</TextCorrectedBlock>
<TextCorrectedBlock pageOID="AL19070315.1.3" blockID="P3_TB00090" userID="[redacted]">
  <TextCorrectedLine lineID="P3_TL00911">
    <OldTextValue>M. L. Smith, Notary Fublio, and</OldTextValue>
    <NewTextValue>M. L. Smith, Notary Public, and</NewTextValue>
  </TextCorrectedLine>
  <TextCorrectedLine lineID="P3_TL00913">
    <OldTextValue>Court street; telephone No. 413...</OldTextValue>
    <NewTextValue>Court street; telephone No. 413.</NewTextValue>
  </TextCorrectedLine>
  <TextCorrectedLine lineID="P3_TL00914">
    <OldTextValue>Justice. Uoldnar decided the oase of</OldTextValue>
    <NewTextValue>Justice Goldner decided the case of</NewTextValue>
  </TextCorrectedLine>
  <TextCorrectedLine lineID="P3_TL00916">
    <OldTextValue>larceny iv taking 3120 ot his wife's</OldTextValue>
    <NewTextValue>larceny in taking $120 of his wife's</NewTextValue>
  </TextCorrectedLine>
  <TextCorrectedLine lineID="P3_TL00917">
    <OldTextValue>money, holding the aocused to answer</OldTextValue>
    <NewTextValue>money, holding the accused to answer</NewTextValue>
  </TextCorrectedLine>
  <TextCorrectedLine lineID="P3_TL00918">
    <OldTextValue>bafora tho superior court, with bond.</OldTextValue>
    <NewTextValue>before the superior court, with bond.</NewTextValue>
  </TextCorrectedLine>
  <TextCorrectedLine lineID="P3_TL00919">
    <OldTextValue>Used at 62000.</OldTextValue>
    <NewTextValue>fixed at $2000.</NewTextValue>
  </TextCorrectedLine>
</TextCorrectedBlock>
<TextCorrectedBlock pageOID="AL19070315.1.3" blockID="P3_TB00098" userID="[redacted]">
  <TextCorrectedLine lineID="P3_TL01011">
    <OldTextValue>W While returning from a professional</OldTextValue>
    <NewTextValue>While returning from a professional</NewTextValue>
  </TextCorrectedLine>
  <TextCorrectedLine lineID="P3_TL01012">
    <OldTextValue>v visit to Moksiamne 11 ill last Monday</OldTextValue>
    <NewTextValue>visit to Moksiamne Hill last Monday</NewTextValue>
  </TextCorrectedLine>
  <TextCorrectedLine lineID="P3_TL01013">
    <OldTextValue>n night, Dr. ■* EBd icott,- » who '■' was uo-</OldTextValue>
    <NewTextValue>night, Dr. Endicott, who was ac-</NewTextValue>
  </TextCorrectedLine>
  <TextCorrectedLine lineID="P3_TL01014">
    <OldTextValue>o opmpauied by "Socky" Arditto, met</OldTextValue>
    <NewTextValue>companied by "Socky" Arditto, met</NewTextValue>
  </TextCorrectedLine>
  <TextCorrectedLine lineID="P3_TL01015">
    <OldTextValue>w with v capsizu. &gt; It was dark, and</OldTextValue>
    <NewTextValue>with a capsize.   It was dark, and</NewTextValue>
  </TextCorrectedLine>
  <TextCorrectedLine lineID="P3_TL01016">
    <OldTextValue>t their buggy lantern had become</OldTextValue>
    <NewTextValue>their buggy lantern had become</NewTextValue>
  </TextCorrectedLine>
  <TextCorrectedLine lineID="P3_TL01017">
    <OldTextValue>e extinguished near tbe junction of the</OldTextValue>
    <NewTextValue>extinguished near tbe junction of the</NewTextValue>
  </TextCorrectedLine>
  <TextCorrectedLine lineID="P3_TL01018">
    <OldTextValue>M Mokelumue Hill and Paloma roads.</OldTextValue>
    <NewTextValue>Mokelumue Hill and Paloma roads.</NewTextValue>
  </TextCorrectedLine>
  <TextCorrectedLine lineID="P3_TL01019">
    <OldTextValue>A A short distance trom the Hill, they</OldTextValue>
    <NewTextValue>A short distance trom the Hill, they</NewTextValue>
  </TextCorrectedLine>
  <TextCorrectedLine lineID="P3_TL01020">
    <OldTextValue>r ran into » bad ' chuck hole,' and the</OldTextValue>
    <NewTextValue>ran into a bad   chuck hole, and the</NewTextValue>
  </TextCorrectedLine>
  <TextCorrectedLine lineID="P3_TL01021">
    <OldTextValue>b buggy was overturned. The horse</OldTextValue>
    <NewTextValue>buggy was overturned. The horse</NewTextValue>
  </TextCorrectedLine>
  <TextCorrectedLine lineID="P3_TL01022">
    <OldTextValue>c continued its journey borne, scatter-</OldTextValue>
    <NewTextValue>continued its journey borne, scatter-</NewTextValue>
  </TextCorrectedLine>
  <TextCorrectedLine lineID="P3_TL01023">
    <OldTextValue>i ing fragments of tb* vehicle along the</OldTextValue>
    <NewTextValue>ing fragments of the vehicle along the</NewTextValue>
  </TextCorrectedLine>
  <TextCorrectedLine lineID="P3_TL01024">
    <OldTextValue>r road. The occupants were unhuit,</OldTextValue>
    <NewTextValue>road. The occupants were unhurt,</NewTextValue>
  </TextCorrectedLine>
  <TextCorrectedLine lineID="P3_TL01025">
    <OldTextValue>. .They: footed it book -to the hill, and</OldTextValue>
    <NewTextValue>They footed it book to the hill, and</NewTextValue>
  </TextCorrectedLine>
  <TextCorrectedLine lineID="P3_TL01026">
    <OldTextValue>s secured ! another team and | got to</OldTextValue>
    <NewTextValue>secured  another team and  got to</NewTextValue>
  </TextCorrectedLine>
  <TextCorrectedLine lineID="P3_TL01027">
    <OldTextValue>J Jackson shortly Rafter midnight, (be</OldTextValue>
    <NewTextValue>Jackson shortly after midnight, the</NewTextValue>
  </TextCorrectedLine>
  <TextCorrectedLine lineID="P3_TL01028">
    <OldTextValue>t tuiunt horse puttng in an appearance</OldTextValue>
    <NewTextValue>turant horse puttng in an appearance</NewTextValue>
  </TextCorrectedLine>
  <TextCorrectedLine lineID="P3_TL01029">
    <OldTextValue>a about 15 minutes ahead of them. The</OldTextValue>
    <NewTextValue>about 15 minutes ahead of them. The</NewTextValue>
  </TextCorrectedLine>
  <TextCorrectedLine lineID="P3_TL01030">
    <OldTextValue>d doctor's : buggy was gathered up, and</OldTextValue>
    <NewTextValue>doctor's   buggy was gathered up, and</NewTextValue>
  </TextCorrectedLine>
  <TextCorrectedLine lineID="P3_TL01031">
    <OldTextValue>b brought to Ford's blacksmith shop</OldTextValue>
    <NewTextValue>brought to Ford's blacksmith shop</NewTextValue>
  </TextCorrectedLine>
  <TextCorrectedLine lineID="P3_TL01032">
    <OldTextValue>f for repairs. ■;;. •</OldTextValue>
    <NewTextValue>for repairs.</NewTextValue>
  </TextCorrectedLine>
  <TextCorrectedLine lineID="P3_TL01033">
    <OldTextValue>' Miss Myrtle Huyford - has returned</OldTextValue>
    <NewTextValue>Miss Myrtle Hayford - has returned</NewTextValue>
  </TextCorrectedLine>
  <TextCorrectedLine lineID="P3_TL01034">
    <OldTextValue>w with a complete stock of millinery,</OldTextValue>
    <NewTextValue>with a complete stock of millinery,</NewTextValue>
  </TextCorrectedLine>
  <TextCorrectedLine lineID="P3_TL01035">
    <OldTextValue>v veils, confirmation wreaths, plain and</OldTextValue>
    <NewTextValue>veils, confirmation wreaths, plain and</NewTextValue>
  </TextCorrectedLine>
  <TextCorrectedLine lineID="P3_TL01036">
    <OldTextValue>f fancy ribbons.;- ;.;•&gt;%• '.;■:&gt; "■■'■■</OldTextValue>
    <NewTextValue>fancy ribbons.</NewTextValue>
  </TextCorrectedLine>
  <TextCorrectedLine lineID="P3_TL01037">
    <OldTextValue>( (ieo. Wellei returned Monday even-</OldTextValue>
    <NewTextValue>Geo. Weller returned Monday even-</NewTextValue>
  </TextCorrectedLine>
  <TextCorrectedLine lineID="P3_TL01038">
    <OldTextValue>i ing after a week stay" in San' Fran-</OldTextValue>
    <NewTextValue>ing after a week's stay in San Fran-</NewTextValue>
  </TextCorrectedLine>
  <TextCorrectedLine lineID="P3_TL01039">
    <OldTextValue>ooisoo and Sacramentn.</OldTextValue>
    <NewTextValue>cisco and Sacramento.</NewTextValue>
  </TextCorrectedLine>
  <TextCorrectedLine lineID="P3_TL01040">
    <OldTextValue>■ 'Phil Huberts, snatt 'man at the</OldTextValue>
    <NewTextValue>Phil Roberts, shaft man at the</NewTextValue>
  </TextCorrectedLine>
  <TextCorrectedLine lineID="P3_TL01041">
    <OldTextValue>Z Zeila, resumed .-work Tuesday morn-</OldTextValue>
    <NewTextValue>Zeila, resumed .-work Tuesday morn-</NewTextValue>
  </TextCorrectedLine>
  <TextCorrectedLine lineID="P3_TL01043">
    <OldTextValue>0110 11 account ot his health. ■ :* .</OldTextValue>
    <NewTextValue>on account ot his health.</NewTextValue>
  </TextCorrectedLine>
</TextCorrectedBlock>
