<TextCorrectedBlock pageOID="AL19100513.1.3" blockID="P3_CB00002" userID="[redacted]">
  <TextCorrectedLine lineID="P3_TL00419">
    <OldTextValue>SUttcr Creek, Amador Co. Calif.</OldTextValue>
    <NewTextValue>Sutter Creek, Amador Co. Calif.</NewTextValue>
  </TextCorrectedLine>
  <TextCorrectedLine lineID="P3_TL00420">
    <OldTextValue>Located In tho Foothills</OldTextValue>
    <NewTextValue>Located In the Foothills</NewTextValue>
  </TextCorrectedLine>
  <TextCorrectedLine lineID="P3_TL00429">
    <OldTextValue>»</OldTextValue>
    <NewTextValue></NewTextValue>
  </TextCorrectedLine>
  <TextCorrectedLine lineID="P3_TL00430">
    <OldTextValue>A trial will convince y0u....</OldTextValue>
    <NewTextValue>A trial will convince you....</NewTextValue>
  </TextCorrectedLine>
  <TextCorrectedLine lineID="P3_TL00433">
    <OldTextValue>. A£k JL lyM J!LJU mMJI JL JkiJU ni</OldTextValue>
    <NewTextValue>NEW  NATIONAL HOTEL</NewTextValue>
  </TextCorrectedLine>
  <TextCorrectedLine lineID="P3_TL00434">
    <OldTextValue>Jackson, Amador County, Cal. II</OldTextValue>
    <NewTextValue>Jackson, Amador County, Cal.</NewTextValue>
  </TextCorrectedLine>
  <TextCorrectedLine lineID="P3_TL00436">
    <OldTextValue>Stage Office for all point?</OldTextValue>
    <NewTextValue>Stage Office for all points</NewTextValue>
  </TextCorrectedLine>
</TextCorrectedBlock>
