<TextCorrectedBlock pageOID="AL19080605.1.6" blockID="P6_TB00002" userID="[redacted]">
  <TextCorrectedLine lineID="P6_TL00002">
    <OldTextValue>Tbe most deliaate part ot a baby is</OldTextValue>
    <NewTextValue>The most delicate part of a baby is</NewTextValue>
  </TextCorrectedLine>
  <TextCorrectedLine lineID="P6_TL00003">
    <OldTextValue>it's bowels. tivery ailment that it</OldTextValue>
    <NewTextValue>it's bowels. Every ailment that it</NewTextValue>
  </TextCorrectedLine>
  <TextCorrectedLine lineID="P6_TL00005">
    <OldTextValue>endangering in most cases tbe life of</OldTextValue>
    <NewTextValue>endangering in most cases the life of</NewTextValue>
  </TextCorrectedLine>
  <TextCorrectedLine lineID="P6_TL00006">
    <OldTextValue>tbe infant. McUee's Hatty Klixir</OldTextValue>
    <NewTextValue>the infant. McGee's Baby Elixir</NewTextValue>
  </TextCorrectedLine>
  <TextCorrectedLine lineID="P6_TL00007">
    <OldTextValue>cures diarrhoea, dysentery aud all de-</OldTextValue>
    <NewTextValue>cures diarrhorea, dysentery and all de-</NewTextValue>
  </TextCorrectedLine>
  <TextCorrectedLine lineID="P6_TL00008">
    <OldTextValue>rangements ot tbe stomach or bowels.</OldTextValue>
    <NewTextValue>rangements ot the stomach or bowels.</NewTextValue>
  </TextCorrectedLine>
  <TextCorrectedLine lineID="P6_TL00009">
    <OldTextValue>Sold by Kusher's City Pharmacy.</OldTextValue>
    <NewTextValue>Sold by Rusher's City Pharmacy.</NewTextValue>
  </TextCorrectedLine>
</TextCorrectedBlock>
