<TextCorrectedBlock pageOID="AL19040513.1.2" blockID="P2_TB00088" userID="[redacted]">
  <TextCorrectedLine lineID="P2_TL00737">
    <OldTextValue>song, Ola Worlev, Annie Barnes and</OldTextValue>
    <NewTextValue>song, Ola Worley (Werly), Annie Barnes and</NewTextValue>
  </TextCorrectedLine>
  <TextCorrectedLine lineID="P2_TL00746">
    <OldTextValue>Ola Worley and Donald Bradshaw;</OldTextValue>
    <NewTextValue>Ola Worley (Werly) and Donald Bradshaw;</NewTextValue>
  </TextCorrectedLine>
</TextCorrectedBlock>
<TextCorrectedBlock pageOID="AL19040513.1.2" blockID="P2_CB00002" userID="[redacted]">
  <TextCorrectedLine lineID="P2_TL00810">
    <OldTextValue>m . as</OldTextValue>
    <NewTextValue></NewTextValue>
  </TextCorrectedLine>
  <TextCorrectedLine lineID="P2_TL00811">
    <OldTextValue>1 W ABBI¥ED^I</OldTextValue>
    <NewTextValue>" ARRIVED "</NewTextValue>
  </TextCorrectedLine>
  <TextCorrectedLine lineID="P2_TL00812">
    <OldTextValue>. In the city of Jackson, some few days ago</OldTextValue>
    <NewTextValue>In the city of Jackson, some few days ago</NewTextValue>
  </TextCorrectedLine>
  <TextCorrectedLine lineID="P2_TL00814">
    <OldTextValue>that they are the talkVpf the town. One</OldTextValue>
    <NewTextValue>that they are the talk of the town. One</NewTextValue>
  </TextCorrectedLine>
  <TextCorrectedLine lineID="P2_TL00819">
    <OldTextValue>I CITY PHARMACY (Rott. I. Kerr) JACKSON .</OldTextValue>
    <NewTextValue>CITY PHARMACY (Robt. I. Kerr) JACKSON</NewTextValue>
  </TextCorrectedLine>
  <TextCorrectedLine lineID="P2_TL00820">
    <OldTextValue>- • — ■■■ m</OldTextValue>
    <NewTextValue></NewTextValue>
  </TextCorrectedLine>
  <TextCorrectedLine lineID="P2_TL00821">
    <OldTextValue>1 1 mXi- Siiia- m</OldTextValue>
    <NewTextValue>MAX LADAR</NewTextValue>
  </TextCorrectedLine>
  <TextCorrectedLine lineID="P2_TL00822">
    <OldTextValue>! — . " - • • ?.</OldTextValue>
    <NewTextValue></NewTextValue>
  </TextCorrectedLine>
  <TextCorrectedLine lineID="P2_TL00823">
    <OldTextValue>$ ** * Having just re- Main St. Jackson i A</OldTextValue>
    <NewTextValue>Having just re-                  Main St. Jackson</NewTextValue>
  </TextCorrectedLine>
  <TextCorrectedLine lineID="P2_TL00824">
    <OldTextValue>A * * * ceived my Sprinsr ■• ■' &lt;^-&lt;*'</OldTextValue>
    <NewTextValue>ceived my Spring</NewTextValue>
  </TextCorrectedLine>
  <TextCorrectedLine lineID="P2_TL00825">
    <OldTextValue>I * * s • )k</OldTextValue>
    <NewTextValue></NewTextValue>
  </TextCorrectedLine>
  <TextCorrectedLine lineID="P2_TL00826">
    <OldTextValue>*' * ■ * Goods in all lat- M y all-ready made suits this</OldTextValue>
    <NewTextValue>Goods in all lat-                            My all-ready made suits this</NewTextValue>
  </TextCorrectedLine>
  <TextCorrectedLine lineID="P2_TL00827">
    <OldTextValue>A est shades and designs, iden- Spring surpass anything that .</OldTextValue>
    <NewTextValue>est shades and designs, iden-     Spring surpass anything that .</NewTextValue>
  </TextCorrectedLine>
  <TextCorrectedLine lineID="P2_TL00828">
    <OldTextValue>f s ' . was ever brought to this town £</OldTextValue>
    <NewTextValue>-                                                     was ever brought to this town</NewTextValue>
  </TextCorrectedLine>
  <TextCorrectedLine lineID="P2_TL00829">
    <OldTextValue>' tified with correct tailoring V before, and the prices of the</OldTextValue>
    <NewTextValue>tified with correct tailoring               before, and the prices of the</NewTextValue>
  </TextCorrectedLine>
  <TextCorrectedLine lineID="P2_TL00830">
    <OldTextValue>%i for the season of 1904, it is Same are easily withln the k</OldTextValue>
    <NewTextValue>for the season of 1904, it is            same are easily withln the</NewTextValue>
  </TextCorrectedLine>
  <TextCorrectedLine lineID="P2_TL00831">
    <OldTextValue>M — reach of every one. {&gt;</OldTextValue>
    <NewTextValue>—                                                     reach of every one.</NewTextValue>
  </TextCorrectedLine>
  <TextCorrectedLine lineID="P2_TL00832">
    <OldTextValue>A</OldTextValue>
    <NewTextValue></NewTextValue>
  </TextCorrectedLine>
  <TextCorrectedLine lineID="P2_TL00833">
    <OldTextValue>gf my aim to show you an Remember one thing ! To get</OldTextValue>
    <NewTextValue>my aim to show you an                    Remember one thing ! To get</NewTextValue>
  </TextCorrectedLine>
  <TextCorrectedLine lineID="P2_TL00834">
    <OldTextValue>j extensive assortment a suit to fit you, it must be</OldTextValue>
    <NewTextValue>extensive assortment                       a suit to fit you, it must be</NewTextValue>
  </TextCorrectedLine>
  <TextCorrectedLine lineID="P2_TL00835">
    <OldTextValue>such as I have never basted and fitted on before be- h</OldTextValue>
    <NewTextValue>such as I have never                          basted and fitted on before be-</NewTextValue>
  </TextCorrectedLine>
  <TextCorrectedLine lineID="P2_TL00836">
    <OldTextValue>&lt;S had before. ing made up.</OldTextValue>
    <NewTextValue>had before.                                   ing made up.</NewTextValue>
  </TextCorrectedLine>
</TextCorrectedBlock>
<TextCorrectedBlock pageOID="AL19040513.1.2" blockID="P2_TB00019" userID="[redacted]">
  <TextCorrectedLine lineID="P2_TL00210">
    <OldTextValue>and the bright outlook' for a reason-</OldTextValue>
    <NewTextValue>and the bright outlook for a reason-</NewTextValue>
  </TextCorrectedLine>
  <TextCorrectedLine lineID="P2_TL00212">
    <OldTextValue>time expended in every shade of Indus-</OldTextValue>
    <NewTextValue>time expended in every shade of indus-</NewTextValue>
  </TextCorrectedLine>
  <TextCorrectedLine lineID="P2_TL00214">
    <OldTextValue>condition, and being seated behind %</OldTextValue>
    <NewTextValue>condition, and being seated behind</NewTextValue>
  </TextCorrectedLine>
  <TextCorrectedLine lineID="P2_TL00229">
    <OldTextValue>attract the attention of passers-by * for</OldTextValue>
    <NewTextValue>attract the attention of passers-by  for</NewTextValue>
  </TextCorrectedLine>
  <TextCorrectedLine lineID="P2_TL00231">
    <OldTextValue>Florence Giann'.ni runs the hotel and</OldTextValue>
    <NewTextValue>Florence Giannini runs the hotel and</NewTextValue>
  </TextCorrectedLine>
</TextCorrectedBlock>
<TextCorrectedBlock pageOID="AL19040513.1.3" blockID="P3_TB00071" userID="[redacted]">
  <TextCorrectedLine lineID="P3_TL00724">
    <OldTextValue>■ Pioneer Flour always has beeD</OldTextValue>
    <NewTextValue>Pioneer Flour always has been</NewTextValue>
  </TextCorrectedLine>
  <TextCorrectedLine lineID="P3_TL00726">
    <OldTextValue>■ If you want a good harness at reason-</OldTextValue>
    <NewTextValue>If you want a good harness at reason-</NewTextValue>
  </TextCorrectedLine>
  <TextCorrectedLine lineID="P3_TL00733">
    <OldTextValue>'- Nothing will please an invalid as well</OldTextValue>
    <NewTextValue>Nothing will please an invalid as well</NewTextValue>
  </TextCorrectedLine>
  <TextCorrectedLine lineID="P3_TL00734">
    <OldTextValue>..as a package of those fancy cakes from</OldTextValue>
    <NewTextValue>as a package of those fancy cakes from</NewTextValue>
  </TextCorrectedLine>
  <TextCorrectedLine lineID="P3_TL00740">
    <OldTextValue>cardo's" harness shop.-,- .' •</OldTextValue>
    <NewTextValue>cardo's" harness shop.</NewTextValue>
  </TextCorrectedLine>
</TextCorrectedBlock>
<TextCorrectedBlock pageOID="AL19040513.1.3" blockID="P3_TB00071" userID="[redacted]">
  <TextCorrectedLine lineID="P3_TL00732">
    <OldTextValue>to sp. to. Phone Main 404. Jackson,</OldTextValue>
    <NewTextValue>to 5 p. m.    Phone Main 404. Jackson, Cal.</NewTextValue>
  </TextCorrectedLine>
</TextCorrectedBlock>
<TextCorrectedBlock pageOID="AL19040513.1.3" blockID="P3_TB00036" userID="[redacted]">
  <TextCorrectedLine lineID="P3_TL00367">
    <OldTextValue>demanded that all those who bad quit</OldTextValue>
    <NewTextValue>demanded that all those who had quit</NewTextValue>
  </TextCorrectedLine>
  <TextCorrectedLine lineID="P3_TL00371">
    <OldTextValue>pressor was undergoing repair*, and it</OldTextValue>
    <NewTextValue>pressor was undergoing repairs, and it</NewTextValue>
  </TextCorrectedLine>
</TextCorrectedBlock>
<TextCorrectedBlock pageOID="AL19040513.1.2" blockID="P2_TB00065" userID="[redacted]">
  <TextCorrectedLine lineID="P2_TL00495">
    <OldTextValue>Store. ■■': ■ '■</OldTextValue>
    <NewTextValue>Store.</NewTextValue>
  </TextCorrectedLine>
</TextCorrectedBlock>
<TextCorrectedBlock pageOID="AL19040513.1.2" blockID="P2_TB00006" userID="[redacted]">
  <TextCorrectedLine lineID="P2_TL00013">
    <OldTextValue>before they are hatched, " May me Lut-</OldTextValue>
    <NewTextValue>before they are hatched, " Mayme Lut-</NewTextValue>
  </TextCorrectedLine>
  <TextCorrectedLine lineID="P2_TL00016">
    <OldTextValue>Beam and Stewart Batcbeldei-; the</OldTextValue>
    <NewTextValue>Beam and Stewart Batcbelder; the</NewTextValue>
  </TextCorrectedLine>
</TextCorrectedBlock>
<TextCorrectedBlock pageOID="AL19040513.1.2" blockID="P2_TB00015" userID="[redacted]">
  <TextCorrectedLine lineID="P2_TL00074">
    <OldTextValue>I The following instruments hare been filed</OldTextValue>
    <NewTextValue>[ The following instruments hare been filed</NewTextValue>
  </TextCorrectedLine>
  <TextCorrectedLine lineID="P2_TL00075">
    <OldTextValue>Jor record In the recorder's office since our last</OldTextValue>
    <NewTextValue>for record In the recorder's office since our last</NewTextValue>
  </TextCorrectedLine>
  <TextCorrectedLine lineID="P2_TL00087">
    <OldTextValue>W. H. Lessley to' Harold B. Schenck,</OldTextValue>
    <NewTextValue>W. H. Lessley to Harold B. Schenck,</NewTextValue>
  </TextCorrectedLine>
  <TextCorrectedLine lineID="P2_TL00091">
    <OldTextValue>Hattie o'Nell to William H. Green-</OldTextValue>
    <NewTextValue>Hattie O'Nell to William H. Green-</NewTextValue>
  </TextCorrectedLine>
</TextCorrectedBlock>
<TextCorrectedBlock pageOID="AL19040513.1.1" blockID="P1_CB00001" userID="[redacted]">
  <TextCorrectedLine lineID="P1_TL00577">
    <OldTextValue>IS THE RED FRONT |i|gi^ *</OldTextValue>
    <NewTextValue>LOOK    THE RED FRONT</NewTextValue>
  </TextCorrectedLine>
  <TextCorrectedLine lineID="P1_TL00578">
    <OldTextValue>■rD D X - vVe Lead</OldTextValue>
    <NewTextValue>We Lead and</NewTextValue>
  </TextCorrectedLine>
  <TextCorrectedLine lineID="P1_TL00579">
    <OldTextValue>■ , DDK Jackson's Most Reliable Store AN^</OldTextValue>
    <NewTextValue>Jackson's Most Reliable Store</NewTextValue>
  </TextCorrectedLine>
  <TextCorrectedLine lineID="P1_TL00580">
    <OldTextValue>JO OK J^om dishes are in^ OTHERS FOLLOW</OldTextValue>
    <NewTextValue>OTHERS FOLLOW</NewTextValue>
  </TextCorrectedLine>
  <TextCorrectedLine lineID="P1_TL00581">
    <OldTextValue>.■■■■■■■l Ticket holders will please r^^^^^z ■</OldTextValue>
    <NewTextValue>Ticket holders will please</NewTextValue>
  </TextCorrectedLine>
  <TextCorrectedLine lineID="P1_TL00582">
    <OldTextValue>' come at oiwe. ;,x^ . .</OldTextValue>
    <NewTextValue>come at once.</NewTextValue>
  </TextCorrectedLine>
  <TextCorrectedLine lineID="P1_TL00587">
    <OldTextValue>v.-. __ " '-'j{ ; '"V* V.tv. ;Sr.'V v --' w ''\:;. li£*-~~.A1 i £*-~~.A ■•'.■'7 ■ " "~</OldTextValue>
    <NewTextValue></NewTextValue>
  </TextCorrectedLine>
</TextCorrectedBlock>
<TextCorrectedBlock pageOID="AL19040513.1.1" blockID="P1_CB00001" userID="[redacted]">
  <TextCorrectedLine lineID="P1_TL00577">
    <OldTextValue>LOOK    THE RED FRONT</OldTextValue>
    <NewTextValue>LOOK        THE RED FRONT</NewTextValue>
  </TextCorrectedLine>
  <TextCorrectedLine lineID="P1_TL00578">
    <OldTextValue>We Lead and</OldTextValue>
    <NewTextValue>Jackson's Most Reliable Store</NewTextValue>
  </TextCorrectedLine>
  <TextCorrectedLine lineID="P1_TL00579">
    <OldTextValue>Jackson's Most Reliable Store</OldTextValue>
    <NewTextValue>We Lead and</NewTextValue>
  </TextCorrectedLine>
</TextCorrectedBlock>
