<TextCorrectedBlock pageOID="AL19090528.1.8" blockID="P8_TB00014" userID="[redacted]">
  <TextCorrectedLine lineID="P8_TL00201">
    <OldTextValue>Distiiut Attorney MoNoble, of</OldTextValue>
    <NewTextValue>District Attorney McNoble, of</NewTextValue>
  </TextCorrectedLine>
  <TextCorrectedLine lineID="P8_TL00202">
    <OldTextValue>Stockton, bopes to secure trom tbe</OldTextValue>
    <NewTextValue>Stockton, hopes to secure from the</NewTextValue>
  </TextCorrectedLine>
  <TextCorrectedLine lineID="P8_TL00203">
    <OldTextValue>supreme court a rehearing in tbe case</OldTextValue>
    <NewTextValue>supreme court a rehearing in the case</NewTextValue>
  </TextCorrectedLine>
  <TextCorrectedLine lineID="P8_TL00204">
    <OldTextValue>of Mrs Emma Jjo Uoux, tbe convicted</OldTextValue>
    <NewTextValue>of Mrs Emma Le Doux, the convicted</NewTextValue>
  </TextCorrectedLine>
  <TextCorrectedLine lineID="P8_TL00205">
    <OldTextValue>murderess of ber bubaand, whom tbe</OldTextValue>
    <NewTextValue>murderess of her hubsand, whom the</NewTextValue>
  </TextCorrectedLine>
  <TextCorrectedLine lineID="P8_TL00206">
    <OldTextValue>court granted a new trial on tbe</OldTextValue>
    <NewTextValue>court granted a new trial on the</NewTextValue>
  </TextCorrectedLine>
  <TextCorrectedLine lineID="P8_TL00208">
    <OldTextValue>and tbe superior judge. The district</OldTextValue>
    <NewTextValue>and the superior judge. The district</NewTextValue>
  </TextCorrectedLine>
  <TextCorrectedLine lineID="P8_TL00209">
    <OldTextValue>attorney will ask tbe attorney general</OldTextValue>
    <NewTextValue>attorney will ask the attorney general</NewTextValue>
  </TextCorrectedLine>
  <TextCorrectedLine lineID="P8_TL00210">
    <OldTextValue>to petition tbe court for a rehearing</OldTextValue>
    <NewTextValue>to petition the court for a rehearing</NewTextValue>
  </TextCorrectedLine>
  <TextCorrectedLine lineID="P8_TL00211">
    <OldTextValue>of tbe argument on which the new</OldTextValue>
    <NewTextValue>of the argument on which the new</NewTextValue>
  </TextCorrectedLine>
</TextCorrectedBlock>
<TextCorrectedBlock pageOID="AL19090528.1.8" blockID="P8_TB00017" userID="[redacted]">
  <TextCorrectedLine lineID="P8_TL00222">
    <OldTextValue>Watob the men us they walk along</OldTextValue>
    <NewTextValue>Watch the men as they walk along</NewTextValue>
  </TextCorrectedLine>
  <TextCorrectedLine lineID="P8_TL00223">
    <OldTextValue>tbe etieet, some oatob your attention,</OldTextValue>
    <NewTextValue>tbe street, some catch your attention,</NewTextValue>
  </TextCorrectedLine>
  <TextCorrectedLine lineID="P8_TL00224">
    <OldTextValue>some don't. It's all tbe way a suit</OldTextValue>
    <NewTextValue>some don't. It's all the way a suit</NewTextValue>
  </TextCorrectedLine>
  <TextCorrectedLine lineID="P8_TL00225">
    <OldTextValue>II Ih. A well fitted garment always</OldTextValue>
    <NewTextValue>fits.  A well fitted garment always</NewTextValue>
  </TextCorrectedLine>
  <TextCorrectedLine lineID="P8_TL00226">
    <OldTextValue>attraots attention. It Isn't easy to</OldTextValue>
    <NewTextValue>attracts attention. It Isn't easy to</NewTextValue>
  </TextCorrectedLine>
  <TextCorrectedLine lineID="P8_TL00227">
    <OldTextValue>lit a man, because most men are</OldTextValue>
    <NewTextValue>fit a man, because most men are</NewTextValue>
  </TextCorrectedLine>
  <TextCorrectedLine lineID="P8_TL00228">
    <OldTextValue>built differently. Jt takes skill lo</OldTextValue>
    <NewTextValue>built differently. It takes skill lo</NewTextValue>
  </TextCorrectedLine>
  <TextCorrectedLine lineID="P8_TL00229">
    <OldTextValue>do It. Wheu men's elotbe's Mun't lit</OldTextValue>
    <NewTextValue>do it. When men's clothes don't fit</NewTextValue>
  </TextCorrectedLine>
  <TextCorrectedLine lineID="P8_TL00230">
    <OldTextValue>tbe idea ia conveyed tbat somebody</OldTextValue>
    <NewTextValue>the idea is conveyed that somebody</NewTextValue>
  </TextCorrectedLine>
  <TextCorrectedLine lineID="P8_TL00231">
    <OldTextValue>is trying to save rnouey in the wrong</OldTextValue>
    <NewTextValue>is trying to save money in the wrong</NewTextValue>
  </TextCorrectedLine>
  <TextCorrectedLine lineID="P8_TL00232">
    <OldTextValue>plaoe. My olotbos fit in every Ronso</OldTextValue>
    <NewTextValue>place. My clothes fit in every sense</NewTextValue>
  </TextCorrectedLine>
  <TextCorrectedLine lineID="P8_TL00233">
    <OldTextValue>of tbe word. Talent is modled In</OldTextValue>
    <NewTextValue>of the word. Talent is modled In</NewTextValue>
  </TextCorrectedLine>
  <TextCorrectedLine lineID="P8_TL00235">
    <OldTextValue>gauoe and grace lv every movement.</OldTextValue>
    <NewTextValue>gance and grace in every movement.</NewTextValue>
  </TextCorrectedLine>
  <TextCorrectedLine lineID="P8_TL00236">
    <OldTextValue>A good suit ia alwuys an investment,</OldTextValue>
    <NewTextValue>A good suit is always an investment,</NewTextValue>
  </TextCorrectedLine>
  <TextCorrectedLine lineID="P8_TL00237">
    <OldTextValue>not an expense. Try Win. Itoas, tbe</OldTextValue>
    <NewTextValue>not an expense. Try Win. Itoas, the</NewTextValue>
  </TextCorrectedLine>
</TextCorrectedBlock>
<TextCorrectedBlock pageOID="AL19090528.1.8" blockID="P8_TB00016" userID="[redacted]">
  <TextCorrectedLine lineID="P8_TL00214">
    <OldTextValue>Order of aervloes at tbe Methodist</OldTextValue>
    <NewTextValue>Order of services at the Methodist</NewTextValue>
  </TextCorrectedLine>
  <TextCorrectedLine lineID="P8_TL00215">
    <OldTextValue>Kplsaopal church as follows: Hun-</OldTextValue>
    <NewTextValue>Episcopal church as follows: Sun-</NewTextValue>
  </TextCorrectedLine>
  <TextCorrectedLine lineID="P8_TL00216">
    <OldTextValue>day ecbool at 2 p. ni , preacbing ser-</OldTextValue>
    <NewTextValue>day school at 2 p. m., preaching ser-</NewTextValue>
  </TextCorrectedLine>
  <TextCorrectedLine lineID="P8_TL00220">
    <OldTextValue>i'lib public ia cordially iuvited to</OldTextValue>
    <NewTextValue>The public is cordially invited to</NewTextValue>
  </TextCorrectedLine>
</TextCorrectedBlock>
<TextCorrectedBlock pageOID="AL19090528.1.8" blockID="P8_CB00003" userID="[redacted]">
  <TextCorrectedLine lineID="P8_TL00635">
    <OldTextValue>New Discovery, and seeing ita ex</OldTextValue>
    <NewTextValue>New Discovery, and seeing its ex</NewTextValue>
  </TextCorrectedLine>
  <TextCorrectedLine lineID="P8_TL00646">
    <OldTextValue>Guaranteed by Huhser'a City I'bar-</OldTextValue>
    <NewTextValue>Guaranteed by Ruhser's City Phar-</NewTextValue>
  </TextCorrectedLine>
  <TextCorrectedLine lineID="P8_TL00647">
    <OldTextValue>inHoy.</OldTextValue>
    <NewTextValue>macy.</NewTextValue>
  </TextCorrectedLine>
  <TextCorrectedLine lineID="P8_TL00648">
    <OldTextValue>With Mrs. NETTIE HARRISON'S</OldTextValue>
    <NewTextValue>STOP GRAY HAIR  With Mrs. NETTIE HARRISON'S</NewTextValue>
  </TextCorrectedLine>
</TextCorrectedBlock>
<TextCorrectedBlock pageOID="AL19090528.1.8" blockID="P8_CB00004" userID="[redacted]">
  <TextCorrectedLine lineID="P8_TL00719">
    <OldTextValue>THE TWO HORSE BRAND || \</OldTextValue>
    <NewTextValue>THE TWO HORSE BRAND</NewTextValue>
  </TextCorrectedLine>
</TextCorrectedBlock>
<TextCorrectedBlock pageOID="AL19090528.1.8" blockID="P8_CB00004" userID="[redacted]">
  <TextCorrectedLine lineID="P8_TL00719">
    <OldTextValue>THE TWO HORSE BRAND</OldTextValue>
    <NewTextValue>THE TWO HORSE BRAND   OVERALLS   LEVI STRAUSS &amp; CO     SAN FRANCISCO</NewTextValue>
  </TextCorrectedLine>
</TextCorrectedBlock>
<TextCorrectedBlock pageOID="AL19090528.1.8" blockID="P8_CB00003" userID="[redacted]">
  <TextCorrectedLine lineID="P8_TL00630">
    <OldTextValue>• Won't Slight a Good Friend</OldTextValue>
    <NewTextValue>Won't Slight a Good Friend</NewTextValue>
  </TextCorrectedLine>
  <TextCorrectedLine lineID="P8_TL00631">
    <OldTextValue>"If evor I need n cougb medicine</OldTextValue>
    <NewTextValue>"If ever I need a cough medicine</NewTextValue>
  </TextCorrectedLine>
</TextCorrectedBlock>
<TextCorrectedBlock pageOID="AL19090528.1.8" blockID="P8_CB00002" userID="[redacted]">
  <TextCorrectedLine lineID="P8_TL00554">
    <OldTextValue>! L, M. CUTTING &amp; CO. 5</OldTextValue>
    <NewTextValue>L. M. CUTTING &amp; CO.</NewTextValue>
  </TextCorrectedLine>
  <TextCorrectedLine lineID="P8_TL00555">
    <OldTextValue>• r»ini.iiHiio,i ir«o. ; • '</OldTextValue>
    <NewTextValue>Established 1860</NewTextValue>
  </TextCorrectedLine>
  <TextCorrectedLine lineID="P8_TL00556">
    <OldTextValue>1 Real Estate, Loans, and Insurance. •</OldTextValue>
    <NewTextValue>Real Estate, Loans, and Insurance.</NewTextValue>
  </TextCorrectedLine>
  <TextCorrectedLine lineID="P8_TL00557">
    <OldTextValue>2 Oldest Firm in the Valley. Sne us if you desire lo buy oa sell foul poopttty J</OldTextValue>
    <NewTextValue>Oldest Firm in the Valley. See us if you desire to buy or sell real peopetty</NewTextValue>
  </TextCorrectedLine>
  <TextCorrectedLine lineID="P8_TL00558">
    <OldTextValue>• 15 N. Hunter Street, Stockton, Cal. 2</OldTextValue>
    <NewTextValue>15 N. Hunter Street,    Stockton, Cal.</NewTextValue>
  </TextCorrectedLine>
  <TextCorrectedLine lineID="P8_TL00559">
    <OldTextValue>**«*«(iii*«*4Do«t«oa«»»OMOiiaao9*t*9coca(a&gt;o«too9oafM</OldTextValue>
    <NewTextValue></NewTextValue>
  </TextCorrectedLine>
  <TextCorrectedLine lineID="P8_TL00560">
    <OldTextValue>■ - ■ i- .</OldTextValue>
    <NewTextValue>NEW</NewTextValue>
  </TextCorrectedLine>
  <TextCorrectedLine lineID="P8_TL00561">
    <OldTextValue>Jackson, Amador County, Cal. II</OldTextValue>
    <NewTextValue>Jackson, Amador County, Cal.</NewTextValue>
  </TextCorrectedLine>
  <TextCorrectedLine lineID="P8_TL00564">
    <OldTextValue>Fine Samplo Rooms for Commercial Travelers.</OldTextValue>
    <NewTextValue>Fine Sample Rooms for Commercial Travelers.</NewTextValue>
  </TextCorrectedLine>
  <TextCorrectedLine lineID="P8_TL00568">
    <OldTextValue>| San Joaquin Valley Bnilding&amp;Loan Association |</OldTextValue>
    <NewTextValue>San Joaquin Valley Bnilding&amp;Loan Association</NewTextValue>
  </TextCorrectedLine>
  <TextCorrectedLine lineID="P8_TL00569">
    <OldTextValue>4» MAKES LOANS TO HOME BUILDERS &lt;b</OldTextValue>
    <NewTextValue>MAKES LOANS TO HOME BUILDERS</NewTextValue>
  </TextCorrectedLine>
  <TextCorrectedLine lineID="P8_TL00571">
    <OldTextValue>fU Tssues monthly instalment aud investment paid-up stocks, with fU</OldTextValue>
    <NewTextValue>Issues monthly instalment and investment paid-up stocks, with</NewTextValue>
  </TextCorrectedLine>
  <TextCorrectedLine lineID="P8_TL00572">
    <OldTextValue>Ju- . interest payable semi-annually, i</OldTextValue>
    <NewTextValue>interest payable semi-annually,</NewTextValue>
  </TextCorrectedLine>
  <TextCorrectedLine lineID="P8_TL00573">
    <OldTextValue>$ lIS Hunter Street, STOCKTON. Cal. %</OldTextValue>
    <NewTextValue>Hunter Street, STOCKTON. Cal.</NewTextValue>
  </TextCorrectedLine>
  <TextCorrectedLine lineID="P8_TL00583">
    <OldTextValue>- customers. - .</OldTextValue>
    <NewTextValue>customers.</NewTextValue>
  </TextCorrectedLine>
  <TextCorrectedLine lineID="P8_TL00588">
    <OldTextValue>% FREE. I</OldTextValue>
    <NewTextValue>FREE.</NewTextValue>
  </TextCorrectedLine>
  <TextCorrectedLine lineID="P8_TL00589">
    <OldTextValue>I Over $5000 in Prixes Given Away |</OldTextValue>
    <NewTextValue>Over $5000 in Prixes Given Away</NewTextValue>
  </TextCorrectedLine>
  <TextCorrectedLine lineID="P8_TL00590">
    <OldTextValue>2 To those sending neatest correct Answers. g</OldTextValue>
    <NewTextValue>To those sending neatest correct Answers.</NewTextValue>
  </TextCorrectedLine>
  <TextCorrectedLine lineID="P8_TL00591">
    <OldTextValue>S Do You Want a Piano? • g</OldTextValue>
    <NewTextValue>Do You Want a Piano?</NewTextValue>
  </TextCorrectedLine>
  <TextCorrectedLine lineID="P8_TL00592">
    <OldTextValue>2 Do You Want a Sewing Machine? 2</OldTextValue>
    <NewTextValue>Do You Want a Sewing Machine?</NewTextValue>
  </TextCorrectedLine>
  <TextCorrectedLine lineID="P8_TL00593">
    <OldTextValue>§ If so. Enter This Contest. 2</OldTextValue>
    <NewTextValue>If so. Enter This Contest.</NewTextValue>
  </TextCorrectedLine>
  <TextCorrectedLine lineID="P8_TL00594">
    <OldTextValue>3 We hare again interested tbe piano manufacturers of whom we C*</OldTextValue>
    <NewTextValue>We hare again interested the piano manufacturers of whom we C*</NewTextValue>
  </TextCorrectedLine>
  <TextCorrectedLine lineID="P8_TL00595">
    <OldTextValue>purchase pianos to allow us the amount used in a oity of this size pi</OldTextValue>
    <NewTextValue>purchase pianos to allow us the amount used in a city of this size pi</NewTextValue>
  </TextCorrectedLine>
  <TextCorrectedLine lineID="P8_TL00596">
    <OldTextValue>X for advertising purposes, and tbe following will be interesting to Ifc</OldTextValue>
    <NewTextValue>for advertising purposes, and the following will be interesting to Ifc</NewTextValue>
  </TextCorrectedLine>
</TextCorrectedBlock>
<TextCorrectedBlock pageOID="AL19090528.1.4" blockID="P4_TB00018" userID="[redacted]">
  <TextCorrectedLine lineID="P4_TL00145">
    <OldTextValue>John (Jardener aud Koy Werly</OldTextValue>
    <NewTextValue>John Gardener and Roy Werly</NewTextValue>
  </TextCorrectedLine>
  <TextCorrectedLine lineID="P4_TL00146">
    <OldTextValue>have tlnisbed cutting logs for C. C.</OldTextValue>
    <NewTextValue>have flnisbed cutting logs for C. C.</NewTextValue>
  </TextCorrectedLine>
  <TextCorrectedLine lineID="P4_TL00147">
    <OldTextValue>Luttrell. Ul«e Bell.</OldTextValue>
    <NewTextValue>Luttrell.                      Blue Bell.</NewTextValue>
  </TextCorrectedLine>
</TextCorrectedBlock>
<TextCorrectedBlock pageOID="AL19090528.1.4" blockID="P4_TB00012" userID="[redacted]">
  <TextCorrectedLine lineID="P4_TL00084">
    <OldTextValue>DKKENDEK.</OldTextValue>
    <NewTextValue>DEFENDER.</NewTextValue>
  </TextCorrectedLine>
</TextCorrectedBlock>
