<TextCorrectedBlock pageOID="AL19060622.1.3" blockID="P3_CB00006" userID="[redacted]">
  <TextCorrectedLine lineID="P3_TL00628">
    <OldTextValue>fttPeople</OldTextValue>
    <NewTextValue>Fat People</NewTextValue>
  </TextCorrectedLine>
  <TextCorrectedLine lineID="P3_TL00629">
    <OldTextValue>EXCESSIVE! FAT OR OBKSITT 18 A DAVGEB-</OldTextValue>
    <NewTextValue>EXCESSIVE FAT OR OBESITY IS A DANGER-</NewTextValue>
  </TextCorrectedLine>
  <TextCorrectedLine lineID="P3_TL00630">
    <OldTextValue>OIS, PROGRESSIVE DISEASE THAT</OldTextValue>
    <NewTextValue>OUS, PROGRESSIVE DISEASE THAT</NewTextValue>
  </TextCorrectedLine>
  <TextCorrectedLine lineID="P3_TL00631">
    <OldTextValue>HASTENS I&gt;KATII.</OldTextValue>
    <NewTextValue>HASTENS DEATH.</NewTextValue>
  </TextCorrectedLine>
  <TextCorrectedLine lineID="P3_TL00632">
    <OldTextValue>' ** ALL SCFFRRKRS FROM - TOO MICH FAT</OldTextValue>
    <NewTextValue>TO ALL SUFFERERS FROM TOO MICH FAT</NewTextValue>
  </TextCorrectedLine>
  <TextCorrectedLine lineID="P3_TL00633">
    <OldTextValue>A TRIAL TREATMENT WILL Bl BKOT</OldTextValue>
    <NewTextValue>A TRIAL TREATMENT WILL BE SENT</NewTextValue>
  </TextCorrectedLine>
  <TextCorrectedLine lineID="P3_TL00634">
    <OldTextValue>AS A FREE GIFT BY SUIPXY</OldTextValue>
    <NewTextValue>AS A FREE GIFT BY SIMPLY</NewTextValue>
  </TextCorrectedLine>
  <TextCorrectedLine lineID="P3_TL00635">
    <OldTextValue>ASKJM. FOB IT.</OldTextValue>
    <NewTextValue>ASKING FOR IT.</NewTextValue>
  </TextCorrectedLine>
  <TextCorrectedLine lineID="P3_TL00636">
    <OldTextValue>f A *¦ -*- f In Jhßl.</OldTextValue>
    <NewTextValue></NewTextValue>
  </TextCorrectedLine>
  <TextCorrectedLine lineID="P3_TL00637">
    <OldTextValue>I can reduce your weight S to 5 pound* a week</OldTextValue>
    <NewTextValue>I can reduce your weight 3 to 5 pounds a week</NewTextValue>
  </TextCorrectedLine>
  <TextCorrectedLine lineID="P3_TL00640">
    <OldTextValue>ticing pnjaiclan and a ¦poclallat in the successful re-</OldTextValue>
    <NewTextValue>ticing physician and a specialist in the successful re-</NewTextValue>
  </TextCorrectedLine>
  <TextCorrectedLine lineID="P3_TL00641">
    <OldTextValue>duction of superfluous fat. My perf ect«d treatment quick-</OldTextValue>
    <NewTextValue>duction of superfluous fat. My perfected treatment quick-</NewTextValue>
  </TextCorrectedLine>
  <TextCorrectedLine lineID="P3_TL00652">
    <OldTextValue>Obesity— lts Cause and Cure" free to all interested;</OldTextValue>
    <NewTextValue>"Obesity— lts Cause and Cure" free to all interested;</NewTextValue>
  </TextCorrectedLine>
</TextCorrectedBlock>
