<TextCorrectedBlock pageOID="AL19040708.1.2" blockID="P2_CB00001" userID="[redacted]">
  <TextCorrectedLine lineID="P2_TL00755">
    <OldTextValue>'% ':,': MISCELLANEOUS.</OldTextValue>
    <NewTextValue>MISCELLANEOUS.</NewTextValue>
  </TextCorrectedLine>
  <TextCorrectedLine lineID="P2_TL00760">
    <OldTextValue>j dice, Dizziness, and all troubles aris-</OldTextValue>
    <NewTextValue>dice, Dizziness, and all troubles aris-</NewTextValue>
  </TextCorrectedLine>
  <TextCorrectedLine lineID="P2_TL00764">
    <OldTextValue>They act promptly and never grips.</OldTextValue>
    <NewTextValue>They act promptly and never gripe.</NewTextValue>
  </TextCorrectedLine>
  <TextCorrectedLine lineID="P2_TL00766">
    <OldTextValue>I to take them. One to two act as a</OldTextValue>
    <NewTextValue>to take them. One to two act as a</NewTextValue>
  </TextCorrectedLine>
  <TextCorrectedLine lineID="P2_TL00767">
    <OldTextValue>I mild laxative; two or four act as a</OldTextValue>
    <NewTextValue>mild laxative; two or four act as a</NewTextValue>
  </TextCorrectedLine>
  <TextCorrectedLine lineID="P2_TL00768">
    <OldTextValue>I pleasant and effective cathartic. They</OldTextValue>
    <NewTextValue>pleasant and effective cathartic. They</NewTextValue>
  </TextCorrectedLine>
  <TextCorrectedLine lineID="P2_TL00769">
    <OldTextValue>B are purely vegetable and absolutely</OldTextValue>
    <NewTextValue>are purely vegetable and absolutely</NewTextValue>
  </TextCorrectedLine>
  <TextCorrectedLine lineID="P2_TL00770">
    <OldTextValue>I harmless. They tonic the liver.</OldTextValue>
    <NewTextValue>harmless. They tonic the liver.</NewTextValue>
  </TextCorrectedLine>
  <TextCorrectedLine lineID="P2_TL00771">
    <OldTextValue>I PREPARED ONLY BY</OldTextValue>
    <NewTextValue>PREPARED ONLY BY</NewTextValue>
  </TextCorrectedLine>
  <TextCorrectedLine lineID="P2_TL00772">
    <OldTextValue>I E. C. DaWitt &amp; Co., Chicago</OldTextValue>
    <NewTextValue>E. C. DaWitt &amp; Co., Chicago</NewTextValue>
  </TextCorrectedLine>
</TextCorrectedBlock>
<TextCorrectedBlock pageOID="AL19040708.1.2" blockID="P2_TB00011" userID="[redacted]">
  <TextCorrectedLine lineID="P2_TL00162">
    <OldTextValue>Central Eureka. — The &gt; June</OldTextValue>
    <NewTextValue>Central Eureka. — The  June</NewTextValue>
  </TextCorrectedLine>
</TextCorrectedBlock>
<TextCorrectedBlock pageOID="AL19040708.1.2" blockID="P2_TB00010" userID="[redacted]">
  <TextCorrectedLine lineID="P2_TL00160">
    <OldTextValue>IV'lldt 1 jc (lilt</OldTextValue>
    <NewTextValue>water is out.</NewTextValue>
  </TextCorrectedLine>
</TextCorrectedBlock>
<TextCorrectedBlock pageOID="AL19040708.1.2" blockID="P2_CB00002" userID="[redacted]">
  <TextCorrectedLine lineID="P2_TL00781">
    <OldTextValue>te — — t - • _f^ —^</OldTextValue>
    <NewTextValue>Robt. I Kerr</NewTextValue>
  </TextCorrectedLine>
  <TextCorrectedLine lineID="P2_TL00782">
    <OldTextValue>** * Having just re- Main St. Jackson fe</OldTextValue>
    <NewTextValue>MAX LADAR    Having just re-   Main St. Jackson fe</NewTextValue>
  </TextCorrectedLine>
</TextCorrectedBlock>
<TextCorrectedBlock pageOID="AL19040708.1.3" blockID="P3_TB00023" userID="[redacted]">
  <TextCorrectedLine lineID="P3_TL00147">
    <OldTextValue>be heard now and then, 'but older per-</OldTextValue>
    <NewTextValue>be heard now and then, but older per-</NewTextValue>
  </TextCorrectedLine>
  <TextCorrectedLine lineID="P3_TL00156">
    <OldTextValue>with friends. -.</OldTextValue>
    <NewTextValue>with friends.</NewTextValue>
  </TextCorrectedLine>
</TextCorrectedBlock>
<TextCorrectedBlock pageOID="AL19040708.1.3" blockID="P3_TB00114" userID="[redacted]">
  <TextCorrectedLine lineID="P3_TL00863">
    <OldTextValue>Irish Tavern, .corner of Seventh and</OldTextValue>
    <NewTextValue>Irish Tavern, corner of Seventh and</NewTextValue>
  </TextCorrectedLine>
  <TextCorrectedLine lineID="P3_TL00867">
    <OldTextValue>spread his wing? and soar in the vasty</OldTextValue>
    <NewTextValue>spread his wings and soar in the vasty</NewTextValue>
  </TextCorrectedLine>
  <TextCorrectedLine lineID="P3_TL00874">
    <OldTextValue>helplessly to earth i Three times it es-</OldTextValue>
    <NewTextValue>helplessly to earth.  Three times it es-</NewTextValue>
  </TextCorrectedLine>
  <TextCorrectedLine lineID="P3_TL00876">
    <OldTextValue>up and was restored to Its cage. Con-</OldTextValue>
    <NewTextValue>up and was restored to its cage. Con-</NewTextValue>
  </TextCorrectedLine>
</TextCorrectedBlock>
