<TextCorrectedBlock pageOID="AL19000413.1.1" blockID="P1_TB00138" userID="[redacted]">
  <TextCorrectedLine lineID="P1_TL01055">
    <OldTextValue>THE OCEAN PEDDLES.</OldTextValue>
    <NewTextValue>THE OCEAN PEDDLER</NewTextValue>
  </TextCorrectedLine>
</TextCorrectedBlock>
<TextCorrectedBlock pageOID="AL19000413.1.1" blockID="P1_TB00005" userID="[redacted]">
  <TextCorrectedLine lineID="P1_TL00005">
    <OldTextValue>IN CONTRABAND GOODS HE fINDS</OldTextValue>
    <NewTextValue>IN CONTRABAND GOODS HE FINDS</NewTextValue>
  </TextCorrectedLine>
</TextCorrectedBlock>
<TextCorrectedBlock pageOID="AL19000413.1.1" blockID="P1_TB00075" userID="[redacted]">
  <TextCorrectedLine lineID="P1_TL00660">
    <OldTextValue>Hetnvds of Trading Vessels Tnmt Go</OldTextValue>
    <NewTextValue>Hetnvds of Trading Vessels That Go</NewTextValue>
  </TextCorrectedLine>
  <TextCorrectedLine lineID="P1_TL00662">
    <OldTextValue>*»•_ World— How the Captain Oiii-</OldTextValue>
    <NewTextValue>the World— How the Captain Dis-</NewTextValue>
  </TextCorrectedLine>
  <TextCorrectedLine lineID="P1_TL00663">
    <OldTextValue>■oses of His Cargo.</OldTextValue>
    <NewTextValue>poses of His Cargo.</NewTextValue>
  </TextCorrectedLine>
</TextCorrectedBlock>
<TextCorrectedBlock pageOID="AL19000413.1.1" blockID="P1_CB00001" userID="[redacted]">
  <TextCorrectedLine lineID="P1_TL01057">
    <OldTextValue>Tf A. FREEMAN</OldTextValue>
    <NewTextValue>E.A. FREEMAN</NewTextValue>
  </TextCorrectedLine>
</TextCorrectedBlock>
<TextCorrectedBlock pageOID="AL19000413.1.2" blockID="P2_TB00002" userID="[redacted]">
  <TextCorrectedLine lineID="P2_TL00002">
    <OldTextValue>THE AMApQR LEDGER</OldTextValue>
    <NewTextValue>THE AMADOR LEDGER</NewTextValue>
  </TextCorrectedLine>
</TextCorrectedBlock>
<TextCorrectedBlock pageOID="AL19000413.1.2" blockID="P2_TB00004" userID="[redacted]">
  <TextCorrectedLine lineID="P2_TL00017">
    <OldTextValue>NO DUTr ON MATERIAL FOR SPECIFIED VESSELS</OldTextValue>
    <NewTextValue>NO DUTY ON MATERIAL FOR SPECIFIED VESSELS</NewTextValue>
  </TextCorrectedLine>
</TextCorrectedBlock>
<TextCorrectedBlock pageOID="AL19000413.1.2" blockID="P2_TB00003" userID="[redacted]">
  <TextCorrectedLine lineID="P2_TL00016">
    <OldTextValue>■ to Shipyard Labor.</OldTextValue>
    <NewTextValue>to Shipyard Labor.</NewTextValue>
  </TextCorrectedLine>
</TextCorrectedBlock>
<TextCorrectedBlock pageOID="AL19000413.1.2" blockID="P2_TB00015" userID="[redacted]">
  <TextCorrectedLine lineID="P2_TL00092">
    <OldTextValue>School Census Marshals .have been</OldTextValue>
    <NewTextValue>School Census Marshals have been</NewTextValue>
  </TextCorrectedLine>
  <TextCorrectedLine lineID="P2_TL00093">
    <OldTextValue>appointed by the District = Trustees as</OldTextValue>
    <NewTextValue>appointed by the District Trustees as</NewTextValue>
  </TextCorrectedLine>
  <TextCorrectedLine lineID="P2_TL00094">
    <OldTextValue>follows: #f$</OldTextValue>
    <NewTextValue>follows:</NewTextValue>
  </TextCorrectedLine>
  <TextCorrectedLine lineID="P2_TL00095">
    <OldTextValue>Willard H.-Vele— Aetna District)</OldTextValue>
    <NewTextValue>Willard H.-Vele— Aetna District.</NewTextValue>
  </TextCorrectedLine>
  <TextCorrectedLine lineID="P2_TL00096">
    <OldTextValue>R. D. Culbert— Amador City. "■</OldTextValue>
    <NewTextValue>R. D. Culbert— Amador City.</NewTextValue>
  </TextCorrectedLine>
  <TextCorrectedLine lineID="P2_TL00098">
    <OldTextValue>Mrs. Austin Votaw— Bridgeport. .</OldTextValue>
    <NewTextValue>Mrs. Austin Votaw— Bridgeport.</NewTextValue>
  </TextCorrectedLine>
  <TextCorrectedLine lineID="P2_TL00100">
    <OldTextValue>Mrs. M. B. Orr— Camp Opra. • ; t*?</OldTextValue>
    <NewTextValue>Mrs. M. B. Orr— Camp Opra.</NewTextValue>
  </TextCorrectedLine>
  <TextCorrectedLine lineID="P2_TL00105">
    <OldTextValue>'■■ Mrs.- Sara A. Weymouth,' Dry town.</OldTextValue>
    <NewTextValue>Mrs.- Sara A. Weymouth,' Dry town.</NewTextValue>
  </TextCorrectedLine>
  <TextCorrectedLine lineID="P2_TL00107">
    <OldTextValue>• Mrs. E. S. Taylor— Forest Home. *■</OldTextValue>
    <NewTextValue>Mrs. E. S. Taylor— Forest Home.</NewTextValue>
  </TextCorrectedLine>
  <TextCorrectedLine lineID="P2_TL00108">
    <OldTextValue>Mrs. Laura Shcalor — Franklin. (</OldTextValue>
    <NewTextValue>Mrs. Laura Shcalor — Franklin.</NewTextValue>
  </TextCorrectedLine>
  <TextCorrectedLine lineID="P2_TL00110">
    <OldTextValue>Mrs. Allie M. Barney — Grapevine. 1</OldTextValue>
    <NewTextValue>Mrs. Allie M. Barney — Grapevine.</NewTextValue>
  </TextCorrectedLine>
  <TextCorrectedLine lineID="P2_TL00111">
    <OldTextValue>. James McCauley— lone. ■ '• ■■ ■?■</OldTextValue>
    <NewTextValue>James McCauley— lone.</NewTextValue>
  </TextCorrectedLine>
  <TextCorrectedLine lineID="P2_TL00112">
    <OldTextValue>Miss Mamie Payne— Jackson. &gt;</OldTextValue>
    <NewTextValue>Miss Mamie Payne— Jackson.</NewTextValue>
  </TextCorrectedLine>
  <TextCorrectedLine lineID="P2_TL00113">
    <OldTextValue>Mrs. Iva A. Prouty—Jax Valley. '</OldTextValue>
    <NewTextValue>Mrs. Iva A. Prouty—Jax Valley.</NewTextValue>
  </TextCorrectedLine>
  <TextCorrectedLine lineID="P2_TL00114">
    <OldTextValue>Mrs.' Mary Diebold— Julian.</OldTextValue>
    <NewTextValue>Mrs.  Mary Diebold— Julian.</NewTextValue>
  </TextCorrectedLine>
</TextCorrectedBlock>
<TextCorrectedBlock pageOID="AL19000413.1.2" blockID="P2_TB00008" userID="[redacted]">
  <TextCorrectedLine lineID="P2_TL00029">
    <OldTextValue>f A remarkable experiment was made</OldTextValue>
    <NewTextValue>A remarkable experiment was made</NewTextValue>
  </TextCorrectedLine>
  <TextCorrectedLine lineID="P2_TL00030">
    <OldTextValue>recently at the latarator s of Thomas A.'</OldTextValue>
    <NewTextValue>recently at the laboratory of Thomas A.</NewTextValue>
  </TextCorrectedLine>
  <TextCorrectedLine lineID="P2_TL00031">
    <OldTextValue>Edison, when a^piece of iron waV melted</OldTextValue>
    <NewTextValue>Edison, when a piece of iron was melted</NewTextValue>
  </TextCorrectedLine>
  <TextCorrectedLine lineID="P2_TL00032">
    <OldTextValue>inifivelaeconds.*,, LouiS* Dreyfus 'of</OldTextValue>
    <NewTextValue>in five seconds.   Louis Dreyfus of</NewTextValue>
  </TextCorrectedLine>
  <TextCorrectedLine lineID="P2_TL00035">
    <OldTextValue>Thermo Industrie of Es9en, Germany,</OldTextValue>
    <NewTextValue>Thermo Industrie of Essen, Germany,</NewTextValue>
  </TextCorrectedLine>
  <TextCorrectedLine lineID="P2_TL00038">
    <OldTextValue>short time by the combustion of a cer-'</OldTextValue>
    <NewTextValue>short time by the combustion of a cer-</NewTextValue>
  </TextCorrectedLine>
</TextCorrectedBlock>
<TextCorrectedBlock pageOID="AL19000413.1.2" blockID="P2_CB00001" userID="[redacted]">
  <TextCorrectedLine lineID="P2_TL00530">
    <OldTextValue>WL LEGAL NOTICES.</OldTextValue>
    <NewTextValue>LEGAL NOTICES.</NewTextValue>
  </TextCorrectedLine>
  <TextCorrectedLine lineID="P2_TL00531">
    <OldTextValue>' ' --* Ay.A v . -■- ' ■ "'■ "-*'■--■</OldTextValue>
    <NewTextValue></NewTextValue>
  </TextCorrectedLine>
  <TextCorrectedLine lineID="P2_TL00537">
    <OldTextValue>KOTICB IS HEREBY GIVEN THAT AT</OldTextValue>
    <NewTextValue>NOTICE IS HEREBY GIVEN THAT AT</NewTextValue>
  </TextCorrectedLine>
</TextCorrectedBlock>
<TextCorrectedBlock pageOID="AL19000413.1.2" blockID="P2_CB00002" userID="[redacted]">
  <TextCorrectedLine lineID="P2_TL00648">
    <OldTextValue>* SHOES AT WHOLESALE</OldTextValue>
    <NewTextValue>SHOES AT WHOLESALE</NewTextValue>
  </TextCorrectedLine>
</TextCorrectedBlock>
<TextCorrectedBlock pageOID="AL19000413.1.2" blockID="P2_CB00002" userID="[redacted]">
  <TextCorrectedLine lineID="P2_TL00649">
    <OldTextValue>The largest exclusive Shoe Stocky</OldTextValue>
    <NewTextValue>The largest exclusive Shoe Stock</NewTextValue>
  </TextCorrectedLine>
  <TextCorrectedLine lineID="P2_TL00650">
    <OldTextValue>| in Amadof County tp te qlosed^^^A/^ |M 4 |</OldTextValue>
    <NewTextValue>in Amador County to be closed</NewTextValue>
  </TextCorrectedLine>
  <TextCorrectedLine lineID="P2_TL00651">
    <OldTextValue>out at wholesale : prices'; without '^'"Tfv" ■■ : •■' |</OldTextValue>
    <NewTextValue>out at wholesale : prices' without</NewTextValue>
  </TextCorrectedLine>
  <TextCorrectedLine lineID="P2_TL00652">
    <OldTextValue>. | any reserve whatever. ' t</OldTextValue>
    <NewTextValue>any reserve whatever.</NewTextValue>
  </TextCorrectedLine>
  <TextCorrectedLine lineID="P2_TL00653">
    <OldTextValue>SALE WILL BEGIN APRIL I, J900, '</OldTextValue>
    <NewTextValue>SALE WILL BEGIN APRIL I, 1900,</NewTextValue>
  </TextCorrectedLine>
  <TextCorrectedLine lineID="P2_TL00654">
    <OldTextValue>j w' . : ; And continue until the entire stock</OldTextValue>
    <NewTextValue>And continue until the entire stock</NewTextValue>
  </TextCorrectedLine>
  <TextCorrectedLine lineID="P2_TL00655">
    <OldTextValue>\ * s c^ ose^ ou t' No more repairing</OldTextValue>
    <NewTextValue>is closed out.  No more repairing</NewTextValue>
  </TextCorrectedLine>
</TextCorrectedBlock>
<TextCorrectedBlock pageOID="AL19000413.1.2" blockID="P2_CB00002" userID="[redacted]">
  <TextCorrectedLine lineID="P2_TL00658">
    <OldTextValue>:— &gt; A. F. PETERSi;¥cksor</OldTextValue>
    <NewTextValue>A. F. PETERSON, Jackson</NewTextValue>
  </TextCorrectedLine>
  <TextCorrectedLine lineID="P2_TL00659">
    <OldTextValue>LAW AND ABSTEAOT OFHOE - ;;</OldTextValue>
    <NewTextValue>LAW AND ABSTRACT OFFICE</NewTextValue>
  </TextCorrectedLine>
</TextCorrectedBlock>
<TextCorrectedBlock pageOID="AL19000413.1.3" blockID="P3_TB00007" userID="[redacted]">
  <TextCorrectedLine lineID="P3_TL00061">
    <OldTextValue>Labor Mar Be Scarce.</OldTextValue>
    <NewTextValue>Labor May Be Scarce.</NewTextValue>
  </TextCorrectedLine>
</TextCorrectedBlock>
<TextCorrectedBlock pageOID="AL19000413.1.3" blockID="P3_TB00006" userID="[redacted]">
  <TextCorrectedLine lineID="P3_TL00043">
    <OldTextValue>. At a rough estimate in the neighbor-</OldTextValue>
    <NewTextValue>At a rough estimate in the neighbor-</NewTextValue>
  </TextCorrectedLine>
  <TextCorrectedLine lineID="P3_TL00053">
    <OldTextValue>1,500;; the California Northwestern</OldTextValue>
    <NewTextValue>1,500; the California Northwestern</NewTextValue>
  </TextCorrectedLine>
  <TextCorrectedLine lineID="P3_TL00058">
    <OldTextValue>needed in the harvest fields, fruit orcl^'</OldTextValue>
    <NewTextValue>needed in the harvest fields, fruit orch-</NewTextValue>
  </TextCorrectedLine>
  <TextCorrectedLine lineID="P3_TL00059">
    <OldTextValue>ards and beet ranches, and ■ you have a</OldTextValue>
    <NewTextValue>ards and beet ranches, and you have a</NewTextValue>
  </TextCorrectedLine>
</TextCorrectedBlock>
<TextCorrectedBlock pageOID="AL19000413.1.3" blockID="P3_TB00006" userID="[redacted]">
  <TextCorrectedLine lineID="P3_TL00060">
    <OldTextValue>total considerably above that already</OldTextValue>
    <NewTextValue>total considerably above that already mentioned.</NewTextValue>
  </TextCorrectedLine>
</TextCorrectedBlock>
<TextCorrectedBlock pageOID="AL19000413.1.2" blockID="P2_CB00002" userID="[redacted]">
  <TextCorrectedLine lineID="P2_TL00651">
    <OldTextValue>out at wholesale : prices' without</OldTextValue>
    <NewTextValue>out at wholesale  prices' without</NewTextValue>
  </TextCorrectedLine>
  <TextCorrectedLine lineID="P2_TL00653">
    <OldTextValue>SALE WILL BEGIN APRIL I, 1900,</OldTextValue>
    <NewTextValue>SALE WILL BEGIN APRIL 1, 1900,</NewTextValue>
  </TextCorrectedLine>
  <TextCorrectedLine lineID="P2_TL00656">
    <OldTextValue>j! "/]\ will be taken, after M this., date, } Wm</OldTextValue>
    <NewTextValue>will be taken, after this date, March 23.</NewTextValue>
  </TextCorrectedLine>
  <TextCorrectedLine lineID="P2_TL00662">
    <OldTextValue>• Amador County *--- r.v. ■</OldTextValue>
    <NewTextValue>Amador County</NewTextValue>
  </TextCorrectedLine>
  <TextCorrectedLine lineID="P2_TL00663">
    <OldTextValue>-George I. Wright, Sole Owner — — . ; .:^</OldTextValue>
    <NewTextValue>George I. Wright, Sole Owner</NewTextValue>
  </TextCorrectedLine>
  <TextCorrectedLine lineID="P2_TL00664">
    <OldTextValue>.; . O«ice;— Spagnoli Building, Courthouse Square, JACKSON. CAL.'</OldTextValue>
    <NewTextValue>Office : — Spagnoli Building, Courthouse Square, JACKSON. CAL.</NewTextValue>
  </TextCorrectedLine>
  <TextCorrectedLine lineID="P2_TL00665">
    <OldTextValue>■Prompt Attention and Accurate Information Given to Letters of lnqniry.</OldTextValue>
    <NewTextValue>Prompt Attention and Accurate Information Given to Letters of lnqniry.</NewTextValue>
  </TextCorrectedLine>
  <TextCorrectedLine lineID="P2_TL00666">
    <OldTextValue>ABSTRACTS OF MINING PROPERTIES A SPECIALTY 1 "</OldTextValue>
    <NewTextValue>ABSTRACTS OF MINING PROPERTIES A SPECIALTY   4-1-tf</NewTextValue>
  </TextCorrectedLine>
  <TextCorrectedLine lineID="P2_TL00667">
    <OldTextValue>■■....- ~ " • ■ " : .',- I</OldTextValue>
    <NewTextValue></NewTextValue>
  </TextCorrectedLine>
  <TextCorrectedLine lineID="P2_TL00670">
    <OldTextValue>Gl^vinovich /: ; ■ Corded Madras</OldTextValue>
    <NewTextValue>Glavinovich    Corded Taffetas    Satines     Corded Madras</NewTextValue>
  </TextCorrectedLine>
  <TextCorrectedLine lineID="P2_TL00671">
    <OldTextValue>|| o EALE * sIN : Dry Good Notions .</OldTextValue>
    <NewTextValue>DEALERS IN  Dry Good Notions .</NewTextValue>
  </TextCorrectedLine>
  <TextCorrectedLine lineID="P2_TL00672">
    <OldTextValue>i -Organdies</OldTextValue>
    <NewTextValue>-Organdies</NewTextValue>
  </TextCorrectedLine>
  <TextCorrectedLine lineID="P2_TL00675">
    <OldTextValue>Straw,. Crash and Felt Hats</OldTextValue>
    <NewTextValue>Straw, Crash and Felt Hats</NewTextValue>
  </TextCorrectedLine>
  <TextCorrectedLine lineID="P2_TL00676">
    <OldTextValue>&amp; 4» A full line of Children and }Jft</OldTextValue>
    <NewTextValue>A full line of Children and</NewTextValue>
  </TextCorrectedLine>
  <TextCorrectedLine lineID="P2_TL00677">
    <OldTextValue>. . Youth's Suits .•'</OldTextValue>
    <NewTextValue>Youth's Suits</NewTextValue>
  </TextCorrectedLine>
  <TextCorrectedLine lineID="P2_TL00678">
    <OldTextValue>• -Choice lots in this sightly Addition</OldTextValue>
    <NewTextValue>Choice lots in this sightly Addition</NewTextValue>
  </TextCorrectedLine>
  <TextCorrectedLine lineID="P2_TL00679">
    <OldTextValue>. for sale on terms to suit your own</OldTextValue>
    <NewTextValue>for sale on terms to suit your own</NewTextValue>
  </TextCorrectedLine>
  <TextCorrectedLine lineID="P2_TL00682">
    <OldTextValue>; of Jackson.</OldTextValue>
    <NewTextValue>of Jackson.</NewTextValue>
  </TextCorrectedLine>
  <TextCorrectedLine lineID="P2_TL00683">
    <OldTextValue>W. P. Peek, Owner, Jackson. v</OldTextValue>
    <NewTextValue>W. P. Peek, Owner, Jackson.</NewTextValue>
  </TextCorrectedLine>
</TextCorrectedBlock>
<TextCorrectedBlock pageOID="AL19000413.1.3" blockID="P3_TB00073" userID="[redacted]">
  <TextCorrectedLine lineID="P3_TL00376">
    <OldTextValue>':. Chronicle:., The -report is . current</OldTextValue>
    <NewTextValue>Chronicle:., The report is  current</NewTextValue>
  </TextCorrectedLine>
  <TextCorrectedLine lineID="P3_TL00377">
    <OldTextValue>that the .Lock wood and Blazing Star</OldTextValue>
    <NewTextValue>that the Lock wood and Blazing Star</NewTextValue>
  </TextCorrectedLine>
  <TextCorrectedLine lineID="P3_TL00379">
    <OldTextValue>These were two . of the best properties</OldTextValue>
    <NewTextValue>These were two of the best properties</NewTextValue>
  </TextCorrectedLine>
  <TextCorrectedLine lineID="P3_TL00380">
    <OldTextValue>in that district and - the news is very</OldTextValue>
    <NewTextValue>in that district and  the news is very</NewTextValue>
  </TextCorrectedLine>
  <TextCorrectedLine lineID="P3_TL00381">
    <OldTextValue>gratifying to residents" of this end of</OldTextValue>
    <NewTextValue>gratifying to residents of this end of</NewTextValue>
  </TextCorrectedLine>
  <TextCorrectedLine lineID="P3_TL00385">
    <OldTextValue>has' the property' in hand, having</OldTextValue>
    <NewTextValue>has the property in hand, having</NewTextValue>
  </TextCorrectedLine>
  <TextCorrectedLine lineID="P3_TL00387">
    <OldTextValue>oh route to the mine. There is a ten-</OldTextValue>
    <NewTextValue>en route to the mine. There is a ten-</NewTextValue>
  </TextCorrectedLine>
  <TextCorrectedLine lineID="P3_TL00388">
    <OldTextValue>stamp mill along with all the' other ne-</OldTextValue>
    <NewTextValue>stamp mill along with all the other ne-</NewTextValue>
  </TextCorrectedLine>
</TextCorrectedBlock>
<TextCorrectedBlock pageOID="AL19000413.1.3" blockID="P3_TB00106" userID="[redacted]">
  <TextCorrectedLine lineID="P3_TL00688">
    <OldTextValue>The stage is J being enlarged - and pro-</OldTextValue>
    <NewTextValue>The stage is being enlarged - and pro-</NewTextValue>
  </TextCorrectedLine>
</TextCorrectedBlock>
<TextCorrectedBlock pageOID="AL19000413.1.3" blockID="P3_TB00106" userID="[redacted]">
  <TextCorrectedLine lineID="P3_TL00688">
    <OldTextValue>The stage is being enlarged - and pro-</OldTextValue>
    <NewTextValue>The stage is being enlarged  and pro-</NewTextValue>
  </TextCorrectedLine>
</TextCorrectedBlock>
<TextCorrectedBlock pageOID="AL19000413.1.3" blockID="P3_TB00105" userID="[redacted]">
  <TextCorrectedLine lineID="P3_TL00677">
    <OldTextValue>Dr. Adams, Atty. F- L. Stewart and</OldTextValue>
    <NewTextValue>Dr. Adams, Atty. F. L. Stewart and</NewTextValue>
  </TextCorrectedLine>
  <TextCorrectedLine lineID="P3_TL00679">
    <OldTextValue>day or two last week on- legaljbusiness.</OldTextValue>
    <NewTextValue>day or two last week on legal business.</NewTextValue>
  </TextCorrectedLine>
</TextCorrectedBlock>
<TextCorrectedBlock pageOID="AL19000413.1.3" blockID="P3_TB00104" userID="[redacted]">
  <TextCorrectedLine lineID="P3_TL00674">
    <OldTextValue>they paid twice as -much as you are</OldTextValue>
    <NewTextValue>they paid twice as much as you are</NewTextValue>
  </TextCorrectedLine>
  <TextCorrectedLine lineID="P3_TL00675">
    <OldTextValue>asked. 25c will "admit you to the M.</OldTextValue>
    <NewTextValue>asked. 25c will admit you to the M.</NewTextValue>
  </TextCorrectedLine>
</TextCorrectedBlock>
<TextCorrectedBlock pageOID="AL19000413.1.3" blockID="P3_TB00103" userID="[redacted]">
  <TextCorrectedLine lineID="P3_TL00664">
    <OldTextValue>of Mr. William Darrowl who was form-</OldTextValue>
    <NewTextValue>of Mr. William Darrow, who was form-</NewTextValue>
  </TextCorrectedLine>
  <TextCorrectedLine lineID="P3_TL00666">
    <OldTextValue>been abroad^for a term of years, hav-</OldTextValue>
    <NewTextValue>been abroad for a term of years, hav-</NewTextValue>
  </TextCorrectedLine>
</TextCorrectedBlock>
<TextCorrectedBlock pageOID="AL19000413.1.3" blockID="P3_TB00152" userID="[redacted]">
  <TextCorrectedLine lineID="P3_TL01010">
    <OldTextValue>- . Alaska Visiting There.</OldTextValue>
    <NewTextValue>Alaska Visiting There.</NewTextValue>
  </TextCorrectedLine>
  <TextCorrectedLine lineID="P3_TL01015">
    <OldTextValue>- Mrs. Barnett, of Buena Vista, is the</OldTextValue>
    <NewTextValue>Mrs. Barnett, of Buena Vista, is the</NewTextValue>
  </TextCorrectedLine>
  <TextCorrectedLine lineID="P3_TL01023">
    <OldTextValue>are up on a business trip. •</OldTextValue>
    <NewTextValue>are up on a business trip.</NewTextValue>
  </TextCorrectedLine>
  <TextCorrectedLine lineID="P3_TL01025">
    <OldTextValue>Sunday and listened to Dr. Klrby</OldTextValue>
    <NewTextValue>Sunday and listened to Dr. Kirby</NewTextValue>
  </TextCorrectedLine>
  <TextCorrectedLine lineID="P3_TL01027">
    <OldTextValue>Mr. and Mrs. Webb Smith of Jackr</OldTextValue>
    <NewTextValue>Mr. and Mrs. Webb Smith of Jack-</NewTextValue>
  </TextCorrectedLine>
  <TextCorrectedLine lineID="P3_TL01028">
    <OldTextValue>son," paid Ainador a flying trip Sunday,</OldTextValue>
    <NewTextValue>son, paid Ainador a flying trip Sunday,</NewTextValue>
  </TextCorrectedLine>
  <TextCorrectedLine lineID="P3_TL01029">
    <OldTextValue>Nellie Ham.hley visited her parents</OldTextValue>
    <NewTextValue>Nellie Hambley visited her parents</NewTextValue>
  </TextCorrectedLine>
  <TextCorrectedLine lineID="P3_TL01030">
    <OldTextValue>hero Sunday.</OldTextValue>
    <NewTextValue>here Sunday.</NewTextValue>
  </TextCorrectedLine>
</TextCorrectedBlock>
<TextCorrectedBlock pageOID="AL19000413.1.3" blockID="P3_TB00135" userID="[redacted]">
  <TextCorrectedLine lineID="P3_TL00905">
    <OldTextValue>the 18th anniversary of tho establish-</OldTextValue>
    <NewTextValue>the 18th anniversary of the establish-</NewTextValue>
  </TextCorrectedLine>
  <TextCorrectedLine lineID="P3_TL00909">
    <OldTextValue>a royal banquet, A largo delegation</OldTextValue>
    <NewTextValue>a royal banquet, A large delegation</NewTextValue>
  </TextCorrectedLine>
  <TextCorrectedLine lineID="P3_TL00911">
    <OldTextValue>i Creek Chapter.</OldTextValue>
    <NewTextValue>Creek Chapter.</NewTextValue>
  </TextCorrectedLine>
</TextCorrectedBlock>
