<TextCorrectedBlock pageOID="AL19071025.1.2" blockID="P2_TB00002" userID="[redacted]">
  <TextCorrectedLine lineID="P2_TL00002">
    <OldTextValue>FINE UKOVJb".</OldTextValue>
    <NewTextValue>PINE GROVE.</NewTextValue>
  </TextCorrectedLine>
</TextCorrectedBlock>
<TextCorrectedBlock pageOID="AL19071025.1.2" blockID="P2_TB00015" userID="[redacted]">
  <TextCorrectedLine lineID="P2_TL00066">
    <OldTextValue>| October 23.— 1t commenced raining</OldTextValue>
    <NewTextValue>October 23.—  It commenced raining</NewTextValue>
  </TextCorrectedLine>
  <TextCorrectedLine lineID="P2_TL00067">
    <OldTextValue>at two o'clock p.Jm. and has kept up</OldTextValue>
    <NewTextValue>at two o'clock p.m. and has kept up</NewTextValue>
  </TextCorrectedLine>
</TextCorrectedBlock>
<TextCorrectedBlock pageOID="AL19071025.1.2" blockID="P2_TB00014" userID="[redacted]">
  <TextCorrectedLine lineID="P2_TL00063">
    <OldTextValue>she comes from Saoramento.tbe home</OldTextValue>
    <NewTextValue>she comes from Saoramento, the home</NewTextValue>
  </TextCorrectedLine>
  <TextCorrectedLine lineID="P2_TL00064">
    <OldTextValue>of her daughter' and is at present the</OldTextValue>
    <NewTextValue>of her daughter and is at present the</NewTextValue>
  </TextCorrectedLine>
</TextCorrectedBlock>
<TextCorrectedBlock pageOID="AL19071025.1.2" blockID="P2_TB00013" userID="[redacted]">
  <TextCorrectedLine lineID="P2_TL00057">
    <OldTextValue>Our publio 'schoolteacher, Miss</OldTextValue>
    <NewTextValue>Our public schoolteacher, Miss</NewTextValue>
  </TextCorrectedLine>
  <TextCorrectedLine lineID="P2_TL00059">
    <OldTextValue>day morning to attend Institute.*, j</OldTextValue>
    <NewTextValue>day morning to attend Institute.</NewTextValue>
  </TextCorrectedLine>
</TextCorrectedBlock>
<TextCorrectedBlock pageOID="AL19071025.1.2" blockID="P2_TB00012" userID="[redacted]">
  <TextCorrectedLine lineID="P2_TL00056">
    <OldTextValue>from the mountains on Friday.''.".</OldTextValue>
    <NewTextValue>from the mountains on Friday.</NewTextValue>
  </TextCorrectedLine>
</TextCorrectedBlock>
<TextCorrectedBlock pageOID="AL19071025.1.2" blockID="P2_TB00011" userID="[redacted]">
  <TextCorrectedLine lineID="P2_TL00046">
    <OldTextValue>the arrival of a 91b boy in their</OldTextValue>
    <NewTextValue>the arrival of a 9 lb boy in their</NewTextValue>
  </TextCorrectedLine>
  <TextCorrectedLine lineID="P2_TL00050">
    <OldTextValue>quarterly conference in Pine CJrove</OldTextValue>
    <NewTextValue>quarterly conference in Pine Grove</NewTextValue>
  </TextCorrectedLine>
  <TextCorrectedLine lineID="P2_TL00052">
    <OldTextValue>•J Mrs. Frank ' Ferry of Charleston</OldTextValue>
    <NewTextValue>Mrs. Frank Ferry of Charleston</NewTextValue>
  </TextCorrectedLine>
</TextCorrectedBlock>
<TextCorrectedBlock pageOID="AL19071025.1.2" blockID="P2_TB00021" userID="[redacted]">
  <TextCorrectedLine lineID="P2_TL00110">
    <OldTextValue>Tages did in olden days. As civiliza-</OldTextValue>
    <NewTextValue>ages did in olden days. As civiliza-</NewTextValue>
  </TextCorrectedLine>
  <TextCorrectedLine lineID="P2_TL00112">
    <OldTextValue>abandoned. |We. hope, when the</OldTextValue>
    <NewTextValue>abandoned.  We hope, when the</NewTextValue>
  </TextCorrectedLine>
  <TextCorrectedLine lineID="P2_TL00113">
    <OldTextValue>intruder is caught that, he will .be</OldTextValue>
    <NewTextValue>intruder is caught that, he will be</NewTextValue>
  </TextCorrectedLine>
</TextCorrectedBlock>
<TextCorrectedBlock pageOID="AL19071025.1.2" blockID="P2_TB00022" userID="[redacted]">
  <TextCorrectedLine lineID="P2_TL00116">
    <OldTextValue>Home one is at tbe old trick .of</OldTextValue>
    <NewTextValue>Home one is at tbe old trick of</NewTextValue>
  </TextCorrectedLine>
  <TextCorrectedLine lineID="P2_TL00117">
    <OldTextValue>stealing i clothes from the line at</OldTextValue>
    <NewTextValue>stealing  clothes from the line at</NewTextValue>
  </TextCorrectedLine>
  <TextCorrectedLine lineID="P2_TL00119">
    <OldTextValue>bing a man in the dark, or attaoking</OldTextValue>
    <NewTextValue>bing a man in the dark, or attacking</NewTextValue>
  </TextCorrectedLine>
  <TextCorrectedLine lineID="P2_TL00120">
    <OldTextValue>him from behind a tree like the eav-</OldTextValue>
    <NewTextValue>him from behind a tree like the sav-</NewTextValue>
  </TextCorrectedLine>
</TextCorrectedBlock>
<TextCorrectedBlock pageOID="AL19071025.1.2" blockID="P2_TB00022" userID="[redacted]">
  <TextCorrectedLine lineID="P2_TL00118">
    <OldTextValue>night time. This is as bad as slab-</OldTextValue>
    <NewTextValue>night time. This is as bad as stab-</NewTextValue>
  </TextCorrectedLine>
</TextCorrectedBlock>
<TextCorrectedBlock pageOID="AL19071025.1.2" blockID="P2_TB00022" userID="[redacted]">
  <TextCorrectedLine lineID="P2_TL00116">
    <OldTextValue>Home one is at tbe old trick of</OldTextValue>
    <NewTextValue>Some one is at the old trick of</NewTextValue>
  </TextCorrectedLine>
</TextCorrectedBlock>
<TextCorrectedBlock pageOID="AL19071025.1.2" blockID="P2_TB00016" userID="[redacted]">
  <TextCorrectedLine lineID="P2_TL00070">
    <OldTextValue>organizations, contending that' the</OldTextValue>
    <NewTextValue>organizations, contending that the</NewTextValue>
  </TextCorrectedLine>
  <TextCorrectedLine lineID="P2_TL00072">
    <OldTextValue>lieve that w&gt;th a united front</OldTextValue>
    <NewTextValue>lieve that with a united front</NewTextValue>
  </TextCorrectedLine>
  <TextCorrectedLine lineID="P2_TL00075">
    <OldTextValue>ronage.' lint a largo proportion of</OldTextValue>
    <NewTextValue>ronage.  But a large proportion of</NewTextValue>
  </TextCorrectedLine>
  <TextCorrectedLine lineID="P2_TL00077">
    <OldTextValue>in politios, and will refuse to vote tbe</OldTextValue>
    <NewTextValue>in politics, and will refuse to vote the</NewTextValue>
  </TextCorrectedLine>
</TextCorrectedBlock>
<TextCorrectedBlock pageOID="AL19071025.1.2" blockID="P2_TB00016" userID="[redacted]">
  <TextCorrectedLine lineID="P2_TL00069">
    <OldTextValue>MoCarthy. This appeals to the labor</OldTextValue>
    <NewTextValue>McCarthy. This appeals to the labor</NewTextValue>
  </TextCorrectedLine>
</TextCorrectedBlock>
