<TextCorrectedBlock pageOID="AL19101209.1.1" blockID="P1_TB00020" userID="[redacted]">
  <TextCorrectedLine lineID="P1_TL00122">
    <OldTextValue>b.e.rt .Dave ) and George.</OldTextValue>
    <NewTextValue>bert, Dave  and George.</NewTextValue>
  </TextCorrectedLine>
</TextCorrectedBlock>
<TextCorrectedBlock pageOID="AL19101209.1.1" blockID="P1_CB00001" userID="[redacted]">
  <TextCorrectedLine lineID="P1_TL00593">
    <OldTextValue>yiTM. O. SWIIIOK,</OldTextValue>
    <NewTextValue>Wm. G. SNYDER</NewTextValue>
  </TextCorrectedLine>
  <TextCorrectedLine lineID="P1_TL00594">
    <OldTextValue>, . Atlnnipy.iit-I.rtw,</OldTextValue>
    <NewTextValue>Attorney-at-Law</NewTextValue>
  </TextCorrectedLine>
  <TextCorrectedLine lineID="P1_TL00595">
    <OldTextValue>JACKSON, GAL.</OldTextValue>
    <NewTextValue>JACKSON, CAL.</NewTextValue>
  </TextCorrectedLine>
</TextCorrectedBlock>
