<TextCorrectedBlock pageOID="AL19070607.1.2" blockID="P2_CB00027" userID="[redacted]">
  <TextCorrectedLine lineID="P2_TL00982">
    <OldTextValue>' UP-TO-DATE BUSINESS MEN.</OldTextValue>
    <NewTextValue>UP-TO-DATE BUSINESS MEN.</NewTextValue>
  </TextCorrectedLine>
  <TextCorrectedLine lineID="P2_TL00983">
    <OldTextValue>IGINOCCHIO - BRO'sli</OldTextValue>
    <NewTextValue>GINOCCHIO - BRO'S.</NewTextValue>
  </TextCorrectedLine>
  <TextCorrectedLine lineID="P2_TL00984">
    <OldTextValue>g| -w^~^^^^ -*• DEALERS IN -*■</OldTextValue>
    <NewTextValue>DEALERS IN -*■</NewTextValue>
  </TextCorrectedLine>
  <TextCorrectedLine lineID="P2_TL00985">
    <OldTextValue>I j^ General Merchandise</OldTextValue>
    <NewTextValue>General Merchandise</NewTextValue>
  </TextCorrectedLine>
  <TextCorrectedLine lineID="P2_TL00986">
    <OldTextValue>|| - Sft"- Groceries, Furnishing Goods, Shoes, if</OldTextValue>
    <NewTextValue>Groceries, Furnishing Goods, Shoes,</NewTextValue>
  </TextCorrectedLine>
  <TextCorrectedLine lineID="P2_TL00987">
    <OldTextValue>§ §isg Boots, Paints, Oils, Varnishes, Mining It</OldTextValue>
    <NewTextValue>Boots, Paints, Oils, Varnishes, Mining</NewTextValue>
  </TextCorrectedLine>
  <TextCorrectedLine lineID="P2_TL00988">
    <OldTextValue>g fa Supplies, Lumber, Hardware, Hay, M</OldTextValue>
    <NewTextValue>Supplies, Lumber, Hardware, Hay,</NewTextValue>
  </TextCorrectedLine>
  <TextCorrectedLine lineID="P2_TL00989">
    <OldTextValue>H ~^^^^v. Grain, etc., etc. lrfj&lt;sl r fj&lt;$</OldTextValue>
    <NewTextValue>Grain, etc., etc.</NewTextValue>
  </TextCorrectedLine>
  <TextCorrectedLine lineID="P2_TL00990">
    <OldTextValue>Hi Corner Main and Water St. M</OldTextValue>
    <NewTextValue>Corner Main and Water St.</NewTextValue>
  </TextCorrectedLine>
  <TextCorrectedLine lineID="P2_TL00991">
    <OldTextValue>I JACKSON - - - CALIFORNIA 1 ;</OldTextValue>
    <NewTextValue>JACKSON - - - CALIFORNIA</NewTextValue>
  </TextCorrectedLine>
  <TextCorrectedLine lineID="P2_TL00992">
    <OldTextValue>jb^"LT.| l. J. Glavinovich !</OldTextValue>
    <NewTextValue>L.. J. Glavinovich</NewTextValue>
  </TextCorrectedLine>
  <TextCorrectedLine lineID="P2_TL00993">
    <OldTextValue>i , LEADING GROCERY STORE S</OldTextValue>
    <NewTextValue>LEADING GROCERY STORE</NewTextValue>
  </TextCorrectedLine>
  <TextCorrectedLine lineID="P2_TL00994">
    <OldTextValue>• :_ - ' • - ■■:■-■;-: ■.-:' ' -j . ;-^--v-5^</OldTextValue>
    <NewTextValue>McCall Bazaar Patterns</NewTextValue>
  </TextCorrectedLine>
  <TextCorrectedLine lineID="P2_TL00995">
    <OldTextValue>• £3Pf!o Groceries, Dry Goods, i;^</OldTextValue>
    <NewTextValue>Groceries, Dry Goods,</NewTextValue>
  </TextCorrectedLine>
  <TextCorrectedLine lineID="P2_TL00996">
    <OldTextValue>% d Furnishing Goods, Boots, % •</OldTextValue>
    <NewTextValue>Furnishing Goods, Boots,</NewTextValue>
  </TextCorrectedLine>
  <TextCorrectedLine lineID="P2_TL00997">
    <OldTextValue>• a Shoes, Toilet Articles, •</OldTextValue>
    <NewTextValue>Shoes, Toilet Articles,</NewTextValue>
  </TextCorrectedLine>
  <TextCorrectedLine lineID="P2_TL00998">
    <OldTextValue>• I . #- ' Hardware, Miners' Sup- "•-.-' •</OldTextValue>
    <NewTextValue>Hardware, Miners' Sup-</NewTextValue>
  </TextCorrectedLine>
  <TextCorrectedLine lineID="P2_TL00999">
    <OldTextValue>• . '- plies, Hay, Grain, Etc. '•</OldTextValue>
    <NewTextValue>plies, Hay, Grain, Etc.</NewTextValue>
  </TextCorrectedLine>
  <TextCorrectedLine lineID="P2_TL01000">
    <OldTextValue>• Cor. Main &amp; Court Streets, : 'v. ■■:-:■■ -^'^:-/-- -g&lt;</OldTextValue>
    <NewTextValue>Cor. Main &amp; Court Streets,</NewTextValue>
  </TextCorrectedLine>
  <TextCorrectedLine lineID="P2_TL01001">
    <OldTextValue>! JACKSON, '- - CAL. g™J</OldTextValue>
    <NewTextValue>JACKSON,  -  - CAL.</NewTextValue>
  </TextCorrectedLine>
  <TextCorrectedLine lineID="P2_TL01002">
    <OldTextValue>« - :■-■'., ,';,:; v^- a - LJ » ABazaar Patterns*</OldTextValue>
    <NewTextValue>McCall Bazaar Patterns</NewTextValue>
  </TextCorrectedLine>
  <TextCorrectedLine lineID="P2_TL01003">
    <OldTextValue>•••••••••••••••••••••••a •••••••••»»«eo»«»»»»«»««»»V»»S ,</OldTextValue>
    <NewTextValue></NewTextValue>
  </TextCorrectedLine>
  <TextCorrectedLine lineID="P2_TL01004">
    <OldTextValue>&lt;«MMM&lt;MMMM&lt;i|MMMMm&gt;MMMMMM»mMm»</OldTextValue>
    <NewTextValue></NewTextValue>
  </TextCorrectedLine>
  <TextCorrectedLine lineID="P2_TL01005">
    <OldTextValue>I FINE ASSORTMENT OF '■ TEA AND COFFEE jj</OldTextValue>
    <NewTextValue>FINE ASSORTMENT OF -  TEA AND COFFEE</NewTextValue>
  </TextCorrectedLine>
  <TextCorrectedLine lineID="P2_TL01006">
    <OldTextValue>CENTRAL GROCERY HOUSE I</OldTextValue>
    <NewTextValue>CENTRAL GROCERY HOUSE</NewTextValue>
  </TextCorrectedLine>
  <TextCorrectedLine lineID="P2_TL01007">
    <OldTextValue>•-. 0. E. Olver &amp; Wm. J. Nettle, jr., Proprietors. ] :</OldTextValue>
    <NewTextValue>C. E. Olver &amp; Wm. J. Nettle, jr., Proprietors.</NewTextValue>
  </TextCorrectedLine>
  <TextCorrectedLine lineID="P2_TL01008">
    <OldTextValue>1 1 .—. — i 1</OldTextValue>
    <NewTextValue></NewTextValue>
  </TextCorrectedLine>
  <TextCorrectedLine lineID="P2_TL01009">
    <OldTextValue>i 1 ~ " - i »</OldTextValue>
    <NewTextValue></NewTextValue>
  </TextCorrectedLine>
  <TextCorrectedLine lineID="P2_TL01010">
    <OldTextValue>j; Full Line of — * !!</OldTextValue>
    <NewTextValue>Full Line of —</NewTextValue>
  </TextCorrectedLine>
  <TextCorrectedLine lineID="P2_TL01011">
    <OldTextValue>i;j Fresh Groceries, Fruits, Vegetables. . fil</OldTextValue>
    <NewTextValue>Fresh Groceries, Fruits, Vegetables.</NewTextValue>
  </TextCorrectedLine>
  <TextCorrectedLine lineID="P2_TL01012">
    <OldTextValue>\ ; 'i Fresh Fish every Thursday j and Friday. ; ;</OldTextValue>
    <NewTextValue>Fresh Fish every Thursday and Friday.</NewTextValue>
  </TextCorrectedLine>
  <TextCorrectedLine lineID="P2_TL01013">
    <OldTextValue>; : North Main Street ——Jackson, Cal. I</OldTextValue>
    <NewTextValue>North Main Street ——Jackson, Cal.</NewTextValue>
  </TextCorrectedLine>
  <TextCorrectedLine lineID="P2_TL01015">
    <OldTextValue>••••</OldTextValue>
    <NewTextValue></NewTextValue>
  </TextCorrectedLine>
  <TextCorrectedLine lineID="P2_TL01017">
    <OldTextValue>begs. to iuform depositers that it has resumed business</OldTextValue>
    <NewTextValue>begs to inform depositers that it has resumed business</NewTextValue>
  </TextCorrectedLine>
  <TextCorrectedLine lineID="P2_TL01020">
    <OldTextValue>and is now receiving Deposits and making Payments as :</OldTextValue>
    <NewTextValue>and is now receiving Deposits and making Payments as</NewTextValue>
  </TextCorrectedLine>
  <TextCorrectedLine lineID="P2_TL01021">
    <OldTextValue>heretofore. -^ " i-vvf-i</OldTextValue>
    <NewTextValue>heretofore.</NewTextValue>
  </TextCorrectedLine>
  <TextCorrectedLine lineID="P2_TL01022">
    <OldTextValue>THE DIVIDEND TO DEPOSITORS '</OldTextValue>
    <NewTextValue>THE DIVIDEND TO DEPOSITORS</NewTextValue>
  </TextCorrectedLine>
</TextCorrectedBlock>
