<TextCorrectedBlock pageOID="AL19090312.1.1" blockID="P1_CB00001" userID="[redacted]">
  <TextCorrectedLine lineID="P1_TL00449">
    <OldTextValue>riTM. O. SNYIIKH,</OldTextValue>
    <NewTextValue>WM. G. SNYDER</NewTextValue>
  </TextCorrectedLine>
  <TextCorrectedLine lineID="P1_TL00451">
    <OldTextValue>JACKSON, OAL.</OldTextValue>
    <NewTextValue>JACKSON, CAL.</NewTextValue>
  </TextCorrectedLine>
  <TextCorrectedLine lineID="P1_TL00452">
    <OldTextValue>Office In Marnlla Building, Court itreet.</OldTextValue>
    <NewTextValue>Office in Marelia Building, Court street.</NewTextValue>
  </TextCorrectedLine>
  <TextCorrectedLine lineID="P1_TL00453">
    <OldTextValue>Will practice In all the courts of the state, fe</OldTextValue>
    <NewTextValue>Will practice In all the courts of the state.    fe</NewTextValue>
  </TextCorrectedLine>
  <TextCorrectedLine lineID="P1_TL00455">
    <OldTextValue>TTI K. KNDICOTT, M. V.</OldTextValue>
    <NewTextValue>E. E. ENDICOTT, M. D.</NewTextValue>
  </TextCorrectedLine>
  <TextCorrectedLine lineID="P1_TL00456">
    <OldTextValue>IMiynlclan nml Surgeon</OldTextValue>
    <NewTextValue>Physician and Surgeon</NewTextValue>
  </TextCorrectedLine>
  <TextCorrectedLine lineID="P1_TL00457">
    <OldTextValue>Jackson, Oau</OldTextValue>
    <NewTextValue>Jackson, Cal</NewTextValue>
  </TextCorrectedLine>
  <TextCorrectedLine lineID="P1_TL00459">
    <OldTextValue>attended to at nil tlmos,</OldTextValue>
    <NewTextValue>attended to at all tlmes,</NewTextValue>
  </TextCorrectedLine>
  <TextCorrectedLine lineID="P1_TL00460">
    <OldTextValue>pvli. FUEI» F. BPBAOUB</OldTextValue>
    <NewTextValue>Dr. FRED F.  SPRAGUE</NewTextValue>
  </TextCorrectedLine>
  <TextCorrectedLine lineID="P1_TL00461">
    <OldTextValue>Physician »nd Surgeon</OldTextValue>
    <NewTextValue>Physician and Surgeon</NewTextValue>
  </TextCorrectedLine>
</TextCorrectedBlock>
