<TextCorrectedBlock pageOID="AL19010726.1.1" blockID="P1_CB00003" userID="[redacted]">
  <TextCorrectedLine lineID="P1_TL01105">
    <OldTextValue>JfIGKSOH REPUBLIGfIH GUIB</OldTextValue>
    <NewTextValue>JACKSON REPUBLICAN CLUB</NewTextValue>
  </TextCorrectedLine>
  <TextCorrectedLine lineID="P1_TL01106">
    <OldTextValue>DU. C. A. HERRICIv. ../...'.....'.. ...Pre5ident</OldTextValue>
    <NewTextValue>DR. C. A. HERRICK .......... President</NewTextValue>
  </TextCorrectedLine>
  <TextCorrectedLine lineID="P1_TL01107">
    <OldTextValue>J. B. FRANC15.. ........:F1r5t Vlcs-President</OldTextValue>
    <NewTextValue>J. B. FRANCIS.. ........ First Vice-President</NewTextValue>
  </TextCorrectedLine>
  <TextCorrectedLine lineID="P1_TL01108">
    <OldTextValue>B. F. TAYLOR Second Vice President</OldTextValue>
    <NewTextValue>B. F. TAYLOR .........  Second Vice President</NewTextValue>
  </TextCorrectedLine>
  <TextCorrectedLine lineID="P1_TL01109">
    <OldTextValue>WEBSTER SMITH Third Vice-President</OldTextValue>
    <NewTextValue>WEBSTER SMITH ....  Third Vice-President</NewTextValue>
  </TextCorrectedLine>
  <TextCorrectedLine lineID="P1_TL01110">
    <OldTextValue>JAMES F.. DYF. Secretary</OldTextValue>
    <NewTextValue>JAMES E. DYE ......... Secretary</NewTextValue>
  </TextCorrectedLine>
  <TextCorrectedLine lineID="P1_TL01112">
    <OldTextValue>Stato.l meetings tho second Monday evening</OldTextValue>
    <NewTextValue>Stated meetings the second Monday evening</NewTextValue>
  </TextCorrectedLine>
  <TextCorrectedLine lineID="P1_TL01113">
    <OldTextValue>of each month at 8 o'clock p, m. 'All Republi-</OldTextValue>
    <NewTextValue>of each month at 8 o'clock p, m.  All Republi-</NewTextValue>
  </TextCorrectedLine>
  <TextCorrectedLine lineID="P1_TL01116">
    <OldTextValue>Mcmlierahip free. All funds raised by volun-</OldTextValue>
    <NewTextValue>Membership free.  All funds raised by volun-</NewTextValue>
  </TextCorrectedLine>
  <TextCorrectedLine lineID="P1_TL01119">
    <OldTextValue>Half the Land in Amador County ia</OldTextValue>
    <NewTextValue>Half the Land in Amador County is</NewTextValue>
  </TextCorrectedLine>
</TextCorrectedBlock>
<TextCorrectedBlock pageOID="AL19010726.1.1" blockID="P1_TB00077" userID="[redacted]">
  <TextCorrectedLine lineID="P1_TL00656">
    <OldTextValue>- Participated at the Second Battle</OldTextValue>
    <NewTextValue>Participated at the Second Battle</NewTextValue>
  </TextCorrectedLine>
  <TextCorrectedLine lineID="P1_TL00657">
    <OldTextValue>of Manassas— A Brave Bo; and pis</OldTextValue>
    <NewTextValue>of Manassas— A Brave Boy and his</NewTextValue>
  </TextCorrectedLine>
  <TextCorrectedLine lineID="P1_TL00658">
    <OldTextValue>: Dying Request.</OldTextValue>
    <NewTextValue>Dying Request.</NewTextValue>
  </TextCorrectedLine>
  <TextCorrectedLine lineID="P1_TL00661">
    <OldTextValue>attention bad 'been attracted by. a</OldTextValue>
    <NewTextValue>attention had  been attracted by a</NewTextValue>
  </TextCorrectedLine>
  <TextCorrectedLine lineID="P1_TL00664">
    <OldTextValue>curious and: rather grewsome Incident</OldTextValue>
    <NewTextValue>curious and rather grewsome incident</NewTextValue>
  </TextCorrectedLine>
  <TextCorrectedLine lineID="P1_TL00666">
    <OldTextValue>tbe morning after the second battle of</OldTextValue>
    <NewTextValue>the morning after the second battle of</NewTextValue>
  </TextCorrectedLine>
  <TextCorrectedLine lineID="P1_TL00667">
    <OldTextValue>Manassas," be continued In response to</OldTextValue>
    <NewTextValue>Manassas," he continued in response to</NewTextValue>
  </TextCorrectedLine>
  <TextCorrectedLine lineID="P1_TL00670">
    <OldTextValue>the field In the hope of picking up a</OldTextValue>
    <NewTextValue>the field in the hope of picking up a</NewTextValue>
  </TextCorrectedLine>
  <TextCorrectedLine lineID="P1_TL00672">
    <OldTextValue>for which the dead bad. no further use</OldTextValue>
    <NewTextValue>for which the dead had no further use</NewTextValue>
  </TextCorrectedLine>
  <TextCorrectedLine lineID="P1_TL00675">
    <OldTextValue>the. previous day's engage-</OldTextValue>
    <NewTextValue>"During the previous day's engage-</NewTextValue>
  </TextCorrectedLine>
  <TextCorrectedLine lineID="P1_TL00676">
    <OldTextValue>ment you " may remember that a . regi-j</OldTextValue>
    <NewTextValue>ment you " may remember that a regi-</NewTextValue>
  </TextCorrectedLine>
  <TextCorrectedLine lineID="P1_TL00677">
    <OldTextValue>ment of freshly ' recruited New ' York</OldTextValue>
    <NewTextValue>ment of freshly recruited New York</NewTextValue>
  </TextCorrectedLine>
  <TextCorrectedLine lineID="P1_TL00680">
    <OldTextValue>by Hood's brigade. 1 They were mowed</OldTextValue>
    <NewTextValue>by Hood's brigade.   They were mowed</NewTextValue>
  </TextCorrectedLine>
  <TextCorrectedLine lineID="P1_TL00683">
    <OldTextValue>peted the earth. I dare. say It was as</OldTextValue>
    <NewTextValue>peted the earth. I dare say it was as</NewTextValue>
  </TextCorrectedLine>
  <TextCorrectedLine lineID="P1_TL00684">
    <OldTextValue>awful ■a# slaughter, considering - the*</OldTextValue>
    <NewTextValue>awful a slaughter, considering   the</NewTextValue>
  </TextCorrectedLine>
  <TextCorrectedLine lineID="P1_TL00686">
    <OldTextValue>In the course of the war. '-.' Hi "• •• i</OldTextValue>
    <NewTextValue>in the course of the war.</NewTextValue>
  </TextCorrectedLine>
</TextCorrectedBlock>
<TextCorrectedBlock pageOID="AL19010726.1.1" blockID="P1_TB00075" userID="[redacted]">
  <TextCorrectedLine lineID="P1_TL00644">
    <OldTextValue>"Well, we hadn't gone very far when'</OldTextValue>
    <NewTextValue>"Well, we hadn't gone very far when</NewTextValue>
  </TextCorrectedLine>
  <TextCorrectedLine lineID="P1_TL00650">
    <OldTextValue>military ; troop ever organized. . . They</OldTextValue>
    <NewTextValue>military  troop ever organized.  They</NewTextValue>
  </TextCorrectedLine>
  <TextCorrectedLine lineID="P1_TL00651">
    <OldTextValue>wore scarlet Turkish trousers, blue'</OldTextValue>
    <NewTextValue>wore scarlet Turkish trousers, blue</NewTextValue>
  </TextCorrectedLine>
  <TextCorrectedLine lineID="P1_TL00652">
    <OldTextValue>jackets embroidered with gold bullion'</OldTextValue>
    <NewTextValue>jackets embroidered with gold bullion</NewTextValue>
  </TextCorrectedLine>
  <TextCorrectedLine lineID="P1_TL00653">
    <OldTextValue>braid and purple fezes with long pend-'</OldTextValue>
    <NewTextValue>braid and purple fezes with long pend-</NewTextValue>
  </TextCorrectedLine>
  <TextCorrectedLine lineID="P1_TL00654">
    <OldTextValue>ent tassels, s -. : : ■■■..' *;*j ;■ • v ■ i</OldTextValue>
    <NewTextValue>ent tassels.</NewTextValue>
  </TextCorrectedLine>
</TextCorrectedBlock>
<TextCorrectedBlock pageOID="AL19010726.1.1" blockID="P1_TB00074" userID="[redacted]">
  <TextCorrectedLine lineID="P1_TL00635">
    <OldTextValue>"Being Just from the' outfitters, all</OldTextValue>
    <NewTextValue>"Being just from the outfitters, all</NewTextValue>
  </TextCorrectedLine>
  <TextCorrectedLine lineID="P1_TL00636">
    <OldTextValue>this One regalia ; was perfectly fresh</OldTextValue>
    <NewTextValue>this fine regalia was perfectly fresh</NewTextValue>
  </TextCorrectedLine>
  <TextCorrectedLine lineID="P1_TL00637">
    <OldTextValue>and new,' and somehow or other It.</OldTextValue>
    <NewTextValue>and new, and somehow or other It.</NewTextValue>
  </TextCorrectedLine>
  <TextCorrectedLine lineID="P1_TL00639">
    <OldTextValue>cle on tbe hillside.] The corpses were</OldTextValue>
    <NewTextValue>cle on tbe hillside.  The corpses were</NewTextValue>
  </TextCorrectedLine>
  <TextCorrectedLine lineID="P1_TL00640">
    <OldTextValue>In all' sorts of strange postures, and</OldTextValue>
    <NewTextValue>In all sorts of strange postures, and</NewTextValue>
  </TextCorrectedLine>
  <TextCorrectedLine lineID="P1_TL00641">
    <OldTextValue>their fantastic* costumes gave them an'</OldTextValue>
    <NewTextValue>their fantastic costumes gave them an</NewTextValue>
  </TextCorrectedLine>
  <TextCorrectedLine lineID="P1_TL00642">
    <OldTextValue>air : of horrible grotesqueness that I</OldTextValue>
    <NewTextValue>air   of horrible grotesqueness that I</NewTextValue>
  </TextCorrectedLine>
  <TextCorrectedLine lineID="P1_TL00643">
    <OldTextValue>couldn't begin to describe in words. } '</OldTextValue>
    <NewTextValue>couldn't begin to describe in words.</NewTextValue>
  </TextCorrectedLine>
</TextCorrectedBlock>
