<TextCorrectedBlock pageOID="AL19021031.1.1" blockID="P1_CB00003" userID="[redacted]">
  <TextCorrectedLine lineID="P1_TL00717">
    <OldTextValue>POLITICAL CARDS. .</OldTextValue>
    <NewTextValue>POLITICAL CARDS.</NewTextValue>
  </TextCorrectedLine>
  <TextCorrectedLine lineID="P1_TL00720">
    <OldTextValue>1 County Clerk and Auditor.</OldTextValue>
    <NewTextValue>County Clerk and Auditor.</NewTextValue>
  </TextCorrectedLine>
  <TextCorrectedLine lineID="P1_TL00721">
    <OldTextValue>Election— Tuesday, November i, 1903.</OldTextValue>
    <NewTextValue>Election— Tuesday, November 4, 1902.</NewTextValue>
  </TextCorrectedLine>
  <TextCorrectedLine lineID="P1_TL00737">
    <OldTextValue>Regular Republican Candidate for •</OldTextValue>
    <NewTextValue>Regular Republican Candidate for</NewTextValue>
  </TextCorrectedLine>
  <TextCorrectedLine lineID="P1_TL00739">
    <OldTextValue>Election— Tuesday, November 4, 1902. V</OldTextValue>
    <NewTextValue>Election— Tuesday, November 4, 1902.</NewTextValue>
  </TextCorrectedLine>
  <TextCorrectedLine lineID="P1_TL00740">
    <OldTextValue>T. K. NORMAN, j</OldTextValue>
    <NewTextValue>T. K. NORMAN,</NewTextValue>
  </TextCorrectedLine>
  <TextCorrectedLine lineID="P1_TL00742">
    <OldTextValue>Sheriff aud Tax-Colhctor.</OldTextValue>
    <NewTextValue>Sheriff and Tax-Collector.</NewTextValue>
  </TextCorrectedLine>
  <TextCorrectedLine lineID="P1_TL00744">
    <OldTextValue>j;. W. CALDWELL, ]</OldTextValue>
    <NewTextValue>J. W. CALDWELL,</NewTextValue>
  </TextCorrectedLine>
  <TextCorrectedLine lineID="P1_TL00745">
    <OldTextValue>'. Refrular Republican Nominee for &gt;</OldTextValue>
    <NewTextValue>Regular Republican Nominee for</NewTextValue>
  </TextCorrectedLine>
  <TextCorrectedLine lineID="P1_TL00746">
    <OldTextValue>District Attorney. ■</OldTextValue>
    <NewTextValue>District Attorney.</NewTextValue>
  </TextCorrectedLine>
  <TextCorrectedLine lineID="P1_TL00747">
    <OldTextValue>Election Tuesday, November 4, 1901</OldTextValue>
    <NewTextValue>Election Tuesday, November 4, 1904</NewTextValue>
  </TextCorrectedLine>
  <TextCorrectedLine lineID="P1_TL00751">
    <OldTextValue>s Election— Tuesday, November 4. 1004.</OldTextValue>
    <NewTextValue>Election— Tuesday, November 4. 1904.</NewTextValue>
  </TextCorrectedLine>
  <TextCorrectedLine lineID="P1_TL00752">
    <OldTextValue>AY. C. RALSTON,</OldTextValue>
    <NewTextValue>W. C. RALSTON,</NewTextValue>
  </TextCorrectedLine>
  <TextCorrectedLine lineID="P1_TL00753">
    <OldTextValue>Regular Republican Candidate Tor</OldTextValue>
    <NewTextValue>Regular Republican Candidate For</NewTextValue>
  </TextCorrectedLine>
  <TextCorrectedLine lineID="P1_TL00754">
    <OldTextValue>STATE SENATOR; .J</OldTextValue>
    <NewTextValue>STATE SENATOR; .</NewTextValue>
  </TextCorrectedLine>
</TextCorrectedBlock>
<TextCorrectedBlock pageOID="AL19021031.1.1" blockID="P1_CB00003" userID="[redacted]">
  <TextCorrectedLine lineID="P1_TL00777">
    <OldTextValue>' School Superintendent.</OldTextValue>
    <NewTextValue>School Superintendent.</NewTextValue>
  </TextCorrectedLine>
  <TextCorrectedLine lineID="P1_TL00778">
    <OldTextValue>•••••••••••••••••••••••••a</OldTextValue>
    <NewTextValue></NewTextValue>
  </TextCorrectedLine>
  <TextCorrectedLine lineID="P1_TL00779">
    <OldTextValue>I they're in I</OldTextValue>
    <NewTextValue>They're in</NewTextValue>
  </TextCorrectedLine>
  <TextCorrectedLine lineID="P1_TL00780">
    <OldTextValue>j the Darkj</OldTextValue>
    <NewTextValue>the Dark</NewTextValue>
  </TextCorrectedLine>
  <TextCorrectedLine lineID="P1_TL00781">
    <OldTextValue>J People often ask where *</OldTextValue>
    <NewTextValue>People often ask where</NewTextValue>
  </TextCorrectedLine>
  <TextCorrectedLine lineID="P1_TL00782">
    <OldTextValue>• we keep the extensive •</OldTextValue>
    <NewTextValue>we keep the extensive</NewTextValue>
  </TextCorrectedLine>
  <TextCorrectedLine lineID="P1_TL00783">
    <OldTextValue>• stock of perfumes that •</OldTextValue>
    <NewTextValue>stock of perfumes that</NewTextValue>
  </TextCorrectedLine>
  <TextCorrectedLine lineID="P1_TL00784">
    <OldTextValue>• we advertise. *</OldTextValue>
    <NewTextValue>we advertise.</NewTextValue>
  </TextCorrectedLine>
  <TextCorrectedLine lineID="P1_TL00785">
    <OldTextValue>• All high grade extracts •</OldTextValue>
    <NewTextValue>All high grade extracts</NewTextValue>
  </TextCorrectedLine>
  <TextCorrectedLine lineID="P1_TL00786">
    <OldTextValue>• should be kept from ex- •</OldTextValue>
    <NewTextValue>should be kept from ex-</NewTextValue>
  </TextCorrectedLine>
  <TextCorrectedLine lineID="P1_TL00787">
    <OldTextValue>•posure to light, as much *</OldTextValue>
    <NewTextValue>posure to light, as much</NewTextValue>
  </TextCorrectedLine>
  <TextCorrectedLine lineID="P1_TL00788">
    <OldTextValue>• as possible, hence we keep •</OldTextValue>
    <NewTextValue>as possible, hence we keep</NewTextValue>
  </TextCorrectedLine>
  <TextCorrectedLine lineID="P1_TL00789">
    <OldTextValue>•ours out of sight, that is •</OldTextValue>
    <NewTextValue>ours out of sight, that is</NewTextValue>
  </TextCorrectedLine>
  <TextCorrectedLine lineID="P1_TL00790">
    <OldTextValue>Z iv -the dark, and we air *</OldTextValue>
    <NewTextValue>in the dark, and we al-</NewTextValue>
  </TextCorrectedLine>
  <TextCorrectedLine lineID="P1_TL00791">
    <OldTextValue>• ways advise our patrons •</OldTextValue>
    <NewTextValue>ways advise our patrons</NewTextValue>
  </TextCorrectedLine>
  <TextCorrectedLine lineID="P1_TL00792">
    <OldTextValue>J to do likewise. t •</OldTextValue>
    <NewTextValue>to do likewise.</NewTextValue>
  </TextCorrectedLine>
  <TextCorrectedLine lineID="P1_TL00793">
    <OldTextValue>• "vThe cheaper class of *</OldTextValue>
    <NewTextValue>The cheaper class of</NewTextValue>
  </TextCorrectedLine>
  <TextCorrectedLine lineID="P1_TL00794">
    <OldTextValue>• goods will keep any •</OldTextValue>
    <NewTextValue>goods will keep any</NewTextValue>
  </TextCorrectedLine>
  <TextCorrectedLine lineID="P1_TL00795">
    <OldTextValue>2 place. •</OldTextValue>
    <NewTextValue>place.</NewTextValue>
  </TextCorrectedLine>
  <TextCorrectedLine lineID="P1_TL00796">
    <OldTextValue>2 We often display dum- 2</OldTextValue>
    <NewTextValue>We often display dum-</NewTextValue>
  </TextCorrectedLine>
  <TextCorrectedLine lineID="P1_TL00797">
    <OldTextValue>• mies furnished by our •</OldTextValue>
    <NewTextValue>mies furnished by our</NewTextValue>
  </TextCorrectedLine>
  <TextCorrectedLine lineID="P1_TL00798">
    <OldTextValue>2 dealers for that purpose. •</OldTextValue>
    <NewTextValue>dealers for that purpose.</NewTextValue>
  </TextCorrectedLine>
  <TextCorrectedLine lineID="P1_TL00799">
    <OldTextValue>2 We invite a careful in- 2</OldTextValue>
    <NewTextValue>We invite a careful in-</NewTextValue>
  </TextCorrectedLine>
  <TextCorrectedLine lineID="P1_TL00800">
    <OldTextValue>• spection of different odors •</OldTextValue>
    <NewTextValue>spection of different odors</NewTextValue>
  </TextCorrectedLine>
  <TextCorrectedLine lineID="P1_TL00801">
    <OldTextValue>2 whether you desire to 2</OldTextValue>
    <NewTextValue>whether you desire to</NewTextValue>
  </TextCorrectedLine>
  <TextCorrectedLine lineID="P1_TL00802">
    <OldTextValue>2 purchase or not. /' 2</OldTextValue>
    <NewTextValue>purchase or not. /</NewTextValue>
  </TextCorrectedLine>
  <TextCorrectedLine lineID="P1_TL00803">
    <OldTextValue>• CITY PHARMACY •</OldTextValue>
    <NewTextValue>CITY PHARMACY</NewTextValue>
  </TextCorrectedLine>
  <TextCorrectedLine lineID="P1_TL00804">
    <OldTextValue>2 ROUT. I. KERR 2</OldTextValue>
    <NewTextValue>ROBT. I. KERR</NewTextValue>
  </TextCorrectedLine>
  <TextCorrectedLine lineID="P1_TL00805">
    <OldTextValue>• 'JACKSON - ' - - CAL. •</OldTextValue>
    <NewTextValue>JACKSON -  - - CAL.</NewTextValue>
  </TextCorrectedLine>
  <TextCorrectedLine lineID="P1_TL00806">
    <OldTextValue>••••••••••••••••••••••••a*</OldTextValue>
    <NewTextValue></NewTextValue>
  </TextCorrectedLine>
  <TextCorrectedLine lineID="P1_TL00807">
    <OldTextValue>A. H. KUHLffIAfJT</OldTextValue>
    <NewTextValue>A. H. KUHLMAN</NewTextValue>
  </TextCorrectedLine>
  <TextCorrectedLine lineID="P1_TL00809">
    <OldTextValue>Will ' do work in any part of</OldTextValue>
    <NewTextValue>Will  do work in any part of</NewTextValue>
  </TextCorrectedLine>
</TextCorrectedBlock>
