<TextCorrectedBlock pageOID="AL19040610.1.2" blockID="P2_TB00037" userID="[redacted]">
  <TextCorrectedLine lineID="P2_TL00266">
    <OldTextValue>Up-to-date dentistry by Dr. Deluccbi,</OldTextValue>
    <NewTextValue>Up-to-date dentistry by Dr. Delucchi,</NewTextValue>
  </TextCorrectedLine>
  <TextCorrectedLine lineID="P2_TL00275">
    <OldTextValue>George Pheips, second son of Rev. J.</OldTextValue>
    <NewTextValue>George Phelps, second son of Rev. J.</NewTextValue>
  </TextCorrectedLine>
  <TextCorrectedLine lineID="P2_TL00285">
    <OldTextValue>Miss Cora Culbert of A mador City left</OldTextValue>
    <NewTextValue>Miss Cora Culbert of Amador City left</NewTextValue>
  </TextCorrectedLine>
  <TextCorrectedLine lineID="P2_TL00288">
    <OldTextValue>and po3sibly one or more of the much-</OldTextValue>
    <NewTextValue>and possibly one or more of the much-</NewTextValue>
  </TextCorrectedLine>
  <TextCorrectedLine lineID="P2_TL00297">
    <OldTextValue>proprietor of the Globe" hotel, have</OldTextValue>
    <NewTextValue>proprietor of the Globe hotel, have</NewTextValue>
  </TextCorrectedLine>
</TextCorrectedBlock>
<TextCorrectedBlock pageOID="AL19040610.1.2" blockID="P2_CB00003" userID="[redacted]">
  <TextCorrectedLine lineID="P2_TL00869">
    <OldTextValue>We have PIMPLES and eruptions of the skin •</OldTextValue>
    <NewTextValue>We have PIMPLES and eruptions of the skin</NewTextValue>
  </TextCorrectedLine>
  <TextCorrectedLine lineID="P2_TL00876">
    <OldTextValue>MhJW</OldTextValue>
    <NewTextValue></NewTextValue>
  </TextCorrectedLine>
  <TextCorrectedLine lineID="P2_TL00877">
    <OldTextValue>gy^^^L^ 6^ .aS^^fe. 81 *- -*f^ --*T*:- rf^. rfffl^lfNlP</OldTextValue>
    <NewTextValue></NewTextValue>
  </TextCorrectedLine>
  <TextCorrectedLine lineID="P2_TL00878">
    <OldTextValue>** * Having just re- Main St. Jackson )k</OldTextValue>
    <NewTextValue>Having just re- main St. Jackson</NewTextValue>
  </TextCorrectedLine>
  <TextCorrectedLine lineID="P2_TL00879">
    <OldTextValue>%* * I</OldTextValue>
    <NewTextValue></NewTextValue>
  </TextCorrectedLine>
  <TextCorrectedLine lineID="P2_TL00880">
    <OldTextValue>a * * * ceived my Spring -*^&lt;*. |</OldTextValue>
    <NewTextValue>ceived my Spring</NewTextValue>
  </TextCorrectedLine>
</TextCorrectedBlock>
<TextCorrectedBlock pageOID="AL19040610.1.3" blockID="P3_TB00095" userID="[redacted]">
  <TextCorrectedLine lineID="P3_TL00820">
    <OldTextValue>Mrs. R. Bernard i and son, Jake, of</OldTextValue>
    <NewTextValue>Mrs. R. Bernardi and son, Jake, of</NewTextValue>
  </TextCorrectedLine>
  <TextCorrectedLine lineID="P3_TL00822">
    <OldTextValue>tives in this and adjoining- rounties for</OldTextValue>
    <NewTextValue>tives in this and adjoining counties for</NewTextValue>
  </TextCorrectedLine>
  <TextCorrectedLine lineID="P3_TL00823">
    <OldTextValue>several wepk«. During t.hn past week</OldTextValue>
    <NewTextValue>several weeks.  During the past week</NewTextValue>
  </TextCorrectedLine>
  <TextCorrectedLine lineID="P3_TL00824">
    <OldTextValue>they have been the gu&lt;&gt;sts of Mr. and</OldTextValue>
    <NewTextValue>they have been the guests of Mr. and</NewTextValue>
  </TextCorrectedLine>
</TextCorrectedBlock>
<TextCorrectedBlock pageOID="AL19040610.1.3" blockID="P3_TB00094" userID="[redacted]">
  <TextCorrectedLine lineID="P3_TL00812">
    <OldTextValue>Work en the Methodist church is</OldTextValue>
    <NewTextValue>Work on the Methodist church is</NewTextValue>
  </TextCorrectedLine>
</TextCorrectedBlock>
<TextCorrectedBlock pageOID="AL19040610.1.3" blockID="P3_TB00040" userID="[redacted]">
  <TextCorrectedLine lineID="P3_TL00322">
    <OldTextValue>Templars of America will bold a grand</OldTextValue>
    <NewTextValue>Templars of America will hold a grand</NewTextValue>
  </TextCorrectedLine>
</TextCorrectedBlock>
<TextCorrectedBlock pageOID="AL19040610.1.3" blockID="P3_CB00001" userID="[redacted]">
  <TextCorrectedLine lineID="P3_TL00925">
    <OldTextValue>■, ; ■:■■■ :?r.: ?r. - '-:</OldTextValue>
    <NewTextValue></NewTextValue>
  </TextCorrectedLine>
  <TextCorrectedLine lineID="P3_TL00926">
    <OldTextValue>■ Agate Buttons, card 3c &lt;^_^ Pocket Combs ; 4c H</OldTextValue>
    <NewTextValue>Agate Buttons, card  ... 3c                |   Pocket Combs ....; 4c</NewTextValue>
  </TextCorrectedLine>
  <TextCorrectedLine lineID="P3_TL00927">
    <OldTextValue>• Swanbill Hooks &amp; Eyes, cd . . . . 1c JEKl^Bk^BmW^^^^. Metal Hair Bru shes 15c ®</OldTextValue>
    <NewTextValue>Swanbill Hooks &amp; Eyes, cd . . . . 1c       |  Metal Hair Brushes ...15c</NewTextValue>
  </TextCorrectedLine>
  <TextCorrectedLine lineID="P3_TL00928">
    <OldTextValue>5 Cedar Lead Pencils, each lc Js^^Wffll&amp;Q?Ms4mskJ^F Ruled Tablets, for ink oc Is</OldTextValue>
    <NewTextValue>Cedar Lead Pencils, each  ....1c        |  Ruled Tablets, for ink oc Is</NewTextValue>
  </TextCorrectedLine>
  <TextCorrectedLine lineID="P3_TL00929">
    <OldTextValue>g Stockinet Dress Shields, each .10c QOODS^^^ No. 2 Satin Ribbon, bolt .....20c w</OldTextValue>
    <NewTextValue>Stockinet Dress Shields, each ....10c | No. 2 Satin Ribbon, bolt .....20c w</NewTextValue>
  </TextCorrectedLine>
  <TextCorrectedLine lineID="P3_TL00930">
    <OldTextValue>0 Cube Pins, each 5c " ' Tooth Brushes .10c Q</OldTextValue>
    <NewTextValue>Cube Pins, each  ...                     5c  | Tooth Brushes .10c</NewTextValue>
  </TextCorrectedLine>
  <TextCorrectedLine lineID="P3_TL00931">
    <OldTextValue>4^ - &lt;%</OldTextValue>
    <NewTextValue></NewTextValue>
  </TextCorrectedLine>
  <TextCorrectedLine lineID="P3_TL00932">
    <OldTextValue>{ [SHIRT WAIST SALE-H</OldTextValue>
    <NewTextValue>SHIRT WAIST SALE</NewTextValue>
  </TextCorrectedLine>
  <TextCorrectedLine lineID="P3_TL00933">
    <OldTextValue>J A great chance to get a season's supply of Shirt Waists un- J</OldTextValue>
    <NewTextValue>A great chance to get a season's supply of Shirt Waists un-</NewTextValue>
  </TextCorrectedLine>
  <TextCorrectedLine lineID="P3_TL00934">
    <OldTextValue>© der price. We are naming prices that usually come on the heels •</OldTextValue>
    <NewTextValue>der price. We are naming prices that usually come on the heels</NewTextValue>
  </TextCorrectedLine>
  <TextCorrectedLine lineID="P3_TL00935">
    <OldTextValue>9 of winter; The cut and fit of the garments are above criticism; 5</OldTextValue>
    <NewTextValue>of winter; The cut and fit of the garments are above criticism;</NewTextValue>
  </TextCorrectedLine>
  <TextCorrectedLine lineID="P3_TL00936">
    <OldTextValue>■ patterns vary enough to suit any taste, and prices below normal ■</OldTextValue>
    <NewTextValue>patterns vary enough to suit any taste, and prices below normal</NewTextValue>
  </TextCorrectedLine>
  <TextCorrectedLine lineID="P3_TL00937">
    <OldTextValue>■ _ $3.00 Waists $1.95 $1.25 Waists are 75c $2.00 Waists $125 §</OldTextValue>
    <NewTextValue>$3.00 Waists $1.95 | $1.25 Waists are 75c | $2.00 Waists $1.25</NewTextValue>
  </TextCorrectedLine>
</TextCorrectedBlock>
<TextCorrectedBlock pageOID="AL19040610.1.3" blockID="P3_TB00007" userID="[redacted]">
  <TextCorrectedLine lineID="P3_TL00062">
    <OldTextValue>1850, and ■ for 22 years conducted a</OldTextValue>
    <NewTextValue>1850, and  for 22 years conducted a</NewTextValue>
  </TextCorrectedLine>
  <TextCorrectedLine lineID="P3_TL00064">
    <OldTextValue>Jackson. He th«-n removed to Sutter</OldTextValue>
    <NewTextValue>Jackson. He then removed to Sutter</NewTextValue>
  </TextCorrectedLine>
  <TextCorrectedLine lineID="P3_TL00065">
    <OldTextValue>Creek and enquired in thu same busi-</OldTextValue>
    <NewTextValue>Creek and enquired in the same busi-</NewTextValue>
  </TextCorrectedLine>
  <TextCorrectedLine lineID="P3_TL00066">
    <OldTextValue>ness, which hu continui'd to follow until</OldTextValue>
    <NewTextValue>ness, which he continued to follow until</NewTextValue>
  </TextCorrectedLine>
  <TextCorrectedLine lineID="P3_TL00067">
    <OldTextValue>old age t'cminrii'fl him that he must</OldTextValue>
    <NewTextValue>old age reminded him that he must</NewTextValue>
  </TextCorrectedLine>
  <TextCorrectedLine lineID="P3_TL00076">
    <OldTextValue>gave because it was a |&gt;l-asnre to him</OldTextValue>
    <NewTextValue>gave because it was a pleasure to him</NewTextValue>
  </TextCorrectedLine>
  <TextCorrectedLine lineID="P3_TL00077">
    <OldTextValue>to give, yet he nevi-i- boasted of his</OldTextValue>
    <NewTextValue>to give, yet he never boasted of his</NewTextValue>
  </TextCorrectedLine>
  <TextCorrectedLine lineID="P3_TL00078">
    <OldTextValue>generosity. He spnnt the last few</OldTextValue>
    <NewTextValue>generosity. He spent the last few</NewTextValue>
  </TextCorrectedLine>
  <TextCorrectedLine lineID="P3_TL00079">
    <OldTextValue>years of bis lifu with his children. It</OldTextValue>
    <NewTextValue>years of his life with his children. It</NewTextValue>
  </TextCorrectedLine>
  <TextCorrectedLine lineID="P3_TL00080">
    <OldTextValue>was while visiting with his. youns^st.</OldTextValue>
    <NewTextValue>was while visiting with his. youngest.</NewTextValue>
  </TextCorrectedLine>
  <TextCorrectedLine lineID="P3_TL00081">
    <OldTextValue>daughter that be accidentally Ml from</OldTextValue>
    <NewTextValue>daughter that he accidentally fell from</NewTextValue>
  </TextCorrectedLine>
  <TextCorrectedLine lineID="P3_TL00082">
    <OldTextValue>the bed. striking in such a way as to</OldTextValue>
    <NewTextValue>the bed, striking in such a way as to</NewTextValue>
  </TextCorrectedLine>
  <TextCorrectedLine lineID="P3_TL00083">
    <OldTextValue>cause paralysis. He lingore'l fortwplvw</OldTextValue>
    <NewTextValue>cause paralysis. He lingered for twelve</NewTextValue>
  </TextCorrectedLine>
  <TextCorrectedLine lineID="P3_TL00085">
    <OldTextValue>struggle, surrounded by all bis chil-</OldTextValue>
    <NewTextValue>struggle, surrounded by all his chil-</NewTextValue>
  </TextCorrectedLine>
  <TextCorrectedLine lineID="P3_TL00087">
    <OldTextValue>son, Louis N. Martell, of Mar lull's sta-</OldTextValue>
    <NewTextValue>son, Louis N. Martell, of Martell's sta-</NewTextValue>
  </TextCorrectedLine>
  <TextCorrectedLine lineID="P3_TL00089">
    <OldTextValue>grandfebilrlren and eighteen great-</OldTextValue>
    <NewTextValue>grandchildren and eighteen great-</NewTextValue>
  </TextCorrectedLine>
  <TextCorrectedLine lineID="P3_TL00090">
    <OldTextValue>grandchildren, besides a host &lt;if friends</OldTextValue>
    <NewTextValue>grandchildren, besides a host of friends</NewTextValue>
  </TextCorrectedLine>
  <TextCorrectedLine lineID="P3_TL00092">
    <OldTextValue>hood. His remains wert) interred in</OldTextValue>
    <NewTextValue>hood. His remains were interred in</NewTextValue>
  </TextCorrectedLine>
  <TextCorrectedLine lineID="P3_TL00094">
    <OldTextValue>side of those of bis wife who died sev-</OldTextValue>
    <NewTextValue>side of those of his wife who died sev-</NewTextValue>
  </TextCorrectedLine>
</TextCorrectedBlock>
<TextCorrectedBlock pageOID="AL19040610.1.3" blockID="P3_TB00008" userID="[redacted]">
  <TextCorrectedLine lineID="P3_TL00098">
    <OldTextValue>ter, Mis. M. Riestra, near Gait, on</OldTextValue>
    <NewTextValue>ter, Mrs. M. Riestra, near Galt, on</NewTextValue>
  </TextCorrectedLine>
</TextCorrectedBlock>
<TextCorrectedBlock pageOID="AL19040610.1.3" blockID="P3_TB00035" userID="[redacted]">
  <TextCorrectedLine lineID="P3_TL00290">
    <OldTextValue>old-time friend and countryman, . Louis</OldTextValue>
    <NewTextValue>old-time friend and countryman,  Louis</NewTextValue>
  </TextCorrectedLine>
</TextCorrectedBlock>
<TextCorrectedBlock pageOID="AL19040610.1.3" blockID="P3_TB00068" userID="[redacted]">
  <TextCorrectedLine lineID="P3_TL00590">
    <OldTextValue>AmadorCity, Jun,e§.</OldTextValue>
    <NewTextValue>AmadorCity, June 6.</NewTextValue>
  </TextCorrectedLine>
  <TextCorrectedLine lineID="P3_TL00591">
    <OldTextValue>Mjss, NJtsCail of Jane in visiting friends</OldTextValue>
    <NewTextValue>Miss McCail of Jane is visiting friends</NewTextValue>
  </TextCorrectedLine>
  <TextCorrectedLine lineID="P3_TL00592">
    <OldTextValue>in Wxs. city.</OldTextValue>
    <NewTextValue>in this city.</NewTextValue>
  </TextCorrectedLine>
  <TextCorrectedLine lineID="P3_TL00593">
    <OldTextValue>Miss Daisy Fox left forLancna Plana</OldTextValue>
    <NewTextValue>Miss Daisy Fox left for Lancha Plana</NewTextValue>
  </TextCorrectedLine>
</TextCorrectedBlock>
