<TextCorrectedBlock pageOID="AL19081023.1.3" blockID="P3_TB00036" userID="[redacted]">
  <TextCorrectedLine lineID="P3_TL00737">
    <OldTextValue>Notice is hereby given to the eleetnr* of the</OldTextValue>
    <NewTextValue>Notice is hereby given to the electors of the</NewTextValue>
  </TextCorrectedLine>
  <TextCorrectedLine lineID="P3_TL00739">
    <OldTextValue>be submitted to the p&gt;ople nf tho StatP of ('ull-</OldTextValue>
    <NewTextValue>be submitted to the people of the State of  Cali-</NewTextValue>
  </TextCorrectedLine>
  <TextCorrectedLine lineID="P3_TL00740">
    <OldTextValue>fornla tor their ratification at the next general</OldTextValue>
    <NewTextValue>fornia tor their ratification at the next general</NewTextValue>
  </TextCorrectedLine>
  <TextCorrectedLine lineID="P3_TL00741">
    <OldTextValue>cloctlon to be holden on tho third day of No-</OldTextValue>
    <NewTextValue>electlon to be holden on the third day of No-</NewTextValue>
  </TextCorrectedLine>
  <TextCorrectedLine lineID="P3_TL00742">
    <OldTextValue>vember. A. D. liHiS, to wit:</OldTextValue>
    <NewTextValue>vember. A. D. 1908, to wit:</NewTextValue>
  </TextCorrectedLine>
</TextCorrectedBlock>
<TextCorrectedBlock pageOID="AL19081023.1.3" blockID="P3_CB00001" userID="[redacted]">
  <TextCorrectedLine lineID="P3_TL01002">
    <OldTextValue>WATERPROOF \Cl\</OldTextValue>
    <NewTextValue>WATERPROOF</NewTextValue>
  </TextCorrectedLine>
  <TextCorrectedLine lineID="P3_TL01003">
    <OldTextValue>OILED CLOTHING^</OldTextValue>
    <NewTextValue>OILED CLOTHING</NewTextValue>
  </TextCorrectedLine>
  <TextCorrectedLine lineID="P3_TL01004">
    <OldTextValue>looks better -wears longer -/v/y J</OldTextValue>
    <NewTextValue>looks better -wears longer</NewTextValue>
  </TextCorrectedLine>
  <TextCorrectedLine lineID="P3_TL01005">
    <OldTextValue>and gives more ii\</OldTextValue>
    <NewTextValue>and gives more</NewTextValue>
  </TextCorrectedLine>
  <TextCorrectedLine lineID="P3_TL01006">
    <OldTextValue>bodily comfort wT'/r JA</OldTextValue>
    <NewTextValue>bodily comfort</NewTextValue>
  </TextCorrectedLine>
  <TextCorrectedLine lineID="P3_TL01007">
    <OldTextValue>because cur on -ViP^rs^r^ \\</OldTextValue>
    <NewTextValue>because cut on</NewTextValue>
  </TextCorrectedLine>
  <TextCorrectedLine lineID="P3_TL01008">
    <OldTextValue>lorge patterns. yei /i&gt;\lLJt</OldTextValue>
    <NewTextValue>large patterns.</NewTextValue>
  </TextCorrectedLine>
  <TextCorrectedLine lineID="P3_TL01009">
    <OldTextValue>costs no more thdn Hr^\Y\ N V \</OldTextValue>
    <NewTextValue>costs no more than</NewTextValue>
  </TextCorrectedLine>
  <TextCorrectedLine lineID="P3_TL01010">
    <OldTextValue>the "just os good kinds\VJ\ \</OldTextValue>
    <NewTextValue>the just as good kinds</NewTextValue>
  </TextCorrectedLine>
  <TextCorrectedLine lineID="P3_TL01011">
    <OldTextValue>SUiraSLICKER5 $ 3°ilK\</OldTextValue>
    <NewTextValue>SUITS $3 00    SLICKERS $ 3 00</NewTextValue>
  </TextCorrectedLine>
  <TextCorrectedLine lineID="P3_TL01012">
    <OldTextValue>SOLD EVERYWHERE \ WKr \a</OldTextValue>
    <NewTextValue>SOLD EVERYWHERE</NewTextValue>
  </TextCorrectedLine>
  <TextCorrectedLine lineID="P3_TL01013">
    <OldTextValue>tvtry qormenl rfOjWEfl'C JZ§3 &gt;</OldTextValue>
    <NewTextValue>Every garment</NewTextValue>
  </TextCorrectedLine>
</TextCorrectedBlock>
