<TextCorrectedBlock pageOID="AL19000504.1.1" blockID="P1_TB00096" userID="[redacted]">
  <TextCorrectedLine lineID="P1_TL00750">
    <OldTextValue>$A break occurred in the main ditch</OldTextValue>
    <NewTextValue>A break occurred in the main ditch</NewTextValue>
  </TextCorrectedLine>
  <TextCorrectedLine lineID="P1_TL00751">
    <OldTextValue>ol the Tuofumrie County Water Cqrja.-</OldTextValue>
    <NewTextValue>ol the Tuofumrie County Water Com-</NewTextValue>
  </TextCorrectedLine>
  <TextCorrectedLine lineID="P1_TL00759">
    <OldTextValue>sary repair's/ ' ! '</OldTextValue>
    <NewTextValue>sary repairs.</NewTextValue>
  </TextCorrectedLine>
</TextCorrectedBlock>
<TextCorrectedBlock pageOID="AL19000504.1.1" blockID="P1_TB00074" userID="[redacted]">
  <TextCorrectedLine lineID="P1_TL00567">
    <OldTextValue>, The Mining and Scientific Press of</OldTextValue>
    <NewTextValue>The Mining and Scientific Press of</NewTextValue>
  </TextCorrectedLine>
  <TextCorrectedLine lineID="P1_TL00570">
    <OldTextValue>the 19tt} inst. was b.rgugljt what' the</OldTextValue>
    <NewTextValue>the 19th inst. was brought what the</NewTextValue>
  </TextCorrectedLine>
</TextCorrectedBlock>
<TextCorrectedBlock pageOID="AL19000504.1.1" blockID="P1_TB00078" userID="[redacted]">
  <TextCorrectedLine lineID="P1_TL00610">
    <OldTextValue>The great system of canal* which af-</OldTextValue>
    <NewTextValue>The great system of canals which af-</NewTextValue>
  </TextCorrectedLine>
  <TextCorrectedLine lineID="P1_TL00611">
    <OldTextValue>ford fertility to Egypt has boon devel-</OldTextValue>
    <NewTextValue>ford fertility to Egypt has been devel-</NewTextValue>
  </TextCorrectedLine>
</TextCorrectedBlock>
<TextCorrectedBlock pageOID="AL19000504.1.1" blockID="P1_TB00070" userID="[redacted]">
  <TextCorrectedLine lineID="P1_TL00525">
    <OldTextValue>for large j dejegatipns . tQ attend the</OldTextValue>
    <NewTextValue>for large delegations to attend the</NewTextValue>
  </TextCorrectedLine>
  <TextCorrectedLine lineID="P1_TL00526">
    <OldTextValue>gtate meeting. Much enthusiasm is</OldTextValue>
    <NewTextValue>State meeting. Much enthusiasm is</NewTextValue>
  </TextCorrectedLine>
</TextCorrectedBlock>
<TextCorrectedBlock pageOID="AL19000504.1.1" blockID="P1_TB00068" userID="[redacted]">
  <TextCorrectedLine lineID="P1_TL00501">
    <OldTextValue>lecture Mr. Beeober went Into a barber</OldTextValue>
    <NewTextValue>lecture Mr. Beecher went Into a barber</NewTextValue>
  </TextCorrectedLine>
  <TextCorrectedLine lineID="P1_TL00504">
    <OldTextValue>was going to hoar Beecher lecturo.</OldTextValue>
    <NewTextValue>was going to hear Beecher lecture.</NewTextValue>
  </TextCorrectedLine>
  <TextCorrectedLine lineID="P1_TL00508">
    <OldTextValue>qne&gt; They're all sold, and you'll have</OldTextValue>
    <NewTextValue>one. They're all sold, and you'll have</NewTextValue>
  </TextCorrectedLine>
  <TextCorrectedLine lineID="P1_TL00509">
    <OldTextValue>to stand.'-'. ; ..■</OldTextValue>
    <NewTextValue>to stand."</NewTextValue>
  </TextCorrectedLine>
  <TextCorrectedLine lineID="P1_TL00510">
    <OldTextValue>"That's wy }ueV said Mr.</OldTextValue>
    <NewTextValue>"That's just my luck," said Mr.</NewTextValue>
  </TextCorrectedLine>
</TextCorrectedBlock>
<TextCorrectedBlock pageOID="AL19000504.1.1" blockID="P1_CB00003" userID="[redacted]">
  <TextCorrectedLine lineID="P1_TL01059">
    <OldTextValue>&lt;' &lt; '</OldTextValue>
    <NewTextValue></NewTextValue>
  </TextCorrectedLine>
  <TextCorrectedLine lineID="P1_TL01060">
    <OldTextValue>&lt;1 &lt; 1</OldTextValue>
    <NewTextValue></NewTextValue>
  </TextCorrectedLine>
  <TextCorrectedLine lineID="P1_TL01061">
    <OldTextValue>&lt;1 &lt; 1</OldTextValue>
    <NewTextValue></NewTextValue>
  </TextCorrectedLine>
  <TextCorrectedLine lineID="P1_TL01062">
    <OldTextValue>I lit Is True j;</OldTextValue>
    <NewTextValue>It Is True</NewTextValue>
  </TextCorrectedLine>
  <TextCorrectedLine lineID="P1_TL01063">
    <OldTextValue>i * - .i '</OldTextValue>
    <NewTextValue></NewTextValue>
  </TextCorrectedLine>
  <TextCorrectedLine lineID="P1_TL01064">
    <OldTextValue>&lt;• i •</OldTextValue>
    <NewTextValue></NewTextValue>
  </TextCorrectedLine>
  <TextCorrectedLine lineID="P1_TL01065">
    <OldTextValue>: ; That We Keep the Best i I</OldTextValue>
    <NewTextValue>That We Keep the Best</NewTextValue>
  </TextCorrectedLine>
  <TextCorrectedLine lineID="P1_TL01066">
    <OldTextValue>:: Quality of Drags and i:</OldTextValue>
    <NewTextValue>Quality of Drugs and</NewTextValue>
  </TextCorrectedLine>
  <TextCorrectedLine lineID="P1_TL01067">
    <OldTextValue>: : the Largest and Most !</OldTextValue>
    <NewTextValue>the Largest and Most</NewTextValue>
  </TextCorrectedLine>
  <TextCorrectedLine lineID="P1_TL01068">
    <OldTextValue>i Complete Variety Stock i j</OldTextValue>
    <NewTextValue>Complete Variety Stock</NewTextValue>
  </TextCorrectedLine>
  <TextCorrectedLine lineID="P1_TL01069">
    <OldTextValue>j: i :</OldTextValue>
    <NewTextValue>~</NewTextValue>
  </TextCorrectedLine>
  <TextCorrectedLine lineID="P1_TL01070">
    <OldTextValue>I A Host of Patrons Will i</OldTextValue>
    <NewTextValue>A Host of Patrons Will</NewTextValue>
  </TextCorrectedLine>
  <TextCorrectedLine lineID="P1_TL01071">
    <OldTextValue>I Tell You This and Will 1 1</OldTextValue>
    <NewTextValue>Tell You This and Will</NewTextValue>
  </TextCorrectedLine>
  <TextCorrectedLine lineID="P1_TL01072">
    <OldTextValue>i : Direct You to 1 1</OldTextValue>
    <NewTextValue>Direct You to</NewTextValue>
  </TextCorrectedLine>
  <TextCorrectedLine lineID="P1_TL01073">
    <OldTextValue>IITHE CITY PHARMACY.,!;</OldTextValue>
    <NewTextValue>IITHE CITY PHARMACY.</NewTextValue>
  </TextCorrectedLine>
  <TextCorrectedLine lineID="P1_TL01074">
    <OldTextValue>J i BOBEKT I. KEHK \ ',</OldTextValue>
    <NewTextValue>ROBERT I. KERR</NewTextValue>
  </TextCorrectedLine>
</TextCorrectedBlock>
