<TextCorrectedBlock pageOID="AL19050616.1.1" blockID="P1_CB00002" userID="[redacted]">
  <TextCorrectedLine lineID="P1_TL01120">
    <OldTextValue>rXIABOIt &amp; TAKOK</OldTextValue>
    <NewTextValue>TABOR &amp; TABOR    -Attorneys at Law-</NewTextValue>
  </TextCorrectedLine>
  <TextCorrectedLine lineID="P1_TL01121">
    <OldTextValue>Stoll Building. Sacramkhio, Cal.</OldTextValue>
    <NewTextValue>Stoll Building. Sacramento, Cal.</NewTextValue>
  </TextCorrectedLine>
  <TextCorrectedLine lineID="P1_TL01123">
    <OldTextValue>United States Mineral Patents and Land and</OldTextValue>
    <NewTextValue>United States Mineral Patents and Land and Mining Litigation</NewTextValue>
  </TextCorrectedLine>
  <TextCorrectedLine lineID="P1_TL01124">
    <OldTextValue>T W. CALmVELL</OldTextValue>
    <NewTextValue>T W. CALDWELL</NewTextValue>
  </TextCorrectedLine>
  <TextCorrectedLine lineID="P1_TL01125">
    <OldTextValue>Will practice in all courts of tbe State</OldTextValue>
    <NewTextValue>Will practice in all courts of the State</NewTextValue>
  </TextCorrectedLine>
  <TextCorrectedLine lineID="P1_TL01126">
    <OldTextValue>-jyj-ISS JKNMK POSTLK</OldTextValue>
    <NewTextValue>MISS JENNIE POSTLE</NewTextValue>
  </TextCorrectedLine>
  <TextCorrectedLine lineID="P1_TL01127">
    <OldTextValue>TKAIMKU KITKSK.</OldTextValue>
    <NewTextValue>TRAINED NURSE</NewTextValue>
  </TextCorrectedLine>
  <TextCorrectedLine lineID="P1_TL01128">
    <OldTextValue>: . Anthony Residence, Hamilton tract.</OldTextValue>
    <NewTextValue>Anthony Residence, Hamilton tract.</NewTextValue>
  </TextCorrectedLine>
  <TextCorrectedLine lineID="P1_TL01130">
    <OldTextValue>Phone 525. : nij 1</OldTextValue>
    <NewTextValue>Phone 528.</NewTextValue>
  </TextCorrectedLine>
  <TextCorrectedLine lineID="P1_TL01131">
    <OldTextValue>DOCTOUS.</OldTextValue>
    <NewTextValue>DOCTORS.</NewTextValue>
  </TextCorrectedLine>
  <TextCorrectedLine lineID="P1_TL01132">
    <OldTextValue>T\R. P. 8. (iOODJIAN</OldTextValue>
    <NewTextValue>DR. P. S. GOODMAN</NewTextValue>
  </TextCorrectedLine>
  <TextCorrectedLine lineID="P1_TL01133">
    <OldTextValue>Physician hiiil Suigeen</OldTextValue>
    <NewTextValue>Physician and Surgeon</NewTextValue>
  </TextCorrectedLine>
  <TextCorrectedLine lineID="P1_TL01136">
    <OldTextValue>Office hours- 12 to 2p. m. ; 7toV p. in.</OldTextValue>
    <NewTextValue>Office hours- 12 to 2 p. m. ; 7 to 9 p. m.</NewTextValue>
  </TextCorrectedLine>
  <TextCorrectedLine lineID="P1_TL01137">
    <OldTextValue>J^K.T.U.M.gUINjT</OldTextValue>
    <NewTextValue>DR. T. D. M. QUIN</NewTextValue>
  </TextCorrectedLine>
  <TextCorrectedLine lineID="P1_TL01138">
    <OldTextValue>PliyHtclaii imil Surgeon</OldTextValue>
    <NewTextValue>Physician and Surgeon</NewTextValue>
  </TextCorrectedLine>
  <TextCorrectedLine lineID="P1_TL01139">
    <OldTextValue>AMADOH CITY, CAL.</OldTextValue>
    <NewTextValue>AMADOR CITY, CAL.</NewTextValue>
  </TextCorrectedLine>
  <TextCorrectedLine lineID="P1_TL01140">
    <OldTextValue>Office hours— 2 to 4 and " to 8 p. m. . Telephone</OldTextValue>
    <NewTextValue>Office hours— 2 to 4 and 7 to 8 p. m. . Telephone at residence</NewTextValue>
  </TextCorrectedLine>
  <TextCorrectedLine lineID="P1_TL01141">
    <OldTextValue>T\K. A. PARKKK LKWIS</OldTextValue>
    <NewTextValue>DR. A. PARKER LEWIS</NewTextValue>
  </TextCorrectedLine>
  <TextCorrectedLine lineID="P1_TL01145">
    <OldTextValue>"|jl E. ENUICOTT, M. l&gt;.</OldTextValue>
    <NewTextValue>E. E. ENDICOTT, M. D.</NewTextValue>
  </TextCorrectedLine>
  <TextCorrectedLine lineID="P1_TL01146">
    <OldTextValue>Physician mill Surgeon</OldTextValue>
    <NewTextValue>Physician and Surgeon</NewTextValue>
  </TextCorrectedLine>
</TextCorrectedBlock>
<TextCorrectedBlock pageOID="AL19050616.1.1" blockID="P1_CB00002" userID="[redacted]">
  <TextCorrectedLine lineID="P1_TL01142">
    <OldTextValue>riiynU-liiii mid Siiriteim</OldTextValue>
    <NewTextValue>Physician and Surgeon</NewTextValue>
  </TextCorrectedLine>
  <TextCorrectedLine lineID="P1_TL01143">
    <OldTextValue>SUTTEK CKEEK.</OldTextValue>
    <NewTextValue>SUTTER CREEK.</NewTextValue>
  </TextCorrectedLine>
  <TextCorrectedLine lineID="P1_TL01144">
    <OldTextValue>Office:— Werner Building. ... ■ CAL.</OldTextValue>
    <NewTextValue>Office:— Werner Building. ..CAL.</NewTextValue>
  </TextCorrectedLine>
</TextCorrectedBlock>
<TextCorrectedBlock pageOID="AL19050616.1.1" blockID="P1_TB00017" userID="[redacted]">
  <TextCorrectedLine lineID="P1_TL00165">
    <OldTextValue>April, A. D., 1 1 JO5, I, T. K.</OldTextValue>
    <NewTextValue>April, A. D., 1905, I. T. K.</NewTextValue>
  </TextCorrectedLine>
  <TextCorrectedLine lineID="P1_TL00173">
    <OldTextValue>ing described Real and Pen</OldTextValue>
    <NewTextValue>ing described Real and Per</NewTextValue>
  </TextCorrectedLine>
</TextCorrectedBlock>
<TextCorrectedBlock pageOID="AL19050616.1.1" blockID="P1_TB00019" userID="[redacted]">
  <TextCorrectedLine lineID="P1_TL00179">
    <OldTextValue>Morton, J I) ot al, interest acquired by</OldTextValue>
    <NewTextValue>Morton, J D et al, interest acquired by</NewTextValue>
  </TextCorrectedLine>
  <TextCorrectedLine lineID="P1_TL00188">
    <OldTextValue>and property in Araudor co, being</OldTextValue>
    <NewTextValue>and property in Amador co, being</NewTextValue>
  </TextCorrectedLine>
  <TextCorrectedLine lineID="P1_TL00189">
    <OldTextValue>the Kiver King quartz mine and</OldTextValue>
    <NewTextValue>the River King quartz mine and</NewTextValue>
  </TextCorrectedLine>
</TextCorrectedBlock>
