<TextCorrectedBlock pageOID="AL19070308.1.1" blockID="P1_TB00005" userID="[redacted]">
  <TextCorrectedLine lineID="P1_TL00012">
    <OldTextValue>clone.— Koad-Making .Novelty.—</OldTextValue>
    <NewTextValue>clone.— Road-Making Novelty.—</NewTextValue>
  </TextCorrectedLine>
  <TextCorrectedLine lineID="P1_TL00013">
    <OldTextValue>Another liegiuning of Life. -Our</OldTextValue>
    <NewTextValue>Another Beginning of Life. -Our</NewTextValue>
  </TextCorrectedLine>
</TextCorrectedBlock>
<TextCorrectedBlock pageOID="AL19070308.1.1" blockID="P1_TB00005" userID="[redacted]">
  <TextCorrectedLine lineID="P1_TL00010">
    <OldTextValue>Nebulae That May Not lie Forming</OldTextValue>
    <NewTextValue>Nebulae That May Not Be Forming</NewTextValue>
  </TextCorrectedLine>
</TextCorrectedBlock>
<TextCorrectedBlock pageOID="AL19070308.1.1" blockID="P1_TB00012" userID="[redacted]">
  <TextCorrectedLine lineID="P1_TL00048">
    <OldTextValue>..nil nfteu stated to have no existence</OldTextValue>
    <NewTextValue>and often stated to have no existence</NewTextValue>
  </TextCorrectedLine>
  <TextCorrectedLine lineID="P1_TL00050">
    <OldTextValue>ments of C. Liruhu, of Berlin, to be</OldTextValue>
    <NewTextValue>ments of C. Gruhu, of Berlin, to be</NewTextValue>
  </TextCorrectedLine>
  <TextCorrectedLine lineID="P1_TL00052">
    <OldTextValue>volatilized -metal, and it is inferred</OldTextValue>
    <NewTextValue>volatilized metal, and it is inferred</NewTextValue>
  </TextCorrectedLine>
  <TextCorrectedLine lineID="P1_TL00053">
    <OldTextValue>thnt these and other ordors are</OldTextValue>
    <NewTextValue>that these and other ordors are</NewTextValue>
  </TextCorrectedLine>
  <TextCorrectedLine lineID="P1_TL00055">
    <OldTextValue>Copper, aluminum, tin, zinc, Jead,</OldTextValue>
    <NewTextValue>Copper, aluminum, tin, zinc, lead,</NewTextValue>
  </TextCorrectedLine>
  <TextCorrectedLine lineID="P1_TL00056">
    <OldTextValue>iron, etc., have a taint smell at</OldTextValue>
    <NewTextValue>iron, etc., have a faint smell at</NewTextValue>
  </TextCorrectedLine>
  <TextCorrectedLine lineID="P1_TL00058">
    <OldTextValue>att'ected by cleanness or oxidization,</OldTextValue>
    <NewTextValue>affected by cleanness or oxidization,</NewTextValue>
  </TextCorrectedLine>
  <TextCorrectedLine lineID="P1_TL00059">
    <OldTextValue>but ou beating to 100 degrees or 120</OldTextValue>
    <NewTextValue>but on heating to 100 degrees or 120</NewTextValue>
  </TextCorrectedLine>
  <TextCorrectedLine lineID="P1_TL00063">
    <OldTextValue>three hours, beating again produces</OldTextValue>
    <NewTextValue>three hours, heating again produces</NewTextValue>
  </TextCorrectedLine>
  <TextCorrectedLine lineID="P1_TL00065">
    <OldTextValue>seem to prove tbat tbe odor is dne to</OldTextValue>
    <NewTextValue>seem to prove that the odor is due to</NewTextValue>
  </TextCorrectedLine>
  <TextCorrectedLine lineID="P1_TL00066">
    <OldTextValue>ii transformation product from tbe</OldTextValue>
    <NewTextValue>a transformation product from the</NewTextValue>
  </TextCorrectedLine>
  <TextCorrectedLine lineID="P1_TL00067">
    <OldTextValue>atoms of the metal, aud that the cold</OldTextValue>
    <NewTextValue>atoms of the metal, and that the cold</NewTextValue>
  </TextCorrectedLine>
  <TextCorrectedLine lineID="P1_TL00068">
    <OldTextValue>metal stores this emanation to tbe</OldTextValue>
    <NewTextValue>metal stores this emanation to the</NewTextValue>
  </TextCorrectedLine>
  <TextCorrectedLine lineID="P1_TL00071">
    <OldTextValue>has beeu separated and isolated in n</OldTextValue>
    <NewTextValue>has been separated and isolated in a</NewTextValue>
  </TextCorrectedLine>
  <TextCorrectedLine lineID="P1_TL00072">
    <OldTextValue>vessel— just as radium emnnation bas</OldTextValue>
    <NewTextValue>vessel— just as radium emanation has</NewTextValue>
  </TextCorrectedLine>
  <TextCorrectedLine lineID="P1_TL00073">
    <OldTextValue>iici'ii isolated.</OldTextValue>
    <NewTextValue>been isolated.</NewTextValue>
  </TextCorrectedLine>
</TextCorrectedBlock>
<TextCorrectedBlock pageOID="AL19070308.1.1" blockID="P1_TB00012" userID="[redacted]">
  <TextCorrectedLine lineID="P1_TL00070">
    <OldTextValue>beating. Some of the odorous matter</OldTextValue>
    <NewTextValue>heating. Some of the odorous matter</NewTextValue>
  </TextCorrectedLine>
</TextCorrectedBlock>
<TextCorrectedBlock pageOID="AL19070308.1.1" blockID="P1_TB00051" userID="[redacted]">
  <TextCorrectedLine lineID="P1_TL00515">
    <OldTextValue>During tbe past week tbe Japanese</OldTextValue>
    <NewTextValue>During tbe past week the Japanese</NewTextValue>
  </TextCorrectedLine>
  <TextCorrectedLine lineID="P1_TL00516">
    <OldTextValue>question has been— or, rather, ha</OldTextValue>
    <NewTextValue>question has been— or, rather, has</NewTextValue>
  </TextCorrectedLine>
  <TextCorrectedLine lineID="P1_TL00517">
    <OldTextValue>pretended to have been settled by tbe</OldTextValue>
    <NewTextValue>pretended to have been settled by the</NewTextValue>
  </TextCorrectedLine>
  <TextCorrectedLine lineID="P1_TL00518">
    <OldTextValue>passage of tbe immigration bill con-</OldTextValue>
    <NewTextValue>passage of the immigration bill con-</NewTextValue>
  </TextCorrectedLine>
  <TextCorrectedLine lineID="P1_TL00519">
    <OldTextValue>taining tbe president's provision</OldTextValue>
    <NewTextValue>taining the president's provision</NewTextValue>
  </TextCorrectedLine>
  <TextCorrectedLine lineID="P1_TL00520">
    <OldTextValue>placing in bis hands tbe power to</OldTextValue>
    <NewTextValue>placing in his hands the power to</NewTextValue>
  </TextCorrectedLine>
  <TextCorrectedLine lineID="P1_TL00521">
    <OldTextValue>exclude Japanese from California It</OldTextValue>
    <NewTextValue>exclude Japanese from California if</NewTextValue>
  </TextCorrectedLine>
  <TextCorrectedLine lineID="P1_TL00522">
    <OldTextValue>he shall deem that ttiey will be a de-</OldTextValue>
    <NewTextValue>he shall deem that they will be a de-</NewTextValue>
  </TextCorrectedLine>
  <TextCorrectedLine lineID="P1_TL00523">
    <OldTextValue>triment to labor conditions on tbe</OldTextValue>
    <NewTextValue>triment to labor conditions on the</NewTextValue>
  </TextCorrectedLine>
  <TextCorrectedLine lineID="P1_TL00525">
    <OldTextValue>sbool board will admit Japanese</OldTextValue>
    <NewTextValue>shool board will admit Japanese</NewTextValue>
  </TextCorrectedLine>
  <TextCorrectedLine lineID="P1_TL00527">
    <OldTextValue>arrangement of tbe difficulty presents</OldTextValue>
    <NewTextValue>arrangement of the difficulty presents</NewTextValue>
  </TextCorrectedLine>
  <TextCorrectedLine lineID="P1_TL00528">
    <OldTextValue>one or two points in line with tbe</OldTextValue>
    <NewTextValue>one or two points in line with the</NewTextValue>
  </TextCorrectedLine>
  <TextCorrectedLine lineID="P1_TL00529">
    <OldTextValue>argument of congressman MoCall in</OldTextValue>
    <NewTextValue>argument of congressman McCall in</NewTextValue>
  </TextCorrectedLine>
  <TextCorrectedLine lineID="P1_TL00530">
    <OldTextValue>bis notable speech in New York warn-</OldTextValue>
    <NewTextValue>his notable speech in New York warn-</NewTextValue>
  </TextCorrectedLine>
  <TextCorrectedLine lineID="P1_TL00532">
    <OldTextValue>tendency to centralize tbe powei of</OldTextValue>
    <NewTextValue>tendency to centralize the power of</NewTextValue>
  </TextCorrectedLine>
  <TextCorrectedLine lineID="P1_TL00533">
    <OldTextValue>the government in tbe chief executive.</OldTextValue>
    <NewTextValue>the government in the chief executive.</NewTextValue>
  </TextCorrectedLine>
  <TextCorrectedLine lineID="P1_TL00534">
    <OldTextValue>In tbe case of tbe amendment to tbe</OldTextValue>
    <NewTextValue>In the case of the amendment to the</NewTextValue>
  </TextCorrectedLine>
  <TextCorrectedLine lineID="P1_TL00536">
    <OldTextValue>tbat the president has piactioally</OldTextValue>
    <NewTextValue>that the president has practically</NewTextValue>
  </TextCorrectedLine>
  <TextCorrectedLine lineID="P1_TL00537">
    <OldTextValue>usurped tbe legislative function of</OldTextValue>
    <NewTextValue>usurped the legislative function of</NewTextValue>
  </TextCorrectedLine>
  <TextCorrectedLine lineID="P1_TL00543">
    <OldTextValue>debate it. The threat was tbat if tbe</OldTextValue>
    <NewTextValue>debate it. The threat was that if the</NewTextValue>
  </TextCorrectedLine>
  <TextCorrectedLine lineID="P1_TL00545">
    <OldTextValue>would be oalled, and-the promise was</OldTextValue>
    <NewTextValue>would be called, and-the promise was</NewTextValue>
  </TextCorrectedLine>
  <TextCorrectedLine lineID="P1_TL00546">
    <OldTextValue>tbat although tbe provisions relative</OldTextValue>
    <NewTextValue>that although the provisions relative</NewTextValue>
  </TextCorrectedLine>
  <TextCorrectedLine lineID="P1_TL00547">
    <OldTextValue>to contract labor in wbicb tbe south-</OldTextValue>
    <NewTextValue>to contract labor in which the south-</NewTextValue>
  </TextCorrectedLine>
  <TextCorrectedLine lineID="P1_TL00549">
    <OldTextValue>tbe ruling made under tbe bill wbiob</OldTextValue>
    <NewTextValue>the ruling made under the bill which</NewTextValue>
  </TextCorrectedLine>
  <TextCorrectedLine lineID="P1_TL00551">
    <OldTextValue>is plain tbat if a measure of such</OldTextValue>
    <NewTextValue>is plain that if a measure of such</NewTextValue>
  </TextCorrectedLine>
  <TextCorrectedLine lineID="P1_TL00553">
    <OldTextValue>into law in this way, otbet and per-</OldTextValue>
    <NewTextValue>into law in this way, other and per-</NewTextValue>
  </TextCorrectedLine>
  <TextCorrectedLine lineID="P1_TL00554">
    <OldTextValue>haps more vital questions oan be dis-</OldTextValue>
    <NewTextValue>haps more vital questions can be dis-</NewTextValue>
  </TextCorrectedLine>
  <TextCorrectedLine lineID="P1_TL00555">
    <OldTextValue>posed of without undergoing tbe</OldTextValue>
    <NewTextValue>posed of without undergoing the</NewTextValue>
  </TextCorrectedLine>
  <TextCorrectedLine lineID="P1_TL00556">
    <OldTextValue>scrutiny of the senate and tbe bouse.</OldTextValue>
    <NewTextValue>scrutiny of the senate and the house.</NewTextValue>
  </TextCorrectedLine>
  <TextCorrectedLine lineID="P1_TL00557">
    <OldTextValue>But it begins to appear fprobable</OldTextValue>
    <NewTextValue>But it begins to appear probable</NewTextValue>
  </TextCorrectedLine>
  <TextCorrectedLine lineID="P1_TL00558">
    <OldTextValue>that tbe diplomacy of tbe president</OldTextValue>
    <NewTextValue>that the diplomacy of the president</NewTextValue>
  </TextCorrectedLine>
  <TextCorrectedLine lineID="P1_TL00559">
    <OldTextValue>witb Japan and tbe concession ot</OldTextValue>
    <NewTextValue>witb Japan and the concession of</NewTextValue>
  </TextCorrectedLine>
  <TextCorrectedLine lineID="P1_TL00560">
    <OldTextValue>mayor Sohmitz and the Sao Franoisoo</OldTextValue>
    <NewTextValue>mayor Schmitz and the San Francisco</NewTextValue>
  </TextCorrectedLine>
  <TextCorrectedLine lineID="P1_TL00561">
    <OldTextValue>boaid of education to tbe president</OldTextValue>
    <NewTextValue>board of education to the president</NewTextValue>
  </TextCorrectedLine>
  <TextCorrectedLine lineID="P1_TL00562">
    <OldTextValue>will not remove tbe friction between</OldTextValue>
    <NewTextValue>will not remove the friction between</NewTextValue>
  </TextCorrectedLine>
  <TextCorrectedLine lineID="P1_TL00563">
    <OldTextValue>the two countries, although tbe presi-</OldTextValue>
    <NewTextValue>the two countries, although the presi-</NewTextValue>
  </TextCorrectedLine>
  <TextCorrectedLine lineID="P1_TL00564">
    <OldTextValue>dent may, as be is authorized to do,</OldTextValue>
    <NewTextValue>dent may, as he is authorized to do,</NewTextValue>
  </TextCorrectedLine>
  <TextCorrectedLine lineID="P1_TL00568">
    <OldTextValue>tbat the administration bas tbe</OldTextValue>
    <NewTextValue>that the administration has the</NewTextValue>
  </TextCorrectedLine>
  <TextCorrectedLine lineID="P1_TL00569">
    <OldTextValue>Japanese on its hands, and tbat it sees</OldTextValue>
    <NewTextValue>Japanese on its hands, and that it sees</NewTextValue>
  </TextCorrectedLine>
  <TextCorrectedLine lineID="P1_TL00573">
    <OldTextValue>the White House between tbe presi-</OldTextValue>
    <NewTextValue>the White House between the presi-</NewTextValue>
  </TextCorrectedLine>
  <TextCorrectedLine lineID="P1_TL00574">
    <OldTextValue>dent, admiral Dewey, tbe officers of</OldTextValue>
    <NewTextValue>dent, admiral Dewey, the officers of</NewTextValue>
  </TextCorrectedLine>
  <TextCorrectedLine lineID="P1_TL00575">
    <OldTextValue>the navy general board, tbe chief of</OldTextValue>
    <NewTextValue>the navy general board, the chief of</NewTextValue>
  </TextCorrectedLine>
  <TextCorrectedLine lineID="P1_TL00576">
    <OldTextValue>the bureau of navigation and tbe</OldTextValue>
    <NewTextValue>the bureau of navigation and the</NewTextValue>
  </TextCorrectedLine>
  <TextCorrectedLine lineID="P1_TL00577">
    <OldTextValue>secretary of the navy. Tbe proceed-</OldTextValue>
    <NewTextValue>secretary of the navy. The proceed-</NewTextValue>
  </TextCorrectedLine>
  <TextCorrectedLine lineID="P1_TL00579">
    <OldTextValue>oalf beoame somewhat beated when a</OldTextValue>
    <NewTextValue>calf became somewhat heated when a</NewTextValue>
  </TextCorrectedLine>
  <TextCorrectedLine lineID="P1_TL00580">
    <OldTextValue>reporter made inquiries about tbe</OldTextValue>
    <NewTextValue>reporter made inquiries about the</NewTextValue>
  </TextCorrectedLine>
  <TextCorrectedLine lineID="P1_TL00581">
    <OldTextValue>conference. It is understood, bow-</OldTextValue>
    <NewTextValue>conference. It is understood, how-</NewTextValue>
  </TextCorrectedLine>
  <TextCorrectedLine lineID="P1_TL00582">
    <OldTextValue>ever, tbat the advisability of increas-</OldTextValue>
    <NewTextValue>ever, that the advisability of increas-</NewTextValue>
  </TextCorrectedLine>
  <TextCorrectedLine lineID="P1_TL00584">
    <OldTextValue>the light of our present relations witb</OldTextValue>
    <NewTextValue>the light of our present relations with</NewTextValue>
  </TextCorrectedLine>
  <TextCorrectedLine lineID="P1_TL00585">
    <OldTextValue>Japan, and that there arose tbe ques-</OldTextValue>
    <NewTextValue>Japan, and that there arose the ques-</NewTextValue>
  </TextCorrectedLine>
  <TextCorrectedLine lineID="P1_TL00589">
    <OldTextValue>before tbe next session, in view of</OldTextValue>
    <NewTextValue>before the next session, in view of</NewTextValue>
  </TextCorrectedLine>
  <TextCorrectedLine lineID="P1_TL00590">
    <OldTextValue>tbe easy victory won by Japan over</OldTextValue>
    <NewTextValue>the easy victory won by Japan over</NewTextValue>
  </TextCorrectedLine>
  <TextCorrectedLine lineID="P1_TL00597">
    <OldTextValue>bas notified senator Perkins tbat tbe</OldTextValue>
    <NewTextValue>has notified senator Perkins that the</NewTextValue>
  </TextCorrectedLine>
  <TextCorrectedLine lineID="P1_TL00604">
    <OldTextValue>Humphrey states tbat these bids are</OldTextValue>
    <NewTextValue>Humphrey states that these bids are</NewTextValue>
  </TextCorrectedLine>
  <TextCorrectedLine lineID="P1_TL00607">
    <OldTextValue>vate firm and tbat tbe estimate of tbe</OldTextValue>
    <NewTextValue>vate firm and that the estimate of the</NewTextValue>
  </TextCorrectedLine>
  <TextCorrectedLine lineID="P1_TL00610">
    <OldTextValue>that department to tiojthe work. Unly</OldTextValue>
    <NewTextValue>that department to do the work.  Only</NewTextValue>
  </TextCorrectedLine>
</TextCorrectedBlock>
<TextCorrectedBlock pageOID="AL19070308.1.1" blockID="P1_TB00053" userID="[redacted]">
  <TextCorrectedLine lineID="P1_TL00661">
    <OldTextValue>bold its annual session in 1008 in the</OldTextValue>
    <NewTextValue>hold its annual session in 1908 in the</NewTextValue>
  </TextCorrectedLine>
  <TextCorrectedLine lineID="P1_TL00665">
    <OldTextValue>ottering no objection to the plan,</OldTextValue>
    <NewTextValue>offering no objection to the plan,</NewTextValue>
  </TextCorrectedLine>
  <TextCorrectedLine lineID="P1_TL00667">
    <OldTextValue>tbe date of meeting to issue a permit</OldTextValue>
    <NewTextValue>the date of meeting to issue a permit</NewTextValue>
  </TextCorrectedLine>
  <TextCorrectedLine lineID="P1_TL00670">
    <OldTextValue>ed with by tbe proposed "camp. It</OldTextValue>
    <NewTextValue>ed with by tbe proposed camp. It</NewTextValue>
  </TextCorrectedLine>
  <TextCorrectedLine lineID="P1_TL00674">
    <OldTextValue>place of meeting noxt spring, and it</OldTextValue>
    <NewTextValue>place of meeting next spring, and it</NewTextValue>
  </TextCorrectedLine>
  <TextCorrectedLine lineID="P1_TL00675">
    <OldTextValue>is theiefore necessary to know very</OldTextValue>
    <NewTextValue>is therefore necessary to know very</NewTextValue>
  </TextCorrectedLine>
  <TextCorrectedLine lineID="P1_TL00678">
    <OldTextValue>California delegation on tbe subject.</OldTextValue>
    <NewTextValue>California delegation on the subject.</NewTextValue>
  </TextCorrectedLine>
  <TextCorrectedLine lineID="P1_TL00679">
    <OldTextValue>Ibey will endeavor to secure from</OldTextValue>
    <NewTextValue>They will endeavor to secure from</NewTextValue>
  </TextCorrectedLine>
  <TextCorrectedLine lineID="P1_TL00680">
    <OldTextValue>tbe department of tbe interior the</OldTextValue>
    <NewTextValue>the department of the interior the</NewTextValue>
  </TextCorrectedLine>
  <TextCorrectedLine lineID="P1_TL00681">
    <OldTextValue>neoessary permit before the Grand</OldTextValue>
    <NewTextValue>necessary permit before the Grand</NewTextValue>
  </TextCorrectedLine>
  <TextCorrectedLine lineID="P1_TL00687">
    <OldTextValue>division^of tbe young men of southern</OldTextValue>
    <NewTextValue>division of the young men of southern</NewTextValue>
  </TextCorrectedLine>
  <TextCorrectedLine lineID="P1_TL00688">
    <OldTextValue>California who are .interested in naval</OldTextValue>
    <NewTextValue>California who are interested in naval</NewTextValue>
  </TextCorrectedLine>
  <TextCorrectedLine lineID="P1_TL00689">
    <OldTextValue>militia work. Tbe secretary of the</OldTextValue>
    <NewTextValue>militia work. The secretary of the</NewTextValue>
  </TextCorrectedLine>
  <TextCorrectedLine lineID="P1_TL00691">
    <OldTextValue>inasmuch as there is not an. organized</OldTextValue>
    <NewTextValue>inasmuch as there is not an organized</NewTextValue>
  </TextCorrectedLine>
  <TextCorrectedLine lineID="P1_TL00693">
    <OldTextValue>section of tbe state, tbe department</OldTextValue>
    <NewTextValue>section of the state, the department</NewTextValue>
  </TextCorrectedLine>
  <TextCorrectedLine lineID="P1_TL00697">
    <OldTextValue>is done it will be able to share in tbe</OldTextValue>
    <NewTextValue>is done it will be able to share in the</NewTextValue>
  </TextCorrectedLine>
  <TextCorrectedLine lineID="P1_TL00698">
    <OldTextValue>state's share of tbe allotment for</OldTextValue>
    <NewTextValue>state's share of the allotment for</NewTextValue>
  </TextCorrectedLine>
</TextCorrectedBlock>
<TextCorrectedBlock pageOID="AL19070308.1.1" blockID="P1_TB00051" userID="[redacted]">
  <TextCorrectedLine lineID="P1_TL00515">
    <OldTextValue>During tbe past week the Japanese</OldTextValue>
    <NewTextValue>During the past week the Japanese</NewTextValue>
  </TextCorrectedLine>
</TextCorrectedBlock>
<TextCorrectedBlock pageOID="AL19070308.1.1" blockID="P1_TB00056" userID="[redacted]">
  <TextCorrectedLine lineID="P1_TL00784">
    <OldTextValue>of Kiveraide, chairman ot the tri-</OldTextValue>
    <NewTextValue>of Riveraide, chairman ot the tri-</NewTextValue>
  </TextCorrectedLine>
  <TextCorrectedLine lineID="P1_TL00785">
    <OldTextValue>couutles reforestation committee,</OldTextValue>
    <NewTextValue>countles reforestation committee,</NewTextValue>
  </TextCorrectedLine>
  <TextCorrectedLine lineID="P1_TL00788">
    <OldTextValue>foresting of denuded areas in the iSau</OldTextValue>
    <NewTextValue>foresting of denuded areas in the San</NewTextValue>
  </TextCorrectedLine>
  <TextCorrectedLine lineID="P1_TL00797">
    <OldTextValue>tbe bureau of forestry, took great</OldTextValue>
    <NewTextValue>the bureau of forestry, took great</NewTextValue>
  </TextCorrectedLine>
  <TextCorrectedLine lineID="P1_TL00798">
    <OldTextValue>interest in the subjeot, and yesterday</OldTextValue>
    <NewTextValue>interest in the subject, and yesterday</NewTextValue>
  </TextCorrectedLine>
  <TextCorrectedLine lineID="P1_TL00799">
    <OldTextValue>fui eater I' indict wrote to senator</OldTextValue>
    <NewTextValue>forester Pinchot wrote to senator</NewTextValue>
  </TextCorrectedLine>
  <TextCorrectedLine lineID="P1_TL00801">
    <OldTextValue>"1 entirely agree with Mr Cuttle</OldTextValue>
    <NewTextValue>" I entirely agree with Mr Cuttle</NewTextValue>
  </TextCorrectedLine>
  <TextCorrectedLine lineID="P1_TL00803">
    <OldTextValue>and 1 shall be veiy glad to set aside</OldTextValue>
    <NewTextValue>and  I shall be veiy glad to set aside</NewTextValue>
  </TextCorrectedLine>
  <TextCorrectedLine lineID="P1_TL00804">
    <OldTextValue>the sum of 95,000 for it, provided the</OldTextValue>
    <NewTextValue>the sum of $5,000 for it, provided the</NewTextValue>
  </TextCorrectedLine>
  <TextCorrectedLine lineID="P1_TL00805">
    <OldTextValue>California legislature appropriates m&gt;</OldTextValue>
    <NewTextValue>California legislature appropriates an</NewTextValue>
  </TextCorrectedLine>
  <TextCorrectedLine lineID="P1_TL00806">
    <OldTextValue>equal amount. The {5,000 which tbe</OldTextValue>
    <NewTextValue>equal amount. The $5,000 which the</NewTextValue>
  </TextCorrectedLine>
  <TextCorrectedLine lineID="P1_TL00808">
    <OldTextValue>work will not be available, 1 regret</OldTextValue>
    <NewTextValue>work will not be available, I regret</NewTextValue>
  </TextCorrectedLine>
  <TextCorrectedLine lineID="P1_TL00809">
    <OldTextValue>to say, until July Ist, since all of tne</OldTextValue>
    <NewTextValue>to say, until July 1st, since all of the</NewTextValue>
  </TextCorrectedLine>
</TextCorrectedBlock>
