<TextCorrectedBlock pageOID="AL19000112.1.3" blockID="P3_TB00080" userID="[redacted]">
  <TextCorrectedLine lineID="P3_TL00805">
    <OldTextValue>A young man named Charles Sira-</OldTextValue>
    <NewTextValue>A young man named Charles Sim-</NewTextValue>
  </TextCorrectedLine>
  <TextCorrectedLine lineID="P3_TL00810">
    <OldTextValue>property. He had . his arm broken</OldTextValue>
    <NewTextValue>property. He had his arm broken</NewTextValue>
  </TextCorrectedLine>
  <TextCorrectedLine lineID="P3_TL00814">
    <OldTextValue>While iv the Louvre Restaurant, a</OldTextValue>
    <NewTextValue>While in the Louvre Restaurant, a</NewTextValue>
  </TextCorrectedLine>
  <TextCorrectedLine lineID="P3_TL00815">
    <OldTextValue>few hours before the deed was com- j</OldTextValue>
    <NewTextValue>few hours before the deed was com-</NewTextValue>
  </TextCorrectedLine>
  <TextCorrectedLine lineID="P3_TL00816">
    <OldTextValue>mitted, he said he would go put and</OldTextValue>
    <NewTextValue>mitted, he said he would go out and</NewTextValue>
  </TextCorrectedLine>
  <TextCorrectedLine lineID="P3_TL00817">
    <OldTextValue>commit suicide. The Louvre peopie</OldTextValue>
    <NewTextValue>commit suicide. The Louvre people</NewTextValue>
  </TextCorrectedLine>
  <TextCorrectedLine lineID="P3_TL00818">
    <OldTextValue>treated the matter as a joke and s</OldTextValue>
    <NewTextValue>treated the matter as a joke and</NewTextValue>
  </TextCorrectedLine>
</TextCorrectedBlock>
<TextCorrectedBlock pageOID="AL19000112.1.3" blockID="P3_TB00099" userID="[redacted]">
  <TextCorrectedLine lineID="P3_TL00980">
    <OldTextValue>ment for January amounts t0519, 775. 36;</OldTextValue>
    <NewTextValue>ment for January amounts to $19, 775. 36;</NewTextValue>
  </TextCorrectedLine>
</TextCorrectedBlock>
<TextCorrectedBlock pageOID="AL19000112.1.4" blockID="P4_CB00003" userID="[redacted]">
  <TextCorrectedLine lineID="P4_TL00397">
    <OldTextValue>♦♦♦♦♦♦♦»»♦•» ♦♦♦•♦»♦♦♦♦♦♦</OldTextValue>
    <NewTextValue></NewTextValue>
  </TextCorrectedLine>
  <TextCorrectedLine lineID="P4_TL00398">
    <OldTextValue>S X This can be truthfully said {; '{;</OldTextValue>
    <NewTextValue>This can be truthfully said</NewTextValue>
  </TextCorrectedLine>
  <TextCorrectedLine lineID="P4_TL00399">
    <OldTextValue>♦ TUT "' of any of the clothes made {; TITP J:</OldTextValue>
    <NewTextValue>of any of the clothes made</NewTextValue>
  </TextCorrectedLine>
  <TextCorrectedLine lineID="P4_TL00400">
    <OldTextValue>I lilt * at ° ur sh °p- The cutti °g ♦ ltlJi &lt; ;</OldTextValue>
    <NewTextValue>at our shop.  The cutting</NewTextValue>
  </TextCorrectedLine>
  <TextCorrectedLine lineID="P4_TL00401">
    <OldTextValue>\\ 3 T is done by an experienced \\ \\.</OldTextValue>
    <NewTextValue>is done by an experienced</NewTextValue>
  </TextCorrectedLine>
  <TextCorrectedLine lineID="P4_TL00402">
    <OldTextValue>',', ',', cutter; we use the best but- J \-\ ',',</OldTextValue>
    <NewTextValue>cutter; we use the best but-</NewTextValue>
  </TextCorrectedLine>
  <TextCorrectedLine lineID="P4_TL00403">
    <OldTextValue>* OTTTT ! I- tons and thread and give j; T7TT !i</OldTextValue>
    <NewTextValue>- tons and thread and give</NewTextValue>
  </TextCorrectedLine>
  <TextCorrectedLine lineID="P4_TL00404">
    <OldTextValue>'' ulJli '• P ersoua^ supervision to all J ; ill &lt;</OldTextValue>
    <NewTextValue>personal supervision to all</NewTextValue>
  </TextCorrectedLine>
  <TextCorrectedLine lineID="P4_TL00405">
    <OldTextValue>I ; . . ! ; work. Our stock of suit- '', ! ;</OldTextValue>
    <NewTextValue>work. Our stock of suit-</NewTextValue>
  </TextCorrectedLine>
  <TextCorrectedLine lineID="P4_TL00406">
    <OldTextValue>!! o ings for spring and summer J! ! ','</OldTextValue>
    <NewTextValue>for spring and summer</NewTextValue>
  </TextCorrectedLine>
  <TextCorrectedLine lineID="P4_TL00407">
    <OldTextValue>'&lt; WJH T T 3 ! is about the nobbiest ever 1 117 T T T J |</OldTextValue>
    <NewTextValue>is about the nobbiest ever</NewTextValue>
  </TextCorrectedLine>
  <TextCorrectedLine lineID="P4_TL00408">
    <OldTextValue>I WILL -eenW. j WILL f</OldTextValue>
    <NewTextValue>seen here.</NewTextValue>
  </TextCorrectedLine>
  <TextCorrectedLine lineID="P4_TL00409">
    <OldTextValue>11 I » )l_4i</OldTextValue>
    <NewTextValue></NewTextValue>
  </TextCorrectedLine>
  <TextCorrectedLine lineID="P4_TL00410">
    <OldTextValue>rrr i ••••••••^•••••••» ! olTrr |</OldTextValue>
    <NewTextValue></NewTextValue>
  </TextCorrectedLine>
  <TextCorrectedLine lineID="P4_TL00411">
    <OldTextValue>■j 111 1 " &lt; \ 1 1 1 &lt; &gt;</OldTextValue>
    <NewTextValue></NewTextValue>
  </TextCorrectedLine>
  <TextCorrectedLine lineID="P4_TL00412">
    <OldTextValue>!|, !| VVe cannot afford to give ;; ',',</OldTextValue>
    <NewTextValue>We cannot afford to give</NewTextValue>
  </TextCorrectedLine>
  <TextCorrectedLine lineID="P4_TL00413">
    <OldTextValue>',', ',', you shoddy cloth or slip- J | J |</OldTextValue>
    <NewTextValue>you shoddy cloth or slip-</NewTextValue>
  </TextCorrectedLine>
  <TextCorrectedLine lineID="P4_TL00414">
    <OldTextValue>;; \\j\j I! to stay and cannot live on ] I \\j\j '•'&gt;</OldTextValue>
    <NewTextValue>shod work, for we are here</NewTextValue>
  </TextCorrectedLine>
  <TextCorrectedLine lineID="P4_TL00415">
    <OldTextValue>'.', I! one-time custom. !I ',',</OldTextValue>
    <NewTextValue>to stay and cannot live on</NewTextValue>
  </TextCorrectedLine>
  <TextCorrectedLine lineID="P4_TL00416">
    <OldTextValue>' '»♦♦♦♦♦♦»»♦♦ ♦♦♦♦♦♦♦»♦♦♦»</OldTextValue>
    <NewTextValue>one-time custom.</NewTextValue>
  </TextCorrectedLine>
  <TextCorrectedLine lineID="P4_TL00417">
    <OldTextValue>MAX LADA-R, THE TAILOR</OldTextValue>
    <NewTextValue>MAX LADAR, THE TAILOR</NewTextValue>
  </TextCorrectedLine>
  <TextCorrectedLine lineID="P4_TL00418">
    <OldTextValue>u'~-;:u '~- ; : MAIN STREET. JACKSON. CAL.</OldTextValue>
    <NewTextValue>MAIN STREET. JACKSON. CAL.</NewTextValue>
  </TextCorrectedLine>
  <TextCorrectedLine lineID="P4_TL00419">
    <OldTextValue>♦♦»♦♦♦♦♦♦♦♦»♦♦♦♦♦♦</OldTextValue>
    <NewTextValue></NewTextValue>
  </TextCorrectedLine>
</TextCorrectedBlock>
<TextCorrectedBlock pageOID="AL19000112.1.4" blockID="P4_CB00003" userID="[redacted]">
  <TextCorrectedLine lineID="P4_TL00410">
    <OldTextValue></OldTextValue>
    <NewTextValue>THE SUIT WILL FIT YOU</NewTextValue>
  </TextCorrectedLine>
</TextCorrectedBlock>
