<TextCorrectedBlock pageOID="AL19060720.1.1" blockID="P1_TB00019" userID="[redacted]">
  <TextCorrectedLine lineID="P1_TL00703">
    <OldTextValue>California, plaintiff aud respond-</OldTextValue>
    <NewTextValue>California, plaintiff and respond-</NewTextValue>
  </TextCorrectedLine>
</TextCorrectedBlock>
<TextCorrectedBlock pageOID="AL19060720.1.1" blockID="P1_TB00018" userID="[redacted]">
  <TextCorrectedLine lineID="P1_TL00695">
    <OldTextValue>convicted, sentenced to deatb, aud</OldTextValue>
    <NewTextValue>convicted, sentenced to death, and</NewTextValue>
  </TextCorrectedLine>
  <TextCorrectedLine lineID="P1_TL00697">
    <OldTextValue>order -denying his motiou for a new</OldTextValue>
    <NewTextValue>order -denying his motion for a new</NewTextValue>
  </TextCorrectedLine>
</TextCorrectedBlock>
<TextCorrectedBlock pageOID="AL19060720.1.1" blockID="P1_TB00017" userID="[redacted]">
  <TextCorrectedLine lineID="P1_TL00687">
    <OldTextValue>tion ot this claim, however, it is</OldTextValue>
    <NewTextValue>tion of this claim, however, it is</NewTextValue>
  </TextCorrectedLine>
  <TextCorrectedLine lineID="P1_TL00688">
    <OldTextValue>necessary to dispose o*. other points</OldTextValue>
    <NewTextValue>necessary to dispose of other points</NewTextValue>
  </TextCorrectedLine>
  <TextCorrectedLine lineID="P1_TL00690">
    <OldTextValue>actual tria 1 , which were ruled on</OldTextValue>
    <NewTextValue>actual trial, which were ruled on</NewTextValue>
  </TextCorrectedLine>
</TextCorrectedBlock>
<TextCorrectedBlock pageOID="AL19060720.1.1" blockID="P1_TB00016" userID="[redacted]">
  <TextCorrectedLine lineID="P1_TL00682">
    <OldTextValue>might move to set aside the iudict-</OldTextValue>
    <NewTextValue>might move to set aside the indict-</NewTextValue>
  </TextCorrectedLine>
  <TextCorrectedLine lineID="P1_TL00684">
    <OldTextValue>erred in deuyiug his motion for a</OldTextValue>
    <NewTextValue>erred in denying his motion for a</NewTextValue>
  </TextCorrectedLine>
  <TextCorrectedLine lineID="P1_TL00685">
    <OldTextValue>cnange of venue.</OldTextValue>
    <NewTextValue>change of venue.</NewTextValue>
  </TextCorrectedLine>
</TextCorrectedBlock>
<TextCorrectedBlock pageOID="AL19060720.1.1" blockID="P1_TB00015" userID="[redacted]">
  <TextCorrectedLine lineID="P1_TL00564">
    <OldTextValue>was Uxed for April 10, 1905. Neither</OldTextValue>
    <NewTextValue>was fixed for April 10, 1905. Neither</NewTextValue>
  </TextCorrectedLine>
  <TextCorrectedLine lineID="P1_TL00571">
    <OldTextValue>would move tbe court to grant a</OldTextValue>
    <NewTextValue>would move the court to grant a</NewTextValue>
  </TextCorrectedLine>
  <TextCorrectedLine lineID="P1_TL00575">
    <OldTextValue>and make such motiou relative to the</OldTextValue>
    <NewTextValue>and make such motion relative to the</NewTextValue>
  </TextCorrectedLine>
  <TextCorrectedLine lineID="P1_TL00577">
    <OldTextValue>said motiou being based on the</OldTextValue>
    <NewTextValue>said motion being based on the</NewTextValue>
  </TextCorrectedLine>
  <TextCorrectedLine lineID="P1_TL00579">
    <OldTextValue>prepare for trial on the day set, aud</OldTextValue>
    <NewTextValue>prepare for trial on the day set, and</NewTextValue>
  </TextCorrectedLine>
  <TextCorrectedLine lineID="P1_TL00581">
    <OldTextValue>iuadvertently entered. The motion</OldTextValue>
    <NewTextValue>inadvertently entered. The motion</NewTextValue>
  </TextCorrectedLine>
  <TextCorrectedLine lineID="P1_TL00592">
    <OldTextValue>claimed tailed to make a motiou to</OldTextValue>
    <NewTextValue>claimed tailed to make a motion to</NewTextValue>
  </TextCorrectedLine>
  <TextCorrectedLine lineID="P1_TL00593">
    <OldTextValue>set aeide the indictment before the</OldTextValue>
    <NewTextValue>set aside the indictment before the</NewTextValue>
  </TextCorrectedLine>
  <TextCorrectedLine lineID="P1_TL00595">
    <OldTextValue>the court granted tbe motiou for a</OldTextValue>
    <NewTextValue>the court granted tbe motion for a</NewTextValue>
  </TextCorrectedLine>
  <TextCorrectedLine lineID="P1_TL00599">
    <OldTextValue>addressed to the motiou to withdraw</OldTextValue>
    <NewTextValue>addressed to the motion to withdraw</NewTextValue>
  </TextCorrectedLine>
  <TextCorrectedLine lineID="P1_TL00606">
    <OldTextValue>way granted — the order denying tbe</OldTextValue>
    <NewTextValue>way granted — the order denying the</NewTextValue>
  </TextCorrectedLine>
  <TextCorrectedLine lineID="P1_TL00612">
    <OldTextValue>tor leave to withdraw it for the pur-</OldTextValue>
    <NewTextValue>for leave to withdraw it for the pur-</NewTextValue>
  </TextCorrectedLine>
  <TextCorrectedLine lineID="P1_TL00615">
    <OldTextValue>Villarino, 66 Cal., 230) but he baa no</OldTextValue>
    <NewTextValue>Villarino, 66 Cal., 230) but he has no</NewTextValue>
  </TextCorrectedLine>
  <TextCorrectedLine lineID="P1_TL00619">
    <OldTextValue>in tbe discretion of tbe court, to be</OldTextValue>
    <NewTextValue>in the discretion of tbe court, to be</NewTextValue>
  </TextCorrectedLine>
  <TextCorrectedLine lineID="P1_TL00621">
    <OldTextValue>showing, aud it cannot be said that</OldTextValue>
    <NewTextValue>showing, and it cannot be said that</NewTextValue>
  </TextCorrectedLine>
  <TextCorrectedLine lineID="P1_TL00623">
    <OldTextValue>oare motion to be permitted to with-</OldTextValue>
    <NewTextValue>bare motion to be permitted to with-</NewTextValue>
  </TextCorrectedLine>
  <TextCorrectedLine lineID="P1_TL00624">
    <OldTextValue>draw tbe plea and attack the indict-</OldTextValue>
    <NewTextValue>draw the plea and attack the indict-</NewTextValue>
  </TextCorrectedLine>
  <TextCorrectedLine lineID="P1_TL00625">
    <OldTextValue>ment is presented without auy</OldTextValue>
    <NewTextValue>ment is presented without any</NewTextValue>
  </TextCorrectedLine>
  <TextCorrectedLine lineID="P1_TL00626">
    <OldTextValue>suggf-stion or showing that, if grant-</OldTextValue>
    <NewTextValue>suggestion or showing that, if grant-</NewTextValue>
  </TextCorrectedLine>
  <TextCorrectedLine lineID="P1_TL00627">
    <OldTextValue>ed, he defendant has auy grounds</OldTextValue>
    <NewTextValue>ed, he defendant has any grounds</NewTextValue>
  </TextCorrectedLine>
  <TextCorrectedLine lineID="P1_TL00633">
    <OldTextValue>advanced so tar as to have the plea of</OldTextValue>
    <NewTextValue>advanced so far as to have the plea of</NewTextValue>
  </TextCorrectedLine>
</TextCorrectedBlock>
<TextCorrectedBlock pageOID="AL19060720.1.1" blockID="P1_TB00025" userID="[redacted]">
  <TextCorrectedLine lineID="P1_TL00928">
    <OldTextValue>the principul point insisted upon by</OldTextValue>
    <NewTextValue>the principal point insisted upon by</NewTextValue>
  </TextCorrectedLine>
  <TextCorrectedLine lineID="P1_TL00929">
    <OldTextValue>appellant, tliat tbe verdict was not</OldTextValue>
    <NewTextValue>appellant, thiat the verdict was not</NewTextValue>
  </TextCorrectedLine>
  <TextCorrectedLine lineID="P1_TL00931">
    <OldTextValue>Uiving a general outline of tbe</OldTextValue>
    <NewTextValue>Giving a general outline of tbe</NewTextValue>
  </TextCorrectedLine>
  <TextCorrectedLine lineID="P1_TL00934">
    <OldTextValue>salient points in the case, it appeals</OldTextValue>
    <NewTextValue>salient points in the case, it appears</NewTextValue>
  </TextCorrectedLine>
  <TextCorrectedLine lineID="P1_TL00936">
    <OldTextValue>wife, a trained nurse, tcok up. theii</OldTextValue>
    <NewTextValue>wife, a trained nurse, took up their</NewTextValue>
  </TextCorrectedLine>
  <TextCorrectedLine lineID="P1_TL00937">
    <OldTextValue>residence in Atuador City in 1902,</OldTextValue>
    <NewTextValue>residence in Amador City in 1902,</NewTextValue>
  </TextCorrectedLine>
  <TextCorrectedLine lineID="P1_TL00943">
    <OldTextValue>professionally iv many cases growing</OldTextValue>
    <NewTextValue>professionally in many cases growing</NewTextValue>
  </TextCorrectedLine>
  <TextCorrectedLine lineID="P1_TL00946">
    <OldTextValue>August of that year, whilo nursing a</OldTextValue>
    <NewTextValue>August of that year, while nursing a</NewTextValue>
  </TextCorrectedLine>
  <TextCorrectedLine lineID="P1_TL00947">
    <OldTextValue>little girl guttering from that disease</OldTextValue>
    <NewTextValue>little girl suffering from that disease</NewTextValue>
  </TextCorrectedLine>
  <TextCorrectedLine lineID="P1_TL00952">
    <OldTextValue>took to her beti on the 14th of that</OldTextValue>
    <NewTextValue>took to her bed on the 14th of that</NewTextValue>
  </TextCorrectedLine>
  <TextCorrectedLine lineID="P1_TL00954">
    <OldTextValue>employed a Mrf Keeves as house-</OldTextValue>
    <NewTextValue>employed a Mrs Reeves as house-</NewTextValue>
  </TextCorrectedLine>
  <TextCorrectedLine lineID="P1_TL00957">
    <OldTextValue>to take charge of bis wife; called Dt</OldTextValue>
    <NewTextValue>to take charge of bis wife; called Dr</NewTextValue>
  </TextCorrectedLine>
  <TextCorrectedLine lineID="P1_TL00958">
    <OldTextValue>(Jail of Jacket) n into consultation,</OldTextValue>
    <NewTextValue>Gail of Jackson into consultation,</NewTextValue>
  </TextCorrectedLine>
  <TextCorrectedLine lineID="P1_TL00959">
    <OldTextValue>and at the time Miss McCarthy camo</OldTextValue>
    <NewTextValue>and at the time Miss McCarthy came</NewTextValue>
  </TextCorrectedLine>
  <TextCorrectedLine lineID="P1_TL00960">
    <OldTextValue>to nurse, called in JJr Quinn, who</OldTextValue>
    <NewTextValue>to nurse, called in Dr Quinn, who</NewTextValue>
  </TextCorrectedLine>
</TextCorrectedBlock>
<TextCorrectedBlock pageOID="AL19060720.1.1" blockID="P1_TB00025" userID="[redacted]">
  <TextCorrectedLine lineID="P1_TL00951">
    <OldTextValue>wbioh will be considered later— and</OldTextValue>
    <NewTextValue>which will be considered later— and</NewTextValue>
  </TextCorrectedLine>
  <TextCorrectedLine lineID="P1_TL00957">
    <OldTextValue>to take charge of bis wife; called Dr</OldTextValue>
    <NewTextValue>to take charge of his wife; called Dr</NewTextValue>
  </TextCorrectedLine>
  <TextCorrectedLine lineID="P1_TL00962">
    <OldTextValue>thereafter until tbe morning of</OldTextValue>
    <NewTextValue>thereafter until the morning of</NewTextValue>
  </TextCorrectedLine>
  <TextCorrectedLine lineID="P1_TL00963">
    <OldTextValue>August 29th. On August 30th, Mis</OldTextValue>
    <NewTextValue>August 29th. On August 30th, Mrs</NewTextValue>
  </TextCorrectedLine>
  <TextCorrectedLine lineID="P1_TL00967">
    <OldTextValue>as l)r Quinn was not coming any</OldTextValue>
    <NewTextValue>as Dr Quinn was not coming any</NewTextValue>
  </TextCorrectedLine>
  <TextCorrectedLine lineID="P1_TL00968">
    <OldTextValue>mote she thought she could also dis-</OldTextValue>
    <NewTextValue>more she thought she could also dis-</NewTextValue>
  </TextCorrectedLine>
  <TextCorrectedLine lineID="P1_TL00969">
    <OldTextValue>pense with her services. The nuise</OldTextValue>
    <NewTextValue>pense with her services. The nurse</NewTextValue>
  </TextCorrectedLine>
  <TextCorrectedLine lineID="P1_TL00972">
    <OldTextValue>During the night after tbe nurse left,</OldTextValue>
    <NewTextValue>During the night after the nurse left,</NewTextValue>
  </TextCorrectedLine>
  <TextCorrectedLine lineID="P1_TL00973">
    <OldTextValue>Mrs btaples became worse; nervous,</OldTextValue>
    <NewTextValue>Mrs Staples became worse; nervous,</NewTextValue>
  </TextCorrectedLine>
  <TextCorrectedLine lineID="P1_TL00978">
    <OldTextValue>up Mrs Keeves, who had retired, to</OldTextValue>
    <NewTextValue>up Mrs Reeves, who had retired, to</NewTextValue>
  </TextCorrectedLine>
  <TextCorrectedLine lineID="P1_TL00979">
    <OldTextValue>assist him. Knemas having been</OldTextValue>
    <NewTextValue>assist him. Enemas having been</NewTextValue>
  </TextCorrectedLine>
  <TextCorrectedLine lineID="P1_TL00983">
    <OldTextValue>remained practically during tbe day</OldTextValue>
    <NewTextValue>remained practically during the day</NewTextValue>
  </TextCorrectedLine>
  <TextCorrectedLine lineID="P1_TL00984">
    <OldTextValue>time ot tne 31st, and until about</OldTextValue>
    <NewTextValue>time of the 31st, and until about</NewTextValue>
  </TextCorrectedLine>
  <TextCorrectedLine lineID="P1_TL00986">
    <OldTextValue>while defendant was in tbe yard, iitb</OldTextValue>
    <NewTextValue>while defendant was in the yard, Mrs.</NewTextValue>
  </TextCorrectedLine>
  <TextCorrectedLine lineID="P1_TL00991">
    <OldTextValue>down boside her bed, felt her pulse,</OldTextValue>
    <NewTextValue>down beside her bed, felt her pulse,</NewTextValue>
  </TextCorrectedLine>
  <TextCorrectedLine lineID="P1_TL00992">
    <OldTextValue>md immediately reached up to tbe</OldTextValue>
    <NewTextValue>and immediately reached up to the</NewTextValue>
  </TextCorrectedLine>
  <TextCorrectedLine lineID="P1_TL01001">
    <OldTextValue>i Within a little over an hour after</OldTextValue>
    <NewTextValue>Within a little over an hour after</NewTextValue>
  </TextCorrectedLine>
  <TextCorrectedLine lineID="P1_TL01004">
    <OldTextValue>embalmer of Auiador City. He was</OldTextValue>
    <NewTextValue>embalmer of Amador City. He was</NewTextValue>
  </TextCorrectedLine>
  <TextCorrectedLine lineID="P1_TL01008">
    <OldTextValue>the body, ouly to prepare it foi</OldTextValue>
    <NewTextValue>the body, only to prepare it for</NewTextValue>
  </TextCorrectedLine>
  <TextCorrectedLine lineID="P1_TL01009">
    <OldTextValue>burial, and this be proceeded to do,</OldTextValue>
    <NewTextValue>burial, and this he proceeded to do,</NewTextValue>
  </TextCorrectedLine>
  <TextCorrectedLine lineID="P1_TL01011">
    <OldTextValue>ed the femoral artery iv tbe right leg</OldTextValue>
    <NewTextValue>ed the femoral artery in the right leg</NewTextValue>
  </TextCorrectedLine>
  <TextCorrectedLine lineID="P1_TL01014">
    <OldTextValue>balming fluid. The body was sti</OldTextValue>
    <NewTextValue>balming fluid. The body was still</NewTextValue>
  </TextCorrectedLine>
  <TextCorrectedLine lineID="P1_TL01015">
    <OldTextValue>warm while tbe fluid was being in</OldTextValue>
    <NewTextValue>warm while the fluid was being in</NewTextValue>
  </TextCorrectedLine>
  <TextCorrectedLine lineID="P1_TL01019">
    <OldTextValue>tinuous and unimpeded, until th</OldTextValue>
    <NewTextValue>tinuous and unimpeded, until the</NewTextValue>
  </TextCorrectedLine>
  <TextCorrectedLine lineID="P1_TL01020">
    <OldTextValue>required quantity was injectec</OldTextValue>
    <NewTextValue>required quantity was injectecd.</NewTextValue>
  </TextCorrectedLine>
  <TextCorrectedLine lineID="P1_TL01021">
    <OldTextValue>Dauori, when he came to tbe house</OldTextValue>
    <NewTextValue>Daneri, when he came to the house</NewTextValue>
  </TextCorrectedLine>
  <TextCorrectedLine lineID="P1_TL01022">
    <OldTextValue>bad asked the defendant if he in</OldTextValue>
    <NewTextValue>had asked the defendant if he in</NewTextValue>
  </TextCorrectedLine>
  <TextCorrectedLine lineID="P1_TL01024">
    <OldTextValue>received a reply in tbe negative, ha(</OldTextValue>
    <NewTextValue>received a reply in the negative, had</NewTextValue>
  </TextCorrectedLine>
  <TextCorrectedLine lineID="P1_TL01025">
    <OldTextValue>given simply an arterial embalmeu</OldTextValue>
    <NewTextValue>given simply an arterial embalment.</NewTextValue>
  </TextCorrectedLine>
  <TextCorrectedLine lineID="P1_TL01027">
    <OldTextValue>ot tbe organs of the body was made,</OldTextValue>
    <NewTextValue>of the organs of the body was made,</NewTextValue>
  </TextCorrectedLine>
  <TextCorrectedLine lineID="P1_TL01030">
    <OldTextValue>which tbe embalmer gaid he would</OldTextValue>
    <NewTextValue>which the embalmer said he would</NewTextValue>
  </TextCorrectedLine>
  <TextCorrectedLine lineID="P1_TL01040">
    <OldTextValue>subsequent to tbe death of bis wife,</OldTextValue>
    <NewTextValue>subsequent to the death of his wife,</NewTextValue>
  </TextCorrectedLine>
  <TextCorrectedLine lineID="P1_TL01044">
    <OldTextValue>where he opened an office in the d:ilt</OldTextValue>
    <NewTextValue>where he opened an office in the Galt</NewTextValue>
  </TextCorrectedLine>
</TextCorrectedBlock>
<TextCorrectedBlock pageOID="AL19060720.1.1" blockID="P1_TB00029" userID="[redacted]">
  <TextCorrectedLine lineID="P1_TL01117">
    <OldTextValue>Pvidence aa to these matters</OldTextValue>
    <NewTextValue>The evidence as to these matters</NewTextValue>
  </TextCorrectedLine>
  <TextCorrectedLine lineID="P1_TL01118">
    <OldTextValue>nay be said, almost entirely</OldTextValue>
    <NewTextValue>was, it may be said, almost entirely</NewTextValue>
  </TextCorrectedLine>
  <TextCorrectedLine lineID="P1_TL01119">
    <OldTextValue>Hiitiul, and consisted of the</OldTextValue>
    <NewTextValue>circumstantial, and consisted of the</NewTextValue>
  </TextCorrectedLine>
  <TextCorrectedLine lineID="P1_TL01120">
    <OldTextValue>y of experts called upon both</OldTextValue>
    <NewTextValue>testimony of experts called upon both</NewTextValue>
  </TextCorrectedLine>
  <TextCorrectedLine lineID="P1_TL01121">
    <OldTextValue>ffbose opinions as to the</OldTextValue>
    <NewTextValue>sides, whose opinions as to the</NewTextValue>
  </TextCorrectedLine>
  <TextCorrectedLine lineID="P1_TL01127">
    <OldTextValue>was prostrated on the 14tu of August</OldTextValue>
    <NewTextValue>was prostrated on the 14th of August</NewTextValue>
  </TextCorrectedLine>
  <TextCorrectedLine lineID="P1_TL01130">
    <OldTextValue>of the defendant but ot disinterested</OldTextValue>
    <NewTextValue>of the defendant but of disinterested</NewTextValue>
  </TextCorrectedLine>
  <TextCorrectedLine lineID="P1_TL01132">
    <OldTextValue>ance ou her, and whose testimony and</OldTextValue>
    <NewTextValue>ance on her, and whose testimony and</NewTextValue>
  </TextCorrectedLine>
  <TextCorrectedLine lineID="P1_TL01135">
    <OldTextValue>the testimony ot the trained nurse,</OldTextValue>
    <NewTextValue>the testimony of the trained nurse,</NewTextValue>
  </TextCorrectedLine>
  <TextCorrectedLine lineID="P1_TL01139">
    <OldTextValue>by the testimony of Ur Gall, one of</OldTextValue>
    <NewTextValue>by the testimony of Dr Gall, one of</NewTextValue>
  </TextCorrectedLine>
  <TextCorrectedLine lineID="P1_TL01143">
    <OldTextValue>and diagDosed her oase as one of</OldTextValue>
    <NewTextValue>and diagnosed her case as one of</NewTextValue>
  </TextCorrectedLine>
  <TextCorrectedLine lineID="P1_TL01154">
    <OldTextValue>tever, yet tuat disease was not the</OldTextValue>
    <NewTextValue>fever, yet that disease was not the</NewTextValue>
  </TextCorrectedLine>
  <TextCorrectedLine lineID="P1_TL01156">
    <OldTextValue>was caused bj the poisons specified,</OldTextValue>
    <NewTextValue>was caused by the poisons specified,</NewTextValue>
  </TextCorrectedLine>
  <TextCorrectedLine lineID="P1_TL01159">
    <OldTextValue>Mow as to the evidence that the</OldTextValue>
    <NewTextValue>Now as to the evidence that the</NewTextValue>
  </TextCorrectedLine>
  <TextCorrectedLine lineID="P1_TL01163">
    <OldTextValue>vetatrum viride. Half an ounce of</OldTextValue>
    <NewTextValue>veratrum viride. Half an ounce of</NewTextValue>
  </TextCorrectedLine>
  <TextCorrectedLine lineID="P1_TL01167">
    <OldTextValue>whiskey glass quite half lull. The</OldTextValue>
    <NewTextValue>whiskey glass quite half full. The</NewTextValue>
  </TextCorrectedLine>
  <TextCorrectedLine lineID="P1_TL01171">
    <OldTextValue>dose ot the drug Is fioni two to five</OldTextValue>
    <NewTextValue>dose ot the drug is from two to five</NewTextValue>
  </TextCorrectedLine>
  <TextCorrectedLine lineID="P1_TL01179">
    <OldTextValue>tration of veratrum viride is that ou</OldTextValue>
    <NewTextValue>tration of veratrum viride is that on</NewTextValue>
  </TextCorrectedLine>
  <TextCorrectedLine lineID="P1_TL01181">
    <OldTextValue>Mis Staples died the defendant pur-</OldTextValue>
    <NewTextValue>Mrs Staples died the defendant pur-</NewTextValue>
  </TextCorrectedLine>
  <TextCorrectedLine lineID="P1_TL01198">
    <OldTextValue>riid not die from the effects of verat-</OldTextValue>
    <NewTextValue>did not die from the effects of verat-</NewTextValue>
  </TextCorrectedLine>
  <TextCorrectedLine lineID="P1_TL01199">
    <OldTextValue>rum viride, at least very strongly in- 1</OldTextValue>
    <NewTextValue>rum viride, at least very strongly in-</NewTextValue>
  </TextCorrectedLine>
  <TextCorrectedLine lineID="P1_TL01201">
    <OldTextValue>pondeiance of the expert evidence</OldTextValue>
    <NewTextValue>ponderance of the expert evidence</NewTextValue>
  </TextCorrectedLine>
  <TextCorrectedLine lineID="P1_TL01208">
    <OldTextValue>31st) 1 felt of her pulse and examined</OldTextValue>
    <NewTextValue>31st) I felt of her pulse and examined</NewTextValue>
  </TextCorrectedLine>
  <TextCorrectedLine lineID="P1_TL01211">
    <OldTextValue>uraemia, which 1 have known to fol-</OldTextValue>
    <NewTextValue>uraemia, which I have known to fol-</NewTextValue>
  </TextCorrectedLine>
  <TextCorrectedLine lineID="P1_TL01213">
    <OldTextValue>to examine Mrs Staples, urine; 1</OldTextValue>
    <NewTextValue>to examine Mrs Staples, urine; I</NewTextValue>
  </TextCorrectedLine>
  <TextCorrectedLine lineID="P1_TL01220">
    <OldTextValue>to be prepared foi this compli-</OldTextValue>
    <NewTextValue>to be prepared for this compli-</NewTextValue>
  </TextCorrectedLine>
  <TextCorrectedLine lineID="P1_TL01221">
    <OldTextValue>cation, if it arose, 1 went to the drug</OldTextValue>
    <NewTextValue>cation, if it arose, I went to the drug</NewTextValue>
  </TextCorrectedLine>
  <TextCorrectedLine lineID="P1_TL01224">
    <OldTextValue>viride,." lie purchased., it at the drug</OldTextValue>
    <NewTextValue>viride,." He purchased it at the drug</NewTextValue>
  </TextCorrectedLine>
  <TextCorrectedLine lineID="P1_TL01226">
    <OldTextValue>deal, and the druggist tesiUed, as did</OldTextValue>
    <NewTextValue>deal, and the druggist testified, as did</NewTextValue>
  </TextCorrectedLine>
  <TextCorrectedLine lineID="P1_TL01229">
    <OldTextValue>tor the tincture ot veratrum viride,</OldTextValue>
    <NewTextValue>for the tincture of veratrum viride,</NewTextValue>
  </TextCorrectedLine>
</TextCorrectedBlock>
