<TextCorrectedBlock pageOID="AL19050127.1.2" blockID="P2_CB00002" userID="[redacted]">
  <TextCorrectedLine lineID="P2_TL00886">
    <OldTextValue>Aytrs</OldTextValue>
    <NewTextValue>Ayer's</NewTextValue>
  </TextCorrectedLine>
</TextCorrectedBlock>
<TextCorrectedBlock pageOID="AL19050127.1.2" blockID="P2_TB00015" userID="[redacted]">
  <TextCorrectedLine lineID="P2_TL00307">
    <OldTextValue>Trotter by Jacob and Sadie Simon. Tho</OldTextValue>
    <NewTextValue>Trotter by Jacob and Sadie Simon. The</NewTextValue>
  </TextCorrectedLine>
  <TextCorrectedLine lineID="P2_TL00309">
    <OldTextValue>mother, Carolino Trotter, is willing for</OldTextValue>
    <NewTextValue>mother, Caroline Trotter, is willing for</NewTextValue>
  </TextCorrectedLine>
  <TextCorrectedLine lineID="P2_TL00318">
    <OldTextValue>havo until Feb. 2 to amend answer,</OldTextValue>
    <NewTextValue>have until Feb. 2 to amend answer,</NewTextValue>
  </TextCorrectedLine>
  <TextCorrectedLine lineID="P2_TL00327">
    <OldTextValue>Estato of Mary lone Frates— Final</OldTextValue>
    <NewTextValue>Estate of Mary lone Frates— Final</NewTextValue>
  </TextCorrectedLine>
  <TextCorrectedLine lineID="P2_TL00330">
    <OldTextValue>Estate ef James Head— Feb. 4 ap-</OldTextValue>
    <NewTextValue>Estate of James Head— Feb. 4 ap-</NewTextValue>
  </TextCorrectedLine>
  <TextCorrectedLine lineID="P2_TL00332">
    <OldTextValue>personal proportv for the sum of</OldTextValue>
    <NewTextValue>personal property for the sum of</NewTextValue>
  </TextCorrectedLine>
  <TextCorrectedLine lineID="P2_TL00333">
    <OldTextValue>$257.90. ;.--:</OldTextValue>
    <NewTextValue>$257.90.</NewTextValue>
  </TextCorrectedLine>
</TextCorrectedBlock>
<TextCorrectedBlock pageOID="AL19050127.1.2" blockID="P2_CB00003" userID="[redacted]">
  <TextCorrectedLine lineID="P2_TL00905">
    <OldTextValue>e^:f.;^; ? : 3^; UP-TO-DATE BUSINESS MEN.</OldTextValue>
    <NewTextValue>UP-TO-DATE BUSINESS MEN.</NewTextValue>
  </TextCorrectedLine>
  <TextCorrectedLine lineID="P2_TL00906">
    <OldTextValue>!••• &gt;«MMMM»MM»f M«Mf M«MMM»Mj</OldTextValue>
    <NewTextValue></NewTextValue>
  </TextCorrectedLine>
  <TextCorrectedLine lineID="P2_TL00907">
    <OldTextValue>111 Rubber Goods, Syringes, |</OldTextValue>
    <NewTextValue>Rubber Goods, Syringes,</NewTextValue>
  </TextCorrectedLine>
  <TextCorrectedLine lineID="P2_TL00908">
    <OldTextValue>|| Hot Water Bottles, etc. |</OldTextValue>
    <NewTextValue>Hot Water Bottles, etc.</NewTextValue>
  </TextCorrectedLine>
  <TextCorrectedLine lineID="P2_TL00909">
    <OldTextValue>]; You can just as well have the very latest improved !!</OldTextValue>
    <NewTextValue>You can just as well have the very latest improved</NewTextValue>
  </TextCorrectedLine>
  <TextCorrectedLine lineID="P2_TL00910">
    <OldTextValue>j &gt; ones; just as well have a large assortment to choose '"■ ! !</OldTextValue>
    <NewTextValue>ones; just as well have a large assortment to choose</NewTextValue>
  </TextCorrectedLine>
  <TextCorrectedLine lineID="P2_TL00911">
    <OldTextValue>j | from; just as well get those made from high grade • ', |</OldTextValue>
    <NewTextValue>from; just as well get those made from high grade</NewTextValue>
  </TextCorrectedLine>
  <TextCorrectedLine lineID="P2_TL00912">
    <OldTextValue>« , materials; and just as well be saved somethingon the \\</OldTextValue>
    <NewTextValue>materials; and just as well be saved somethingon the</NewTextValue>
  </TextCorrectedLine>
  <TextCorrectedLine lineID="P2_TL00913">
    <OldTextValue>&lt;! c °st- -We buy the best goods on the market, buy .J;.</OldTextValue>
    <NewTextValue>cost. We buy the best goods on the market, buy</NewTextValue>
  </TextCorrectedLine>
  <TextCorrectedLine lineID="P2_TL00914">
    <OldTextValue>j; enough to get inside prices, and sell them to you at *'&lt;</OldTextValue>
    <NewTextValue>enough to get inside prices, and sell them to you at</NewTextValue>
  </TextCorrectedLine>
  <TextCorrectedLine lineID="P2_TL00915">
    <OldTextValue>J | ouly a fair margin of profit. :. \ ',</OldTextValue>
    <NewTextValue>only a fair margin of profit.</NewTextValue>
  </TextCorrectedLine>
  <TextCorrectedLine lineID="P2_TL00916">
    <OldTextValue>&lt; j Fountain Syringes, Combination Syringes, ', ',</OldTextValue>
    <NewTextValue>Fountain Syringes, Combination Syringes,</NewTextValue>
  </TextCorrectedLine>
  <TextCorrectedLine lineID="P2_TL00917">
    <OldTextValue>J ; B "'b Syringes, Hard Rubber Syringes, .',',</OldTextValue>
    <NewTextValue>Bulb Syringes, Hard Rubber Syringes,</NewTextValue>
  </TextCorrectedLine>
  <TextCorrectedLine lineID="P2_TL00918">
    <OldTextValue>3 1 Hot Water Bottles, and large variety of others &lt; '</OldTextValue>
    <NewTextValue>Hot Water Bottles, and large variety of others</NewTextValue>
  </TextCorrectedLine>
  <TextCorrectedLine lineID="P2_TL00919">
    <OldTextValue>|| City Pharmacy - Willis H. Boydston, Prop, j!</OldTextValue>
    <NewTextValue>City Pharmacy - Willis H. Boydston, Prop,</NewTextValue>
  </TextCorrectedLine>
  <TextCorrectedLine lineID="P2_TL00920">
    <OldTextValue>•MM&gt;MHO»I&gt;|»M&gt;MMMMM» &gt;IHMM»I</OldTextValue>
    <NewTextValue></NewTextValue>
  </TextCorrectedLine>
  <TextCorrectedLine lineID="P2_TL00921">
    <OldTextValue>|6INOCGHIO BRO'S.J</OldTextValue>
    <NewTextValue>GINOCCHIO BRO'S.</NewTextValue>
  </TextCorrectedLine>
  <TextCorrectedLine lineID="P2_TL00922">
    <OldTextValue>||| -n^^v^w^ '. DEALERS IN "*- tfrrf</OldTextValue>
    <NewTextValue>DEALERS IN</NewTextValue>
  </TextCorrectedLine>
  <TextCorrectedLine lineID="P2_TL00923">
    <OldTextValue>| £.' General Merchandise I</OldTextValue>
    <NewTextValue>General Merchandise</NewTextValue>
  </TextCorrectedLine>
  <TextCorrectedLine lineID="P2_TL00924">
    <OldTextValue>|| Groceries, Furnishing Goods, Shoes,</OldTextValue>
    <NewTextValue>Groceries, Furnishing Goods, Shoes,</NewTextValue>
  </TextCorrectedLine>
  <TextCorrectedLine lineID="P2_TL00925">
    <OldTextValue>H §fli Boot s, Paints, Oils, Varnishes, Mining H</OldTextValue>
    <NewTextValue>Boots, Paints, Oils, Varnishes, Mining</NewTextValue>
  </TextCorrectedLine>
  <TextCorrectedLine lineID="P2_TL00926">
    <OldTextValue>eg sy\ Supplies, Lumber, Hardware. Hay, §1</OldTextValue>
    <NewTextValue>eg sy\ Supplies, Lumber, Hardware. Hay,</NewTextValue>
  </TextCorrectedLine>
  <TextCorrectedLine lineID="P2_TL00927">
    <OldTextValue>H Corner Main and Water St. M</OldTextValue>
    <NewTextValue>Corner Main and Water St.</NewTextValue>
  </TextCorrectedLine>
  <TextCorrectedLine lineID="P2_TL00928">
    <OldTextValue>| JACKSON - - - CALIFORNIA 1</OldTextValue>
    <NewTextValue>JACKSON - - - CALIFORNIA</NewTextValue>
  </TextCorrectedLine>
  <TextCorrectedLine lineID="P2_TL00929">
    <OldTextValue>5.* McCALL T T /Si •V S</OldTextValue>
    <NewTextValue>McCALL  Bazaar Patterns</NewTextValue>
  </TextCorrectedLine>
  <TextCorrectedLine lineID="P2_TL00930">
    <OldTextValue>jb™»»~ 1. J. Glavinovich i</OldTextValue>
    <NewTextValue>L. J. Glavinovich</NewTextValue>
  </TextCorrectedLine>
  <TextCorrectedLine lineID="P2_TL00931">
    <OldTextValue>1 LEADING GROCERY STORE \</OldTextValue>
    <NewTextValue>LEADING GROCERY STORE</NewTextValue>
  </TextCorrectedLine>
  <TextCorrectedLine lineID="P2_TL00932">
    <OldTextValue>• L3pls GROCERIEG R0CERIES i Dry Goods, •</OldTextValue>
    <NewTextValue>GROCERIES  Dry Goods,</NewTextValue>
  </TextCorrectedLine>
  <TextCorrectedLine lineID="P2_TL00933">
    <OldTextValue>5 o Furnishing Goods, Boots, .'•:</OldTextValue>
    <NewTextValue>Furnishing Goods, Boots,</NewTextValue>
  </TextCorrectedLine>
  <TextCorrectedLine lineID="P2_TL00934">
    <OldTextValue>S a Shoes, Toilet Articles, .•</OldTextValue>
    <NewTextValue>Shoes, Toilet Articles,</NewTextValue>
  </TextCorrectedLine>
  <TextCorrectedLine lineID="P2_TL00935">
    <OldTextValue>5 E #• Hardware, Miners' Stjp- •</OldTextValue>
    <NewTextValue>Hardware, Miners' Sup-</NewTextValue>
  </TextCorrectedLine>
  <TextCorrectedLine lineID="P2_TL00936">
    <OldTextValue>I i plies, Hay, Grain, Etc. •</OldTextValue>
    <NewTextValue>plies, Hay, Grain, Etc.</NewTextValue>
  </TextCorrectedLine>
  <TextCorrectedLine lineID="P2_TL00937">
    <OldTextValue>• N 5</OldTextValue>
    <NewTextValue></NewTextValue>
  </TextCorrectedLine>
  <TextCorrectedLine lineID="P2_TL00938">
    <OldTextValue>S Cor. Main &amp; Court Streets " ' • g</OldTextValue>
    <NewTextValue>Cor. Main &amp; Court Streets</NewTextValue>
  </TextCorrectedLine>
  <TextCorrectedLine lineID="P2_TL00939">
    <OldTextValue>J JACKSON, - - -CAL. BazaarPaU *</OldTextValue>
    <NewTextValue>JACKSON, - - -CAL.      McCALL  Bazaar Patterns</NewTextValue>
  </TextCorrectedLine>
  <TextCorrectedLine lineID="P2_TL00940">
    <OldTextValue>\ /lAin nimivrn SEND YOUR GOLD TO '</OldTextValue>
    <NewTextValue>GOLD QUARTZ        SEND YOUR GOLD TO</NewTextValue>
  </TextCorrectedLine>
  <TextCorrectedLine lineID="P2_TL00941">
    <OldTextValue>OLD QBIRIZ ,.■.„„,„. Wllil:</OldTextValue>
    <NewTextValue>S. B. GRACIER</NewTextValue>
  </TextCorrectedLine>
  <TextCorrectedLine lineID="P2_TL00942">
    <OldTextValue>o. Jt&gt;. kkixJWjXkAx ;</OldTextValue>
    <NewTextValue></NewTextValue>
  </TextCorrectedLine>
  <TextCorrectedLine lineID="P2_TL00943">
    <OldTextValue>| |x^§Sl|; ( Successor to A. H. Eeichling ) "^</OldTextValue>
    <NewTextValue>( Successor to A. H. Eeichling )</NewTextValue>
  </TextCorrectedLine>
  <TextCorrectedLine lineID="P2_TL00945">
    <OldTextValue>! made same</OldTextValue>
    <NewTextValue>made same</NewTextValue>
  </TextCorrectedLine>
  <TextCorrectedLine lineID="P2_TL00946">
    <OldTextValue>]&gt; . 407-409 MONTGOMEBY STEEET '■ ;</OldTextValue>
    <NewTextValue>407-409 MONTGOMERY STEEET</NewTextValue>
  </TextCorrectedLine>
</TextCorrectedBlock>
