<TextCorrectedBlock pageOID="AL19091022.1.1" blockID="P1_TB00004" userID="[redacted]">
  <TextCorrectedLine lineID="P1_TL00080">
    <OldTextValue>Another Pioneer*</OldTextValue>
    <NewTextValue>Another Pioneer</NewTextValue>
  </TextCorrectedLine>
</TextCorrectedBlock>
<TextCorrectedBlock pageOID="AL19091022.1.1" blockID="P1_TB00003" userID="[redacted]">
  <TextCorrectedLine lineID="P1_TL00053">
    <OldTextValue>moved to the state of Kansas, ! and re-</OldTextValue>
    <NewTextValue>moved to the state of Kansas, and re-</NewTextValue>
  </TextCorrectedLine>
  <TextCorrectedLine lineID="P1_TL00055">
    <OldTextValue>and five years after, in 18(53, came to</OldTextValue>
    <NewTextValue>and five years after, in 1863, came to</NewTextValue>
  </TextCorrectedLine>
  <TextCorrectedLine lineID="P1_TL00064">
    <OldTextValue>six years of age, and made' Pine Grove</OldTextValue>
    <NewTextValue>six years of age, and made Pine Grove</NewTextValue>
  </TextCorrectedLine>
  <TextCorrectedLine lineID="P1_TL00073">
    <OldTextValue>offerings were numerous and beantiful.</OldTextValue>
    <NewTextValue>offerings were numerous and beautiful.</NewTextValue>
  </TextCorrectedLine>
</TextCorrectedBlock>
