<TextCorrectedBlock pageOID="AL19001019.1.3" blockID="P3_TB00109" userID="[redacted]">
  <TextCorrectedLine lineID="P3_TL01095">
    <OldTextValue>Peek, formerly Mrs. . Annie Watrous,</OldTextValue>
    <NewTextValue>Peek, formerly Mrs. Annie Watrous,</NewTextValue>
  </TextCorrectedLine>
  <TextCorrectedLine lineID="P3_TL01099">
    <OldTextValue>interment. . The funeral was held at</OldTextValue>
    <NewTextValue>interment. The funeral was held at</NewTextValue>
  </TextCorrectedLine>
</TextCorrectedBlock>
<TextCorrectedBlock pageOID="AL19001019.1.3" blockID="P3_TB00119" userID="[redacted]">
  <TextCorrectedLine lineID="P3_TL01194">
    <OldTextValue>lone flour is Peerless. 6-22-tf</OldTextValue>
    <NewTextValue>lone flour is Peerless.</NewTextValue>
  </TextCorrectedLine>
  <TextCorrectedLine lineID="P3_TL01195">
    <OldTextValue>" . Steven Rose ismaking some inprove-</OldTextValue>
    <NewTextValue>Steven Rose ismaking some inprove-</NewTextValue>
  </TextCorrectedLine>
  <TextCorrectedLine lineID="P3_TL01197">
    <OldTextValue>I ; j. Misses shirt and . drawers, 20c each,</OldTextValue>
    <NewTextValue>Misses shirt and drawers, 20c each,</NewTextValue>
  </TextCorrectedLine>
  <TextCorrectedLine lineID="P3_TL01198">
    <OldTextValue>at Red Front. _. . ,\  8-24-tf =</OldTextValue>
    <NewTextValue>at Red Front.</NewTextValue>
  </TextCorrectedLine>
  <TextCorrectedLine lineID="P3_TL01199">
    <OldTextValue>".; A gentlemon named Ogden, of Tuol-</OldTextValue>
    <NewTextValue>A gentlemon named Ogden, of Tuol-</NewTextValue>
  </TextCorrectedLine>
  <TextCorrectedLine lineID="P3_TL01201">
    <OldTextValue>gent mine.-"</OldTextValue>
    <NewTextValue>gent mine.</NewTextValue>
  </TextCorrectedLine>
  <TextCorrectedLine lineID="P3_TL01202">
    <OldTextValue>',:, E. - G. Humphrey, special agent of</OldTextValue>
    <NewTextValue>E. G. Humphrey, special agent of</NewTextValue>
  </TextCorrectedLine>
  <TextCorrectedLine lineID="P3_TL01204">
    <OldTextValue>days this week.Tfcffi^mifiygsawra</OldTextValue>
    <NewTextValue>days this week.</NewTextValue>
  </TextCorrectedLine>
  <TextCorrectedLine lineID="P3_TL01205">
    <OldTextValue>&gt; Pioneer Flour is the "Lily of the</OldTextValue>
    <NewTextValue>Pioneer Flour is the "Lily of the</NewTextValue>
  </TextCorrectedLine>
  <TextCorrectedLine lineID="P3_TL01206">
    <OldTextValue>Valley," the "Pearl of Perfection." ,*</OldTextValue>
    <NewTextValue>Valley," the "Pearl of Perfection."</NewTextValue>
  </TextCorrectedLine>
</TextCorrectedBlock>
<TextCorrectedBlock pageOID="AL19001019.1.3" blockID="P3_TB00025" userID="[redacted]">
  <TextCorrectedLine lineID="P3_TL00265">
    <OldTextValue>Pigeon Creek School . Has Opened — Ho</OldTextValue>
    <NewTextValue>Pigeon Creek School . Has Opened — No</NewTextValue>
  </TextCorrectedLine>
  <TextCorrectedLine lineID="P3_TL00266">
    <OldTextValue>-■ More Smallpox.</OldTextValue>
    <NewTextValue>More Smallpox.</NewTextValue>
  </TextCorrectedLine>
  <TextCorrectedLine lineID="P3_TL00267">
    <OldTextValue>&gt; ' AtfkuM, Oct. 15, 1900.</OldTextValue>
    <NewTextValue>AUKUM, Oct. 15, 1900.</NewTextValue>
  </TextCorrectedLine>
  <TextCorrectedLine lineID="P3_TL00272">
    <OldTextValue>Grace Wilson is .visiting relatives in</OldTextValue>
    <NewTextValue>Grace Wilson is visiting relatives in</NewTextValue>
  </TextCorrectedLine>
  <TextCorrectedLine lineID="P3_TL00273">
    <OldTextValue>Shenandoah Valley. : .</OldTextValue>
    <NewTextValue>Shenandoah Valley.</NewTextValue>
  </TextCorrectedLine>
  <TextCorrectedLine lineID="P3_TL00274">
    <OldTextValue>" Chas/ Upton who has been living in</OldTextValue>
    <NewTextValue>Chas Upton who has been living in</NewTextValue>
  </TextCorrectedLine>
  <TextCorrectedLine lineID="P3_TL00277">
    <OldTextValue>moved oh to the same last week.</OldTextValue>
    <NewTextValue>moved on to the same last week.</NewTextValue>
  </TextCorrectedLine>
</TextCorrectedBlock>
<TextCorrectedBlock pageOID="AL19001019.1.3" blockID="P3_TB00025" userID="[redacted]">
  <TextCorrectedLine lineID="P3_TL00279">
    <OldTextValue>last Saturday. .</OldTextValue>
    <NewTextValue>last Saturday.</NewTextValue>
  </TextCorrectedLine>
  <TextCorrectedLine lineID="P3_TL00280">
    <OldTextValue>- Mrs. Wm. Sharp who has been quit*</OldTextValue>
    <NewTextValue>Mrs. Wm. Sharp who has been quite</NewTextValue>
  </TextCorrectedLine>
  <TextCorrectedLine lineID="P3_TL00282">
    <OldTextValue>Mrs. .; Stumpff visited her mother,</OldTextValue>
    <NewTextValue>Mrs. Stumpff visited her mother,</NewTextValue>
  </TextCorrectedLine>
  <TextCorrectedLine lineID="P3_TL00284">
    <OldTextValue>Joe Speakman and . Elmer Avers of</OldTextValue>
    <NewTextValue>Joe Speakman and  Elmer Ayers of</NewTextValue>
  </TextCorrectedLine>
</TextCorrectedBlock>
<TextCorrectedBlock pageOID="AL19001019.1.4" blockID="P4_TB00021" userID="[redacted]">
  <TextCorrectedLine lineID="P4_TL00125">
    <OldTextValue>an smell sweet. ' ~ V</OldTextValue>
    <NewTextValue>an smell sweet.</NewTextValue>
  </TextCorrectedLine>
</TextCorrectedBlock>
<TextCorrectedBlock pageOID="AL19001019.1.4" blockID="P4_TB00054" userID="[redacted]">
  <TextCorrectedLine lineID="P4_TL00397">
    <OldTextValue>raised the scar* that President's Mo-</OldTextValue>
    <NewTextValue>raised the scare that President's Mc-</NewTextValue>
  </TextCorrectedLine>
  <TextCorrectedLine lineID="P4_TL00398">
    <OldTextValue>Einley's health is threateningly ' poor</OldTextValue>
    <NewTextValue>Kinley's health is threateningly poor</NewTextValue>
  </TextCorrectedLine>
  <TextCorrectedLine lineID="P4_TL00400">
    <OldTextValue>office^ he will not be likely to live out the</OldTextValue>
    <NewTextValue>office he will not be likely to live out the</NewTextValue>
  </TextCorrectedLine>
</TextCorrectedBlock>
<TextCorrectedBlock pageOID="AL19001019.1.4" blockID="P4_TB00066" userID="[redacted]">
  <TextCorrectedLine lineID="P4_TL00492">
    <OldTextValue>not some men,' but all men, and they</OldTextValue>
    <NewTextValue>not some men, but all men, and they</NewTextValue>
  </TextCorrectedLine>
  <TextCorrectedLine lineID="P4_TL00497">
    <OldTextValue>rudiments of self-government. . Mr.</OldTextValue>
    <NewTextValue>rudiments of self-government.  Mr.</NewTextValue>
  </TextCorrectedLine>
  <TextCorrectedLine lineID="P4_TL00506">
    <OldTextValue>regard "he is our equal." I Mr. Lincoln</OldTextValue>
    <NewTextValue>regard "he is our equal."I Mr. Lincoln</NewTextValue>
  </TextCorrectedLine>
  <TextCorrectedLine lineID="P4_TL00511">
    <OldTextValue>government of Louisiana' and favored</OldTextValue>
    <NewTextValue>government of Louisiana and favored</NewTextValue>
  </TextCorrectedLine>
  <TextCorrectedLine lineID="P4_TL00515">
    <OldTextValue>ence to the Union 'and recognizing the</OldTextValue>
    <NewTextValue>ence to the Union and recognizing the</NewTextValue>
  </TextCorrectedLine>
</TextCorrectedBlock>
<TextCorrectedBlock pageOID="AL19001019.1.4" blockID="P4_TB00044" userID="[redacted]">
  <TextCorrectedLine lineID="P4_TL00275">
    <OldTextValue>Iv 1890 the paramount i»-u" in the</OldTextValue>
    <NewTextValue>In 1890 the paramount issue in the</NewTextValue>
  </TextCorrectedLine>
  <TextCorrectedLine lineID="P4_TL00276">
    <OldTextValue>eyes ot Mr. Bryan w.is Iree trade. He</OldTextValue>
    <NewTextValue>eyes of Mr. Bryan was free trade. He</NewTextValue>
  </TextCorrectedLine>
  <TextCorrectedLine lineID="P4_TL00277">
    <OldTextValue>denounced the protection urea aud &lt;K-</OldTextValue>
    <NewTextValue>denounced the protection idea and de-</NewTextValue>
  </TextCorrectedLine>
  <TextCorrectedLine lineID="P4_TL00278">
    <OldTextValue>clared that The country could not cou</OldTextValue>
    <NewTextValue>clared that the country could not cou</NewTextValue>
  </TextCorrectedLine>
  <TextCorrectedLine lineID="P4_TL00279">
    <OldTextValue>tinue prosperous under a. protective</OldTextValue>
    <NewTextValue>tinue prosperous under a protective</NewTextValue>
  </TextCorrectedLine>
  <TextCorrectedLine lineID="P4_TL00281">
    <OldTextValue>In 1892 lie added fra* silver to 'hit</OldTextValue>
    <NewTextValue>In 1892 he added free silver to his</NewTextValue>
  </TextCorrectedLine>
  <TextCorrectedLine lineID="P4_TL00282">
    <OldTextValue>paramount issues just as he couplet</OldTextValue>
    <NewTextValue>paramount issues just as he couples</NewTextValue>
  </TextCorrectedLine>
  <TextCorrectedLine lineID="P4_TL00283">
    <OldTextValue>imperialism aud militarism toguthm</OldTextValue>
    <NewTextValue>imperialism and militarism together</NewTextValue>
  </TextCorrectedLine>
  <TextCorrectedLine lineID="P4_TL00285">
    <OldTextValue>In 1894 he dropped free . trade aud</OldTextValue>
    <NewTextValue>In 1894 he dropped free trade and</NewTextValue>
  </TextCorrectedLine>
  <TextCorrectedLine lineID="P4_TL00286">
    <OldTextValue>made the free coinage ot silver para-</OldTextValue>
    <NewTextValue>made the free coinage of silver para-</NewTextValue>
  </TextCorrectedLine>
  <TextCorrectedLine lineID="P4_TL00287">
    <OldTextValue>inouut of paramouut issues.</OldTextValue>
    <NewTextValue>mount of paramount issues.</NewTextValue>
  </TextCorrectedLine>
</TextCorrectedBlock>
<TextCorrectedBlock pageOID="AL19001019.1.4" blockID="P4_CB00003" userID="[redacted]">
  <TextCorrectedLine lineID="P4_TL00896">
    <OldTextValue>H CURf SICK HEADACHE M</OldTextValue>
    <NewTextValue>CURE SICK HEADACHE</NewTextValue>
  </TextCorrectedLine>
  <TextCorrectedLine lineID="P4_TL00897">
    <OldTextValue>M PURIFY THE BLOOD. H</OldTextValue>
    <NewTextValue>PURIFY THE BLOOD.</NewTextValue>
  </TextCorrectedLine>
  <TextCorrectedLine lineID="P4_TL00900">
    <OldTextValue>melico</OldTextValue>
    <NewTextValue>To Mexico</NewTextValue>
  </TextCorrectedLine>
  <TextCorrectedLine lineID="P4_TL00901">
    <OldTextValue>■ The Southern Paeittc Company will run a</OldTextValue>
    <NewTextValue>The Southern Pacific Company will run a</NewTextValue>
  </TextCorrectedLine>
</TextCorrectedBlock>
