<TextCorrectedBlock pageOID="AL19030508.1.3" blockID="P3_TB00127" userID="[redacted]">
  <TextCorrectedLine lineID="P3_TL00962">
    <OldTextValue>bers present.'</OldTextValue>
    <NewTextValue>bers present.</NewTextValue>
  </TextCorrectedLine>
  <TextCorrectedLine lineID="P3_TL00963">
    <OldTextValue>■ Minutes of last 'meeting were read</OldTextValue>
    <NewTextValue>Minutes of last meeting were read</NewTextValue>
  </TextCorrectedLine>
  <TextCorrectedLine lineID="P3_TL00967">
    <OldTextValue>and- permission to erect, construct,</OldTextValue>
    <NewTextValue>and permission to erect, construct,</NewTextValue>
  </TextCorrectedLine>
</TextCorrectedBlock>
<TextCorrectedBlock pageOID="AL19030508.1.3" blockID="P3_CB00003" userID="[redacted]">
  <TextCorrectedLine lineID="P3_TL01229">
    <OldTextValue>THE OLD RELIABLE</OldTextValue>
    <NewTextValue>THE OLD RELIABLE  ROYAL BAKING</NewTextValue>
  </TextCorrectedLine>
  <TextCorrectedLine lineID="P3_TL01230">
    <OldTextValue>'Absolutely Pure</OldTextValue>
    <NewTextValue>POWDER     Absolutely Pure</NewTextValue>
  </TextCorrectedLine>
  <TextCorrectedLine lineID="P3_TL01231">
    <OldTextValue>THERE ISNQ SUBSTITUTE</OldTextValue>
    <NewTextValue>THERE IS NO SUBSTITUTE</NewTextValue>
  </TextCorrectedLine>
</TextCorrectedBlock>
<TextCorrectedBlock pageOID="AL19030508.1.3" blockID="P3_TB00031" userID="[redacted]">
  <TextCorrectedLine lineID="P3_TL00234">
    <OldTextValue>hundred people on Saturday, May 2J</OldTextValue>
    <NewTextValue>hundred people on Saturday, May 2.</NewTextValue>
  </TextCorrectedLine>
</TextCorrectedBlock>
<TextCorrectedBlock pageOID="AL19030508.1.3" blockID="P3_CB00004" userID="[redacted]">
  <TextCorrectedLine lineID="P3_TL01232">
    <OldTextValue>... J£ • _</OldTextValue>
    <NewTextValue></NewTextValue>
  </TextCorrectedLine>
  <TextCorrectedLine lineID="P3_TL01233">
    <OldTextValue>I Ajj^ver theVWest Ihgr wear</OldTextValue>
    <NewTextValue>All over the West they wear</NewTextValue>
  </TextCorrectedLine>
  <TextCorrectedLine lineID="P3_TL01234">
    <OldTextValue>I Levi Strauss cQfs</OldTextValue>
    <NewTextValue>Levi Strauss &amp; Co's</NewTextValue>
  </TextCorrectedLine>
  <TextCorrectedLine lineID="P3_TL01235">
    <OldTextValue>I Copj&gt;er»rivetcd</OldTextValue>
    <NewTextValue>Copper-riveted</NewTextValue>
  </TextCorrectedLine>
  <TextCorrectedLine lineID="P3_TL01236">
    <OldTextValue>|pYeredls,</OldTextValue>
    <NewTextValue>Overalls,</NewTextValue>
  </TextCorrectedLine>
</TextCorrectedBlock>
<TextCorrectedBlock pageOID="AL19030508.1.4" blockID="P4_CB00012" userID="[redacted]">
  <TextCorrectedLine lineID="P4_TL00940">
    <OldTextValue>B .Sawyer's;</OldTextValue>
    <NewTextValue>Sawyer's;</NewTextValue>
  </TextCorrectedLine>
  <TextCorrectedLine lineID="P4_TL00941">
    <OldTextValue>' EXCELSIOR BRAND | ,</OldTextValue>
    <NewTextValue>EXCELSIOR BRAND</NewTextValue>
  </TextCorrectedLine>
  <TextCorrectedLine lineID="P4_TL00942">
    <OldTextValue>Clothing</OldTextValue>
    <NewTextValue>Oil Clothing</NewTextValue>
  </TextCorrectedLine>
  <TextCorrectedLine lineID="P4_TL00943">
    <OldTextValue>* for flfty rears hubaon ,</OldTextValue>
    <NewTextValue>for flfty years has been</NewTextValue>
  </TextCorrectedLine>
</TextCorrectedBlock>
<TextCorrectedBlock pageOID="AL19030508.1.4" blockID="P4_CB00001" userID="[redacted]">
  <TextCorrectedLine lineID="P4_TL00494">
    <OldTextValue>NEW YORK $50X0</OldTextValue>
    <NewTextValue>NEW YORK .... $50.00</NewTextValue>
  </TextCorrectedLine>
  <TextCorrectedLine lineID="P4_TL00495">
    <OldTextValue>PITTSBURGH 42.00</OldTextValue>
    <NewTextValue>PITTSBURGH ...  42.00</NewTextValue>
  </TextCorrectedLine>
  <TextCorrectedLine lineID="P4_TL00496">
    <OldTextValue>BUFFALO : 42.50</OldTextValue>
    <NewTextValue>BUFFALO....  42.50</NewTextValue>
  </TextCorrectedLine>
  <TextCorrectedLine lineID="P4_TL00497">
    <OldTextValue>CINCINNATI 39.00</OldTextValue>
    <NewTextValue>CINCINNATI   .... 39.00</NewTextValue>
  </TextCorrectedLine>
  <TextCorrectedLine lineID="P4_TL00498">
    <OldTextValue>LOUISVILLE 38.00</OldTextValue>
    <NewTextValue>LOUISVILLE  ...  38.00</NewTextValue>
  </TextCorrectedLine>
  <TextCorrectedLine lineID="P4_TL00499">
    <OldTextValue>CHICAGO 33 00</OldTextValue>
    <NewTextValue>CHICAGO  ...33 00</NewTextValue>
  </TextCorrectedLine>
  <TextCorrectedLine lineID="P4_TL00500">
    <OldTextValue>FEOBIA 3100</OldTextValue>
    <NewTextValue>PEORIA  ... 31.00</NewTextValue>
  </TextCorrectedLine>
  <TextCorrectedLine lineID="P4_TL00501">
    <OldTextValue>BT. LOUIS 30.00</OldTextValue>
    <NewTextValue>ST. LOUIS  ... 30.00</NewTextValue>
  </TextCorrectedLine>
  <TextCorrectedLine lineID="P4_TL00502">
    <OldTextValue>MEMPHIS 3000</OldTextValue>
    <NewTextValue>MEMPHIS ....  30.00</NewTextValue>
  </TextCorrectedLine>
  <TextCorrectedLine lineID="P4_TL00503">
    <OldTextValue>HEW ORLEANS 30.00</OldTextValue>
    <NewTextValue>NEW ORLEANS  ... 30.00</NewTextValue>
  </TextCorrectedLine>
  <TextCorrectedLine lineID="P4_TL00504">
    <OldTextValue>SIOUX CITY 25.00</OldTextValue>
    <NewTextValue>SIOUX CITY  .... 25.00</NewTextValue>
  </TextCorrectedLine>
  <TextCorrectedLine lineID="P4_TL00505">
    <OldTextValue>OMAHA 25.00</OldTextValue>
    <NewTextValue>OMAHA  ....25.00</NewTextValue>
  </TextCorrectedLine>
</TextCorrectedBlock>
<TextCorrectedBlock pageOID="AL19030508.1.4" blockID="P4_CB00013" userID="[redacted]">
  <TextCorrectedLine lineID="P4_TL00990">
    <OldTextValue>Tho Kind You Have Always Bought, and which has been.</OldTextValue>
    <NewTextValue>CASTORIA The Kind You Have Always Bought, and which has been.</NewTextValue>
  </TextCorrectedLine>
  <TextCorrectedLine lineID="P4_TL00992">
    <OldTextValue>yO-y# _ »ud has been made under his per-</OldTextValue>
    <NewTextValue>and has been made under his per-</NewTextValue>
  </TextCorrectedLine>
  <TextCorrectedLine lineID="P4_TL00993">
    <OldTextValue>{j€JT*J^ffl?~~&amp;jtj- soual supervision since its infancy.</OldTextValue>
    <NewTextValue>sonal supervision since its infancy.</NewTextValue>
  </TextCorrectedLine>
</TextCorrectedBlock>
<TextCorrectedBlock pageOID="AL19030508.1.4" blockID="P4_CB00013" userID="[redacted]">
  <TextCorrectedLine lineID="P4_TL00994">
    <OldTextValue>""taryr. t-eoccJU&amp;i Allow no one to deceive you in this.</OldTextValue>
    <NewTextValue>Allow no one to deceive you in this.</NewTextValue>
  </TextCorrectedLine>
  <TextCorrectedLine lineID="P4_TL00996">
    <OldTextValue>j Experiments that trifle with and endanger the health of</OldTextValue>
    <NewTextValue>Experiments that trifle with and endanger the health of</NewTextValue>
  </TextCorrectedLine>
  <TextCorrectedLine lineID="P4_TL00997">
    <OldTextValue>Infants and Children— Experience against Experiment*</OldTextValue>
    <NewTextValue>Infants and Children— Experience against Experiment.</NewTextValue>
  </TextCorrectedLine>
  <TextCorrectedLine lineID="P4_TL01000">
    <OldTextValue>goric, Drops aud Soothing Syrups. It is Pleasant. It</OldTextValue>
    <NewTextValue>goric, Drops and Soothing Syrups. It is Pleasant. It</NewTextValue>
  </TextCorrectedLine>
</TextCorrectedBlock>
<TextCorrectedBlock pageOID="AL19030508.1.2" blockID="P2_TB00052" userID="[redacted]">
  <TextCorrectedLine lineID="P2_TL00522">
    <OldTextValue>Mrs. B. c. O'Neill.</OldTextValue>
    <NewTextValue>Mrs. B. C. O'Neill.</NewTextValue>
  </TextCorrectedLine>
  <TextCorrectedLine lineID="P2_TL00523">
    <OldTextValue>Mrs. S. a. Werley.</OldTextValue>
    <NewTextValue>Mrs. S. A. Werley.</NewTextValue>
  </TextCorrectedLine>
  <TextCorrectedLine lineID="P2_TL00525">
    <OldTextValue>W. H. Greenhalgh. ',</OldTextValue>
    <NewTextValue>W. H. Greenhalgh.</NewTextValue>
  </TextCorrectedLine>
</TextCorrectedBlock>
<TextCorrectedBlock pageOID="AL19030508.1.2" blockID="P2_CB00001" userID="[redacted]">
  <TextCorrectedLine lineID="P2_TL00528">
    <OldTextValue>1 1 A Nice Baby Buggy</OldTextValue>
    <NewTextValue>A Nice Baby Buggy</NewTextValue>
  </TextCorrectedLine>
  <TextCorrectedLine lineID="P2_TL00529">
    <OldTextValue>| Is just what you need as the Bab;</OldTextValue>
    <NewTextValue>Is just what you need as the Baby</NewTextValue>
  </TextCorrectedLine>
  <TextCorrectedLine lineID="P2_TL00530">
    <OldTextValue>M likes to be out of doors. this lovel</OldTextValue>
    <NewTextValue>likes to be out of doors. this lovely</NewTextValue>
  </TextCorrectedLine>
  <TextCorrectedLine lineID="P2_TL00531">
    <OldTextValue>'i ■ • Spring weather. Some very prett</OldTextValue>
    <NewTextValue>Spring weather. Some very pretty</NewTextValue>
  </TextCorrectedLine>
  <TextCorrectedLine lineID="P2_TL00532">
    <OldTextValue>8 1 ones at all prices can be had at</OldTextValue>
    <NewTextValue>ones at all prices can be had at</NewTextValue>
  </TextCorrectedLine>
  <TextCorrectedLine lineID="P2_TL00533">
    <OldTextValue>|ETwc™^&amp;JßrS</OldTextValue>
    <NewTextValue>E. GINOCCHIO &amp; BRO'S</NewTextValue>
  </TextCorrectedLine>
  <TextCorrectedLine lineID="P2_TL00534">
    <OldTextValue>f 8 And while we are talking abou</OldTextValue>
    <NewTextValue>And while we are talking about</NewTextValue>
  </TextCorrectedLine>
  <TextCorrectedLine lineID="P2_TL00535">
    <OldTextValue>» % Spring- don't you need a Refrig</OldTextValue>
    <NewTextValue>Spring- don't you need a Refrig-</NewTextValue>
  </TextCorrectedLine>
  <TextCorrectedLine lineID="P2_TL00536">
    <OldTextValue>I erator? we have them.. Als</OldTextValue>
    <NewTextValue>erator? we have them.. Also</NewTextValue>
  </TextCorrectedLine>
  <TextCorrectedLine lineID="P2_TL00537">
    <OldTextValue>* H good Ice Cream Freezers.</OldTextValue>
    <NewTextValue>good Ice Cream Freezers.</NewTextValue>
  </TextCorrectedLine>
  <TextCorrectedLine lineID="P2_TL00538">
    <OldTextValue>Corner Main and Water Sts. - -Jackso</OldTextValue>
    <NewTextValue>Corner Main and Water Sts. - -Jackson</NewTextValue>
  </TextCorrectedLine>
  <TextCorrectedLine lineID="P2_TL00539">
    <OldTextValue>1 1 Would You Like</OldTextValue>
    <NewTextValue>Would You Like</NewTextValue>
  </TextCorrectedLine>
  <TextCorrectedLine lineID="P2_TL00540">
    <OldTextValue>II a Fancy Silk Vest for Nothing</OldTextValue>
    <NewTextValue>a Fancy Silk Vest for Nothing</NewTextValue>
  </TextCorrectedLine>
  <TextCorrectedLine lineID="P2_TL00541">
    <OldTextValue>5 j i I am going to give one to every gentleman *</OldTextValue>
    <NewTextValue>I am going to give one to every gentleman</NewTextValue>
  </TextCorrectedLine>
  <TextCorrectedLine lineID="P2_TL00542">
    <OldTextValue>» ! who has a dress suit made to order by</OldTextValue>
    <NewTextValue>who has a dress suit made to order by</NewTextValue>
  </TextCorrectedLine>
  <TextCorrectedLine lineID="P2_TL00543">
    <OldTextValue>» ; me between now and June i, 1903. I have</OldTextValue>
    <NewTextValue>me between now and June 1, 1903. I have</NewTextValue>
  </TextCorrectedLine>
  <TextCorrectedLine lineID="P2_TL00544">
    <OldTextValue>I&lt;j been selling these vests at $2.50 each. It</OldTextValue>
    <NewTextValue>been selling these vests at $2.50 each. It</NewTextValue>
  </TextCorrectedLine>
  <TextCorrectedLine lineID="P2_TL00545">
    <OldTextValue>• ! cost more than that to manufacture them,</OldTextValue>
    <NewTextValue>cost more than that to manufacture them,</NewTextValue>
  </TextCorrectedLine>
  <TextCorrectedLine lineID="P2_TL00546">
    <OldTextValue>• ! but I made a hit in buying, and will give</OldTextValue>
    <NewTextValue>but I made a hit in buying, and will give</NewTextValue>
  </TextCorrectedLine>
  <TextCorrectedLine lineID="P2_TL00547">
    <OldTextValue>i; i you the benefit of a good bargain. Remein-</OldTextValue>
    <NewTextValue>you the benefit of a good bargain. Remem-</NewTextValue>
  </TextCorrectedLine>
  <TextCorrectedLine lineID="P2_TL00548">
    <OldTextValue>» J ber this offer is until June 1 only. Jack-</OldTextValue>
    <NewTextValue>ber this offer is until June 1 only. Jack-</NewTextValue>
  </TextCorrectedLine>
  <TextCorrectedLine lineID="P2_TL00549">
    <OldTextValue>• : I son's Exclusive Clothing and Tail-</OldTextValue>
    <NewTextValue>son's Exclusive Clothing and Tail-</NewTextValue>
  </TextCorrectedLine>
  <TextCorrectedLine lineID="P2_TL00550">
    <OldTextValue>» oring Store. - - - -</OldTextValue>
    <NewTextValue>oring Store.</NewTextValue>
  </TextCorrectedLine>
  <TextCorrectedLine lineID="P2_TL00552">
    <OldTextValue>? ' ' _niaroh 90 , . .</OldTextValue>
    <NewTextValue>march 20</NewTextValue>
  </TextCorrectedLine>
  <TextCorrectedLine lineID="P2_TL00553">
    <OldTextValue>S ♦♦♦•••*•*•••&gt;•♦•♦•»•»♦»♦» ♦»«♦♦♦♦&gt;«*♦»?♦«♦♦♦♦♦♦♦♦</OldTextValue>
    <NewTextValue></NewTextValue>
  </TextCorrectedLine>
  <TextCorrectedLine lineID="P2_TL00554">
    <OldTextValue>j II WEISSBIEN BROS. &amp; CO.,</OldTextValue>
    <NewTextValue>WEISSBIEN BROS. &amp; CO.,</NewTextValue>
  </TextCorrectedLine>
  <TextCorrectedLine lineID="P2_TL00555">
    <OldTextValue>I l_J^ayl^Lce^n^MSoli Refine</OldTextValue>
    <NewTextValue>Assay Office and Gold Refine</NewTextValue>
  </TextCorrectedLine>
  <TextCorrectedLine lineID="P2_TL00556">
    <OldTextValue>• Purchasers of Gold Dust and Bullion. Base Bulli&lt;</OldTextValue>
    <NewTextValue>Purchasers of Gold Dust and Bullion. Base Bullion</NewTextValue>
  </TextCorrectedLine>
  <TextCorrectedLine lineID="P2_TL00557">
    <OldTextValue>and Cyanide Precipitate a Specialty. Ores and Co</OldTextValue>
    <NewTextValue>and Cyanide Precipitate a Specialty. Ores and Con-</NewTextValue>
  </TextCorrectedLine>
  <TextCorrectedLine lineID="P2_TL00558">
    <OldTextValue>centrates Tested by any Process. Analysis of Orei</OldTextValue>
    <NewTextValue>centrates Tested by any Process. Analysis of Ores</NewTextValue>
  </TextCorrectedLine>
  <TextCorrectedLine lineID="P2_TL00561">
    <OldTextValue>Wsm Near Montgomery. San Francisco. C</OldTextValue>
    <NewTextValue>Near Montgomery. San Francisco. C</NewTextValue>
  </TextCorrectedLine>
  <TextCorrectedLine lineID="P2_TL00563">
    <OldTextValue>NATIONAL HOTEL ••♦♦►</OldTextValue>
    <NewTextValue>NATIONAL HOTEL</NewTextValue>
  </TextCorrectedLine>
  <TextCorrectedLine lineID="P2_TL00564">
    <OldTextValue>vSjKt—^ '■' Foot or Main Street</OldTextValue>
    <NewTextValue>Foot or Main Street</NewTextValue>
  </TextCorrectedLine>
  <TextCorrectedLine lineID="P2_TL00566">
    <OldTextValue>000000 FIRST-CUSS ACCOIIODHTIMIS FOR TRJUfEIERS JIT REASONABLE</OldTextValue>
    <NewTextValue>FIRST-CUSS ACCOMMODATIONS FOR TRAVELERS AT REASONABLE</NewTextValue>
  </TextCorrectedLine>
  <TextCorrectedLine lineID="P2_TL00567">
    <OldTextValue>-£)•— 1 Sample Room (or Commercial Travelers</OldTextValue>
    <NewTextValue>Sample Room for Commercial Travelers</NewTextValue>
  </TextCorrectedLine>
  <TextCorrectedLine lineID="P2_TL00568">
    <OldTextValue>4 Rooms Newly Furnished Throughout 1</OldTextValue>
    <NewTextValue>Rooms Newly Furnished Throughout</NewTextValue>
  </TextCorrectedLine>
  <TextCorrectedLine lineID="P2_TL00569">
    <OldTextValue>I Table Supplied With the Best In the Market "V"</OldTextValue>
    <NewTextValue>Table Supplied With the Best in the Market</NewTextValue>
  </TextCorrectedLine>
  <TextCorrectedLine lineID="P2_TL00570">
    <OldTextValue>I BAR Supplied With the Finest Brands of ' T</OldTextValue>
    <NewTextValue>BAR Supplied With the Finest Brands of</NewTextValue>
  </TextCorrectedLine>
  <TextCorrectedLine lineID="P2_TL00571">
    <OldTextValue>V Wicos Liquors and Cigars</OldTextValue>
    <NewTextValue>Wines Liquors and Cigars</NewTextValue>
  </TextCorrectedLine>
  <TextCorrectedLine lineID="P2_TL00572">
    <OldTextValue>• 3F 1 - VOOEHEIS, X^ropxi©</OldTextValue>
    <NewTextValue>F. A. VOOEHEIS, Proprietor</NewTextValue>
  </TextCorrectedLine>
  <TextCorrectedLine lineID="P2_TL00573">
    <OldTextValue>" | SUUIUTI EUfTIK CIHIIf</OldTextValue>
    <NewTextValue>SACRAMENTO ELECTRIC CARNIVAL</NewTextValue>
  </TextCorrectedLine>
  <TextCorrectedLine lineID="P2_TL00574">
    <OldTextValue>| AND FLORAL FESTIVAL</OldTextValue>
    <NewTextValue>AND FLORAL FESTIVAL</NewTextValue>
  </TextCorrectedLine>
  <TextCorrectedLine lineID="P2_TL00575">
    <OldTextValue>. S ____&lt;^ *&lt;4*&gt;</OldTextValue>
    <NewTextValue></NewTextValue>
  </TextCorrectedLine>
  <TextCorrectedLine lineID="P2_TL00576">
    <OldTextValue>• t _¥ iss SLL * Ma y llth— l6th Inclush</OldTextValue>
    <NewTextValue>Don't Miss It !  May 11th - 16th Inclusive</NewTextValue>
  </TextCorrectedLine>
  <TextCorrectedLine lineID="P2_TL00577">
    <OldTextValue>i JH _-^-^. ~7"~_;v~"~~'--^~-'- 1 ■■■■ — — ■ -■■■■ —</OldTextValue>
    <NewTextValue></NewTextValue>
  </TextCorrectedLine>
  <TextCorrectedLine lineID="P2_TL00578">
    <OldTextValue>lAn Eclipse of all Amusement Enterpris</OldTextValue>
    <NewTextValue>An Eclipse of all Amusement Enterprise</NewTextValue>
  </TextCorrectedLine>
  <TextCorrectedLine lineID="P2_TL00579">
    <OldTextValue>I A Magnificent Floral Parade</OldTextValue>
    <NewTextValue>A Magnificent Floral Parade</NewTextValue>
  </TextCorrectedLine>
  <TextCorrectedLine lineID="P2_TL00580">
    <OldTextValue>§ A Vast Number of New h Startling Feature</OldTextValue>
    <NewTextValue>A Vast Number of New &amp; Startling Feature</NewTextValue>
  </TextCorrectedLine>
  <TextCorrectedLine lineID="P2_TL00581">
    <OldTextValue>1 Gigantic Reproduction of the Pan-Americ&lt;</OldTextValue>
    <NewTextValue>Gigantic Reproduction of the Pan-America</NewTextValue>
  </TextCorrectedLine>
  <TextCorrectedLine lineID="P2_TL00582">
    <OldTextValue>| "NUFF SAID." SPECIAL EXCURSION RATI</OldTextValue>
    <NewTextValue>"NUFF SAID." SPECIAL EXCURSION RATE</NewTextValue>
  </TextCorrectedLine>
  <TextCorrectedLine lineID="P2_TL00583">
    <OldTextValue>I»mmmm*mmmf»mw*w»***w»mmw*»mx*mmmmiim»mwmm9mmmm9m^</OldTextValue>
    <NewTextValue></NewTextValue>
  </TextCorrectedLine>
</TextCorrectedBlock>
<TextCorrectedBlock pageOID="AL19030508.1.2" blockID="P2_CB00001" userID="[redacted]">
  <TextCorrectedLine lineID="P2_TL00584">
    <OldTextValue>Q. X. WENDLING, President USE LUMBFDHAH&gt;« mnp iiin tbi ci-</OldTextValue>
    <NewTextValue>G X. WENDLING, President USE LUMBERMAN'S CODE AND TELEG</NewTextValue>
  </TextCorrectedLine>
  <TextCorrectedLine lineID="P2_TL00589">
    <OldTextValue>san francisco. TOl itPp^wSp O re cj on Pine</OldTextValue>
    <NewTextValue>san francisco.              Oregon Pine</NewTextValue>
  </TextCorrectedLine>
  <TextCorrectedLine lineID="P2_TL00590">
    <OldTextValue>Telephone: ??&amp;!tymti§*'J&amp;/ Cedar and</OldTextValue>
    <NewTextValue>Telephone:                    Cedar and</NewTextValue>
  </TextCorrectedLine>
  <TextCorrectedLine lineID="P2_TL00591">
    <OldTextValue>Private Exchange 279 Redw&lt;</OldTextValue>
    <NewTextValue>Private Exchange 279     Redwood</NewTextValue>
  </TextCorrectedLine>
  <TextCorrectedLine lineID="P2_TL00592">
    <OldTextValue>jjj \f, v 3w^3^^ * ■ * ******</OldTextValue>
    <NewTextValue></NewTextValue>
  </TextCorrectedLine>
</TextCorrectedBlock>
<TextCorrectedBlock pageOID="AL19030508.1.2" blockID="P2_CB00001" userID="[redacted]">
  <TextCorrectedLine lineID="P2_TL00586">
    <OldTextValue>Rooms: .^3^33^^ Yard: 6th &amp; Irwln</OldTextValue>
    <NewTextValue>Rooms:                                       Yard: 6th &amp; Irwln</NewTextValue>
  </TextCorrectedLine>
  <TextCorrectedLine lineID="P2_TL00587">
    <OldTextValue>603-604-605-606-607 /jSP^SpSX dumber ™°«* •»</OldTextValue>
    <NewTextValue>603-604-605-606-607            Lumber  Phone 19</NewTextValue>
  </TextCorrectedLine>
  <TextCorrectedLine lineID="P2_TL00588">
    <OldTextValue>Claus Spreckels B'ltTg /aS^uQl%'fS ■ySr</OldTextValue>
    <NewTextValue>Claus Spreckels B'ld'g     WNDLING LUMBER CO   WHOLESALE LUMBER</NewTextValue>
  </TextCorrectedLine>
</TextCorrectedBlock>
