<TextCorrectedBlock pageOID="AL19070517.1.2" blockID="P2_CB00026" userID="[redacted]">
  <TextCorrectedLine lineID="P2_TL00618">
    <OldTextValue>SOL.AKI. -In Sutler Creek, May 13,</OldTextValue>
    <NewTextValue>SOLARI -In Sutler Creek, May 13,</NewTextValue>
  </TextCorrectedLine>
  <TextCorrectedLine lineID="P2_TL00619">
    <OldTextValue>IUO7, to the wife ot Dan Solaii, a</OldTextValue>
    <NewTextValue>1907, to the wife ot Dan Solari, a</NewTextValue>
  </TextCorrectedLine>
</TextCorrectedBlock>
<TextCorrectedBlock pageOID="AL19070517.1.2" blockID="P2_CB00001" userID="[redacted]">
  <TextCorrectedLine lineID="P2_TL00291">
    <OldTextValue>MoLAUUHLdS-OINOCCBIO. - in</OldTextValue>
    <NewTextValue>McLAGHLIN -- GINOCCHIO.- In</NewTextValue>
  </TextCorrectedLine>
  <TextCorrectedLine lineID="P2_TL00292">
    <OldTextValue>Jackson, May 14, 1907, by Key.</OldTextValue>
    <NewTextValue>Jackson, May 14, 1907, by Rev.</NewTextValue>
  </TextCorrectedLine>
  <TextCorrectedLine lineID="P2_TL00293">
    <OldTextValue>Father Kearney, Jesse McLaughliu</OldTextValue>
    <NewTextValue>Father Kearney, Jesse McLaughlin</NewTextValue>
  </TextCorrectedLine>
  <TextCorrectedLine lineID="P2_TL00294">
    <OldTextValue>of Kloctra, to Miss ldalia (Jinocchio</OldTextValue>
    <NewTextValue>of Electr to Miss ldalia Ginocchio</NewTextValue>
  </TextCorrectedLine>
  <TextCorrectedLine lineID="P2_TL00296">
    <OldTextValue>HJCCIiES-MAKKttI. —In Jackson,</OldTextValue>
    <NewTextValue>LUCCHES - MAFFEI . —In Jackson,</NewTextValue>
  </TextCorrectedLine>
  <TextCorrectedLine lineID="P2_TL00298">
    <OldTextValue>ney, Micbael Lucchea to Miss (Juis-</OldTextValue>
    <NewTextValue>ney, Michael Lucches to Miss Guis-</NewTextValue>
  </TextCorrectedLine>
  <TextCorrectedLine lineID="P2_TL00299">
    <OldTextValue>tina Mattel, botb of Jackson.</OldTextValue>
    <NewTextValue>tina Maffei, of Jackson.</NewTextValue>
  </TextCorrectedLine>
</TextCorrectedBlock>
<TextCorrectedBlock pageOID="AL19070517.1.2" blockID="P2_CB00007" userID="[redacted]">
  <TextCorrectedLine lineID="P2_TL00339">
    <OldTextValue>Jose Gulcb Mining Company, a cor-</OldTextValue>
    <NewTextValue>Jose Gulch Mining Company, a cor-</NewTextValue>
  </TextCorrectedLine>
  <TextCorrectedLine lineID="P2_TL00341">
    <OldTextValue>under and by virtue of tho law ot the</OldTextValue>
    <NewTextValue>under and by virtue of the law of the</NewTextValue>
  </TextCorrectedLine>
  <TextCorrectedLine lineID="P2_TL00344">
    <OldTextValue>Bulte basin (Jacksou post office),</OldTextValue>
    <NewTextValue>Butte basin (Jackson post office),</NewTextValue>
  </TextCorrectedLine>
  <TextCorrectedLine lineID="P2_TL00347">
    <OldTextValue>Notice is bereby given that, at a</OldTextValue>
    <NewTextValue>Notice is hereby given that, at a</NewTextValue>
  </TextCorrectedLine>
  <TextCorrectedLine lineID="P2_TL00349">
    <OldTextValue>Directors ot tbe Jose Gulcb Mining</OldTextValue>
    <NewTextValue>Directors ot tbe Jose Gulch Mining</NewTextValue>
  </TextCorrectedLine>
  <TextCorrectedLine lineID="P2_TL00350">
    <OldTextValue>Company, held oo tbe Gth day of</OldTextValue>
    <NewTextValue>Company, held on the 6th day of</NewTextValue>
  </TextCorrectedLine>
  <TextCorrectedLine lineID="P2_TL00352">
    <OldTextValue>cents per share was levied ou the sub-</OldTextValue>
    <NewTextValue>cents per share was levied on the sub-</NewTextValue>
  </TextCorrectedLine>
  <TextCorrectedLine lineID="P2_TL00353">
    <OldTextValue>scribed capital stock of tbe above</OldTextValue>
    <NewTextValue>scribed capital stock of the above</NewTextValue>
  </TextCorrectedLine>
  <TextCorrectedLine lineID="P2_TL00354">
    <OldTextValue>named corporation, payablo ou or</OldTextValue>
    <NewTextValue>named corporation, payable on or</NewTextValue>
  </TextCorrectedLine>
  <TextCorrectedLine lineID="P2_TL00355">
    <OldTextValue>before the 10th day of June, IVO7, to</OldTextValue>
    <NewTextValue>before the 10th day of June, 1907, to</NewTextValue>
  </TextCorrectedLine>
  <TextCorrectedLine lineID="P2_TL00356">
    <OldTextValue>the secretary ot the said corpnrtiou,</OldTextValue>
    <NewTextValue>the secretary ot the said corportion,</NewTextValue>
  </TextCorrectedLine>
  <TextCorrectedLine lineID="P2_TL00357">
    <OldTextValue>J. V. Little, at Butte Basin, (Jacksou</OldTextValue>
    <NewTextValue>J. P. Little, at Butte Basin, (Jackson</NewTextValue>
  </TextCorrectedLine>
</TextCorrectedBlock>
<TextCorrectedBlock pageOID="AL19070517.1.2" blockID="P2_CB00023" userID="[redacted]">
  <TextCorrectedLine lineID="P2_TL00547">
    <OldTextValue>--, ':■'/-." UP-TO-DATE BUSINESS MEN.</OldTextValue>
    <NewTextValue>UP-TO-DATE BUSINESS MEN.</NewTextValue>
  </TextCorrectedLine>
  <TextCorrectedLine lineID="P2_TL00548">
    <OldTextValue>IeiINOCCHIO BROS.I</OldTextValue>
    <NewTextValue>GINOCCHIO BROS.</NewTextValue>
  </TextCorrectedLine>
  <TextCorrectedLine lineID="P2_TL00549">
    <OldTextValue>* ■■-'- tg-</OldTextValue>
    <NewTextValue></NewTextValue>
  </TextCorrectedLine>
  <TextCorrectedLine lineID="P2_TL00550">
    <OldTextValue>M~^ ■■ '■ ; ' ' "*" DEALERS IN</OldTextValue>
    <NewTextValue>DEALERS IN</NewTextValue>
  </TextCorrectedLine>
  <TextCorrectedLine lineID="P2_TL00551">
    <OldTextValue>j .£' General Merchandise l</OldTextValue>
    <NewTextValue>General Merchandise</NewTextValue>
  </TextCorrectedLine>
  <TextCorrectedLine lineID="P2_TL00552">
    <OldTextValue>3 q« Groceries, Furnishing Goods, Shoes,</OldTextValue>
    <NewTextValue>Groceries, Furnishing Goods, Shoes,</NewTextValue>
  </TextCorrectedLine>
  <TextCorrectedLine lineID="P2_TL00553">
    <OldTextValue>M i &amp; Boots, Paints, Oils, Varnishes, Mining If</OldTextValue>
    <NewTextValue>Boots, Paints, Oils, Varnishes, Mining</NewTextValue>
  </TextCorrectedLine>
  <TextCorrectedLine lineID="P2_TL00554">
    <OldTextValue>sf&lt; Supplies, Lumber, Hardware, Hay, M</OldTextValue>
    <NewTextValue>Supplies, Lumber, Hardware, Hay,</NewTextValue>
  </TextCorrectedLine>
  <TextCorrectedLine lineID="P2_TL00555">
    <OldTextValue>§$ Grain, etc., etc.</OldTextValue>
    <NewTextValue>Grain, etc., etc.</NewTextValue>
  </TextCorrectedLine>
  <TextCorrectedLine lineID="P2_TL00556">
    <OldTextValue>H Corner Main and Water St. 1</OldTextValue>
    <NewTextValue>Corner Main and Water St.</NewTextValue>
  </TextCorrectedLine>
  <TextCorrectedLine lineID="P2_TL00557">
    <OldTextValue>I jackson - - - California!</OldTextValue>
    <NewTextValue>Jackson - - - California</NewTextValue>
  </TextCorrectedLine>
  <TextCorrectedLine lineID="P2_TL00558">
    <OldTextValue>•••••••••••••••••••••••••••9W m 9999999999999999999</OldTextValue>
    <NewTextValue></NewTextValue>
  </TextCorrectedLine>
</TextCorrectedBlock>
<TextCorrectedBlock pageOID="AL19070517.1.2" blockID="P2_CB00023" userID="[redacted]">
  <TextCorrectedLine lineID="P2_TL00559">
    <OldTextValue>•j* mccall * y V rw • :</OldTextValue>
    <NewTextValue>McCALL</NewTextValue>
  </TextCorrectedLine>
  <TextCorrectedLine lineID="P2_TL00560">
    <OldTextValue>j^^l L. J. Glavmovich I</OldTextValue>
    <NewTextValue>L. J. Glavinovich</NewTextValue>
  </TextCorrectedLine>
  <TextCorrectedLine lineID="P2_TL00561">
    <OldTextValue>I LEADING GROCERY STORE \ ;^</OldTextValue>
    <NewTextValue>LEADING GROCERY STORE</NewTextValue>
  </TextCorrectedLine>
  <TextCorrectedLine lineID="P2_TL00562">
    <OldTextValue>• iJ&amp;R Groceries, Dry Goods, ♦ ' 2'-&lt;2 '-&lt;</OldTextValue>
    <NewTextValue>Groceries, Dry Goods,</NewTextValue>
  </TextCorrectedLine>
  <TextCorrectedLine lineID="P2_TL00563">
    <OldTextValue>• ~d Furnishing Goods, Boots, 4fc . ••</OldTextValue>
    <NewTextValue>Furnishing Goods, Boots,</NewTextValue>
  </TextCorrectedLine>
  <TextCorrectedLine lineID="P2_TL00564">
    <OldTextValue>• a Shoes, Toilet Articles, |B,|</OldTextValue>
    <NewTextValue>Shoes, Toilet Articles,</NewTextValue>
  </TextCorrectedLine>
  <TextCorrectedLine lineID="P2_TL00565">
    <OldTextValue>• | #■ Hardware, Miners' Sup- ?.*.;"</OldTextValue>
    <NewTextValue>Hardware, Miners' Sup-</NewTextValue>
  </TextCorrectedLine>
  <TextCorrectedLine lineID="P2_TL00566">
    <OldTextValue>l i &amp; plies, Hay, Grain, Etc. ?•£</OldTextValue>
    <NewTextValue>plies, Hay, Grain, Etc.</NewTextValue>
  </TextCorrectedLine>
  <TextCorrectedLine lineID="P2_TL00567">
    <OldTextValue>•• %\% \ -. ~ :'- ~* : ~ ; :—: — '■ . — '"'"'■" '■•'•!• !"'</OldTextValue>
    <NewTextValue></NewTextValue>
  </TextCorrectedLine>
  <TextCorrectedLine lineID="P2_TL00568">
    <OldTextValue>S Cor. Main &amp; Court Streets :-*: -* -'-— : -- v - '■'■ 2 "</OldTextValue>
    <NewTextValue>Cor. Main &amp; Court Streets</NewTextValue>
  </TextCorrectedLine>
  <TextCorrectedLine lineID="P2_TL00569">
    <OldTextValue>1 JACKSON, - ' — L * \ Ba Z aar Patter Ji:</OldTextValue>
    <NewTextValue>JACKSON, - - CAL.</NewTextValue>
  </TextCorrectedLine>
  <TextCorrectedLine lineID="P2_TL00570">
    <OldTextValue>v-'.tvjj. \Bazaar Patterns*</OldTextValue>
    <NewTextValue>McCALL Bazaar Patterns</NewTextValue>
  </TextCorrectedLine>
  <TextCorrectedLine lineID="P2_TL00571">
    <OldTextValue>•••••••••••••••••••••ww 99 * 9999 199999999999999Zl 99999999999999 Z</OldTextValue>
    <NewTextValue></NewTextValue>
  </TextCorrectedLine>
  <TextCorrectedLine lineID="P2_TL00572">
    <OldTextValue>♦♦♦♦♦•••♦♦♦♦♦♦»»»» &gt;&gt;&gt;MM&gt;MM • &lt; M M&gt;MO&lt;» &gt; &gt;</OldTextValue>
    <NewTextValue></NewTextValue>
  </TextCorrectedLine>
  <TextCorrectedLine lineID="P2_TL00573">
    <OldTextValue>I ; FINE ASSORTMENT OF — ,TEA AND COFFEE"; '</OldTextValue>
    <NewTextValue>FINE ASSORTMENT OF — TEA AND COFFEE</NewTextValue>
  </TextCorrectedLine>
  <TextCorrectedLine lineID="P2_TL00574">
    <OldTextValue>I CENTRAL GROCERY HOUSE i</OldTextValue>
    <NewTextValue>CENTRAL GROCERY HOUSE</NewTextValue>
  </TextCorrectedLine>
  <TextCorrectedLine lineID="P2_TL00575">
    <OldTextValue>1 1 . . ■ . . ... ... . .  . ; ..; . t i i~:</OldTextValue>
    <NewTextValue></NewTextValue>
  </TextCorrectedLine>
  <TextCorrectedLine lineID="P2_TL00576">
    <OldTextValue>j! 0. E. Olver &amp; Wm. J. Nettle, jr., Proprietors. iif</OldTextValue>
    <NewTextValue>C. E. Olver &amp; Wm. J. Nettle, jr., Proprietors.</NewTextValue>
  </TextCorrectedLine>
  <TextCorrectedLine lineID="P2_TL00577">
    <OldTextValue>* T?r, T T T '' ' ' ' i Si' ili^ ; ■ ' ' ' i! ' -</OldTextValue>
    <NewTextValue></NewTextValue>
  </TextCorrectedLine>
  <TextCorrectedLine lineID="P2_TL00578">
    <OldTextValue>!l Full Line — ' j!</OldTextValue>
    <NewTextValue>Full Line —</NewTextValue>
  </TextCorrectedLine>
  <TextCorrectedLine lineID="P2_TL00579">
    <OldTextValue>; ; Fresh Groceries, Fruits, Vegetables. : ;\\</OldTextValue>
    <NewTextValue>Fresh Groceries, Fruits, Vegetables.</NewTextValue>
  </TextCorrectedLine>
  <TextCorrectedLine lineID="P2_TL00580">
    <OldTextValue>; ; ' Fresh Fish every Thursday and Friday, j ;</OldTextValue>
    <NewTextValue>Fresh Fish every Thursday and Friday,</NewTextValue>
  </TextCorrectedLine>
  <TextCorrectedLine lineID="P2_TL00581">
    <OldTextValue>; ; North Main Street Jackson, Cal. ; ;</OldTextValue>
    <NewTextValue>North Main Street Jackson, Cal.</NewTextValue>
  </TextCorrectedLine>
  <TextCorrectedLine lineID="P2_TL00582">
    <OldTextValue>i -^T ■ — • ■ = '-—C'p</OldTextValue>
    <NewTextValue></NewTextValue>
  </TextCorrectedLine>
  <TextCorrectedLine lineID="P2_TL00586">
    <OldTextValue>. Netting an income of from 34 per cent to 6 per cent.</OldTextValue>
    <NewTextValue>Netting an income of from 34 per cent to 6 per cent.</NewTextValue>
  </TextCorrectedLine>
  <TextCorrectedLine lineID="P2_TL00588">
    <OldTextValue>fels Kohl Building, San Francisco.</OldTextValue>
    <NewTextValue>Kohl Building, San Francisco.</NewTextValue>
  </TextCorrectedLine>
  <TextCorrectedLine lineID="P2_TL00591">
    <OldTextValue>begs to iuform depositers that it has resumed business</OldTextValue>
    <NewTextValue>begs to inform depositers that it has resumed business</NewTextValue>
  </TextCorrectedLine>
  <TextCorrectedLine lineID="P2_TL00592">
    <OldTextValue>at its old headquarters , . v .. ■ ._.</OldTextValue>
    <NewTextValue>at its old headquarters</NewTextValue>
  </TextCorrectedLine>
  <TextCorrectedLine lineID="P2_TL00595">
    <OldTextValue>heretofore. : • .: :.'..-'</OldTextValue>
    <NewTextValue>heretofore.</NewTextValue>
  </TextCorrectedLine>
  <TextCorrectedLine lineID="P2_TL00600">
    <OldTextValue>&gt; ■■ '. • ■ ■■•■.■■•■</OldTextValue>
    <NewTextValue></NewTextValue>
  </TextCorrectedLine>
  <TextCorrectedLine lineID="P2_TL00603">
    <OldTextValue>_</OldTextValue>
    <NewTextValue></NewTextValue>
  </TextCorrectedLine>
</TextCorrectedBlock>
<TextCorrectedBlock pageOID="AL19070517.1.2" blockID="P2_CB00028" userID="[redacted]">
  <TextCorrectedLine lineID="P2_TL00623">
    <OldTextValue>and conside&gt;ir</OldTextValue>
    <NewTextValue>and consider</NewTextValue>
  </TextCorrectedLine>
  <TextCorrectedLine lineID="P2_TL00624">
    <OldTextValue>(SIX risk POMMEL</OldTextValue>
    <NewTextValue>THE FISH BRAND</NewTextValue>
  </TextCorrectedLine>
  <TextCorrectedLine lineID="P2_TL00625">
    <OldTextValue>'0?% BBAND^LICKER</OldTextValue>
    <NewTextValue>POMMEL SLICKER</NewTextValue>
  </TextCorrectedLine>
  <TextCorrectedLine lineID="P2_TL00626">
    <OldTextValue>itM^rflnSr** I^*^ tIKE . ALL</OldTextValue>
    <NewTextValue>LIKE  ALL</NewTextValue>
  </TextCorrectedLine>
  <TextCorrectedLine lineID="P2_TL00627">
    <OldTextValue>&lt;^L7m^^</OldTextValue>
    <NewTextValue>TOWERS</NewTextValue>
  </TextCorrectedLine>
  <TextCorrectedLine lineID="P2_TL00628">
    <OldTextValue>' / V »A^Q«r WATERPROOF</OldTextValue>
    <NewTextValue>WATERPROOF</NewTextValue>
  </TextCorrectedLine>
  <TextCorrectedLine lineID="P2_TL00629">
    <OldTextValue>J^jL^&amp;fl CLOTHING.</OldTextValue>
    <NewTextValue>CLOTHING.</NewTextValue>
  </TextCorrectedLine>
  <TextCorrectedLine lineID="P2_TL00630">
    <OldTextValue>X Is made oftheb«t</OldTextValue>
    <NewTextValue>is made of the best</NewTextValue>
  </TextCorrectedLine>
  <TextCorrectedLine lineID="P2_TL00631">
    <OldTextValue>IQI \1 malmahinbtickoo'ellcw</OldTextValue>
    <NewTextValue>materials, in black or yellow</NewTextValue>
  </TextCorrectedLine>
  <TextCorrectedLine lineID="P2_TL00632">
    <OldTextValue>■ lA _ )l/ult» r *4r l uit«i«&lt;isoH^</OldTextValue>
    <NewTextValue>fully guaranteed and sold by</NewTextValue>
  </TextCorrectedLine>
  <TextCorrectedLine lineID="P2_TL00633">
    <OldTextValue>•(OllEfr* \ / rdiaflfdMtawnywhtrc.</OldTextValue>
    <NewTextValue>reliable dealers everywhere</NewTextValue>
  </TextCorrectedLine>
  <TextCorrectedLine lineID="P2_TL00634">
    <OldTextValue>'^^Bm»i V " 7 STICKTOTHE</OldTextValue>
    <NewTextValue>Stick to the</NewTextValue>
  </TextCorrectedLine>
  <TextCorrectedLine lineID="P2_TL00635">
    <OldTextValue>£r^T v ' SIGN OFTHE FISH</OldTextValue>
    <NewTextValue>SIGN OF THE FISH</NewTextValue>
  </TextCorrectedLine>
</TextCorrectedBlock>
<TextCorrectedBlock pageOID="AL19070517.1.2" blockID="P2_CB00005" userID="[redacted]">
  <TextCorrectedLine lineID="P2_TL00322">
    <OldTextValue>J. p. LITTLE,</OldTextValue>
    <NewTextValue>J. P. LITTLE,</NewTextValue>
  </TextCorrectedLine>
</TextCorrectedBlock>
<TextCorrectedBlock pageOID="AL19070517.1.2" blockID="P2_CB00015" userID="[redacted]">
  <TextCorrectedLine lineID="P2_TL00492">
    <OldTextValue>Id tlio Superior Court ot tbe county</OldTextValue>
    <NewTextValue>In the Superior Court of the county</NewTextValue>
  </TextCorrectedLine>
  <TextCorrectedLine lineID="P2_TL00493">
    <OldTextValue>of Aiuador, state of California.</OldTextValue>
    <NewTextValue>of Amador, state of California.</NewTextValue>
  </TextCorrectedLine>
  <TextCorrectedLine lineID="P2_TL00494">
    <OldTextValue>Chailes M. Uelsbaw, Marietta Wal-</OldTextValue>
    <NewTextValue>Chailes M. Belshaw, Marietta Wal-</NewTextValue>
  </TextCorrectedLine>
  <TextCorrectedLine lineID="P2_TL00496">
    <OldTextValue>Morgan, plaintiffs, vs. liunkur Hill</OldTextValue>
    <NewTextValue>Morgan, plaintiffs, vs. Bunker Hill</NewTextValue>
  </TextCorrectedLine>
</TextCorrectedBlock>
<TextCorrectedBlock pageOID="AL19070517.1.3" blockID="P3_CB00001" userID="[redacted]">
  <TextCorrectedLine lineID="P3_TL01001">
    <OldTextValue>IS COMIN6</OldTextValue>
    <NewTextValue>IS COMING</NewTextValue>
  </TextCorrectedLine>
  <TextCorrectedLine lineID="P3_TL01007">
    <OldTextValue>Jackson* Cal.</OldTextValue>
    <NewTextValue>Jackson, Cal.</NewTextValue>
  </TextCorrectedLine>
</TextCorrectedBlock>
<TextCorrectedBlock pageOID="AL19070517.1.3" blockID="P3_CB00001" userID="[redacted]">
  <TextCorrectedLine lineID="P3_TL01003">
    <OldTextValue>Ruhser's Compound Extract of</OldTextValue>
    <NewTextValue>Rusher's Compound Extract of</NewTextValue>
  </TextCorrectedLine>
</TextCorrectedBlock>
<TextCorrectedBlock pageOID="AL19070517.1.3" blockID="P3_TB00032" userID="[redacted]">
  <TextCorrectedLine lineID="P3_TL00273">
    <OldTextValue>Ihe liro alarm boll rang out. its omin-</OldTextValue>
    <NewTextValue>the fire alarm bell rang out its omin-</NewTextValue>
  </TextCorrectedLine>
  <TextCorrectedLine lineID="P3_TL00274">
    <OldTextValue>ous sound, startling ail who heard lU</OldTextValue>
    <NewTextValue>ous sound, startling all who heard its</NewTextValue>
  </TextCorrectedLine>
  <TextCorrectedLine lineID="P3_TL00275">
    <OldTextValue>warning notes. Ouly a smali portion</OldTextValue>
    <NewTextValue>warning notes. Only a small portion</NewTextValue>
  </TextCorrectedLine>
  <TextCorrectedLine lineID="P3_TL00276">
    <OldTextValue>of tho peoplo hoard the sound, bow-</OldTextValue>
    <NewTextValue>of the people heard the sound, bow-</NewTextValue>
  </TextCorrectedLine>
  <TextCorrectedLine lineID="P3_TL00277">
    <OldTextValue>ever. Many of those ou Main street,</OldTextValue>
    <NewTextValue>ever. Many of those on Main street,</NewTextValue>
  </TextCorrectedLine>
  <TextCorrectedLine lineID="P3_TL00278">
    <OldTextValue>within two blocks ot tho tiro house,</OldTextValue>
    <NewTextValue>within two blocks of the fire house,</NewTextValue>
  </TextCorrectedLine>
  <TextCorrectedLine lineID="P3_TL00279">
    <OldTextValue>whore the bell is located, wero unable</OldTextValue>
    <NewTextValue>where the bell is located, were unable</NewTextValue>
  </TextCorrectedLine>
  <TextCorrectedLine lineID="P3_TL00280">
    <OldTextValue>to hear its peals of waruiug. Tho lire</OldTextValue>
    <NewTextValue>to hear its peals of warning. The fire</NewTextValue>
  </TextCorrectedLine>
  <TextCorrectedLine lineID="P3_TL00285">
    <OldTextValue>house, aud occupied as a sleepiug</OldTextValue>
    <NewTextValue>house, aud occupied as a sleeping</NewTextValue>
  </TextCorrectedLine>
  <TextCorrectedLine lineID="P3_TL00287">
    <OldTextValue>iug place. It was used for sleepiug</OldTextValue>
    <NewTextValue>ing place. It was used for sleeping</NewTextValue>
  </TextCorrectedLine>
  <TextCorrectedLine lineID="P3_TL00288">
    <OldTextValue>rooms exclusively, aud provided with</OldTextValue>
    <NewTextValue>rooms exclusively, and provided with</NewTextValue>
  </TextCorrectedLine>
</TextCorrectedBlock>
<TextCorrectedBlock pageOID="AL19070517.1.3" blockID="P3_TB00021" userID="[redacted]">
  <TextCorrectedLine lineID="P3_TL00162">
    <OldTextValue>Manutlla, the oldtrst. squnw in Iho</OldTextValue>
    <NewTextValue>Manuelia, the oldest squaw in the</NewTextValue>
  </TextCorrectedLine>
  <TextCorrectedLine lineID="P3_TL00163">
    <OldTextValue>two comities of Amador aud Cala-</OldTextValue>
    <NewTextValue>two counties of Amador aud Cala-</NewTextValue>
  </TextCorrectedLine>
  <TextCorrectedLine lineID="P3_TL00164">
    <OldTextValue>voraa, died ou Saturday morning last,</OldTextValue>
    <NewTextValue>veras, died on Saturday morning last,</NewTextValue>
  </TextCorrectedLine>
  <TextCorrectedLine lineID="P3_TL00165">
    <OldTextValue>about thruo o'clock, at Sau Andreas.</OldTextValue>
    <NewTextValue>about three o'clock, at San Andreas.</NewTextValue>
  </TextCorrectedLine>
  <TextCorrectedLine lineID="P3_TL00166">
    <OldTextValue>She belonged to tho Indian samp at</OldTextValue>
    <NewTextValue>She belonged to the Indian camp at</NewTextValue>
  </TextCorrectedLine>
  <TextCorrectedLine lineID="P3_TL00167">
    <OldTextValue>Scottsyille, this county, aud passed</OldTextValue>
    <NewTextValue>Scottsyille, this county, and passed</NewTextValue>
  </TextCorrectedLine>
  <TextCorrectedLine lineID="P3_TL00168">
    <OldTextValue>most of ber days In that neighborhood</OldTextValue>
    <NewTextValue>most of her days in that neighborhood</NewTextValue>
  </TextCorrectedLine>
  <TextCorrectedLine lineID="P3_TL00169">
    <OldTextValue>under the shadow of liutto mountain.</OldTextValue>
    <NewTextValue>under the shadow of Butte mountain.</NewTextValue>
  </TextCorrectedLine>
  <TextCorrectedLine lineID="P3_TL00170">
    <OldTextValue>Her exact ago is unknown, as is the</OldTextValue>
    <NewTextValue>Her exact age is unknown, as is the</NewTextValue>
  </TextCorrectedLine>
  <TextCorrectedLine lineID="P3_TL00171">
    <OldTextValue>oase with nearly all the aboriginal</OldTextValue>
    <NewTextValue>case with nearly all the aboriginal</NewTextValue>
  </TextCorrectedLine>
  <TextCorrectedLine lineID="P3_TL00172">
    <OldTextValue>inhabitants. They have no method ot</OldTextValue>
    <NewTextValue>inhabitants. They have no method of</NewTextValue>
  </TextCorrectedLine>
  <TextCorrectedLine lineID="P3_TL00173">
    <OldTextValue>keeping count beyona the limit of a</OldTextValue>
    <NewTextValue>keeping count beyond the limit of a</NewTextValue>
  </TextCorrectedLine>
  <TextCorrectedLine lineID="P3_TL00174">
    <OldTextValue>few moons. But it is gonerally con-</OldTextValue>
    <NewTextValue>few moons. But it is generally con-</NewTextValue>
  </TextCorrectedLine>
  <TextCorrectedLine lineID="P3_TL00175">
    <OldTextValue>ceded that the lite of the deceased</OldTextValue>
    <NewTextValue>ceded that the life of the deceased</NewTextValue>
  </TextCorrectedLine>
  <TextCorrectedLine lineID="P3_TL00177">
    <OldTextValue>collections roaciied back far .beyoij'l</OldTextValue>
    <NewTextValue>collections reached back far beyond</NewTextValue>
  </TextCorrectedLine>
  <TextCorrectedLine lineID="P3_TL00178">
    <OldTextValue>tbe first settlement of the white nra&gt;]</OldTextValue>
    <NewTextValue>the first settlement of the white man</NewTextValue>
  </TextCorrectedLine>
  <TextCorrectedLine lineID="P3_TL00180">
    <OldTextValue>advanced in middle ase wheu the liist</OldTextValue>
    <NewTextValue>advanced in middle age when the first</NewTextValue>
  </TextCorrectedLine>
  <TextCorrectedLine lineID="P3_TL00182">
    <OldTextValue>thoir quest of gold. With her passing</OldTextValue>
    <NewTextValue>their quest of gold. With her passing</NewTextValue>
  </TextCorrectedLine>
</TextCorrectedBlock>
<TextCorrectedBlock pageOID="AL19070517.1.3" blockID="P3_CB00003" userID="[redacted]">
  <TextCorrectedLine lineID="P3_TL01019">
    <OldTextValue>z^^^flousewife</OldTextValue>
    <NewTextValue>Any Housewife</NewTextValue>
  </TextCorrectedLine>
  <TextCorrectedLine lineID="P3_TL01020">
    <OldTextValue>Ij with the use of CLEVELAND'S SUPERIOR BAKING POWDER »</OldTextValue>
    <NewTextValue>with the use of CLEVELAND'S SUPERIOR BAKING POWDER</NewTextValue>
  </TextCorrectedLine>
  <TextCorrectedLine lineID="P3_TL01021">
    <OldTextValue>g can bake delicious, healthful food. The essential requirement for pure H</OldTextValue>
    <NewTextValue>can bake delicious, healthful food. The essential requirement for pure</NewTextValue>
  </TextCorrectedLine>
  <TextCorrectedLine lineID="P3_TL01022">
    <OldTextValue>I cookery is a pure Cream of Tartar baking powder. II</OldTextValue>
    <NewTextValue>cookery is a pure Cream of Tartar baking powder.</NewTextValue>
  </TextCorrectedLine>
  <TextCorrectedLine lineID="P3_TL01023">
    <OldTextValue>1 •-*&gt;...-• ;^fc The absolute punty and wholesomeness of the ingredients B:</OldTextValue>
    <NewTextValue>The absolute purity and wholesomeness of the ingredients</NewTextValue>
  </TextCorrectedLine>
  <TextCorrectedLine lineID="P3_TL01024">
    <OldTextValue>I £?===-===== of V ( ALAND'S insure the healthfulness and superior ?■</OldTextValue>
    <NewTextValue>of CLEVELAND'S insure the healthfulness and superior</NewTextValue>
  </TextCorrectedLine>
  <TextCorrectedLine lineID="P3_TL01025">
    <OldTextValue>Is^ »x-&gt;¥ *Tf quality of your food. You'can be sure of . : - *E</OldTextValue>
    <NewTextValue>quality of your food. You can be sure of</NewTextValue>
  </TextCorrectedLine>
  <TextCorrectedLine lineID="P3_TL01026">
    <OldTextValue>X O^ViK ** I cfSS^' * * * .■. ■ . ".- .' .■ . . ' •--'"-.."'►.. H</OldTextValue>
    <NewTextValue>CLEVELAND'S SUPERIOR BAKING POWDER</NewTextValue>
  </TextCorrectedLine>
  <TextCorrectedLine lineID="P3_TL01027">
    <OldTextValue>1 Made, from a supenor:grade of Pure. Cream of Tartar. 11</OldTextValue>
    <NewTextValue>Made, from a superior grade of Pure Cream of Tartar.</NewTextValue>
  </TextCorrectedLine>
</TextCorrectedBlock>
