<TextCorrectedBlock pageOID="AL19040902.1.2" blockID="P2_CB00001" userID="[redacted]">
  <TextCorrectedLine lineID="P2_TL00607">
    <OldTextValue>WealT</OldTextValue>
    <NewTextValue>Weak</NewTextValue>
  </TextCorrectedLine>
  <TextCorrectedLine lineID="P2_TL00609">
    <OldTextValue>Are due to indigestion. Ninety-nine cf every</OldTextValue>
    <NewTextValue>Are due to indigestion. Ninety-nine of every</NewTextValue>
  </TextCorrectedLine>
</TextCorrectedBlock>
<TextCorrectedBlock pageOID="AL19040902.1.2" blockID="P2_TB00005" userID="[redacted]">
  <TextCorrectedLine lineID="P2_TL00041">
    <OldTextValue>The San Franc'sco Chronicle of Mon-</OldTextValue>
    <NewTextValue>The San Francisco Chronicle of Mon-</NewTextValue>
  </TextCorrectedLine>
  <TextCorrectedLine lineID="P2_TL00042">
    <OldTextValue>day last contained an article, evideutly</OldTextValue>
    <NewTextValue>day last contained an article, evidently</NewTextValue>
  </TextCorrectedLine>
  <TextCorrectedLine lineID="P2_TL00049">
    <OldTextValue>the tenet* of anarchy among the for-</OldTextValue>
    <NewTextValue>the tenets of anarchy among the for-</NewTextValue>
  </TextCorrectedLine>
  <TextCorrectedLine lineID="P2_TL00050">
    <OldTextValue>eign boru population of this town. Tbe</OldTextValue>
    <NewTextValue>eign born population of this town. The</NewTextValue>
  </TextCorrectedLine>
  <TextCorrectedLine lineID="P2_TL00051">
    <OldTextValue>publication of »uch an article caau as a</OldTextValue>
    <NewTextValue>publication of »uch an article came as a</NewTextValue>
  </TextCorrectedLine>
  <TextCorrectedLine lineID="P2_TL00060">
    <OldTextValue>of t he story that is t ruo is that within</OldTextValue>
    <NewTextValue>of the story that is true is that within</NewTextValue>
  </TextCorrectedLine>
  <TextCorrectedLine lineID="P2_TL00067">
    <OldTextValue>immigration of foreigners of tbe crim-</OldTextValue>
    <NewTextValue>immigration of foreigners of the crim-</NewTextValue>
  </TextCorrectedLine>
  <TextCorrectedLine lineID="P2_TL00068">
    <OldTextValue>inal class, or persons imbued .with an-</OldTextValue>
    <NewTextValue>inal class, or persons imbued with an-</NewTextValue>
  </TextCorrectedLine>
  <TextCorrectedLine lineID="P2_TL00070">
    <OldTextValue>from this county by peace officers," and</OldTextValue>
    <NewTextValue>from this county by peace officers, and</NewTextValue>
  </TextCorrectedLine>
</TextCorrectedBlock>
<TextCorrectedBlock pageOID="AL19040902.1.2" blockID="P2_TB00009" userID="[redacted]">
  <TextCorrectedLine lineID="P2_TL00169">
    <OldTextValue>Wieczny vs. Thomas Bbyson-</OldTextValue>
    <NewTextValue>August Wieczny vs. Thomas Boyson-</NewTextValue>
  </TextCorrectedLine>
  <TextCorrectedLine lineID="P2_TL00171">
    <OldTextValue>continued until Sept. 17. .'.'... . . ...</OldTextValue>
    <NewTextValue>continued until Sept. 17.</NewTextValue>
  </TextCorrectedLine>
  <TextCorrectedLine lineID="P2_TL00172">
    <OldTextValue>■ Estate and. guardianship of Cleveland</OldTextValue>
    <NewTextValue>Estate and. guardianship of Cleveland</NewTextValue>
  </TextCorrectedLine>
  <TextCorrectedLine lineID="P2_TL00174">
    <OldTextValue>6um of $150 heretofore ordered, to be</OldTextValue>
    <NewTextValue>sum of $150 heretofore ordered, to be</NewTextValue>
  </TextCorrectedLine>
  <TextCorrectedLine lineID="P2_TL00177">
    <OldTextValue>to Mrs. N. T. Littletield thesumofs2s.</OldTextValue>
    <NewTextValue>to Mrs. N. T. Littletield the sum of $25</NewTextValue>
  </TextCorrectedLine>
  <TextCorrectedLine lineID="P2_TL00178">
    <OldTextValue>Estate of O!.;- W; Trotter—lnven-</OldTextValue>
    <NewTextValue>Estate of Chas W; Trotter—lnven-</NewTextValue>
  </TextCorrectedLine>
  <TextCorrectedLine lineID="P2_TL00180">
    <OldTextValue>appraised at $9000.- .. J*••'.'■</OldTextValue>
    <NewTextValue>appraised at $9000.</NewTextValue>
  </TextCorrectedLine>
  <TextCorrectedLine lineID="P2_TL00192">
    <OldTextValue>the oldest 10 years of' age. A. Catni-</OldTextValue>
    <NewTextValue>the oldest 10 years of' age. A. Cami-</NewTextValue>
  </TextCorrectedLine>
  <TextCorrectedLine lineID="P2_TL00193">
    <OldTextValue>net.ti, attorney.</OldTextValue>
    <NewTextValue>netti, attorney.</NewTextValue>
  </TextCorrectedLine>
</TextCorrectedBlock>
<TextCorrectedBlock pageOID="AL19040902.1.2" blockID="P2_CB00008" userID="[redacted]">
  <TextCorrectedLine lineID="P2_TL00724">
    <OldTextValue>Special Small Ads^y;</OldTextValue>
    <NewTextValue>Special Small Ads.</NewTextValue>
  </TextCorrectedLine>
  <TextCorrectedLine lineID="P2_TL00735">
    <OldTextValue>auspMtf WM. C. JOHNS, Jackson.</OldTextValue>
    <NewTextValue>WM. C. JOHNS, Jackson.</NewTextValue>
  </TextCorrectedLine>
  <TextCorrectedLine lineID="P2_TL00736">
    <OldTextValue>T7IOR SALE — Three 40-acre farms. 1 mile</OldTextValue>
    <NewTextValue>FOR SALE — Three 40-acre farms. 1 mile</NewTextValue>
  </TextCorrectedLine>
  <TextCorrectedLine lineID="P2_TL00739">
    <OldTextValue>IjlOR SALE- A 35 aero gravel mine; a tun-</OldTextValue>
    <NewTextValue>FOR SALE- A 35 acre gravel mine; a tun-</NewTextValue>
  </TextCorrectedLine>
  <TextCorrectedLine lineID="P2_TL00740">
    <OldTextValue>. nel proposition. Thorough inspection de-</OldTextValue>
    <NewTextValue>nel proposition. Thorough inspection de-</NewTextValue>
  </TextCorrectedLine>
  <TextCorrectedLine lineID="P2_TL00742">
    <OldTextValue>IT^OR SALE— IBO acres Of land within 5 miles</OldTextValue>
    <NewTextValue>FOR SALE— 160 acres Of land within 5 miles</NewTextValue>
  </TextCorrectedLine>
  <TextCorrectedLine lineID="P2_TL00743">
    <OldTextValue>j of Sutter Creek. Good spring; between</OldTextValue>
    <NewTextValue>of Sutter Creek. Good spring; between</NewTextValue>
  </TextCorrectedLine>
  <TextCorrectedLine lineID="P2_TL00784">
    <OldTextValue>TO MEN^^-</OldTextValue>
    <NewTextValue>TO MEN</NewTextValue>
  </TextCorrectedLine>
  <TextCorrectedLine lineID="P2_TL00787">
    <OldTextValue>and the cauSe (if known) of your trouble we</OldTextValue>
    <NewTextValue>and the cause (if known) of your trouble we</NewTextValue>
  </TextCorrectedLine>
  <TextCorrectedLine lineID="P2_TL00802">
    <OldTextValue>IS HEREBY GIVEN THAT AT</OldTextValue>
    <NewTextValue>NOTICE IS HEREBY GIVEN THAT AT</NewTextValue>
  </TextCorrectedLine>
  <TextCorrectedLine lineID="P2_TL00803">
    <OldTextValue>J3| a regular meeting of the Board of Direct-</OldTextValue>
    <NewTextValue>a regular meeting of the Board of Direct-</NewTextValue>
  </TextCorrectedLine>
</TextCorrectedBlock>
<TextCorrectedBlock pageOID="AL19040902.1.2" blockID="P2_CB00005" userID="[redacted]">
  <TextCorrectedLine lineID="P2_TL00678">
    <OldTextValue>1 General Merchandise |</OldTextValue>
    <NewTextValue>General Merchandise</NewTextValue>
  </TextCorrectedLine>
  <TextCorrectedLine lineID="P2_TL00679">
    <OldTextValue>H Groceries, Furnishing Goods, ' Shoes, M</OldTextValue>
    <NewTextValue>Groceries, Furnishing Goods,  Shoes,</NewTextValue>
  </TextCorrectedLine>
  <TextCorrectedLine lineID="P2_TL00680">
    <OldTextValue>II S§SS Boots, Paints, Oils, Varnishes, Mining H?</OldTextValue>
    <NewTextValue>Boots, Paints, Oils, Varnishes, Mining</NewTextValue>
  </TextCorrectedLine>
  <TextCorrectedLine lineID="P2_TL00681">
    <OldTextValue>H ff\ Supplies, Lumber, Hardware, Hay, gf</OldTextValue>
    <NewTextValue>Supplies, Lumber, Hardware, Hay,</NewTextValue>
  </TextCorrectedLine>
  <TextCorrectedLine lineID="P2_TL00682">
    <OldTextValue>*§| ; Grain, etc., etc. |||</OldTextValue>
    <NewTextValue>Grain, etc., etc.</NewTextValue>
  </TextCorrectedLine>
  <TextCorrectedLine lineID="P2_TL00683">
    <OldTextValue>% Corner Main and Water St. ft</OldTextValue>
    <NewTextValue>Corner Main and Water St.</NewTextValue>
  </TextCorrectedLine>
</TextCorrectedBlock>
<TextCorrectedBlock pageOID="AL19040902.1.2" blockID="P2_CB00007" userID="[redacted]">
  <TextCorrectedLine lineID="P2_TL00711">
    <OldTextValue>••••••••••••••••••••••••••••••••••••••••••••••••••••a</OldTextValue>
    <NewTextValue></NewTextValue>
  </TextCorrectedLine>
  <TextCorrectedLine lineID="P2_TL00712">
    <OldTextValue>• * McCALL T T r&gt;l • • 1 2</OldTextValue>
    <NewTextValue>McCall Bazaar Patterns</NewTextValue>
  </TextCorrectedLine>
  <TextCorrectedLine lineID="P2_TL00713">
    <OldTextValue>I Baa, Patter,, L J. GlaVlllOVlCll I</OldTextValue>
    <NewTextValue>L. J. Glavinovich</NewTextValue>
  </TextCorrectedLine>
  <TextCorrectedLine lineID="P2_TL00714">
    <OldTextValue>5 LEADING GROCERY STORE j</OldTextValue>
    <NewTextValue>LEADING GROCERY STORE</NewTextValue>
  </TextCorrectedLine>
  <TextCorrectedLine lineID="P2_TL00715">
    <OldTextValue>• ?^^ Groceries, Dry Goods, •</OldTextValue>
    <NewTextValue>Groceries, Dry Goods,</NewTextValue>
  </TextCorrectedLine>
  <TextCorrectedLine lineID="P2_TL00716">
    <OldTextValue>JoJ o Furnishing Goods, Boots, % •</OldTextValue>
    <NewTextValue>Furnishing Goods, Boots,</NewTextValue>
  </TextCorrectedLine>
  <TextCorrectedLine lineID="P2_TL00717">
    <OldTextValue>5 a Shoes, Toilet Articles, •</OldTextValue>
    <NewTextValue>Shoes, Toilet Articles,</NewTextValue>
  </TextCorrectedLine>
  <TextCorrectedLine lineID="P2_TL00718">
    <OldTextValue>• c % Hardware, Miners' Sup- •</OldTextValue>
    <NewTextValue>Hardware, Miners' Sup-</NewTextValue>
  </TextCorrectedLine>
  <TextCorrectedLine lineID="P2_TL00719">
    <OldTextValue>• 1 plies, Hay, Grain, Etc. •</OldTextValue>
    <NewTextValue>plies, Hay, Grain, Etc. •</NewTextValue>
  </TextCorrectedLine>
  <TextCorrectedLine lineID="P2_TL00720">
    <OldTextValue>• _ . : »</OldTextValue>
    <NewTextValue></NewTextValue>
  </TextCorrectedLine>
  <TextCorrectedLine lineID="P2_TL00721">
    <OldTextValue>S Cor. Main &amp; Court Streets g</OldTextValue>
    <NewTextValue>S Cor. Main &amp; Court Streets</NewTextValue>
  </TextCorrectedLine>
</TextCorrectedBlock>
<TextCorrectedBlock pageOID="AL19040902.1.2" blockID="P2_CB00012" userID="[redacted]">
  <TextCorrectedLine lineID="P2_TL01003">
    <OldTextValue>I It Costs Money to Make Steam g</OldTextValue>
    <NewTextValue>It Costs Money to Make Steam   -Save Money by Using</NewTextValue>
  </TextCorrectedLine>
  <TextCorrectedLine lineID="P2_TL01004">
    <OldTextValue>ID iVicDearrnon &amp; Cos. Asbestos Goods. jm</OldTextValue>
    <NewTextValue>McDearmon &amp; Cos. Asbestos Goods.</NewTextValue>
  </TextCorrectedLine>
  <TextCorrectedLine lineID="P2_TL01005">
    <OldTextValue>wn Such as Boiler \(- Pipe Coverinys, Maguegia Coverings, Fire-Proof- x^ j</OldTextValue>
    <NewTextValue>Such as Boiler &amp; Pipe Coverings, Maguegia Coverings, Fire-Proof- x^ j</NewTextValue>
  </TextCorrectedLine>
  <TextCorrectedLine lineID="P2_TL01006">
    <OldTextValue>e?3 ing Materials, Cold Storage Insulation, Brine &lt;f- Ammonia Cvc- |§5</OldTextValue>
    <NewTextValue>ing Materials, Cold Storage Insulation, Brine &amp; Ammonia Cov</NewTextValue>
  </TextCorrectedLine>
  <TextCorrectedLine lineID="P2_TL01007">
    <OldTextValue>Wj] erings, Packings it GasJcets, Kiyslone Building A- Deadening Felts. 133</OldTextValue>
    <NewTextValue>erings, Packings &amp; Gaskets, Keystone Building &amp;- Deadening Felts. 133</NewTextValue>
  </TextCorrectedLine>
  <TextCorrectedLine lineID="P2_TL01008">
    <OldTextValue>H^ CATALOGUE, ESTIMATES &amp; SAMPLES ON APPLICATION.</OldTextValue>
    <NewTextValue>CATALOGUE, ESTIMATES &amp; SAMPLES ON APPLICATION.</NewTextValue>
  </TextCorrectedLine>
  <TextCorrectedLine lineID="P2_TL01009">
    <OldTextValue>|H Garbarini Bros., Agents • • Jackson,- Cal. M</OldTextValue>
    <NewTextValue>Garbarini Bros., Agents • • Jackson,- Cal.</NewTextValue>
  </TextCorrectedLine>
</TextCorrectedBlock>
<TextCorrectedBlock pageOID="AL19040902.1.3" blockID="P3_TB00088" userID="[redacted]">
  <TextCorrectedLine lineID="P3_TL00850">
    <OldTextValue>Men's clothing sale on Saturday at</OldTextValue>
    <NewTextValue>Men's clothing sale on Saturday at Redlick's.</NewTextValue>
  </TextCorrectedLine>
  <TextCorrectedLine lineID="P3_TL00854">
    <OldTextValue>md stilTis toe best. ■ .</OldTextValue>
    <NewTextValue>and still is the best.</NewTextValue>
  </TextCorrectedLine>
  <TextCorrectedLine lineID="P3_TL00855">
    <OldTextValue>I Judge* Rust left for San Francisco</OldTextValue>
    <NewTextValue>Judge Rust left for San Francisco</NewTextValue>
  </TextCorrectedLine>
  <TextCorrectedLine lineID="P3_TL00856">
    <OldTextValue>ast Sunday for a vacation.</OldTextValue>
    <NewTextValue>last Sunday for a vacation.</NewTextValue>
  </TextCorrectedLine>
  <TextCorrectedLine lineID="P3_TL00860">
    <OldTextValue>Potter's-tbe Plymouth undertaker.</OldTextValue>
    <NewTextValue>Potter's the Plymouth undertaker.</NewTextValue>
  </TextCorrectedLine>
  <TextCorrectedLine lineID="P3_TL00862">
    <OldTextValue>Vsliev.- 9 .'. the "Pearl of Perfection."</OldTextValue>
    <NewTextValue>Valley," the "Pearl of Perfection."</NewTextValue>
  </TextCorrectedLine>
</TextCorrectedBlock>
<TextCorrectedBlock pageOID="AL19040902.1.3" blockID="P3_TB00024" userID="[redacted]">
  <TextCorrectedLine lineID="P3_TL00183">
    <OldTextValue>Had Never Seen Her Father U Fifty</OldTextValue>
    <NewTextValue>Had Never Seen Her Father in Fifty</NewTextValue>
  </TextCorrectedLine>
  <TextCorrectedLine lineID="P3_TL00184">
    <OldTextValue>Tears</OldTextValue>
    <NewTextValue>Years</NewTextValue>
  </TextCorrectedLine>
</TextCorrectedBlock>
<TextCorrectedBlock pageOID="AL19040902.1.3" blockID="P3_TB00046" userID="[redacted]">
  <TextCorrectedLine lineID="P3_TL00432">
    <OldTextValue>Atnador county, but now living at</OldTextValue>
    <NewTextValue>Amador county, but now living at</NewTextValue>
  </TextCorrectedLine>
  <TextCorrectedLine lineID="P3_TL00433">
    <OldTextValue>Clements, in San Joacjuin county. The</OldTextValue>
    <NewTextValue>Clements, in San Joaquin county. The</NewTextValue>
  </TextCorrectedLine>
  <TextCorrectedLine lineID="P3_TL00434">
    <OldTextValue>principal object of hor visit frptn the</OldTextValue>
    <NewTextValue>principal object of her visit from the</NewTextValue>
  </TextCorrectedLine>
  <TextCorrectedLine lineID="P3_TL00437">
    <OldTextValue>years old. Mrs. Magpqn was born in</OldTextValue>
    <NewTextValue>years old. Mrs. Magoon was born in</NewTextValue>
  </TextCorrectedLine>
  <TextCorrectedLine lineID="P3_TL00440">
    <OldTextValue>forma on July -15 of this year. Her</OldTextValue>
    <NewTextValue>fornia on July -15 of this year. Her</NewTextValue>
  </TextCorrectedLine>
  <TextCorrectedLine lineID="P3_TL00444">
    <OldTextValue>this sketch, then an infant of %\ years,</OldTextValue>
    <NewTextValue>this sketch, then an infant of 2 1/2 years,</NewTextValue>
  </TextCorrectedLine>
</TextCorrectedBlock>
<TextCorrectedBlock pageOID="AL19040902.1.3" blockID="P3_TB00046" userID="[redacted]">
  <TextCorrectedLine lineID="P3_TL00439">
    <OldTextValue>until she met him on this visit to Cali- &lt;</OldTextValue>
    <NewTextValue>until she met him on this visit to Cali-</NewTextValue>
  </TextCorrectedLine>
  <TextCorrectedLine lineID="P3_TL00440">
    <OldTextValue>fornia on July -15 of this year. Her</OldTextValue>
    <NewTextValue>fornia on July 15 of this year. Her</NewTextValue>
  </TextCorrectedLine>
</TextCorrectedBlock>
<TextCorrectedBlock pageOID="AL19040902.1.1" blockID="P1_CB00006" userID="[redacted]">
  <TextCorrectedLine lineID="P1_TL00892">
    <OldTextValue>TAUUK &amp; TAHOK</OldTextValue>
    <NewTextValue>TABOR &amp; TABOR</NewTextValue>
  </TextCorrectedLine>
  <TextCorrectedLine lineID="P1_TL00893">
    <OldTextValue>**i ■■ ' '-'-■; '% ' * ' '■'</OldTextValue>
    <NewTextValue></NewTextValue>
  </TextCorrectedLine>
  <TextCorrectedLine lineID="P1_TL00895">
    <OldTextValue>Stoll Building, Sachamento, Cau</OldTextValue>
    <NewTextValue>Stoll Building, Sachamento, Cal</NewTextValue>
  </TextCorrectedLine>
  <TextCorrectedLine lineID="P1_TL00896">
    <OldTextValue>Special attention given to applications /or</OldTextValue>
    <NewTextValue>Special attention given to applications for</NewTextValue>
  </TextCorrectedLine>
  <TextCorrectedLine lineID="P1_TL00899">
    <OldTextValue>"P|" • B. SI'AUNOLI</OldTextValue>
    <NewTextValue>D. B. SPAGNOLI</NewTextValue>
  </TextCorrectedLine>
  <TextCorrectedLine lineID="P1_TL00900">
    <OldTextValue>-'" Attorney ami Ciiuuselur at Law</OldTextValue>
    <NewTextValue>Attorney and Counselor at Law</NewTextValue>
  </TextCorrectedLine>
  <TextCorrectedLine lineID="P1_TL00901">
    <OldTextValue>; Jackson. Cal.</OldTextValue>
    <NewTextValue>Jackson. Cal.</NewTextValue>
  </TextCorrectedLine>
  <TextCorrectedLine lineID="P1_TL00903">
    <OldTextValue>Office: Spagnoli building, opposite H»H il</OldTextValue>
    <NewTextValue>Office: Spagnoli building, opposite Hall of</NewTextValue>
  </TextCorrectedLine>
  <TextCorrectedLine lineID="P1_TL00905">
    <OldTextValue>T W. CALDWF.U,</OldTextValue>
    <NewTextValue>J. W. CALDWELL</NewTextValue>
  </TextCorrectedLine>
  <TextCorrectedLine lineID="P1_TL00908">
    <OldTextValue>TOHX K. UAVIS</OldTextValue>
    <NewTextValue>JOHN F. DAVIS</NewTextValue>
  </TextCorrectedLine>
  <TextCorrectedLine lineID="P1_TL00909">
    <OldTextValue>*l '9■■ .' - ■■' ■: - •</OldTextValue>
    <NewTextValue></NewTextValue>
  </TextCorrectedLine>
  <TextCorrectedLine lineID="P1_TL00913">
    <OldTextValue>rriLUA C'LOUGII</OldTextValue>
    <NewTextValue>HILDA CLOUGH</NewTextValue>
  </TextCorrectedLine>
  <TextCorrectedLine lineID="P1_TL00914">
    <OldTextValue>Stenographer Mtul Notary I'ulilir</OldTextValue>
    <NewTextValue>Stenographer and Notary Public</NewTextValue>
  </TextCorrectedLine>
  <TextCorrectedLine lineID="P1_TL00916">
    <OldTextValue>'.'fflce, Judge Davis' law offices. Summit Street</OldTextValue>
    <NewTextValue>Office, Judge Davis' law offices. Summit Street</NewTextValue>
  </TextCorrectedLine>
  <TextCorrectedLine lineID="P1_TL00917">
    <OldTextValue>■ ■ DOCTORS.</OldTextValue>
    <NewTextValue>DOCTORS.</NewTextValue>
  </TextCorrectedLine>
  <TextCorrectedLine lineID="P1_TL00918">
    <OldTextValue>171 K. ESUICOTT,. AI.'VD.* 1 /;;</OldTextValue>
    <NewTextValue>E. E. ENDICOTT, M. D.</NewTextValue>
  </TextCorrectedLine>
  <TextCorrectedLine lineID="P1_TL00920">
    <OldTextValue>Jackson, Cal. .</OldTextValue>
    <NewTextValue>Jackson, Cal.</NewTextValue>
  </TextCorrectedLine>
  <TextCorrectedLine lineID="P1_TL00923">
    <OldTextValue>r~\R. K. V. TIFFANY</OldTextValue>
    <NewTextValue>DR. E. V. TIFFANY</NewTextValue>
  </TextCorrectedLine>
  <TextCorrectedLine lineID="P1_TL00924">
    <OldTextValue>l"lij«i« iun and Surgeon</OldTextValue>
    <NewTextValue>Physician and Surgeon</NewTextValue>
  </TextCorrectedLine>
</TextCorrectedBlock>
<TextCorrectedBlock pageOID="AL19040902.1.1" blockID="P1_CB00006" userID="[redacted]">
  <TextCorrectedLine lineID="P1_TL00929">
    <OldTextValue>T^R.Y. K. PHILLIPS</OldTextValue>
    <NewTextValue>DR. L. E. PHILLIPS</NewTextValue>
  </TextCorrectedLine>
  <TextCorrectedLine lineID="P1_TL00930">
    <OldTextValue>Physician anil surgeou</OldTextValue>
    <NewTextValue>Physician and surgeon</NewTextValue>
  </TextCorrectedLine>
  <TextCorrectedLine lineID="P1_TL00932">
    <OldTextValue>OrricE— Wetf &amp; Renno Building. Residence,</OldTextValue>
    <NewTextValue>Office— Weil &amp; Renno Building. Residence,</NewTextValue>
  </TextCorrectedLine>
  <TextCorrectedLine lineID="P1_TL00934">
    <OldTextValue>Telephone No. -Ml.</OldTextValue>
    <NewTextValue>Telephone No. 401.</NewTextValue>
  </TextCorrectedLine>
  <TextCorrectedLine lineID="P1_TL00935">
    <OldTextValue>l^vui A.. M. GALL</OldTextValue>
    <NewTextValue>DR. A.. M. GALL</NewTextValue>
  </TextCorrectedLine>
  <TextCorrectedLine lineID="P1_TL00936">
    <OldTextValue>Physician ami Suigeun</OldTextValue>
    <NewTextValue>Physician and Surgeon</NewTextValue>
  </TextCorrectedLine>
  <TextCorrectedLine lineID="P1_TL00939">
    <OldTextValue>J )R. E. V. LONIGO</OldTextValue>
    <NewTextValue>DR. E. V. LONIGO</NewTextValue>
  </TextCorrectedLine>
  <TextCorrectedLine lineID="P1_TL00940">
    <OldTextValue>■ [From the Medical School of florence (Italy}</OldTextValue>
    <NewTextValue>[From the Medical School of Florence (Italy)</NewTextValue>
  </TextCorrectedLine>
  <TextCorrectedLine lineID="P1_TL00942">
    <OldTextValue>ment University of the Slate of California,</OldTextValue>
    <NewTextValue>ment University of the State of California,</NewTextValue>
  </TextCorrectedLine>
  <TextCorrectedLine lineID="P1_TL00943">
    <OldTextValue>undex-Surgeon to the City Receiving Hospi-</OldTextValue>
    <NewTextValue>and ex-Surgeon to the City Receiving Hospi-</NewTextValue>
  </TextCorrectedLine>
  <TextCorrectedLine lineID="P1_TL00945">
    <OldTextValue>yt-u that he has opened his offlce iv the town</OldTextValue>
    <NewTextValue>you that he has opened his offlce in the town</NewTextValue>
  </TextCorrectedLine>
  <TextCorrectedLine lineID="P1_TL00947">
    <OldTextValue>ertson's ofnee, where all who call will be an-</OldTextValue>
    <NewTextValue>ertson's office, where all who call will be an-</NewTextValue>
  </TextCorrectedLine>
  <TextCorrectedLine lineID="P1_TL00948">
    <OldTextValue>swered day and night . -</OldTextValue>
    <NewTextValue>swered day and night .</NewTextValue>
  </TextCorrectedLine>
  <TextCorrectedLine lineID="P1_TL00949">
    <OldTextValue>«. J-jniral Surgery &amp; Obstetrical attendance his</OldTextValue>
    <NewTextValue>General Surgery &amp; Obstetrical attendance his</NewTextValue>
  </TextCorrectedLine>
  <TextCorrectedLine lineID="P1_TL00950">
    <OldTextValue>specialties. Telephone No. 467. ■</OldTextValue>
    <NewTextValue>specialties. Telephone No. 467.</NewTextValue>
  </TextCorrectedLine>
</TextCorrectedBlock>
<TextCorrectedBlock pageOID="AL19040902.1.1" blockID="P1_CB00006" userID="[redacted]">
  <TextCorrectedLine lineID="P1_TL00951">
    <OldTextValue>|\B.J. H. O'COX.NOH</OldTextValue>
    <NewTextValue>DR. .J. H. O'CONNOR</NewTextValue>
  </TextCorrectedLine>
  <TextCorrectedLine lineID="P1_TL00952">
    <OldTextValue>Physician aud Surgeon</OldTextValue>
    <NewTextValue>Physician and Surgeon</NewTextValue>
  </TextCorrectedLine>
  <TextCorrectedLine lineID="P1_TL00953">
    <OldTextValue>Formerly of Roosevolt Hospital and Vander-</OldTextValue>
    <NewTextValue>Formerly of Roosevelt Hospital and Vander-</NewTextValue>
  </TextCorrectedLine>
  <TextCorrectedLine lineID="P1_TL00954">
    <OldTextValue>l ill Clinic, New York City.</OldTextValue>
    <NewTextValue>bilt Clinic, New York City.</NewTextValue>
  </TextCorrectedLine>
  <TextCorrectedLine lineID="P1_TL00955">
    <OldTextValue>1 Mtlce and residence opposite the Methodist</OldTextValue>
    <NewTextValue>Office and residence opposite the Methodist Church.</NewTextValue>
  </TextCorrectedLine>
  <TextCorrectedLine lineID="P1_TL00958">
    <OldTextValue>I \K. C. A. HEKRICK</OldTextValue>
    <NewTextValue>DR. C. A. HERRICK</NewTextValue>
  </TextCorrectedLine>
  <TextCorrectedLine lineID="P1_TL00959">
    <OldTextValue>; .; ; . DENTIST</OldTextValue>
    <NewTextValue>DENTIST</NewTextValue>
  </TextCorrectedLine>
</TextCorrectedBlock>
<TextCorrectedBlock pageOID="AL19040902.1.1" blockID="P1_CB00006" userID="[redacted]">
  <TextCorrectedLine lineID="P1_TL00978">
    <OldTextValue>WATCHES, CLOCKS JEWELRY^</OldTextValue>
    <NewTextValue>AMERICAN WATCHES, CLOCKS JEWELRY</NewTextValue>
  </TextCorrectedLine>
  <TextCorrectedLine lineID="P1_TL00980">
    <OldTextValue>*</OldTextValue>
    <NewTextValue></NewTextValue>
  </TextCorrectedLine>
  <TextCorrectedLine lineID="P1_TL00981">
    <OldTextValue>tt All goods warranted as represented</OldTextValue>
    <NewTextValue>All goods warranted as represented</NewTextValue>
  </TextCorrectedLine>
  <TextCorrectedLine lineID="P1_TL00982">
    <OldTextValue>R 'l'-ililng of watches. Clocks and jewelry a</OldTextValue>
    <NewTextValue>Repairing of watches, Clocks and jewelry a</NewTextValue>
  </TextCorrectedLine>
  <TextCorrectedLine lineID="P1_TL00985">
    <OldTextValue>/•a -*• a lb.)</OldTextValue>
    <NewTextValue>2 c a lb.</NewTextValue>
  </TextCorrectedLine>
  <TextCorrectedLine lineID="P1_TL01005">
    <OldTextValue>SMITHS' CASH STORF, Inc. B</OldTextValue>
    <NewTextValue>SMITHS' CASH STORE, Inc.</NewTextValue>
  </TextCorrectedLine>
  <TextCorrectedLine lineID="P1_TL01006">
    <OldTextValue>■-•5 Market Street. BAN FRANCISCO U</OldTextValue>
    <NewTextValue>25 Market Street. SAN FRANCISCO</NewTextValue>
  </TextCorrectedLine>
</TextCorrectedBlock>
<TextCorrectedBlock pageOID="AL19040902.1.1" blockID="P1_CB00005" userID="[redacted]">
  <TextCorrectedLine lineID="P1_TL00821">
    <OldTextValue>CAMPANELLI k OBERT</OldTextValue>
    <NewTextValue>CAMPANELLI &amp; OBERT</NewTextValue>
  </TextCorrectedLine>
  <TextCorrectedLine lineID="P1_TL00822">
    <OldTextValue>\i— DEALERB IN</OldTextValue>
    <NewTextValue>DEALERS IN</NewTextValue>
  </TextCorrectedLine>
  <TextCorrectedLine lineID="P1_TL00831">
    <OldTextValue>, us a call and we will treat you right,</OldTextValue>
    <NewTextValue>us a call and we will treat you right,</NewTextValue>
  </TextCorrectedLine>
  <TextCorrectedLine lineID="P1_TL00832">
    <OldTextValue>PALCMHA - - - - CAL.</OldTextValue>
    <NewTextValue>PALOMA - - - - CAL.</NewTextValue>
  </TextCorrectedLine>
  <TextCorrectedLine lineID="P1_TL00835">
    <OldTextValue>_jj MAIN BTEEET, JACKSOfI JK</OldTextValue>
    <NewTextValue>MAIN STREET, JACKSON</NewTextValue>
  </TextCorrectedLine>
  <TextCorrectedLine lineID="P1_TL00836">
    <OldTextValue>&lt;f] WEAB NATIONAL HOTEL f^"</OldTextValue>
    <NewTextValue>NEAR NATIONAL HOTEL</NewTextValue>
  </TextCorrectedLine>
  <TextCorrectedLine lineID="P1_TL00838">
    <OldTextValue>Stumbling, Over-reaohlng. Cross- Firing. Quar-</OldTextValue>
    <NewTextValue>Stumbling, Over-reaching. Cross- Firing. Quar-</NewTextValue>
  </TextCorrectedLine>
  <TextCorrectedLine lineID="P1_TL00842">
    <OldTextValue>«*- Agents for Buggies, Carts and other</OldTextValue>
    <NewTextValue>Agents for Buggies, Carts and other</NewTextValue>
  </TextCorrectedLine>
  <TextCorrectedLine lineID="P1_TL00843">
    <OldTextValue>vehicles at lowest prices. -</OldTextValue>
    <NewTextValue>vehicles at lowest prices.</NewTextValue>
  </TextCorrectedLine>
  <TextCorrectedLine lineID="P1_TL00845">
    <OldTextValue>CHARGES SEASONABLE.</OldTextValue>
    <NewTextValue>CHARGES REASONABLE.</NewTextValue>
  </TextCorrectedLine>
</TextCorrectedBlock>
<TextCorrectedBlock pageOID="AL19040902.1.1" blockID="P1_CB00005" userID="[redacted]">
  <TextCorrectedLine lineID="P1_TL00846">
    <OldTextValue>janl-tf TELEPHONE 401.</OldTextValue>
    <NewTextValue>jan1-tf      TELEPHONE 401.</NewTextValue>
  </TextCorrectedLine>
  <TextCorrectedLine lineID="P1_TL00847">
    <OldTextValue>Fine Sample Commercial</OldTextValue>
    <NewTextValue>Fine Sample        Commercial</NewTextValue>
  </TextCorrectedLine>
  <TextCorrectedLine lineID="P1_TL00848">
    <OldTextValue>Room 9. Travelers Rouse</OldTextValue>
    <NewTextValue>Rooms.               Travelers House</NewTextValue>
  </TextCorrectedLine>
  <TextCorrectedLine lineID="P1_TL00850">
    <OldTextValue>. -S.J.P^ce, Proprietor-</OldTextValue>
    <NewTextValue>S.J. Piece, Proprietor-</NewTextValue>
  </TextCorrectedLine>
  <TextCorrectedLine lineID="P1_TL00852">
    <OldTextValue>I. y- « j</OldTextValue>
    <NewTextValue></NewTextValue>
  </TextCorrectedLine>
  <TextCorrectedLine lineID="P1_TL00855">
    <OldTextValue>f ■ ' ■'■■ *</OldTextValue>
    <NewTextValue></NewTextValue>
  </TextCorrectedLine>
  <TextCorrectedLine lineID="P1_TL00858">
    <OldTextValue>choioest Wines, Liquors and Cigars.</OldTextValue>
    <NewTextValue>choicest Wines, Liquors and Cigars.</NewTextValue>
  </TextCorrectedLine>
  <TextCorrectedLine lineID="P1_TL00859">
    <OldTextValue>fl2 RATES REASONABLE.</OldTextValue>
    <NewTextValue>f12        RATES REASONABLE.</NewTextValue>
  </TextCorrectedLine>
  <TextCorrectedLine lineID="P1_TL00860">
    <OldTextValue>-</OldTextValue>
    <NewTextValue></NewTextValue>
  </TextCorrectedLine>
  <TextCorrectedLine lineID="P1_TL00861">
    <OldTextValue>— - .</OldTextValue>
    <NewTextValue></NewTextValue>
  </TextCorrectedLine>
  <TextCorrectedLine lineID="P1_TL00862">
    <OldTextValue>eSjf Union Stables</OldTextValue>
    <NewTextValue>Union Stables</NewTextValue>
  </TextCorrectedLine>
  <TextCorrectedLine lineID="P1_TL00863">
    <OldTextValue>» llVjfilV under Webb Hall *</OldTextValue>
    <NewTextValue>under Webb Hall</NewTextValue>
  </TextCorrectedLine>
  <TextCorrectedLine lineID="P1_TL00864">
    <OldTextValue>MAIN STREET - - JACKSON, CALV</OldTextValue>
    <NewTextValue>MAIN STREET - - JACKSON, CAL</NewTextValue>
  </TextCorrectedLine>
  <TextCorrectedLine lineID="P1_TL00865">
    <OldTextValue>• ~-rM. NEWMAN. Prop.</OldTextValue>
    <NewTextValue>M. NEWMAN. Prop.</NewTextValue>
  </TextCorrectedLine>
  <TextCorrectedLine lineID="P1_TL00866">
    <OldTextValue>The Stable equipped with Brst-ciass stock</OldTextValue>
    <NewTextValue>The Stable equipped with first-class stock</NewTextValue>
  </TextCorrectedLine>
</TextCorrectedBlock>
<TextCorrectedBlock pageOID="AL19040902.1.1" blockID="P1_TB00052" userID="[redacted]">
  <TextCorrectedLine lineID="P1_TL00347">
    <OldTextValue>Is old remember there may be some</OldTextValue>
    <NewTextValue>is old remember there may be some</NewTextValue>
  </TextCorrectedLine>
</TextCorrectedBlock>
<TextCorrectedBlock pageOID="AL19040902.1.1" blockID="P1_CB00003" userID="[redacted]">
  <TextCorrectedLine lineID="P1_TL00749">
    <OldTextValue>% for Health</OldTextValue>
    <NewTextValue>Try for Health</NewTextValue>
  </TextCorrectedLine>
  <TextCorrectedLine lineID="P1_TL00751">
    <OldTextValue>Chicago, 111., Oct. 7, 1902.</OldTextValue>
    <NewTextValue>Chicago, Ill., Oct. 7, 1902.</NewTextValue>
  </TextCorrectedLine>
  <TextCorrectedLine lineID="P1_TL00752">
    <OldTextValue>Eight months ago I iras so ill</OldTextValue>
    <NewTextValue>Eight months ago I was so ill</NewTextValue>
  </TextCorrectedLine>
  <TextCorrectedLine lineID="P1_TL00754">
    <OldTextValue>down nearly au the time. My</OldTextValue>
    <NewTextValue>down nearly all the time. My</NewTextValue>
  </TextCorrectedLine>
  <TextCorrectedLine lineID="P1_TL00760">
    <OldTextValue>my throat ana lungs were raw</OldTextValue>
    <NewTextValue>my throat and lungs were raw</NewTextValue>
  </TextCorrectedLine>
  <TextCorrectedLine lineID="P1_TL00762">
    <OldTextValue>nounced it Bright 'fl disease and</OldTextValue>
    <NewTextValue>nounced it Bright's disease and</NewTextValue>
  </TextCorrectedLine>
  <TextCorrectedLine lineID="P1_TL00766">
    <OldTextValue>sire to lire. Asister visited me</OldTextValue>
    <NewTextValue>sire to live. A sister visited me</NewTextValue>
  </TextCorrectedLine>
</TextCorrectedBlock>
<TextCorrectedBlock pageOID="AL19040902.1.1" blockID="P1_CB00003" userID="[redacted]">
  <TextCorrectedLine lineID="P1_TL00770">
    <OldTextValue>bought a bottle. ■ I believe that</OldTextValue>
    <NewTextValue>bought a bottle.  I believe that</NewTextValue>
  </TextCorrectedLine>
  <TextCorrectedLine lineID="P1_TL00776">
    <OldTextValue>and make one supreme effort to "</OldTextValue>
    <NewTextValue>and make one supreme effort to</NewTextValue>
  </TextCorrectedLine>
  <TextCorrectedLine lineID="P1_TL00784">
    <OldTextValue>WINE'CftBDUI</OldTextValue>
    <NewTextValue>WINE of CARDUI</NewTextValue>
  </TextCorrectedLine>
</TextCorrectedBlock>
<TextCorrectedBlock pageOID="AL19040902.1.1" blockID="P1_CB00003" userID="[redacted]">
  <TextCorrectedLine lineID="P1_TL00780">
    <OldTextValue>do a woman's work in life. Wljy</OldTextValue>
    <NewTextValue>do a woman's work in life. Why</NewTextValue>
  </TextCorrectedLine>
</TextCorrectedBlock>
<TextCorrectedBlock pageOID="AL19040902.1.1" blockID="P1_CB00007" userID="[redacted]">
  <TextCorrectedLine lineID="P1_TL01008">
    <OldTextValue>•••••••••••••••••••••••••a</OldTextValue>
    <NewTextValue></NewTextValue>
  </TextCorrectedLine>
  <TextCorrectedLine lineID="P1_TL01009">
    <OldTextValue>: Mortimer :</OldTextValue>
    <NewTextValue>Mortimer</NewTextValue>
  </TextCorrectedLine>
  <TextCorrectedLine lineID="P1_TL01010">
    <OldTextValue>• The Painter •</OldTextValue>
    <NewTextValue>The Painter</NewTextValue>
  </TextCorrectedLine>
  <TextCorrectedLine lineID="P1_TL01011">
    <OldTextValue>• Is prepared to do all kinds of »</OldTextValue>
    <NewTextValue>Is prepared to do all kinds of</NewTextValue>
  </TextCorrectedLine>
  <TextCorrectedLine lineID="P1_TL01012">
    <OldTextValue>• House, Sign and Carriage •</OldTextValue>
    <NewTextValue>House, Sign and Carriage</NewTextValue>
  </TextCorrectedLine>
  <TextCorrectedLine lineID="P1_TL01013">
    <OldTextValue>• Painting. •</OldTextValue>
    <NewTextValue>Painting.</NewTextValue>
  </TextCorrectedLine>
  <TextCorrectedLine lineID="P1_TL01014">
    <OldTextValue>• PAPER HANGING, ETC. •</OldTextValue>
    <NewTextValue>PAPER HANGING, ETC.</NewTextValue>
  </TextCorrectedLine>
  <TextCorrectedLine lineID="P1_TL01015">
    <OldTextValue>• In rear of Bank - - Jackson, Cal. •</OldTextValue>
    <NewTextValue>In rear of Bank - - Jackson, Cal.</NewTextValue>
  </TextCorrectedLine>
</TextCorrectedBlock>
<TextCorrectedBlock pageOID="AL19040902.1.1" blockID="P1_CB00004" userID="[redacted]">
  <TextCorrectedLine lineID="P1_TL00804">
    <OldTextValue>vnd gives the child growing</OldTextValue>
    <NewTextValue>and gives the child growing</NewTextValue>
  </TextCorrectedLine>
  <TextCorrectedLine lineID="P1_TL00812">
    <OldTextValue>.soc. and $1.00 ; all druggists.</OldTextValue>
    <NewTextValue>50c. and $1.00 ; all druggists.</NewTextValue>
  </TextCorrectedLine>
  <TextCorrectedLine lineID="P1_TL00814">
    <OldTextValue>I I Jackson,</OldTextValue>
    <NewTextValue>Jackson,</NewTextValue>
  </TextCorrectedLine>
  <TextCorrectedLine lineID="P1_TL00815">
    <OldTextValue>• Amador Co.</OldTextValue>
    <NewTextValue>Amador Co.</NewTextValue>
  </TextCorrectedLine>
  <TextCorrectedLine lineID="P1_TL00817">
    <OldTextValue>RECULAR ME.ALS 28 CTS-</OldTextValue>
    <NewTextValue>RECULAR MEALS 25 CTS-</NewTextValue>
  </TextCorrectedLine>
  <TextCorrectedLine lineID="P1_TL00820">
    <OldTextValue>Frank Simcich - - 4eW - ♦ Prop</OldTextValue>
    <NewTextValue>Frank Simcich - -  Prop         je19</NewTextValue>
  </TextCorrectedLine>
</TextCorrectedBlock>
