<TextCorrectedBlock pageOID="AL19080515.1.1" blockID="P1_CB00002" userID="[redacted]">
  <TextCorrectedLine lineID="P1_TL00481">
    <OldTextValue>LADIES' •;;■</OldTextValue>
    <NewTextValue>LADIES'</NewTextValue>
  </TextCorrectedLine>
  <TextCorrectedLine lineID="P1_TL00483">
    <OldTextValue>■ • '■■■.</OldTextValue>
    <NewTextValue></NewTextValue>
  </TextCorrectedLine>
  <TextCorrectedLine lineID="P1_TL00484">
    <OldTextValue>■ ■</OldTextValue>
    <NewTextValue></NewTextValue>
  </TextCorrectedLine>
  <TextCorrectedLine lineID="P1_TL00485">
    <OldTextValue>• ■■ .—i tvia.tik.-n««iw</OldTextValue>
    <NewTextValue></NewTextValue>
  </TextCorrectedLine>
  <TextCorrectedLine lineID="P1_TL00488">
    <OldTextValue>..,,,..:, »,,*' ■••■■■•■</OldTextValue>
    <NewTextValue></NewTextValue>
  </TextCorrectedLine>
</TextCorrectedBlock>
<TextCorrectedBlock pageOID="AL19080515.1.2" blockID="P2_CB00002" userID="[redacted]">
  <TextCorrectedLine lineID="P2_TL00322">
    <OldTextValue>PSi^k _ -_JM!M^™!W For Infants and Children.</OldTextValue>
    <NewTextValue>CASTORIA  900 drops    For Infants and Children.</NewTextValue>
  </TextCorrectedLine>
  <TextCorrectedLine lineID="P2_TL00323">
    <OldTextValue>H MSli^il he ou Have</OldTextValue>
    <NewTextValue>The Kind You Have</NewTextValue>
  </TextCorrectedLine>
  <TextCorrectedLine lineID="P2_TL00324">
    <OldTextValue>ffe fefrw-.v:;:.--Wlfl Alwav&lt;s Rfiiipht</OldTextValue>
    <NewTextValue>Always Bought</NewTextValue>
  </TextCorrectedLine>
  <TextCorrectedLine lineID="P2_TL00325">
    <OldTextValue>■BWf ; ;?^f hi if ajo Duugiii</OldTextValue>
    <NewTextValue>CASTORIA</NewTextValue>
  </TextCorrectedLine>
  <TextCorrectedLine lineID="P2_TL00326">
    <OldTextValue>\*'«fls i'l ALCOHOL 3 PER CENT. M</OldTextValue>
    <NewTextValue>ALCOHOL 3 PER CENT.</NewTextValue>
  </TextCorrectedLine>
  <TextCorrectedLine lineID="P2_TL00327">
    <OldTextValue>M^'k AVegetabtePrcparartonfoMs- Ts««^« 4."U«« # *</OldTextValue>
    <NewTextValue>Vegetabte Preparation for As-</NewTextValue>
  </TextCorrectedLine>
  <TextCorrectedLine lineID="P2_TL00328">
    <OldTextValue>PyiNj slmilaiiiifJilicFboJanilßediir JjOdXS IJIO # A y \ m</OldTextValue>
    <NewTextValue>similating the Food and regula-</NewTextValue>
  </TextCorrectedLine>
  <TextCorrectedLine lineID="P2_TL00329">
    <OldTextValue>illl BMfflgHBM Signature /AM</OldTextValue>
    <NewTextValue>ting the Stomachs and Bowels of Infants and Children</NewTextValue>
  </TextCorrectedLine>
  <TextCorrectedLine lineID="P2_TL00330">
    <OldTextValue>Mimi Promotes DigestionJCltectfi;l ■nf jfft*\\j</OldTextValue>
    <NewTextValue>Promotes Digestion Cheerful-</NewTextValue>
  </TextCorrectedLine>
  <TextCorrectedLine lineID="P2_TL00331">
    <OldTextValue>ill! i ness and Itestrontalnsneiiftcr v .' #V\«m^</OldTextValue>
    <NewTextValue>ness and Rest. Contains neither</NewTextValue>
  </TextCorrectedLine>
  <TextCorrectedLine lineID="P2_TL00332">
    <OldTextValue>ISgi i Opiuni.Morphinc norMiaeral. ftiuMll</OldTextValue>
    <NewTextValue>Opium, Morphine nor Mineral.</NewTextValue>
  </TextCorrectedLine>
  <TextCorrectedLine lineID="P2_TL00333">
    <OldTextValue>gSj I; Not Narcotic, j % All/</OldTextValue>
    <NewTextValue>Not Narcotic,</NewTextValue>
  </TextCorrectedLine>
  <TextCorrectedLine lineID="P2_TL00336">
    <OldTextValue>PI is^^j mJ, Use</OldTextValue>
    <NewTextValue>In  Use For Over Thirty Years</NewTextValue>
  </TextCorrectedLine>
  <TextCorrectedLine lineID="P2_TL00337">
    <OldTextValue>Piw^'i Apetfect Remedy for Conslipa- I 1«K</OldTextValue>
    <NewTextValue>A petfect Remedy for Conslipa-</NewTextValue>
  </TextCorrectedLine>
  <TextCorrectedLine lineID="P2_TL00338">
    <OldTextValue>llftftj tion,Soui-Stoir.adi,l)larrlioca 1 |f^ in !!.--.„</OldTextValue>
    <NewTextValue>tion,Sour-Stomach, Diarrhoea</NewTextValue>
  </TextCorrectedLine>
</TextCorrectedBlock>
<TextCorrectedBlock pageOID="AL19080515.1.2" blockID="P2_CB00002" userID="[redacted]">
  <TextCorrectedLine lineID="P2_TL00339">
    <OldTextValue>li3g^«'i- Worms.Coi\vulsions.Fpvcnslv \ ffl pflf 1 1 If PIT</OldTextValue>
    <NewTextValue>Worms.Convulsions. Feverishness and Loss of Sleep</NewTextValue>
  </TextCorrectedLine>
  <TextCorrectedLine lineID="P2_TL00340">
    <OldTextValue>i) W! Thirty Years</OldTextValue>
    <NewTextValue>Facsimile Signature of</NewTextValue>
  </TextCorrectedLine>
</TextCorrectedBlock>
