<TextCorrectedBlock pageOID="AL19090514.1.2" blockID="P2_CB00002" userID="[redacted]">
  <TextCorrectedLine lineID="P2_TL00228">
    <OldTextValue>— OPi 1</OldTextValue>
    <NewTextValue>OF</NewTextValue>
  </TextCorrectedLine>
  <TextCorrectedLine lineID="P2_TL00230">
    <OldTextValue>vej-s by D. C. CARLTON, showing</OldTextValue>
    <NewTextValue>veys by D. C. CARLTON, showing</NewTextValue>
  </TextCorrectedLine>
  <TextCorrectedLine lineID="P2_TL00231">
    <OldTextValue>township nnd school district</OldTextValue>
    <NewTextValue>township and school district bound-</NewTextValue>
  </TextCorrectedLine>
  <TextCorrectedLine lineID="P2_TL00232">
    <OldTextValue>nrfes, ownership of all lnnds according</OldTextValue>
    <NewTextValue>aries, ownership of all lands according</NewTextValue>
  </TextCorrectedLine>
  <TextCorrectedLine lineID="P2_TL00233">
    <OldTextValue>to assessment roll of 1004, mineral</OldTextValue>
    <NewTextValue>to assessment roll of 1904, mineral</NewTextValue>
  </TextCorrectedLine>
  <TextCorrectedLine lineID="P2_TL00235">
    <OldTextValue>houses; also a townsito mnp of prlncU</OldTextValue>
    <NewTextValue>houses; also a townsite map of prlnci-</NewTextValue>
  </TextCorrectedLine>
  <TextCorrectedLine lineID="P2_TL00236">
    <OldTextValue>pal towns, namely Jackson, Suttcr</OldTextValue>
    <NewTextValue>pal towns, namely Jackson, Sutter</NewTextValue>
  </TextCorrectedLine>
  <TextCorrectedLine lineID="P2_TL00237">
    <OldTextValue>Creek, lone, Araatlor City, Drytown,</OldTextValue>
    <NewTextValue>Creek, lone, Amador City, Drytown,</NewTextValue>
  </TextCorrectedLine>
  <TextCorrectedLine lineID="P2_TL00239">
    <OldTextValue>Slzo 6 by 3{ feet</OldTextValue>
    <NewTextValue>Slze 6 by 3-1/2 feet</NewTextValue>
  </TextCorrectedLine>
  <TextCorrectedLine lineID="P2_TL00245">
    <OldTextValue>| The F. THOMAS'</OldTextValue>
    <NewTextValue>The F. THOMAS</NewTextValue>
  </TextCorrectedLine>
  <TextCorrectedLine lineID="P2_TL00258">
    <OldTextValue>travelei'9.</OldTextValue>
    <NewTextValue>travelers.</NewTextValue>
  </TextCorrectedLine>
  <TextCorrectedLine lineID="P2_TL00260">
    <OldTextValue>• Terms reasonable. .jnol</OldTextValue>
    <NewTextValue>Terms reasonable.</NewTextValue>
  </TextCorrectedLine>
  <TextCorrectedLine lineID="P2_TL00261">
    <OldTextValue>Globe Hotel!</OldTextValue>
    <NewTextValue>Globe Hotel</NewTextValue>
  </TextCorrectedLine>
  <TextCorrectedLine lineID="P2_TL00262">
    <OldTextValue>I 't~~ ' W ■■"■""] j ;</OldTextValue>
    <NewTextValue></NewTextValue>
  </TextCorrectedLine>
  <TextCorrectedLine lineID="P2_TL00263">
    <OldTextValue>J J NEW MANAGEMENT. &lt; [</OldTextValue>
    <NewTextValue>NEW MANAGEMENT.</NewTextValue>
  </TextCorrectedLine>
  <TextCorrectedLine lineID="P2_TL00264">
    <OldTextValue>I! MRS. ANNIE HUHST....Prop'r \\</OldTextValue>
    <NewTextValue>MRS. ANNIE HURST....Prop'r</NewTextValue>
  </TextCorrectedLine>
  <TextCorrectedLine lineID="P2_TL00265">
    <OldTextValue>! ; ; : ■ '**' ! ;</OldTextValue>
    <NewTextValue></NewTextValue>
  </TextCorrectedLine>
  <TextCorrectedLine lineID="P2_TL00266">
    <OldTextValue>I; Board and Lodging ;;</OldTextValue>
    <NewTextValue>Board and Lodging</NewTextValue>
  </TextCorrectedLine>
  <TextCorrectedLine lineID="P2_TL00267">
    <OldTextValue>\ I AT REASONABLE RATES. J |</OldTextValue>
    <NewTextValue>AT REASONABLE RATES.</NewTextValue>
  </TextCorrectedLine>
  <TextCorrectedLine lineID="P2_TL00268">
    <OldTextValue>O i &gt;</OldTextValue>
    <NewTextValue></NewTextValue>
  </TextCorrectedLine>
  <TextCorrectedLine lineID="P2_TL00269">
    <OldTextValue>\ ', Sample Rooms for Comirter- ', ',</OldTextValue>
    <NewTextValue>Sample Rooms for Commer-</NewTextValue>
  </TextCorrectedLine>
  <TextCorrectedLine lineID="P2_TL00270">
    <OldTextValue>! ', c!al Travelers. 1 !</OldTextValue>
    <NewTextValue>cial Travelers.</NewTextValue>
  </TextCorrectedLine>
  <TextCorrectedLine lineID="P2_TL00271">
    <OldTextValue>' ' All Stages stop at this hotel. « &gt;</OldTextValue>
    <NewTextValue>All Stages stop at this hotel.</NewTextValue>
  </TextCorrectedLine>
  <TextCorrectedLine lineID="P2_TL00272">
    <OldTextValue>! JACKSON CAL. ii</OldTextValue>
    <NewTextValue>JACKSON  .....  CAL.</NewTextValue>
  </TextCorrectedLine>
  <TextCorrectedLine lineID="P2_TL00273">
    <OldTextValue>?♦♦♦»♦»♦»»♦♦»•♦♦♦♦»♦»♦♦♦♦♦</OldTextValue>
    <NewTextValue></NewTextValue>
  </TextCorrectedLine>
  <TextCorrectedLine lineID="P2_TL00277">
    <OldTextValue>Wi nes * Liquors* Ciga rs</OldTextValue>
    <NewTextValue>Wines *  Liquors * Cigars</NewTextValue>
  </TextCorrectedLine>
  <TextCorrectedLine lineID="P2_TL00279">
    <OldTextValue>PVISTRIBUTINO AOENTS FOR J. F. MAR.</OldTextValue>
    <NewTextValue>DISTRIBUTING AGENTS FOR J. F. MAR.</NewTextValue>
  </TextCorrectedLine>
  <TextCorrectedLine lineID="P2_TL00280">
    <OldTextValue>IJ toll Cuftiuc, Moot AChuudon. White Sea.l</OldTextValue>
    <NewTextValue>te Cognac, Moet &amp; Chuudon. White Sea</NewTextValue>
  </TextCorrectedLine>
  <TextCorrectedLine lineID="P2_TL00281">
    <OldTextValue>aud Private Cuvee Champagne; Moi'kiiu Mros.</OldTextValue>
    <NewTextValue>and Private Cuvee Champagne; Morgan Bros.</NewTextValue>
  </TextCorrectedLine>
  <TextCorrectedLine lineID="P2_TL00284">
    <OldTextValue>Uordeaux, Clarets and Suuternes ; CANADIAN</OldTextValue>
    <NewTextValue>Bordeaux, Clarets and Sauternes ; CANADIAN</NewTextValue>
  </TextCorrectedLine>
  <TextCorrectedLine lineID="P2_TL00285">
    <OldTextValue>CLUB WHISKY. Hiram Walker &amp; Sods, Lim-</OldTextValue>
    <NewTextValue>CLUB WHISKY. Hiram Walker &amp; Sons, Lim-</NewTextValue>
  </TextCorrectedLine>
  <TextCorrectedLine lineID="P2_TL00294">
    <OldTextValue>Wbfiklei</OldTextValue>
    <NewTextValue>Whiskies</NewTextValue>
  </TextCorrectedLine>
  <TextCorrectedLine lineID="P2_TL00298">
    <OldTextValue>Has on hand a full lino of Harness</OldTextValue>
    <NewTextValue>Has on hand a full line of Harness</NewTextValue>
  </TextCorrectedLine>
  <TextCorrectedLine lineID="P2_TL00299">
    <OldTextValue>and Ilardess Fixtures, Saddles,</OldTextValue>
    <NewTextValue>and Hardes Fixtures, Saddles,</NewTextValue>
  </TextCorrectedLine>
  <TextCorrectedLine lineID="P2_TL00300">
    <OldTextValue>Bridles and Robes. Duties</OldTextValue>
    <NewTextValue>Bridles and Robes. Buggies</NewTextValue>
  </TextCorrectedLine>
  <TextCorrectedLine lineID="P2_TL00301">
    <OldTextValue>an:. Carriage tops mado</OldTextValue>
    <NewTextValue>and Carriage tops made</NewTextValue>
  </TextCorrectedLine>
  <TextCorrectedLine lineID="P2_TL00302">
    <OldTextValue>to order,</OldTextValue>
    <NewTextValue>to order.</NewTextValue>
  </TextCorrectedLine>
  <TextCorrectedLine lineID="P2_TL00303">
    <OldTextValue>Also has on hand a lino of</OldTextValue>
    <NewTextValue>Also has on hand a line of</NewTextValue>
  </TextCorrectedLine>
  <TextCorrectedLine lineID="P2_TL00304">
    <OldTextValue>that well known und thoiv</OldTextValue>
    <NewTextValue>that well known and thor-</NewTextValue>
  </TextCorrectedLine>
  <TextCorrectedLine lineID="P2_TL00305">
    <OldTextValue>uglily tried BAKER &amp;</OldTextValue>
    <NewTextValue>ughly tried BAKER &amp;</NewTextValue>
  </TextCorrectedLine>
</TextCorrectedBlock>
<TextCorrectedBlock pageOID="AL19090514.1.3" blockID="P3_TB00011" userID="[redacted]">
  <TextCorrectedLine lineID="P3_TL00054">
    <OldTextValue>Amador county comprises nn area of</OldTextValue>
    <NewTextValue>Amador county comprises an area of</NewTextValue>
  </TextCorrectedLine>
  <TextCorrectedLine lineID="P3_TL00057">
    <OldTextValue>nnd emoraces within it? erritory nil</OldTextValue>
    <NewTextValue>and embraces within its territory all</NewTextValue>
  </TextCorrectedLine>
  <TextCorrectedLine lineID="P3_TL00058">
    <OldTextValue>the divorslty of valley loothill, and</OldTextValue>
    <NewTextValue>the diverslty of valley foothill, and</NewTextValue>
  </TextCorrectedLine>
  <TextCorrectedLine lineID="P3_TL00059">
    <OldTextValue>high mountainous lunds.</OldTextValue>
    <NewTextValue>high mountainous lands.</NewTextValue>
  </TextCorrectedLine>
  <TextCorrectedLine lineID="P3_TL00060">
    <OldTextValue>Climate.— Tho climate of tho popu-</OldTextValue>
    <NewTextValue>Climate.— The climate of tho popu-</NewTextValue>
  </TextCorrectedLine>
  <TextCorrectedLine lineID="P3_TL00061">
    <OldTextValue>lous portions of the county is as gonlal</OldTextValue>
    <NewTextValue>lous portions of the county is as genlal</NewTextValue>
  </TextCorrectedLine>
  <TextCorrectedLine lineID="P3_TL00062">
    <OldTextValue>and healthful as can be found anywhero</OldTextValue>
    <NewTextValue>and healthful as can be found anywhere</NewTextValue>
  </TextCorrectedLine>
  <TextCorrectedLine lineID="P3_TL00063">
    <OldTextValue>Id California. As climate is one of the</OldTextValue>
    <NewTextValue>in California. As climate is one of the</NewTextValue>
  </TextCorrectedLine>
  <TextCorrectedLine lineID="P3_TL00068">
    <OldTextValue>time, when Its climatic advantages are</OldTextValue>
    <NewTextValue>time, when its climatic advantages are</NewTextValue>
  </TextCorrectedLine>
  <TextCorrectedLine lineID="P3_TL00071">
    <OldTextValue>only for those In less favored states,</OldTextValue>
    <NewTextValue>only for those in less favored states,</NewTextValue>
  </TextCorrectedLine>
  <TextCorrectedLine lineID="P3_TL00072">
    <OldTextValue>' but for the residents ot other parts of</OldTextValue>
    <NewTextValue>but for the residents ot other parts of</NewTextValue>
  </TextCorrectedLine>
  <TextCorrectedLine lineID="P3_TL00073">
    <OldTextValue>• California. 'The tomporaturo alono tho</OldTextValue>
    <NewTextValue>California. The temperature alone the</NewTextValue>
  </TextCorrectedLine>
  <TextCorrectedLine lineID="P3_TL00075">
    <OldTextValue>degrees above zero In winter, nnd as</OldTextValue>
    <NewTextValue>degrees above zero In winter, and as</NewTextValue>
  </TextCorrectedLine>
  <TextCorrectedLine lineID="P3_TL00076">
    <OldTextValue>rarely rises lo 100 degrees in the sum-</OldTextValue>
    <NewTextValue>rarely rises to 100 degrees in the sum-</NewTextValue>
  </TextCorrectedLine>
  <TextCorrectedLine lineID="P3_TL00077">
    <OldTextValue>mer. Snow seldom falls In th 6 settled</OldTextValue>
    <NewTextValue>mer. Snow seldom falls in the settled</NewTextValue>
  </TextCorrectedLine>
  <TextCorrectedLine lineID="P3_TL00079">
    <OldTextValue>p round for more than a few hours. Of</OldTextValue>
    <NewTextValue>ground for more than a few hours. Of</NewTextValue>
  </TextCorrectedLine>
  <TextCorrectedLine lineID="P3_TL00080">
    <OldTextValue>■ courso, In the high mountain regions</OldTextValue>
    <NewTextValue>course, in the high mountain regions</NewTextValue>
  </TextCorrectedLine>
  <TextCorrectedLine lineID="P3_TL00081">
    <OldTextValue>-of eastern AraUdor the snowfall Is very</OldTextValue>
    <NewTextValue>of eastern Amador the snowfall is very</NewTextValue>
  </TextCorrectedLine>
  <TextCorrectedLine lineID="P3_TL00082">
    <OldTextValue>heavy — which is characteristic of tho</OldTextValue>
    <NewTextValue>heavy — which is characteristic of the</NewTextValue>
  </TextCorrectedLine>
  <TextCorrectedLine lineID="P3_TL00083">
    <OldTextValue>-entiro Sierra Nevada range. The sum-</OldTextValue>
    <NewTextValue>-entire Sierra Nevada range. The sum-</NewTextValue>
  </TextCorrectedLine>
  <TextCorrectedLine lineID="P3_TL00085">
    <OldTextValue>•cool nights; permitting of sound, re-</OldTextValue>
    <NewTextValue>cool nights; permitting of sound, re-</NewTextValue>
  </TextCorrectedLine>
  <TextCorrectedLine lineID="P3_TL00092">
    <OldTextValue>cipally'for her quartz mines. Tho</OldTextValue>
    <NewTextValue>cipally 'for her quartz mines. The</NewTextValue>
  </TextCorrectedLine>
  <TextCorrectedLine lineID="P3_TL00094">
    <OldTextValue>cated here. The Kennedy mine Is now</OldTextValue>
    <NewTextValue>cated here. The Kennedy mine is now</NewTextValue>
  </TextCorrectedLine>
  <TextCorrectedLine lineID="P3_TL00096">
    <OldTextValue>•quartz extracted from a depth of over</OldTextValue>
    <NewTextValue>quartz extracted from a depth of over</NewTextValue>
  </TextCorrectedLine>
  <TextCorrectedLine lineID="P3_TL00098">
    <OldTextValue>indication that th.o pay-ore extends to</OldTextValue>
    <NewTextValue>indication that the pay-ore extends to</NewTextValue>
  </TextCorrectedLine>
  <TextCorrectedLine lineID="P3_TL00103">
    <OldTextValue>mines are still yielding at tho rate of</OldTextValue>
    <NewTextValue>mines are still yielding at the rate of</NewTextValue>
  </TextCorrectedLine>
  <TextCorrectedLine lineID="P3_TL00106">
    <OldTextValue>. eight or ten mines operating on what</OldTextValue>
    <NewTextValue>eight or ten mines operating on what</NewTextValue>
  </TextCorrectedLine>
  <TextCorrectedLine lineID="P3_TL00115">
    <OldTextValue>maiu gold belt, is far in excess of tho</OldTextValue>
    <NewTextValue>main gold belt, is far in excess of the</NewTextValue>
  </TextCorrectedLine>
  <TextCorrectedLine lineID="P3_TL00117">
    <OldTextValue>•or prospected. The county offers to-</OldTextValue>
    <NewTextValue>or prospected. The county offers to-</NewTextValue>
  </TextCorrectedLine>
  <TextCorrectedLine lineID="P3_TL00118">
    <OldTextValue>day ono of the most inviting fields to</OldTextValue>
    <NewTextValue>day one of the most inviting fields to</NewTextValue>
  </TextCorrectedLine>
  <TextCorrectedLine lineID="P3_TL00120">
    <OldTextValue>• investment of capital in the fascinating</OldTextValue>
    <NewTextValue>investment of capital in the fascinating</NewTextValue>
  </TextCorrectedLine>
  <TextCorrectedLine lineID="P3_TL00121">
    <OldTextValue>' business of gold mining, not alone along</OldTextValue>
    <NewTextValue>business of gold mining, not alone along</NewTextValue>
  </TextCorrectedLine>
  <TextCorrectedLine lineID="P3_TL00122">
    <OldTextValue>tho mother lode, but also in tho almost</OldTextValue>
    <NewTextValue>the mother lode, but also in the almost</NewTextValue>
  </TextCorrectedLine>
  <TextCorrectedLine lineID="P3_TL00127">
    <OldTextValue>posits of pottery, coal, imarbe, slate,</OldTextValue>
    <NewTextValue>posits of pottery, coal, marbe, slate,</NewTextValue>
  </TextCorrectedLine>
  <TextCorrectedLine lineID="P3_TL00138">
    <OldTextValue>is practicable along tho numerous water</OldTextValue>
    <NewTextValue>is practicable along the numerous water</NewTextValue>
  </TextCorrectedLine>
  <TextCorrectedLine lineID="P3_TL00139">
    <OldTextValue>•courses. Furtherupin the mountains,</OldTextValue>
    <NewTextValue>courses. Further up in the mountains,</NewTextValue>
  </TextCorrectedLine>
  <TextCorrectedLine lineID="P3_TL00146">
    <OldTextValue>Grape culture and wlnemaking are</OldTextValue>
    <NewTextValue>Grape culture and winemaking are</NewTextValue>
  </TextCorrectedLine>
  <TextCorrectedLine lineID="P3_TL00147">
    <OldTextValue>•becoming important industries, both</OldTextValue>
    <NewTextValue>becoming important industries, both</NewTextValue>
  </TextCorrectedLine>
  <TextCorrectedLine lineID="P3_TL00148">
    <OldTextValue>tho grapes and wine commanding a</OldTextValue>
    <NewTextValue>the grapes and wine commanding a</NewTextValue>
  </TextCorrectedLine>
</TextCorrectedBlock>
